4000, 20500, 1, 0, 0
5002, 54729, 1, 0, 0
6004, 53450, 1, 0, 0
7005, 51148, 1, 0, 0
8006, 61378, 1, 0, 0
9007, 53706, 1, 0, 0
10008, 50432, 1, 0, 0
11008, 56064, 1, 0, 0
12007, 59963, 1, 0, 0
13008, 61184, 1, 0, 0
14008, 52736, 1, 0, 0
15007, 46894, 1, 0, 0
16006, 65601, 1, 0, 0
17005, 56120, 1, 0, 0
18005, 51507, 1, 0, 0
19004, 61757, 1, 0, 0
20005, 50893, 1, 0, 0
21006, 58565, 1, 0, 0
22007, 56007, 1, 0, 0
23008, 60416, 1, 0, 0
24008, 63807, 1, 0, 0
25007, 54838, 1, 0, 0
26008, 58368, 1, 0, 0
27008, 52020, 1, 0, 0
28008, 48944, 1, 0, 0
29008, 52480, 1, 0, 0
30008, 64320, 1, 0, 0
31007, 49969, 1, 0, 0
32008, 71424, 1, 0, 0
33008, 57913, 1, 0, 0
34008, 50994, 1, 0, 0
35008, 55863, 1, 0, 0
36008, 60416, 1, 0, 0
37008, 56120, 1, 0, 0
38008, 63295, 1, 0, 0
39008, 51712, 1, 0, 0
40008, 60732, 1, 0, 0
41008, 68420, 1, 0, 0
42008, 46382, 1, 0, 0
43008, 57344, 1, 0, 0
44008, 62270, 1, 0, 0
45008, 54070, 1, 0, 0
46008, 55607, 1, 0, 0
47008, 45568, 1, 0, 0
48008, 58170, 1, 0, 0
49008, 62782, 1, 0, 0
50008, 57856, 1, 0, 0
51008, 59451, 1, 0, 0
52008, 53813, 1, 0, 0
53008, 55808, 1, 0, 0
54008, 53557, 1, 0, 0
55008, 54582, 1, 0, 0
56008, 57856, 1, 0, 0
57008, 51507, 1, 0, 0
58008, 46638, 1, 0, 0
59008, 52224, 1, 0, 0
60008, 45869, 1, 0, 0
61008, 64064, 1, 0, 0
62008, 56832, 1, 0, 0
63008, 48176, 1, 0, 0
64008, 55351, 1, 0, 0
65008, 54528, 1, 0, 0
66008, 56888, 1, 0, 0
67008, 55351, 1, 0, 0
68008, 48384, 1, 0, 0
69008, 53813, 1, 0, 0
70008, 54070, 1, 0, 0
71008, 58624, 1, 0, 0
72008, 55607, 1, 0, 0
73008, 51251, 1, 0, 0
74008, 49713, 1, 0, 0
75008, 63488, 1, 0, 0
76008, 57657, 1, 0, 0
77008, 47919, 1, 0, 0
78008, 57856, 1, 0, 0
79008, 44076, 1, 0, 0
80008, 49969, 1, 0, 0
81008, 56320, 1, 0, 0
82008, 48944, 1, 0, 0
83008, 63039, 1, 0, 0
84008, 53760, 1, 0, 0
85008, 67395, 1, 0, 0
86008, 55351, 1, 0, 0
87008, 50688, 1, 0, 0
88008, 53045, 1, 0, 0
89008, 50482, 1, 0, 0
90008, 50944, 1, 0, 0
91008, 56888, 1, 0, 0
92008, 60220, 1, 0, 0
93008, 60220, 1, 0, 0
94008, 56832, 1, 0, 0
95008, 57913, 1, 0, 0
96008, 44844, 1, 0, 0
97008, 52788, 1, 0, 0
98008, 49152, 1, 0, 0
99008, 48176, 1, 0, 0
100008, 58682, 1, 0, 0
101008, 53760, 1, 0, 0
102008, 57657, 1, 0, 0
103008, 62270, 1, 0, 0
104008, 50176, 1, 0, 0
105008, 55351, 1, 0, 0
106008, 61757, 1, 0, 0
107008, 50994, 1, 0, 0
108009, 46336, 1, 0, 0
109008, 53557, 1, 0, 0
110008, 49201, 1, 0, 0
111008, 63551, 1, 0, 0
112008, 40448, 1, 0, 0
113008, 53813, 1, 0, 0
114008, 49713, 1, 0, 0
115008, 51456, 1, 0, 0
116008, 53045, 1, 0, 0
117008, 54838, 1, 0, 0
118008, 51507, 1, 0, 0
119008, 55296, 1, 0, 0
120008, 50994, 1, 0, 0
121008, 48944, 1, 0, 0
122008, 50944, 1, 0, 0
123008, 53813, 1, 0, 0
124008, 51507, 1, 0, 0
125008, 54326, 1, 0, 0
126008, 57344, 1, 0, 0
127008, 55351, 1, 0, 0
128008, 63039, 1, 0, 0
129008, 56376, 1, 0, 0
130008, 46592, 1, 0, 0
131008, 53301, 1, 0, 0
132008, 47919, 1, 0, 0
133008, 58170, 1, 0, 0
134008, 48896, 1, 0, 0
135008, 45357, 1, 0, 0
136008, 55095, 1, 0, 0
137008, 50482, 1, 0, 0
138008, 61757, 1, 0, 0
139008, 65536, 1, 0, 0
140008, 55351, 1, 0, 0
141008, 59451, 1, 0, 0
142008, 66882, 1, 0, 0
143008, 53248, 1, 0, 0
144008, 55863, 1, 0, 0
145008, 57913, 1, 0, 0
146008, 52736, 1, 0, 0
147008, 54326, 1, 0, 0
148008, 58426, 1, 0, 0
149008, 58682, 1, 0, 0
150008, 43264, 1, 0, 0
151008, 56376, 1, 0, 0
152008, 58938, 1, 0, 0
153008, 51456, 1, 0, 0
154008, 49457, 1, 0, 0
155008, 60476, 1, 0, 0
156008, 49664, 1, 0, 0
157008, 50738, 1, 0, 0
158008, 65345, 1, 0, 0
159008, 51507, 1, 0, 0
160008, 49664, 1, 0, 0
161008, 52020, 1, 0, 0
162008, 54582, 1, 0, 0
163008, 46638, 1, 0, 0
164008, 50944, 1, 0, 0
165008, 57145, 1, 0, 0
166008, 44844, 1, 0, 0
167008, 56064, 1, 0, 0
168008, 49969, 1, 0, 0
169008, 49969, 1, 0, 0
170008, 48384, 1, 0, 0
171008, 46126, 1, 0, 0
172008, 55351, 1, 0, 0
173008, 55095, 1, 0, 0
174008, 56576, 1, 0, 0
175008, 48944, 1, 0, 0
176008, 61245, 1, 0, 0
177008, 56632, 1, 0, 0
178008, 49664, 1, 0, 0
179009, 49408, 1, 0, 0
