4000, 25881, 1, 0, 0
5000, 49969, 1, 0, 0
6001, 53962, 1, 0, 0
7003, 57030, 1, 0, 0
8004, 47056, 1, 0, 0
9005, 58565, 1, 0, 0
10005, 56832, 1, 0, 0
11006, 51456, 1, 0, 0
12005, 50994, 1, 0, 0
13005, 53504, 1, 0, 0
14006, 58368, 1, 0, 0
15005, 48432, 1, 0, 0
16004, 53557, 1, 0, 0
17003, 52788, 1, 0, 0
18002, 48688, 1, 0, 0
19002, 55095, 1, 0, 0
20003, 54729, 1, 0, 0
21004, 55496, 1, 0, 0
22005, 61634, 1, 0, 0
23006, 55040, 1, 0, 0
24006, 55607, 1, 0, 0
25005, 54582, 1, 0, 0
26006, 52224, 1, 0, 0
27006, 50226, 1, 0, 0
28005, 51763, 1, 0, 0
29006, 54784, 1, 0, 0
30005, 60988, 1, 0, 0
31005, 57913, 1, 0, 0
32006, 64256, 1, 0, 0
33006, 57145, 1, 0, 0
34005, 56632, 1, 0, 0
35005, 52276, 1, 0, 0
36006, 55808, 1, 0, 0
37006, 52020, 1, 0, 0
38006, 56120, 1, 0, 0
39006, 51200, 1, 0, 0
40006, 58170, 1, 0, 0
41006, 57401, 1, 0, 0
42005, 60220, 1, 0, 0
43006, 48128, 1, 0, 0
44006, 58170, 1, 0, 0
45006, 59195, 1, 0, 0
46005, 56376, 1, 0, 0
47006, 52480, 1, 0, 0
48006, 56632, 1, 0, 0
49005, 55863, 1, 0, 0
50006, 48896, 1, 0, 0
51006, 48432, 1, 0, 0
52005, 53557, 1, 0, 0
53006, 54528, 1, 0, 0
54006, 53301, 1, 0, 0
55005, 47407, 1, 0, 0
56006, 46080, 1, 0, 0
57006, 55863, 1, 0, 0
58005, 46638, 1, 0, 0
59006, 59136, 1, 0, 0
60006, 53301, 1, 0, 0
61005, 53813, 1, 0, 0
62006, 58368, 1, 0, 0
63006, 62270, 1, 0, 0
64005, 53301, 1, 0, 0
65006, 49408, 1, 0, 0
66006, 57913, 1, 0, 0
67005, 63295, 1, 0, 0
68006, 58112, 1, 0, 0
69006, 44076, 1, 0, 0
70005, 56376, 1, 0, 0
71006, 59648, 1, 0, 0
72006, 52532, 1, 0, 0
73006, 49457, 1, 0, 0
74005, 57401, 1, 0, 0
75006, 54784, 1, 0, 0
76006, 63295, 1, 0, 0
77005, 47151, 1, 0, 0
78006, 47360, 1, 0, 0
79006, 53813, 1, 0, 0
80005, 54582, 1, 0, 0
81006, 50688, 1, 0, 0
82006, 49457, 1, 0, 0
83005, 56888, 1, 0, 0
84006, 51712, 1, 0, 0
85006, 50994, 1, 0, 0
86005, 52788, 1, 0, 0
87006, 54784, 1, 0, 0
88006, 53557, 1, 0, 0
89005, 52276, 1, 0, 0
90006, 57088, 1, 0, 0
91006, 51763, 1, 0, 0
92006, 60220, 1, 0, 0
93005, 49969, 1, 0, 0
94006, 50944, 1, 0, 0
95006, 47407, 1, 0, 0
96006, 51251, 1, 0, 0
97005, 55351, 1, 0, 0
98006, 54272, 1, 0, 0
99006, 51251, 1, 0, 0
100005, 47151, 1, 0, 0
101006, 55808, 1, 0, 0
102006, 47663, 1, 0, 0
103006, 48944, 1, 0, 0
104006, 46592, 1, 0, 0
105006, 58938, 1, 0, 0
106006, 43307, 1, 0, 0
107006, 54582, 1, 0, 0
108006, 53760, 1, 0, 0
109006, 51507, 1, 0, 0
110006, 58682, 1, 0, 0
111005, 61501, 1, 0, 0
112006, 58368, 1, 0, 0
113006, 52532, 1, 0, 0
114006, 52276, 1, 0, 0
115006, 53760, 1, 0, 0
116006, 52276, 1, 0, 0
117006, 60732, 1, 0, 0
118006, 53045, 1, 0, 0
119006, 55040, 1, 0, 0
120006, 57401, 1, 0, 0
121006, 51507, 1, 0, 0
122006, 54528, 1, 0, 0
123006, 59963, 1, 0, 0
124006, 62526, 1, 0, 0
125005, 49713, 1, 0, 0
126006, 55808, 1, 0, 0
127006, 57145, 1, 0, 0
128006, 51251, 1, 0, 0
129005, 50738, 1, 0, 0
130006, 47360, 1, 0, 0
131006, 69701, 1, 0, 0
132006, 45869, 1, 0, 0
133005, 50226, 1, 0, 0
134006, 46080, 1, 0, 0
135006, 57401, 1, 0, 0
136006, 59451, 1, 0, 0
137005, 54838, 1, 0, 0
138005, 52276, 1, 0, 0
139006, 52736, 1, 0, 0
140006, 51251, 1, 0, 0
141006, 49969, 1, 0, 0
142005, 54838, 1, 0, 0
143006, 57856, 1, 0, 0
144006, 45357, 1, 0, 0
145005, 56120, 1, 0, 0
146006, 54272, 1, 0, 0
147006, 58170, 1, 0, 0
148006, 46126, 1, 0, 0
149005, 63039, 1, 0, 0
150006, 62208, 1, 0, 0
151006, 56376, 1, 0, 0
152005, 49457, 1, 0, 0
153006, 50176, 1, 0, 0
154006, 56120, 1, 0, 0
155006, 55095, 1, 0, 0
156006, 53760, 1, 0, 0
157006, 61501, 1, 0, 0
158006, 54838, 1, 0, 0
159005, 53301, 1, 0, 0
160006, 62464, 1, 0, 0
161006, 62526, 1, 0, 0
162006, 63551, 1, 0, 0
163005, 49713, 1, 0, 0
164006, 48128, 1, 0, 0
165006, 59963, 1, 0, 0
166005, 55863, 1, 0, 0
167006, 48128, 1, 0, 0
168006, 53045, 1, 0, 0
169006, 56888, 1, 0, 0
170006, 51200, 1, 0, 0
171006, 52532, 1, 0, 0
172006, 47919, 1, 0, 0
173005, 53045, 1, 0, 0
174006, 54528, 1, 0, 0
175006, 53045, 1, 0, 0
176006, 46894, 1, 0, 0
177005, 55095, 1, 0, 0
178006, 45056, 1, 0, 0
179006, 59904, 1, 0, 0
