4002, 40960, 1, 0, 0
5003, 43008, 1, 0, 0
6004, 45778, 1, 0, 0
7005, 54473, 1, 0, 0
8007, 58053, 1, 0, 0
9008, 54473, 1, 0, 0
10009, 54473, 1, 0, 0
11010, 55752, 1, 0, 0
12012, 54217, 1, 0, 0
13013, 54985, 1, 0, 0
14014, 48335, 1, 0, 0
15016, 47312, 1, 0, 0
16017, 51404, 1, 0, 0
17018, 55240, 1, 0, 0
18019, 58821, 1, 0, 0
19020, 59076, 1, 0, 0
20022, 49358, 1, 0, 0
21023, 51916, 1, 0, 0
22024, 62913, 1, 0, 0
23025, 45824, 1, 0, 0
24026, 49664, 1, 0, 0
25027, 61634, 1, 0, 0
26028, 51968, 1, 0, 0
27029, 48640, 1, 0, 0
28030, 61952, 1, 0, 0
29031, 61378, 1, 0, 0
30031, 49664, 1, 0, 0
31032, 49664, 1, 0, 0
32033, 49920, 1, 0, 0
33034, 60672, 1, 0, 0
34035, 47104, 1, 0, 0
35035, 63488, 1, 0, 0
36036, 57600, 1, 0, 0
37037, 59904, 1, 0, 0
38038, 56832, 1, 0, 0
39038, 47616, 1, 0, 0
40038, 57913, 1, 0, 0
41038, 56632, 1, 0, 0
42038, 43819, 1, 0, 0
43038, 49920, 1, 0, 0
44038, 60220, 1, 0, 0
45038, 56376, 1, 0, 0
46038, 44332, 1, 0, 0
47038, 59392, 1, 0, 0
48038, 60988, 1, 0, 0
49038, 50226, 1, 0, 0
50038, 55808, 1, 0, 0
51038, 59963, 1, 0, 0
52038, 57401, 1, 0, 0
53038, 57600, 1, 0, 0
54038, 43051, 1, 0, 0
55038, 46382, 1, 0, 0
56038, 50944, 1, 0, 0
57038, 60476, 1, 0, 0
58038, 62270, 1, 0, 0
59038, 54016, 1, 0, 0
60038, 53557, 1, 0, 0
61038, 52020, 1, 0, 0
62038, 64256, 1, 0, 0
63038, 49713, 1, 0, 0
64037, 56888, 1, 0, 0
65038, 56064, 1, 0, 0
66038, 67139, 1, 0, 0
67037, 57913, 1, 0, 0
68038, 52224, 1, 0, 0
69038, 55351, 1, 0, 0
70038, 59195, 1, 0, 0
71038, 60416, 1, 0, 0
72038, 58426, 1, 0, 0
73038, 60220, 1, 0, 0
74037, 59707, 1, 0, 0
75038, 58368, 1, 0, 0
76038, 46894, 1, 0, 0
77037, 60988, 1, 0, 0
78038, 54784, 1, 0, 0
79038, 50482, 1, 0, 0
80037, 54070, 1, 0, 0
81038, 54528, 1, 0, 0
82038, 54070, 1, 0, 0
83037, 47919, 1, 0, 0
84038, 48384, 1, 0, 0
85038, 47919, 1, 0, 0
86038, 54070, 1, 0, 0
87038, 55808, 1, 0, 0
88038, 56376, 1, 0, 0
89038, 48176, 1, 0, 0
90038, 56832, 1, 0, 0
91038, 56632, 1, 0, 0
92038, 53045, 1, 0, 0
93037, 60220, 1, 0, 0
94038, 50432, 1, 0, 0
95038, 50738, 1, 0, 0
96038, 53045, 1, 0, 0
97037, 59963, 1, 0, 0
98038, 58624, 1, 0, 0
99038, 49457, 1, 0, 0
100038, 50226, 1, 0, 0
101038, 47360, 1, 0, 0
102038, 61757, 1, 0, 0
103038, 50482, 1, 0, 0
104038, 55552, 1, 0, 0
105038, 47663, 1, 0, 0
106038, 58426, 1, 0, 0
107038, 56888, 1, 0, 0
108038, 51968, 1, 0, 0
109038, 57145, 1, 0, 0
110038, 58170, 1, 0, 0
111038, 56632, 1, 0, 0
112038, 54528, 1, 0, 0
113038, 53045, 1, 0, 0
114038, 50482, 1, 0, 0
115038, 59136, 1, 0, 0
116038, 50482, 1, 0, 0
117038, 45613, 1, 0, 0
118038, 58426, 1, 0, 0
119038, 49152, 1, 0, 0
120038, 52532, 1, 0, 0
121038, 58682, 1, 0, 0
122038, 53248, 1, 0, 0
123038, 52020, 1, 0, 0
124038, 48432, 1, 0, 0
125038, 54070, 1, 0, 0
126038, 54528, 1, 0, 0
127038, 48432, 1, 0, 0
128038, 54326, 1, 0, 0
129038, 57145, 1, 0, 0
130038, 58368, 1, 0, 0
131038, 44844, 1, 0, 0
132038, 56376, 1, 0, 0
133038, 50482, 1, 0, 0
134038, 58112, 1, 0, 0
135038, 51763, 1, 0, 0
136038, 59451, 1, 0, 0
137038, 50226, 1, 0, 0
138037, 50738, 1, 0, 0
139038, 55296, 1, 0, 0
140038, 57657, 1, 0, 0
141038, 57401, 1, 0, 0
142037, 57913, 1, 0, 0
143038, 53248, 1, 0, 0
144038, 56120, 1, 0, 0
145038, 52020, 1, 0, 0
146038, 52480, 1, 0, 0
147038, 52020, 1, 0, 0
148038, 60476, 1, 0, 0
149037, 53557, 1, 0, 0
150038, 54016, 1, 0, 0
151038, 54326, 1, 0, 0
152038, 53301, 1, 0, 0
153038, 49664, 1, 0, 0
154038, 61245, 1, 0, 0
155038, 49201, 1, 0, 0
156038, 55552, 1, 0, 0
157038, 55607, 1, 0, 0
158038, 48432, 1, 0, 0
159038, 53301, 1, 0, 0
160038, 54784, 1, 0, 0
161038, 57657, 1, 0, 0
162038, 47919, 1, 0, 0
163037, 57913, 1, 0, 0
164038, 57088, 1, 0, 0
165038, 54070, 1, 0, 0
166038, 46382, 1, 0, 0
167038, 50176, 1, 0, 0
168038, 48432, 1, 0, 0
169038, 53813, 1, 0, 0
170038, 52736, 1, 0, 0
171038, 51763, 1, 0, 0
172038, 56376, 1, 0, 0
173038, 50226, 1, 0, 0
174038, 47360, 1, 0, 0
175038, 45357, 1, 0, 0
176038, 49457, 1, 0, 0
177037, 52788, 1, 0, 0
178038, 52992, 1, 0, 0
179038, 50688, 1, 0, 0
