4001, 30494, 1, 0, 0
5001, 44332, 1, 0, 0
6002, 58053, 1, 0, 0
7003, 56263, 1, 0, 0
8005, 52171, 1, 0, 0
9006, 52427, 1, 0, 0
10006, 50688, 1, 0, 0
11006, 44288, 1, 0, 0
12006, 58170, 1, 0, 0
13006, 43776, 1, 0, 0
14006, 50688, 1, 0, 0
15006, 46382, 1, 0, 0
16005, 48688, 1, 0, 0
17004, 59963, 1, 0, 0
18003, 50738, 1, 0, 0
19002, 56888, 1, 0, 0
20003, 53194, 1, 0, 0
21004, 51148, 1, 0, 0
22006, 48591, 1, 0, 0
23007, 51712, 1, 0, 0
24006, 52020, 1, 0, 0
25005, 44588, 1, 0, 0
26006, 49920, 1, 0, 0
27006, 53813, 1, 0, 0
28006, 53045, 1, 0, 0
29006, 49408, 1, 0, 0
30006, 62782, 1, 0, 0
31006, 52532, 1, 0, 0
32007, 45312, 1, 0, 0
33006, 47151, 1, 0, 0
34006, 54070, 1, 0, 0
35006, 56120, 1, 0, 0
36007, 56832, 1, 0, 0
37007, 44844, 1, 0, 0
38006, 50994, 1, 0, 0
39007, 53760, 1, 0, 0
40007, 54326, 1, 0, 0
41006, 52788, 1, 0, 0
42006, 48176, 1, 0, 0
43007, 54784, 1, 0, 0
44007, 46894, 1, 0, 0
45006, 52276, 1, 0, 0
46006, 59451, 1, 0, 0
47007, 50688, 1, 0, 0
48006, 46382, 1, 0, 0
49006, 58426, 1, 0, 0
50007, 46848, 1, 0, 0
51006, 62526, 1, 0, 0
52006, 55351, 1, 0, 0
53007, 47104, 1, 0, 0
54006, 53045, 1, 0, 0
55006, 54838, 1, 0, 0
56007, 48384, 1, 0, 0
57007, 65089, 1, 0, 0
58006, 50738, 1, 0, 0
59007, 58368, 1, 0, 0
60006, 55607, 1, 0, 0
61006, 58170, 1, 0, 0
62007, 54528, 1, 0, 0
63006, 58682, 1, 0, 0
64006, 65089, 1, 0, 0
65007, 57088, 1, 0, 0
66006, 52020, 1, 0, 0
67006, 56632, 1, 0, 0
68007, 47616, 1, 0, 0
69006, 59707, 1, 0, 0
70006, 56120, 1, 0, 0
71007, 52480, 1, 0, 0
72007, 52788, 1, 0, 0
73006, 57145, 1, 0, 0
74006, 57913, 1, 0, 0
75007, 52224, 1, 0, 0
76006, 50738, 1, 0, 0
77006, 55095, 1, 0, 0
78007, 60160, 1, 0, 0
79006, 56888, 1, 0, 0
80006, 49713, 1, 0, 0
81007, 54016, 1, 0, 0
82006, 53813, 1, 0, 0
83006, 55351, 1, 0, 0
84007, 54016, 1, 0, 0
85006, 45101, 1, 0, 0
86006, 54838, 1, 0, 0
87007, 58368, 1, 0, 0
88006, 52020, 1, 0, 0
89006, 59195, 1, 0, 0
90007, 52480, 1, 0, 0
91006, 58682, 1, 0, 0
92006, 52788, 1, 0, 0
93006, 46894, 1, 0, 0
94007, 54272, 1, 0, 0
95006, 49457, 1, 0, 0
96006, 56632, 1, 0, 0
97006, 57401, 1, 0, 0
98007, 59904, 1, 0, 0
99006, 53045, 1, 0, 0
100006, 46638, 1, 0, 0
101007, 37888, 1, 0, 0
102007, 63295, 1, 0, 0
103006, 50994, 1, 0, 0
104007, 52480, 1, 0, 0
105007, 53557, 1, 0, 0
106006, 51507, 1, 0, 0
107006, 55095, 1, 0, 0
108007, 61440, 1, 0, 0
109007, 56632, 1, 0, 0
110006, 43051, 1, 0, 0
111006, 59451, 1, 0, 0
112007, 55808, 1, 0, 0
113006, 48944, 1, 0, 0
114006, 54838, 1, 0, 0
115007, 48896, 1, 0, 0
116007, 50482, 1, 0, 0
117007, 55095, 1, 0, 0
118006, 53301, 1, 0, 0
119007, 50688, 1, 0, 0
120007, 49969, 1, 0, 0
121006, 56888, 1, 0, 0
122007, 58880, 1, 0, 0
123007, 55863, 1, 0, 0
124006, 55095, 1, 0, 0
125006, 53557, 1, 0, 0
126007, 55296, 1, 0, 0
127007, 55095, 1, 0, 0
128006, 54326, 1, 0, 0
129006, 55607, 1, 0, 0
130007, 60928, 1, 0, 0
131007, 45613, 1, 0, 0
132006, 50994, 1, 0, 0
133006, 49713, 1, 0, 0
134007, 57344, 1, 0, 0
135007, 57401, 1, 0, 0
136006, 55607, 1, 0, 0
137006, 50994, 1, 0, 0
138006, 47407, 1, 0, 0
139007, 58112, 1, 0, 0
140006, 42282, 1, 0, 0
141006, 53813, 1, 0, 0
142006, 51507, 1, 0, 0
143007, 46080, 1, 0, 0
144006, 40232, 1, 0, 0
145006, 52788, 1, 0, 0
146007, 48640, 1, 0, 0
147007, 59195, 1, 0, 0
148006, 61245, 1, 0, 0
149006, 54582, 1, 0, 0
150007, 49920, 1, 0, 0
151006, 56120, 1, 0, 0
152006, 54070, 1, 0, 0
153007, 48128, 1, 0, 0
154007, 58426, 1, 0, 0
155006, 53045, 1, 0, 0
156007, 59136, 1, 0, 0
157007, 60476, 1, 0, 0
158006, 60988, 1, 0, 0
159006, 47151, 1, 0, 0
160007, 62976, 1, 0, 0
161007, 52020, 1, 0, 0
162006, 59451, 1, 0, 0
163006, 48176, 1, 0, 0
164007, 56576, 1, 0, 0
165006, 48688, 1, 0, 0
166006, 55863, 1, 0, 0
167007, 52992, 1, 0, 0
168007, 48176, 1, 0, 0
169006, 59963, 1, 0, 0
170007, 51968, 1, 0, 0
171007, 56888, 1, 0, 0
172006, 60988, 1, 0, 0
173006, 49713, 1, 0, 0
174007, 59392, 1, 0, 0
175006, 48944, 1, 0, 0
176006, 62270, 1, 0, 0
177006, 60220, 1, 0, 0
178007, 49152, 1, 0, 0
179007, 45824, 1, 0, 0
