4000, 29725, 1, 0, 0
5000, 44076, 1, 0, 0
6001, 62401, 1, 0, 0
7002, 57542, 1, 0, 0
8004, 46289, 1, 0, 0
9005, 51148, 1, 0, 0
10005, 48896, 1, 0, 0
11005, 60928, 1, 0, 0
12005, 50482, 1, 0, 0
13005, 54272, 1, 0, 0
14005, 49408, 1, 0, 0
15005, 60220, 1, 0, 0
16004, 57145, 1, 0, 0
17003, 59963, 1, 0, 0
18002, 63807, 1, 0, 0
19001, 56120, 1, 0, 0
20002, 53194, 1, 0, 0
21003, 55496, 1, 0, 0
22005, 52683, 1, 0, 0
23006, 52480, 1, 0, 0
24006, 48432, 1, 0, 0
25005, 48944, 1, 0, 0
26005, 51968, 1, 0, 0
27005, 51763, 1, 0, 0
28005, 58682, 1, 0, 0
29005, 58368, 1, 0, 0
30005, 61245, 1, 0, 0
31005, 63039, 1, 0, 0
32006, 57088, 1, 0, 0
33005, 60732, 1, 0, 0
34005, 51251, 1, 0, 0
35005, 48176, 1, 0, 0
36006, 54272, 1, 0, 0
37006, 59195, 1, 0, 0
38005, 54838, 1, 0, 0
39006, 55808, 1, 0, 0
40006, 53045, 1, 0, 0
41005, 55351, 1, 0, 0
42005, 58682, 1, 0, 0
43006, 50688, 1, 0, 0
44006, 61757, 1, 0, 0
45005, 48432, 1, 0, 0
46005, 60988, 1, 0, 0
47006, 57344, 1, 0, 0
48005, 57145, 1, 0, 0
49005, 52020, 1, 0, 0
50006, 48640, 1, 0, 0
51005, 54070, 1, 0, 0
52005, 57145, 1, 0, 0
53006, 47104, 1, 0, 0
54005, 66370, 1, 0, 0
55005, 64320, 1, 0, 0
56006, 59392, 1, 0, 0
57006, 48944, 1, 0, 0
58005, 46894, 1, 0, 0
59006, 56832, 1, 0, 0
60005, 57657, 1, 0, 0
61005, 57657, 1, 0, 0
62006, 60928, 1, 0, 0
63005, 63039, 1, 0, 0
64005, 51763, 1, 0, 0
65006, 51712, 1, 0, 0
66005, 40744, 1, 0, 0
67005, 57145, 1, 0, 0
68006, 52992, 1, 0, 0
69005, 50738, 1, 0, 0
70005, 47663, 1, 0, 0
71006, 63488, 1, 0, 0
72006, 51251, 1, 0, 0
73005, 56632, 1, 0, 0
74005, 54582, 1, 0, 0
75006, 46080, 1, 0, 0
76005, 46126, 1, 0, 0
77005, 49969, 1, 0, 0
78006, 46336, 1, 0, 0
79005, 53813, 1, 0, 0
80005, 52532, 1, 0, 0
81006, 55040, 1, 0, 0
82005, 48432, 1, 0, 0
83005, 47663, 1, 0, 0
84006, 57856, 1, 0, 0
85005, 59963, 1, 0, 0
86005, 48944, 1, 0, 0
87006, 55552, 1, 0, 0
88006, 52020, 1, 0, 0
89005, 55863, 1, 0, 0
90006, 56064, 1, 0, 0
91006, 66882, 1, 0, 0
92005, 59195, 1, 0, 0
93005, 51763, 1, 0, 0
94006, 54272, 1, 0, 0
95006, 61757, 1, 0, 0
96005, 56376, 1, 0, 0
97005, 55351, 1, 0, 0
98006, 53504, 1, 0, 0
99005, 50738, 1, 0, 0
100005, 43819, 1, 0, 0
101006, 57344, 1, 0, 0
102006, 53557, 1, 0, 0
103005, 53301, 1, 0, 0
104006, 61184, 1, 0, 0
105006, 46894, 1, 0, 0
106005, 46894, 1, 0, 0
107005, 60988, 1, 0, 0
108006, 48896, 1, 0, 0
109006, 56632, 1, 0, 0
110005, 48944, 1, 0, 0
111005, 47407, 1, 0, 0
112006, 57856, 1, 0, 0
113006, 52276, 1, 0, 0
114005, 55607, 1, 0, 0
115006, 49408, 1, 0, 0
116006, 48944, 1, 0, 0
117006, 45869, 1, 0, 0
118005, 55607, 1, 0, 0
119006, 45824, 1, 0, 0
120006, 58938, 1, 0, 0
121005, 56376, 1, 0, 0
122006, 55296, 1, 0, 0
123006, 51251, 1, 0, 0
124005, 55863, 1, 0, 0
125005, 52532, 1, 0, 0
126006, 46848, 1, 0, 0
127006, 54582, 1, 0, 0
128005, 49201, 1, 0, 0
129005, 61245, 1, 0, 0
130006, 53760, 1, 0, 0
131006, 56888, 1, 0, 0
132005, 47151, 1, 0, 0
133005, 52532, 1, 0, 0
134006, 46848, 1, 0, 0
135006, 58170, 1, 0, 0
136005, 61757, 1, 0, 0
137005, 54582, 1, 0, 0
138005, 52276, 1, 0, 0
139006, 54784, 1, 0, 0
140005, 59707, 1, 0, 0
141005, 58682, 1, 0, 0
142005, 54326, 1, 0, 0
143006, 57344, 1, 0, 0
144005, 49201, 1, 0, 0
145005, 56632, 1, 0, 0
146006, 48384, 1, 0, 0
147006, 52788, 1, 0, 0
148005, 57401, 1, 0, 0
149005, 54582, 1, 0, 0
150006, 54272, 1, 0, 0
151005, 52532, 1, 0, 0
152005, 51251, 1, 0, 0
153006, 54528, 1, 0, 0
154006, 51251, 1, 0, 0
155005, 48944, 1, 0, 0
156006, 52224, 1, 0, 0
157006, 46638, 1, 0, 0
158005, 52788, 1, 0, 0
159005, 57913, 1, 0, 0
160006, 53248, 1, 0, 0
161006, 47663, 1, 0, 0
162005, 41513, 1, 0, 0
163005, 55095, 1, 0, 0
164006, 60928, 1, 0, 0
165005, 53045, 1, 0, 0
166005, 61501, 1, 0, 0
167006, 52480, 1, 0, 0
168006, 44076, 1, 0, 0
169005, 56632, 1, 0, 0
170006, 50432, 1, 0, 0
171006, 53301, 1, 0, 0
172005, 51251, 1, 0, 0
173005, 46126, 1, 0, 0
174006, 51712, 1, 0, 0
175006, 52276, 1, 0, 0
176005, 60476, 1, 0, 0
177005, 52276, 1, 0, 0
178006, 65280, 1, 0, 0
179006, 52480, 1, 0, 0
