4001, 28444, 1, 0, 0
5000, 45869, 1, 0, 0
6000, 51251, 1, 0, 0
7001, 56007, 1, 0, 0
8002, 51148, 1, 0, 0
9003, 55752, 1, 0, 0
10004, 50688, 1, 0, 0
11004, 46080, 1, 0, 0
12003, 52276, 1, 0, 0
13004, 50944, 1, 0, 0
14004, 60160, 1, 0, 0
15003, 45613, 1, 0, 0
16002, 62526, 1, 0, 0
17001, 60988, 1, 0, 0
18001, 56632, 1, 0, 0
19000, 53813, 1, 0, 0
20001, 52939, 1, 0, 0
21002, 58309, 1, 0, 0
22003, 58565, 1, 0, 0
23004, 53760, 1, 0, 0
24004, 55607, 1, 0, 0
25003, 51763, 1, 0, 0
26004, 39680, 1, 0, 0
27004, 47151, 1, 0, 0
28004, 53301, 1, 0, 0
29004, 52992, 1, 0, 0
30004, 59963, 1, 0, 0
31003, 49201, 1, 0, 0
32004, 55040, 1, 0, 0
33004, 63295, 1, 0, 0
34004, 54070, 1, 0, 0
35003, 56888, 1, 0, 0
36004, 53760, 1, 0, 0
37004, 61501, 1, 0, 0
38004, 59707, 1, 0, 0
39004, 55040, 1, 0, 0
40004, 58938, 1, 0, 0
41004, 49713, 1, 0, 0
42004, 59195, 1, 0, 0
43004, 56576, 1, 0, 0
44004, 49713, 1, 0, 0
45004, 57145, 1, 0, 0
46004, 54070, 1, 0, 0
47004, 58112, 1, 0, 0
48004, 50226, 1, 0, 0
49004, 53301, 1, 0, 0
50004, 58880, 1, 0, 0
51004, 51507, 1, 0, 0
52004, 57657, 1, 0, 0
53004, 53248, 1, 0, 0
54004, 52532, 1, 0, 0
55004, 57401, 1, 0, 0
56004, 50432, 1, 0, 0
57004, 55095, 1, 0, 0
58004, 55095, 1, 0, 0
59004, 58880, 1, 0, 0
60004, 56376, 1, 0, 0
61004, 54582, 1, 0, 0
62004, 45056, 1, 0, 0
63004, 51251, 1, 0, 0
64003, 46638, 1, 0, 0
65004, 54272, 1, 0, 0
66004, 53557, 1, 0, 0
67003, 52276, 1, 0, 0
68004, 53760, 1, 0, 0
69004, 53045, 1, 0, 0
70004, 51251, 1, 0, 0
71004, 55296, 1, 0, 0
72004, 53813, 1, 0, 0
73004, 58170, 1, 0, 0
74004, 51763, 1, 0, 0
75004, 53248, 1, 0, 0
76004, 59195, 1, 0, 0
77003, 60220, 1, 0, 0
78004, 45056, 1, 0, 0
79004, 47407, 1, 0, 0
80004, 48688, 1, 0, 0
81004, 50688, 1, 0, 0
82004, 53301, 1, 0, 0
83004, 59195, 1, 0, 0
84004, 62208, 1, 0, 0
85004, 48944, 1, 0, 0
86004, 53045, 1, 0, 0
87004, 39680, 1, 0, 0
88004, 53813, 1, 0, 0
89004, 64576, 1, 0, 0
90004, 51200, 1, 0, 0
91004, 66370, 1, 0, 0
92004, 55607, 1, 0, 0
93003, 57145, 1, 0, 0
94004, 56064, 1, 0, 0
95004, 60988, 1, 0, 0
96004, 49713, 1, 0, 0
97003, 51763, 1, 0, 0
98004, 56064, 1, 0, 0
99004, 58682, 1, 0, 0
100004, 54838, 1, 0, 0
101004, 48640, 1, 0, 0
102004, 53557, 1, 0, 0
103004, 57657, 1, 0, 0
104004, 55808, 1, 0, 0
105004, 48176, 1, 0, 0
106004, 60732, 1, 0, 0
107004, 56376, 1, 0, 0
108004, 53248, 1, 0, 0
109004, 55607, 1, 0, 0
110004, 58170, 1, 0, 0
111004, 55863, 1, 0, 0
112004, 53504, 1, 0, 0
113004, 54838, 1, 0, 0
114004, 55095, 1, 0, 0
115004, 58368, 1, 0, 0
116004, 44076, 1, 0, 0
117004, 57913, 1, 0, 0
118004, 54838, 1, 0, 0
119004, 49152, 1, 0, 0
120004, 51251, 1, 0, 0
121004, 54326, 1, 0, 0
122004, 51456, 1, 0, 0
123004, 53557, 1, 0, 0
124004, 52020, 1, 0, 0
125004, 45101, 1, 0, 0
126004, 53504, 1, 0, 0
127004, 50482, 1, 0, 0
128004, 53301, 1, 0, 0
129004, 51763, 1, 0, 0
130004, 52992, 1, 0, 0
131004, 53045, 1, 0, 0
132004, 54582, 1, 0, 0
133004, 59707, 1, 0, 0
134004, 60928, 1, 0, 0
135004, 45613, 1, 0, 0
136004, 56376, 1, 0, 0
137004, 56632, 1, 0, 0
138004, 53045, 1, 0, 0
139004, 54272, 1, 0, 0
140004, 50738, 1, 0, 0
141004, 55351, 1, 0, 0
142003, 51251, 1, 0, 0
143004, 49152, 1, 0, 0
144004, 44844, 1, 0, 0
145004, 51763, 1, 0, 0
146004, 53504, 1, 0, 0
147004, 47407, 1, 0, 0
148004, 55095, 1, 0, 0
149003, 60220, 1, 0, 0
150004, 60672, 1, 0, 0
151004, 48176, 1, 0, 0
152004, 54838, 1, 0, 0
153004, 55808, 1, 0, 0
154004, 52532, 1, 0, 0
155004, 61245, 1, 0, 0
156004, 54528, 1, 0, 0
157004, 50738, 1, 0, 0
158004, 53301, 1, 0, 0
159004, 50482, 1, 0, 0
160004, 53248, 1, 0, 0
161004, 49969, 1, 0, 0
162004, 54326, 1, 0, 0
163003, 48944, 1, 0, 0
164004, 59392, 1, 0, 0
165004, 56120, 1, 0, 0
166004, 49457, 1, 0, 0
167004, 58624, 1, 0, 0
168004, 59195, 1, 0, 0
169004, 59451, 1, 0, 0
170004, 62208, 1, 0, 0
171004, 52788, 1, 0, 0
172004, 47407, 1, 0, 0
173004, 59195, 1, 0, 0
174004, 51200, 1, 0, 0
175004, 42794, 1, 0, 0
176004, 55095, 1, 0, 0
177003, 54582, 1, 0, 0
178004, 47616, 1, 0, 0
179005, 57856, 1, 0, 0
