4000, 23319, 1, 0, 0
5002, 51404, 1, 0, 0
6004, 52427, 1, 0, 0
7005, 53194, 1, 0, 0
8006, 47824, 1, 0, 0
9007, 61634, 1, 0, 0
10008, 53760, 1, 0, 0
11008, 57088, 1, 0, 0
12007, 54070, 1, 0, 0
13008, 52992, 1, 0, 0
14008, 56320, 1, 0, 0
15007, 53557, 1, 0, 0
16006, 49713, 1, 0, 0
17005, 52020, 1, 0, 0
18005, 53045, 1, 0, 0
19004, 52788, 1, 0, 0
20005, 48079, 1, 0, 0
21006, 57798, 1, 0, 0
22007, 50125, 1, 0, 0
23008, 46592, 1, 0, 0
24008, 56120, 1, 0, 0
25007, 47919, 1, 0, 0
26008, 62976, 1, 0, 0
27008, 60732, 1, 0, 0
28008, 53557, 1, 0, 0
29008, 59392, 1, 0, 0
30008, 53557, 1, 0, 0
31007, 54070, 1, 0, 0
32008, 47616, 1, 0, 0
33008, 72008, 1, 0, 0
34008, 50482, 1, 0, 0
35008, 61245, 1, 0, 0
36008, 52224, 1, 0, 0
37008, 53813, 1, 0, 0
38008, 55863, 1, 0, 0
39008, 55552, 1, 0, 0
40008, 55607, 1, 0, 0
41008, 52532, 1, 0, 0
42008, 57913, 1, 0, 0
43008, 54016, 1, 0, 0
44008, 55095, 1, 0, 0
45008, 55607, 1, 0, 0
46008, 53045, 1, 0, 0
47008, 51200, 1, 0, 0
48008, 50482, 1, 0, 0
49008, 50994, 1, 0, 0
50008, 43520, 1, 0, 0
51008, 52276, 1, 0, 0
52008, 49457, 1, 0, 0
53008, 52992, 1, 0, 0
54008, 51763, 1, 0, 0
55008, 56888, 1, 0, 0
56008, 54784, 1, 0, 0
57008, 38694, 1, 0, 0
58008, 49201, 1, 0, 0
59008, 52992, 1, 0, 0
60008, 56632, 1, 0, 0
61008, 53045, 1, 0, 0
62008, 45056, 1, 0, 0
63008, 62526, 1, 0, 0
64008, 56120, 1, 0, 0
65008, 48640, 1, 0, 0
66008, 59963, 1, 0, 0
67008, 49201, 1, 0, 0
68008, 55040, 1, 0, 0
69008, 62526, 1, 0, 0
70008, 56120, 1, 0, 0
71008, 61184, 1, 0, 0
72008, 56632, 1, 0, 0
73008, 47151, 1, 0, 0
74008, 52532, 1, 0, 0
75008, 55552, 1, 0, 0
76008, 50738, 1, 0, 0
77008, 56632, 1, 0, 0
78008, 55040, 1, 0, 0
79008, 53813, 1, 0, 0
80008, 53301, 1, 0, 0
81008, 54784, 1, 0, 0
82008, 67651, 1, 0, 0
83008, 60220, 1, 0, 0
84008, 49408, 1, 0, 0
85008, 55095, 1, 0, 0
86008, 58682, 1, 0, 0
87008, 61952, 1, 0, 0
88008, 60220, 1, 0, 0
89008, 53557, 1, 0, 0
90008, 50176, 1, 0, 0
91008, 63039, 1, 0, 0
92008, 56632, 1, 0, 0
93008, 57913, 1, 0, 0
94008, 51456, 1, 0, 0
95008, 49457, 1, 0, 0
96008, 48432, 1, 0, 0
97007, 53045, 1, 0, 0
98008, 48384, 1, 0, 0
99008, 54070, 1, 0, 0
100008, 50738, 1, 0, 0
101008, 58368, 1, 0, 0
102008, 50738, 1, 0, 0
103008, 51763, 1, 0, 0
104008, 56064, 1, 0, 0
105008, 61501, 1, 0, 0
106008, 49457, 1, 0, 0
107008, 58682, 1, 0, 0
108008, 48640, 1, 0, 0
109008, 57657, 1, 0, 0
110008, 60476, 1, 0, 0
111008, 53813, 1, 0, 0
112008, 52992, 1, 0, 0
113008, 59195, 1, 0, 0
114008, 58682, 1, 0, 0
115008, 42240, 1, 0, 0
116008, 59707, 1, 0, 0
117008, 56376, 1, 0, 0
118008, 55351, 1, 0, 0
119008, 51456, 1, 0, 0
120008, 49201, 1, 0, 0
121008, 58938, 1, 0, 0
122008, 56320, 1, 0, 0
123008, 59195, 1, 0, 0
124008, 53301, 1, 0, 0
125008, 51763, 1, 0, 0
126008, 53760, 1, 0, 0
127008, 48176, 1, 0, 0
128008, 50738, 1, 0, 0
129008, 58170, 1, 0, 0
130008, 42240, 1, 0, 0
131008, 53557, 1, 0, 0
132008, 50482, 1, 0, 0
133008, 57657, 1, 0, 0
134008, 50176, 1, 0, 0
135008, 57657, 1, 0, 0
136008, 47151, 1, 0, 0
137008, 51507, 1, 0, 0
138008, 56632, 1, 0, 0
139008, 55552, 1, 0, 0
140008, 47407, 1, 0, 0
141008, 56120, 1, 0, 0
142008, 55095, 1, 0, 0
143008, 60672, 1, 0, 0
144008, 56888, 1, 0, 0
145008, 55607, 1, 0, 0
146008, 49920, 1, 0, 0
147008, 61501, 1, 0, 0
148008, 54326, 1, 0, 0
149008, 52788, 1, 0, 0
150008, 54784, 1, 0, 0
151008, 49201, 1, 0, 0
152008, 50738, 1, 0, 0
153008, 47616, 1, 0, 0
154008, 55351, 1, 0, 0
155008, 49969, 1, 0, 0
156008, 53760, 1, 0, 0
157008, 54838, 1, 0, 0
158008, 57145, 1, 0, 0
159008, 61501, 1, 0, 0
160008, 53248, 1, 0, 0
161008, 43563, 1, 0, 0
162008, 49201, 1, 0, 0
163007, 47919, 1, 0, 0
164008, 46592, 1, 0, 0
165008, 64064, 1, 0, 0
166008, 51251, 1, 0, 0
167008, 51200, 1, 0, 0
168008, 57657, 1, 0, 0
169008, 50994, 1, 0, 0
170008, 57344, 1, 0, 0
171008, 49201, 1, 0, 0
172008, 39975, 1, 0, 0
173008, 53301, 1, 0, 0
174008, 52480, 1, 0, 0
175008, 55607, 1, 0, 0
176008, 58682, 1, 0, 0
177007, 52276, 1, 0, 0
178008, 47104, 1, 0, 0
179009, 52736, 1, 0, 0
