4001, 21013, 1, 0, 0
5001, 53045, 1, 0, 0
6000, 40232, 1, 0, 0
7002, 54729, 1, 0, 0
8003, 47568, 1, 0, 0
9004, 55752, 1, 0, 0
10005, 56519, 1, 0, 0
11007, 53194, 1, 0, 0
12008, 58821, 1, 0, 0
13009, 62913, 1, 0, 0
14011, 46289, 1, 0, 0
15012, 54473, 1, 0, 0
16013, 54729, 1, 0, 0
17014, 43732, 1, 0, 0
18015, 51404, 1, 0, 0
19017, 56007, 1, 0, 0
20018, 59332, 1, 0, 0
21019, 47056, 1, 0, 0
22020, 54729, 1, 0, 0
23021, 53504, 1, 0, 0
24021, 56888, 1, 0, 0
25020, 54326, 1, 0, 0
26021, 50944, 1, 0, 0
27021, 54838, 1, 0, 0
28021, 50226, 1, 0, 0
29021, 56064, 1, 0, 0
30021, 57401, 1, 0, 0
31020, 62782, 1, 0, 0
32021, 49408, 1, 0, 0
33021, 50994, 1, 0, 0
34021, 62782, 1, 0, 0
35020, 49969, 1, 0, 0
36021, 56832, 1, 0, 0
37021, 49713, 1, 0, 0
38021, 58938, 1, 0, 0
39021, 54528, 1, 0, 0
40021, 55095, 1, 0, 0
41021, 64576, 1, 0, 0
42021, 58938, 1, 0, 0
43021, 56320, 1, 0, 0
44021, 52276, 1, 0, 0
45021, 51763, 1, 0, 0
46020, 50994, 1, 0, 0
47021, 53248, 1, 0, 0
48021, 66626, 1, 0, 0
49020, 53557, 1, 0, 0
50021, 53760, 1, 0, 0
51021, 57145, 1, 0, 0
52021, 47663, 1, 0, 0
53021, 53504, 1, 0, 0
54021, 52788, 1, 0, 0
55021, 52532, 1, 0, 0
56021, 49920, 1, 0, 0
57021, 54326, 1, 0, 0
58021, 52020, 1, 0, 0
59021, 57344, 1, 0, 0
60021, 58938, 1, 0, 0
61021, 54838, 1, 0, 0
62021, 55808, 1, 0, 0
63021, 53045, 1, 0, 0
64020, 51251, 1, 0, 0
65021, 46848, 1, 0, 0
66021, 55095, 1, 0, 0
67020, 58938, 1, 0, 0
68021, 51968, 1, 0, 0
69021, 58426, 1, 0, 0
70020, 46382, 1, 0, 0
71021, 61952, 1, 0, 0
72021, 48432, 1, 0, 0
73021, 56888, 1, 0, 0
74020, 55863, 1, 0, 0
75021, 54272, 1, 0, 0
76021, 53557, 1, 0, 0
77020, 54838, 1, 0, 0
78021, 52736, 1, 0, 0
79021, 48688, 1, 0, 0
80020, 49201, 1, 0, 0
81021, 55296, 1, 0, 0
82021, 58426, 1, 0, 0
83020, 54838, 1, 0, 0
84021, 48384, 1, 0, 0
85021, 55863, 1, 0, 0
86020, 56120, 1, 0, 0
87021, 62208, 1, 0, 0
88021, 53557, 1, 0, 0
89020, 57401, 1, 0, 0
90021, 59136, 1, 0, 0
91021, 53301, 1, 0, 0
92021, 52276, 1, 0, 0
93020, 53045, 1, 0, 0
94021, 51456, 1, 0, 0
95021, 58938, 1, 0, 0
96021, 60220, 1, 0, 0
97020, 57401, 1, 0, 0
98021, 62464, 1, 0, 0
99021, 50994, 1, 0, 0
100020, 54582, 1, 0, 0
101021, 54528, 1, 0, 0
102021, 47919, 1, 0, 0
103021, 49713, 1, 0, 0
104021, 63744, 1, 0, 0
105021, 58682, 1, 0, 0
106021, 47151, 1, 0, 0
107021, 62014, 1, 0, 0
108021, 57856, 1, 0, 0
109021, 47407, 1, 0, 0
110021, 55863, 1, 0, 0
111020, 54838, 1, 0, 0
112021, 59904, 1, 0, 0
113021, 56632, 1, 0, 0
114021, 65857, 1, 0, 0
115021, 51712, 1, 0, 0
116021, 55351, 1, 0, 0
117021, 54326, 1, 0, 0
118021, 55351, 1, 0, 0
119021, 54528, 1, 0, 0
120021, 49457, 1, 0, 0
121021, 58682, 1, 0, 0
122021, 58880, 1, 0, 0
123021, 55607, 1, 0, 0
124021, 56120, 1, 0, 0
125021, 47663, 1, 0, 0
126021, 52992, 1, 0, 0
127021, 52276, 1, 0, 0
128021, 54582, 1, 0, 0
129021, 53301, 1, 0, 0
130021, 50688, 1, 0, 0
131021, 49713, 1, 0, 0
132021, 54582, 1, 0, 0
133021, 52788, 1, 0, 0
134021, 60672, 1, 0, 0
135021, 50738, 1, 0, 0
136021, 53301, 1, 0, 0
137020, 52532, 1, 0, 0
138020, 53813, 1, 0, 0
139021, 50432, 1, 0, 0
140021, 53813, 1, 0, 0
141021, 63039, 1, 0, 0
142020, 51251, 1, 0, 0
143021, 54272, 1, 0, 0
144021, 57913, 1, 0, 0
145020, 49457, 1, 0, 0
146021, 50176, 1, 0, 0
147021, 50482, 1, 0, 0
148021, 49457, 1, 0, 0
149020, 45869, 1, 0, 0
150021, 50944, 1, 0, 0
151021, 53557, 1, 0, 0
152021, 53045, 1, 0, 0
153021, 55808, 1, 0, 0
154021, 55863, 1, 0, 0
155021, 47663, 1, 0, 0
156021, 54528, 1, 0, 0
157021, 57145, 1, 0, 0
158021, 54838, 1, 0, 0
159021, 62014, 1, 0, 0
160021, 59648, 1, 0, 0
161021, 57657, 1, 0, 0
162021, 54582, 1, 0, 0
163020, 55607, 1, 0, 0
164021, 52736, 1, 0, 0
165021, 58682, 1, 0, 0
166021, 54582, 1, 0, 0
167021, 41472, 1, 0, 0
168021, 53301, 1, 0, 0
169021, 45613, 1, 0, 0
170021, 62720, 1, 0, 0
171021, 59195, 1, 0, 0
172021, 60220, 1, 0, 0
173020, 53045, 1, 0, 0
174021, 54272, 1, 0, 0
175021, 43819, 1, 0, 0
176021, 50226, 1, 0, 0
177020, 61757, 1, 0, 0
178021, 49664, 1, 0, 0
179021, 58368, 1, 0, 0
