4003, 23784, 1, 0, 0
5005, 51916, 1, 0, 0
6006, 50893, 1, 0, 0
7008, 53450, 1, 0, 0
8009, 42197, 1, 0, 0
9010, 54729, 1, 0, 0
10010, 46336, 1, 0, 0
11011, 60672, 1, 0, 0
12010, 49457, 1, 0, 0
13010, 56576, 1, 0, 0
14011, 52224, 1, 0, 0
15010, 57401, 1, 0, 0
16009, 57913, 1, 0, 0
17008, 45101, 1, 0, 0
18007, 59451, 1, 0, 0
19007, 56120, 1, 0, 0
20008, 56519, 1, 0, 0
21009, 61378, 1, 0, 0
22010, 58821, 1, 0, 0
23011, 51456, 1, 0, 0
24011, 49969, 1, 0, 0
25010, 53045, 1, 0, 0
26011, 43520, 1, 0, 0
27011, 53301, 1, 0, 0
28010, 49201, 1, 0, 0
29011, 55552, 1, 0, 0
30010, 56376, 1, 0, 0
31010, 55351, 1, 0, 0
32011, 55808, 1, 0, 0
33011, 50994, 1, 0, 0
34010, 49457, 1, 0, 0
35010, 55351, 1, 0, 0
36011, 57600, 1, 0, 0
37011, 52532, 1, 0, 0
38011, 50738, 1, 0, 0
39011, 51712, 1, 0, 0
40011, 56888, 1, 0, 0
41011, 63295, 1, 0, 0
42010, 50994, 1, 0, 0
43011, 49408, 1, 0, 0
44011, 56120, 1, 0, 0
45011, 57401, 1, 0, 0
46010, 49457, 1, 0, 0
47011, 50176, 1, 0, 0
48011, 52020, 1, 0, 0
49010, 55351, 1, 0, 0
50011, 56832, 1, 0, 0
51011, 53045, 1, 0, 0
52010, 44076, 1, 0, 0
53011, 58112, 1, 0, 0
54011, 49201, 1, 0, 0
55011, 46638, 1, 0, 0
56011, 61184, 1, 0, 0
57011, 55095, 1, 0, 0
58010, 49969, 1, 0, 0
59011, 46080, 1, 0, 0
60011, 51507, 1, 0, 0
61010, 60988, 1, 0, 0
62011, 56576, 1, 0, 0
63011, 57401, 1, 0, 0
64010, 50738, 1, 0, 0
65011, 49664, 1, 0, 0
66011, 54070, 1, 0, 0
67010, 53301, 1, 0, 0
68011, 53248, 1, 0, 0
69011, 62270, 1, 0, 0
70010, 49201, 1, 0, 0
71011, 54784, 1, 0, 0
72011, 53301, 1, 0, 0
73011, 53045, 1, 0, 0
74010, 50482, 1, 0, 0
75011, 53504, 1, 0, 0
76011, 57401, 1, 0, 0
77010, 50738, 1, 0, 0
78011, 55808, 1, 0, 0
79011, 49969, 1, 0, 0
80010, 45869, 1, 0, 0
81011, 61184, 1, 0, 0
82011, 61245, 1, 0, 0
83010, 58682, 1, 0, 0
84011, 61440, 1, 0, 0
85011, 51763, 1, 0, 0
86010, 39463, 1, 0, 0
87011, 52992, 1, 0, 0
88011, 50994, 1, 0, 0
89010, 54070, 1, 0, 0
90011, 48384, 1, 0, 0
91011, 53045, 1, 0, 0
92011, 54326, 1, 0, 0
93010, 53557, 1, 0, 0
94011, 54784, 1, 0, 0
95011, 52532, 1, 0, 0
96011, 56376, 1, 0, 0
97010, 53557, 1, 0, 0
98011, 51968, 1, 0, 0
99011, 61757, 1, 0, 0
100010, 56376, 1, 0, 0
101011, 57088, 1, 0, 0
102011, 54070, 1, 0, 0
103011, 54838, 1, 0, 0
104011, 58368, 1, 0, 0
105011, 46382, 1, 0, 0
106011, 52276, 1, 0, 0
107011, 58938, 1, 0, 0
108011, 54272, 1, 0, 0
109011, 56376, 1, 0, 0
110011, 58938, 1, 0, 0
111010, 53045, 1, 0, 0
112011, 53248, 1, 0, 0
113011, 49969, 1, 0, 0
114011, 54326, 1, 0, 0
115011, 50432, 1, 0, 0
116011, 50226, 1, 0, 0
117011, 55095, 1, 0, 0
118011, 49969, 1, 0, 0
119011, 54528, 1, 0, 0
120011, 51251, 1, 0, 0
121011, 50994, 1, 0, 0
122011, 58880, 1, 0, 0
123011, 52532, 1, 0, 0
124011, 45357, 1, 0, 0
125010, 56376, 1, 0, 0
126011, 57856, 1, 0, 0
127011, 50226, 1, 0, 0
128011, 56376, 1, 0, 0
129010, 47151, 1, 0, 0
130011, 54272, 1, 0, 0
131011, 50482, 1, 0, 0
132011, 47151, 1, 0, 0
133010, 48432, 1, 0, 0
134011, 50944, 1, 0, 0
135011, 47663, 1, 0, 0
136011, 50994, 1, 0, 0
137010, 46894, 1, 0, 0
138010, 54326, 1, 0, 0
139011, 48384, 1, 0, 0
140011, 44076, 1, 0, 0
141011, 60732, 1, 0, 0
142010, 58170, 1, 0, 0
143011, 60160, 1, 0, 0
144011, 52020, 1, 0, 0
145010, 53045, 1, 0, 0
146011, 52224, 1, 0, 0
147011, 53813, 1, 0, 0
148011, 57401, 1, 0, 0
149010, 45101, 1, 0, 0
150011, 58624, 1, 0, 0
151011, 53557, 1, 0, 0
152010, 46382, 1, 0, 0
153011, 55296, 1, 0, 0
154011, 51507, 1, 0, 0
155011, 56888, 1, 0, 0
156011, 62464, 1, 0, 0
157011, 52788, 1, 0, 0
158011, 49969, 1, 0, 0
159010, 56376, 1, 0, 0
160011, 52992, 1, 0, 0
161011, 60476, 1, 0, 0
162011, 57401, 1, 0, 0
163010, 54838, 1, 0, 0
164011, 50688, 1, 0, 0
165011, 60732, 1, 0, 0
166010, 55095, 1, 0, 0
167011, 50944, 1, 0, 0
168011, 43051, 1, 0, 0
169011, 52788, 1, 0, 0
170011, 57600, 1, 0, 0
171011, 53045, 1, 0, 0
172011, 54326, 1, 0, 0
173010, 46126, 1, 0, 0
174011, 53504, 1, 0, 0
175011, 47663, 1, 0, 0
176011, 45869, 1, 0, 0
177010, 58938, 1, 0, 0
178011, 46336, 1, 0, 0
179011, 56576, 1, 0, 0
