4001, 42538, 1, 0, 0
5001, 47407, 1, 0, 0
6003, 57798, 1, 0, 0
7004, 48079, 1, 0, 0
8005, 48591, 1, 0, 0
9006, 45522, 1, 0, 0
10007, 46545, 1, 0, 0
11009, 58053, 1, 0, 0
12010, 50125, 1, 0, 0
13012, 56775, 1, 0, 0
14013, 58053, 1, 0, 0
15014, 49870, 1, 0, 0
16015, 53194, 1, 0, 0
17016, 51916, 1, 0, 0
18018, 54729, 1, 0, 0
19019, 53706, 1, 0, 0
20020, 52171, 1, 0, 0
21021, 47312, 1, 0, 0
22022, 50893, 1, 0, 0
23023, 60672, 1, 0, 0
24023, 58682, 1, 0, 0
25022, 52020, 1, 0, 0
26023, 52224, 1, 0, 0
27023, 55863, 1, 0, 0
28023, 54838, 1, 0, 0
29023, 55296, 1, 0, 0
30023, 60476, 1, 0, 0
31022, 54070, 1, 0, 0
32023, 53504, 1, 0, 0
33023, 54070, 1, 0, 0
34023, 49201, 1, 0, 0
35023, 56120, 1, 0, 0
36023, 54784, 1, 0, 0
37023, 60988, 1, 0, 0
38023, 51251, 1, 0, 0
39024, 62976, 1, 0, 0
40023, 49457, 1, 0, 0
41023, 57145, 1, 0, 0
42023, 57913, 1, 0, 0
43023, 47616, 1, 0, 0
44023, 58938, 1, 0, 0
45023, 61501, 1, 0, 0
46023, 52788, 1, 0, 0
47023, 56064, 1, 0, 0
48023, 46638, 1, 0, 0
49023, 52020, 1, 0, 0
50023, 56576, 1, 0, 0
51023, 62014, 1, 0, 0
52023, 58682, 1, 0, 0
53023, 51968, 1, 0, 0
54023, 55095, 1, 0, 0
55023, 50226, 1, 0, 0
56023, 54784, 1, 0, 0
57023, 54582, 1, 0, 0
58023, 59707, 1, 0, 0
59023, 51712, 1, 0, 0
60023, 59451, 1, 0, 0
61023, 56120, 1, 0, 0
62023, 57344, 1, 0, 0
63023, 67395, 1, 0, 0
64023, 59963, 1, 0, 0
65023, 51456, 1, 0, 0
66023, 56376, 1, 0, 0
67023, 53301, 1, 0, 0
68023, 60928, 1, 0, 0
69023, 54838, 1, 0, 0
70023, 59195, 1, 0, 0
71023, 64256, 1, 0, 0
72023, 60988, 1, 0, 0
73023, 53557, 1, 0, 0
74023, 57401, 1, 0, 0
75023, 53504, 1, 0, 0
76023, 60732, 1, 0, 0
77023, 52532, 1, 0, 0
78023, 61440, 1, 0, 0
79023, 48432, 1, 0, 0
80023, 58170, 1, 0, 0
81023, 54016, 1, 0, 0
82023, 49713, 1, 0, 0
83023, 53045, 1, 0, 0
84023, 48128, 1, 0, 0
85023, 48176, 1, 0, 0
86023, 50738, 1, 0, 0
87023, 46848, 1, 0, 0
88023, 56376, 1, 0, 0
89023, 54326, 1, 0, 0
90023, 61696, 1, 0, 0
91023, 60220, 1, 0, 0
92023, 65857, 1, 0, 0
93023, 58426, 1, 0, 0
94023, 50432, 1, 0, 0
95023, 55863, 1, 0, 0
96023, 62270, 1, 0, 0
97023, 50738, 1, 0, 0
98023, 48128, 1, 0, 0
99023, 48176, 1, 0, 0
100023, 50226, 1, 0, 0
101023, 45312, 1, 0, 0
102023, 53045, 1, 0, 0
103023, 55863, 1, 0, 0
104023, 59136, 1, 0, 0
105023, 49713, 1, 0, 0
106023, 48944, 1, 0, 0
107023, 52276, 1, 0, 0
108024, 50688, 1, 0, 0
109023, 46638, 1, 0, 0
110023, 59963, 1, 0, 0
111023, 64576, 1, 0, 0
112023, 47104, 1, 0, 0
113023, 52788, 1, 0, 0
114023, 48432, 1, 0, 0
115024, 57088, 1, 0, 0
116023, 61501, 1, 0, 0
117023, 51763, 1, 0, 0
118023, 46638, 1, 0, 0
119023, 56576, 1, 0, 0
120023, 61245, 1, 0, 0
121023, 47919, 1, 0, 0
122023, 49152, 1, 0, 0
123023, 65601, 1, 0, 0
124023, 48432, 1, 0, 0
125023, 46382, 1, 0, 0
126023, 47616, 1, 0, 0
127023, 49457, 1, 0, 0
128023, 61501, 1, 0, 0
129023, 50994, 1, 0, 0
130023, 55296, 1, 0, 0
131023, 54582, 1, 0, 0
132023, 53301, 1, 0, 0
133023, 45101, 1, 0, 0
134023, 55808, 1, 0, 0
135023, 48432, 1, 0, 0
136023, 64832, 1, 0, 0
137023, 52532, 1, 0, 0
138023, 53813, 1, 0, 0
139023, 49664, 1, 0, 0
140023, 50994, 1, 0, 0
141023, 57657, 1, 0, 0
142023, 53045, 1, 0, 0
143023, 51456, 1, 0, 0
144023, 57401, 1, 0, 0
145023, 47919, 1, 0, 0
146023, 52736, 1, 0, 0
147023, 59451, 1, 0, 0
148023, 60476, 1, 0, 0
149023, 56632, 1, 0, 0
150023, 56064, 1, 0, 0
151023, 53813, 1, 0, 0
152023, 50482, 1, 0, 0
153023, 52224, 1, 0, 0
154023, 50482, 1, 0, 0
155023, 55095, 1, 0, 0
156023, 51968, 1, 0, 0
157023, 62526, 1, 0, 0
158023, 50226, 1, 0, 0
159023, 56888, 1, 0, 0
160023, 59904, 1, 0, 0
161023, 53813, 1, 0, 0
162023, 49713, 1, 0, 0
163023, 56632, 1, 0, 0
164023, 55552, 1, 0, 0
165023, 52788, 1, 0, 0
166023, 51763, 1, 0, 0
167023, 57088, 1, 0, 0
168023, 56120, 1, 0, 0
169023, 49201, 1, 0, 0
170023, 57856, 1, 0, 0
171023, 54326, 1, 0, 0
172023, 54838, 1, 0, 0
173023, 46382, 1, 0, 0
174023, 54528, 1, 0, 0
175023, 51763, 1, 0, 0
176023, 51507, 1, 0, 0
177023, 57145, 1, 0, 0
178023, 56832, 1, 0, 0
179024, 52736, 1, 0, 0
