4001, 25625, 1, 0, 0
5001, 49457, 1, 0, 0
6000, 61757, 1, 0, 0
7001, 44243, 1, 0, 0
8003, 50381, 1, 0, 0
9004, 53194, 1, 0, 0
10005, 43988, 1, 0, 0
11006, 55240, 1, 0, 0
12008, 51404, 1, 0, 0
13009, 53706, 1, 0, 0
14010, 55496, 1, 0, 0
15012, 57030, 1, 0, 0
16013, 54985, 1, 0, 0
17014, 52939, 1, 0, 0
18015, 52427, 1, 0, 0
19016, 56775, 1, 0, 0
20018, 53194, 1, 0, 0
21019, 56519, 1, 0, 0
22020, 57798, 1, 0, 0
23021, 50176, 1, 0, 0
24021, 56632, 1, 0, 0
25020, 61501, 1, 0, 0
26021, 58368, 1, 0, 0
27020, 53301, 1, 0, 0
28020, 53045, 1, 0, 0
29020, 54784, 1, 0, 0
30020, 56632, 1, 0, 0
31020, 51763, 1, 0, 0
32021, 62464, 1, 0, 0
33021, 59195, 1, 0, 0
34020, 54582, 1, 0, 0
35020, 49457, 1, 0, 0
36021, 50176, 1, 0, 0
37021, 50482, 1, 0, 0
38020, 58938, 1, 0, 0
39021, 50688, 1, 0, 0
40021, 61501, 1, 0, 0
41021, 63039, 1, 0, 0
42020, 57657, 1, 0, 0
43021, 52480, 1, 0, 0
44021, 55863, 1, 0, 0
45021, 54582, 1, 0, 0
46020, 56888, 1, 0, 0
47021, 57088, 1, 0, 0
48021, 56632, 1, 0, 0
49020, 67907, 1, 0, 0
50021, 59136, 1, 0, 0
51021, 52276, 1, 0, 0
52020, 58938, 1, 0, 0
53021, 50432, 1, 0, 0
54021, 57401, 1, 0, 0
55020, 56376, 1, 0, 0
56021, 54784, 1, 0, 0
57021, 59195, 1, 0, 0
58020, 52532, 1, 0, 0
59021, 52480, 1, 0, 0
60021, 51763, 1, 0, 0
61020, 55607, 1, 0, 0
62021, 64512, 1, 0, 0
63021, 49969, 1, 0, 0
64020, 56888, 1, 0, 0
65021, 55808, 1, 0, 0
66021, 55095, 1, 0, 0
67020, 60732, 1, 0, 0
68021, 58368, 1, 0, 0
69021, 55351, 1, 0, 0
70020, 59195, 1, 0, 0
71021, 53248, 1, 0, 0
72021, 55863, 1, 0, 0
73021, 47919, 1, 0, 0
74020, 50994, 1, 0, 0
75021, 48640, 1, 0, 0
76021, 53557, 1, 0, 0
77020, 55351, 1, 0, 0
78021, 50944, 1, 0, 0
79021, 60732, 1, 0, 0
80020, 44588, 1, 0, 0
81021, 64768, 1, 0, 0
82021, 56120, 1, 0, 0
83020, 49201, 1, 0, 0
84021, 50432, 1, 0, 0
85021, 53813, 1, 0, 0
86020, 54326, 1, 0, 0
87021, 58368, 1, 0, 0
88021, 62270, 1, 0, 0
89020, 46894, 1, 0, 0
90021, 50432, 1, 0, 0
91021, 63039, 1, 0, 0
92021, 52020, 1, 0, 0
93020, 54326, 1, 0, 0
94021, 56832, 1, 0, 0
95021, 63039, 1, 0, 0
96020, 57401, 1, 0, 0
97020, 50482, 1, 0, 0
98021, 55808, 1, 0, 0
99021, 55095, 1, 0, 0
100020, 58170, 1, 0, 0
101021, 51968, 1, 0, 0
102021, 65857, 1, 0, 0
103020, 58426, 1, 0, 0
104021, 52224, 1, 0, 0
105021, 52788, 1, 0, 0
106021, 64064, 1, 0, 0
107020, 54838, 1, 0, 0
108021, 54272, 1, 0, 0
109021, 54326, 1, 0, 0
110021, 56120, 1, 0, 0
111020, 55863, 1, 0, 0
112021, 54784, 1, 0, 0
113021, 43819, 1, 0, 0
114020, 57401, 1, 0, 0
115021, 53504, 1, 0, 0
116021, 50738, 1, 0, 0
117021, 48688, 1, 0, 0
118020, 53301, 1, 0, 0
119021, 52736, 1, 0, 0
120021, 42794, 1, 0, 0
121020, 54326, 1, 0, 0
122021, 54528, 1, 0, 0
123021, 53045, 1, 0, 0
124020, 54070, 1, 0, 0
125020, 57657, 1, 0, 0
126021, 50688, 1, 0, 0
127021, 57913, 1, 0, 0
128021, 55607, 1, 0, 0
129020, 47919, 1, 0, 0
130021, 49664, 1, 0, 0
131021, 61501, 1, 0, 0
132020, 53813, 1, 0, 0
133020, 50482, 1, 0, 0
134021, 51456, 1, 0, 0
135021, 55095, 1, 0, 0
136021, 54838, 1, 0, 0
137020, 56120, 1, 0, 0
138020, 48432, 1, 0, 0
139021, 65792, 1, 0, 0
140021, 50226, 1, 0, 0
141020, 59195, 1, 0, 0
142020, 52276, 1, 0, 0
143021, 54784, 1, 0, 0
144021, 52276, 1, 0, 0
145020, 52532, 1, 0, 0
146021, 55552, 1, 0, 0
147021, 53813, 1, 0, 0
148020, 50738, 1, 0, 0
149020, 49457, 1, 0, 0
150021, 52480, 1, 0, 0
151021, 51507, 1, 0, 0
152020, 50226, 1, 0, 0
153021, 53248, 1, 0, 0
154021, 54326, 1, 0, 0
155020, 56120, 1, 0, 0
156021, 54016, 1, 0, 0
157021, 58170, 1, 0, 0
158020, 59963, 1, 0, 0
159020, 63039, 1, 0, 0
160021, 52992, 1, 0, 0
161021, 54070, 1, 0, 0
162020, 51251, 1, 0, 0
163020, 53557, 1, 0, 0
164021, 48640, 1, 0, 0
165021, 52020, 1, 0, 0
166020, 54838, 1, 0, 0
167021, 53504, 1, 0, 0
168021, 57913, 1, 0, 0
169020, 55095, 1, 0, 0
170021, 58624, 1, 0, 0
171021, 63295, 1, 0, 0
172021, 47151, 1, 0, 0
173020, 55095, 1, 0, 0
174021, 57088, 1, 0, 0
175021, 52276, 1, 0, 0
176020, 58170, 1, 0, 0
177020, 56376, 1, 0, 0
178021, 50944, 1, 0, 0
179021, 61184, 1, 0, 0
