4001, 21781, 1, 0, 0
5002, 48847, 1, 0, 0
6004, 47312, 1, 0, 0
7005, 52171, 1, 0, 0
8006, 53706, 1, 0, 0
9007, 57798, 1, 0, 0
10008, 47616, 1, 0, 0
11008, 52992, 1, 0, 0
12007, 43051, 1, 0, 0
13008, 57856, 1, 0, 0
14008, 39936, 1, 0, 0
15007, 54838, 1, 0, 0
16006, 50226, 1, 0, 0
17005, 53813, 1, 0, 0
18005, 52532, 1, 0, 0
19004, 50226, 1, 0, 0
20005, 49614, 1, 0, 0
21006, 58309, 1, 0, 0
22007, 48335, 1, 0, 0
23008, 55808, 1, 0, 0
24008, 53557, 1, 0, 0
25007, 49201, 1, 0, 0
26008, 67584, 1, 0, 0
27008, 65089, 1, 0, 0
28008, 51507, 1, 0, 0
29008, 51968, 1, 0, 0
30008, 54070, 1, 0, 0
31007, 52020, 1, 0, 0
32008, 57344, 1, 0, 0
33008, 60220, 1, 0, 0
34008, 54326, 1, 0, 0
35008, 58170, 1, 0, 0
36008, 54272, 1, 0, 0
37008, 45357, 1, 0, 0
38008, 58170, 1, 0, 0
39009, 48128, 1, 0, 0
40008, 48944, 1, 0, 0
41008, 54070, 1, 0, 0
42008, 48688, 1, 0, 0
43009, 52736, 1, 0, 0
44008, 55351, 1, 0, 0
45008, 56120, 1, 0, 0
46008, 54838, 1, 0, 0
47008, 63488, 1, 0, 0
48008, 56632, 1, 0, 0
49008, 56120, 1, 0, 0
50008, 46080, 1, 0, 0
51008, 54326, 1, 0, 0
52008, 57145, 1, 0, 0
53008, 55552, 1, 0, 0
54008, 56120, 1, 0, 0
55008, 59963, 1, 0, 0
56009, 57600, 1, 0, 0
57008, 55863, 1, 0, 0
58008, 59451, 1, 0, 0
59008, 61440, 1, 0, 0
60008, 53045, 1, 0, 0
61008, 57401, 1, 0, 0
62008, 56064, 1, 0, 0
63008, 51251, 1, 0, 0
64008, 57401, 1, 0, 0
65008, 53504, 1, 0, 0
66008, 50738, 1, 0, 0
67008, 56376, 1, 0, 0
68008, 61696, 1, 0, 0
69008, 55607, 1, 0, 0
70008, 53301, 1, 0, 0
71009, 50688, 1, 0, 0
72008, 59707, 1, 0, 0
73008, 50994, 1, 0, 0
74008, 46894, 1, 0, 0
75008, 54784, 1, 0, 0
76008, 51763, 1, 0, 0
77008, 48176, 1, 0, 0
78008, 59392, 1, 0, 0
79008, 53045, 1, 0, 0
80008, 51251, 1, 0, 0
81008, 46848, 1, 0, 0
82008, 60732, 1, 0, 0
83008, 56888, 1, 0, 0
84008, 55808, 1, 0, 0
85008, 55863, 1, 0, 0
86008, 59707, 1, 0, 0
87008, 58112, 1, 0, 0
88008, 52788, 1, 0, 0
89008, 50738, 1, 0, 0
90008, 56320, 1, 0, 0
91008, 54838, 1, 0, 0
92008, 66882, 1, 0, 0
93008, 45357, 1, 0, 0
94008, 61696, 1, 0, 0
95008, 54326, 1, 0, 0
96008, 47407, 1, 0, 0
97008, 50482, 1, 0, 0
98008, 51200, 1, 0, 0
99008, 50994, 1, 0, 0
100008, 50226, 1, 0, 0
101008, 60672, 1, 0, 0
102008, 55095, 1, 0, 0
103008, 52276, 1, 0, 0
104009, 51456, 1, 0, 0
105008, 55607, 1, 0, 0
106008, 56632, 1, 0, 0
107008, 48688, 1, 0, 0
108009, 45056, 1, 0, 0
109008, 50994, 1, 0, 0
110008, 51251, 1, 0, 0
111008, 60988, 1, 0, 0
112008, 55296, 1, 0, 0
113008, 50482, 1, 0, 0
114008, 56632, 1, 0, 0
115009, 46848, 1, 0, 0
116008, 53045, 1, 0, 0
117008, 58170, 1, 0, 0
118008, 54326, 1, 0, 0
119009, 57600, 1, 0, 0
120008, 54070, 1, 0, 0
121008, 59195, 1, 0, 0
122009, 50944, 1, 0, 0
123008, 59451, 1, 0, 0
124008, 56376, 1, 0, 0
125008, 53557, 1, 0, 0
126009, 56576, 1, 0, 0
127008, 46894, 1, 0, 0
128008, 48688, 1, 0, 0
129008, 49457, 1, 0, 0
130008, 52736, 1, 0, 0
131008, 51251, 1, 0, 0
132008, 44588, 1, 0, 0
133008, 60988, 1, 0, 0
134009, 50944, 1, 0, 0
135008, 58938, 1, 0, 0
136008, 50738, 1, 0, 0
137008, 52788, 1, 0, 0
138008, 53813, 1, 0, 0
139008, 57600, 1, 0, 0
140008, 57145, 1, 0, 0
141008, 60988, 1, 0, 0
142008, 58682, 1, 0, 0
143008, 54016, 1, 0, 0
144008, 57657, 1, 0, 0
145008, 48688, 1, 0, 0
146009, 55808, 1, 0, 0
147008, 45357, 1, 0, 0
148008, 45869, 1, 0, 0
149008, 55863, 1, 0, 0
150008, 47872, 1, 0, 0
151008, 51251, 1, 0, 0
152008, 50226, 1, 0, 0
153008, 49920, 1, 0, 0
154008, 50738, 1, 0, 0
155008, 50226, 1, 0, 0
156009, 42752, 1, 0, 0
157008, 52532, 1, 0, 0
158008, 54838, 1, 0, 0
159008, 50738, 1, 0, 0
160008, 48128, 1, 0, 0
161008, 52020, 1, 0, 0
162008, 51251, 1, 0, 0
163008, 43051, 1, 0, 0
164008, 56064, 1, 0, 0
165008, 45357, 1, 0, 0
166008, 54838, 1, 0, 0
167008, 54272, 1, 0, 0
168008, 55863, 1, 0, 0
169008, 56120, 1, 0, 0
170009, 62464, 1, 0, 0
171008, 43563, 1, 0, 0
172008, 53301, 1, 0, 0
173008, 60732, 1, 0, 0
174008, 56320, 1, 0, 0
175008, 51763, 1, 0, 0
176008, 56632, 1, 0, 0
177008, 57145, 1, 0, 0
178008, 48128, 1, 0, 0
179009, 46848, 1, 0, 0
