1000, 12544, 0, 0, 0
1000, 8448, 1, 0, 0
2001, 30177, 0, 0, 0
2001, 23016, 1, 0, 0
3003, 26341, 0, 0, 0
3003, 27876, 1, 0, 0
4004, 26341, 0, 0, 0
4004, 31712, 1, 0, 0
5005, 31712, 0, 0, 0
5005, 31968, 1, 0, 0
6006, 26853, 0, 0, 0
6006, 31200, 1, 0, 0
7008, 29666, 0, 0, 0
7008, 30177, 1, 0, 0
8009, 27108, 0, 0, 0
8009, 29154, 1, 0, 0
9010, 35072, 0, 0, 0
9010, 26112, 1, 0, 0
10011, 33758, 0, 0, 0
10011, 25574, 1, 0, 0
11011, 25600, 0, 0, 0
11011, 30208, 1, 0, 0
12010, 27675, 0, 0, 0
12010, 28700, 1, 0, 0
13010, 30494, 0, 0, 0
13010, 26650, 1, 0, 0
14011, 28643, 0, 0, 0
14011, 29410, 1, 0, 0
15011, 26624, 0, 0, 0
15011, 26880, 1, 0, 0
16011, 30464, 0, 0, 0
16011, 32512, 1, 0, 0
17011, 25856, 0, 0, 0
17011, 26880, 1, 0, 0
18011, 29184, 0, 0, 0
18011, 25088, 1, 0, 0
19011, 24832, 0, 0, 0
19011, 25088, 1, 0, 0
20011, 27136, 0, 0, 0
20011, 30976, 1, 0, 0
21010, 28700, 0, 0, 0
21010, 26906, 1, 0, 0
22010, 27904, 0, 0, 0
22010, 30208, 1, 0, 0
23010, 21504, 0, 0, 0
23010, 25600, 1, 0, 0
24011, 24576, 0, 0, 0
24011, 28160, 1, 0, 0
25010, 33057, 0, 0, 0
25010, 29469, 1, 0, 0
26010, 27419, 0, 0, 0
26010, 32800, 1, 0, 0
27011, 29952, 0, 0, 0
27011, 28416, 1, 0, 0
28011, 26880, 0, 0, 0
28011, 28160, 1, 0, 0
29011, 33536, 0, 0, 0
29011, 34048, 1, 0, 0
30011, 32512, 0, 0, 0
30011, 33792, 1, 0, 0
31010, 30750, 0, 0, 0
31010, 24088, 1, 0, 0
32011, 30208, 0, 0, 0
32011, 30976, 1, 0, 0
33011, 30208, 0, 0, 0
33011, 32512, 1, 0, 0
34011, 22784, 0, 0, 0
34011, 27904, 1, 0, 0
35011, 25600, 0, 0, 0
35011, 25600, 1, 0, 0
36011, 26368, 0, 0, 0
36011, 29696, 1, 0, 0
37011, 25088, 0, 0, 0
37011, 28160, 1, 0, 0
38011, 28444, 0, 0, 0
38011, 21781, 1, 0, 0
39011, 30494, 0, 0, 0
39011, 28188, 1, 0, 0
40011, 28416, 0, 0, 0
40011, 24064, 1, 0, 0
41011, 27648, 0, 0, 0
41011, 28160, 1, 0, 0
42011, 27392, 0, 0, 0
42011, 31488, 1, 0, 0
43011, 30976, 0, 0, 0
43011, 32000, 1, 0, 0
44011, 25600, 0, 0, 0
44011, 27904, 1, 0, 0
45011, 26394, 0, 0, 0
45011, 30494, 1, 0, 0
46011, 29696, 0, 0, 0
46011, 26368, 1, 0, 0
47011, 29952, 0, 0, 0
47011, 26624, 1, 0, 0
48011, 25088, 0, 0, 0
48011, 27648, 1, 0, 0
49011, 29952, 0, 0, 0
49011, 35328, 1, 0, 0
50011, 26624, 0, 0, 0
50011, 26112, 1, 0, 0
51011, 31263, 0, 0, 0
51011, 27163, 1, 0, 0
52011, 33280, 0, 0, 0
52011, 36352, 1, 0, 0
53011, 28672, 0, 0, 0
53011, 29184, 1, 0, 0
54011, 30720, 0, 0, 0
54011, 28416, 1, 0, 0
55011, 30208, 0, 0, 0
55011, 29952, 1, 0, 0
56011, 28672, 0, 0, 0
56011, 25856, 1, 0, 0
57011, 29469, 0, 0, 0
57011, 28956, 1, 0, 0
58011, 29184, 0, 0, 0
58011, 25856, 1, 0, 0
59011, 26624, 0, 0, 0
59011, 26368, 1, 0, 0
60011, 26880, 0, 0, 0
60011, 31488, 1, 0, 0
61011, 36644, 0, 0, 0
61011, 32800, 1, 0, 0
62011, 30720, 0, 0, 0
62011, 27904, 1, 0, 0
63011, 26368, 0, 0, 0
63011, 33280, 1, 0, 0
64011, 24320, 0, 0, 0
64011, 28928, 1, 0, 0
65011, 30208, 0, 0, 0
65011, 27904, 1, 0, 0
66011, 27392, 0, 0, 0
66011, 29184, 1, 0, 0
67010, 25369, 0, 0, 0
67010, 24856, 1, 0, 0
68011, 26368, 0, 0, 0
68011, 24832, 1, 0, 0
69011, 29952, 0, 0, 0
69011, 30720, 1, 0, 0
70011, 29952, 0, 0, 0
70011, 23552, 1, 0, 0
71011, 20480, 0, 0, 0
71011, 23808, 1, 0, 0
72011, 28928, 0, 0, 0
72011, 31232, 1, 0, 0
73011, 24576, 0, 0, 0
73011, 28672, 1, 0, 0
74011, 27163, 0, 0, 0
74011, 25625, 1, 0, 0
75011, 28416, 0, 0, 0
75011, 28416, 1, 0, 0
76011, 27904, 0, 0, 0
76011, 26624, 1, 0, 0
77011, 32768, 0, 0, 0
77011, 28928, 1, 0, 0
78011, 24088, 0, 0, 0
78011, 25881, 1, 0, 0
79011, 28416, 0, 0, 0
79011, 25088, 1, 0, 0
80011, 28444, 0, 0, 0
80011, 30750, 1, 0, 0
81011, 26624, 0, 0, 0
81011, 22528, 1, 0, 0
82011, 31263, 0, 0, 0
82011, 24856, 1, 0, 0
83011, 32768, 0, 0, 0
83011, 28672, 1, 0, 0
84011, 32768, 0, 0, 0
84011, 27648, 1, 0, 0
85011, 31519, 0, 0, 0
85011, 27163, 1, 0, 0
86011, 27904, 0, 0, 0
86011, 27136, 1, 0, 0
87011, 27392, 0, 0, 0
87011, 33024, 1, 0, 0
88010, 29981, 0, 0, 0
88010, 28956, 1, 0, 0
89011, 28160, 0, 0, 0
89011, 23808, 1, 0, 0
90011, 22784, 0, 0, 0
90011, 27648, 1, 0, 0
91011, 27136, 0, 0, 0
91011, 31232, 1, 0, 0
92011, 25856, 0, 0, 0
92011, 29440, 1, 0, 0
93011, 27136, 0, 0, 0
93011, 29952, 1, 0, 0
94011, 25600, 0, 0, 0
94011, 26112, 1, 0, 0
95011, 26880, 0, 0, 0
95011, 28928, 1, 0, 0
96011, 28188, 0, 0, 0
96011, 24088, 1, 0, 0
97011, 26880, 0, 0, 0
97011, 29696, 1, 0, 0
98011, 24064, 0, 0, 0
98011, 22528, 1, 0, 0
99011, 30976, 0, 0, 0
99011, 27904, 1, 0, 0
100011, 27648, 0, 0, 0
100011, 27904, 1, 0, 0
101011, 28956, 0, 0, 0
101011, 30238, 1, 0, 0
102011, 32768, 0, 0, 0
102011, 26624, 1, 0, 0
103011, 33024, 0, 0, 0
103011, 32256, 1, 0, 0
104010, 29981, 0, 0, 0
104010, 27163, 1, 0, 0
105011, 26112, 0, 0, 0
105011, 24576, 1, 0, 0
106011, 30464, 0, 0, 0
106011, 28160, 1, 0, 0
107011, 25856, 0, 0, 0
107011, 25344, 1, 0, 0
108011, 24832, 0, 0, 0
108011, 24320, 1, 0, 0
109011, 27392, 0, 0, 0
109011, 27392, 1, 0, 0
110011, 21504, 0, 0, 0
110011, 22784, 1, 0, 0
111011, 28160, 0, 0, 0
111011, 30464, 1, 0, 0
112011, 27648, 0, 0, 0
112011, 27136, 1, 0, 0
113011, 33536, 0, 0, 0
113011, 27648, 1, 0, 0
114011, 26650, 0, 0, 0
114011, 28188, 1, 0, 0
115011, 29696, 0, 0, 0
115011, 32000, 1, 0, 0
116011, 22272, 0, 0, 0
116011, 26624, 1, 0, 0
117011, 24832, 0, 0, 0
117011, 26624, 1, 0, 0
118011, 28160, 0, 0, 0
118011, 28672, 1, 0, 0
119011, 30976, 0, 0, 0
119011, 32768, 1, 0, 0
120011, 29184, 0, 0, 0
120011, 33024, 1, 0, 0
121011, 32544, 0, 0, 0
121011, 31263, 1, 0, 0
122011, 26650, 0, 0, 0
122011, 26906, 1, 0, 0
123011, 24856, 0, 0, 0
123011, 28188, 1, 0, 0
124011, 29696, 0, 0, 0
124011, 31744, 1, 0, 0
125011, 34560, 0, 0, 0
125011, 36096, 1, 0, 0
126011, 29469, 0, 0, 0
126011, 28444, 1, 0, 0
127011, 22272, 0, 0, 0
127011, 26880, 1, 0, 0
128010, 28188, 0, 0, 0
128010, 28444, 1, 0, 0
129011, 27392, 0, 0, 0
129011, 27392, 1, 0, 0
130011, 29981, 0, 0, 0
130011, 32800, 1, 0, 0
131011, 25881, 0, 0, 0
131011, 33825, 1, 0, 0
132010, 28956, 0, 0, 0
132010, 29981, 1, 0, 0
133011, 29184, 0, 0, 0
133011, 22272, 1, 0, 0
134011, 25369, 0, 0, 0
134011, 27931, 1, 0, 0
135010, 27163, 0, 0, 0
135010, 26138, 1, 0, 0
136010, 29440, 0, 0, 0
136010, 27904, 1, 0, 0
137011, 34048, 0, 0, 0
137011, 22272, 1, 0, 0
138011, 26880, 0, 0, 0
138011, 24320, 1, 0, 0
139011, 28416, 0, 0, 0
139011, 27136, 1, 0, 0
140011, 28188, 0, 0, 0
140011, 23831, 1, 0, 0
141011, 27419, 0, 0, 0
141011, 27675, 1, 0, 0
142010, 25625, 0, 0, 0
142010, 26906, 1, 0, 0
143011, 30208, 0, 0, 0
143011, 30720, 1, 0, 0
144011, 25088, 0, 0, 0
144011, 26368, 1, 0, 0
145011, 24064, 0, 0, 0
145011, 28928, 1, 0, 0
146011, 32000, 0, 0, 0
146011, 27136, 1, 0, 0
147011, 26138, 0, 0, 0
147011, 32800, 1, 0, 0
148011, 30208, 0, 0, 0
148011, 30208, 1, 0, 0
149011, 28160, 0, 0, 0
149011, 30464, 1, 0, 0
150011, 25113, 0, 0, 0
150011, 28444, 1, 0, 0
151011, 29952, 0, 0, 0
151011, 28928, 1, 0, 0
152011, 27931, 0, 0, 0
152011, 30494, 1, 0, 0
153011, 24088, 0, 0, 0
153011, 23575, 1, 0, 0
154011, 34850, 0, 0, 0
154011, 26650, 1, 0, 0
155011, 23808, 0, 0, 0
155011, 27648, 1, 0, 0
156011, 28928, 0, 0, 0
156011, 28672, 1, 0, 0
157011, 22784, 0, 0, 0
157011, 26880, 1, 0, 0
158011, 25881, 0, 0, 0
158011, 25625, 1, 0, 0
159011, 27419, 0, 0, 0
159011, 25881, 1, 0, 0
160011, 23831, 0, 0, 0
160011, 31263, 1, 0, 0
161011, 24832, 0, 0, 0
161011, 20480, 1, 0, 0
162011, 28672, 0, 0, 0
162011, 29952, 1, 0, 0
163011, 26368, 0, 0, 0
163011, 31488, 1, 0, 0
164011, 28672, 0, 0, 0
164011, 29184, 1, 0, 0
165011, 27904, 0, 0, 0
165011, 24320, 1, 0, 0
166011, 29725, 0, 0, 0
166011, 27419, 1, 0, 0
167011, 22294, 0, 0, 0
167011, 28956, 1, 0, 0
168011, 30238, 0, 0, 0
168011, 30238, 1, 0, 0
169011, 24576, 0, 0, 0
169011, 29952, 1, 0, 0
170011, 22806, 0, 0, 0
170011, 23319, 1, 0, 0
171011, 27675, 0, 0, 0
171011, 26394, 1, 0, 0
172011, 29696, 0, 0, 0
172011, 29952, 1, 0, 0
173010, 33057, 0, 0, 0
173010, 21781, 1, 0, 0
174010, 28444, 0, 0, 0
174010, 29213, 1, 0, 0
175011, 29440, 0, 0, 0
175011, 29440, 1, 0, 0
176011, 28444, 0, 0, 0
176011, 29725, 1, 0, 0
177011, 31007, 0, 0, 0
177011, 26394, 1, 0, 0
178011, 23063, 0, 0, 0
178011, 25369, 1, 0, 0
179011, 22294, 0, 0, 0
179011, 25113, 1, 0, 0
