1000, 38656, 0, 0, 0
1000, 32512, 1, 0, 0
2000, 59707, 0, 0, 0
2000, 52020, 1, 0, 0
2999, 44076, 0, 0, 0
2999, 41769, 1, 0, 0
3999, 50738, 0, 0, 0
3999, 53045, 1, 0, 0
4998, 60220, 0, 0, 0
4998, 55095, 1, 0, 0
5997, 45869, 0, 0, 0
5997, 45357, 1, 0, 0
6998, 53706, 0, 0, 0
6998, 55240, 1, 0, 0
8000, 46801, 0, 0, 0
8000, 43988, 1, 0, 0
9000, 50688, 0, 0, 0
9000, 59904, 1, 0, 0
10002, 38617, 0, 0, 0
10002, 46289, 1, 0, 0
11002, 53760, 0, 0, 0
11002, 47872, 1, 0, 0
12001, 47407, 0, 0, 0
12001, 43819, 1, 0, 0
13000, 61757, 0, 0, 0
13000, 58426, 1, 0, 0
14001, 44755, 0, 0, 0
14001, 46801, 1, 0, 0
15001, 57600, 0, 0, 0
15001, 49920, 1, 0, 0
16001, 44288, 0, 0, 0
16001, 43008, 1, 0, 0
17001, 59648, 0, 0, 0
17001, 50944, 1, 0, 0
18002, 51712, 0, 0, 0
18002, 46848, 1, 0, 0
19002, 54784, 0, 0, 0
19002, 48640, 1, 0, 0
20002, 50944, 0, 0, 0
20002, 52480, 1, 0, 0
21001, 56376, 0, 0, 0
21001, 51507, 1, 0, 0
22001, 44288, 0, 0, 0
22001, 50176, 1, 0, 0
23001, 39680, 0, 0, 0
23001, 48640, 1, 0, 0
24002, 42752, 0, 0, 0
24002, 47616, 1, 0, 0
25001, 40488, 0, 0, 0
25001, 45101, 1, 0, 0
26001, 54326, 0, 0, 0
26001, 52788, 1, 0, 0
27001, 47104, 0, 0, 0
27001, 48128, 1, 0, 0
28002, 42752, 0, 0, 0
28002, 44544, 1, 0, 0
29002, 47360, 0, 0, 0
29002, 55040, 1, 0, 0
30002, 48640, 0, 0, 0
30002, 46848, 1, 0, 0
31001, 45613, 0, 0, 0
31001, 46126, 1, 0, 0
32001, 40960, 0, 0, 0
32001, 43008, 1, 0, 0
33001, 43520, 0, 0, 0
33001, 48640, 1, 0, 0
34001, 59648, 0, 0, 0
34001, 49152, 1, 0, 0
35001, 50176, 0, 0, 0
35001, 50944, 1, 0, 0
36002, 45824, 0, 0, 0
36002, 51968, 1, 0, 0
37002, 49920, 0, 0, 0
37002, 52480, 1, 0, 0
38002, 56632, 0, 0, 0
38002, 61245, 1, 0, 0
39001, 46894, 0, 0, 0
39001, 43563, 1, 0, 0
40001, 54016, 0, 0, 0
40001, 52480, 1, 0, 0
41001, 50432, 0, 0, 0
41001, 44288, 1, 0, 0
42001, 50944, 0, 0, 0
42001, 47104, 1, 0, 0
43002, 55040, 0, 0, 0
43002, 52992, 1, 0, 0
44002, 52224, 0, 0, 0
44002, 48640, 1, 0, 0
45001, 46382, 0, 0, 0
45001, 50994, 1, 0, 0
46001, 46848, 0, 0, 0
46001, 50688, 1, 0, 0
47001, 51712, 0, 0, 0
47001, 50944, 1, 0, 0
48001, 47872, 0, 0, 0
48001, 54784, 1, 0, 0
49002, 56576, 0, 0, 0
49002, 49920, 1, 0, 0
50002, 51456, 0, 0, 0
50002, 56832, 1, 0, 0
51001, 56120, 0, 0, 0
51001, 57657, 1, 0, 0
52001, 39168, 0, 0, 0
52001, 44288, 1, 0, 0
53001, 52992, 0, 0, 0
53001, 49152, 1, 0, 0
54001, 51456, 0, 0, 0
54001, 50688, 1, 0, 0
55002, 59648, 0, 0, 0
55002, 50944, 1, 0, 0
56002, 41984, 0, 0, 0
56002, 46848, 1, 0, 0
57001, 50994, 0, 0, 0
57001, 48688, 1, 0, 0
58001, 47872, 0, 0, 0
58001, 48896, 1, 0, 0
59001, 48640, 0, 0, 0
59001, 50176, 1, 0, 0
60002, 57088, 0, 0, 0
60002, 54016, 1, 0, 0
61001, 54838, 0, 0, 0
61001, 51251, 1, 0, 0
62001, 50688, 0, 0, 0
62001, 47360, 1, 0, 0
63001, 53248, 0, 0, 0
63001, 46080, 1, 0, 0
64001, 46592, 0, 0, 0
64001, 54016, 1, 0, 0
65001, 59392, 0, 0, 0
65001, 53248, 1, 0, 0
66002, 58624, 0, 0, 0
66002, 46592, 1, 0, 0
67001, 50226, 0, 0, 0
67001, 54326, 1, 0, 0
68001, 57600, 0, 0, 0
68001, 57088, 1, 0, 0
69001, 53760, 0, 0, 0
69001, 58880, 1, 0, 0
70001, 52224, 0, 0, 0
70001, 55040, 1, 0, 0
71001, 44032, 0, 0, 0
71001, 46080, 1, 0, 0
72001, 42240, 0, 0, 0
72001, 44032, 1, 0, 0
73002, 52480, 0, 0, 0
73002, 52224, 1, 0, 0
74002, 44076, 0, 0, 0
74002, 48688, 1, 0, 0
75002, 50176, 0, 0, 0
75002, 57600, 1, 0, 0
76002, 41728, 0, 0, 0
76002, 47872, 1, 0, 0
77002, 52480, 0, 0, 0
77002, 50176, 1, 0, 0
78002, 52532, 0, 0, 0
78002, 45869, 1, 0, 0
79002, 56320, 0, 0, 0
79002, 60416, 1, 0, 0
80001, 54326, 0, 0, 0
80001, 41001, 1, 0, 0
81001, 51712, 0, 0, 0
81001, 52480, 1, 0, 0
82001, 49713, 0, 0, 0
82001, 47151, 1, 0, 0
83001, 39680, 0, 0, 0
83001, 51456, 1, 0, 0
84001, 58112, 0, 0, 0
84001, 55552, 1, 0, 0
85001, 43307, 0, 0, 0
85001, 43563, 1, 0, 0
86001, 43264, 0, 0, 0
86001, 54784, 1, 0, 0
87001, 49920, 0, 0, 0
87001, 46848, 1, 0, 0
88001, 42282, 0, 0, 0
88001, 47407, 1, 0, 0
89001, 41472, 0, 0, 0
89001, 44288, 1, 0, 0
90001, 58880, 0, 0, 0
90001, 47872, 1, 0, 0
91001, 49152, 0, 0, 0
91001, 47872, 1, 0, 0
92001, 39936, 0, 0, 0
92001, 48640, 1, 0, 0
93001, 55296, 0, 0, 0
93001, 49920, 1, 0, 0
94002, 48640, 0, 0, 0
94002, 46848, 1, 0, 0
95002, 43008, 0, 0, 0
95002, 43520, 1, 0, 0
96002, 56120, 0, 0, 0
96002, 50994, 1, 0, 0
97002, 48384, 0, 0, 0
97002, 48896, 1, 0, 0
98002, 50176, 0, 0, 0
98002, 49664, 1, 0, 0
99002, 53760, 0, 0, 0
99002, 54528, 1, 0, 0
100002, 45056, 0, 0, 0
100002, 43264, 1, 0, 0
101001, 51251, 0, 0, 0
101001, 47407, 1, 0, 0
102001, 53760, 0, 0, 0
102001, 52480, 1, 0, 0
103002, 53760, 0, 0, 0
103002, 45824, 1, 0, 0
104001, 43563, 0, 0, 0
104001, 45613, 1, 0, 0
105001, 55296, 0, 0, 0
105001, 53504, 1, 0, 0
106001, 51200, 0, 0, 0
106001, 50688, 1, 0, 0
107001, 46592, 0, 0, 0
107001, 44544, 1, 0, 0
108001, 47616, 0, 0, 0
108001, 44544, 1, 0, 0
109001, 48640, 0, 0, 0
109001, 51712, 1, 0, 0
110001, 38912, 0, 0, 0
110001, 49408, 1, 0, 0
111001, 49152, 0, 0, 0
111001, 41728, 1, 0, 0
112002, 30720, 0, 0, 0
112002, 43520, 1, 0, 0
113002, 32256, 0, 0, 0
113002, 43520, 1, 0, 0
114001, 52788, 0, 0, 0
114001, 51507, 1, 0, 0
115001, 45568, 0, 0, 0
115001, 59136, 1, 0, 0
116001, 49664, 0, 0, 0
116001, 47616, 1, 0, 0
117001, 53760, 0, 0, 0
117001, 53760, 1, 0, 0
118001, 49408, 0, 0, 0
118001, 55296, 1, 0, 0
119001, 58624, 0, 0, 0
119001, 56576, 1, 0, 0
120001, 46592, 0, 0, 0
120001, 45312, 1, 0, 0
121001, 53557, 0, 0, 0
121001, 48176, 1, 0, 0
122001, 56888, 0, 0, 0
122001, 45101, 1, 0, 0
123001, 59195, 0, 0, 0
123001, 51763, 1, 0, 0
124001, 50176, 0, 0, 0
124002, 49408, 1, 0, 0
125002, 47104, 0, 0, 0
125002, 51200, 1, 0, 0
126002, 55095, 0, 0, 0
126002, 47151, 1, 0, 0
127002, 43264, 0, 0, 0
127002, 49408, 1, 0, 0
128001, 49713, 0, 0, 0
128001, 54326, 1, 0, 0
129002, 52736, 0, 0, 0
129002, 51456, 1, 0, 0
130002, 43051, 0, 0, 0
130002, 42538, 1, 0, 0
131002, 45101, 0, 0, 0
131002, 50482, 1, 0, 0
132001, 48944, 0, 0, 0
132001, 51251, 1, 0, 0
133001, 48128, 0, 0, 0
133001, 42240, 1, 0, 0
134001, 43819, 0, 0, 0
134001, 48944, 1, 0, 0
135001, 51251, 0, 0, 0
135001, 55607, 1, 0, 0
136001, 48896, 0, 0, 0
136001, 45824, 1, 0, 0
137001, 39680, 0, 0, 0
137001, 49408, 1, 0, 0
138001, 48896, 0, 0, 0
138001, 47360, 1, 0, 0
139001, 46336, 0, 0, 0
139001, 44800, 1, 0, 0
140001, 47919, 0, 0, 0
140001, 49457, 1, 0, 0
141001, 42282, 0, 0, 0
141001, 46894, 1, 0, 0
142001, 56632, 0, 0, 0
142001, 54838, 1, 0, 0
143001, 48128, 0, 0, 0
143001, 50432, 1, 0, 0
144001, 46592, 0, 0, 0
144001, 47872, 1, 0, 0
145001, 47616, 0, 0, 0
145001, 49920, 1, 0, 0
146001, 50432, 0, 0, 0
146001, 51712, 1, 0, 0
147001, 43307, 0, 0, 0
147001, 49457, 1, 0, 0
148001, 44032, 0, 0, 0
148001, 43264, 1, 0, 0
149001, 49664, 0, 0, 0
149001, 51968, 1, 0, 0
150001, 54582, 0, 0, 0
150001, 49969, 1, 0, 0
151001, 49664, 0, 0, 0
151001, 52224, 1, 0, 0
152001, 50738, 0, 0, 0
152001, 49969, 1, 0, 0
153001, 35875, 0, 0, 0
153001, 47919, 1, 0, 0
154001, 51763, 0, 0, 0
154001, 54838, 1, 0, 0
155001, 43520, 0, 0, 0
155001, 37632, 1, 0, 0
156001, 55296, 0, 0, 0
156001, 45824, 1, 0, 0
157001, 51200, 0, 0, 0
157001, 44544, 1, 0, 0
158001, 48176, 0, 0, 0
158001, 47663, 1, 0, 0
159001, 52276, 0, 0, 0
159001, 52532, 1, 0, 0
160001, 61245, 0, 0, 0
160001, 57145, 1, 0, 0
161001, 43520, 0, 0, 0
161001, 47616, 1, 0, 0
162002, 39424, 0, 0, 0
162002, 45312, 1, 0, 0
163002, 49664, 0, 0, 0
163002, 45568, 1, 0, 0
164002, 50944, 0, 0, 0
164002, 50688, 1, 0, 0
165002, 48128, 0, 0, 0
165002, 45312, 1, 0, 0
166002, 47407, 0, 0, 0
166002, 47919, 1, 0, 0
167002, 56632, 0, 0, 0
167002, 54582, 1, 0, 0
168001, 50482, 0, 0, 0
168001, 44844, 1, 0, 0
169001, 49152, 0, 0, 0
169001, 58112, 1, 0, 0
170001, 56888, 0, 0, 0
170001, 52788, 1, 0, 0
171001, 51507, 0, 0, 0
171001, 51251, 1, 0, 0
172001, 43264, 0, 0, 0
172001, 47104, 1, 0, 0
173001, 53301, 0, 0, 0
173001, 47407, 1, 0, 0
174001, 54326, 0, 0, 0
174001, 54070, 1, 0, 0
175002, 52480, 0, 0, 0
175002, 43520, 1, 0, 0
176002, 56632, 0, 0, 0
176002, 46382, 1, 0, 0
177002, 49457, 0, 0, 0
177002, 53301, 1, 0, 0
178002, 61245, 0, 0, 0
178002, 51251, 1, 0, 0
179002, 59963, 0, 0, 0
179002, 54326, 1, 0, 0
