1000, 12032, 0, 0, 0
1000, 11264, 1, 0, 0
2000, 28188, 0, 0, 0
2000, 29469, 1, 0, 0
3001, 23016, 0, 0, 0
3001, 27108, 1, 0, 0
4002, 29666, 0, 0, 0
4002, 28643, 1, 0, 0
5004, 26597, 0, 0, 0
5004, 27876, 1, 0, 0
6005, 27364, 0, 0, 0
6005, 26597, 1, 0, 0
7006, 28387, 0, 0, 0
7006, 28899, 1, 0, 0
8007, 33502, 0, 0, 0
8007, 31200, 1, 0, 0
9008, 32512, 0, 0, 0
9008, 27136, 1, 0, 0
10009, 29410, 0, 0, 0
10009, 32991, 1, 0, 0
11011, 28387, 0, 0, 0
11011, 31968, 1, 0, 0
12012, 24551, 0, 0, 0
12012, 28899, 1, 0, 0
13013, 24039, 0, 0, 0
13013, 27108, 1, 0, 0
14014, 29666, 0, 0, 0
14014, 29154, 1, 0, 0
15015, 29154, 0, 0, 0
15015, 31712, 1, 0, 0
16016, 28131, 0, 0, 0
16016, 28899, 1, 0, 0
17017, 24807, 0, 0, 0
17017, 34781, 1, 0, 0
18018, 25062, 0, 0, 0
18018, 23784, 1, 0, 0
19019, 30433, 0, 0, 0
19019, 28131, 1, 0, 0
20021, 29922, 0, 0, 0
20021, 30689, 1, 0, 0
21022, 24807, 0, 0, 0
21022, 30689, 1, 0, 0
22023, 24295, 0, 0, 0
22023, 28131, 1, 0, 0
23024, 30208, 0, 0, 0
23024, 26624, 1, 0, 0
24025, 26853, 0, 0, 0
24025, 27620, 1, 0, 0
25026, 26085, 0, 0, 0
25026, 26085, 1, 0, 0
26027, 30689, 0, 0, 0
26027, 31456, 1, 0, 0
27028, 32479, 0, 0, 0
27028, 29922, 1, 0, 0
28030, 30433, 0, 0, 0
28030, 26341, 1, 0, 0
29031, 33502, 0, 0, 0
29031, 30177, 1, 0, 0
30032, 27620, 0, 0, 0
30032, 36571, 1, 0, 0
31033, 23528, 0, 0, 0
31033, 27876, 1, 0, 0
32034, 28387, 0, 0, 0
32034, 27364, 1, 0, 0
33035, 31456, 0, 0, 0
33035, 33502, 1, 0, 0
34036, 23272, 0, 0, 0
34036, 34269, 1, 0, 0
35037, 28643, 0, 0, 0
35037, 23272, 1, 0, 0
36039, 25062, 0, 0, 0
36039, 30433, 1, 0, 0
37040, 28899, 0, 0, 0
37040, 26853, 1, 0, 0
38041, 28131, 0, 0, 0
38041, 26853, 1, 0, 0
39042, 27876, 0, 0, 0
39042, 26597, 1, 0, 0
40043, 27108, 0, 0, 0
40043, 30945, 1, 0, 0
41044, 26341, 0, 0, 0
41044, 26085, 1, 0, 0
42045, 23272, 0, 0, 0
42045, 28131, 1, 0, 0
43047, 30177, 0, 0, 0
43047, 30945, 1, 0, 0
44048, 27876, 0, 0, 0
44048, 28387, 1, 0, 0
45049, 25574, 0, 0, 0
45049, 29410, 1, 0, 0
46050, 31712, 0, 0, 0
46050, 26853, 1, 0, 0
47051, 26085, 0, 0, 0
47051, 24295, 1, 0, 0
48052, 30177, 0, 0, 0
48052, 26341, 1, 0, 0
49054, 23016, 0, 0, 0
49054, 28643, 1, 0, 0
50055, 26341, 0, 0, 0
50055, 26341, 1, 0, 0
51056, 27620, 0, 0, 0
51056, 21994, 1, 0, 0
52057, 29666, 0, 0, 0
52057, 28131, 1, 0, 0
53058, 29922, 0, 0, 0
53058, 22505, 1, 0, 0
54059, 30689, 0, 0, 0
54059, 31712, 1, 0, 0
55061, 29666, 0, 0, 0
55061, 32223, 1, 0, 0
56062, 27108, 0, 0, 0
56062, 23528, 1, 0, 0
57063, 28131, 0, 0, 0
57063, 34525, 1, 0, 0
58064, 25062, 0, 0, 0
58064, 25830, 1, 0, 0
59065, 27620, 0, 0, 0
59065, 27364, 1, 0, 0
60067, 31968, 0, 0, 0
60067, 32479, 1, 0, 0
61068, 26085, 0, 0, 0
61068, 30433, 1, 0, 0
62069, 30689, 0, 0, 0
62069, 29154, 1, 0, 0
63070, 31712, 0, 0, 0
63070, 25318, 1, 0, 0
64071, 21482, 0, 0, 0
64071, 27620, 1, 0, 0
65072, 36059, 0, 0, 0
65072, 30177, 1, 0, 0
66074, 28643, 0, 0, 0
66074, 24295, 1, 0, 0
67075, 24295, 0, 0, 0
67075, 31968, 1, 0, 0
68076, 21738, 0, 0, 0
68076, 29410, 1, 0, 0
69077, 31200, 0, 0, 0
69077, 25574, 1, 0, 0
70078, 25830, 0, 0, 0
70078, 25574, 1, 0, 0
71079, 28131, 0, 0, 0
71079, 30945, 1, 0, 0
72080, 26341, 0, 0, 0
72080, 27108, 1, 0, 0
73082, 25318, 0, 0, 0
73082, 31456, 1, 0, 0
74083, 28928, 0, 0, 0
74083, 24320, 1, 0, 0
75084, 25344, 0, 0, 0
75084, 24576, 1, 0, 0
76085, 23272, 0, 0, 0
76085, 26597, 1, 0, 0
77086, 29154, 0, 0, 0
77086, 31712, 1, 0, 0
78087, 28416, 0, 0, 0
78087, 26880, 1, 0, 0
79088, 30177, 0, 0, 0
79088, 31200, 1, 0, 0
80089, 24295, 0, 0, 0
80089, 25062, 1, 0, 0
81090, 31968, 0, 0, 0
81090, 29410, 1, 0, 0
82091, 24807, 0, 0, 0
82091, 23016, 1, 0, 0
83092, 26853, 0, 0, 0
83092, 34269, 1, 0, 0
84093, 28643, 0, 0, 0
84093, 28131, 1, 0, 0
85094, 23552, 0, 0, 0
85094, 32000, 1, 0, 0
86095, 28643, 0, 0, 0
86095, 25062, 1, 0, 0
87096, 29440, 0, 0, 0
87096, 27136, 1, 0, 0
88097, 29154, 0, 0, 0
88097, 26341, 1, 0, 0
89098, 31456, 0, 0, 0
89098, 36059, 1, 0, 0
90099, 26853, 0, 0, 0
90099, 31200, 1, 0, 0
91100, 31200, 0, 0, 0
91100, 24039, 1, 0, 0
92101, 21226, 0, 0, 0
92101, 26341, 1, 0, 0
93103, 24807, 0, 0, 0
93103, 27620, 1, 0, 0
94104, 24807, 0, 0, 0
94104, 22505, 1, 0, 0
95105, 26597, 0, 0, 0
95105, 29922, 1, 0, 0
96106, 31744, 0, 0, 0
96106, 31232, 1, 0, 0
97107, 30433, 0, 0, 0
97107, 25830, 1, 0, 0
98108, 32991, 0, 0, 0
98108, 29154, 1, 0, 0
99109, 25574, 0, 0, 0
99109, 26085, 1, 0, 0
100110, 30177, 0, 0, 0
100110, 28643, 1, 0, 0
101111, 31968, 0, 0, 0
101111, 31456, 1, 0, 0
102113, 27364, 0, 0, 0
102113, 36315, 1, 0, 0
103114, 27108, 0, 0, 0
103114, 28387, 1, 0, 0
104115, 33246, 0, 0, 0
104115, 30433, 1, 0, 0
105116, 31712, 0, 0, 0
105116, 24807, 1, 0, 0
106117, 23784, 0, 0, 0
106117, 19180, 1, 0, 0
107118, 28899, 0, 0, 0
107118, 28899, 1, 0, 0
108119, 25062, 0, 0, 0
108119, 23272, 1, 0, 0
109120, 23528, 0, 0, 0
109120, 29410, 1, 0, 0
110121, 26597, 0, 0, 0
110121, 25318, 1, 0, 0
111122, 24551, 0, 0, 0
111122, 31200, 1, 0, 0
112124, 33758, 0, 0, 0
112124, 29922, 1, 0, 0
113125, 34013, 0, 0, 0
113125, 31968, 1, 0, 0
114126, 26853, 0, 0, 0
114126, 34269, 1, 0, 0
115127, 29154, 0, 0, 0
115127, 29666, 1, 0, 0
116128, 25318, 0, 0, 0
116128, 21482, 1, 0, 0
117129, 33246, 0, 0, 0
117129, 31456, 1, 0, 0
118130, 25318, 0, 0, 0
118130, 26597, 1, 0, 0
119131, 33792, 0, 0, 0
119131, 32512, 1, 0, 0
120132, 31200, 0, 0, 0
120132, 31968, 1, 0, 0
121133, 31232, 0, 0, 0
121133, 27136, 1, 0, 0
122134, 27648, 0, 0, 0
122134, 27648, 1, 0, 0
123135, 31200, 0, 0, 0
123135, 27876, 1, 0, 0
124137, 25318, 0, 0, 0
124137, 26597, 1, 0, 0
125138, 26085, 0, 0, 0
125138, 29922, 1, 0, 0
126139, 24832, 0, 0, 0
126139, 25344, 1, 0, 0
127140, 32223, 0, 0, 0
127140, 36315, 1, 0, 0
128141, 25062, 0, 0, 0
128141, 27876, 1, 0, 0
129142, 29440, 0, 0, 0
129142, 30208, 1, 0, 0
130143, 29666, 0, 0, 0
130143, 28387, 1, 0, 0
131144, 25856, 0, 0, 0
131144, 25600, 1, 0, 0
132145, 26085, 0, 0, 0
132145, 23016, 1, 0, 0
133146, 32735, 0, 0, 0
133146, 33246, 1, 0, 0
134147, 28416, 0, 0, 0
134147, 29952, 1, 0, 0
135148, 22272, 0, 0, 0
135148, 26368, 1, 0, 0
136149, 27620, 0, 0, 0
136149, 32479, 1, 0, 0
137150, 24807, 0, 0, 0
137150, 28899, 1, 0, 0
138151, 30945, 0, 0, 0
138151, 30689, 1, 0, 0
139152, 28160, 0, 0, 0
139152, 32256, 1, 0, 0
140153, 23296, 0, 0, 0
140153, 26624, 1, 0, 0
141154, 26624, 0, 0, 0
141154, 30464, 1, 0, 0
142155, 25830, 0, 0, 0
142155, 23272, 1, 0, 0
143156, 31968, 0, 0, 0
143156, 35804, 1, 0, 0
144157, 24551, 0, 0, 0
144157, 32479, 1, 0, 0
145158, 25574, 0, 0, 0
145158, 26853, 1, 0, 0
146159, 26597, 0, 0, 0
146159, 30945, 1, 0, 0
147160, 31968, 0, 0, 0
147160, 25062, 1, 0, 0
148161, 26597, 0, 0, 0
148161, 26597, 1, 0, 0
149162, 27392, 0, 0, 0
149162, 30464, 1, 0, 0
150163, 32256, 0, 0, 0
150163, 30976, 1, 0, 0
151164, 25318, 0, 0, 0
151164, 28131, 1, 0, 0
152165, 29184, 0, 0, 0
152165, 26112, 1, 0, 0
153166, 31744, 0, 0, 0
153166, 29184, 1, 0, 0
154167, 28416, 0, 0, 0
154167, 29952, 1, 0, 0
155168, 29154, 0, 0, 0
155168, 26341, 1, 0, 0
156169, 27876, 0, 0, 0
156169, 24807, 1, 0, 0
157170, 30689, 0, 0, 0
157170, 30945, 1, 0, 0
158171, 29666, 0, 0, 0
158171, 27620, 1, 0, 0
159172, 27136, 0, 0, 0
159172, 31232, 1, 0, 0
160173, 29154, 0, 0, 0
160173, 27620, 1, 0, 0
161174, 25344, 0, 0, 0
161174, 28160, 1, 0, 0
162176, 27364, 0, 0, 0
162176, 27620, 1, 0, 0
163177, 28387, 0, 0, 0
163177, 28899, 1, 0, 0
164178, 26853, 0, 0, 0
164178, 26853, 1, 0, 0
165179, 21504, 0, 0, 0
165179, 27392, 1, 0, 0
166180, 26368, 0, 0, 0
166180, 29952, 1, 0, 0
167181, 22249, 0, 0, 0
167181, 24807, 1, 0, 0
168182, 25830, 0, 0, 0
168182, 30177, 1, 0, 0
169183, 29952, 0, 0, 0
169183, 29184, 1, 0, 0
170184, 26880, 0, 0, 0
170184, 29440, 1, 0, 0
171185, 26112, 0, 0, 0
171185, 25856, 1, 0, 0
172186, 26368, 0, 0, 0
172186, 24576, 1, 0, 0
173187, 28160, 0, 0, 0
173187, 33024, 1, 0, 0
174188, 26085, 0, 0, 0
174188, 26597, 1, 0, 0
175189, 29952, 0, 0, 0
175189, 28416, 1, 0, 0
176190, 28416, 0, 0, 0
176190, 32256, 1, 0, 0
177191, 28160, 0, 0, 0
177191, 25856, 1, 0, 0
178192, 33024, 0, 0, 0
178192, 38400, 1, 0, 0
179193, 28672, 0, 0, 0
179193, 31744, 1, 0, 0
