1000, 39424, 0, 0, 0
1000, 36608, 1, 0, 0
2000, 46336, 0, 0, 0
2000, 44288, 1, 0, 0
3002, 55240, 0, 0, 0
3002, 53194, 1, 0, 0
4003, 51660, 0, 0, 0
4003, 52683, 1, 0, 0
5004, 61890, 0, 0, 0
5004, 56519, 1, 0, 0
6006, 55240, 0, 0, 0
6006, 50893, 1, 0, 0
7007, 52683, 0, 0, 0
7007, 47312, 1, 0, 0
8008, 59332, 0, 0, 0
8008, 45010, 1, 0, 0
9010, 46801, 0, 0, 0
9010, 43988, 1, 0, 0
10011, 39384, 0, 0, 0
10011, 47568, 1, 0, 0
11012, 47056, 0, 0, 0
11012, 52171, 1, 0, 0
12014, 42965, 0, 0, 0
12014, 39640, 1, 0, 0
13015, 39640, 0, 0, 0
13015, 52171, 1, 0, 0
14016, 48079, 0, 0, 0
14016, 50637, 1, 0, 0
15017, 50893, 0, 0, 0
15017, 48591, 1, 0, 0
16018, 54985, 0, 0, 0
16018, 42453, 1, 0, 0
17019, 51404, 0, 0, 0
17019, 50893, 1, 0, 0
18019, 53248, 0, 0, 0
18019, 51456, 1, 0, 0
19019, 60160, 0, 0, 0
19019, 54784, 1, 0, 0
20019, 54528, 0, 0, 0
20019, 47872, 1, 0, 0
21019, 57401, 0, 0, 0
21019, 56376, 1, 0, 0
22019, 49152, 0, 0, 0
22019, 51456, 1, 0, 0
23019, 47616, 0, 0, 0
23019, 49920, 1, 0, 0
24020, 48896, 0, 0, 0
24020, 53760, 1, 0, 0
25019, 47919, 0, 0, 0
25019, 48944, 1, 0, 0
26019, 50226, 0, 0, 0
26019, 52020, 1, 0, 0
27019, 43008, 0, 0, 0
27019, 44032, 1, 0, 0
28019, 49408, 0, 0, 0
28019, 55296, 1, 0, 0
29019, 47872, 0, 0, 0
29019, 51712, 1, 0, 0
30020, 49408, 0, 0, 0
30020, 55552, 1, 0, 0
31019, 62782, 0, 0, 0
31019, 56376, 1, 0, 0
32019, 49920, 0, 0, 0
32019, 47360, 1, 0, 0
33019, 41984, 0, 0, 0
33019, 53504, 1, 0, 0
34019, 50944, 0, 0, 0
34019, 52736, 1, 0, 0
35019, 43520, 0, 0, 0
35019, 45568, 1, 0, 0
36019, 60416, 0, 0, 0
36019, 54272, 1, 0, 0
37019, 40704, 0, 0, 0
37019, 48128, 1, 0, 0
38019, 57401, 0, 0, 0
38019, 55863, 1, 0, 0
39019, 52276, 0, 0, 0
39019, 47151, 1, 0, 0
40019, 59904, 0, 0, 0
40019, 54272, 1, 0, 0
41019, 52736, 0, 0, 0
41019, 50688, 1, 0, 0
42019, 53760, 0, 0, 0
42019, 49408, 1, 0, 0
43019, 43008, 0, 0, 0
43019, 43264, 1, 0, 0
44020, 53248, 0, 0, 0
44020, 49408, 1, 0, 0
45019, 57657, 0, 0, 0
45019, 56376, 1, 0, 0
46019, 54272, 0, 0, 0
46019, 55040, 1, 0, 0
47019, 51456, 0, 0, 0
47019, 50176, 1, 0, 0
48019, 54784, 0, 0, 0
48019, 55808, 1, 0, 0
49019, 54784, 0, 0, 0
49019, 53760, 1, 0, 0
50020, 51968, 0, 0, 0
50020, 43776, 1, 0, 0
51019, 48432, 0, 0, 0
51019, 49201, 1, 0, 0
52019, 50432, 0, 0, 0
52019, 51968, 1, 0, 0
53019, 56832, 0, 0, 0
53019, 52736, 1, 0, 0
54019, 40704, 0, 0, 0
54019, 49152, 1, 0, 0
55019, 41728, 0, 0, 0
55019, 40704, 1, 0, 0
56020, 49664, 0, 0, 0
56020, 58112, 1, 0, 0
57019, 45101, 0, 0, 0
57019, 45613, 1, 0, 0
58019, 54784, 0, 0, 0
58019, 49408, 1, 0, 0
59019, 59648, 0, 0, 0
59019, 59392, 1, 0, 0
60019, 40960, 0, 0, 0
60019, 47872, 1, 0, 0
61019, 43819, 0, 0, 0
61019, 43307, 1, 0, 0
62019, 49408, 0, 0, 0
62019, 51200, 1, 0, 0
63019, 43008, 0, 0, 0
63019, 44544, 1, 0, 0
64019, 47360, 0, 0, 0
64019, 47616, 1, 0, 0
65019, 51968, 0, 0, 0
65019, 51968, 1, 0, 0
66019, 46592, 0, 0, 0
66019, 44544, 1, 0, 0
67019, 48944, 0, 0, 0
67019, 46894, 1, 0, 0
68019, 46848, 0, 0, 0
68019, 48896, 1, 0, 0
69019, 53248, 0, 0, 0
69019, 54528, 1, 0, 0
70019, 52224, 0, 0, 0
70019, 49664, 1, 0, 0
71019, 45056, 0, 0, 0
71019, 47104, 1, 0, 0
72019, 48640, 0, 0, 0
72019, 47104, 1, 0, 0
73019, 43520, 0, 0, 0
73019, 44544, 1, 0, 0
74019, 55351, 0, 0, 0
74019, 49713, 1, 0, 0
75019, 49152, 0, 0, 0
75019, 46848, 1, 0, 0
76019, 48128, 0, 0, 0
76019, 50688, 1, 0, 0
77019, 55808, 0, 0, 0
77019, 49664, 1, 0, 0
78019, 41769, 0, 0, 0
78019, 47663, 1, 0, 0
79019, 54784, 0, 0, 0
79019, 58624, 1, 0, 0
80019, 44332, 0, 0, 0
80019, 48944, 1, 0, 0
81019, 49664, 0, 0, 0
81019, 50944, 1, 0, 0
82019, 63039, 0, 0, 0
82019, 52276, 1, 0, 0
83019, 56576, 0, 0, 0
83019, 48640, 1, 0, 0
84019, 51200, 0, 0, 0
84019, 45056, 1, 0, 0
85019, 40488, 0, 0, 0
85019, 40232, 1, 0, 0
86019, 50944, 0, 0, 0
86019, 47360, 1, 0, 0
87019, 54784, 0, 0, 0
87019, 48896, 1, 0, 0
88019, 49201, 0, 0, 0
88019, 47663, 1, 0, 0
89019, 49664, 0, 0, 0
89019, 53504, 1, 0, 0
90019, 46592, 0, 0, 0
90019, 41984, 1, 0, 0
91019, 51456, 0, 0, 0
91019, 48128, 1, 0, 0
92019, 40448, 0, 0, 0
92019, 48128, 1, 0, 0
93019, 49152, 0, 0, 0
93019, 50432, 1, 0, 0
94019, 49152, 0, 0, 0
94019, 46080, 1, 0, 0
95019, 42496, 0, 0, 0
95019, 41984, 1, 0, 0
96019, 47407, 0, 0, 0
96019, 49969, 1, 0, 0
97019, 51200, 0, 0, 0
97019, 55040, 1, 0, 0
98019, 47360, 0, 0, 0
98019, 49920, 1, 0, 0
99019, 41728, 0, 0, 0
99019, 41984, 1, 0, 0
100020, 56832, 0, 0, 0
100020, 55552, 1, 0, 0
101019, 54326, 0, 0, 0
101019, 52020, 1, 0, 0
102019, 50176, 0, 0, 0
102019, 46336, 1, 0, 0
103019, 41472, 0, 0, 0
103019, 41472, 1, 0, 0
104019, 55863, 0, 0, 0
104019, 56888, 1, 0, 0
105019, 55040, 0, 0, 0
105019, 51456, 1, 0, 0
106019, 63232, 0, 0, 0
106019, 56320, 1, 0, 0
107019, 53248, 0, 0, 0
107019, 51712, 1, 0, 0
108019, 46592, 0, 0, 0
108019, 44800, 1, 0, 0
109019, 54784, 0, 0, 0
109019, 50432, 1, 0, 0
110019, 49408, 0, 0, 0
110019, 49408, 1, 0, 0
111019, 47616, 0, 0, 0
111019, 46336, 1, 0, 0
112019, 44800, 0, 0, 0
112019, 49152, 1, 0, 0
113019, 50176, 0, 0, 0
113019, 53248, 1, 0, 0
114019, 53813, 0, 0, 0
114019, 53813, 1, 0, 0
115019, 50432, 0, 0, 0
115019, 47104, 1, 0, 0
116019, 38656, 0, 0, 0
116019, 52224, 1, 0, 0
117019, 45312, 0, 0, 0
117019, 49920, 1, 0, 0
118019, 48128, 0, 0, 0
118019, 49920, 1, 0, 0
119019, 40192, 0, 0, 0
119019, 38144, 1, 0, 0
120019, 61184, 0, 0, 0
120019, 55296, 1, 0, 0
121019, 59707, 0, 0, 0
121019, 48432, 1, 0, 0
122019, 53301, 0, 0, 0
122019, 49201, 1, 0, 0
123019, 47407, 0, 0, 0
123019, 45613, 1, 0, 0
124019, 53504, 0, 0, 0
124019, 55552, 1, 0, 0
125020, 48384, 0, 0, 0
125020, 44800, 1, 0, 0
126019, 63551, 0, 0, 0
126019, 47919, 1, 0, 0
127020, 52480, 0, 0, 0
127020, 56320, 1, 0, 0
128019, 53301, 0, 0, 0
128019, 51763, 1, 0, 0
129020, 54272, 0, 0, 0
129020, 48640, 1, 0, 0
130020, 50482, 0, 0, 0
130020, 50482, 1, 0, 0
131020, 54070, 0, 0, 0
131020, 48432, 1, 0, 0
132019, 34594, 0, 0, 0
132019, 42794, 1, 0, 0
133019, 45824, 0, 0, 0
133019, 50688, 1, 0, 0
134019, 48176, 0, 0, 0
134019, 48944, 1, 0, 0
135019, 55863, 0, 0, 0
135019, 54838, 1, 0, 0
136019, 43264, 0, 0, 0
136019, 41984, 1, 0, 0
137019, 50432, 0, 0, 0
137019, 43008, 1, 0, 0
138019, 48640, 0, 0, 0
138019, 42752, 1, 0, 0
139019, 51968, 0, 0, 0
139019, 51712, 1, 0, 0
140019, 60220, 0, 0, 0
140019, 52788, 1, 0, 0
141019, 53045, 0, 0, 0
141019, 52276, 1, 0, 0
142019, 44076, 0, 0, 0
142019, 44332, 1, 0, 0
143019, 49920, 0, 0, 0
143019, 46336, 1, 0, 0
144019, 46848, 0, 0, 0
144019, 51200, 1, 0, 0
145019, 49152, 0, 0, 0
145019, 46336, 1, 0, 0
146019, 46336, 0, 0, 0
146019, 48384, 1, 0, 0
147019, 47407, 0, 0, 0
147019, 49201, 1, 0, 0
148019, 52992, 0, 0, 0
148019, 46848, 1, 0, 0
149019, 51200, 0, 0, 0
149019, 59136, 1, 0, 0
150019, 52532, 0, 0, 0
150019, 46382, 1, 0, 0
151019, 54272, 0, 0, 0
151019, 51456, 1, 0, 0
152019, 49713, 0, 0, 0
152019, 45613, 1, 0, 0
153019, 51251, 0, 0, 0
153019, 48688, 1, 0, 0
154019, 45101, 0, 0, 0
154019, 55607, 1, 0, 0
155019, 49152, 0, 0, 0
155019, 50432, 1, 0, 0
156019, 48896, 0, 0, 0
156019, 46080, 1, 0, 0
157019, 41984, 0, 0, 0
157019, 45568, 1, 0, 0
158019, 54070, 0, 0, 0
158019, 56376, 1, 0, 0
159019, 44844, 0, 0, 0
159019, 46638, 1, 0, 0
160019, 50994, 0, 0, 0
160019, 50738, 1, 0, 0
161019, 51200, 0, 0, 0
161019, 47872, 1, 0, 0
162019, 47616, 0, 0, 0
162019, 44544, 1, 0, 0
163019, 56064, 0, 0, 0
163019, 52992, 1, 0, 0
164019, 52480, 0, 0, 0
164019, 49920, 1, 0, 0
165019, 49408, 0, 0, 0
165019, 48128, 1, 0, 0
166019, 46382, 0, 0, 0
166019, 46638, 1, 0, 0
167019, 47663, 0, 0, 0
167019, 49969, 1, 0, 0
168019, 48176, 0, 0, 0
168019, 55351, 1, 0, 0
169019, 48128, 0, 0, 0
169019, 44032, 1, 0, 0
170019, 62526, 0, 0, 0
170019, 50226, 1, 0, 0
171019, 49201, 0, 0, 0
171019, 47663, 1, 0, 0
172019, 50432, 0, 0, 0
172019, 52480, 1, 0, 0
173019, 51763, 0, 0, 0
173019, 41513, 1, 0, 0
174019, 47919, 0, 0, 0
174019, 51251, 1, 0, 0
175020, 62464, 0, 0, 0
175020, 48640, 1, 0, 0
176020, 54070, 0, 0, 0
176020, 55863, 1, 0, 0
177019, 53301, 0, 0, 0
177019, 44588, 1, 0, 0
178019, 49457, 0, 0, 0
178019, 44844, 1, 0, 0
179019, 58682, 0, 0, 0
179019, 50226, 1, 0, 0
