999, 32544, 0, 0, 0
999, 27931, 1, 0, 0
1999, 54528, 0, 0, 0
1999, 54272, 1, 0, 0
2999, 52020, 0, 0, 0
2999, 55351, 1, 0, 0
4000, 43988, 0, 0, 0
4000, 48079, 1, 0, 0
5001, 47312, 0, 0, 0
5001, 47312, 1, 0, 0
6002, 62657, 0, 0, 0
6002, 53962, 1, 0, 0
7004, 48847, 0, 0, 0
7004, 47056, 1, 0, 0
8005, 51404, 0, 0, 0
8005, 45778, 1, 0, 0
9007, 59588, 0, 0, 0
9007, 56775, 1, 0, 0
10008, 58565, 0, 0, 0
10008, 46801, 1, 0, 0
11009, 54473, 0, 0, 0
11009, 51916, 1, 0, 0
12010, 53450, 0, 0, 0
12010, 49870, 1, 0, 0
13012, 42709, 0, 0, 0
13012, 47824, 1, 0, 0
14013, 46801, 0, 0, 0
14013, 56775, 1, 0, 0
15014, 55752, 0, 0, 0
15014, 51660, 1, 0, 0
16015, 50637, 0, 0, 0
16015, 46801, 1, 0, 0
17016, 54729, 0, 0, 0
17016, 54729, 1, 0, 0
18016, 43776, 0, 0, 0
18016, 45056, 1, 0, 0
19016, 54272, 0, 0, 0
19016, 54528, 1, 0, 0
20016, 47360, 0, 0, 0
20016, 44544, 1, 0, 0
21016, 55351, 0, 0, 0
21016, 58682, 1, 0, 0
22016, 53760, 0, 0, 0
22016, 53760, 1, 0, 0
23016, 64512, 0, 0, 0
23016, 52224, 1, 0, 0
24017, 51456, 0, 0, 0
24017, 46080, 1, 0, 0
25016, 52020, 0, 0, 0
25016, 52532, 1, 0, 0
26016, 49457, 0, 0, 0
26016, 46126, 1, 0, 0
27016, 42752, 0, 0, 0
27016, 46336, 1, 0, 0
28016, 50432, 0, 0, 0
28016, 56576, 1, 0, 0
29016, 41728, 0, 0, 0
29016, 47616, 1, 0, 0
30016, 52992, 0, 0, 0
30016, 58624, 1, 0, 0
31016, 56632, 0, 0, 0
31016, 45101, 1, 0, 0
32016, 50944, 0, 0, 0
32016, 49152, 1, 0, 0
33016, 45568, 0, 0, 0
33016, 42496, 1, 0, 0
34016, 51712, 0, 0, 0
34016, 49408, 1, 0, 0
35016, 50944, 0, 0, 0
35016, 45056, 1, 0, 0
36016, 50176, 0, 0, 0
36016, 53504, 1, 0, 0
37016, 49920, 0, 0, 0
37016, 45056, 1, 0, 0
38016, 57401, 0, 0, 0
38016, 53045, 1, 0, 0
39016, 46382, 0, 0, 0
39016, 43563, 1, 0, 0
40016, 50688, 0, 0, 0
40016, 47360, 1, 0, 0
41016, 56832, 0, 0, 0
41016, 53248, 1, 0, 0
42016, 50432, 0, 0, 0
42016, 48128, 1, 0, 0
43016, 55296, 0, 0, 0
43016, 54016, 1, 0, 0
44016, 47616, 0, 0, 0
44016, 47872, 1, 0, 0
45016, 52788, 0, 0, 0
45016, 49201, 1, 0, 0
46016, 47872, 0, 0, 0
46016, 52736, 1, 0, 0
47016, 52480, 0, 0, 0
47016, 55552, 1, 0, 0
48016, 54272, 0, 0, 0
48016, 48384, 1, 0, 0
49016, 49152, 0, 0, 0
49016, 51200, 1, 0, 0
50016, 51200, 0, 0, 0
50016, 54016, 1, 0, 0
51016, 46382, 0, 0, 0
51016, 54070, 1, 0, 0
52016, 57344, 0, 0, 0
52016, 55552, 1, 0, 0
53016, 55040, 0, 0, 0
53016, 48640, 1, 0, 0
54016, 47616, 0, 0, 0
54016, 46336, 1, 0, 0
55016, 57856, 0, 0, 0
55016, 49664, 1, 0, 0
56016, 52224, 0, 0, 0
56016, 48128, 1, 0, 0
57016, 46638, 0, 0, 0
57016, 50226, 1, 0, 0
58016, 52480, 0, 0, 0
58016, 47360, 1, 0, 0
59016, 52736, 0, 0, 0
59016, 52480, 1, 0, 0
60016, 62464, 0, 0, 0
60016, 57856, 1, 0, 0
61016, 48944, 0, 0, 0
61016, 46382, 1, 0, 0
62016, 50432, 0, 0, 0
62016, 49920, 1, 0, 0
63016, 50688, 0, 0, 0
63016, 55296, 1, 0, 0
64016, 50944, 0, 0, 0
64016, 49152, 1, 0, 0
65016, 54784, 0, 0, 0
65016, 52992, 1, 0, 0
66016, 51712, 0, 0, 0
66016, 43264, 1, 0, 0
67016, 45613, 0, 0, 0
67016, 47919, 1, 0, 0
68016, 46592, 0, 0, 0
68016, 48896, 1, 0, 0
69016, 45568, 0, 0, 0
69016, 52480, 1, 0, 0
70016, 36352, 0, 0, 0
70016, 48896, 1, 0, 0
71016, 51456, 0, 0, 0
71016, 51712, 1, 0, 0
72016, 53504, 0, 0, 0
72016, 47616, 1, 0, 0
73016, 49408, 0, 0, 0
73016, 54272, 1, 0, 0
74016, 50482, 0, 0, 0
74016, 52532, 1, 0, 0
75016, 44544, 0, 0, 0
75016, 48640, 1, 0, 0
76016, 54016, 0, 0, 0
76016, 52480, 1, 0, 0
77016, 47360, 0, 0, 0
77016, 48384, 1, 0, 0
78016, 40488, 0, 0, 0
78016, 52788, 1, 0, 0
79016, 47360, 0, 0, 0
79016, 53248, 1, 0, 0
80016, 39463, 0, 0, 0
80016, 46894, 1, 0, 0
81016, 54272, 0, 0, 0
81016, 52480, 1, 0, 0
82016, 55863, 0, 0, 0
82016, 54838, 1, 0, 0
83016, 48896, 0, 0, 0
83016, 47104, 1, 0, 0
84016, 52224, 0, 0, 0
84016, 53248, 1, 0, 0
85016, 49969, 0, 0, 0
85016, 53301, 1, 0, 0
86016, 52736, 0, 0, 0
86016, 46336, 1, 0, 0
87016, 48128, 0, 0, 0
87016, 51712, 1, 0, 0
88016, 42026, 0, 0, 0
88016, 43051, 1, 0, 0
89016, 49920, 0, 0, 0
89016, 49920, 1, 0, 0
90016, 48640, 0, 0, 0
90016, 50176, 1, 0, 0
91016, 43264, 0, 0, 0
91016, 55808, 1, 0, 0
92016, 43264, 0, 0, 0
92016, 48128, 1, 0, 0
93016, 60416, 0, 0, 0
93016, 55040, 1, 0, 0
94016, 40448, 0, 0, 0
94016, 45824, 1, 0, 0
95016, 44032, 0, 0, 0
95016, 46848, 1, 0, 0
96016, 52532, 0, 0, 0
96016, 45101, 1, 0, 0
97016, 61440, 0, 0, 0
97016, 45312, 1, 0, 0
98016, 45312, 0, 0, 0
98016, 44288, 1, 0, 0
99016, 57344, 0, 0, 0
99016, 54272, 1, 0, 0
100016, 64512, 0, 0, 0
100016, 62208, 1, 0, 0
101016, 47663, 0, 0, 0
101016, 47407, 1, 0, 0
102016, 46080, 0, 0, 0
102016, 50944, 1, 0, 0
103016, 51968, 0, 0, 0
103016, 51712, 1, 0, 0
104016, 46894, 0, 0, 0
104016, 42026, 1, 0, 0
105016, 54272, 0, 0, 0
105016, 45568, 1, 0, 0
106016, 48896, 0, 0, 0
106016, 47360, 1, 0, 0
107016, 39424, 0, 0, 0
107016, 43264, 1, 0, 0
108016, 45824, 0, 0, 0
108016, 48384, 1, 0, 0
109016, 50432, 0, 0, 0
109016, 53504, 1, 0, 0
110016, 57088, 0, 0, 0
110016, 45824, 1, 0, 0
111016, 48384, 0, 0, 0
111016, 49408, 1, 0, 0
112016, 55808, 0, 0, 0
112016, 48640, 1, 0, 0
113016, 50944, 0, 0, 0
113016, 46848, 1, 0, 0
114016, 58170, 0, 0, 0
114016, 52532, 1, 0, 0
115016, 59392, 0, 0, 0
115016, 49920, 1, 0, 0
116016, 50176, 0, 0, 0
116016, 49408, 1, 0, 0
117016, 48896, 0, 0, 0
117016, 46592, 1, 0, 0
118016, 45824, 0, 0, 0
118016, 52480, 1, 0, 0
119016, 56320, 0, 0, 0
119016, 55808, 1, 0, 0
120016, 51712, 0, 0, 0
120016, 50688, 1, 0, 0
121016, 56632, 0, 0, 0
121016, 48944, 1, 0, 0
122016, 48432, 0, 0, 0
122016, 45101, 1, 0, 0
123016, 57145, 0, 0, 0
123016, 52788, 1, 0, 0
124016, 45056, 0, 0, 0
124016, 49920, 1, 0, 0
125016, 51456, 0, 0, 0
125016, 47616, 1, 0, 0
126016, 55351, 0, 0, 0
126016, 51507, 1, 0, 0
127016, 45056, 0, 0, 0
127016, 48896, 1, 0, 0
128016, 47919, 0, 0, 0
128016, 42794, 1, 0, 0
129017, 59392, 0, 0, 0
129017, 54016, 1, 0, 0
130017, 44076, 0, 0, 0
130017, 45101, 1, 0, 0
131017, 47919, 0, 0, 0
131017, 45613, 1, 0, 0
132016, 45101, 0, 0, 0
132016, 43051, 1, 0, 0
133016, 52992, 0, 0, 0
133016, 52736, 1, 0, 0
134016, 48688, 0, 0, 0
134016, 48176, 1, 0, 0
135016, 47407, 0, 0, 0
135016, 50482, 1, 0, 0
136016, 37376, 0, 0, 0
136016, 46592, 1, 0, 0
137016, 55040, 0, 0, 0
137016, 55040, 1, 0, 0
138016, 52224, 0, 0, 0
138016, 55296, 1, 0, 0
139016, 56576, 0, 0, 0
139016, 49408, 1, 0, 0
140016, 42026, 0, 0, 0
140016, 43563, 1, 0, 0
141016, 47151, 0, 0, 0
141016, 49457, 1, 0, 0
142016, 45101, 0, 0, 0
142016, 41513, 1, 0, 0
143016, 46336, 0, 0, 0
143016, 56832, 1, 0, 0
144016, 51200, 0, 0, 0
144016, 43776, 1, 0, 0
145016, 45824, 0, 0, 0
145016, 51712, 1, 0, 0
146016, 45312, 0, 0, 0
146016, 47872, 1, 0, 0
147016, 51763, 0, 0, 0
147016, 50738, 1, 0, 0
148016, 55808, 0, 0, 0
148016, 50432, 1, 0, 0
149016, 57088, 0, 0, 0
149016, 56832, 1, 0, 0
150016, 51251, 0, 0, 0
150016, 51507, 1, 0, 0
151016, 45824, 0, 0, 0
151016, 44032, 1, 0, 0
152016, 47407, 0, 0, 0
152016, 48176, 1, 0, 0
153016, 46382, 0, 0, 0
153016, 39207, 1, 0, 0
154016, 39975, 0, 0, 0
154016, 49969, 1, 0, 0
155016, 52224, 0, 0, 0
155016, 44032, 1, 0, 0
156016, 52224, 0, 0, 0
156016, 55296, 1, 0, 0
157016, 43520, 0, 0, 0
157016, 47616, 1, 0, 0
158016, 57657, 0, 0, 0
158016, 51763, 1, 0, 0
159016, 48944, 0, 0, 0
159016, 47407, 1, 0, 0
160016, 44076, 0, 0, 0
160016, 46894, 1, 0, 0
161016, 45312, 0, 0, 0
161016, 49152, 1, 0, 0
162016, 47104, 0, 0, 0
162016, 45824, 1, 0, 0
163016, 48384, 0, 0, 0
163016, 41216, 1, 0, 0
164016, 49664, 0, 0, 0
164016, 52480, 1, 0, 0
165016, 61184, 0, 0, 0
165016, 52480, 1, 0, 0
166016, 53813, 0, 0, 0
166016, 53045, 1, 0, 0
167016, 52788, 0, 0, 0
167016, 50482, 1, 0, 0
168016, 56888, 0, 0, 0
168016, 51763, 1, 0, 0
169016, 56832, 0, 0, 0
169016, 51200, 1, 0, 0
170016, 54326, 0, 0, 0
170016, 43307, 1, 0, 0
171016, 41257, 0, 0, 0
171016, 40744, 1, 0, 0
172016, 49920, 0, 0, 0
172016, 48640, 1, 0, 0
173016, 43819, 0, 0, 0
173016, 48688, 1, 0, 0
174016, 42026, 0, 0, 0
174016, 48176, 1, 0, 0
175017, 58880, 0, 0, 0
175017, 55552, 1, 0, 0
176016, 45101, 0, 0, 0
176016, 49713, 1, 0, 0
177016, 50482, 0, 0, 0
177016, 51507, 1, 0, 0
178016, 49969, 0, 0, 0
178016, 53557, 1, 0, 0
179016, 50994, 0, 0, 0
179016, 49201, 1, 0, 0
