999, 25369, 0, 0, 0
999, 31263, 1, 0, 0
1999, 54016, 0, 0, 0
1999, 58624, 1, 0, 0
2999, 48688, 0, 0, 0
2999, 49201, 1, 0, 0
4000, 48335, 0, 0, 0
4000, 49358, 1, 0, 0
5001, 50893, 0, 0, 0
5001, 46033, 1, 0, 0
6002, 42709, 0, 0, 0
6002, 43732, 1, 0, 0
7004, 49870, 0, 0, 0
7004, 50893, 1, 0, 0
8005, 42197, 0, 0, 0
8005, 43988, 1, 0, 0
9007, 49102, 0, 0, 0
9007, 52427, 1, 0, 0
10008, 55240, 0, 0, 0
10008, 47824, 1, 0, 0
11009, 50637, 0, 0, 0
11009, 54473, 1, 0, 0
12010, 45522, 0, 0, 0
12010, 46801, 1, 0, 0
13012, 44499, 0, 0, 0
13012, 49102, 1, 0, 0
14013, 46801, 0, 0, 0
14013, 50125, 1, 0, 0
15014, 53450, 0, 0, 0
15014, 53450, 1, 0, 0
16015, 45010, 0, 0, 0
16015, 45266, 1, 0, 0
17016, 45778, 0, 0, 0
17016, 56263, 1, 0, 0
18016, 45056, 0, 0, 0
18016, 40704, 1, 0, 0
19016, 44544, 0, 0, 0
19016, 45568, 1, 0, 0
20016, 50432, 0, 0, 0
20016, 52736, 1, 0, 0
21015, 46382, 0, 0, 0
21015, 47663, 1, 0, 0
22016, 50944, 0, 0, 0
22016, 49408, 1, 0, 0
23016, 47616, 0, 0, 0
23016, 49664, 1, 0, 0
24016, 49152, 0, 0, 0
24016, 43776, 1, 0, 0
25016, 49457, 0, 0, 0
25016, 51507, 1, 0, 0
26016, 43051, 0, 0, 0
26016, 50482, 1, 0, 0
27016, 50944, 0, 0, 0
27016, 56064, 1, 0, 0
28016, 46080, 0, 0, 0
28016, 45056, 1, 0, 0
29016, 54016, 0, 0, 0
29016, 53248, 1, 0, 0
30016, 47360, 0, 0, 0
30016, 43520, 1, 0, 0
31016, 43819, 0, 0, 0
31016, 51507, 1, 0, 0
32016, 52224, 0, 0, 0
32016, 51200, 1, 0, 0
33016, 51456, 0, 0, 0
33016, 50432, 1, 0, 0
34016, 47616, 0, 0, 0
34016, 46592, 1, 0, 0
35016, 46336, 0, 0, 0
35016, 50176, 1, 0, 0
36016, 51968, 0, 0, 0
36016, 50176, 1, 0, 0
37016, 37376, 0, 0, 0
37016, 40192, 1, 0, 0
38016, 37669, 0, 0, 0
38016, 50738, 1, 0, 0
39016, 47151, 0, 0, 0
39016, 56888, 1, 0, 0
40016, 47104, 0, 0, 0
40016, 48384, 1, 0, 0
41016, 56064, 0, 0, 0
41016, 55808, 1, 0, 0
42016, 43008, 0, 0, 0
42016, 48128, 1, 0, 0
43016, 49664, 0, 0, 0
43016, 56064, 1, 0, 0
44016, 52992, 0, 0, 0
44016, 50944, 1, 0, 0
45016, 53045, 0, 0, 0
45016, 48432, 1, 0, 0
46016, 52736, 0, 0, 0
46016, 56064, 1, 0, 0
47016, 48896, 0, 0, 0
47016, 43520, 1, 0, 0
48016, 61184, 0, 0, 0
48016, 54272, 1, 0, 0
49016, 53760, 0, 0, 0
49016, 51712, 1, 0, 0
50016, 52992, 0, 0, 0
50016, 47360, 1, 0, 0
51016, 49201, 0, 0, 0
51016, 47663, 1, 0, 0
52016, 49408, 0, 0, 0
52016, 50432, 1, 0, 0
53016, 55552, 0, 0, 0
53016, 51968, 1, 0, 0
54016, 39168, 0, 0, 0
54016, 40704, 1, 0, 0
55016, 47616, 0, 0, 0
55016, 49920, 1, 0, 0
56016, 51712, 0, 0, 0
56016, 51968, 1, 0, 0
57016, 38950, 0, 0, 0
57016, 49201, 1, 0, 0
58016, 47360, 0, 0, 0
58016, 51200, 1, 0, 0
59016, 47360, 0, 0, 0
59016, 56064, 1, 0, 0
60016, 51456, 0, 0, 0
60016, 52736, 1, 0, 0
61016, 43819, 0, 0, 0
61016, 46382, 1, 0, 0
62016, 48128, 0, 0, 0
62016, 48896, 1, 0, 0
63016, 47872, 0, 0, 0
63016, 40960, 1, 0, 0
64016, 46592, 0, 0, 0
64016, 56064, 1, 0, 0
65016, 47872, 0, 0, 0
65016, 46336, 1, 0, 0
66016, 47872, 0, 0, 0
66016, 47872, 1, 0, 0
67016, 52532, 0, 0, 0
67016, 48944, 1, 0, 0
68016, 46592, 0, 0, 0
68016, 54272, 1, 0, 0
69016, 47104, 0, 0, 0
69016, 50688, 1, 0, 0
70016, 52736, 0, 0, 0
70016, 49920, 1, 0, 0
71016, 48640, 0, 0, 0
71016, 51968, 1, 0, 0
72016, 51968, 0, 0, 0
72016, 46592, 1, 0, 0
73016, 48128, 0, 0, 0
73016, 47104, 1, 0, 0
74016, 59707, 0, 0, 0
74016, 54326, 1, 0, 0
75016, 46848, 0, 0, 0
75016, 49408, 1, 0, 0
76016, 48384, 0, 0, 0
76016, 41472, 1, 0, 0
77016, 60416, 0, 0, 0
77016, 51712, 1, 0, 0
78016, 49969, 0, 0, 0
78016, 62014, 1, 0, 0
79016, 43776, 0, 0, 0
79016, 41472, 1, 0, 0
80016, 38694, 0, 0, 0
80016, 41257, 1, 0, 0
81016, 47104, 0, 0, 0
81016, 57856, 1, 0, 0
82016, 51763, 0, 0, 0
82016, 46126, 1, 0, 0
83016, 44288, 0, 0, 0
83016, 40960, 1, 0, 0
84016, 48896, 0, 0, 0
84016, 48896, 1, 0, 0
85016, 44332, 0, 0, 0
85016, 55095, 1, 0, 0
86016, 48640, 0, 0, 0
86016, 45312, 1, 0, 0
87016, 53248, 0, 0, 0
87016, 47104, 1, 0, 0
88016, 47919, 0, 0, 0
88016, 49457, 1, 0, 0
89016, 47360, 0, 0, 0
89016, 55040, 1, 0, 0
90016, 54272, 0, 0, 0
90016, 52480, 1, 0, 0
91016, 43776, 0, 0, 0
91016, 48384, 1, 0, 0
92016, 45824, 0, 0, 0
92016, 49920, 1, 0, 0
93016, 43008, 0, 0, 0
93016, 47616, 1, 0, 0
94016, 46336, 0, 0, 0
94016, 48128, 1, 0, 0
95016, 55296, 0, 0, 0
95016, 50688, 1, 0, 0
96016, 43307, 0, 0, 0
96016, 51251, 1, 0, 0
97016, 49408, 0, 0, 0
97016, 46336, 1, 0, 0
98016, 48896, 0, 0, 0
98016, 48128, 1, 0, 0
99016, 53248, 0, 0, 0
99016, 53760, 1, 0, 0
100016, 53504, 0, 0, 0
100016, 47872, 1, 0, 0
101016, 50994, 0, 0, 0
101016, 50994, 1, 0, 0
102016, 54528, 0, 0, 0
102016, 41472, 1, 0, 0
103016, 51712, 0, 0, 0
103016, 45824, 1, 0, 0
104015, 39463, 0, 0, 0
104015, 43307, 1, 0, 0
105016, 45568, 0, 0, 0
105016, 48128, 1, 0, 0
106016, 42240, 0, 0, 0
106016, 43008, 1, 0, 0
107016, 59648, 0, 0, 0
107016, 51456, 1, 0, 0
108016, 56064, 0, 0, 0
108016, 54528, 1, 0, 0
109016, 55552, 0, 0, 0
109016, 50176, 1, 0, 0
110016, 42240, 0, 0, 0
110016, 43264, 1, 0, 0
111016, 49152, 0, 0, 0
111016, 55296, 1, 0, 0
112016, 48128, 0, 0, 0
112016, 50176, 1, 0, 0
113016, 43008, 0, 0, 0
113016, 50176, 1, 0, 0
114016, 54070, 0, 0, 0
114016, 49969, 1, 0, 0
115016, 39424, 0, 0, 0
115016, 44032, 1, 0, 0
116016, 59648, 0, 0, 0
116016, 53248, 1, 0, 0
117016, 45568, 0, 0, 0
117016, 44032, 1, 0, 0
118016, 48384, 0, 0, 0
118016, 51968, 1, 0, 0
119016, 54784, 0, 0, 0
119016, 49152, 1, 0, 0
120016, 64256, 0, 0, 0
120016, 50688, 1, 0, 0
121016, 52020, 0, 0, 0
121016, 47663, 1, 0, 0
122016, 45357, 0, 0, 0
122016, 48176, 1, 0, 0
123016, 58426, 0, 0, 0
123016, 52788, 1, 0, 0
124016, 54016, 0, 0, 0
124016, 50176, 1, 0, 0
125016, 54528, 0, 0, 0
125016, 46080, 1, 0, 0
126016, 41769, 0, 0, 0
126016, 49713, 1, 0, 0
127016, 35840, 0, 0, 0
127016, 43264, 1, 0, 0
128015, 55607, 0, 0, 0
128015, 62270, 1, 0, 0
129016, 47360, 0, 0, 0
129016, 44544, 1, 0, 0
130016, 46894, 0, 0, 0
130016, 52788, 1, 0, 0
131016, 48688, 0, 0, 0
131016, 50482, 1, 0, 0
132015, 51507, 0, 0, 0
132015, 46894, 1, 0, 0
133016, 58112, 0, 0, 0
133016, 48896, 1, 0, 0
134016, 54326, 0, 0, 0
134016, 55095, 1, 0, 0
135016, 53045, 0, 0, 0
135016, 48432, 1, 0, 0
136016, 44800, 0, 0, 0
136016, 47104, 1, 0, 0
137016, 60416, 0, 0, 0
137016, 52736, 1, 0, 0
138016, 57088, 0, 0, 0
138016, 53760, 1, 0, 0
139016, 46592, 0, 0, 0
139016, 43264, 1, 0, 0
140016, 47407, 0, 0, 0
140016, 51763, 1, 0, 0
141016, 45101, 0, 0, 0
141016, 54838, 1, 0, 0
142016, 46382, 0, 0, 0
142016, 47151, 1, 0, 0
143016, 46336, 0, 0, 0
143016, 49152, 1, 0, 0
144016, 44032, 0, 0, 0
144016, 45568, 1, 0, 0
145016, 45568, 0, 0, 0
145016, 49152, 1, 0, 0
146016, 57344, 0, 0, 0
146016, 45312, 1, 0, 0
147016, 45357, 0, 0, 0
147016, 44844, 1, 0, 0
148016, 48640, 0, 0, 0
148016, 42240, 1, 0, 0
149016, 50432, 0, 0, 0
149016, 53760, 1, 0, 0
150016, 52788, 0, 0, 0
150016, 59963, 1, 0, 0
151016, 42752, 0, 0, 0
151016, 39680, 1, 0, 0
152016, 50738, 0, 0, 0
152016, 44076, 1, 0, 0
153016, 46638, 0, 0, 0
153016, 47663, 1, 0, 0
154016, 53813, 0, 0, 0
154016, 50482, 1, 0, 0
155016, 54528, 0, 0, 0
155016, 55552, 1, 0, 0
156016, 51968, 0, 0, 0
156016, 50176, 1, 0, 0
157016, 50688, 0, 0, 0
157016, 48384, 1, 0, 0
158016, 55351, 0, 0, 0
158016, 46638, 1, 0, 0
159016, 47151, 0, 0, 0
159016, 53557, 1, 0, 0
160016, 51507, 0, 0, 0
160016, 49969, 1, 0, 0
161016, 59648, 0, 0, 0
161016, 51456, 1, 0, 0
162016, 44544, 0, 0, 0
162016, 47104, 1, 0, 0
163016, 51456, 0, 0, 0
163016, 52480, 1, 0, 0
164016, 51968, 0, 0, 0
164016, 49152, 1, 0, 0
165016, 50944, 0, 0, 0
165016, 42752, 1, 0, 0
166016, 46638, 0, 0, 0
166016, 45613, 1, 0, 0
167016, 41513, 0, 0, 0
167016, 47151, 1, 0, 0
168016, 49969, 0, 0, 0
168016, 56888, 1, 0, 0
169016, 49920, 0, 0, 0
169016, 43264, 1, 0, 0
170016, 48432, 0, 0, 0
170016, 52788, 1, 0, 0
171016, 54838, 0, 0, 0
171016, 55863, 1, 0, 0
172016, 51712, 0, 0, 0
172016, 52736, 1, 0, 0
173016, 37925, 0, 0, 0
173016, 43563, 1, 0, 0
174015, 32288, 0, 0, 0
174015, 43307, 1, 0, 0
175016, 46592, 0, 0, 0
175016, 49152, 1, 0, 0
176016, 43563, 0, 0, 0
176016, 42538, 1, 0, 0
177016, 35363, 0, 0, 0
177016, 47151, 1, 0, 0
178016, 49457, 0, 0, 0
178016, 53045, 1, 0, 0
179016, 46126, 0, 0, 0
179016, 47151, 1, 0, 0
