1000, 15616, 0, 0, 0
1000, 13312, 1, 0, 0
1999, 28188, 0, 0, 0
1999, 29469, 1, 0, 0
2999, 31007, 0, 0, 0
2999, 25625, 1, 0, 0
3998, 30750, 0, 0, 0
3998, 26906, 1, 0, 0
4997, 25113, 0, 0, 0
4997, 27419, 1, 0, 0
5998, 22761, 0, 0, 0
5998, 25318, 1, 0, 0
7000, 30689, 0, 0, 0
7000, 25574, 1, 0, 0
8001, 28387, 0, 0, 0
8001, 27364, 1, 0, 0
9002, 29696, 0, 0, 0
9002, 34304, 1, 0, 0
10003, 22249, 0, 0, 0
10003, 32479, 1, 0, 0
11004, 24807, 0, 0, 0
11004, 27364, 1, 0, 0
12005, 26597, 0, 0, 0
12005, 32223, 1, 0, 0
13007, 29922, 0, 0, 0
13007, 26853, 1, 0, 0
14008, 27876, 0, 0, 0
14008, 28899, 1, 0, 0
15009, 28131, 0, 0, 0
15009, 27108, 1, 0, 0
16010, 27364, 0, 0, 0
16010, 28131, 1, 0, 0
17011, 28899, 0, 0, 0
17011, 29666, 1, 0, 0
18012, 29666, 0, 0, 0
18012, 28643, 1, 0, 0
19013, 27620, 0, 0, 0
19013, 25574, 1, 0, 0
20014, 30945, 0, 0, 0
20014, 25062, 1, 0, 0
21015, 24551, 0, 0, 0
21015, 28131, 1, 0, 0
22016, 34013, 0, 0, 0
22016, 24807, 1, 0, 0
23017, 27392, 0, 0, 0
23017, 25088, 1, 0, 0
24018, 25318, 0, 0, 0
24018, 28899, 1, 0, 0
25019, 35804, 0, 0, 0
25019, 30945, 1, 0, 0
26021, 23528, 0, 0, 0
26021, 27108, 1, 0, 0
27022, 24295, 0, 0, 0
27022, 32223, 1, 0, 0
28023, 27620, 0, 0, 0
28023, 28643, 1, 0, 0
29024, 30689, 0, 0, 0
29024, 28131, 1, 0, 0
30025, 29410, 0, 0, 0
30025, 31968, 1, 0, 0
31027, 24039, 0, 0, 0
31027, 28643, 1, 0, 0
32028, 35548, 0, 0, 0
32028, 29922, 1, 0, 0
33029, 25830, 0, 0, 0
33029, 26853, 1, 0, 0
34030, 29666, 0, 0, 0
34030, 29410, 1, 0, 0
35031, 25318, 0, 0, 0
35031, 27364, 1, 0, 0
36032, 21994, 0, 0, 0
36032, 24295, 1, 0, 0
37033, 31968, 0, 0, 0
37033, 27620, 1, 0, 0
38034, 26341, 0, 0, 0
38034, 25830, 1, 0, 0
39036, 26341, 0, 0, 0
39036, 26341, 1, 0, 0
40037, 24551, 0, 0, 0
40037, 29154, 1, 0, 0
41038, 30945, 0, 0, 0
41038, 35036, 1, 0, 0
42039, 28387, 0, 0, 0
42039, 27108, 1, 0, 0
43040, 28643, 0, 0, 0
43040, 26597, 1, 0, 0
44041, 29410, 0, 0, 0
44041, 27620, 1, 0, 0
45043, 32991, 0, 0, 0
45043, 30433, 1, 0, 0
46044, 32223, 0, 0, 0
46044, 28643, 1, 0, 0
47045, 23016, 0, 0, 0
47045, 29154, 1, 0, 0
48046, 25062, 0, 0, 0
48046, 26597, 1, 0, 0
49047, 25574, 0, 0, 0
49047, 28899, 1, 0, 0
50048, 31200, 0, 0, 0
50048, 26597, 1, 0, 0
51050, 30433, 0, 0, 0
51050, 27364, 1, 0, 0
52051, 25830, 0, 0, 0
52051, 28643, 1, 0, 0
53052, 29410, 0, 0, 0
53052, 29154, 1, 0, 0
54053, 32479, 0, 0, 0
54053, 34269, 1, 0, 0
55054, 27620, 0, 0, 0
55054, 30177, 1, 0, 0
56055, 28131, 0, 0, 0
56055, 31456, 1, 0, 0
57057, 29154, 0, 0, 0
57057, 27876, 1, 0, 0
58058, 34781, 0, 0, 0
58058, 32991, 1, 0, 0
59059, 25062, 0, 0, 0
59059, 31200, 1, 0, 0
60060, 27876, 0, 0, 0
60060, 25318, 1, 0, 0
61062, 32223, 0, 0, 0
61062, 29666, 1, 0, 0
62063, 28899, 0, 0, 0
62063, 25574, 1, 0, 0
63064, 27364, 0, 0, 0
63064, 23784, 1, 0, 0
64065, 33758, 0, 0, 0
64065, 32735, 1, 0, 0
65066, 27364, 0, 0, 0
65066, 29922, 1, 0, 0
66067, 29154, 0, 0, 0
66067, 22505, 1, 0, 0
67069, 28131, 0, 0, 0
67069, 28643, 1, 0, 0
68070, 28387, 0, 0, 0
68070, 27108, 1, 0, 0
69071, 28131, 0, 0, 0
69071, 24551, 1, 0, 0
70072, 28131, 0, 0, 0
70072, 31712, 1, 0, 0
71073, 23272, 0, 0, 0
71073, 25062, 1, 0, 0
72074, 25830, 0, 0, 0
72074, 29410, 1, 0, 0
73075, 28899, 0, 0, 0
73075, 35292, 1, 0, 0
74076, 24832, 0, 0, 0
74076, 32256, 1, 0, 0
75077, 28928, 0, 0, 0
75077, 27136, 1, 0, 0
76078, 33246, 0, 0, 0
76078, 28643, 1, 0, 0
77079, 29410, 0, 0, 0
77079, 30177, 1, 0, 0
78080, 27392, 0, 0, 0
78080, 29440, 1, 0, 0
79081, 29154, 0, 0, 0
79081, 31456, 1, 0, 0
80083, 32223, 0, 0, 0
80083, 29666, 1, 0, 0
81084, 30689, 0, 0, 0
81084, 26085, 1, 0, 0
82085, 27620, 0, 0, 0
82085, 22505, 1, 0, 0
83086, 23016, 0, 0, 0
83086, 31200, 1, 0, 0
84087, 27620, 0, 0, 0
84087, 29922, 1, 0, 0
85088, 29440, 0, 0, 0
85088, 33280, 1, 0, 0
86089, 29154, 0, 0, 0
86089, 23528, 1, 0, 0
87089, 34560, 0, 0, 0
87089, 33536, 1, 0, 0
88091, 33758, 0, 0, 0
88091, 32223, 1, 0, 0
89092, 28387, 0, 0, 0
89092, 31712, 1, 0, 0
90093, 29666, 0, 0, 0
90093, 24039, 1, 0, 0
91094, 27620, 0, 0, 0
91094, 30177, 1, 0, 0
92095, 28643, 0, 0, 0
92095, 32479, 1, 0, 0
93096, 34013, 0, 0, 0
93096, 25574, 1, 0, 0
94097, 28131, 0, 0, 0
94097, 28387, 1, 0, 0
95098, 29410, 0, 0, 0
95098, 28387, 1, 0, 0
96099, 27392, 0, 0, 0
96099, 27904, 1, 0, 0
97100, 27876, 0, 0, 0
97100, 23016, 1, 0, 0
98101, 29922, 0, 0, 0
98101, 30689, 1, 0, 0
99102, 28387, 0, 0, 0
99102, 26853, 1, 0, 0
100104, 28643, 0, 0, 0
100104, 28643, 1, 0, 0
101105, 27364, 0, 0, 0
101105, 31968, 1, 0, 0
102106, 26853, 0, 0, 0
102106, 27364, 1, 0, 0
103107, 25574, 0, 0, 0
103107, 29666, 1, 0, 0
104109, 26853, 0, 0, 0
104109, 33502, 1, 0, 0
105110, 27108, 0, 0, 0
105110, 29922, 1, 0, 0
106111, 33246, 0, 0, 0
106111, 33502, 1, 0, 0
107112, 29922, 0, 0, 0
107112, 30177, 1, 0, 0
108113, 24295, 0, 0, 0
108113, 29154, 1, 0, 0
109114, 28899, 0, 0, 0
109114, 25830, 1, 0, 0
110115, 27620, 0, 0, 0
110115, 26085, 1, 0, 0
111116, 27108, 0, 0, 0
111116, 26853, 1, 0, 0
112117, 27108, 0, 0, 0
112117, 23528, 1, 0, 0
113118, 28899, 0, 0, 0
113118, 29666, 1, 0, 0
114120, 21994, 0, 0, 0
114120, 24551, 1, 0, 0
115121, 30177, 0, 0, 0
115121, 25318, 1, 0, 0
116122, 21482, 0, 0, 0
116122, 22505, 1, 0, 0
117123, 26597, 0, 0, 0
117123, 30177, 1, 0, 0
118124, 33758, 0, 0, 0
118124, 32991, 1, 0, 0
119125, 23296, 0, 0, 0
119125, 27904, 1, 0, 0
120126, 22761, 0, 0, 0
120126, 23784, 1, 0, 0
121127, 27392, 0, 0, 0
121127, 26112, 1, 0, 0
122128, 31232, 0, 0, 0
122128, 32000, 1, 0, 0
123129, 27108, 0, 0, 0
123129, 26597, 1, 0, 0
124130, 28643, 0, 0, 0
124130, 24039, 1, 0, 0
125131, 30689, 0, 0, 0
125131, 23016, 1, 0, 0
126132, 29952, 0, 0, 0
126132, 29440, 1, 0, 0
127133, 32223, 0, 0, 0
127133, 27364, 1, 0, 0
128135, 25062, 0, 0, 0
128135, 25830, 1, 0, 0
129135, 25344, 0, 0, 0
129135, 33792, 1, 0, 0
130136, 28131, 0, 0, 0
130136, 27620, 1, 0, 0
131137, 31488, 0, 0, 0
131137, 29440, 1, 0, 0
132139, 32479, 0, 0, 0
132139, 25830, 1, 0, 0
133140, 32735, 0, 0, 0
133140, 31712, 1, 0, 0
134141, 29696, 0, 0, 0
134141, 29440, 1, 0, 0
135142, 32512, 0, 0, 0
135142, 27392, 1, 0, 0
136143, 29154, 0, 0, 0
136143, 31456, 1, 0, 0
137144, 30945, 0, 0, 0
137144, 21994, 1, 0, 0
138145, 26853, 0, 0, 0
138145, 31200, 1, 0, 0
139146, 29440, 0, 0, 0
139146, 30976, 1, 0, 0
140147, 27904, 0, 0, 0
140147, 29184, 1, 0, 0
141148, 25088, 0, 0, 0
141148, 24320, 1, 0, 0
142149, 30945, 0, 0, 0
142149, 27364, 1, 0, 0
143150, 26853, 0, 0, 0
143150, 27620, 1, 0, 0
144151, 23016, 0, 0, 0
144151, 29666, 1, 0, 0
145152, 23784, 0, 0, 0
145152, 22505, 1, 0, 0
146153, 29666, 0, 0, 0
146153, 29922, 1, 0, 0
147154, 29154, 0, 0, 0
147154, 24295, 1, 0, 0
148155, 31200, 0, 0, 0
148155, 29922, 1, 0, 0
149156, 29696, 0, 0, 0
149156, 28672, 1, 0, 0
150157, 28928, 0, 0, 0
150157, 29952, 1, 0, 0
151158, 27620, 0, 0, 0
151158, 25830, 1, 0, 0
152159, 32512, 0, 0, 0
152159, 33536, 1, 0, 0
153160, 22528, 0, 0, 0
153160, 25344, 1, 0, 0
154161, 25856, 0, 0, 0
154161, 27392, 1, 0, 0
155162, 30689, 0, 0, 0
155162, 30433, 1, 0, 0
156163, 28899, 0, 0, 0
156163, 29666, 1, 0, 0
157164, 35036, 0, 0, 0
157164, 32479, 1, 0, 0
158165, 30177, 0, 0, 0
158165, 28899, 1, 0, 0
159166, 27392, 0, 0, 0
159166, 28928, 1, 0, 0
160167, 28643, 0, 0, 0
160167, 31968, 1, 0, 0
161168, 25856, 0, 0, 0
161168, 23040, 1, 0, 0
162169, 27364, 0, 0, 0
162169, 26853, 1, 0, 0
163170, 25062, 0, 0, 0
163170, 24551, 1, 0, 0
164171, 22505, 0, 0, 0
164171, 26085, 1, 0, 0
165172, 29184, 0, 0, 0
165172, 33280, 1, 0, 0
166173, 27392, 0, 0, 0
166173, 28160, 1, 0, 0
167175, 27108, 0, 0, 0
167175, 20971, 1, 0, 0
168176, 28643, 0, 0, 0
168176, 29666, 1, 0, 0
169177, 28416, 0, 0, 0
169177, 23552, 1, 0, 0
170178, 23808, 0, 0, 0
170178, 25344, 1, 0, 0
171179, 28928, 0, 0, 0
171179, 24064, 1, 0, 0
172180, 28416, 0, 0, 0
172180, 23296, 1, 0, 0
173180, 31744, 0, 0, 0
173180, 31744, 1, 0, 0
174182, 27108, 0, 0, 0
174182, 25062, 1, 0, 0
175182, 23296, 0, 0, 0
175182, 21504, 1, 0, 0
176183, 33536, 0, 0, 0
176183, 28672, 1, 0, 0
177184, 27392, 0, 0, 0
177184, 28672, 1, 0, 0
178185, 26624, 0, 0, 0
178185, 25344, 1, 0, 0
179186, 26880, 0, 0, 0
179186, 29440, 1, 0, 0
