1000, 6912, 0, 0, 0
1000, 5632, 1, 0, 0
2000, 33569, 0, 0, 0
2000, 25113, 1, 0, 0
2999, 29213, 0, 0, 0
2999, 27163, 1, 0, 0
3998, 26906, 0, 0, 0
3998, 27419, 1, 0, 0
4997, 25369, 0, 0, 0
4997, 26394, 1, 0, 0
5997, 30238, 0, 0, 0
5997, 29725, 1, 0, 0
6998, 28899, 0, 0, 0
6998, 29666, 1, 0, 0
7999, 35036, 0, 0, 0
7999, 26085, 1, 0, 0
9000, 30464, 0, 0, 0
9000, 31744, 1, 0, 0
10001, 27108, 0, 0, 0
10001, 25574, 1, 0, 0
11002, 36096, 0, 0, 0
11002, 32512, 1, 0, 0
12001, 28956, 0, 0, 0
12001, 30494, 1, 0, 0
13000, 32288, 0, 0, 0
13000, 26394, 1, 0, 0
14001, 27620, 0, 0, 0
14001, 25830, 1, 0, 0
15001, 24576, 0, 0, 0
15001, 32000, 1, 0, 0
16001, 28672, 0, 0, 0
16001, 30464, 1, 0, 0
17001, 25344, 0, 0, 0
17001, 27136, 1, 0, 0
18001, 25344, 0, 0, 0
18001, 30208, 1, 0, 0
19001, 31488, 0, 0, 0
19001, 24832, 1, 0, 0
20001, 27392, 0, 0, 0
20001, 31488, 1, 0, 0
21001, 29725, 0, 0, 0
21001, 21269, 1, 0, 0
22001, 27648, 0, 0, 0
22001, 26624, 1, 0, 0
23001, 30720, 0, 0, 0
23001, 29184, 1, 0, 0
24002, 27136, 0, 0, 0
24002, 33024, 1, 0, 0
25001, 24600, 0, 0, 0
25001, 31775, 1, 0, 0
26001, 27163, 0, 0, 0
26001, 31007, 1, 0, 0
27001, 24832, 0, 0, 0
27001, 27648, 1, 0, 0
28001, 32768, 0, 0, 0
28001, 25600, 1, 0, 0
29001, 27904, 0, 0, 0
29001, 30464, 1, 0, 0
30002, 26880, 0, 0, 0
30002, 27904, 1, 0, 0
31001, 27163, 0, 0, 0
31001, 25113, 1, 0, 0
32001, 26112, 0, 0, 0
32001, 23296, 1, 0, 0
33001, 25600, 0, 0, 0
33001, 22784, 1, 0, 0
34001, 25600, 0, 0, 0
34001, 27392, 1, 0, 0
35001, 26112, 0, 0, 0
35001, 29696, 1, 0, 0
36001, 26368, 0, 0, 0
36001, 28416, 1, 0, 0
37001, 30720, 0, 0, 0
37001, 28672, 1, 0, 0
38001, 28956, 0, 0, 0
38001, 27931, 1, 0, 0
39001, 27163, 0, 0, 0
39001, 26650, 1, 0, 0
40001, 30464, 0, 0, 0
40001, 26624, 1, 0, 0
41001, 22784, 0, 0, 0
41001, 32256, 1, 0, 0
42001, 31744, 0, 0, 0
42001, 31744, 1, 0, 0
43001, 30464, 0, 0, 0
43001, 30208, 1, 0, 0
44002, 24576, 0, 0, 0
44002, 31232, 1, 0, 0
45001, 32544, 0, 0, 0
45001, 31007, 1, 0, 0
46001, 30976, 0, 0, 0
46001, 34304, 1, 0, 0
47001, 29184, 0, 0, 0
47001, 29184, 1, 0, 0
48001, 27392, 0, 0, 0
48001, 25600, 1, 0, 0
49001, 29952, 0, 0, 0
49001, 25344, 1, 0, 0
50002, 29952, 0, 0, 0
50002, 26368, 1, 0, 0
51001, 31519, 0, 0, 0
51001, 31519, 1, 0, 0
52001, 26368, 0, 0, 0
52001, 25344, 1, 0, 0
53001, 28928, 0, 0, 0
53001, 27648, 1, 0, 0
54001, 27648, 0, 0, 0
54001, 29440, 1, 0, 0
55001, 35328, 0, 0, 0
55001, 36608, 1, 0, 0
56001, 27648, 0, 0, 0
56001, 26880, 1, 0, 0
57001, 22806, 0, 0, 0
57001, 24344, 1, 0, 0
58001, 31488, 0, 0, 0
58001, 28928, 1, 0, 0
59001, 26112, 0, 0, 0
59001, 26624, 1, 0, 0
60001, 26624, 0, 0, 0
60001, 29696, 1, 0, 0
61001, 26394, 0, 0, 0
61001, 26906, 1, 0, 0
62001, 32000, 0, 0, 0
62001, 28672, 1, 0, 0
63001, 28416, 0, 0, 0
63001, 24064, 1, 0, 0
64001, 30464, 0, 0, 0
64001, 25344, 1, 0, 0
65001, 29440, 0, 0, 0
65001, 31488, 1, 0, 0
66001, 28416, 0, 0, 0
66001, 28928, 1, 0, 0
67001, 31519, 0, 0, 0
67001, 27675, 1, 0, 0
68001, 33280, 0, 0, 0
68001, 26112, 1, 0, 0
69001, 32512, 0, 0, 0
69001, 30464, 1, 0, 0
70001, 29696, 0, 0, 0
70001, 30464, 1, 0, 0
71001, 25088, 0, 0, 0
71001, 23808, 1, 0, 0
72001, 26112, 0, 0, 0
72001, 31744, 1, 0, 0
73001, 25088, 0, 0, 0
73001, 29184, 1, 0, 0
74001, 29213, 0, 0, 0
74001, 27163, 1, 0, 0
75001, 30720, 0, 0, 0
75001, 33280, 1, 0, 0
76001, 25856, 0, 0, 0
76001, 24576, 1, 0, 0
77001, 29952, 0, 0, 0
77001, 28672, 1, 0, 0
78001, 27419, 0, 0, 0
78001, 25881, 1, 0, 0
79001, 28416, 0, 0, 0
79001, 21760, 1, 0, 0
80001, 29469, 0, 0, 0
80001, 23831, 1, 0, 0
81001, 27136, 0, 0, 0
81001, 27904, 1, 0, 0
82001, 22806, 0, 0, 0
82001, 27163, 1, 0, 0
83001, 30720, 0, 0, 0
83001, 33280, 1, 0, 0
84001, 29440, 0, 0, 0
84001, 36864, 1, 0, 0
85001, 24344, 0, 0, 0
85001, 28700, 1, 0, 0
86001, 31744, 0, 0, 0
86001, 21760, 1, 0, 0
87001, 29696, 0, 0, 0
87001, 30208, 1, 0, 0
88001, 28956, 0, 0, 0
88001, 26906, 1, 0, 0
89001, 32256, 0, 0, 0
89001, 29952, 1, 0, 0
90001, 33792, 0, 0, 0
90001, 28160, 1, 0, 0
91001, 25600, 0, 0, 0
91001, 28416, 1, 0, 0
92001, 32512, 0, 0, 0
92001, 30720, 1, 0, 0
93001, 26368, 0, 0, 0
93001, 30208, 1, 0, 0
94001, 27904, 0, 0, 0
94001, 27136, 1, 0, 0
95001, 29696, 0, 0, 0
95001, 32512, 1, 0, 0
96001, 23575, 0, 0, 0
96001, 27419, 1, 0, 0
97001, 28672, 0, 0, 0
97001, 28672, 1, 0, 0
98001, 33536, 0, 0, 0
98001, 25600, 1, 0, 0
99001, 26368, 0, 0, 0
99001, 24832, 1, 0, 0
100002, 25856, 0, 0, 0
100002, 31488, 1, 0, 0
101001, 30494, 0, 0, 0
101001, 28188, 1, 0, 0
102001, 28416, 0, 0, 0
102001, 26624, 1, 0, 0
103001, 28160, 0, 0, 0
103001, 32000, 1, 0, 0
104001, 29981, 0, 0, 0
104001, 31007, 1, 0, 0
105001, 27904, 0, 0, 0
105001, 32000, 1, 0, 0
106001, 25088, 0, 0, 0
106001, 29184, 1, 0, 0
107001, 27136, 0, 0, 0
107001, 28160, 1, 0, 0
108001, 27904, 0, 0, 0
108001, 22272, 1, 0, 0
109001, 24320, 0, 0, 0
109001, 28672, 1, 0, 0
110001, 27136, 0, 0, 0
110001, 30464, 1, 0, 0
111001, 32512, 0, 0, 0
111001, 30464, 1, 0, 0
112001, 25856, 0, 0, 0
112001, 27648, 1, 0, 0
113001, 31744, 0, 0, 0
113001, 24832, 1, 0, 0
114001, 23831, 0, 0, 0
114001, 28956, 1, 0, 0
115001, 33536, 0, 0, 0
115001, 28416, 1, 0, 0
116001, 21248, 0, 0, 0
116001, 26112, 1, 0, 0
117001, 28160, 0, 0, 0
117001, 31232, 1, 0, 0
118001, 30720, 0, 0, 0
118001, 27392, 1, 0, 0
119001, 29184, 0, 0, 0
119001, 38144, 1, 0, 0
120001, 25856, 0, 0, 0
120001, 37376, 1, 0, 0
121001, 25113, 0, 0, 0
121001, 32544, 1, 0, 0
122001, 24088, 0, 0, 0
122001, 31519, 1, 0, 0
123001, 28700, 0, 0, 0
123001, 23063, 1, 0, 0
124001, 25088, 0, 0, 0
124001, 28160, 1, 0, 0
125001, 28416, 0, 0, 0
125001, 34048, 1, 0, 0
126001, 23063, 0, 0, 0
126001, 24088, 1, 0, 0
127002, 20224, 0, 0, 0
127002, 24576, 1, 0, 0
128001, 33569, 0, 0, 0
128001, 27675, 1, 0, 0
129002, 25344, 0, 0, 0
129002, 24832, 1, 0, 0
130002, 23831, 0, 0, 0
130002, 26138, 1, 0, 0
131002, 25113, 0, 0, 0
131002, 24600, 1, 0, 0
132001, 25113, 0, 0, 0
132001, 28188, 1, 0, 0
133001, 27904, 0, 0, 0
133001, 26112, 1, 0, 0
134001, 32800, 0, 0, 0
134001, 30238, 1, 0, 0
135001, 21525, 0, 0, 0
135001, 28700, 1, 0, 0
136001, 23040, 0, 0, 0
136001, 31488, 1, 0, 0
137001, 29440, 0, 0, 0
137001, 32512, 1, 0, 0
138001, 25600, 0, 0, 0
138001, 28160, 1, 0, 0
139001, 33792, 0, 0, 0
139001, 27904, 1, 0, 0
140001, 26138, 0, 0, 0
140001, 30494, 1, 0, 0
141001, 26394, 0, 0, 0
141001, 26394, 1, 0, 0
142001, 26650, 0, 0, 0
142001, 33825, 1, 0, 0
143001, 25600, 0, 0, 0
143001, 28928, 1, 0, 0
144001, 29440, 0, 0, 0
144001, 24064, 1, 0, 0
145001, 32256, 0, 0, 0
145001, 26624, 1, 0, 0
146001, 27136, 0, 0, 0
146001, 27904, 1, 0, 0
147001, 24088, 0, 0, 0
147001, 29469, 1, 0, 0
148001, 28672, 0, 0, 0
148001, 23808, 1, 0, 0
149001, 26880, 0, 0, 0
149001, 27392, 1, 0, 0
150001, 32544, 0, 0, 0
150001, 30238, 1, 0, 0
151001, 28160, 0, 0, 0
151001, 31744, 1, 0, 0
152001, 26906, 0, 0, 0
152001, 29725, 1, 0, 0
153001, 29213, 0, 0, 0
153001, 27419, 1, 0, 0
154001, 28188, 0, 0, 0
154001, 25625, 1, 0, 0
155001, 28416, 0, 0, 0
155001, 26880, 1, 0, 0
156001, 27904, 0, 0, 0
156001, 30464, 1, 0, 0
157001, 24832, 0, 0, 0
157001, 34304, 1, 0, 0
158001, 24600, 0, 0, 0
158001, 26138, 1, 0, 0
159001, 28188, 0, 0, 0
159001, 24088, 1, 0, 0
160001, 31007, 0, 0, 0
160001, 28444, 1, 0, 0
161001, 24576, 0, 0, 0
161001, 29696, 1, 0, 0
162001, 26112, 0, 0, 0
162001, 22016, 1, 0, 0
163001, 29696, 0, 0, 0
163001, 34048, 1, 0, 0
164001, 29952, 0, 0, 0
164001, 34304, 1, 0, 0
165001, 25088, 0, 0, 0
165001, 24576, 1, 0, 0
166001, 23575, 0, 0, 0
166001, 30238, 1, 0, 0
167001, 24600, 0, 0, 0
167001, 32800, 1, 0, 0
168001, 29469, 0, 0, 0
168001, 27419, 1, 0, 0
169001, 30208, 0, 0, 0
169001, 29440, 1, 0, 0
170001, 30238, 0, 0, 0
170001, 26906, 1, 0, 0
171001, 24344, 0, 0, 0
171001, 27163, 1, 0, 0
172001, 30208, 0, 0, 0
172001, 31488, 1, 0, 0
173001, 31775, 0, 0, 0
173001, 28956, 1, 0, 0
174001, 24088, 0, 0, 0
174001, 26906, 1, 0, 0
175002, 24576, 0, 0, 0
175002, 27392, 1, 0, 0
176002, 29725, 0, 0, 0
176002, 26906, 1, 0, 0
177001, 26138, 0, 0, 0
177001, 32288, 1, 0, 0
178001, 28700, 0, 0, 0
178001, 20756, 1, 0, 0
179001, 26394, 0, 0, 0
179001, 23831, 1, 0, 0
