999, 29469, 0, 0, 0
999, 34082, 1, 0, 0
2000, 46080, 0, 0, 0
2000, 46336, 1, 0, 0
2999, 53813, 0, 0, 0
2999, 52020, 1, 0, 0
3999, 44332, 0, 0, 0
3999, 45613, 1, 0, 0
4998, 60220, 0, 0, 0
4998, 54070, 1, 0, 0
5999, 54217, 0, 0, 0
5999, 49870, 1, 0, 0
7000, 45266, 0, 0, 0
7000, 47312, 1, 0, 0
8002, 47824, 0, 0, 0
8002, 47568, 1, 0, 0
9003, 50381, 0, 0, 0
9003, 43732, 1, 0, 0
10005, 49614, 0, 0, 0
10005, 51660, 1, 0, 0
11006, 53450, 0, 0, 0
11006, 55752, 1, 0, 0
12007, 50381, 0, 0, 0
12007, 53450, 1, 0, 0
13008, 52939, 0, 0, 0
13008, 53706, 1, 0, 0
14009, 57798, 0, 0, 0
14009, 58565, 1, 0, 0
15010, 54217, 0, 0, 0
15010, 47568, 1, 0, 0
16011, 44755, 0, 0, 0
16011, 47312, 1, 0, 0
17013, 47056, 0, 0, 0
17013, 53962, 1, 0, 0
18013, 53760, 0, 0, 0
18013, 54272, 1, 0, 0
19013, 46848, 0, 0, 0
19013, 48896, 1, 0, 0
20013, 52736, 0, 0, 0
20013, 51200, 1, 0, 0
21012, 55095, 0, 0, 0
21012, 52020, 1, 0, 0
22012, 41472, 0, 0, 0
22012, 44288, 1, 0, 0
23012, 44800, 0, 0, 0
23012, 47616, 1, 0, 0
24013, 52224, 0, 0, 0
24013, 50688, 1, 0, 0
25012, 39207, 0, 0, 0
25012, 43563, 1, 0, 0
26012, 50482, 0, 0, 0
26012, 47919, 1, 0, 0
27012, 50944, 0, 0, 0
27012, 52992, 1, 0, 0
28013, 51712, 0, 0, 0
28013, 47360, 1, 0, 0
29013, 55552, 0, 0, 0
29013, 42752, 1, 0, 0
30013, 53504, 0, 0, 0
30013, 48128, 1, 0, 0
31012, 47407, 0, 0, 0
31012, 49969, 1, 0, 0
32012, 46336, 0, 0, 0
32012, 44800, 1, 0, 0
33012, 41984, 0, 0, 0
33012, 46336, 1, 0, 0
34013, 43008, 0, 0, 0
34013, 46592, 1, 0, 0
35013, 54528, 0, 0, 0
35013, 49408, 1, 0, 0
36013, 44544, 0, 0, 0
36013, 46592, 1, 0, 0
37013, 48384, 0, 0, 0
37013, 52736, 1, 0, 0
38013, 48176, 0, 0, 0
38013, 55863, 1, 0, 0
39012, 51763, 0, 0, 0
39012, 49713, 1, 0, 0
40012, 52224, 0, 0, 0
40012, 53248, 1, 0, 0
41012, 51200, 0, 0, 0
41012, 44544, 1, 0, 0
42013, 47360, 0, 0, 0
42013, 56064, 1, 0, 0
43013, 46080, 0, 0, 0
43013, 52992, 1, 0, 0
44013, 41216, 0, 0, 0
44013, 48128, 1, 0, 0
45012, 40488, 0, 0, 0
45012, 50994, 1, 0, 0
46012, 43520, 0, 0, 0
46012, 47872, 1, 0, 0
47013, 51456, 0, 0, 0
47013, 48896, 1, 0, 0
48013, 40704, 0, 0, 0
48013, 45568, 1, 0, 0
49013, 50176, 0, 0, 0
49013, 50944, 1, 0, 0
50013, 55552, 0, 0, 0
50013, 57600, 1, 0, 0
51012, 43307, 0, 0, 0
51012, 43819, 1, 0, 0
52012, 56064, 0, 0, 0
52012, 50176, 1, 0, 0
53013, 54272, 0, 0, 0
53013, 57600, 1, 0, 0
54013, 45056, 0, 0, 0
54013, 41984, 1, 0, 0
55013, 51456, 0, 0, 0
55013, 51200, 1, 0, 0
56013, 52480, 0, 0, 0
56013, 53248, 1, 0, 0
57012, 50994, 0, 0, 0
57012, 45869, 1, 0, 0
58013, 46080, 0, 0, 0
58013, 50944, 1, 0, 0
59013, 63232, 0, 0, 0
59013, 59904, 1, 0, 0
60013, 53504, 0, 0, 0
60013, 55552, 1, 0, 0
61012, 52788, 0, 0, 0
61012, 55095, 1, 0, 0
62012, 51968, 0, 0, 0
62012, 50944, 1, 0, 0
63012, 44800, 0, 0, 0
63012, 48640, 1, 0, 0
64013, 46080, 0, 0, 0
64013, 43520, 1, 0, 0
65013, 47872, 0, 0, 0
65013, 53248, 1, 0, 0
66013, 52992, 0, 0, 0
66013, 49152, 1, 0, 0
67012, 39719, 0, 0, 0
67012, 40744, 1, 0, 0
68012, 42240, 0, 0, 0
68012, 46848, 1, 0, 0
69012, 48640, 0, 0, 0
69012, 46080, 1, 0, 0
70013, 52224, 0, 0, 0
70013, 53504, 1, 0, 0
71013, 50432, 0, 0, 0
71013, 47360, 1, 0, 0
72013, 53248, 0, 0, 0
72013, 49408, 1, 0, 0
73013, 48384, 0, 0, 0
73013, 46080, 1, 0, 0
74013, 45101, 0, 0, 0
74013, 48944, 1, 0, 0
75013, 46336, 0, 0, 0
75013, 46848, 1, 0, 0
76013, 37632, 0, 0, 0
76013, 49152, 1, 0, 0
77013, 48384, 0, 0, 0
77013, 50688, 1, 0, 0
78013, 48176, 0, 0, 0
78013, 46638, 1, 0, 0
79013, 52224, 0, 0, 0
79013, 56064, 1, 0, 0
80012, 48688, 0, 0, 0
80012, 57913, 1, 0, 0
81012, 47104, 0, 0, 0
81012, 48128, 1, 0, 0
82012, 49969, 0, 0, 0
82012, 47663, 1, 0, 0
83012, 44544, 0, 0, 0
83012, 46592, 1, 0, 0
84012, 41728, 0, 0, 0
84012, 42496, 1, 0, 0
85012, 46126, 0, 0, 0
85012, 53813, 1, 0, 0
86012, 48896, 0, 0, 0
86012, 38912, 1, 0, 0
87013, 51968, 0, 0, 0
87013, 48896, 1, 0, 0
88012, 47407, 0, 0, 0
88012, 46382, 1, 0, 0
89012, 46848, 0, 0, 0
89012, 48640, 1, 0, 0
90013, 54016, 0, 0, 0
90013, 49664, 1, 0, 0
91013, 45312, 0, 0, 0
91013, 50176, 1, 0, 0
92013, 50944, 0, 0, 0
92013, 47616, 1, 0, 0
93013, 52480, 0, 0, 0
93013, 54272, 1, 0, 0
94013, 48128, 0, 0, 0
94013, 50944, 1, 0, 0
95013, 56064, 0, 0, 0
95013, 53248, 1, 0, 0
96013, 52788, 0, 0, 0
96013, 53813, 1, 0, 0
97013, 42752, 0, 0, 0
97013, 47104, 1, 0, 0
98013, 43520, 0, 0, 0
98013, 47872, 1, 0, 0
99013, 51712, 0, 0, 0
99013, 51712, 1, 0, 0
100013, 50688, 0, 0, 0
100013, 54528, 1, 0, 0
101012, 53045, 0, 0, 0
101012, 49969, 1, 0, 0
102012, 53760, 0, 0, 0
102012, 50688, 1, 0, 0
103013, 46592, 0, 0, 0
103013, 51456, 1, 0, 0
104012, 55607, 0, 0, 0
104012, 51507, 1, 0, 0
105012, 48384, 0, 0, 0
105012, 44032, 1, 0, 0
106012, 47872, 0, 0, 0
106012, 44544, 1, 0, 0
107012, 53760, 0, 0, 0
107012, 47360, 1, 0, 0
108012, 47360, 0, 0, 0
108012, 46336, 1, 0, 0
109013, 55552, 0, 0, 0
109013, 57088, 1, 0, 0
110013, 55040, 0, 0, 0
110013, 51712, 1, 0, 0
111013, 41472, 0, 0, 0
111013, 45056, 1, 0, 0
112013, 46848, 0, 0, 0
112013, 53760, 1, 0, 0
113013, 48384, 0, 0, 0
113013, 54016, 1, 0, 0
114012, 50226, 0, 0, 0
114012, 44588, 1, 0, 0
115012, 48128, 0, 0, 0
115012, 45056, 1, 0, 0
116012, 38144, 0, 0, 0
116012, 48640, 1, 0, 0
117013, 50176, 0, 0, 0
117013, 46080, 1, 0, 0
118013, 52736, 0, 0, 0
118013, 46592, 1, 0, 0
119013, 39168, 0, 0, 0
119013, 45568, 1, 0, 0
120013, 50944, 0, 0, 0
120013, 52736, 1, 0, 0
121013, 47151, 0, 0, 0
121013, 50482, 1, 0, 0
122013, 48176, 0, 0, 0
122013, 44588, 1, 0, 0
123013, 53813, 0, 0, 0
123013, 57401, 1, 0, 0
124013, 52736, 0, 0, 0
124013, 49152, 1, 0, 0
125013, 44544, 0, 0, 0
125013, 47872, 1, 0, 0
126013, 50482, 0, 0, 0
126013, 51507, 1, 0, 0
127013, 56576, 0, 0, 0
127013, 57856, 1, 0, 0
128012, 46894, 0, 0, 0
128012, 45869, 1, 0, 0
129013, 57600, 0, 0, 0
129013, 51712, 1, 0, 0
130013, 42026, 0, 0, 0
130013, 52788, 1, 0, 0
131013, 59451, 0, 0, 0
131013, 48432, 1, 0, 0
132012, 46382, 0, 0, 0
132012, 37413, 1, 0, 0
133012, 50688, 0, 0, 0
133012, 50944, 1, 0, 0
134012, 48944, 0, 0, 0
134012, 53045, 1, 0, 0
135012, 48688, 0, 0, 0
135012, 50482, 1, 0, 0
136012, 53760, 0, 0, 0
136012, 51200, 1, 0, 0
137012, 46592, 0, 0, 0
137012, 49152, 1, 0, 0
138012, 47360, 0, 0, 0
138012, 46336, 1, 0, 0
139012, 40704, 0, 0, 0
139012, 48640, 1, 0, 0
140012, 52532, 0, 0, 0
140012, 52276, 1, 0, 0
141012, 44076, 0, 0, 0
141012, 47663, 1, 0, 0
142012, 51507, 0, 0, 0
142012, 44588, 1, 0, 0
143012, 54272, 0, 0, 0
143012, 49408, 1, 0, 0
144012, 58112, 0, 0, 0
144012, 54016, 1, 0, 0
145012, 52224, 0, 0, 0
145012, 49152, 1, 0, 0
146013, 45312, 0, 0, 0
146013, 41472, 1, 0, 0
147013, 43563, 0, 0, 0
147013, 47151, 1, 0, 0
148013, 42240, 0, 0, 0
148013, 49408, 1, 0, 0
149013, 55040, 0, 0, 0
149013, 51968, 1, 0, 0
150013, 43563, 0, 0, 0
150013, 46894, 1, 0, 0
151013, 57600, 0, 0, 0
151013, 52480, 1, 0, 0
152013, 48176, 0, 0, 0
152013, 48176, 1, 0, 0
153012, 53557, 0, 0, 0
153012, 51251, 1, 0, 0
154012, 45357, 0, 0, 0
154012, 45869, 1, 0, 0
155012, 46848, 0, 0, 0
155012, 46336, 1, 0, 0
156013, 52736, 0, 0, 0
156013, 49152, 1, 0, 0
157013, 52480, 0, 0, 0
157013, 55808, 1, 0, 0
158013, 41257, 0, 0, 0
158013, 44588, 1, 0, 0
159013, 47919, 0, 0, 0
159013, 50738, 1, 0, 0
160013, 50994, 0, 0, 0
160013, 49457, 1, 0, 0
161013, 51200, 0, 0, 0
161013, 51456, 1, 0, 0
162013, 44288, 0, 0, 0
162013, 53760, 1, 0, 0
163013, 42240, 0, 0, 0
163013, 37376, 1, 0, 0
164013, 49664, 0, 0, 0
164013, 54016, 1, 0, 0
165013, 47872, 0, 0, 0
165013, 48384, 1, 0, 0
166013, 45357, 0, 0, 0
166013, 47407, 1, 0, 0
167013, 46126, 0, 0, 0
167013, 50482, 1, 0, 0
168012, 45357, 0, 0, 0
168012, 41001, 1, 0, 0
169012, 54016, 0, 0, 0
169012, 51456, 1, 0, 0
170012, 56632, 0, 0, 0
170012, 47919, 1, 0, 0
171012, 54582, 0, 0, 0
171012, 50226, 1, 0, 0
172012, 50944, 0, 0, 0
172012, 54528, 1, 0, 0
173012, 56632, 0, 0, 0
173012, 47663, 1, 0, 0
174012, 55095, 0, 0, 0
174012, 51507, 1, 0, 0
175013, 44800, 0, 0, 0
175013, 48640, 1, 0, 0
176013, 42026, 0, 0, 0
176013, 45869, 1, 0, 0
177013, 50738, 0, 0, 0
177013, 50482, 1, 0, 0
178013, 50226, 0, 0, 0
178013, 54326, 1, 0, 0
179013, 53813, 0, 0, 0
179013, 46126, 1, 0, 0
