999, 11275, 0, 0, 0
999, 10762, 1, 0, 0
2000, 31488, 0, 0, 0
2000, 27648, 1, 0, 0
2999, 27163, 0, 0, 0
2999, 28700, 1, 0, 0
3999, 27163, 0, 0, 0
3999, 28956, 1, 0, 0
5000, 31968, 0, 0, 0
5000, 31456, 1, 0, 0
6001, 27620, 0, 0, 0
6001, 26085, 1, 0, 0
7002, 31712, 0, 0, 0
7002, 33246, 1, 0, 0
8004, 33246, 0, 0, 0
8004, 29922, 1, 0, 0
9005, 30945, 0, 0, 0
9005, 34013, 1, 0, 0
10007, 26085, 0, 0, 0
10007, 25318, 1, 0, 0
11008, 30433, 0, 0, 0
11008, 29154, 1, 0, 0
12009, 32991, 0, 0, 0
12009, 25574, 1, 0, 0
13010, 27108, 0, 0, 0
13010, 25830, 1, 0, 0
14011, 26341, 0, 0, 0
14011, 29410, 1, 0, 0
15012, 25574, 0, 0, 0
15012, 23784, 1, 0, 0
16014, 32479, 0, 0, 0
16014, 27620, 1, 0, 0
17015, 26085, 0, 0, 0
17015, 23784, 1, 0, 0
18015, 28416, 0, 0, 0
18015, 27648, 1, 0, 0
19015, 26112, 0, 0, 0
19015, 27648, 1, 0, 0
20015, 34048, 0, 0, 0
20015, 33024, 1, 0, 0
21014, 24856, 0, 0, 0
21014, 24600, 1, 0, 0
22014, 29696, 0, 0, 0
22014, 24320, 1, 0, 0
23014, 25856, 0, 0, 0
23014, 29440, 1, 0, 0
24015, 28672, 0, 0, 0
24015, 25088, 1, 0, 0
25014, 26650, 0, 0, 0
25014, 26394, 1, 0, 0
26014, 34338, 0, 0, 0
26014, 28700, 1, 0, 0
27014, 28928, 0, 0, 0
27014, 23808, 1, 0, 0
28015, 27136, 0, 0, 0
28015, 27136, 1, 0, 0
29015, 26880, 0, 0, 0
29015, 25600, 1, 0, 0
30015, 27904, 0, 0, 0
30015, 32000, 1, 0, 0
31014, 26650, 0, 0, 0
31014, 28188, 1, 0, 0
32014, 26112, 0, 0, 0
32014, 27904, 1, 0, 0
33014, 32000, 0, 0, 0
33014, 34560, 1, 0, 0
34015, 28416, 0, 0, 0
34015, 23808, 1, 0, 0
35015, 28160, 0, 0, 0
35015, 25088, 1, 0, 0
36015, 28672, 0, 0, 0
36015, 34816, 1, 0, 0
37015, 29440, 0, 0, 0
37015, 29696, 1, 0, 0
38015, 30750, 0, 0, 0
38015, 26394, 1, 0, 0
39014, 23575, 0, 0, 0
39014, 23063, 1, 0, 0
40014, 26624, 0, 0, 0
40014, 32512, 1, 0, 0
41014, 31232, 0, 0, 0
41014, 27136, 1, 0, 0
42015, 26112, 0, 0, 0
42015, 23552, 1, 0, 0
43015, 22784, 0, 0, 0
43015, 26112, 1, 0, 0
44015, 31744, 0, 0, 0
44015, 25856, 1, 0, 0
45014, 30750, 0, 0, 0
45014, 24088, 1, 0, 0
46014, 28928, 0, 0, 0
46014, 25856, 1, 0, 0
47015, 29696, 0, 0, 0
47015, 27392, 1, 0, 0
48015, 33792, 0, 0, 0
48015, 27392, 1, 0, 0
49015, 27392, 0, 0, 0
49015, 29184, 1, 0, 0
50015, 27392, 0, 0, 0
50015, 29696, 1, 0, 0
51014, 31519, 0, 0, 0
51014, 32288, 1, 0, 0
52014, 29184, 0, 0, 0
52014, 27136, 1, 0, 0
53015, 32768, 0, 0, 0
53015, 23552, 1, 0, 0
54015, 28672, 0, 0, 0
54015, 30720, 1, 0, 0
55015, 28928, 0, 0, 0
55015, 31232, 1, 0, 0
56015, 28160, 0, 0, 0
56015, 29184, 1, 0, 0
57014, 22038, 0, 0, 0
57014, 27163, 1, 0, 0
58015, 23040, 0, 0, 0
58015, 30976, 1, 0, 0
59015, 25600, 0, 0, 0
59015, 26368, 1, 0, 0
60015, 28160, 0, 0, 0
60015, 23296, 1, 0, 0
61014, 28444, 0, 0, 0
61014, 29213, 1, 0, 0
62014, 27648, 0, 0, 0
62014, 28416, 1, 0, 0
63015, 30976, 0, 0, 0
63015, 31744, 1, 0, 0
64015, 22528, 0, 0, 0
64015, 29440, 1, 0, 0
65015, 24064, 0, 0, 0
65015, 28672, 1, 0, 0
66015, 30208, 0, 0, 0
66015, 26624, 1, 0, 0
67014, 27675, 0, 0, 0
67014, 31263, 1, 0, 0
68014, 31232, 0, 0, 0
68014, 29184, 1, 0, 0
69015, 26112, 0, 0, 0
69015, 25856, 1, 0, 0
70015, 24064, 0, 0, 0
70015, 32000, 1, 0, 0
71015, 27648, 0, 0, 0
71015, 27648, 1, 0, 0
72015, 25600, 0, 0, 0
72015, 26368, 1, 0, 0
73015, 21504, 0, 0, 0
73015, 28416, 1, 0, 0
74015, 31775, 0, 0, 0
74015, 29213, 1, 0, 0
75015, 32000, 0, 0, 0
75015, 28672, 1, 0, 0
76015, 27392, 0, 0, 0
76015, 25600, 1, 0, 0
77015, 33024, 0, 0, 0
77015, 26112, 1, 0, 0
78015, 28700, 0, 0, 0
78015, 27675, 1, 0, 0
79015, 30720, 0, 0, 0
79015, 30976, 1, 0, 0
80014, 27931, 0, 0, 0
80014, 31519, 1, 0, 0
81014, 34304, 0, 0, 0
81014, 24064, 1, 0, 0
82014, 28188, 0, 0, 0
82014, 29213, 1, 0, 0
83014, 27392, 0, 0, 0
83014, 24320, 1, 0, 0
84014, 31232, 0, 0, 0
84014, 28672, 1, 0, 0
85014, 26138, 0, 0, 0
85014, 35875, 1, 0, 0
86014, 29440, 0, 0, 0
86014, 27136, 1, 0, 0
87015, 32512, 0, 0, 0
87015, 29952, 1, 0, 0
88014, 32032, 0, 0, 0
88014, 29213, 1, 0, 0
89014, 22272, 0, 0, 0
89014, 30464, 1, 0, 0
90015, 31232, 0, 0, 0
90015, 26368, 1, 0, 0
91015, 32000, 0, 0, 0
91015, 28928, 1, 0, 0
92015, 29440, 0, 0, 0
92015, 30208, 1, 0, 0
93015, 29952, 0, 0, 0
93015, 24320, 1, 0, 0
94015, 25856, 0, 0, 0
94015, 29696, 1, 0, 0
95015, 24064, 0, 0, 0
95015, 24576, 1, 0, 0
96015, 25625, 0, 0, 0
96015, 25625, 1, 0, 0
97015, 30976, 0, 0, 0
97015, 27904, 1, 0, 0
98015, 36096, 0, 0, 0
98015, 26368, 1, 0, 0
99015, 33280, 0, 0, 0
99015, 34048, 1, 0, 0
100015, 29696, 0, 0, 0
100015, 26880, 1, 0, 0
101014, 23831, 0, 0, 0
101014, 29469, 1, 0, 0
102015, 26880, 0, 0, 0
102015, 25088, 1, 0, 0
103015, 28160, 0, 0, 0
103015, 29184, 1, 0, 0
104014, 25881, 0, 0, 0
104014, 26650, 1, 0, 0
105014, 24320, 0, 0, 0
105014, 22784, 1, 0, 0
106014, 23808, 0, 0, 0
106014, 28672, 1, 0, 0
107014, 30720, 0, 0, 0
107014, 30720, 1, 0, 0
108015, 26624, 0, 0, 0
108015, 29952, 1, 0, 0
109015, 25856, 0, 0, 0
109015, 31232, 1, 0, 0
110015, 27904, 0, 0, 0
110015, 31488, 1, 0, 0
111015, 26880, 0, 0, 0
111015, 26880, 1, 0, 0
112015, 29184, 0, 0, 0
112015, 30464, 1, 0, 0
113015, 28416, 0, 0, 0
113015, 30976, 1, 0, 0
114014, 25625, 0, 0, 0
114014, 22806, 1, 0, 0
115014, 28160, 0, 0, 0
115014, 28928, 1, 0, 0
116015, 28928, 0, 0, 0
116015, 24064, 1, 0, 0
117015, 24320, 0, 0, 0
117015, 26368, 1, 0, 0
118015, 24576, 0, 0, 0
118015, 27904, 1, 0, 0
119015, 32000, 0, 0, 0
119015, 29440, 1, 0, 0
120015, 20736, 0, 0, 0
120015, 22784, 1, 0, 0
121015, 27675, 0, 0, 0
121015, 25369, 1, 0, 0
122015, 27419, 0, 0, 0
122015, 31007, 1, 0, 0
123015, 35619, 0, 0, 0
123015, 28700, 1, 0, 0
124015, 27904, 0, 0, 0
124015, 29952, 1, 0, 0
125015, 30208, 0, 0, 0
125015, 27392, 1, 0, 0
126015, 28700, 0, 0, 0
126015, 31263, 1, 0, 0
127015, 27904, 0, 0, 0
127015, 25600, 1, 0, 0
128014, 25369, 0, 0, 0
128014, 23319, 1, 0, 0
129015, 30976, 0, 0, 0
129015, 30208, 1, 0, 0
130015, 27163, 0, 0, 0
130015, 25113, 1, 0, 0
131015, 31775, 0, 0, 0
131015, 27163, 1, 0, 0
132014, 24600, 0, 0, 0
132014, 24856, 1, 0, 0
133014, 28416, 0, 0, 0
133014, 27648, 1, 0, 0
134014, 28444, 0, 0, 0
134014, 29213, 1, 0, 0
135014, 29725, 0, 0, 0
135014, 27931, 1, 0, 0
136014, 29440, 0, 0, 0
136014, 26624, 1, 0, 0
137014, 28160, 0, 0, 0
137014, 27648, 1, 0, 0
138014, 28416, 0, 0, 0
138014, 26624, 1, 0, 0
139014, 26112, 0, 0, 0
139014, 25344, 1, 0, 0
140014, 29469, 0, 0, 0
140014, 29725, 1, 0, 0
141014, 25369, 0, 0, 0
141014, 31007, 1, 0, 0
142014, 26394, 0, 0, 0
142014, 24600, 1, 0, 0
143014, 24320, 0, 0, 0
143014, 25600, 1, 0, 0
144014, 25088, 0, 0, 0
144014, 25344, 1, 0, 0
145015, 29952, 0, 0, 0
145015, 23296, 1, 0, 0
146015, 22784, 0, 0, 0
146015, 26880, 1, 0, 0
147015, 26138, 0, 0, 0
147015, 26138, 1, 0, 0
148015, 24064, 0, 0, 0
148015, 27392, 1, 0, 0
149015, 30464, 0, 0, 0
149015, 30464, 1, 0, 0
150015, 30750, 0, 0, 0
150015, 25881, 1, 0, 0
151015, 30464, 0, 0, 0
151015, 31232, 1, 0, 0
152015, 24344, 0, 0, 0
152015, 25369, 1, 0, 0
153015, 31007, 0, 0, 0
153015, 32800, 1, 0, 0
154014, 28444, 0, 0, 0
154014, 30750, 1, 0, 0
155015, 27904, 0, 0, 0
155015, 29952, 1, 0, 0
156015, 30208, 0, 0, 0
156015, 23808, 1, 0, 0
157015, 28160, 0, 0, 0
157015, 23296, 1, 0, 0
158015, 24088, 0, 0, 0
158015, 26650, 1, 0, 0
159015, 25625, 0, 0, 0
159015, 26906, 1, 0, 0
160015, 23575, 0, 0, 0
160015, 27419, 1, 0, 0
161015, 31744, 0, 0, 0
161015, 26112, 1, 0, 0
162015, 27392, 0, 0, 0
162015, 28160, 1, 0, 0
163015, 30464, 0, 0, 0
163015, 34816, 1, 0, 0
164015, 23552, 0, 0, 0
164015, 26368, 1, 0, 0
165015, 25088, 0, 0, 0
165015, 27136, 1, 0, 0
166015, 31775, 0, 0, 0
166015, 30494, 1, 0, 0
167015, 26906, 0, 0, 0
167015, 27163, 1, 0, 0
168014, 24600, 0, 0, 0
168014, 32032, 1, 0, 0
169014, 29440, 0, 0, 0
169014, 26624, 1, 0, 0
170014, 26650, 0, 0, 0
170014, 29213, 1, 0, 0
171014, 36644, 0, 0, 0
171014, 35875, 1, 0, 0
172014, 25344, 0, 0, 0
172014, 26880, 1, 0, 0
173014, 27163, 0, 0, 0
173014, 29469, 1, 0, 0
174014, 27931, 0, 0, 0
174014, 30238, 1, 0, 0
175015, 28160, 0, 0, 0
175015, 29184, 1, 0, 0
176015, 25113, 0, 0, 0
176015, 21525, 1, 0, 0
177015, 24088, 0, 0, 0
177015, 28444, 1, 0, 0
178015, 31519, 0, 0, 0
178015, 29981, 1, 0, 0
179015, 31263, 0, 0, 0
179015, 28444, 1, 0, 0
