1000, 42752, 0, 0, 0
1000, 33536, 1, 0, 0
2002, 48591, 0, 0, 0
2002, 48335, 1, 0, 0
3003, 48591, 0, 0, 0
3003, 49614, 1, 0, 0
4004, 53706, 0, 0, 0
4004, 52171, 1, 0, 0
5005, 49614, 0, 0, 0
5005, 52683, 1, 0, 0
6007, 42709, 0, 0, 0
6007, 49102, 1, 0, 0
7008, 48335, 0, 0, 0
7008, 50893, 1, 0, 0
8009, 48335, 0, 0, 0
8009, 51148, 1, 0, 0
9010, 51712, 0, 0, 0
9010, 49408, 1, 0, 0
10011, 53450, 0, 0, 0
10011, 58309, 1, 0, 0
11012, 52224, 0, 0, 0
11012, 47616, 1, 0, 0
12011, 53813, 0, 0, 0
12011, 49457, 1, 0, 0
13010, 48944, 0, 0, 0
13010, 49201, 1, 0, 0
14011, 44755, 0, 0, 0
14011, 42965, 1, 0, 0
15011, 48384, 0, 0, 0
15011, 52736, 1, 0, 0
16011, 55808, 0, 0, 0
16011, 52736, 1, 0, 0
17011, 46592, 0, 0, 0
17011, 53760, 1, 0, 0
18011, 47360, 0, 0, 0
18011, 48128, 1, 0, 0
19011, 50432, 0, 0, 0
19011, 49408, 1, 0, 0
20011, 47104, 0, 0, 0
20011, 52736, 1, 0, 0
21011, 50994, 0, 0, 0
21011, 48176, 1, 0, 0
22011, 60672, 0, 0, 0
22011, 56832, 1, 0, 0
23011, 45056, 0, 0, 0
23011, 47616, 1, 0, 0
24012, 45312, 0, 0, 0
24012, 45824, 1, 0, 0
25011, 44588, 0, 0, 0
25011, 45357, 1, 0, 0
26011, 49713, 0, 0, 0
26011, 50994, 1, 0, 0
27011, 48640, 0, 0, 0
27011, 46336, 1, 0, 0
28011, 60160, 0, 0, 0
28011, 55552, 1, 0, 0
29011, 49920, 0, 0, 0
29011, 47616, 1, 0, 0
30012, 37632, 0, 0, 0
30012, 39680, 1, 0, 0
31011, 41769, 0, 0, 0
31011, 48432, 1, 0, 0
32011, 51968, 0, 0, 0
32011, 51456, 1, 0, 0
33011, 47616, 0, 0, 0
33011, 43776, 1, 0, 0
34011, 44288, 0, 0, 0
34011, 57344, 1, 0, 0
35011, 44800, 0, 0, 0
35011, 45312, 1, 0, 0
36011, 48896, 0, 0, 0
36011, 51712, 1, 0, 0
37012, 46848, 0, 0, 0
37012, 54272, 1, 0, 0
38012, 44076, 0, 0, 0
38012, 40744, 1, 0, 0
39011, 54326, 0, 0, 0
39011, 48432, 1, 0, 0
40011, 48384, 0, 0, 0
40011, 47616, 1, 0, 0
41011, 40192, 0, 0, 0
41011, 54528, 1, 0, 0
42011, 45824, 0, 0, 0
42011, 45056, 1, 0, 0
43012, 53760, 0, 0, 0
43012, 48128, 1, 0, 0
44012, 54528, 0, 0, 0
44012, 52480, 1, 0, 0
45011, 45613, 0, 0, 0
45011, 49713, 1, 0, 0
46011, 51456, 0, 0, 0
46011, 51200, 1, 0, 0
47011, 52480, 0, 0, 0
47011, 50176, 1, 0, 0
48011, 52224, 0, 0, 0
48011, 52736, 1, 0, 0
49011, 49152, 0, 0, 0
49011, 44544, 1, 0, 0
50012, 47360, 0, 0, 0
50012, 52480, 1, 0, 0
51011, 47663, 0, 0, 0
51011, 53813, 1, 0, 0
52011, 50176, 0, 0, 0
52011, 45824, 1, 0, 0
53011, 49664, 0, 0, 0
53011, 47872, 1, 0, 0
54011, 56576, 0, 0, 0
54011, 53248, 1, 0, 0
55011, 45568, 0, 0, 0
55011, 46080, 1, 0, 0
56012, 49920, 0, 0, 0
56012, 49152, 1, 0, 0
57011, 55351, 0, 0, 0
57011, 54070, 1, 0, 0
58011, 45312, 0, 0, 0
58011, 47104, 1, 0, 0
59011, 55040, 0, 0, 0
59011, 55552, 1, 0, 0
60012, 50944, 0, 0, 0
60012, 49408, 1, 0, 0
61011, 53557, 0, 0, 0
61011, 48176, 1, 0, 0
62011, 56832, 0, 0, 0
62011, 46336, 1, 0, 0
63011, 42240, 0, 0, 0
63011, 49152, 1, 0, 0
64011, 47360, 0, 0, 0
64011, 52224, 1, 0, 0
65011, 54272, 0, 0, 0
65011, 49408, 1, 0, 0
66011, 50176, 0, 0, 0
66011, 46080, 1, 0, 0
67011, 47919, 0, 0, 0
67011, 50226, 1, 0, 0
68011, 52736, 0, 0, 0
68011, 55552, 1, 0, 0
69011, 64768, 0, 0, 0
69011, 52736, 1, 0, 0
70011, 41728, 0, 0, 0
70011, 48384, 1, 0, 0
71011, 39936, 0, 0, 0
71011, 51712, 1, 0, 0
72011, 48384, 0, 0, 0
72011, 52736, 1, 0, 0
73011, 48128, 0, 0, 0
73011, 49408, 1, 0, 0
74011, 46382, 0, 0, 0
74011, 52788, 1, 0, 0
75011, 51968, 0, 0, 0
75011, 44032, 1, 0, 0
76011, 49664, 0, 0, 0
76011, 55040, 1, 0, 0
77011, 58880, 0, 0, 0
77011, 54784, 1, 0, 0
78011, 42794, 0, 0, 0
78011, 54326, 1, 0, 0
79011, 42752, 0, 0, 0
79011, 46336, 1, 0, 0
80011, 44076, 0, 0, 0
80011, 49201, 1, 0, 0
81011, 51712, 0, 0, 0
81011, 51712, 1, 0, 0
82011, 50738, 0, 0, 0
82011, 52276, 1, 0, 0
83011, 45056, 0, 0, 0
83011, 48896, 1, 0, 0
84011, 38912, 0, 0, 0
84011, 47360, 1, 0, 0
85011, 54070, 0, 0, 0
85011, 53557, 1, 0, 0
86011, 57856, 0, 0, 0
86011, 50688, 1, 0, 0
87011, 46592, 0, 0, 0
87011, 44288, 1, 0, 0
88011, 44588, 0, 0, 0
88011, 48944, 1, 0, 0
89011, 49408, 0, 0, 0
89011, 50944, 1, 0, 0
90011, 47104, 0, 0, 0
90011, 52480, 1, 0, 0
91011, 49408, 0, 0, 0
91011, 49152, 1, 0, 0
92011, 47360, 0, 0, 0
92011, 51200, 1, 0, 0
93011, 51968, 0, 0, 0
93011, 48384, 1, 0, 0
94011, 49408, 0, 0, 0
94011, 43264, 1, 0, 0
95011, 43264, 0, 0, 0
95011, 42496, 1, 0, 0
96011, 53045, 0, 0, 0
96011, 53301, 1, 0, 0
97011, 49920, 0, 0, 0
97011, 53504, 1, 0, 0
98011, 50688, 0, 0, 0
98011, 43264, 1, 0, 0
99012, 52736, 0, 0, 0
99012, 54016, 1, 0, 0
100012, 56064, 0, 0, 0
100012, 54784, 1, 0, 0
101011, 41513, 0, 0, 0
101011, 46382, 1, 0, 0
102011, 43776, 0, 0, 0
102011, 46336, 1, 0, 0
103012, 45312, 0, 0, 0
103012, 50176, 1, 0, 0
104011, 44588, 0, 0, 0
104011, 44076, 1, 0, 0
105011, 49152, 0, 0, 0
105011, 56832, 1, 0, 0
106011, 50432, 0, 0, 0
106011, 47872, 1, 0, 0
107011, 48896, 0, 0, 0
107011, 57344, 1, 0, 0
108011, 45568, 0, 0, 0
108011, 49408, 1, 0, 0
109011, 50688, 0, 0, 0
109011, 48896, 1, 0, 0
110011, 58112, 0, 0, 0
110011, 54272, 1, 0, 0
111011, 51712, 0, 0, 0
111011, 49920, 1, 0, 0
112011, 46080, 0, 0, 0
112011, 46336, 1, 0, 0
113012, 43520, 0, 0, 0
113012, 45568, 1, 0, 0
114011, 59707, 0, 0, 0
114011, 49969, 1, 0, 0
115011, 44288, 0, 0, 0
115011, 46592, 1, 0, 0
116011, 48896, 0, 0, 0
116011, 47360, 1, 0, 0
117011, 43520, 0, 0, 0
117011, 50432, 1, 0, 0
118011, 54272, 0, 0, 0
118011, 55040, 1, 0, 0
119011, 48896, 0, 0, 0
119011, 42752, 1, 0, 0
120011, 43520, 0, 0, 0
120011, 45056, 1, 0, 0
121011, 40232, 0, 0, 0
121011, 49201, 1, 0, 0
122011, 55351, 0, 0, 0
122011, 50738, 1, 0, 0
123011, 63551, 0, 0, 0
123011, 55863, 1, 0, 0
124011, 50688, 0, 0, 0
124011, 55296, 1, 0, 0
125012, 49152, 0, 0, 0
125012, 51968, 1, 0, 0
126012, 59707, 0, 0, 0
126012, 57913, 1, 0, 0
127012, 49664, 0, 0, 0
127012, 43264, 1, 0, 0
128011, 42026, 0, 0, 0
128011, 40232, 1, 0, 0
129012, 43776, 0, 0, 0
129012, 50944, 1, 0, 0
130012, 49713, 0, 0, 0
130012, 51251, 1, 0, 0
131012, 45101, 0, 0, 0
131012, 50738, 1, 0, 0
132011, 48176, 0, 0, 0
132011, 41513, 1, 0, 0
133011, 43776, 0, 0, 0
133011, 56320, 1, 0, 0
134011, 53813, 0, 0, 0
134011, 53557, 1, 0, 0
135011, 48432, 0, 0, 0
135011, 45101, 1, 0, 0
136011, 45056, 0, 0, 0
136011, 44800, 1, 0, 0
137011, 46848, 0, 0, 0
137011, 48896, 1, 0, 0
138011, 51712, 0, 0, 0
138011, 47104, 1, 0, 0
139011, 45056, 0, 0, 0
139011, 48128, 1, 0, 0
140011, 44588, 0, 0, 0
140011, 42538, 1, 0, 0
141011, 60476, 0, 0, 0
141011, 54070, 1, 0, 0
142011, 53045, 0, 0, 0
142011, 57401, 1, 0, 0
143011, 54272, 0, 0, 0
143011, 41216, 1, 0, 0
144011, 50176, 0, 0, 0
144011, 43776, 1, 0, 0
145011, 47872, 0, 0, 0
145011, 43008, 1, 0, 0
146011, 43520, 0, 0, 0
146011, 49408, 1, 0, 0
147011, 58170, 0, 0, 0
147011, 47407, 1, 0, 0
148011, 53504, 0, 0, 0
148011, 57344, 1, 0, 0
149011, 46848, 0, 0, 0
149011, 47616, 1, 0, 0
150011, 52788, 0, 0, 0
150011, 52020, 1, 0, 0
151011, 55552, 0, 0, 0
151011, 54528, 1, 0, 0
152011, 52532, 0, 0, 0
152011, 49457, 1, 0, 0
153011, 39463, 0, 0, 0
153011, 44588, 1, 0, 0
154011, 48688, 0, 0, 0
154011, 46638, 1, 0, 0
155011, 44288, 0, 0, 0
155011, 47104, 1, 0, 0
156011, 44032, 0, 0, 0
156011, 50944, 1, 0, 0
157011, 48896, 0, 0, 0
157011, 48128, 1, 0, 0
158011, 53045, 0, 0, 0
158011, 49713, 1, 0, 0
159011, 52020, 0, 0, 0
159011, 50482, 1, 0, 0
160011, 46126, 0, 0, 0
160011, 49969, 1, 0, 0
161011, 55040, 0, 0, 0
161011, 52736, 1, 0, 0
162011, 47360, 0, 0, 0
162011, 48640, 1, 0, 0
163011, 50944, 0, 0, 0
163011, 51456, 1, 0, 0
164012, 46080, 0, 0, 0
164012, 45824, 1, 0, 0
165012, 49152, 0, 0, 0
165012, 53760, 1, 0, 0
166011, 52788, 0, 0, 0
166011, 51763, 1, 0, 0
167011, 63551, 0, 0, 0
167011, 54070, 1, 0, 0
168011, 45101, 0, 0, 0
168011, 43563, 1, 0, 0
169011, 47104, 0, 0, 0
169011, 51456, 1, 0, 0
170011, 55607, 0, 0, 0
170011, 60732, 1, 0, 0
171011, 48688, 0, 0, 0
171011, 42538, 1, 0, 0
172011, 43008, 0, 0, 0
172011, 40448, 1, 0, 0
173011, 61757, 0, 0, 0
173011, 51251, 1, 0, 0
174011, 48688, 0, 0, 0
174011, 48176, 1, 0, 0
175012, 45568, 0, 0, 0
175012, 49408, 1, 0, 0
176012, 56376, 0, 0, 0
176012, 53301, 1, 0, 0
177011, 47151, 0, 0, 0
177011, 46638, 1, 0, 0
178011, 49713, 0, 0, 0
178011, 50482, 1, 0, 0
179011, 37413, 0, 0, 0
179011, 41257, 1, 0, 0
180011, 63295, 0, 0, 0
180011, 59195, 1, 0, 0
