999, 27675, 0, 0, 0
999, 33825, 1, 0, 0
1998, 49457, 0, 0, 0
1998, 52276, 1, 0, 0
2999, 52683, 0, 0, 0
2999, 50125, 1, 0, 0
4001, 49358, 0, 0, 0
4001, 49102, 1, 0, 0
5002, 49102, 0, 0, 0
5002, 52683, 1, 0, 0
6003, 48847, 0, 0, 0
6003, 48335, 1, 0, 0
7005, 52939, 0, 0, 0
7005, 46289, 1, 0, 0
8006, 52939, 0, 0, 0
8006, 54985, 1, 0, 0
9007, 53504, 0, 0, 0
9007, 54272, 1, 0, 0
10008, 54217, 0, 0, 0
10008, 52939, 1, 0, 0
11009, 51404, 0, 0, 0
11009, 43732, 1, 0, 0
12010, 51916, 0, 0, 0
12010, 52171, 1, 0, 0
13011, 50893, 0, 0, 0
13011, 50893, 1, 0, 0
14012, 55240, 0, 0, 0
14012, 59076, 1, 0, 0
15014, 48847, 0, 0, 0
15014, 48591, 1, 0, 0
16015, 43220, 0, 0, 0
16015, 44755, 1, 0, 0
17016, 51148, 0, 0, 0
17016, 53450, 1, 0, 0
18017, 50637, 0, 0, 0
18017, 47568, 1, 0, 0
19018, 45778, 0, 0, 0
19018, 52171, 1, 0, 0
20019, 48079, 0, 0, 0
20019, 43220, 1, 0, 0
21020, 47568, 0, 0, 0
21020, 58821, 1, 0, 0
22021, 44499, 0, 0, 0
22021, 43220, 1, 0, 0
23022, 52736, 0, 0, 0
23022, 54528, 1, 0, 0
24023, 53450, 0, 0, 0
24023, 49358, 1, 0, 0
25024, 50893, 0, 0, 0
25024, 46289, 1, 0, 0
26025, 50125, 0, 0, 0
26025, 58821, 1, 0, 0
27027, 43220, 0, 0, 0
27027, 43732, 1, 0, 0
28028, 58565, 0, 0, 0
28028, 59076, 1, 0, 0
29029, 60099, 0, 0, 0
29029, 53962, 1, 0, 0
30030, 50381, 0, 0, 0
30030, 47824, 1, 0, 0
31031, 52427, 0, 0, 0
31031, 56007, 1, 0, 0
32032, 47568, 0, 0, 0
32032, 39640, 1, 0, 0
33034, 60867, 0, 0, 0
33034, 60099, 1, 0, 0
34035, 46545, 0, 0, 0
34035, 52939, 1, 0, 0
35036, 53706, 0, 0, 0
35036, 48079, 1, 0, 0
36037, 49358, 0, 0, 0
36037, 52683, 1, 0, 0
37038, 59076, 0, 0, 0
37038, 60355, 1, 0, 0
38039, 52427, 0, 0, 0
38039, 49358, 1, 0, 0
39040, 53962, 0, 0, 0
39040, 53450, 1, 0, 0
40041, 48079, 0, 0, 0
40041, 53706, 1, 0, 0
41043, 54729, 0, 0, 0
41043, 47824, 1, 0, 0
42044, 41686, 0, 0, 0
42044, 49358, 1, 0, 0
43045, 45522, 0, 0, 0
43045, 48847, 1, 0, 0
44046, 45778, 0, 0, 0
44046, 51148, 1, 0, 0
45047, 42709, 0, 0, 0
45047, 45010, 1, 0, 0
46049, 60099, 0, 0, 0
46049, 52939, 1, 0, 0
47050, 58565, 0, 0, 0
47050, 51916, 1, 0, 0
48051, 49102, 0, 0, 0
48051, 44499, 1, 0, 0
49052, 52171, 0, 0, 0
49052, 56519, 1, 0, 0
50053, 47824, 0, 0, 0
50053, 49102, 1, 0, 0
51054, 42709, 0, 0, 0
51054, 47312, 1, 0, 0
52056, 38361, 0, 0, 0
52056, 42965, 1, 0, 0
53057, 48079, 0, 0, 0
53057, 51660, 1, 0, 0
54058, 45522, 0, 0, 0
54058, 52171, 1, 0, 0
55059, 42453, 0, 0, 0
55059, 49102, 1, 0, 0
56060, 47056, 0, 0, 0
56060, 42709, 1, 0, 0
57062, 46289, 0, 0, 0
57062, 47312, 1, 0, 0
58063, 55496, 0, 0, 0
58063, 53962, 1, 0, 0
59064, 48079, 0, 0, 0
59064, 52939, 1, 0, 0
60065, 50381, 0, 0, 0
60065, 46545, 1, 0, 0
61066, 43988, 0, 0, 0
61066, 50125, 1, 0, 0
62068, 53706, 0, 0, 0
62068, 53962, 1, 0, 0
63069, 55240, 0, 0, 0
63069, 42965, 1, 0, 0
64070, 62657, 0, 0, 0
64070, 56007, 1, 0, 0
65071, 56007, 0, 0, 0
65071, 52427, 1, 0, 0
66072, 41430, 0, 0, 0
66072, 46033, 1, 0, 0
67073, 53194, 0, 0, 0
67073, 51916, 1, 0, 0
68075, 50125, 0, 0, 0
68075, 47312, 1, 0, 0
69076, 38873, 0, 0, 0
69076, 39384, 1, 0, 0
70077, 55240, 0, 0, 0
70077, 57542, 1, 0, 0
71078, 39896, 0, 0, 0
71078, 42453, 1, 0, 0
72079, 50893, 0, 0, 0
72079, 49870, 1, 0, 0
73080, 54729, 0, 0, 0
73080, 50381, 1, 0, 0
74081, 48384, 0, 0, 0
74081, 43520, 1, 0, 0
75082, 39680, 0, 0, 0
75082, 46336, 1, 0, 0
76083, 47312, 0, 0, 0
76083, 50381, 1, 0, 0
77084, 42965, 0, 0, 0
77084, 51148, 1, 0, 0
78085, 45056, 0, 0, 0
78085, 48128, 1, 0, 0
79086, 53962, 0, 0, 0
79086, 54217, 1, 0, 0
80087, 47824, 0, 0, 0
80087, 45010, 1, 0, 0
81088, 58565, 0, 0, 0
81088, 53962, 1, 0, 0
82089, 50893, 0, 0, 0
82089, 44499, 1, 0, 0
83090, 43732, 0, 0, 0
83090, 48079, 1, 0, 0
84091, 46033, 0, 0, 0
84091, 52683, 1, 0, 0
85092, 50944, 0, 0, 0
85092, 50688, 1, 0, 0
86093, 59076, 0, 0, 0
86093, 53194, 1, 0, 0
87094, 48896, 0, 0, 0
87094, 49920, 1, 0, 0
88095, 46545, 0, 0, 0
88095, 42197, 1, 0, 0
89096, 53706, 0, 0, 0
89096, 59332, 1, 0, 0
90098, 48079, 0, 0, 0
90098, 46801, 1, 0, 0
91099, 60355, 0, 0, 0
91099, 57030, 1, 0, 0
92100, 47312, 0, 0, 0
92100, 49614, 1, 0, 0
93101, 49102, 0, 0, 0
93101, 45010, 1, 0, 0
94102, 44755, 0, 0, 0
94102, 48591, 1, 0, 0
95103, 50125, 0, 0, 0
95103, 49102, 1, 0, 0
96104, 42496, 0, 0, 0
96104, 45568, 1, 0, 0
97105, 46289, 0, 0, 0
97105, 48335, 1, 0, 0
98106, 52171, 0, 0, 0
98106, 57542, 1, 0, 0
99107, 52171, 0, 0, 0
99107, 44755, 1, 0, 0
100108, 54217, 0, 0, 0
100108, 52683, 1, 0, 0
101110, 56263, 0, 0, 0
101110, 53194, 1, 0, 0
102111, 51916, 0, 0, 0
102111, 47312, 1, 0, 0
103112, 54217, 0, 0, 0
103112, 52683, 1, 0, 0
104113, 61378, 0, 0, 0
104113, 56263, 1, 0, 0
105114, 50893, 0, 0, 0
105114, 48079, 1, 0, 0
106115, 48335, 0, 0, 0
106115, 48335, 1, 0, 0
107117, 48847, 0, 0, 0
107117, 50125, 1, 0, 0
108118, 46545, 0, 0, 0
108118, 45266, 1, 0, 0
109119, 53962, 0, 0, 0
109119, 54729, 1, 0, 0
110120, 51404, 0, 0, 0
110120, 47056, 1, 0, 0
111121, 53962, 0, 0, 0
111121, 47824, 1, 0, 0
112122, 48335, 0, 0, 0
112122, 50637, 1, 0, 0
113123, 40407, 0, 0, 0
113123, 47568, 1, 0, 0
114124, 41430, 0, 0, 0
114124, 48591, 1, 0, 0
115126, 59332, 0, 0, 0
115126, 52427, 1, 0, 0
116127, 60611, 0, 0, 0
116127, 49102, 1, 0, 0
117128, 47824, 0, 0, 0
117128, 57542, 1, 0, 0
118129, 47568, 0, 0, 0
118129, 46545, 1, 0, 0
119130, 56832, 0, 0, 0
119130, 54016, 1, 0, 0
120131, 57798, 0, 0, 0
120131, 57542, 1, 0, 0
121132, 49664, 0, 0, 0
121132, 51456, 1, 0, 0
122133, 46848, 0, 0, 0
122133, 48896, 1, 0, 0
123134, 48335, 0, 0, 0
123134, 51404, 1, 0, 0
124135, 56519, 0, 0, 0
124135, 54985, 1, 0, 0
125136, 41686, 0, 0, 0
125136, 39128, 1, 0, 0
126137, 48384, 0, 0, 0
126137, 48128, 1, 0, 0
127138, 51916, 0, 0, 0
127138, 45010, 1, 0, 0
128139, 49358, 0, 0, 0
128139, 53194, 1, 0, 0
129140, 44800, 0, 0, 0
129140, 42496, 1, 0, 0
130141, 59332, 0, 0, 0
130141, 52939, 1, 0, 0
131142, 47360, 0, 0, 0
131142, 45568, 1, 0, 0
132143, 49870, 0, 0, 0
132143, 53450, 1, 0, 0
133144, 53194, 0, 0, 0
133144, 46289, 1, 0, 0
134145, 57344, 0, 0, 0
134145, 54528, 1, 0, 0
135146, 50944, 0, 0, 0
135146, 46080, 1, 0, 0
136147, 52427, 0, 0, 0
136147, 46033, 1, 0, 0
137148, 48591, 0, 0, 0
137148, 48079, 1, 0, 0
138149, 45522, 0, 0, 0
138149, 53450, 1, 0, 0
139150, 44032, 0, 0, 0
139150, 55808, 1, 0, 0
140151, 51968, 0, 0, 0
140151, 51968, 1, 0, 0
141152, 49920, 0, 0, 0
141152, 51200, 1, 0, 0
142153, 52427, 0, 0, 0
142153, 55752, 1, 0, 0
143154, 44243, 0, 0, 0
143154, 46545, 1, 0, 0
144156, 41686, 0, 0, 0
144156, 51148, 1, 0, 0
145157, 40407, 0, 0, 0
145157, 44243, 1, 0, 0
146158, 54985, 0, 0, 0
146158, 56775, 1, 0, 0
147159, 46289, 0, 0, 0
147159, 49102, 1, 0, 0
148160, 47568, 0, 0, 0
148160, 50381, 1, 0, 0
149161, 45824, 0, 0, 0
149161, 51200, 1, 0, 0
150162, 42240, 0, 0, 0
150162, 43008, 1, 0, 0
151163, 45522, 0, 0, 0
151163, 48335, 1, 0, 0
152164, 52224, 0, 0, 0
152164, 52224, 1, 0, 0
153165, 39168, 0, 0, 0
153165, 41984, 1, 0, 0
154166, 56064, 0, 0, 0
154166, 53504, 1, 0, 0
155167, 37850, 0, 0, 0
155167, 46289, 1, 0, 0
156168, 59076, 0, 0, 0
156168, 53450, 1, 0, 0
157169, 45010, 0, 0, 0
157169, 49870, 1, 0, 0
158170, 38361, 0, 0, 0
158170, 42965, 1, 0, 0
159171, 56576, 0, 0, 0
159171, 43776, 1, 0, 0
160172, 53962, 0, 0, 0
160172, 55240, 1, 0, 0
161173, 50432, 0, 0, 0
161173, 45824, 1, 0, 0
162174, 53450, 0, 0, 0
162174, 53706, 1, 0, 0
163175, 50637, 0, 0, 0
163175, 51148, 1, 0, 0
164176, 51660, 0, 0, 0
164176, 43732, 1, 0, 0
165177, 55552, 0, 0, 0
165177, 55552, 1, 0, 0
166178, 54016, 0, 0, 0
166178, 51456, 1, 0, 0
167179, 46033, 0, 0, 0
167179, 50893, 1, 0, 0
168181, 53194, 0, 0, 0
168181, 59844, 1, 0, 0
169182, 50432, 0, 0, 0
169182, 51968, 1, 0, 0
170182, 47872, 0, 0, 0
170182, 49920, 1, 0, 0
171183, 52992, 0, 0, 0
171183, 49664, 1, 0, 0
172184, 49664, 0, 0, 0
172184, 57600, 1, 0, 0
173185, 73216, 0, 0, 0
173185, 60928, 1, 0, 0
174186, 48335, 0, 0, 0
174186, 47824, 1, 0, 0
175187, 45568, 0, 0, 0
175187, 43776, 1, 0, 0
176188, 48384, 0, 0, 0
176188, 49152, 1, 0, 0
177189, 56064, 0, 0, 0
177189, 48128, 1, 0, 0
178190, 49152, 0, 0, 0
178190, 48384, 1, 0, 0
179191, 53760, 0, 0, 0
179191, 53504, 1, 0, 0
