999, 40232, 0, 0, 0
999, 39463, 1, 0, 0
1999, 46080, 0, 0, 0
1999, 54784, 1, 0, 0
2999, 43563, 0, 0, 0
2999, 52276, 1, 0, 0
4000, 37850, 0, 0, 0
4000, 45010, 1, 0, 0
5001, 41686, 0, 0, 0
5001, 47568, 1, 0, 0
6003, 52171, 0, 0, 0
6003, 52171, 1, 0, 0
7004, 54729, 0, 0, 0
7004, 52683, 1, 0, 0
8005, 52683, 0, 0, 0
8005, 42197, 1, 0, 0
9007, 51404, 0, 0, 0
9007, 53706, 1, 0, 0
10008, 50381, 0, 0, 0
10008, 49102, 1, 0, 0
11009, 47056, 0, 0, 0
11009, 50637, 1, 0, 0
12011, 44499, 0, 0, 0
12011, 45010, 1, 0, 0
13012, 47568, 0, 0, 0
13012, 45266, 1, 0, 0
14013, 49614, 0, 0, 0
14013, 50637, 1, 0, 0
15014, 43476, 0, 0, 0
15014, 48335, 1, 0, 0
16015, 39384, 0, 0, 0
16015, 37082, 1, 0, 0
17016, 51148, 0, 0, 0
17016, 55752, 1, 0, 0
18016, 54272, 0, 0, 0
18016, 49664, 1, 0, 0
19016, 56064, 0, 0, 0
19016, 59136, 1, 0, 0
20016, 61952, 0, 0, 0
20016, 61952, 1, 0, 0
21016, 54070, 0, 0, 0
21016, 53557, 1, 0, 0
22016, 47616, 0, 0, 0
22016, 49152, 1, 0, 0
23016, 41472, 0, 0, 0
23016, 45312, 1, 0, 0
24017, 55296, 0, 0, 0
24017, 47616, 1, 0, 0
25016, 51507, 0, 0, 0
25016, 54326, 1, 0, 0
26016, 49969, 0, 0, 0
26016, 48176, 1, 0, 0
27016, 47616, 0, 0, 0
27016, 51712, 1, 0, 0
28016, 44288, 0, 0, 0
28016, 47360, 1, 0, 0
29016, 54784, 0, 0, 0
29016, 55040, 1, 0, 0
30017, 63488, 0, 0, 0
30017, 54016, 1, 0, 0
31016, 53045, 0, 0, 0
31016, 46382, 1, 0, 0
32016, 51968, 0, 0, 0
32016, 47104, 1, 0, 0
33016, 43520, 0, 0, 0
33016, 42752, 1, 0, 0
34016, 46848, 0, 0, 0
34016, 50432, 1, 0, 0
35016, 42496, 0, 0, 0
35016, 43776, 1, 0, 0
36016, 48384, 0, 0, 0
36016, 52480, 1, 0, 0
37016, 55552, 0, 0, 0
37016, 49920, 1, 0, 0
38016, 47151, 0, 0, 0
38016, 50482, 1, 0, 0
39016, 48176, 0, 0, 0
39016, 55095, 1, 0, 0
40016, 45824, 0, 0, 0
40016, 47872, 1, 0, 0
41016, 44544, 0, 0, 0
41016, 44544, 1, 0, 0
42016, 50432, 0, 0, 0
42016, 50432, 1, 0, 0
43016, 54784, 0, 0, 0
43016, 41216, 1, 0, 0
44017, 51200, 0, 0, 0
44017, 58624, 1, 0, 0
45016, 61245, 0, 0, 0
45016, 50994, 1, 0, 0
46016, 52480, 0, 0, 0
46016, 49920, 1, 0, 0
47016, 51200, 0, 0, 0
47016, 50176, 1, 0, 0
48016, 48384, 0, 0, 0
48016, 46336, 1, 0, 0
49016, 48640, 0, 0, 0
49016, 50688, 1, 0, 0
50017, 59392, 0, 0, 0
50017, 50944, 1, 0, 0
51016, 50482, 0, 0, 0
51016, 57657, 1, 0, 0
52016, 41472, 0, 0, 0
52016, 41216, 1, 0, 0
53016, 53248, 0, 0, 0
53016, 51456, 1, 0, 0
54016, 44032, 0, 0, 0
54016, 45824, 1, 0, 0
55016, 50176, 0, 0, 0
55016, 49408, 1, 0, 0
56017, 48896, 0, 0, 0
56017, 42752, 1, 0, 0
57016, 47663, 0, 0, 0
57016, 50994, 1, 0, 0
58016, 48640, 0, 0, 0
58016, 51968, 1, 0, 0
59016, 45824, 0, 0, 0
59016, 40960, 1, 0, 0
60017, 65536, 0, 0, 0
60017, 54528, 1, 0, 0
61016, 58938, 0, 0, 0
61016, 51763, 1, 0, 0
62016, 47360, 0, 0, 0
62016, 47872, 1, 0, 0
63016, 53504, 0, 0, 0
63016, 55552, 1, 0, 0
64016, 46080, 0, 0, 0
64016, 50944, 1, 0, 0
65016, 49152, 0, 0, 0
65016, 49920, 1, 0, 0
66016, 48384, 0, 0, 0
66016, 51968, 1, 0, 0
67016, 45357, 0, 0, 0
67016, 50738, 1, 0, 0
68016, 54784, 0, 0, 0
68016, 49920, 1, 0, 0
69016, 61952, 0, 0, 0
69016, 54272, 1, 0, 0
70016, 41728, 0, 0, 0
70016, 39936, 1, 0, 0
71016, 49408, 0, 0, 0
71016, 47616, 1, 0, 0
72016, 44032, 0, 0, 0
72016, 48128, 1, 0, 0
73016, 45568, 0, 0, 0
73016, 47616, 1, 0, 0
74016, 44844, 0, 0, 0
74016, 44588, 1, 0, 0
75016, 42752, 0, 0, 0
75016, 43264, 1, 0, 0
76016, 49920, 0, 0, 0
76016, 51200, 1, 0, 0
77016, 52224, 0, 0, 0
77016, 49664, 1, 0, 0
78016, 47919, 0, 0, 0
78016, 48944, 1, 0, 0
79016, 54528, 0, 0, 0
79016, 53504, 1, 0, 0
80016, 45869, 0, 0, 0
80016, 48944, 1, 0, 0
81016, 53248, 0, 0, 0
81016, 49152, 1, 0, 0
82016, 40232, 0, 0, 0
82016, 40488, 1, 0, 0
83016, 47616, 0, 0, 0
83016, 52992, 1, 0, 0
84016, 44544, 0, 0, 0
84016, 45824, 1, 0, 0
85016, 44332, 0, 0, 0
85016, 49201, 1, 0, 0
86016, 45568, 0, 0, 0
86016, 49664, 1, 0, 0
87016, 48896, 0, 0, 0
87016, 51200, 1, 0, 0
88016, 51507, 0, 0, 0
88016, 52788, 1, 0, 0
89016, 52224, 0, 0, 0
89016, 48896, 1, 0, 0
90016, 57088, 0, 0, 0
90016, 50944, 1, 0, 0
91016, 51968, 0, 0, 0
91016, 50688, 1, 0, 0
92016, 40704, 0, 0, 0
92016, 52992, 1, 0, 0
93016, 46080, 0, 0, 0
93016, 50176, 1, 0, 0
94016, 55040, 0, 0, 0
94016, 45056, 1, 0, 0
95016, 49408, 0, 0, 0
95016, 51968, 1, 0, 0
96016, 41257, 0, 0, 0
96016, 47151, 1, 0, 0
97016, 51712, 0, 0, 0
97016, 53504, 1, 0, 0
98016, 57600, 0, 0, 0
98016, 47872, 1, 0, 0
99016, 43264, 0, 0, 0
99016, 45056, 1, 0, 0
100017, 48128, 0, 0, 0
100017, 53248, 1, 0, 0
101016, 46894, 0, 0, 0
101016, 48432, 1, 0, 0
102016, 52224, 0, 0, 0
102016, 50944, 1, 0, 0
103017, 47872, 0, 0, 0
103017, 54272, 1, 0, 0
104016, 46638, 0, 0, 0
104016, 46894, 1, 0, 0
105016, 48640, 0, 0, 0
105016, 48640, 1, 0, 0
106016, 45568, 0, 0, 0
106016, 51200, 1, 0, 0
107016, 58880, 0, 0, 0
107016, 53760, 1, 0, 0
108016, 54784, 0, 0, 0
108016, 49152, 1, 0, 0
109016, 51968, 0, 0, 0
109016, 54016, 1, 0, 0
110016, 55552, 0, 0, 0
110016, 55040, 1, 0, 0
111016, 51968, 0, 0, 0
111016, 46848, 1, 0, 0
112016, 52224, 0, 0, 0
112016, 50176, 1, 0, 0
113016, 50688, 0, 0, 0
113016, 56064, 1, 0, 0
114016, 49969, 0, 0, 0
114016, 50482, 1, 0, 0
115016, 43776, 0, 0, 0
115016, 46336, 1, 0, 0
116016, 54272, 0, 0, 0
116016, 51968, 1, 0, 0
117016, 46336, 0, 0, 0
117016, 47616, 1, 0, 0
118016, 42496, 0, 0, 0
118016, 46336, 1, 0, 0
119016, 47872, 0, 0, 0
119016, 48640, 1, 0, 0
120016, 53504, 0, 0, 0
120016, 52736, 1, 0, 0
121016, 54070, 0, 0, 0
121016, 50226, 1, 0, 0
122016, 53813, 0, 0, 0
122016, 45613, 1, 0, 0
123016, 46638, 0, 0, 0
123016, 46126, 1, 0, 0
124016, 48640, 0, 0, 0
124016, 43776, 1, 0, 0
125017, 46080, 0, 0, 0
125017, 50944, 1, 0, 0
126016, 55095, 0, 0, 0
126016, 51507, 1, 0, 0
127017, 51968, 0, 0, 0
127017, 48640, 1, 0, 0
128016, 57913, 0, 0, 0
128016, 51763, 1, 0, 0
129017, 57600, 0, 0, 0
129017, 50944, 1, 0, 0
130017, 51507, 0, 0, 0
130017, 49457, 1, 0, 0
131017, 46126, 0, 0, 0
131017, 48944, 1, 0, 0
132016, 53813, 0, 0, 0
132016, 51251, 1, 0, 0
133016, 47616, 0, 0, 0
133016, 46592, 1, 0, 0
134016, 51251, 0, 0, 0
134016, 51251, 1, 0, 0
135016, 50994, 0, 0, 0
135016, 54070, 1, 0, 0
136016, 53504, 0, 0, 0
136016, 46080, 1, 0, 0
137016, 50176, 0, 0, 0
137016, 54784, 1, 0, 0
138016, 60160, 0, 0, 0
138016, 52992, 1, 0, 0
139016, 46080, 0, 0, 0
139016, 45568, 1, 0, 0
140016, 50226, 0, 0, 0
140016, 47919, 1, 0, 0
141016, 55351, 0, 0, 0
141016, 49713, 1, 0, 0
142016, 49713, 0, 0, 0
142016, 46126, 1, 0, 0
143016, 46080, 0, 0, 0
143016, 52736, 1, 0, 0
144016, 47104, 0, 0, 0
144016, 50944, 1, 0, 0
145016, 48384, 0, 0, 0
145016, 49920, 1, 0, 0
146016, 47104, 0, 0, 0
146016, 50176, 1, 0, 0
147016, 42282, 0, 0, 0
147016, 45101, 1, 0, 0
148016, 51200, 0, 0, 0
148016, 46080, 1, 0, 0
149016, 43520, 0, 0, 0
149016, 46848, 1, 0, 0
150016, 56120, 0, 0, 0
150016, 55095, 1, 0, 0
151016, 53248, 0, 0, 0
151016, 52736, 1, 0, 0
152016, 45101, 0, 0, 0
152016, 48944, 1, 0, 0
153016, 48944, 0, 0, 0
153016, 44332, 1, 0, 0
154016, 44076, 0, 0, 0
154016, 48432, 1, 0, 0
155016, 50944, 0, 0, 0
155016, 53504, 1, 0, 0
156016, 46336, 0, 0, 0
156016, 52224, 1, 0, 0
157016, 45312, 0, 0, 0
157016, 44288, 1, 0, 0
158016, 57913, 0, 0, 0
158016, 50994, 1, 0, 0
159016, 45101, 0, 0, 0
159016, 46126, 1, 0, 0
160016, 45613, 0, 0, 0
160016, 51763, 1, 0, 0
161016, 55808, 0, 0, 0
161016, 46848, 1, 0, 0
162016, 47104, 0, 0, 0
162016, 49920, 1, 0, 0
163016, 44800, 0, 0, 0
163016, 46848, 1, 0, 0
164016, 46592, 0, 0, 0
164016, 48128, 1, 0, 0
165016, 50432, 0, 0, 0
165016, 49920, 1, 0, 0
166016, 42794, 0, 0, 0
166016, 47919, 1, 0, 0
167016, 54582, 0, 0, 0
167016, 50482, 1, 0, 0
168016, 50738, 0, 0, 0
168016, 42794, 1, 0, 0
169016, 48384, 0, 0, 0
169016, 49664, 1, 0, 0
170016, 61501, 0, 0, 0
170016, 58938, 1, 0, 0
171016, 60220, 0, 0, 0
171016, 46638, 1, 0, 0
172016, 50432, 0, 0, 0
172016, 54272, 1, 0, 0
173016, 42794, 0, 0, 0
173016, 44588, 1, 0, 0
174016, 43051, 0, 0, 0
174016, 50226, 1, 0, 0
175017, 49152, 0, 0, 0
175017, 44544, 1, 0, 0
176017, 54838, 0, 0, 0
176017, 60476, 1, 0, 0
177016, 54326, 0, 0, 0
177016, 46638, 1, 0, 0
178016, 48176, 0, 0, 0
178016, 48688, 1, 0, 0
179016, 44332, 0, 0, 0
179016, 44588, 1, 0, 0
