999, 11019, 0, 0, 0
999, 9993, 1, 0, 0
2000, 26368, 0, 0, 0
2000, 25600, 1, 0, 0
3001, 26853, 0, 0, 0
3001, 26853, 1, 0, 0
4003, 24551, 0, 0, 0
4003, 27620, 1, 0, 0
5004, 27364, 0, 0, 0
5004, 25574, 1, 0, 0
6005, 27876, 0, 0, 0
6005, 31456, 1, 0, 0
7007, 28131, 0, 0, 0
7007, 29410, 1, 0, 0
8008, 30945, 0, 0, 0
8008, 23528, 1, 0, 0
9010, 26341, 0, 0, 0
9010, 23528, 1, 0, 0
10011, 29154, 0, 0, 0
10011, 27364, 1, 0, 0
11012, 25318, 0, 0, 0
11012, 26341, 1, 0, 0
12013, 24807, 0, 0, 0
12013, 23784, 1, 0, 0
13014, 28387, 0, 0, 0
13014, 25574, 1, 0, 0
14015, 31968, 0, 0, 0
14015, 41174, 1, 0, 0
15017, 28643, 0, 0, 0
15017, 30177, 1, 0, 0
16018, 31712, 0, 0, 0
16018, 28131, 1, 0, 0
17019, 22505, 0, 0, 0
17019, 29154, 1, 0, 0
18019, 29952, 0, 0, 0
18019, 23808, 1, 0, 0
19019, 26112, 0, 0, 0
19019, 29440, 1, 0, 0
20019, 27648, 0, 0, 0
20019, 27392, 1, 0, 0
21018, 29725, 0, 0, 0
21018, 26906, 1, 0, 0
22018, 30464, 0, 0, 0
22018, 29184, 1, 0, 0
23018, 27392, 0, 0, 0
23018, 30208, 1, 0, 0
24019, 22784, 0, 0, 0
24019, 25856, 1, 0, 0
25018, 33313, 0, 0, 0
25018, 29213, 1, 0, 0
26018, 30494, 0, 0, 0
26018, 31775, 1, 0, 0
27019, 34304, 0, 0, 0
27019, 25088, 1, 0, 0
28019, 32512, 0, 0, 0
28019, 23040, 1, 0, 0
29019, 27136, 0, 0, 0
29019, 30720, 1, 0, 0
30019, 26624, 0, 0, 0
30019, 26112, 1, 0, 0
31018, 25369, 0, 0, 0
31018, 23831, 1, 0, 0
32018, 29696, 0, 0, 0
32018, 25856, 1, 0, 0
33019, 27136, 0, 0, 0
33019, 32768, 1, 0, 0
34019, 29952, 0, 0, 0
34019, 27392, 1, 0, 0
35019, 24832, 0, 0, 0
35019, 24832, 1, 0, 0
36019, 32768, 0, 0, 0
36019, 32512, 1, 0, 0
37019, 29952, 0, 0, 0
37019, 26880, 1, 0, 0
38019, 30750, 0, 0, 0
38019, 26906, 1, 0, 0
39018, 29213, 0, 0, 0
39018, 29213, 1, 0, 0
40018, 23040, 0, 0, 0
40018, 25344, 1, 0, 0
41019, 33536, 0, 0, 0
41019, 27392, 1, 0, 0
42019, 26368, 0, 0, 0
42019, 23296, 1, 0, 0
43019, 30976, 0, 0, 0
43019, 26368, 1, 0, 0
44019, 31232, 0, 0, 0
44019, 33280, 1, 0, 0
45018, 25881, 0, 0, 0
45018, 27675, 1, 0, 0
46019, 24576, 0, 0, 0
46019, 23808, 1, 0, 0
47019, 26368, 0, 0, 0
47019, 28416, 1, 0, 0
48019, 29440, 0, 0, 0
48019, 23040, 1, 0, 0
49019, 30208, 0, 0, 0
49019, 28928, 1, 0, 0
50019, 36352, 0, 0, 0
50019, 35840, 1, 0, 0
51018, 27931, 0, 0, 0
51018, 24344, 1, 0, 0
52019, 28672, 0, 0, 0
52019, 28160, 1, 0, 0
53019, 28672, 0, 0, 0
53019, 25856, 1, 0, 0
54019, 29440, 0, 0, 0
54019, 32000, 1, 0, 0
55019, 27392, 0, 0, 0
55019, 25344, 1, 0, 0
56019, 25600, 0, 0, 0
56019, 28672, 1, 0, 0
57019, 28444, 0, 0, 0
57019, 26906, 1, 0, 0
58019, 27392, 0, 0, 0
58019, 28672, 1, 0, 0
59019, 23296, 0, 0, 0
59019, 23552, 1, 0, 0
60019, 33536, 0, 0, 0
60019, 23552, 1, 0, 0
61018, 28956, 0, 0, 0
61018, 32032, 1, 0, 0
62019, 27648, 0, 0, 0
62019, 29696, 1, 0, 0
63019, 25600, 0, 0, 0
63019, 28160, 1, 0, 0
64019, 29184, 0, 0, 0
64019, 28928, 1, 0, 0
65019, 28928, 0, 0, 0
65019, 29696, 1, 0, 0
66019, 23296, 0, 0, 0
66019, 25344, 1, 0, 0
67018, 26138, 0, 0, 0
67018, 24344, 1, 0, 0
68019, 27648, 0, 0, 0
68019, 29952, 1, 0, 0
69019, 28160, 0, 0, 0
69019, 31232, 1, 0, 0
70019, 32512, 0, 0, 0
70019, 25856, 1, 0, 0
71019, 33280, 0, 0, 0
71019, 26880, 1, 0, 0
72019, 28160, 0, 0, 0
72019, 27392, 1, 0, 0
73019, 27392, 0, 0, 0
73019, 29952, 1, 0, 0
74019, 28956, 0, 0, 0
74019, 26394, 1, 0, 0
75019, 31488, 0, 0, 0
75019, 31232, 1, 0, 0
76019, 31744, 0, 0, 0
76019, 32256, 1, 0, 0
77019, 26112, 0, 0, 0
77019, 27648, 1, 0, 0
78019, 30238, 0, 0, 0
78019, 28444, 1, 0, 0
79019, 29696, 0, 0, 0
79019, 27392, 1, 0, 0
80018, 28444, 0, 0, 0
80018, 25369, 1, 0, 0
81018, 27904, 0, 0, 0
81018, 26368, 1, 0, 0
82018, 29213, 0, 0, 0
82018, 27163, 1, 0, 0
83018, 25856, 0, 0, 0
83018, 29696, 1, 0, 0
84018, 33024, 0, 0, 0
84018, 37376, 1, 0, 0
85018, 33057, 0, 0, 0
85018, 30494, 1, 0, 0
86018, 25088, 0, 0, 0
86018, 24320, 1, 0, 0
87019, 30464, 0, 0, 0
87019, 28672, 1, 0, 0
88018, 27163, 0, 0, 0
88018, 29981, 1, 0, 0
89018, 22784, 0, 0, 0
89018, 26880, 1, 0, 0
90019, 25856, 0, 0, 0
90019, 25856, 1, 0, 0
91019, 26880, 0, 0, 0
91019, 24576, 1, 0, 0
92019, 32768, 0, 0, 0
92019, 27392, 1, 0, 0
93019, 27392, 0, 0, 0
93019, 26624, 1, 0, 0
94019, 24064, 0, 0, 0
94019, 26112, 1, 0, 0
95019, 27392, 0, 0, 0
95019, 24064, 1, 0, 0
96019, 27675, 0, 0, 0
96019, 26650, 1, 0, 0
97019, 28160, 0, 0, 0
97019, 32512, 1, 0, 0
98019, 29184, 0, 0, 0
98019, 33280, 1, 0, 0
99019, 26112, 0, 0, 0
99019, 29696, 1, 0, 0
100019, 34304, 0, 0, 0
100019, 28928, 1, 0, 0
101018, 24600, 0, 0, 0
101018, 24344, 1, 0, 0
102019, 25344, 0, 0, 0
102019, 23552, 1, 0, 0
103019, 26880, 0, 0, 0
103019, 26368, 1, 0, 0
104018, 26906, 0, 0, 0
104018, 33057, 1, 0, 0
105018, 28160, 0, 0, 0
105018, 24832, 1, 0, 0
106018, 30976, 0, 0, 0
106018, 30464, 1, 0, 0
107019, 29952, 0, 0, 0
107019, 27136, 1, 0, 0
108019, 27392, 0, 0, 0
108019, 25600, 1, 0, 0
109019, 25600, 0, 0, 0
109019, 22784, 1, 0, 0
110019, 28160, 0, 0, 0
110019, 27392, 1, 0, 0
111019, 28928, 0, 0, 0
111019, 30720, 1, 0, 0
112019, 27904, 0, 0, 0
112019, 24320, 1, 0, 0
113019, 32768, 0, 0, 0
113019, 29440, 1, 0, 0
114018, 27675, 0, 0, 0
114018, 29981, 1, 0, 0
115019, 25600, 0, 0, 0
115019, 28160, 1, 0, 0
116019, 25856, 0, 0, 0
116019, 25856, 1, 0, 0
117019, 22016, 0, 0, 0
117019, 24576, 1, 0, 0
118019, 25344, 0, 0, 0
118019, 29952, 1, 0, 0
119019, 25088, 0, 0, 0
119019, 26112, 1, 0, 0
120019, 30720, 0, 0, 0
120019, 30464, 1, 0, 0
121019, 26394, 0, 0, 0
121019, 28188, 1, 0, 0
122019, 26394, 0, 0, 0
122019, 29981, 1, 0, 0
123019, 29981, 0, 0, 0
123019, 24856, 1, 0, 0
124019, 30464, 0, 0, 0
124019, 28160, 1, 0, 0
125019, 29184, 0, 0, 0
125019, 29440, 1, 0, 0
126019, 22550, 0, 0, 0
126019, 19987, 1, 0, 0
127019, 27904, 0, 0, 0
127019, 23040, 1, 0, 0
128018, 31519, 0, 0, 0
128018, 32032, 1, 0, 0
129019, 28160, 0, 0, 0
129019, 28160, 1, 0, 0
130019, 29213, 0, 0, 0
130019, 28956, 1, 0, 0
131019, 29469, 0, 0, 0
131019, 25369, 1, 0, 0
132018, 33057, 0, 0, 0
132018, 27931, 1, 0, 0
133018, 22272, 0, 0, 0
133018, 24576, 1, 0, 0
134018, 27163, 0, 0, 0
134018, 27163, 1, 0, 0
135018, 28700, 0, 0, 0
135018, 29469, 1, 0, 0
136018, 32000, 0, 0, 0
136018, 29440, 1, 0, 0
137018, 27648, 0, 0, 0
137018, 27648, 1, 0, 0
138018, 27904, 0, 0, 0
138018, 31744, 1, 0, 0
139018, 30976, 0, 0, 0
139018, 24320, 1, 0, 0
140018, 29213, 0, 0, 0
140018, 31007, 1, 0, 0
141018, 30238, 0, 0, 0
141018, 37413, 1, 0, 0
142018, 27163, 0, 0, 0
142018, 34594, 1, 0, 0
143018, 29952, 0, 0, 0
143018, 32000, 1, 0, 0
144019, 26624, 0, 0, 0
144019, 31232, 1, 0, 0
145019, 27904, 0, 0, 0
145019, 27136, 1, 0, 0
146019, 25600, 0, 0, 0
146019, 29952, 1, 0, 0
147019, 32032, 0, 0, 0
147019, 28956, 1, 0, 0
148019, 27136, 0, 0, 0
148019, 24832, 1, 0, 0
149019, 26880, 0, 0, 0
149019, 22784, 1, 0, 0
150019, 20500, 0, 0, 0
150019, 24088, 1, 0, 0
151019, 34304, 0, 0, 0
151019, 34816, 1, 0, 0
152019, 26138, 0, 0, 0
152019, 23575, 1, 0, 0
153019, 27419, 0, 0, 0
153019, 28444, 1, 0, 0
154019, 24344, 0, 0, 0
154019, 26650, 1, 0, 0
155019, 30208, 0, 0, 0
155019, 30208, 1, 0, 0
156019, 27648, 0, 0, 0
156019, 25088, 1, 0, 0
157019, 25856, 0, 0, 0
157019, 28928, 1, 0, 0
158019, 27419, 0, 0, 0
158019, 23831, 1, 0, 0
159019, 22038, 0, 0, 0
159019, 24344, 1, 0, 0
160019, 32544, 0, 0, 0
160019, 26138, 1, 0, 0
161019, 28672, 0, 0, 0
161019, 28416, 1, 0, 0
162019, 22528, 0, 0, 0
162019, 27648, 1, 0, 0
163019, 28672, 0, 0, 0
163019, 31488, 1, 0, 0
164019, 21504, 0, 0, 0
164019, 25600, 1, 0, 0
165019, 32000, 0, 0, 0
165019, 29184, 1, 0, 0
166019, 22294, 0, 0, 0
166019, 25369, 1, 0, 0
167019, 30494, 0, 0, 0
167019, 25881, 1, 0, 0
168018, 20244, 0, 0, 0
168018, 25881, 1, 0, 0
169019, 27648, 0, 0, 0
169019, 25600, 1, 0, 0
170019, 26650, 0, 0, 0
170019, 29213, 1, 0, 0
171018, 35107, 0, 0, 0
171018, 27419, 1, 0, 0
172018, 26368, 0, 0, 0
172018, 25856, 1, 0, 0
173018, 27419, 0, 0, 0
173018, 29213, 1, 0, 0
174018, 29213, 0, 0, 0
174018, 25881, 1, 0, 0
175019, 27136, 0, 0, 0
175019, 31744, 1, 0, 0
176019, 27163, 0, 0, 0
176019, 25625, 1, 0, 0
177019, 28700, 0, 0, 0
177019, 33057, 1, 0, 0
178019, 22550, 0, 0, 0
178019, 32544, 1, 0, 0
179019, 26650, 0, 0, 0
179019, 24344, 1, 0, 0
