1000, 52544, 0, 0, 0
2000, 60220, 0, 0, 0
3000, 58624, 0, 0, 0
4000, 54656, 0, 0, 0
5000, 56184, 0, 0, 0
6000, 55872, 0, 0, 0
7000, 54080, 0, 0, 0
8000, 54774, 0, 0, 0
9000, 56192, 0, 0, 0
10001, 50432, 0, 0, 0
11000, 54006, 0, 0, 0
12000, 57984, 0, 0, 0
13001, 53056, 0, 0, 0
14000, 54134, 0, 0, 0
15000, 56448, 0, 0, 0
16001, 57024, 0, 0, 0
17000, 56760, 0, 0, 0
18000, 59136, 0, 0, 0
19000, 56376, 0, 0, 0
20000, 54144, 0, 0, 0
21001, 56768, 0, 0, 0
22000, 59323, 0, 0, 0
23000, 57344, 0, 0, 0
24000, 50674, 0, 0, 0
25000, 53696, 0, 0, 0
26000, 60736, 0, 0, 0
27000, 56120, 0, 0, 0
28000, 57152, 0, 0, 0
29001, 55104, 0, 0, 0
30000, 57273, 0, 0, 0
31000, 56832, 0, 0, 0
32000, 56568, 0, 0, 0
33000, 57216, 0, 0, 0
34001, 57472, 0, 0, 0
35000, 57273, 0, 0, 0
36000, 53696, 0, 0, 0
37000, 56184, 0, 0, 0
38000, 58944, 0, 0, 0
39000, 59200, 0, 0, 0
40000, 52404, 0, 0, 0
41000, 57216, 0, 0, 0
42001, 56896, 0, 0, 0
43000, 60348, 0, 0, 0
44000, 58304, 0, 0, 0
45000, 55287, 0, 0, 0
46000, 58048, 0, 0, 0
47001, 52672, 0, 0, 0
48000, 55031, 0, 0, 0
49000, 53568, 0, 0, 0
50000, 53493, 0, 0, 0
51000, 55104, 0, 0, 0
52000, 53824, 0, 0, 0
53000, 55927, 0, 0, 0
54000, 55744, 0, 0, 0
55000, 57465, 0, 0, 0
56000, 57152, 0, 0, 0
57000, 43264, 0, 0, 0
58000, 38630, 0, 0, 0
59000, 38528, 0, 0, 0
60001, 40832, 0, 0, 0
61000, 38246, 0, 0, 0
62000, 37824, 0, 0, 0
63001, 34880, 0, 0, 0
64000, 38758, 0, 0, 0
65000, 37440, 0, 0, 0
66000, 35619, 0, 0, 0
67000, 35008, 0, 0, 0
68000, 41344, 0, 0, 0
69000, 33441, 0, 0, 0
70000, 36096, 0, 0, 0
71000, 37568, 0, 0, 0
72000, 36132, 0, 0, 0
73000, 36928, 0, 0, 0
74001, 37632, 0, 0, 0
75000, 42794, 0, 0, 0
76000, 39936, 0, 0, 0
77001, 41408, 0, 0, 0
78000, 37477, 0, 0, 0
79000, 33920, 0, 0, 0
80000, 36964, 0, 0, 0
81000, 34240, 0, 0, 0
82000, 37824, 0, 0, 0
83000, 35939, 0, 0, 0
84000, 44224, 0, 0, 0
85001, 36736, 0, 0, 0
86000, 35811, 0, 0, 0
87000, 38272, 0, 0, 0
88001, 40832, 0, 0, 0
89000, 37733, 0, 0, 0
90000, 38208, 0, 0, 0
91000, 35363, 0, 0, 0
92000, 38976, 0, 0, 0
93000, 37632, 0, 0, 0
94000, 37157, 0, 0, 0
95000, 32256, 0, 0, 0
96000, 38080, 0, 0, 0
97000, 34978, 0, 0, 0
98000, 38208, 0, 0, 0
99000, 30592, 0, 0, 0
100000, 34338, 0, 0, 0
101000, 35264, 0, 0, 0
102000, 37029, 0, 0, 0
103000, 38208, 0, 0, 0
104000, 40832, 0, 0, 0
105000, 38886, 0, 0, 0
106000, 37952, 0, 0, 0
107001, 34880, 0, 0, 0
108000, 38438, 0, 0, 0
109000, 35648, 0, 0, 0
110001, 44224, 0, 0, 0
111000, 39463, 0, 0, 0
112000, 38016, 0, 0, 0
113000, 38758, 0, 0, 0
114000, 37760, 0, 0, 0
115000, 40448, 0, 0, 0
116000, 41577, 0, 0, 0
117000, 43456, 0, 0, 0
118000, 38784, 0, 0, 0
119000, 35491, 0, 0, 0
120000, 36928, 0, 0, 0
121001, 29120, 0, 0, 0
122000, 37413, 0, 0, 0
123000, 40384, 0, 0, 0
124000, 38566, 0, 0, 0
125000, 36416, 0, 0, 0
126000, 35584, 0, 0, 0
127000, 44524, 0, 0, 0
128000, 39488, 0, 0, 0
129001, 38976, 0, 0, 0
130000, 41577, 0, 0, 0
131000, 40896, 0, 0, 0
132000, 36004, 0, 0, 0
133000, 34752, 0, 0, 0
134000, 41408, 0, 0, 0
135000, 39207, 0, 0, 0
136000, 37952, 0, 0, 0
137001, 38016, 0, 0, 0
138000, 44972, 0, 0, 0
139000, 38976, 0, 0, 0
140001, 39360, 0, 0, 0
141000, 38054, 0, 0, 0
142000, 38208, 0, 0, 0
143000, 35875, 0, 0, 0
144000, 36608, 0, 0, 0
145000, 33664, 0, 0, 0
146000, 43819, 0, 0, 0
147000, 38208, 0, 0, 0
148000, 37120, 0, 0, 0
149000, 34274, 0, 0, 0
150000, 36864, 0, 0, 0
151001, 40448, 0, 0, 0
152000, 40168, 0, 0, 0
153000, 38912, 0, 0, 0
154000, 38438, 0, 0, 0
155000, 40192, 0, 0, 0
156000, 40384, 0, 0, 0
157000, 32480, 0, 0, 0
158000, 38912, 0, 0, 0
159001, 35648, 0, 0, 0
160000, 40360, 0, 0, 0
161000, 31744, 0, 0, 0
162000, 34530, 0, 0, 0
163000, 39680, 0, 0, 0
164001, 42176, 0, 0, 0
165000, 44524, 0, 0, 0
166000, 41088, 0, 0, 0
167001, 44032, 0, 0, 0
168000, 35427, 0, 0, 0
169000, 37376, 0, 0, 0
170000, 39335, 0, 0, 0
171000, 42048, 0, 0, 0
172000, 41408, 0, 0, 0
173000, 35235, 0, 0, 0
174000, 45376, 0, 0, 0
175001, 38976, 0, 0, 0
176000, 40872, 0, 0, 0
177000, 30720, 0, 0, 0
178000, 38886, 0, 0, 0
179000, 34112, 0, 0, 0
180000, 33088, 0, 0, 0
