1000, 50240, 0, 0, 0
2000, 55927, 0, 0, 0
3000, 58432, 0, 0, 0
4000, 57472, 0, 0, 0
5000, 58426, 0, 0, 0
6000, 53824, 0, 0, 0
7000, 56576, 0, 0, 0
8000, 55735, 0, 0, 0
9000, 55296, 0, 0, 0
10001, 58240, 0, 0, 0
11000, 57209, 0, 0, 0
12000, 57984, 0, 0, 0
13001, 57472, 0, 0, 0
14000, 57593, 0, 0, 0
15000, 54400, 0, 0, 0
16001, 54272, 0, 0, 0
17000, 57337, 0, 0, 0
18000, 54336, 0, 0, 0
19000, 57977, 0, 0, 0
20000, 55744, 0, 0, 0
21001, 55680, 0, 0, 0
22000, 49713, 0, 0, 0
23000, 59648, 0, 0, 0
24000, 53237, 0, 0, 0
25000, 55488, 0, 0, 0
26000, 55872, 0, 0, 0
27000, 59643, 0, 0, 0
28000, 53888, 0, 0, 0
29001, 53184, 0, 0, 0
30000, 56248, 0, 0, 0
31000, 55168, 0, 0, 0
32000, 59707, 0, 0, 0
33000, 54848, 0, 0, 0
34001, 53120, 0, 0, 0
35000, 56568, 0, 0, 0
36000, 52224, 0, 0, 0
37000, 53493, 0, 0, 0
38000, 58880, 0, 0, 0
39000, 56576, 0, 0, 0
40000, 56504, 0, 0, 0
41000, 55296, 0, 0, 0
42001, 59840, 0, 0, 0
43000, 54454, 0, 0, 0
44000, 57216, 0, 0, 0
45000, 59003, 0, 0, 0
46000, 57152, 0, 0, 0
47001, 58944, 0, 0, 0
48000, 57081, 0, 0, 0
49000, 56000, 0, 0, 0
50000, 57209, 0, 0, 0
51000, 57984, 0, 0, 0
52000, 55872, 0, 0, 0
53000, 55223, 0, 0, 0
54000, 59072, 0, 0, 0
55000, 57337, 0, 0, 0
56000, 57152, 0, 0, 0
57000, 42496, 0, 0, 0
58000, 35811, 0, 0, 0
59000, 39872, 0, 0, 0
60001, 38976, 0, 0, 0
61000, 40232, 0, 0, 0
62000, 37568, 0, 0, 0
63001, 39744, 0, 0, 0
64000, 42154, 0, 0, 0
65000, 37952, 0, 0, 0
66000, 34338, 0, 0, 0
67000, 36864, 0, 0, 0
68000, 36224, 0, 0, 0
69000, 35683, 0, 0, 0
70000, 32192, 0, 0, 0
71000, 38528, 0, 0, 0
72000, 31967, 0, 0, 0
73000, 38720, 0, 0, 0
74001, 39040, 0, 0, 0
75000, 45293, 0, 0, 0
76000, 33536, 0, 0, 0
77001, 36480, 0, 0, 0
78000, 35555, 0, 0, 0
79000, 33024, 0, 0, 0
80000, 36196, 0, 0, 0
81000, 42176, 0, 0, 0
82000, 32704, 0, 0, 0
83000, 43179, 0, 0, 0
84000, 36928, 0, 0, 0
85001, 39552, 0, 0, 0
86000, 42602, 0, 0, 0
87000, 40576, 0, 0, 0
88001, 34368, 0, 0, 0
89000, 42090, 0, 0, 0
90000, 41984, 0, 0, 0
91000, 36260, 0, 0, 0
92000, 32704, 0, 0, 0
93000, 40320, 0, 0, 0
94000, 35235, 0, 0, 0
95000, 42176, 0, 0, 0
96000, 34176, 0, 0, 0
97000, 43499, 0, 0, 0
98000, 34496, 0, 0, 0
99000, 31168, 0, 0, 0
100000, 35171, 0, 0, 0
101000, 39872, 0, 0, 0
102000, 39399, 0, 0, 0
103000, 37312, 0, 0, 0
104000, 41600, 0, 0, 0
105000, 39015, 0, 0, 0
106000, 34752, 0, 0, 0
107000, 39680, 0, 0, 0
108000, 40296, 0, 0, 0
109000, 33920, 0, 0, 0
110001, 30016, 0, 0, 0
111000, 37093, 0, 0, 0
112000, 41088, 0, 0, 0
113000, 39911, 0, 0, 0
114000, 36288, 0, 0, 0
115000, 40768, 0, 0, 0
116000, 39335, 0, 0, 0
117000, 39360, 0, 0, 0
118000, 35584, 0, 0, 0
119000, 38118, 0, 0, 0
120000, 37824, 0, 0, 0
121001, 37440, 0, 0, 0
122000, 39463, 0, 0, 0
123000, 36672, 0, 0, 0
124000, 39015, 0, 0, 0
125000, 39552, 0, 0, 0
126000, 35904, 0, 0, 0
127000, 37925, 0, 0, 0
128000, 36352, 0, 0, 0
129001, 40768, 0, 0, 0
130000, 37669, 0, 0, 0
131000, 38208, 0, 0, 0
132000, 39911, 0, 0, 0
133000, 38528, 0, 0, 0
134000, 35520, 0, 0, 0
135000, 40040, 0, 0, 0
136000, 38272, 0, 0, 0
137001, 36736, 0, 0, 0
138000, 37669, 0, 0, 0
139000, 40128, 0, 0, 0
140001, 39488, 0, 0, 0
141000, 36580, 0, 0, 0
142000, 36352, 0, 0, 0
143000, 36580, 0, 0, 0
144000, 36800, 0, 0, 0
145000, 39552, 0, 0, 0
146000, 34018, 0, 0, 0
147000, 37888, 0, 0, 0
148000, 32960, 0, 0, 0
149000, 37093, 0, 0, 0
150000, 38720, 0, 0, 0
151001, 39744, 0, 0, 0
152000, 35619, 0, 0, 0
153000, 39360, 0, 0, 0
154000, 46382, 0, 0, 0
155000, 40832, 0, 0, 0
156000, 34176, 0, 0, 0
157000, 38374, 0, 0, 0
158000, 36352, 0, 0, 0
159001, 36992, 0, 0, 0
160000, 45037, 0, 0, 0
161000, 39936, 0, 0, 0
162000, 37285, 0, 0, 0
163000, 35840, 0, 0, 0
164001, 35904, 0, 0, 0
165000, 37029, 0, 0, 0
166000, 33280, 0, 0, 0
167001, 40064, 0, 0, 0
168000, 35619, 0, 0, 0
169000, 43264, 0, 0, 0
170000, 39591, 0, 0, 0
171000, 37504, 0, 0, 0
172000, 39232, 0, 0, 0
173000, 38054, 0, 0, 0
174000, 42560, 0, 0, 0
175001, 38848, 0, 0, 0
176000, 38310, 0, 0, 0
177000, 40640, 0, 0, 0
178000, 39207, 0, 0, 0
179000, 37632, 0, 0, 0
180000, 33472, 0, 0, 0
