1000, 47104, 0, 0, 0
2000, 53877, 0, 0, 0
3000, 52416, 0, 0, 0
4001, 53056, 0, 0, 0
5000, 57081, 0, 0, 0
6000, 56384, 0, 0, 0
7001, 55936, 0, 0, 0
8000, 52532, 0, 0, 0
9000, 54976, 0, 0, 0
10001, 52480, 0, 0, 0
11000, 55479, 0, 0, 0
12000, 54208, 0, 0, 0
13001, 61440, 0, 0, 0
14000, 53173, 0, 0, 0
15000, 56128, 0, 0, 0
16001, 56384, 0, 0, 0
17000, 54646, 0, 0, 0
18001, 53952, 0, 0, 0
19000, 54198, 0, 0, 0
20000, 54784, 0, 0, 0
21001, 56960, 0, 0, 0
22000, 52980, 0, 0, 0
23000, 58752, 0, 0, 0
24000, 56184, 0, 0, 0
25000, 51456, 0, 0, 0
26001, 54400, 0, 0, 0
27000, 58234, 0, 0, 0
28000, 52736, 0, 0, 0
29001, 54720, 0, 0, 0
30000, 59067, 0, 0, 0
31001, 56576, 0, 0, 0
32000, 54838, 0, 0, 0
33000, 55040, 0, 0, 0
34001, 56960, 0, 0, 0
35000, 59131, 0, 0, 0
36001, 53248, 0, 0, 0
37000, 53365, 0, 0, 0
38000, 56576, 0, 0, 0
39001, 56832, 0, 0, 0
40000, 54454, 0, 0, 0
41000, 55104, 0, 0, 0
42001, 56576, 0, 0, 0
43000, 56120, 0, 0, 0
44001, 55296, 0, 0, 0
45000, 55735, 0, 0, 0
46000, 53632, 0, 0, 0
47001, 56384, 0, 0, 0
48000, 55927, 0, 0, 0
49000, 51648, 0, 0, 0
50000, 54582, 0, 0, 0
51000, 58112, 0, 0, 0
52001, 56000, 0, 0, 0
53000, 52020, 0, 0, 0
54000, 56128, 0, 0, 0
55000, 53621, 0, 0, 0
56000, 50240, 0, 0, 0
57001, 40320, 0, 0, 0
58000, 43563, 0, 0, 0
59000, 38528, 0, 0, 0
60001, 36032, 0, 0, 0
61000, 40296, 0, 0, 0
62000, 38272, 0, 0, 0
63001, 38656, 0, 0, 0
64000, 36132, 0, 0, 0
65001, 37568, 0, 0, 0
66000, 35875, 0, 0, 0
67000, 34240, 0, 0, 0
68001, 34496, 0, 0, 0
69000, 31647, 0, 0, 0
70000, 34176, 0, 0, 0
71001, 41024, 0, 0, 0
72000, 41001, 0, 0, 0
73000, 37248, 0, 0, 0
74001, 39168, 0, 0, 0
75000, 34402, 0, 0, 0
76000, 44992, 0, 0, 0
77001, 37440, 0, 0, 0
78000, 29661, 0, 0, 0
79001, 38912, 0, 0, 0
80000, 34530, 0, 0, 0
81000, 40256, 0, 0, 0
82001, 36416, 0, 0, 0
83000, 40424, 0, 0, 0
84000, 36032, 0, 0, 0
85001, 40064, 0, 0, 0
86000, 36580, 0, 0, 0
87000, 42304, 0, 0, 0
88001, 38144, 0, 0, 0
89000, 36324, 0, 0, 0
90000, 42624, 0, 0, 0
91000, 38374, 0, 0, 0
92000, 39808, 0, 0, 0
93001, 38720, 0, 0, 0
94000, 40936, 0, 0, 0
95000, 39488, 0, 0, 0
96001, 39104, 0, 0, 0
97000, 37349, 0, 0, 0
98000, 32320, 0, 0, 0
99001, 36544, 0, 0, 0
100000, 37413, 0, 0, 0
101000, 35712, 0, 0, 0
102000, 37349, 0, 0, 0
103000, 39360, 0, 0, 0
104001, 42048, 0, 0, 0
105000, 40808, 0, 0, 0
106000, 37376, 0, 0, 0
107001, 41984, 0, 0, 0
108000, 38758, 0, 0, 0
109000, 42176, 0, 0, 0
110001, 34560, 0, 0, 0
111000, 42858, 0, 0, 0
112000, 39168, 0, 0, 0
113000, 36004, 0, 0, 0
114000, 39488, 0, 0, 0
115001, 41408, 0, 0, 0
116000, 40488, 0, 0, 0
117000, 38784, 0, 0, 0
118001, 33984, 0, 0, 0
119000, 44716, 0, 0, 0
120000, 33024, 0, 0, 0
121001, 39680, 0, 0, 0
122000, 41513, 0, 0, 0
123001, 44928, 0, 0, 0
124000, 41257, 0, 0, 0
125000, 37312, 0, 0, 0
126001, 39104, 0, 0, 0
127000, 35491, 0, 0, 0
128000, 38208, 0, 0, 0
129001, 38336, 0, 0, 0
130000, 31711, 0, 0, 0
131000, 34432, 0, 0, 0
132000, 38502, 0, 0, 0
133000, 37696, 0, 0, 0
134001, 39040, 0, 0, 0
135000, 43307, 0, 0, 0
136000, 39232, 0, 0, 0
137001, 32768, 0, 0, 0
138000, 41193, 0, 0, 0
139000, 34176, 0, 0, 0
140001, 48512, 0, 0, 0
141000, 37349, 0, 0, 0
142001, 41664, 0, 0, 0
143000, 34274, 0, 0, 0
144000, 33728, 0, 0, 0
145001, 45248, 0, 0, 0
146000, 42538, 0, 0, 0
147000, 36928, 0, 0, 0
148001, 37056, 0, 0, 0
149000, 33121, 0, 0, 0
150000, 41280, 0, 0, 0
151001, 35712, 0, 0, 0
152000, 44716, 0, 0, 0
153001, 36608, 0, 0, 0
154000, 40680, 0, 0, 0
155000, 39168, 0, 0, 0
156001, 40320, 0, 0, 0
157000, 40936, 0, 0, 0
158000, 36864, 0, 0, 0
159001, 33984, 0, 0, 0
160000, 41385, 0, 0, 0
161001, 46336, 0, 0, 0
162000, 40680, 0, 0, 0
163000, 34880, 0, 0, 0
164001, 35328, 0, 0, 0
165000, 37477, 0, 0, 0
166000, 42688, 0, 0, 0
167001, 38400, 0, 0, 0
168000, 41193, 0, 0, 0
169001, 40768, 0, 0, 0
170000, 37285, 0, 0, 0
171000, 39296, 0, 0, 0
172001, 38336, 0, 0, 0
173000, 38822, 0, 0, 0
174000, 38848, 0, 0, 0
175001, 42624, 0, 0, 0
176000, 35043, 0, 0, 0
177001, 36608, 0, 0, 0
178000, 41129, 0, 0, 0
179000, 40896, 0, 0, 0
