1001, 49344, 0, 0, 0
2000, 52724, 0, 0, 0
3000, 56064, 0, 0, 0
4001, 58496, 0, 0, 0
5000, 54390, 0, 0, 0
6001, 59904, 0, 0, 0
7001, 52160, 0, 0, 0
8000, 57593, 0, 0, 0
9001, 54656, 0, 0, 0
10001, 55744, 0, 0, 0
11000, 51443, 0, 0, 0
12001, 56064, 0, 0, 0
13001, 57600, 0, 0, 0
14000, 60092, 0, 0, 0
15001, 56448, 0, 0, 0
16001, 51840, 0, 0, 0
17000, 58426, 0, 0, 0
18001, 55872, 0, 0, 0
19000, 57209, 0, 0, 0
20001, 54784, 0, 0, 0
21001, 59136, 0, 0, 0
22000, 53749, 0, 0, 0
23001, 54720, 0, 0, 0
24000, 59195, 0, 0, 0
25000, 57856, 0, 0, 0
26001, 57280, 0, 0, 0
27000, 57657, 0, 0, 0
28001, 54592, 0, 0, 0
29001, 56576, 0, 0, 0
30000, 58106, 0, 0, 0
31001, 58176, 0, 0, 0
32000, 54518, 0, 0, 0
33001, 55424, 0, 0, 0
34001, 53568, 0, 0, 0
35000, 57209, 0, 0, 0
36001, 52864, 0, 0, 0
37000, 52340, 0, 0, 0
38001, 54464, 0, 0, 0
39001, 59584, 0, 0, 0
40000, 57401, 0, 0, 0
41001, 56640, 0, 0, 0
42001, 54464, 0, 0, 0
43000, 53173, 0, 0, 0
44001, 60480, 0, 0, 0
45000, 55415, 0, 0, 0
46001, 59008, 0, 0, 0
47001, 53888, 0, 0, 0
48000, 58426, 0, 0, 0
49001, 53568, 0, 0, 0
50000, 54646, 0, 0, 0
51000, 54208, 0, 0, 0
52001, 54784, 0, 0, 0
53000, 56312, 0, 0, 0
54001, 56128, 0, 0, 0
55000, 53493, 0, 0, 0
56000, 55424, 0, 0, 0
57001, 45376, 0, 0, 0
58000, 37029, 0, 0, 0
59001, 43968, 0, 0, 0
60001, 39680, 0, 0, 0
61000, 34018, 0, 0, 0
62001, 37952, 0, 0, 0
63001, 36096, 0, 0, 0
64000, 42026, 0, 0, 0
65001, 39296, 0, 0, 0
66000, 32800, 0, 0, 0
67000, 39104, 0, 0, 0
68001, 30976, 0, 0, 0
69000, 33825, 0, 0, 0
70000, 33792, 0, 0, 0
71001, 33792, 0, 0, 0
72000, 35555, 0, 0, 0
73001, 36608, 0, 0, 0
74001, 39808, 0, 0, 0
75000, 37285, 0, 0, 0
76001, 39232, 0, 0, 0
77001, 44352, 0, 0, 0
78000, 41513, 0, 0, 0
79001, 36352, 0, 0, 0
80000, 36900, 0, 0, 0
81000, 36672, 0, 0, 0
82001, 37568, 0, 0, 0
83000, 41193, 0, 0, 0
84000, 38656, 0, 0, 0
85001, 41856, 0, 0, 0
86000, 42730, 0, 0, 0
87001, 37184, 0, 0, 0
88001, 36608, 0, 0, 0
89000, 39015, 0, 0, 0
90001, 36992, 0, 0, 0
91000, 37733, 0, 0, 0
92000, 41152, 0, 0, 0
93001, 31168, 0, 0, 0
94000, 37093, 0, 0, 0
95000, 43072, 0, 0, 0
96001, 38016, 0, 0, 0
97000, 37733, 0, 0, 0
98001, 41536, 0, 0, 0
99001, 34048, 0, 0, 0
100000, 39847, 0, 0, 0
101001, 35840, 0, 0, 0
102000, 35107, 0, 0, 0
103000, 37696, 0, 0, 0
104001, 37312, 0, 0, 0
105000, 39911, 0, 0, 0
106001, 35968, 0, 0, 0
107001, 36672, 0, 0, 0
108000, 36324, 0, 0, 0
109001, 35712, 0, 0, 0
110001, 35840, 0, 0, 0
111000, 36324, 0, 0, 0
112001, 44864, 0, 0, 0
113000, 43371, 0, 0, 0
114000, 41152, 0, 0, 0
115001, 41216, 0, 0, 0
116000, 36580, 0, 0, 0
117000, 36160, 0, 0, 0
118001, 35520, 0, 0, 0
119000, 36324, 0, 0, 0
120001, 32128, 0, 0, 0
121001, 40960, 0, 0, 0
122000, 32928, 0, 0, 0
123001, 34112, 0, 0, 0
124000, 35619, 0, 0, 0
125001, 36480, 0, 0, 0
126001, 39040, 0, 0, 0
127000, 36580, 0, 0, 0
128001, 40256, 0, 0, 0
129001, 35840, 0, 0, 0
130000, 37797, 0, 0, 0
131001, 42176, 0, 0, 0
132000, 39015, 0, 0, 0
133000, 38784, 0, 0, 0
134001, 41792, 0, 0, 0
135000, 37797, 0, 0, 0
136001, 37824, 0, 0, 0
137001, 33344, 0, 0, 0
138000, 39975, 0, 0, 0
139001, 38016, 0, 0, 0
140001, 39040, 0, 0, 0
141000, 34530, 0, 0, 0
142001, 32960, 0, 0, 0
143000, 30686, 0, 0, 0
144000, 46336, 0, 0, 0
145001, 43584, 0, 0, 0
146000, 34594, 0, 0, 0
147001, 37760, 0, 0, 0
148001, 39040, 0, 0, 0
149000, 43051, 0, 0, 0
150001, 42304, 0, 0, 0
151001, 37056, 0, 0, 0
152000, 42090, 0, 0, 0
153001, 35200, 0, 0, 0
154000, 34722, 0, 0, 0
155000, 42240, 0, 0, 0
156001, 39744, 0, 0, 0
157000, 34210, 0, 0, 0
158001, 42048, 0, 0, 0
159001, 39744, 0, 0, 0
160000, 37477, 0, 0, 0
161001, 39744, 0, 0, 0
162000, 41193, 0, 0, 0
163001, 32576, 0, 0, 0
164001, 37568, 0, 0, 0
165000, 42730, 0, 0, 0
166001, 39552, 0, 0, 0
167001, 36160, 0, 0, 0
168000, 43435, 0, 0, 0
169001, 42368, 0, 0, 0
170000, 37541, 0, 0, 0
171000, 38784, 0, 0, 0
172001, 37120, 0, 0, 0
173000, 39271, 0, 0, 0
174001, 39296, 0, 0, 0
175001, 33984, 0, 0, 0
176000, 42410, 0, 0, 0
177001, 38784, 0, 0, 0
178000, 37541, 0, 0, 0
179000, 40704, 0, 0, 0
180001, 35008, 0, 0, 0
