1000, 43648, 0, 0, 0
2000, 48304, 0, 0, 0
3000, 56704, 0, 0, 0
4001, 55360, 0, 0, 0
5000, 54646, 0, 0, 0
6000, 58368, 0, 0, 0
7001, 55424, 0, 0, 0
8000, 55095, 0, 0, 0
9000, 57728, 0, 0, 0
10001, 56064, 0, 0, 0
11000, 57913, 0, 0, 0
12000, 53888, 0, 0, 0
13001, 57280, 0, 0, 0
14000, 57977, 0, 0, 0
15000, 58048, 0, 0, 0
16001, 59200, 0, 0, 0
17000, 54454, 0, 0, 0
18001, 60672, 0, 0, 0
19000, 52596, 0, 0, 0
20000, 56384, 0, 0, 0
21001, 52928, 0, 0, 0
22000, 53557, 0, 0, 0
23000, 56192, 0, 0, 0
24000, 55223, 0, 0, 0
25000, 55040, 0, 0, 0
26001, 58368, 0, 0, 0
27000, 55671, 0, 0, 0
28000, 51968, 0, 0, 0
29001, 56064, 0, 0, 0
30000, 56504, 0, 0, 0
31001, 60288, 0, 0, 0
32000, 57081, 0, 0, 0
33000, 58112, 0, 0, 0
34001, 58944, 0, 0, 0
35000, 54646, 0, 0, 0
36000, 59264, 0, 0, 0
37000, 53365, 0, 0, 0
38000, 53888, 0, 0, 0
39001, 55680, 0, 0, 0
40000, 60732, 0, 0, 0
41000, 58176, 0, 0, 0
42001, 56064, 0, 0, 0
43000, 57593, 0, 0, 0
44001, 56000, 0, 0, 0
45000, 57401, 0, 0, 0
46000, 52352, 0, 0, 0
47001, 51328, 0, 0, 0
48000, 54454, 0, 0, 0
49000, 53056, 0, 0, 0
50000, 54966, 0, 0, 0
51000, 59200, 0, 0, 0
52001, 55104, 0, 0, 0
53000, 58234, 0, 0, 0
54000, 53824, 0, 0, 0
55000, 56056, 0, 0, 0
56000, 55936, 0, 0, 0
57001, 33856, 0, 0, 0
58000, 35491, 0, 0, 0
59000, 41664, 0, 0, 0
60001, 36096, 0, 0, 0
61000, 41449, 0, 0, 0
62000, 39104, 0, 0, 0
63001, 36416, 0, 0, 0
64000, 37157, 0, 0, 0
65000, 37248, 0, 0, 0
66000, 38310, 0, 0, 0
67000, 37248, 0, 0, 0
68001, 42560, 0, 0, 0
69000, 36324, 0, 0, 0
70000, 36224, 0, 0, 0
71001, 40192, 0, 0, 0
72000, 39015, 0, 0, 0
73000, 41216, 0, 0, 0
74001, 39936, 0, 0, 0
75000, 38694, 0, 0, 0
76000, 32384, 0, 0, 0
77001, 35776, 0, 0, 0
78000, 33121, 0, 0, 0
79000, 37056, 0, 0, 0
80000, 39783, 0, 0, 0
81000, 41472, 0, 0, 0
82000, 37824, 0, 0, 0
83000, 36772, 0, 0, 0
84000, 33792, 0, 0, 0
85001, 38336, 0, 0, 0
86000, 40168, 0, 0, 0
87000, 39616, 0, 0, 0
88001, 35136, 0, 0, 0
89000, 37605, 0, 0, 0
90000, 39232, 0, 0, 0
91000, 33441, 0, 0, 0
92000, 35392, 0, 0, 0
93001, 33024, 0, 0, 0
94000, 41577, 0, 0, 0
95000, 43840, 0, 0, 0
96001, 36544, 0, 0, 0
97000, 37413, 0, 0, 0
98000, 35392, 0, 0, 0
99001, 42560, 0, 0, 0
100000, 42858, 0, 0, 0
101000, 41280, 0, 0, 0
102000, 37925, 0, 0, 0
103000, 38592, 0, 0, 0
104001, 44416, 0, 0, 0
105000, 40104, 0, 0, 0
106000, 34752, 0, 0, 0
107001, 35392, 0, 0, 0
108000, 39847, 0, 0, 0
109000, 31808, 0, 0, 0
110001, 34048, 0, 0, 0
111000, 41321, 0, 0, 0
112000, 36288, 0, 0, 0
113000, 35299, 0, 0, 0
114000, 37248, 0, 0, 0
115001, 45696, 0, 0, 0
116000, 39911, 0, 0, 0
117000, 29760, 0, 0, 0
118001, 46464, 0, 0, 0
119000, 35491, 0, 0, 0
120000, 36288, 0, 0, 0
121001, 39360, 0, 0, 0
122000, 42026, 0, 0, 0
123001, 33856, 0, 0, 0
124000, 37157, 0, 0, 0
125000, 38592, 0, 0, 0
126001, 33216, 0, 0, 0
127000, 37989, 0, 0, 0
128000, 38144, 0, 0, 0
129001, 33536, 0, 0, 0
130000, 35555, 0, 0, 0
131000, 35456, 0, 0, 0
132000, 38950, 0, 0, 0
133000, 42624, 0, 0, 0
134001, 33536, 0, 0, 0
135000, 40104, 0, 0, 0
136000, 45184, 0, 0, 0
137001, 34944, 0, 0, 0
138000, 32544, 0, 0, 0
139000, 36160, 0, 0, 0
140001, 43200, 0, 0, 0
141000, 38566, 0, 0, 0
142001, 34880, 0, 0, 0
143000, 42410, 0, 0, 0
144000, 40320, 0, 0, 0
145001, 39296, 0, 0, 0
146000, 37925, 0, 0, 0
147000, 34048, 0, 0, 0
148001, 41536, 0, 0, 0
149000, 40552, 0, 0, 0
150000, 40640, 0, 0, 0
151001, 31040, 0, 0, 0
152000, 31007, 0, 0, 0
153000, 38400, 0, 0, 0
154000, 36964, 0, 0, 0
155000, 36800, 0, 0, 0
156001, 37504, 0, 0, 0
157000, 32928, 0, 0, 0
158000, 36032, 0, 0, 0
159001, 30784, 0, 0, 0
160000, 33953, 0, 0, 0
161001, 39808, 0, 0, 0
162000, 36452, 0, 0, 0
163000, 37824, 0, 0, 0
164001, 43136, 0, 0, 0
165000, 39847, 0, 0, 0
166000, 42368, 0, 0, 0
167001, 35136, 0, 0, 0
168000, 37797, 0, 0, 0
169000, 39872, 0, 0, 0
170000, 36580, 0, 0, 0
171000, 36608, 0, 0, 0
172001, 37824, 0, 0, 0
173000, 44076, 0, 0, 0
174000, 34624, 0, 0, 0
175001, 38784, 0, 0, 0
176000, 39783, 0, 0, 0
177001, 39616, 0, 0, 0
178000, 34146, 0, 0, 0
179000, 36672, 0, 0, 0
180001, 39680, 0, 0, 0
