1001, 49792, 0, 0, 0
2000, 55095, 0, 0, 0
3000, 56704, 0, 0, 0
4001, 54272, 0, 0, 0
5000, 55223, 0, 0, 0
6001, 56512, 0, 0, 0
7001, 56704, 0, 0, 0
8000, 58426, 0, 0, 0
9001, 54080, 0, 0, 0
10001, 53120, 0, 0, 0
11000, 58938, 0, 0, 0
12001, 52544, 0, 0, 0
13001, 58816, 0, 0, 0
14000, 55735, 0, 0, 0
15001, 55936, 0, 0, 0
16001, 54400, 0, 0, 0
17000, 55351, 0, 0, 0
18001, 55360, 0, 0, 0
19000, 58554, 0, 0, 0
20001, 55168, 0, 0, 0
21001, 55424, 0, 0, 0
22000, 54710, 0, 0, 0
23001, 53568, 0, 0, 0
24000, 56312, 0, 0, 0
25000, 57664, 0, 0, 0
26001, 57792, 0, 0, 0
27000, 58554, 0, 0, 0
28001, 55616, 0, 0, 0
29001, 54848, 0, 0, 0
30000, 57081, 0, 0, 0
31001, 54912, 0, 0, 0
32000, 54710, 0, 0, 0
33001, 54720, 0, 0, 0
34001, 56128, 0, 0, 0
35000, 56184, 0, 0, 0
36001, 56192, 0, 0, 0
37000, 54838, 0, 0, 0
38000, 52608, 0, 0, 0
39001, 57600, 0, 0, 0
40000, 54582, 0, 0, 0
41001, 59008, 0, 0, 0
42001, 55360, 0, 0, 0
43000, 54198, 0, 0, 0
44001, 56128, 0, 0, 0
45000, 54070, 0, 0, 0
46001, 55296, 0, 0, 0
47001, 58816, 0, 0, 0
48000, 58362, 0, 0, 0
49001, 55744, 0, 0, 0
50000, 50802, 0, 0, 0
51000, 55488, 0, 0, 0
52001, 56640, 0, 0, 0
53000, 55799, 0, 0, 0
54001, 59264, 0, 0, 0
55000, 57977, 0, 0, 0
56000, 51328, 0, 0, 0
57001, 41920, 0, 0, 0
58000, 44844, 0, 0, 0
59001, 31680, 0, 0, 0
60001, 34752, 0, 0, 0
61000, 34594, 0, 0, 0
62001, 41664, 0, 0, 0
63001, 38464, 0, 0, 0
64000, 40040, 0, 0, 0
65001, 41280, 0, 0, 0
66000, 36260, 0, 0, 0
67000, 33920, 0, 0, 0
68001, 35264, 0, 0, 0
69000, 39079, 0, 0, 0
70000, 40320, 0, 0, 0
71001, 38784, 0, 0, 0
72000, 41577, 0, 0, 0
73001, 31552, 0, 0, 0
74001, 41216, 0, 0, 0
75000, 40680, 0, 0, 0
76001, 39104, 0, 0, 0
77001, 37376, 0, 0, 0
78000, 36196, 0, 0, 0
79001, 39040, 0, 0, 0
80000, 41385, 0, 0, 0
81000, 36800, 0, 0, 0
82001, 41408, 0, 0, 0
83000, 36388, 0, 0, 0
84000, 33856, 0, 0, 0
85001, 35776, 0, 0, 0
86000, 32480, 0, 0, 0
87001, 36096, 0, 0, 0
88001, 35072, 0, 0, 0
89000, 39591, 0, 0, 0
90001, 42752, 0, 0, 0
91000, 34786, 0, 0, 0
92000, 40320, 0, 0, 0
93001, 37760, 0, 0, 0
94000, 38502, 0, 0, 0
95000, 33984, 0, 0, 0
96001, 36864, 0, 0, 0
97000, 35811, 0, 0, 0
98001, 35392, 0, 0, 0
99001, 31680, 0, 0, 0
100000, 35747, 0, 0, 0
101001, 38976, 0, 0, 0
102000, 39015, 0, 0, 0
103000, 35520, 0, 0, 0
104001, 39744, 0, 0, 0
105000, 38246, 0, 0, 0
106001, 34688, 0, 0, 0
107001, 35648, 0, 0, 0
108000, 41961, 0, 0, 0
109001, 41728, 0, 0, 0
110001, 36288, 0, 0, 0
111000, 45293, 0, 0, 0
112001, 42688, 0, 0, 0
113000, 39591, 0, 0, 0
114000, 39616, 0, 0, 0
115001, 41728, 0, 0, 0
116000, 38758, 0, 0, 0
117000, 36736, 0, 0, 0
118001, 33856, 0, 0, 0
119000, 37413, 0, 0, 0
120001, 38976, 0, 0, 0
121001, 39808, 0, 0, 0
122000, 41577, 0, 0, 0
123001, 37120, 0, 0, 0
124000, 39335, 0, 0, 0
125001, 40768, 0, 0, 0
126001, 41280, 0, 0, 0
127000, 35363, 0, 0, 0
128001, 45824, 0, 0, 0
129001, 43392, 0, 0, 0
130000, 39015, 0, 0, 0
131001, 37504, 0, 0, 0
132000, 36324, 0, 0, 0
133000, 35904, 0, 0, 0
134001, 40192, 0, 0, 0
135000, 32352, 0, 0, 0
136001, 36672, 0, 0, 0
137001, 32256, 0, 0, 0
138000, 42026, 0, 0, 0
139001, 32640, 0, 0, 0
140001, 39168, 0, 0, 0
141000, 36388, 0, 0, 0
142001, 34240, 0, 0, 0
143000, 37861, 0, 0, 0
144000, 44224, 0, 0, 0
145001, 42944, 0, 0, 0
146000, 37477, 0, 0, 0
147001, 40000, 0, 0, 0
148001, 33600, 0, 0, 0
149000, 38950, 0, 0, 0
150001, 39936, 0, 0, 0
151001, 42176, 0, 0, 0
152000, 37733, 0, 0, 0
153001, 37568, 0, 0, 0
154000, 31967, 0, 0, 0
155000, 40960, 0, 0, 0
156001, 37952, 0, 0, 0
157000, 36836, 0, 0, 0
158001, 36992, 0, 0, 0
159001, 34752, 0, 0, 0
160000, 39975, 0, 0, 0
161001, 29824, 0, 0, 0
162000, 31391, 0, 0, 0
163001, 32960, 0, 0, 0
164001, 37056, 0, 0, 0
165000, 43051, 0, 0, 0
166001, 44864, 0, 0, 0
167001, 41024, 0, 0, 0
168000, 40936, 0, 0, 0
169001, 36672, 0, 0, 0
170000, 29725, 0, 0, 0
171000, 38208, 0, 0, 0
172001, 37952, 0, 0, 0
173000, 35875, 0, 0, 0
174001, 40896, 0, 0, 0
175001, 35456, 0, 0, 0
176000, 43819, 0, 0, 0
177001, 33856, 0, 0, 0
178000, 37733, 0, 0, 0
179000, 36544, 0, 0, 0
180001, 33600, 0, 0, 0
