1001, 48000, 0, 0, 0
2000, 55095, 0, 0, 0
3000, 53824, 0, 0, 0
4001, 54080, 0, 0, 0
5000, 56568, 0, 0, 0
6001, 53760, 0, 0, 0
7001, 55360, 0, 0, 0
8000, 55223, 0, 0, 0
9001, 55104, 0, 0, 0
10001, 54784, 0, 0, 0
11000, 55671, 0, 0, 0
12001, 58240, 0, 0, 0
13001, 56064, 0, 0, 0
14000, 57913, 0, 0, 0
15001, 53888, 0, 0, 0
16001, 56384, 0, 0, 0
17000, 55863, 0, 0, 0
18001, 52864, 0, 0, 0
19000, 52852, 0, 0, 0
20001, 54848, 0, 0, 0
21001, 56128, 0, 0, 0
22000, 51251, 0, 0, 0
23001, 56256, 0, 0, 0
24000, 54134, 0, 0, 0
25000, 56704, 0, 0, 0
26001, 56576, 0, 0, 0
27000, 55735, 0, 0, 0
28001, 58688, 0, 0, 0
29001, 54336, 0, 0, 0
30000, 61117, 0, 0, 0
31001, 54016, 0, 0, 0
32000, 57593, 0, 0, 0
33001, 57216, 0, 0, 0
34001, 57856, 0, 0, 0
35000, 54518, 0, 0, 0
36001, 54208, 0, 0, 0
37000, 57913, 0, 0, 0
38000, 54400, 0, 0, 0
39001, 56192, 0, 0, 0
40000, 54134, 0, 0, 0
41001, 55552, 0, 0, 0
42001, 57856, 0, 0, 0
43000, 56056, 0, 0, 0
44001, 57664, 0, 0, 0
45000, 54518, 0, 0, 0
46001, 55488, 0, 0, 0
47001, 58880, 0, 0, 0
48000, 55031, 0, 0, 0
49001, 54080, 0, 0, 0
50000, 55415, 0, 0, 0
51000, 54976, 0, 0, 0
52001, 50816, 0, 0, 0
53000, 55223, 0, 0, 0
54001, 53504, 0, 0, 0
55000, 53237, 0, 0, 0
56000, 54464, 0, 0, 0
57001, 44800, 0, 0, 0
58000, 35491, 0, 0, 0
59001, 35840, 0, 0, 0
60001, 39040, 0, 0, 0
61000, 39783, 0, 0, 0
62001, 35264, 0, 0, 0
63001, 37248, 0, 0, 0
64000, 32416, 0, 0, 0
65001, 37632, 0, 0, 0
66000, 35171, 0, 0, 0
67000, 32256, 0, 0, 0
68001, 38912, 0, 0, 0
69000, 41705, 0, 0, 0
70000, 40896, 0, 0, 0
71001, 35328, 0, 0, 0
72000, 42026, 0, 0, 0
73001, 39744, 0, 0, 0
74001, 38976, 0, 0, 0
75000, 38438, 0, 0, 0
76001, 35136, 0, 0, 0
77001, 44416, 0, 0, 0
78000, 39335, 0, 0, 0
79001, 36224, 0, 0, 0
80000, 39783, 0, 0, 0
81000, 35392, 0, 0, 0
82001, 32640, 0, 0, 0
83000, 30558, 0, 0, 0
84000, 43392, 0, 0, 0
85001, 39808, 0, 0, 0
86000, 39143, 0, 0, 0
87001, 38784, 0, 0, 0
88001, 39744, 0, 0, 0
89000, 32160, 0, 0, 0
90001, 37696, 0, 0, 0
91000, 44076, 0, 0, 0
92000, 38144, 0, 0, 0
93001, 40064, 0, 0, 0
94000, 32224, 0, 0, 0
95000, 33280, 0, 0, 0
96001, 37760, 0, 0, 0
97000, 37605, 0, 0, 0
98001, 41152, 0, 0, 0
99001, 36480, 0, 0, 0
100000, 37669, 0, 0, 0
101001, 35776, 0, 0, 0
102000, 43179, 0, 0, 0
103000, 35968, 0, 0, 0
104001, 42880, 0, 0, 0
105000, 33761, 0, 0, 0
106001, 31808, 0, 0, 0
107001, 35584, 0, 0, 0
108000, 38950, 0, 0, 0
109001, 35584, 0, 0, 0
110001, 40960, 0, 0, 0
111000, 40168, 0, 0, 0
112001, 41792, 0, 0, 0
113000, 44524, 0, 0, 0
114000, 39296, 0, 0, 0
115001, 37184, 0, 0, 0
116000, 44204, 0, 0, 0
117000, 34752, 0, 0, 0
118001, 37760, 0, 0, 0
119000, 37157, 0, 0, 0
120001, 42240, 0, 0, 0
121001, 42880, 0, 0, 0
122000, 38630, 0, 0, 0
123001, 33344, 0, 0, 0
124000, 34274, 0, 0, 0
125001, 37760, 0, 0, 0
126001, 38272, 0, 0, 0
127000, 43179, 0, 0, 0
128001, 40256, 0, 0, 0
129001, 34560, 0, 0, 0
130000, 39079, 0, 0, 0
131001, 34752, 0, 0, 0
132000, 36708, 0, 0, 0
133000, 39360, 0, 0, 0
134001, 35520, 0, 0, 0
135000, 39655, 0, 0, 0
136001, 38976, 0, 0, 0
137001, 35008, 0, 0, 0
138000, 39911, 0, 0, 0
139001, 38848, 0, 0, 0
140001, 42048, 0, 0, 0
141000, 39079, 0, 0, 0
142001, 40128, 0, 0, 0
143000, 35747, 0, 0, 0
144000, 38336, 0, 0, 0
145001, 44672, 0, 0, 0
146000, 41577, 0, 0, 0
147001, 40384, 0, 0, 0
148001, 39360, 0, 0, 0
149000, 38758, 0, 0, 0
150001, 37824, 0, 0, 0
151001, 35712, 0, 0, 0
152000, 36580, 0, 0, 0
153001, 40064, 0, 0, 0
154000, 39783, 0, 0, 0
155000, 42880, 0, 0, 0
156001, 42496, 0, 0, 0
157000, 38630, 0, 0, 0
158001, 40832, 0, 0, 0
159001, 36544, 0, 0, 0
160000, 34978, 0, 0, 0
161001, 41408, 0, 0, 0
162000, 37349, 0, 0, 0
163001, 34112, 0, 0, 0
164001, 42560, 0, 0, 0
165000, 34914, 0, 0, 0
166001, 36928, 0, 0, 0
167001, 41664, 0, 0, 0
168000, 39911, 0, 0, 0
169001, 36480, 0, 0, 0
170000, 36644, 0, 0, 0
171000, 38208, 0, 0, 0
172001, 38208, 0, 0, 0
173000, 42922, 0, 0, 0
174001, 39424, 0, 0, 0
175001, 39552, 0, 0, 0
176000, 44972, 0, 0, 0
177001, 32256, 0, 0, 0
178000, 40808, 0, 0, 0
179000, 35008, 0, 0, 0
