1000, 42944, 0, 0, 0
2000, 56248, 0, 0, 0
3000, 58112, 0, 0, 0
4001, 53504, 0, 0, 0
5000, 56440, 0, 0, 0
6000, 55296, 0, 0, 0
7001, 57408, 0, 0, 0
8000, 54646, 0, 0, 0
9000, 55680, 0, 0, 0
10001, 53056, 0, 0, 0
11000, 55671, 0, 0, 0
12000, 54912, 0, 0, 0
13001, 53440, 0, 0, 0
14000, 56952, 0, 0, 0
15001, 59328, 0, 0, 0
16001, 57536, 0, 0, 0
17000, 62462, 0, 0, 0
18001, 58560, 0, 0, 0
19000, 61117, 0, 0, 0
20000, 54336, 0, 0, 0
21001, 57664, 0, 0, 0
22000, 52532, 0, 0, 0
23001, 57920, 0, 0, 0
24000, 54774, 0, 0, 0
25000, 56704, 0, 0, 0
26001, 56128, 0, 0, 0
27000, 58170, 0, 0, 0
28000, 55424, 0, 0, 0
29001, 57088, 0, 0, 0
30000, 55671, 0, 0, 0
31001, 53824, 0, 0, 0
32000, 53621, 0, 0, 0
33000, 55872, 0, 0, 0
34001, 57152, 0, 0, 0
35000, 54006, 0, 0, 0
36001, 54784, 0, 0, 0
37000, 54710, 0, 0, 0
38000, 55232, 0, 0, 0
39001, 55104, 0, 0, 0
40000, 54070, 0, 0, 0
41000, 53952, 0, 0, 0
42001, 58816, 0, 0, 0
43000, 55479, 0, 0, 0
44001, 51584, 0, 0, 0
45000, 56568, 0, 0, 0
46000, 53888, 0, 0, 0
47001, 53696, 0, 0, 0
48000, 53301, 0, 0, 0
49001, 52352, 0, 0, 0
50000, 59451, 0, 0, 0
51000, 56960, 0, 0, 0
52001, 55744, 0, 0, 0
53000, 57145, 0, 0, 0
54000, 57024, 0, 0, 0
55000, 54710, 0, 0, 0
56000, 55744, 0, 0, 0
57001, 38784, 0, 0, 0
58000, 33505, 0, 0, 0
59000, 38592, 0, 0, 0
60001, 37888, 0, 0, 0
61000, 38950, 0, 0, 0
62000, 38848, 0, 0, 0
63001, 41920, 0, 0, 0
64000, 39463, 0, 0, 0
65001, 36224, 0, 0, 0
66000, 35299, 0, 0, 0
67000, 36096, 0, 0, 0
68001, 38080, 0, 0, 0
69000, 37029, 0, 0, 0
70000, 36672, 0, 0, 0
71001, 42752, 0, 0, 0
72000, 40552, 0, 0, 0
73000, 34304, 0, 0, 0
74001, 33664, 0, 0, 0
75000, 38502, 0, 0, 0
76000, 40512, 0, 0, 0
77001, 33920, 0, 0, 0
78000, 34978, 0, 0, 0
79001, 36736, 0, 0, 0
80000, 39399, 0, 0, 0
81000, 42560, 0, 0, 0
82001, 35392, 0, 0, 0
83000, 40872, 0, 0, 0
84000, 44928, 0, 0, 0
85001, 34688, 0, 0, 0
86000, 34658, 0, 0, 0
87000, 32896, 0, 0, 0
88001, 38144, 0, 0, 0
89000, 41833, 0, 0, 0
90001, 35392, 0, 0, 0
91000, 38502, 0, 0, 0
92000, 39296, 0, 0, 0
93001, 44480, 0, 0, 0
94000, 38374, 0, 0, 0
95000, 44736, 0, 0, 0
96001, 35904, 0, 0, 0
97000, 41129, 0, 0, 0
98000, 36864, 0, 0, 0
99001, 36416, 0, 0, 0
100000, 33185, 0, 0, 0
101000, 38912, 0, 0, 0
102000, 37157, 0, 0, 0
103000, 41344, 0, 0, 0
104001, 40320, 0, 0, 0
105000, 38502, 0, 0, 0
106000, 37632, 0, 0, 0
107001, 36800, 0, 0, 0
108000, 35235, 0, 0, 0
109000, 36864, 0, 0, 0
110001, 36160, 0, 0, 0
111000, 34850, 0, 0, 0
112001, 39616, 0, 0, 0
113000, 39655, 0, 0, 0
114000, 43584, 0, 0, 0
115001, 44608, 0, 0, 0
116000, 36644, 0, 0, 0
117000, 39488, 0, 0, 0
118001, 37568, 0, 0, 0
119000, 36132, 0, 0, 0
120000, 38976, 0, 0, 0
121001, 34496, 0, 0, 0
122000, 34978, 0, 0, 0
123001, 34752, 0, 0, 0
124000, 43563, 0, 0, 0
125000, 35136, 0, 0, 0
126001, 39424, 0, 0, 0
127000, 35043, 0, 0, 0
128000, 34880, 0, 0, 0
129001, 37184, 0, 0, 0
130000, 37861, 0, 0, 0
131000, 32960, 0, 0, 0
132000, 36708, 0, 0, 0
133000, 41536, 0, 0, 0
134001, 40448, 0, 0, 0
135000, 39463, 0, 0, 0
136000, 44672, 0, 0, 0
137001, 44224, 0, 0, 0
138000, 43819, 0, 0, 0
139001, 37312, 0, 0, 0
140001, 35776, 0, 0, 0
141000, 34210, 0, 0, 0
142001, 38464, 0, 0, 0
143000, 36516, 0, 0, 0
144000, 45696, 0, 0, 0
145001, 39872, 0, 0, 0
146000, 41065, 0, 0, 0
147000, 41344, 0, 0, 0
148001, 37696, 0, 0, 0
149000, 41449, 0, 0, 0
150000, 40192, 0, 0, 0
151001, 34688, 0, 0, 0
152000, 39399, 0, 0, 0
153001, 37568, 0, 0, 0
154000, 42410, 0, 0, 0
155000, 43456, 0, 0, 0
156001, 37568, 0, 0, 0
157000, 34274, 0, 0, 0
158001, 39424, 0, 0, 0
159001, 34624, 0, 0, 0
160000, 42922, 0, 0, 0
161001, 38848, 0, 0, 0
162000, 33505, 0, 0, 0
163000, 35584, 0, 0, 0
164001, 40704, 0, 0, 0
165000, 39079, 0, 0, 0
166000, 43648, 0, 0, 0
167001, 38720, 0, 0, 0
168000, 36388, 0, 0, 0
169001, 41088, 0, 0, 0
170000, 38374, 0, 0, 0
171000, 37056, 0, 0, 0
172001, 38592, 0, 0, 0
173000, 35683, 0, 0, 0
174000, 34496, 0, 0, 0
175001, 40960, 0, 0, 0
176000, 41001, 0, 0, 0
177001, 37696, 0, 0, 0
178000, 31007, 0, 0, 0
179000, 36992, 0, 0, 0
180001, 36864, 0, 0, 0
