1000, 49472, 0, 0, 0
2000, 53109, 0, 0, 0
3000, 57088, 0, 0, 0
4000, 58496, 0, 0, 0
5000, 56056, 0, 0, 0
6000, 53824, 0, 0, 0
7000, 57984, 0, 0, 0
8000, 54838, 0, 0, 0
9000, 56512, 0, 0, 0
10001, 55104, 0, 0, 0
11000, 53493, 0, 0, 0
12000, 56448, 0, 0, 0
13001, 58752, 0, 0, 0
14000, 61117, 0, 0, 0
15000, 56768, 0, 0, 0
16001, 56896, 0, 0, 0
17000, 50994, 0, 0, 0
18000, 52800, 0, 0, 0
19000, 55159, 0, 0, 0
20000, 56064, 0, 0, 0
21001, 59136, 0, 0, 0
22000, 54390, 0, 0, 0
23000, 59456, 0, 0, 0
24000, 56696, 0, 0, 0
25000, 57152, 0, 0, 0
26000, 56128, 0, 0, 0
27000, 57337, 0, 0, 0
28000, 56768, 0, 0, 0
29001, 58048, 0, 0, 0
30000, 55479, 0, 0, 0
31000, 56704, 0, 0, 0
32000, 56376, 0, 0, 0
33000, 58112, 0, 0, 0
34001, 57856, 0, 0, 0
35000, 53237, 0, 0, 0
36000, 59328, 0, 0, 0
37000, 60220, 0, 0, 0
38000, 55488, 0, 0, 0
39000, 58112, 0, 0, 0
40000, 58106, 0, 0, 0
41000, 60416, 0, 0, 0
42001, 56256, 0, 0, 0
43000, 57657, 0, 0, 0
44000, 56320, 0, 0, 0
45000, 58234, 0, 0, 0
46000, 57856, 0, 0, 0
47001, 54016, 0, 0, 0
48000, 58938, 0, 0, 0
49000, 60928, 0, 0, 0
50000, 55351, 0, 0, 0
51000, 56832, 0, 0, 0
52000, 60864, 0, 0, 0
53000, 55799, 0, 0, 0
54000, 53824, 0, 0, 0
55000, 56440, 0, 0, 0
56000, 58432, 0, 0, 0
57000, 41088, 0, 0, 0
58000, 39719, 0, 0, 0
59000, 35904, 0, 0, 0
60001, 39168, 0, 0, 0
61000, 32928, 0, 0, 0
62000, 39168, 0, 0, 0
63001, 35200, 0, 0, 0
64000, 38438, 0, 0, 0
65000, 40576, 0, 0, 0
66000, 31903, 0, 0, 0
67000, 34496, 0, 0, 0
68000, 35200, 0, 0, 0
69000, 38246, 0, 0, 0
70000, 43456, 0, 0, 0
71000, 35968, 0, 0, 0
72000, 34274, 0, 0, 0
73000, 36224, 0, 0, 0
74001, 33472, 0, 0, 0
75000, 35043, 0, 0, 0
76000, 39232, 0, 0, 0
77001, 38464, 0, 0, 0
78000, 38374, 0, 0, 0
79000, 35136, 0, 0, 0
80000, 44460, 0, 0, 0
81000, 44224, 0, 0, 0
82000, 34752, 0, 0, 0
83000, 38310, 0, 0, 0
84000, 40960, 0, 0, 0
85001, 37184, 0, 0, 0
86000, 35811, 0, 0, 0
87000, 36992, 0, 0, 0
88001, 37568, 0, 0, 0
89000, 39335, 0, 0, 0
90000, 38272, 0, 0, 0
91000, 38182, 0, 0, 0
92000, 32000, 0, 0, 0
93000, 34624, 0, 0, 0
94000, 38950, 0, 0, 0
95000, 38464, 0, 0, 0
96000, 39168, 0, 0, 0
97000, 33185, 0, 0, 0
98000, 39232, 0, 0, 0
99000, 34688, 0, 0, 0
100000, 40616, 0, 0, 0
101000, 40704, 0, 0, 0
102000, 30558, 0, 0, 0
103000, 37248, 0, 0, 0
104000, 37888, 0, 0, 0
105000, 35171, 0, 0, 0
106000, 40192, 0, 0, 0
107001, 41728, 0, 0, 0
108000, 38758, 0, 0, 0
109000, 38144, 0, 0, 0
110001, 37184, 0, 0, 0
111000, 36708, 0, 0, 0
112000, 33408, 0, 0, 0
113000, 33953, 0, 0, 0
114000, 35840, 0, 0, 0
115000, 41088, 0, 0, 0
116000, 38630, 0, 0, 0
117000, 34880, 0, 0, 0
118000, 37184, 0, 0, 0
119000, 39463, 0, 0, 0
120000, 41792, 0, 0, 0
121001, 35712, 0, 0, 0
122000, 38438, 0, 0, 0
123000, 33024, 0, 0, 0
124000, 40232, 0, 0, 0
125000, 35712, 0, 0, 0
126000, 36160, 0, 0, 0
127000, 38630, 0, 0, 0
128000, 35264, 0, 0, 0
129001, 35648, 0, 0, 0
130000, 39527, 0, 0, 0
131000, 40576, 0, 0, 0
132000, 34722, 0, 0, 0
133000, 34816, 0, 0, 0
134000, 38016, 0, 0, 0
135000, 39015, 0, 0, 0
136000, 40896, 0, 0, 0
137001, 34304, 0, 0, 0
138000, 34082, 0, 0, 0
139000, 39360, 0, 0, 0
140001, 35392, 0, 0, 0
141000, 38374, 0, 0, 0
142000, 36480, 0, 0, 0
143000, 39527, 0, 0, 0
144000, 47616, 0, 0, 0
145000, 38208, 0, 0, 0
146000, 39655, 0, 0, 0
147000, 38016, 0, 0, 0
148000, 38400, 0, 0, 0
149000, 34594, 0, 0, 0
150000, 39616, 0, 0, 0
151001, 37696, 0, 0, 0
152000, 37861, 0, 0, 0
153000, 38208, 0, 0, 0
154000, 39271, 0, 0, 0
155000, 41920, 0, 0, 0
156000, 44928, 0, 0, 0
157000, 33697, 0, 0, 0
158000, 39680, 0, 0, 0
159001, 43392, 0, 0, 0
160000, 37733, 0, 0, 0
161000, 35072, 0, 0, 0
162000, 40744, 0, 0, 0
163000, 36288, 0, 0, 0
164001, 32640, 0, 0, 0
165000, 38054, 0, 0, 0
166000, 33152, 0, 0, 0
167001, 41664, 0, 0, 0
168000, 36708, 0, 0, 0
169000, 39744, 0, 0, 0
170000, 39975, 0, 0, 0
171000, 42624, 0, 0, 0
172000, 34816, 0, 0, 0
173000, 39335, 0, 0, 0
174000, 38656, 0, 0, 0
175001, 36864, 0, 0, 0
176000, 40360, 0, 0, 0
177000, 42176, 0, 0, 0
178000, 33761, 0, 0, 0
179000, 35968, 0, 0, 0
180000, 32576, 0, 0, 0
