1000, 44416, 0, 0, 0
2000, 57657, 0, 0, 0
3000, 60416, 0, 0, 0
4001, 53824, 0, 0, 0
5000, 51955, 0, 0, 0
6000, 59584, 0, 0, 0
7001, 55488, 0, 0, 0
8000, 58106, 0, 0, 0
9000, 52736, 0, 0, 0
10001, 56384, 0, 0, 0
11000, 54966, 0, 0, 0
12000, 53248, 0, 0, 0
13001, 56640, 0, 0, 0
14000, 53941, 0, 0, 0
15000, 57216, 0, 0, 0
16001, 57216, 0, 0, 0
17000, 54326, 0, 0, 0
18001, 52288, 0, 0, 0
19000, 58746, 0, 0, 0
20000, 58944, 0, 0, 0
21001, 59904, 0, 0, 0
22000, 55415, 0, 0, 0
23000, 54912, 0, 0, 0
24000, 53941, 0, 0, 0
25000, 53888, 0, 0, 0
26001, 58752, 0, 0, 0
27000, 54134, 0, 0, 0
28000, 57024, 0, 0, 0
29001, 54592, 0, 0, 0
30000, 56504, 0, 0, 0
31001, 56448, 0, 0, 0
32000, 56184, 0, 0, 0
33000, 56448, 0, 0, 0
34001, 55104, 0, 0, 0
35000, 53621, 0, 0, 0
36000, 55424, 0, 0, 0
37000, 53621, 0, 0, 0
38000, 54912, 0, 0, 0
39001, 54336, 0, 0, 0
40000, 58042, 0, 0, 0
41000, 53568, 0, 0, 0
42001, 58176, 0, 0, 0
43000, 56376, 0, 0, 0
44000, 55616, 0, 0, 0
45000, 52404, 0, 0, 0
46000, 56960, 0, 0, 0
47001, 55872, 0, 0, 0
48000, 55991, 0, 0, 0
49000, 56704, 0, 0, 0
50000, 59003, 0, 0, 0
51000, 53824, 0, 0, 0
52001, 60224, 0, 0, 0
53000, 58106, 0, 0, 0
54000, 56832, 0, 0, 0
55000, 58874, 0, 0, 0
56000, 52864, 0, 0, 0
57001, 45248, 0, 0, 0
58000, 38694, 0, 0, 0
59000, 35200, 0, 0, 0
60001, 35456, 0, 0, 0
61000, 42090, 0, 0, 0
62000, 41408, 0, 0, 0
63001, 30336, 0, 0, 0
64000, 37413, 0, 0, 0
65000, 38592, 0, 0, 0
66000, 33569, 0, 0, 0
67000, 35968, 0, 0, 0
68001, 39104, 0, 0, 0
69000, 39015, 0, 0, 0
70000, 39616, 0, 0, 0
71001, 41664, 0, 0, 0
72000, 34914, 0, 0, 0
73000, 34624, 0, 0, 0
74001, 38464, 0, 0, 0
75000, 39591, 0, 0, 0
76000, 37632, 0, 0, 0
77001, 34560, 0, 0, 0
78000, 38566, 0, 0, 0
79000, 37760, 0, 0, 0
80000, 36516, 0, 0, 0
81000, 48256, 0, 0, 0
82000, 33984, 0, 0, 0
83000, 41641, 0, 0, 0
84000, 37184, 0, 0, 0
85001, 38144, 0, 0, 0
86000, 40552, 0, 0, 0
87000, 36800, 0, 0, 0
88001, 38720, 0, 0, 0
89000, 44204, 0, 0, 0
90000, 38592, 0, 0, 0
91000, 36068, 0, 0, 0
92000, 36608, 0, 0, 0
93000, 35072, 0, 0, 0
94000, 36836, 0, 0, 0
95000, 40896, 0, 0, 0
96001, 42880, 0, 0, 0
97000, 37541, 0, 0, 0
98000, 35200, 0, 0, 0
99001, 40576, 0, 0, 0
100000, 36260, 0, 0, 0
101000, 35968, 0, 0, 0
102000, 39335, 0, 0, 0
103000, 36992, 0, 0, 0
104001, 36928, 0, 0, 0
105000, 38182, 0, 0, 0
106000, 35136, 0, 0, 0
107001, 39872, 0, 0, 0
108000, 35363, 0, 0, 0
109000, 36288, 0, 0, 0
110001, 36992, 0, 0, 0
111000, 38182, 0, 0, 0
112000, 33664, 0, 0, 0
113000, 42602, 0, 0, 0
114000, 37568, 0, 0, 0
115000, 35776, 0, 0, 0
116000, 38374, 0, 0, 0
117000, 35648, 0, 0, 0
118001, 39552, 0, 0, 0
119000, 41321, 0, 0, 0
120000, 39744, 0, 0, 0
121001, 41600, 0, 0, 0
122000, 37413, 0, 0, 0
123001, 30976, 0, 0, 0
124000, 40168, 0, 0, 0
125000, 38912, 0, 0, 0
126001, 39040, 0, 0, 0
127000, 35683, 0, 0, 0
128000, 39680, 0, 0, 0
129001, 35392, 0, 0, 0
130000, 38310, 0, 0, 0
131000, 36544, 0, 0, 0
132000, 38182, 0, 0, 0
133000, 30656, 0, 0, 0
134001, 39744, 0, 0, 0
135000, 45101, 0, 0, 0
136000, 43392, 0, 0, 0
137001, 40192, 0, 0, 0
138000, 41833, 0, 0, 0
139000, 36928, 0, 0, 0
140001, 45184, 0, 0, 0
141000, 38118, 0, 0, 0
142001, 35264, 0, 0, 0
143000, 34722, 0, 0, 0
144000, 46336, 0, 0, 0
145001, 44288, 0, 0, 0
146000, 41001, 0, 0, 0
147000, 40768, 0, 0, 0
148001, 43840, 0, 0, 0
149000, 41001, 0, 0, 0
150000, 35264, 0, 0, 0
151001, 35392, 0, 0, 0
152000, 39015, 0, 0, 0
153000, 37312, 0, 0, 0
154000, 37605, 0, 0, 0
155000, 42368, 0, 0, 0
156001, 34048, 0, 0, 0
157000, 36772, 0, 0, 0
158000, 38144, 0, 0, 0
159001, 35648, 0, 0, 0
160000, 40680, 0, 0, 0
161001, 33664, 0, 0, 0
162000, 34850, 0, 0, 0
163000, 40384, 0, 0, 0
164001, 43968, 0, 0, 0
165000, 41257, 0, 0, 0
166000, 36992, 0, 0, 0
167001, 35840, 0, 0, 0
168000, 37925, 0, 0, 0
169000, 39936, 0, 0, 0
170000, 39463, 0, 0, 0
171000, 37184, 0, 0, 0
172001, 44032, 0, 0, 0
173000, 37285, 0, 0, 0
174000, 36608, 0, 0, 0
175001, 49216, 0, 0, 0
176000, 36004, 0, 0, 0
177000, 37376, 0, 0, 0
178000, 36580, 0, 0, 0
179000, 38336, 0, 0, 0
