1000, 43776, 0, 0, 0
2000, 55735, 0, 0, 0
3000, 56768, 0, 0, 0
4000, 58368, 0, 0, 0
5000, 54390, 0, 0, 0
6000, 56256, 0, 0, 0
7000, 54336, 0, 0, 0
8000, 53429, 0, 0, 0
9000, 52160, 0, 0, 0
10001, 59072, 0, 0, 0
11000, 49201, 0, 0, 0
12000, 54976, 0, 0, 0
13001, 57984, 0, 0, 0
14000, 58234, 0, 0, 0
15000, 57344, 0, 0, 0
16001, 56832, 0, 0, 0
17000, 53237, 0, 0, 0
18000, 58112, 0, 0, 0
19000, 55095, 0, 0, 0
20000, 59904, 0, 0, 0
21001, 54656, 0, 0, 0
22000, 53877, 0, 0, 0
23000, 56448, 0, 0, 0
24000, 55031, 0, 0, 0
25000, 59840, 0, 0, 0
26000, 57920, 0, 0, 0
27000, 52020, 0, 0, 0
28000, 50048, 0, 0, 0
29001, 50496, 0, 0, 0
30000, 54710, 0, 0, 0
31000, 61504, 0, 0, 0
32000, 56184, 0, 0, 0
33000, 57408, 0, 0, 0
34001, 56576, 0, 0, 0
35000, 54326, 0, 0, 0
36000, 57024, 0, 0, 0
37000, 57273, 0, 0, 0
38000, 55296, 0, 0, 0
39000, 53952, 0, 0, 0
40000, 58874, 0, 0, 0
41000, 55936, 0, 0, 0
42001, 51328, 0, 0, 0
43000, 59259, 0, 0, 0
44000, 56576, 0, 0, 0
45000, 53557, 0, 0, 0
46000, 60160, 0, 0, 0
47001, 54464, 0, 0, 0
48000, 55735, 0, 0, 0
49000, 56000, 0, 0, 0
50000, 56440, 0, 0, 0
51000, 57792, 0, 0, 0
52000, 50176, 0, 0, 0
53000, 56696, 0, 0, 0
54000, 57856, 0, 0, 0
55000, 58234, 0, 0, 0
56000, 55744, 0, 0, 0
57000, 43840, 0, 0, 0
58000, 41961, 0, 0, 0
59000, 39808, 0, 0, 0
60001, 36928, 0, 0, 0
61000, 39271, 0, 0, 0
62000, 34496, 0, 0, 0
63001, 36800, 0, 0, 0
64000, 44780, 0, 0, 0
65000, 38720, 0, 0, 0
66000, 36132, 0, 0, 0
67000, 42624, 0, 0, 0
68000, 37120, 0, 0, 0
69000, 36964, 0, 0, 0
70000, 37888, 0, 0, 0
71000, 39168, 0, 0, 0
72000, 40488, 0, 0, 0
73000, 36608, 0, 0, 0
74001, 39424, 0, 0, 0
75000, 44140, 0, 0, 0
76000, 35392, 0, 0, 0
77001, 37888, 0, 0, 0
78000, 32480, 0, 0, 0
79000, 32128, 0, 0, 0
80000, 36452, 0, 0, 0
81000, 30912, 0, 0, 0
82000, 36224, 0, 0, 0
83000, 36324, 0, 0, 0
84000, 38720, 0, 0, 0
85001, 39424, 0, 0, 0
86000, 35171, 0, 0, 0
87000, 32320, 0, 0, 0
88001, 41536, 0, 0, 0
89000, 42346, 0, 0, 0
90000, 42560, 0, 0, 0
91000, 35491, 0, 0, 0
92000, 37184, 0, 0, 0
93000, 42240, 0, 0, 0
94000, 37797, 0, 0, 0
95000, 38336, 0, 0, 0
96000, 37632, 0, 0, 0
97000, 39911, 0, 0, 0
98000, 39616, 0, 0, 0
99000, 34624, 0, 0, 0
100000, 37733, 0, 0, 0
101000, 35840, 0, 0, 0
102000, 36900, 0, 0, 0
103000, 36800, 0, 0, 0
104000, 40576, 0, 0, 0
105000, 36068, 0, 0, 0
106000, 38528, 0, 0, 0
107000, 36928, 0, 0, 0
108000, 39911, 0, 0, 0
109000, 35136, 0, 0, 0
110001, 30528, 0, 0, 0
111000, 34082, 0, 0, 0
112000, 35712, 0, 0, 0
113000, 38758, 0, 0, 0
114000, 40128, 0, 0, 0
115000, 41728, 0, 0, 0
116000, 39655, 0, 0, 0
117000, 40064, 0, 0, 0
118000, 37760, 0, 0, 0
119000, 39911, 0, 0, 0
120000, 36096, 0, 0, 0
121001, 42496, 0, 0, 0
122000, 38630, 0, 0, 0
123000, 37248, 0, 0, 0
124000, 37349, 0, 0, 0
125000, 39488, 0, 0, 0
126000, 35200, 0, 0, 0
127000, 38630, 0, 0, 0
128000, 33856, 0, 0, 0
129001, 37312, 0, 0, 0
130000, 37477, 0, 0, 0
131000, 40448, 0, 0, 0
132000, 38374, 0, 0, 0
133000, 38016, 0, 0, 0
134000, 40192, 0, 0, 0
135000, 44076, 0, 0, 0
136000, 38464, 0, 0, 0
137001, 39360, 0, 0, 0
138000, 35747, 0, 0, 0
139000, 32640, 0, 0, 0
140001, 37760, 0, 0, 0
141000, 38822, 0, 0, 0
142000, 36480, 0, 0, 0
143000, 41385, 0, 0, 0
144000, 40320, 0, 0, 0
145000, 40768, 0, 0, 0
146000, 40296, 0, 0, 0
147000, 39296, 0, 0, 0
148000, 31296, 0, 0, 0
149000, 32160, 0, 0, 0
150000, 40960, 0, 0, 0
151001, 34880, 0, 0, 0
152000, 32800, 0, 0, 0
153000, 39104, 0, 0, 0
154000, 39847, 0, 0, 0
155000, 44672, 0, 0, 0
156000, 36288, 0, 0, 0
157000, 37157, 0, 0, 0
158000, 39296, 0, 0, 0
159001, 38592, 0, 0, 0
160000, 38502, 0, 0, 0
161000, 35904, 0, 0, 0
162000, 39399, 0, 0, 0
163000, 45824, 0, 0, 0
164001, 41280, 0, 0, 0
165000, 37797, 0, 0, 0
166000, 44160, 0, 0, 0
167001, 35712, 0, 0, 0
168000, 40296, 0, 0, 0
169000, 41472, 0, 0, 0
170000, 42090, 0, 0, 0
171000, 34496, 0, 0, 0
172000, 36544, 0, 0, 0
173000, 33057, 0, 0, 0
174000, 35008, 0, 0, 0
175001, 38208, 0, 0, 0
176000, 36772, 0, 0, 0
177000, 39680, 0, 0, 0
178000, 38694, 0, 0, 0
179000, 39616, 0, 0, 0
180000, 39040, 0, 0, 0
