1000, 47168, 0, 0, 0
2000, 57529, 0, 0, 0
3000, 57728, 0, 0, 0
4001, 55744, 0, 0, 0
5000, 53941, 0, 0, 0
6000, 59456, 0, 0, 0
7001, 54464, 0, 0, 0
8000, 57401, 0, 0, 0
9000, 57280, 0, 0, 0
10001, 54528, 0, 0, 0
11000, 53813, 0, 0, 0
12000, 56960, 0, 0, 0
13001, 56320, 0, 0, 0
14000, 52212, 0, 0, 0
15000, 57344, 0, 0, 0
16001, 57280, 0, 0, 0
17000, 60476, 0, 0, 0
18001, 57536, 0, 0, 0
19000, 60412, 0, 0, 0
20000, 54592, 0, 0, 0
21001, 58496, 0, 0, 0
22000, 58490, 0, 0, 0
23000, 58688, 0, 0, 0
24000, 55351, 0, 0, 0
25000, 54016, 0, 0, 0
26001, 57984, 0, 0, 0
27000, 57785, 0, 0, 0
28000, 51904, 0, 0, 0
29001, 57728, 0, 0, 0
30000, 54966, 0, 0, 0
31001, 61952, 0, 0, 0
32000, 58554, 0, 0, 0
33000, 59584, 0, 0, 0
34001, 56192, 0, 0, 0
35000, 56696, 0, 0, 0
36001, 63168, 0, 0, 0
37000, 52340, 0, 0, 0
38000, 59136, 0, 0, 0
39001, 57920, 0, 0, 0
40000, 59451, 0, 0, 0
41000, 59904, 0, 0, 0
42001, 57216, 0, 0, 0
43000, 54454, 0, 0, 0
44001, 57536, 0, 0, 0
45000, 58490, 0, 0, 0
46000, 59520, 0, 0, 0
47001, 59008, 0, 0, 0
48000, 58106, 0, 0, 0
49000, 57920, 0, 0, 0
50000, 52660, 0, 0, 0
51000, 57216, 0, 0, 0
52001, 51136, 0, 0, 0
53000, 54646, 0, 0, 0
54000, 57728, 0, 0, 0
55000, 56632, 0, 0, 0
56000, 54656, 0, 0, 0
57001, 40384, 0, 0, 0
58000, 37349, 0, 0, 0
59000, 37184, 0, 0, 0
60001, 37376, 0, 0, 0
61000, 39335, 0, 0, 0
62000, 37184, 0, 0, 0
63001, 34880, 0, 0, 0
64000, 36900, 0, 0, 0
65000, 36224, 0, 0, 0
66000, 36964, 0, 0, 0
67000, 37888, 0, 0, 0
68001, 33984, 0, 0, 0
69000, 35043, 0, 0, 0
70000, 38208, 0, 0, 0
71001, 32448, 0, 0, 0
72000, 37093, 0, 0, 0
73000, 36480, 0, 0, 0
74001, 36928, 0, 0, 0
75000, 41257, 0, 0, 0
76000, 36864, 0, 0, 0
77001, 38720, 0, 0, 0
78000, 40552, 0, 0, 0
79000, 38464, 0, 0, 0
80000, 39591, 0, 0, 0
81000, 39040, 0, 0, 0
82000, 33216, 0, 0, 0
83000, 33825, 0, 0, 0
84000, 36416, 0, 0, 0
85001, 36608, 0, 0, 0
86000, 42666, 0, 0, 0
87000, 38848, 0, 0, 0
88001, 34816, 0, 0, 0
89000, 40552, 0, 0, 0
90000, 42240, 0, 0, 0
91000, 35491, 0, 0, 0
92000, 37632, 0, 0, 0
93001, 30848, 0, 0, 0
94000, 45101, 0, 0, 0
95000, 39360, 0, 0, 0
96001, 33792, 0, 0, 0
97000, 38182, 0, 0, 0
98000, 35648, 0, 0, 0
99001, 33408, 0, 0, 0
100000, 43307, 0, 0, 0
101000, 38592, 0, 0, 0
102000, 33185, 0, 0, 0
103000, 35200, 0, 0, 0
104001, 38464, 0, 0, 0
105000, 35683, 0, 0, 0
106000, 35456, 0, 0, 0
107001, 39552, 0, 0, 0
108000, 39527, 0, 0, 0
109000, 38656, 0, 0, 0
110001, 38912, 0, 0, 0
111000, 41257, 0, 0, 0
112000, 41856, 0, 0, 0
113000, 30942, 0, 0, 0
114000, 42240, 0, 0, 0
115001, 38400, 0, 0, 0
116000, 40488, 0, 0, 0
117000, 35968, 0, 0, 0
118001, 40192, 0, 0, 0
119000, 40744, 0, 0, 0
120000, 41088, 0, 0, 0
121001, 40960, 0, 0, 0
122000, 33249, 0, 0, 0
123001, 37440, 0, 0, 0
124000, 37541, 0, 0, 0
125000, 38080, 0, 0, 0
126001, 35584, 0, 0, 0
127000, 31519, 0, 0, 0
128000, 36864, 0, 0, 0
129001, 34880, 0, 0, 0
130000, 33569, 0, 0, 0
131000, 40512, 0, 0, 0
132000, 30942, 0, 0, 0
133000, 37312, 0, 0, 0
134001, 40576, 0, 0, 0
135000, 36708, 0, 0, 0
136000, 45504, 0, 0, 0
137001, 37888, 0, 0, 0
138000, 40936, 0, 0, 0
139000, 38976, 0, 0, 0
140001, 42176, 0, 0, 0
141000, 35043, 0, 0, 0
142001, 37440, 0, 0, 0
143000, 45933, 0, 0, 0
144000, 36928, 0, 0, 0
145001, 36736, 0, 0, 0
146000, 38438, 0, 0, 0
147000, 37376, 0, 0, 0
148001, 31040, 0, 0, 0
149000, 34658, 0, 0, 0
150000, 37376, 0, 0, 0
151001, 42304, 0, 0, 0
152000, 39527, 0, 0, 0
153000, 34240, 0, 0, 0
154000, 40104, 0, 0, 0
155000, 36992, 0, 0, 0
156001, 41856, 0, 0, 0
157000, 38374, 0, 0, 0
158000, 39872, 0, 0, 0
159001, 34880, 0, 0, 0
160000, 36260, 0, 0, 0
161001, 39872, 0, 0, 0
162000, 37541, 0, 0, 0
163000, 41856, 0, 0, 0
164001, 36480, 0, 0, 0
165000, 36580, 0, 0, 0
166000, 36864, 0, 0, 0
167001, 37888, 0, 0, 0
168000, 40360, 0, 0, 0
169001, 38720, 0, 0, 0
170000, 35235, 0, 0, 0
171000, 37248, 0, 0, 0
172001, 40768, 0, 0, 0
173000, 44780, 0, 0, 0
174000, 37440, 0, 0, 0
175001, 40192, 0, 0, 0
176000, 39655, 0, 0, 0
177001, 37248, 0, 0, 0
178000, 38694, 0, 0, 0
179000, 37120, 0, 0, 0
180001, 41408, 0, 0, 0
