21000, 768, 1, 0, 0
22001, 1024, 1, 0, 0
23000, 2306, 1, 0, 0
24000, 1281, 1, 0, 0
25000, 2048, 1, 0, 0
26001, 2048, 1, 0, 0
27001, 256, 0, 0, 0
27001, 2818, 1, 0, 0
28001, 512, 0, 0, 0
28001, 2048, 1, 0, 0
29001, 768, 0, 0, 0
29001, 2306, 1, 0, 0
30000, 512, 0, 0, 0
30000, 256, 1, 0, 0
31001, 512, 0, 0, 0
31001, 1536, 1, 0, 0
32001, 1536, 1, 0, 0
33001, 256, 0, 0, 0
33001, 1281, 1, 0, 0
34000, 768, 1, 0, 0
35001, 256, 0, 0, 0
35001, 1024, 1, 0, 0
36001, 256, 0, 0, 0
36001, 1536, 1, 0, 0
37001, 768, 1, 0, 0
38000, 256, 0, 0, 0
38000, 512, 1, 0, 0
39000, 768, 0, 0, 0
39000, 768, 1, 0, 0
40001, 256, 0, 0, 0
40001, 1280, 1, 0, 0
41000, 256, 0, 0, 0
41000, 768, 1, 0, 0
42000, 256, 0, 0, 0
42000, 1025, 1, 0, 0
43000, 768, 0, 0, 0
43000, 1024, 1, 0, 0
44000, 768, 0, 0, 0
44000, 1536, 1, 0, 0
45001, 1024, 0, 0, 0
45001, 768, 1, 0, 0
46001, 1280, 1, 0, 0
47001, 768, 1, 0, 0
48000, 2562, 1, 0, 0
49000, 256, 0, 0, 0
49000, 2304, 1, 0, 0
50001, 1280, 1, 0, 0
51001, 2048, 1, 0, 0
52000, 512, 1, 0, 0
53000, 1025, 0, 0, 0
53000, 768, 1, 0, 0
54000, 1536, 0, 0, 0
54000, 1024, 1, 0, 0
55000, 256, 0, 0, 0
55000, 512, 1, 0, 0
56001, 256, 0, 0, 0
56001, 512, 1, 0, 0
58000, 512, 1, 0, 0
60001, 1280, 0, 0, 0
60001, 1280, 1, 0, 0
61000, 768, 0, 0, 0
62001, 768, 0, 0, 0
62001, 1536, 1, 0, 0
63001, 256, 0, 0, 0
63001, 512, 1, 0, 0
64000, 256, 0, 0, 0
64000, 2562, 1, 0, 0
65001, 1280, 0, 0, 0
65001, 1280, 1, 0, 0
66001, 1280, 0, 0, 0
66001, 2560, 1, 0, 0
67000, 1281, 1, 0, 0
68001, 3072, 1, 0, 0
69001, 1792, 1, 0, 0
70001, 2050, 0, 0, 0
70001, 1537, 1, 0, 0
71001, 512, 0, 0, 0
71001, 3584, 1, 0, 0
72000, 256, 0, 0, 0
72000, 2306, 1, 0, 0
73001, 768, 0, 0, 0
73001, 1024, 1, 0, 0
74001, 1024, 0, 0, 0
74001, 768, 1, 0, 0
76001, 1536, 0, 0, 0
76001, 768, 1, 0, 0
77001, 1536, 0, 0, 0
79001, 256, 0, 0, 0
79001, 1024, 1, 0, 0
80001, 1280, 0, 0, 0
80001, 1024, 1, 0, 0
81001, 512, 0, 0, 0
81001, 1281, 1, 0, 0
82001, 768, 0, 0, 0
82001, 768, 1, 0, 0
83001, 1280, 0, 0, 0
83001, 1536, 1, 0, 0
84000, 768, 0, 0, 0
84000, 1537, 1, 0, 0
85001, 1024, 0, 0, 0
85001, 1536, 1, 0, 0
86001, 256, 0, 0, 0
86001, 256, 1, 0, 0
87001, 768, 0, 0, 0
87001, 512, 1, 0, 0
88001, 1024, 0, 0, 0
88001, 1280, 1, 0, 0
89001, 2048, 0, 0, 0
89001, 1792, 1, 0, 0
90001, 512, 0, 0, 0
90001, 2050, 1, 0, 0
91001, 512, 0, 0, 0
91001, 1792, 1, 0, 0
92001, 768, 0, 0, 0
92001, 256, 1, 0, 0
93000, 2050, 0, 0, 0
93000, 1793, 1, 0, 0
94001, 1024, 0, 0, 0
94001, 1792, 1, 0, 0
95001, 1024, 0, 0, 0
95001, 2304, 1, 0, 0
96001, 256, 0, 0, 0
96001, 768, 1, 0, 0
97001, 512, 0, 0, 0
97001, 1536, 1, 0, 0
98000, 1537, 0, 0, 0
98000, 768, 1, 0, 0
99001, 256, 0, 0, 0
99001, 2048, 1, 0, 0
100001, 1280, 0, 0, 0
100001, 1024, 1, 0, 0
101000, 512, 0, 0, 0
101000, 2306, 1, 0, 0
102001, 512, 0, 0, 0
102001, 256, 1, 0, 0
103001, 256, 0, 0, 0
103001, 1280, 1, 0, 0
104000, 256, 0, 0, 0
104000, 512, 1, 0, 0
105001, 1536, 0, 0, 0
105001, 1792, 1, 0, 0
106001, 512, 0, 0, 0
106001, 768, 1, 0, 0
107001, 256, 0, 0, 0
107001, 256, 1, 0, 0
108001, 768, 0, 0, 0
108001, 1024, 1, 0, 0
109001, 768, 0, 0, 0
109001, 768, 1, 0, 0
110001, 1793, 0, 0, 0
110001, 2306, 1, 0, 0
111001, 512, 0, 0, 0
111001, 256, 1, 0, 0
112000, 256, 0, 0, 0
112000, 1025, 1, 0, 0
113001, 512, 0, 0, 0
113001, 768, 1, 0, 0
114001, 512, 0, 0, 0
114001, 1536, 1, 0, 0
115000, 1793, 0, 0, 0
115000, 2818, 1, 0, 0
117001, 256, 0, 0, 0
117001, 512, 1, 0, 0
118000, 512, 0, 0, 0
118000, 256, 1, 0, 0
119001, 1024, 0, 0, 0
119001, 1280, 1, 0, 0
121000, 768, 0, 0, 0
121000, 512, 1, 0, 0
122001, 768, 0, 0, 0
122001, 512, 1, 0, 0
123001, 512, 0, 0, 0
123001, 1280, 1, 0, 0
124000, 512, 0, 0, 0
124000, 1025, 1, 0, 0
125001, 256, 1, 0, 0
126001, 768, 0, 0, 0
126001, 2560, 1, 0, 0
127001, 2818, 0, 0, 0
127001, 256, 1, 0, 0
128001, 512, 0, 0, 0
128001, 768, 1, 0, 0
129001, 512, 0, 0, 0
129001, 512, 1, 0, 0
130001, 256, 0, 0, 0
130001, 1281, 1, 0, 0
131001, 768, 0, 0, 0
131001, 1792, 1, 0, 0
132000, 1025, 0, 0, 0
132000, 2818, 1, 0, 0
134001, 256, 0, 0, 0
134001, 768, 1, 0, 0
135000, 256, 0, 0, 0
135001, 1025, 1, 0, 0
137001, 512, 0, 0, 0
138000, 1025, 0, 0, 0
138000, 512, 1, 0, 0
139001, 1024, 0, 0, 0
139001, 1536, 1, 0, 0
140001, 256, 1, 0, 0
141001, 768, 0, 0, 0
141001, 1281, 1, 0, 0
142001, 1024, 1, 0, 0
143000, 768, 0, 0, 0
143000, 256, 1, 0, 0
144001, 512, 0, 0, 0
144001, 1024, 1, 0, 0
145001, 1024, 0, 0, 0
145001, 1280, 1, 0, 0
146000, 768, 0, 0, 0
146000, 512, 1, 0, 0
147001, 256, 0, 0, 0
147001, 768, 1, 0, 0
148001, 1024, 0, 0, 0
148001, 1536, 1, 0, 0
149000, 1025, 1, 0, 0
150001, 256, 0, 0, 0
150001, 1280, 1, 0, 0
151001, 1024, 0, 0, 0
151001, 512, 1, 0, 0
152000, 256, 1, 0, 0
153001, 512, 0, 0, 0
153001, 512, 1, 0, 0
154001, 1024, 0, 0, 0
154001, 1024, 1, 0, 0
155001, 1025, 0, 0, 0
155001, 1537, 1, 0, 0
156001, 1024, 0, 0, 0
156001, 2816, 1, 0, 0
157000, 768, 0, 0, 0
157000, 2050, 1, 0, 0
158001, 2048, 0, 0, 0
158001, 2304, 1, 0, 0
159001, 512, 0, 0, 0
159001, 1280, 1, 0, 0
160000, 2306, 0, 0, 0
160000, 1537, 1, 0, 0
161001, 512, 0, 0, 0
161001, 256, 1, 0, 0
162001, 256, 0, 0, 0
162001, 256, 1, 0, 0
163001, 512, 0, 0, 0
163001, 256, 1, 0, 0
164001, 1280, 1, 0, 0
165001, 1024, 0, 0, 0
165001, 1024, 1, 0, 0
166001, 256, 0, 0, 0
166001, 2306, 1, 0, 0
167001, 1024, 0, 0, 0
167001, 2048, 1, 0, 0
168001, 768, 1, 0, 0
169001, 1281, 0, 0, 0
169001, 1281, 1, 0, 0
170001, 768, 0, 0, 0
170001, 256, 1, 0, 0
171001, 1024, 0, 0, 0
171001, 1536, 1, 0, 0
172001, 512, 0, 0, 0
172001, 512, 1, 0, 0
173001, 768, 0, 0, 0
173001, 2048, 1, 0, 0
174001, 256, 0, 0, 0
174001, 768, 1, 0, 0
175000, 256, 0, 0, 0
175000, 768, 1, 0, 0
176001, 1024, 0, 0, 0
176001, 1024, 1, 0, 0
177000, 256, 0, 0, 0
177000, 1281, 1, 0, 0
178001, 768, 0, 0, 0
178001, 1024, 1, 0, 0
179001, 1536, 0, 0, 0
179001, 512, 1, 0, 0
180001, 512, 0, 0, 0
180001, 768, 1, 0, 0
