17007, 1536, 0, 0, 0
17007, 16128, 1, 0, 0
18007, 1280, 0, 0, 0
18007, 768, 1, 0, 0
19008, 256, 0, 0, 0
19008, 512, 1, 0, 0
20008, 512, 1, 0, 0
21009, 256, 1, 0, 0
22009, 1280, 1, 0, 0
23010, 768, 0, 0, 0
23010, 1024, 1, 0, 0
24011, 512, 1, 0, 0
25011, 768, 1, 0, 0
26012, 512, 0, 0, 0
26012, 1280, 1, 0, 0
27012, 512, 0, 0, 0
27012, 256, 1, 0, 0
29013, 1024, 1, 0, 0
30014, 256, 0, 0, 0
30014, 512, 1, 0, 0
31014, 256, 0, 0, 0
31014, 512, 1, 0, 0
32015, 512, 0, 0, 0
32015, 512, 1, 0, 0
33015, 256, 0, 0, 0
33015, 768, 1, 0, 0
34016, 768, 0, 0, 0
34016, 1536, 1, 0, 0
35016, 512, 1, 0, 0
36017, 512, 0, 0, 0
36017, 1280, 1, 0, 0
37016, 768, 0, 0, 0
37016, 512, 1, 0, 0
38016, 768, 0, 0, 0
38016, 1537, 1, 0, 0
39016, 512, 0, 0, 0
39016, 1536, 1, 0, 0
40017, 256, 1, 0, 0
41016, 768, 1, 0, 0
43016, 256, 0, 0, 0
43016, 512, 1, 0, 0
44016, 1280, 1, 0, 0
45017, 768, 1, 0, 0
46017, 512, 1, 0, 0
47016, 256, 1, 0, 0
48016, 256, 1, 0, 0
49016, 1280, 1, 0, 0
50016, 1024, 1, 0, 0
51017, 512, 1, 0, 0
52016, 256, 0, 0, 0
52016, 1025, 1, 0, 0
53015, 1281, 1, 0, 0
54016, 1280, 1, 0, 0
55016, 512, 0, 0, 0
55016, 512, 1, 0, 0
56016, 2560, 0, 0, 0
56016, 1024, 1, 0, 0
57017, 1280, 0, 0, 0
58016, 1281, 0, 0, 0
58016, 1281, 1, 0, 0
59016, 256, 0, 0, 0
59016, 256, 1, 0, 0
60017, 256, 0, 0, 0
60017, 512, 1, 0, 0
61016, 1281, 0, 0, 0
61016, 768, 1, 0, 0
62016, 1280, 0, 0, 0
62016, 2560, 1, 0, 0
63017, 512, 0, 0, 0
63017, 768, 1, 0, 0
64016, 512, 0, 0, 0
64016, 1537, 1, 0, 0
65016, 1280, 0, 0, 0
65016, 1792, 1, 0, 0
66017, 256, 1, 0, 0
68016, 256, 1, 0, 0
69017, 768, 0, 0, 0
69017, 1280, 1, 0, 0
70016, 2818, 1, 0, 0
71017, 1024, 0, 0, 0
71017, 1280, 1, 0, 0
72016, 1025, 0, 0, 0
72016, 1793, 1, 0, 0
73016, 1536, 0, 0, 0
73016, 2304, 1, 0, 0
74017, 1024, 0, 0, 0
74017, 1536, 1, 0, 0
75016, 1281, 0, 0, 0
75016, 768, 1, 0, 0
76016, 768, 0, 0, 0
76016, 2048, 1, 0, 0
77017, 768, 1, 0, 0
78016, 1025, 0, 0, 0
78016, 2818, 1, 0, 0
79017, 1024, 0, 0, 0
79017, 1280, 1, 0, 0
80017, 1280, 0, 0, 0
80017, 2048, 1, 0, 0
81016, 768, 0, 0, 0
81016, 768, 1, 0, 0
82017, 1280, 0, 0, 0
82017, 1536, 1, 0, 0
83017, 1024, 0, 0, 0
83017, 1280, 1, 0, 0
84016, 256, 1, 0, 0
85017, 768, 1, 0, 0
86017, 1024, 0, 0, 0
86017, 1536, 1, 0, 0
87016, 512, 0, 0, 0
87016, 768, 1, 0, 0
88017, 256, 0, 0, 0
88017, 512, 1, 0, 0
89017, 1024, 0, 0, 0
89017, 1024, 1, 0, 0
90016, 512, 0, 0, 0
90016, 1281, 1, 0, 0
91017, 256, 1, 0, 0
92017, 256, 0, 0, 0
92017, 512, 1, 0, 0
93016, 512, 0, 0, 0
93016, 768, 1, 0, 0
94017, 768, 0, 0, 0
94017, 1536, 1, 0, 0
95017, 2560, 0, 0, 0
95017, 2048, 1, 0, 0
96016, 512, 0, 0, 0
96016, 1025, 1, 0, 0
97017, 768, 0, 0, 0
97017, 768, 1, 0, 0
98016, 1281, 0, 0, 0
98016, 256, 1, 0, 0
99016, 512, 0, 0, 0
99016, 1536, 1, 0, 0
100017, 256, 0, 0, 0
100017, 1536, 1, 0, 0
101016, 512, 0, 0, 0
101016, 512, 1, 0, 0
102017, 512, 0, 0, 0
102017, 256, 1, 0, 0
103017, 256, 0, 0, 0
105017, 512, 0, 0, 0
106017, 512, 0, 0, 0
106017, 2048, 1, 0, 0
107016, 2306, 0, 0, 0
107016, 1281, 1, 0, 0
108017, 256, 1, 0, 0
109017, 512, 1, 0, 0
110016, 256, 0, 0, 0
110016, 256, 1, 0, 0
111017, 1280, 1, 0, 0
112016, 256, 0, 0, 0
112016, 768, 1, 0, 0
113017, 1280, 0, 0, 0
113017, 768, 1, 0, 0
114017, 512, 0, 0, 0
114017, 1536, 1, 0, 0
115016, 1025, 0, 0, 0
115016, 1537, 1, 0, 0
116017, 256, 0, 0, 0
116017, 512, 1, 0, 0
117017, 1536, 0, 0, 0
117017, 1024, 1, 0, 0
118016, 1793, 0, 0, 0
118016, 2050, 1, 0, 0
119017, 1024, 0, 0, 0
119017, 2048, 1, 0, 0
120017, 512, 0, 0, 0
121016, 1281, 0, 0, 0
121016, 512, 1, 0, 0
122017, 768, 0, 0, 0
122017, 2048, 1, 0, 0
123017, 768, 0, 0, 0
123017, 1280, 1, 0, 0
124016, 512, 0, 0, 0
125017, 512, 0, 0, 0
125017, 768, 1, 0, 0
126017, 768, 0, 0, 0
126017, 256, 1, 0, 0
127016, 512, 0, 0, 0
127016, 1025, 1, 0, 0
128017, 1024, 0, 0, 0
128017, 512, 1, 0, 0
129017, 768, 0, 0, 0
129017, 2816, 1, 0, 0
130017, 1025, 0, 0, 0
130017, 256, 1, 0, 0
131017, 256, 0, 0, 0
132016, 256, 0, 0, 0
132016, 512, 1, 0, 0
133016, 512, 1, 0, 0
134017, 1024, 0, 0, 0
134017, 768, 1, 0, 0
135016, 512, 0, 0, 0
136017, 256, 0, 0, 0
137017, 256, 0, 0, 0
137017, 768, 1, 0, 0
138016, 256, 0, 0, 0
138016, 1025, 1, 0, 0
139017, 512, 0, 0, 0
139017, 1536, 1, 0, 0
140017, 1536, 0, 0, 0
140017, 768, 1, 0, 0
141016, 1025, 0, 0, 0
141016, 2050, 1, 0, 0
142017, 1280, 1, 0, 0
143016, 1025, 0, 0, 0
143016, 1025, 1, 0, 0
144016, 256, 0, 0, 0
144016, 512, 1, 0, 0
145017, 512, 0, 0, 0
145017, 768, 1, 0, 0
146016, 1537, 0, 0, 0
146016, 1281, 1, 0, 0
147016, 768, 0, 0, 0
147016, 256, 1, 0, 0
148017, 2304, 0, 0, 0
148017, 2304, 1, 0, 0
149016, 768, 0, 0, 0
149016, 1281, 1, 0, 0
150016, 768, 0, 0, 0
150016, 1024, 1, 0, 0
151017, 1536, 1, 0, 0
152016, 256, 1, 0, 0
153017, 2048, 0, 0, 0
153017, 2304, 1, 0, 0
154017, 256, 0, 0, 0
154017, 512, 1, 0, 0
155016, 768, 0, 0, 0
155016, 1537, 1, 0, 0
156017, 256, 1, 0, 0
157016, 512, 0, 0, 0
157016, 256, 1, 0, 0
158016, 512, 0, 0, 0
158016, 512, 1, 0, 0
159017, 768, 0, 0, 0
159017, 1536, 1, 0, 0
160016, 1025, 0, 0, 0
160016, 1281, 1, 0, 0
161017, 512, 0, 0, 0
161017, 768, 1, 0, 0
162017, 512, 0, 0, 0
162017, 256, 1, 0, 0
163016, 256, 0, 0, 0
163016, 512, 1, 0, 0
164017, 256, 0, 0, 0
164017, 256, 1, 0, 0
165017, 512, 0, 0, 0
165017, 1280, 1, 0, 0
166016, 768, 0, 0, 0
166016, 768, 1, 0, 0
167017, 1024, 0, 0, 0
167017, 1536, 1, 0, 0
168017, 512, 0, 0, 0
168017, 512, 1, 0, 0
169016, 768, 0, 0, 0
169016, 512, 1, 0, 0
170017, 512, 1, 0, 0
171017, 768, 0, 0, 0
171017, 512, 1, 0, 0
172016, 256, 0, 0, 0
173017, 768, 0, 0, 0
173017, 1792, 1, 0, 0
174017, 768, 0, 0, 0
174017, 2048, 1, 0, 0
175016, 512, 0, 0, 0
175016, 256, 1, 0, 0
176017, 512, 0, 0, 0
176017, 1024, 1, 0, 0
177016, 512, 0, 0, 0
177016, 512, 1, 0, 0
178016, 512, 0, 0, 0
178016, 1280, 1, 0, 0
179017, 768, 0, 0, 0
179017, 512, 1, 0, 0
180017, 768, 0, 0, 0
180017, 1536, 1, 0, 0
