24010, 1280, 1, 0, 0
25011, 2560, 1, 0, 0
26012, 2048, 1, 0, 0
27012, 1792, 1, 0, 0
28013, 512, 1, 0, 0
29013, 2560, 1, 0, 0
30014, 512, 1, 0, 0
31014, 1536, 1, 0, 0
32015, 1280, 1, 0, 0
33015, 256, 0, 0, 0
33015, 2048, 1, 0, 0
34016, 512, 0, 0, 0
34016, 512, 1, 0, 0
35016, 1024, 0, 0, 0
35016, 1280, 1, 0, 0
36017, 512, 0, 0, 0
36017, 1280, 1, 0, 0
37017, 1024, 1, 0, 0
38018, 512, 1, 0, 0
39018, 256, 0, 0, 0
39018, 2304, 1, 0, 0
40019, 768, 0, 0, 0
40019, 1536, 1, 0, 0
41018, 256, 0, 0, 0
41018, 1281, 1, 0, 0
42017, 512, 1, 0, 0
43018, 256, 0, 0, 0
43018, 1024, 1, 0, 0
44018, 256, 0, 0, 0
44018, 512, 1, 0, 0
45018, 256, 0, 0, 0
45018, 512, 1, 0, 0
46019, 768, 0, 0, 0
46019, 256, 1, 0, 0
47018, 256, 0, 0, 0
47018, 512, 1, 0, 0
48018, 256, 0, 0, 0
48018, 512, 1, 0, 0
49018, 512, 0, 0, 0
49018, 256, 1, 0, 0
50018, 512, 1, 0, 0
51019, 256, 0, 0, 0
51019, 2048, 1, 0, 0
52018, 512, 0, 0, 0
52018, 256, 1, 0, 0
53017, 768, 0, 0, 0
53017, 256, 1, 0, 0
54018, 512, 0, 0, 0
54018, 256, 1, 0, 0
55018, 512, 0, 0, 0
55018, 768, 1, 0, 0
56018, 256, 0, 0, 0
56018, 512, 1, 0, 0
57019, 2048, 0, 0, 0
57019, 1024, 1, 0, 0
58018, 512, 0, 0, 0
58018, 1281, 1, 0, 0
59018, 512, 1, 0, 0
60019, 1280, 1, 0, 0
61018, 1793, 1, 0, 0
62018, 1280, 1, 0, 0
63019, 256, 0, 0, 0
63019, 1024, 1, 0, 0
64018, 768, 1, 0, 0
65018, 512, 1, 0, 0
66019, 256, 0, 0, 0
66019, 2048, 1, 0, 0
67018, 512, 0, 0, 0
67018, 1537, 1, 0, 0
68018, 256, 0, 0, 0
68018, 1792, 1, 0, 0
69019, 256, 0, 0, 0
69019, 256, 1, 0, 0
70018, 1281, 0, 0, 0
71019, 768, 0, 0, 0
71019, 1024, 1, 0, 0
72018, 768, 0, 0, 0
72018, 768, 1, 0, 0
73018, 1024, 0, 0, 0
73018, 1024, 1, 0, 0
74019, 512, 1, 0, 0
75018, 1025, 0, 0, 0
75018, 1537, 1, 0, 0
76018, 512, 0, 0, 0
76018, 256, 1, 0, 0
77019, 512, 0, 0, 0
77019, 1024, 1, 0, 0
78018, 768, 1, 0, 0
79018, 512, 0, 0, 0
79018, 1280, 1, 0, 0
80019, 512, 0, 0, 0
80019, 768, 1, 0, 0
81018, 512, 0, 0, 0
81018, 768, 1, 0, 0
82018, 256, 0, 0, 0
82018, 512, 1, 0, 0
83019, 1024, 0, 0, 0
83019, 1280, 1, 0, 0
84018, 512, 0, 0, 0
84018, 512, 1, 0, 0
85019, 768, 0, 0, 0
85019, 1536, 1, 0, 0
86019, 256, 0, 0, 0
86019, 256, 1, 0, 0
87018, 512, 0, 0, 0
87018, 768, 1, 0, 0
88018, 256, 0, 0, 0
88018, 512, 1, 0, 0
89019, 256, 1, 0, 0
90018, 1281, 0, 0, 0
90018, 768, 1, 0, 0
91018, 1280, 0, 0, 0
91018, 1536, 1, 0, 0
92019, 512, 0, 0, 0
92019, 1536, 1, 0, 0
93018, 768, 0, 0, 0
93018, 512, 1, 0, 0
94018, 768, 0, 0, 0
94018, 1280, 1, 0, 0
95019, 1280, 0, 0, 0
95019, 768, 1, 0, 0
96018, 256, 1, 0, 0
97019, 256, 1, 0, 0
98018, 768, 0, 0, 0
98018, 1537, 1, 0, 0
99018, 512, 1, 0, 0
100019, 256, 1, 0, 0
101018, 768, 0, 0, 0
101018, 256, 1, 0, 0
102018, 1024, 0, 0, 0
102018, 768, 1, 0, 0
103019, 256, 0, 0, 0
104018, 768, 0, 0, 0
104018, 768, 1, 0, 0
105019, 512, 0, 0, 0
105019, 2048, 1, 0, 0
106019, 512, 0, 0, 0
106019, 1536, 1, 0, 0
107018, 1537, 0, 0, 0
107018, 2306, 1, 0, 0
108019, 512, 0, 0, 0
108019, 256, 1, 0, 0
109019, 768, 0, 0, 0
109019, 1024, 1, 0, 0
110018, 256, 0, 0, 0
110018, 1281, 1, 0, 0
111019, 1024, 0, 0, 0
111019, 512, 1, 0, 0
112018, 1025, 0, 0, 0
112018, 1793, 1, 0, 0
113018, 1280, 0, 0, 0
113018, 256, 1, 0, 0
114019, 1280, 0, 0, 0
114019, 1792, 1, 0, 0
115018, 256, 0, 0, 0
115018, 256, 1, 0, 0
116018, 256, 0, 0, 0
116018, 1024, 1, 0, 0
117019, 1024, 0, 0, 0
117019, 768, 1, 0, 0
118018, 1025, 0, 0, 0
118018, 2306, 1, 0, 0
119018, 256, 0, 0, 0
119018, 256, 1, 0, 0
120019, 512, 0, 0, 0
120019, 512, 1, 0, 0
121018, 768, 0, 0, 0
122018, 256, 1, 0, 0
123019, 256, 0, 0, 0
123019, 768, 1, 0, 0
124018, 1281, 0, 0, 0
124018, 256, 1, 0, 0
125019, 256, 0, 0, 0
125019, 768, 1, 0, 0
126019, 1536, 0, 0, 0
126019, 1280, 1, 0, 0
127018, 1281, 0, 0, 0
127018, 1537, 1, 0, 0
128019, 512, 0, 0, 0
128019, 512, 1, 0, 0
129019, 1536, 0, 0, 0
129019, 1536, 1, 0, 0
130018, 1793, 0, 0, 0
130018, 1025, 1, 0, 0
131019, 256, 1, 0, 0
132018, 512, 1, 0, 0
133018, 512, 0, 0, 0
134019, 768, 0, 0, 0
134019, 768, 1, 0, 0
135018, 1281, 0, 0, 0
135018, 2050, 1, 0, 0
136018, 512, 0, 0, 0
136018, 768, 1, 0, 0
137019, 1024, 0, 0, 0
137019, 512, 1, 0, 0
138018, 768, 0, 0, 0
138018, 1793, 1, 0, 0
139018, 256, 0, 0, 0
140019, 256, 0, 0, 0
141018, 512, 0, 0, 0
141018, 512, 1, 0, 0
142019, 256, 0, 0, 0
142019, 256, 1, 0, 0
143018, 512, 0, 0, 0
143018, 1025, 1, 0, 0
144018, 256, 0, 0, 0
144018, 768, 1, 0, 0
145019, 768, 0, 0, 0
145019, 768, 1, 0, 0
146018, 512, 0, 0, 0
146018, 512, 1, 0, 0
147018, 512, 1, 0, 0
148019, 1792, 0, 0, 0
148019, 1792, 1, 0, 0
149018, 256, 0, 0, 0
149018, 256, 1, 0, 0
150018, 768, 0, 0, 0
150018, 1024, 1, 0, 0
151019, 768, 0, 0, 0
151019, 768, 1, 0, 0
153019, 768, 0, 0, 0
153019, 1024, 1, 0, 0
154019, 768, 0, 0, 0
154019, 1280, 1, 0, 0
155018, 512, 0, 0, 0
155018, 768, 1, 0, 0
156019, 512, 0, 0, 0
156019, 256, 1, 0, 0
157018, 1025, 1, 0, 0
158018, 768, 0, 0, 0
158018, 1024, 1, 0, 0
159019, 256, 0, 0, 0
159019, 256, 1, 0, 0
160018, 768, 0, 0, 0
160018, 1025, 1, 0, 0
161018, 512, 0, 0, 0
161018, 512, 1, 0, 0
162019, 768, 0, 0, 0
162019, 2304, 1, 0, 0
163018, 256, 0, 0, 0
163018, 256, 1, 0, 0
164019, 768, 0, 0, 0
164019, 1792, 1, 0, 0
165019, 768, 0, 0, 0
165019, 1536, 1, 0, 0
166018, 512, 0, 0, 0
166018, 768, 1, 0, 0
167018, 1024, 0, 0, 0
167018, 256, 1, 0, 0
168019, 768, 0, 0, 0
168019, 1280, 1, 0, 0
169018, 768, 0, 0, 0
169018, 256, 1, 0, 0
170019, 256, 0, 0, 0
170019, 1024, 1, 0, 0
171019, 256, 0, 0, 0
171019, 512, 1, 0, 0
172018, 768, 0, 0, 0
172018, 768, 1, 0, 0
173018, 512, 0, 0, 0
173018, 1280, 1, 0, 0
174019, 1024, 0, 0, 0
174019, 1536, 1, 0, 0
175018, 1281, 0, 0, 0
175018, 1537, 1, 0, 0
176019, 1536, 0, 0, 0
176019, 1536, 1, 0, 0
177018, 768, 0, 0, 0
177018, 2306, 1, 0, 0
178018, 1280, 0, 0, 0
178018, 1024, 1, 0, 0
179019, 256, 0, 0, 0
179019, 2048, 1, 0, 0
