24012, 768, 1, 0, 0
25013, 2048, 1, 0, 0
26013, 1792, 1, 0, 0
27014, 2048, 1, 0, 0
28014, 1792, 1, 0, 0
31016, 3328, 1, 0, 0
32016, 1536, 1, 0, 0
33017, 256, 0, 0, 0
33017, 1024, 1, 0, 0
34017, 512, 1, 0, 0
35018, 768, 0, 0, 0
35018, 768, 1, 0, 0
36018, 512, 0, 0, 0
36018, 1536, 1, 0, 0
37019, 512, 0, 0, 0
37019, 1280, 1, 0, 0
38019, 256, 0, 0, 0
38019, 768, 1, 0, 0
39020, 512, 0, 0, 0
39020, 1792, 1, 0, 0
40020, 256, 0, 0, 0
40020, 1024, 1, 0, 0
41020, 256, 0, 0, 0
41020, 1536, 1, 0, 0
42021, 768, 0, 0, 0
42021, 768, 1, 0, 0
43021, 256, 0, 0, 0
43021, 1024, 1, 0, 0
44022, 256, 0, 0, 0
44022, 1536, 1, 0, 0
45022, 256, 0, 0, 0
45022, 1024, 1, 0, 0
46022, 1280, 1, 0, 0
47023, 256, 0, 0, 0
48023, 512, 0, 0, 0
48023, 768, 1, 0, 0
49023, 512, 0, 0, 0
49023, 512, 1, 0, 0
50024, 768, 0, 0, 0
50024, 768, 1, 0, 0
52024, 1280, 0, 0, 0
52024, 512, 1, 0, 0
53025, 512, 0, 0, 0
53025, 256, 1, 0, 0
54024, 256, 0, 0, 0
54024, 1025, 1, 0, 0
55024, 512, 0, 0, 0
55024, 1024, 1, 0, 0
56025, 256, 0, 0, 0
56025, 1280, 1, 0, 0
57024, 1025, 0, 0, 0
57024, 1281, 1, 0, 0
58024, 512, 0, 0, 0
58024, 2304, 1, 0, 0
59025, 1024, 1, 0, 0
60024, 1793, 1, 0, 0
61024, 256, 0, 0, 0
61024, 768, 1, 0, 0
62025, 256, 0, 0, 0
62025, 256, 1, 0, 0
63024, 1281, 1, 0, 0
64024, 256, 1, 0, 0
65025, 256, 0, 0, 0
65025, 1280, 1, 0, 0
66024, 768, 0, 0, 0
66024, 1025, 1, 0, 0
67024, 512, 0, 0, 0
67024, 1024, 1, 0, 0
68025, 768, 1, 0, 0
69024, 256, 0, 0, 0
69024, 512, 1, 0, 0
70025, 768, 0, 0, 0
70025, 1024, 1, 0, 0
71025, 256, 0, 0, 0
71025, 256, 1, 0, 0
72024, 512, 0, 0, 0
72024, 1281, 1, 0, 0
73025, 1792, 0, 0, 0
73025, 1280, 1, 0, 0
74024, 768, 0, 0, 0
74024, 1281, 1, 0, 0
75024, 256, 0, 0, 0
75024, 1024, 1, 0, 0
76025, 256, 0, 0, 0
76025, 1024, 1, 0, 0
77024, 512, 0, 0, 0
77024, 1793, 1, 0, 0
78024, 512, 0, 0, 0
78024, 2048, 1, 0, 0
79025, 768, 1, 0, 0
80024, 2306, 1, 0, 0
81025, 512, 0, 0, 0
81025, 256, 1, 0, 0
82025, 768, 0, 0, 0
82025, 768, 1, 0, 0
83024, 1537, 0, 0, 0
83024, 2818, 1, 0, 0
84025, 1536, 1, 0, 0
85025, 512, 0, 0, 0
85025, 2048, 1, 0, 0
86024, 512, 0, 0, 0
86024, 1537, 1, 0, 0
87025, 512, 0, 0, 0
87025, 512, 1, 0, 0
88025, 256, 0, 0, 0
88025, 256, 1, 0, 0
89024, 1537, 0, 0, 0
89024, 2306, 1, 0, 0
90025, 256, 0, 0, 0
90025, 1024, 1, 0, 0
91025, 1024, 0, 0, 0
91025, 256, 1, 0, 0
92024, 1025, 0, 0, 0
92024, 1281, 1, 0, 0
93025, 768, 0, 0, 0
93025, 256, 1, 0, 0
94025, 512, 0, 0, 0
94025, 512, 1, 0, 0
95024, 768, 0, 0, 0
95024, 2050, 1, 0, 0
96025, 768, 0, 0, 0
96025, 1024, 1, 0, 0
97024, 256, 0, 0, 0
97024, 768, 1, 0, 0
98024, 1024, 0, 0, 0
98024, 768, 1, 0, 0
99025, 1792, 0, 0, 0
99025, 2048, 1, 0, 0
100024, 256, 0, 0, 0
100024, 1537, 1, 0, 0
101025, 1280, 0, 0, 0
101025, 1024, 1, 0, 0
102025, 256, 0, 0, 0
102025, 1536, 1, 0, 0
103024, 2050, 0, 0, 0
103024, 1281, 1, 0, 0
104025, 512, 0, 0, 0
104025, 768, 1, 0, 0
105025, 768, 0, 0, 0
105025, 1536, 1, 0, 0
106024, 1025, 0, 0, 0
106024, 1537, 1, 0, 0
107025, 256, 0, 0, 0
108025, 1536, 0, 0, 0
108025, 3072, 1, 0, 0
109024, 1025, 0, 0, 0
109024, 1537, 1, 0, 0
110025, 1536, 0, 0, 0
110025, 1024, 1, 0, 0
111024, 256, 1, 0, 0
112025, 1280, 0, 0, 0
112025, 1280, 1, 0, 0
113025, 768, 0, 0, 0
113025, 1792, 1, 0, 0
114024, 1025, 0, 0, 0
114024, 512, 1, 0, 0
115025, 256, 0, 0, 0
116025, 768, 0, 0, 0
116025, 1792, 1, 0, 0
117024, 1537, 0, 0, 0
117024, 3331, 1, 0, 0
118025, 512, 0, 0, 0
118025, 1280, 1, 0, 0
119025, 256, 0, 0, 0
119025, 1536, 1, 0, 0
120024, 512, 0, 0, 0
120024, 1793, 1, 0, 0
121025, 768, 0, 0, 0
121025, 1536, 1, 0, 0
122025, 1280, 0, 0, 0
122025, 1280, 1, 0, 0
123024, 1537, 0, 0, 0
123024, 512, 1, 0, 0
124025, 256, 0, 0, 0
124025, 768, 1, 0, 0
125025, 1792, 0, 0, 0
125025, 1280, 1, 0, 0
126024, 512, 0, 0, 0
126024, 768, 1, 0, 0
127025, 512, 0, 0, 0
127025, 1024, 1, 0, 0
128025, 512, 0, 0, 0
128025, 768, 1, 0, 0
129024, 512, 0, 0, 0
129024, 768, 1, 0, 0
130025, 256, 0, 0, 0
130025, 1280, 1, 0, 0
131024, 768, 0, 0, 0
131024, 512, 1, 0, 0
132025, 768, 0, 0, 0
132025, 2048, 1, 0, 0
133025, 256, 0, 0, 0
133025, 512, 1, 0, 0
134024, 1537, 0, 0, 0
134024, 1281, 1, 0, 0
135025, 1280, 0, 0, 0
135025, 256, 1, 0, 0
136025, 1536, 0, 0, 0
136025, 2048, 1, 0, 0
137024, 256, 0, 0, 0
137024, 1281, 1, 0, 0
139025, 1024, 0, 0, 0
139025, 1024, 1, 0, 0
140024, 1025, 0, 0, 0
140024, 2306, 1, 0, 0
141025, 768, 0, 0, 0
141025, 1536, 1, 0, 0
142025, 512, 0, 0, 0
142025, 768, 1, 0, 0
143024, 512, 0, 0, 0
143024, 1025, 1, 0, 0
144025, 512, 0, 0, 0
144025, 1280, 1, 0, 0
145024, 512, 0, 0, 0
145024, 2306, 1, 0, 0
146025, 768, 0, 0, 0
146025, 512, 1, 0, 0
147025, 512, 1, 0, 0
148024, 1537, 0, 0, 0
148024, 1025, 1, 0, 0
149025, 256, 0, 0, 0
150025, 256, 0, 0, 0
150025, 1280, 1, 0, 0
151024, 768, 0, 0, 0
151024, 1793, 1, 0, 0
152025, 256, 0, 0, 0
152025, 256, 1, 0, 0
154024, 256, 1, 0, 0
155025, 256, 0, 0, 0
156025, 256, 1, 0, 0
158025, 768, 0, 0, 0
158025, 1536, 1, 0, 0
159024, 256, 0, 0, 0
159024, 1025, 1, 0, 0
160024, 1536, 0, 0, 0
160024, 2048, 1, 0, 0
161025, 256, 0, 0, 0
162024, 1025, 0, 0, 0
162024, 256, 1, 0, 0
163025, 1536, 1, 0, 0
164025, 1024, 0, 0, 0
164025, 3328, 1, 0, 0
165024, 1025, 0, 0, 0
165024, 512, 1, 0, 0
166025, 512, 0, 0, 0
166025, 512, 1, 0, 0
167025, 512, 0, 0, 0
167025, 256, 1, 0, 0
168024, 1025, 0, 0, 0
168024, 1537, 1, 0, 0
169025, 768, 0, 0, 0
169025, 1280, 1, 0, 0
170025, 256, 0, 0, 0
170025, 1280, 1, 0, 0
171024, 1025, 0, 0, 0
171024, 1537, 1, 0, 0
172025, 256, 0, 0, 0
172025, 768, 1, 0, 0
173025, 512, 0, 0, 0
173025, 512, 1, 0, 0
174024, 1281, 1, 0, 0
175025, 1280, 0, 0, 0
175025, 1280, 1, 0, 0
176024, 512, 0, 0, 0
176024, 2306, 1, 0, 0
177024, 512, 0, 0, 0
177024, 512, 1, 0, 0
178025, 1280, 0, 0, 0
178025, 768, 1, 0, 0
179024, 2050, 0, 0, 0
179024, 1281, 1, 0, 0
180024, 256, 0, 0, 0
180024, 512, 1, 0, 0
