23000, 2306, 1, 0, 0
23999, 1281, 1, 0, 0
25000, 768, 1, 0, 0
26001, 2048, 1, 0, 0
27000, 2050, 1, 0, 0
28001, 768, 1, 0, 0
29000, 3075, 1, 0, 0
30000, 256, 1, 0, 0
31000, 768, 0, 0, 0
31000, 2560, 1, 0, 0
32001, 1024, 0, 0, 0
32001, 1792, 1, 0, 0
33000, 1537, 0, 0, 0
33000, 512, 1, 0, 0
34000, 256, 0, 0, 0
34000, 1281, 1, 0, 0
35000, 768, 0, 0, 0
36001, 768, 1, 0, 0
38000, 512, 1, 0, 0
39000, 512, 0, 0, 0
39000, 512, 1, 0, 0
40001, 1024, 1, 0, 0
41000, 512, 0, 0, 0
41000, 512, 1, 0, 0
41999, 1793, 1, 0, 0
43000, 768, 0, 0, 0
43000, 512, 1, 0, 0
44000, 2048, 1, 0, 0
45000, 768, 0, 0, 0
45000, 256, 1, 0, 0
46001, 512, 0, 0, 0
47000, 512, 0, 0, 0
47000, 256, 1, 0, 0
48000, 256, 0, 0, 0
48000, 512, 1, 0, 0
49000, 256, 0, 0, 0
49000, 768, 1, 0, 0
51001, 256, 0, 0, 0
51001, 768, 1, 0, 0
52000, 1281, 0, 0, 0
52000, 256, 1, 0, 0
52999, 512, 0, 0, 0
54000, 512, 0, 0, 0
54000, 768, 1, 0, 0
55000, 512, 0, 0, 0
55000, 1280, 1, 0, 0
56000, 768, 0, 0, 0
56000, 1280, 1, 0, 0
57001, 1792, 1, 0, 0
58000, 512, 1, 0, 0
59000, 256, 1, 0, 0
60001, 1280, 1, 0, 0
61000, 256, 1, 0, 0
62000, 1536, 1, 0, 0
63001, 512, 1, 0, 0
64000, 1537, 1, 0, 0
66001, 256, 1, 0, 0
67000, 1281, 1, 0, 0
68000, 256, 0, 0, 0
68000, 768, 1, 0, 0
69001, 1280, 1, 0, 0
70000, 512, 0, 0, 0
70000, 256, 1, 0, 0
71001, 768, 0, 0, 0
71001, 512, 1, 0, 0
72000, 512, 1, 0, 0
73000, 1536, 1, 0, 0
74001, 768, 0, 0, 0
74001, 512, 1, 0, 0
75000, 1025, 0, 0, 0
75000, 768, 1, 0, 0
76000, 1536, 0, 0, 0
76000, 1280, 1, 0, 0
77001, 1280, 0, 0, 0
77001, 1024, 1, 0, 0
78000, 768, 0, 0, 0
78000, 1025, 1, 0, 0
79000, 512, 0, 0, 0
80001, 1280, 0, 0, 0
80001, 256, 1, 0, 0
81000, 256, 0, 0, 0
81000, 2306, 1, 0, 0
82000, 768, 0, 0, 0
82000, 256, 1, 0, 0
83001, 1536, 1, 0, 0
84000, 512, 0, 0, 0
84000, 512, 1, 0, 0
85001, 256, 0, 0, 0
85001, 512, 1, 0, 0
86001, 256, 0, 0, 0
86001, 1536, 1, 0, 0
87000, 1281, 1, 0, 0
88000, 1024, 0, 0, 0
88000, 3072, 1, 0, 0
90000, 512, 1, 0, 0
91000, 1536, 0, 0, 0
91000, 2048, 1, 0, 0
92001, 1024, 0, 0, 0
92001, 768, 1, 0, 0
93000, 1025, 0, 0, 0
93000, 2050, 1, 0, 0
94000, 768, 0, 0, 0
94000, 1536, 1, 0, 0
95001, 256, 0, 0, 0
95001, 512, 1, 0, 0
96000, 1537, 0, 0, 0
96000, 768, 1, 0, 0
97001, 1280, 0, 0, 0
97001, 768, 1, 0, 0
98000, 1537, 0, 0, 0
98000, 2050, 1, 0, 0
100001, 256, 1, 0, 0
101000, 512, 0, 0, 0
101000, 1025, 1, 0, 0
102000, 768, 0, 0, 0
102000, 768, 1, 0, 0
103001, 512, 0, 0, 0
103001, 1280, 1, 0, 0
105001, 768, 0, 0, 0
105001, 1792, 1, 0, 0
106001, 1024, 1, 0, 0
107000, 1537, 0, 0, 0
107000, 1025, 1, 0, 0
108000, 256, 0, 0, 0
108000, 1024, 1, 0, 0
109001, 256, 0, 0, 0
109001, 1024, 1, 0, 0
110000, 768, 0, 0, 0
110000, 2050, 1, 0, 0
111001, 256, 0, 0, 0
112000, 512, 0, 0, 0
112000, 1025, 1, 0, 0
113000, 256, 0, 0, 0
113000, 256, 1, 0, 0
114001, 768, 0, 0, 0
114001, 512, 1, 0, 0
115000, 256, 0, 0, 0
116000, 1792, 0, 0, 0
116000, 512, 1, 0, 0
117001, 256, 0, 0, 0
117001, 256, 1, 0, 0
118000, 1025, 0, 0, 0
118000, 768, 1, 0, 0
119000, 512, 0, 0, 0
119000, 512, 1, 0, 0
120001, 1536, 0, 0, 0
120001, 1792, 1, 0, 0
121000, 1025, 0, 0, 0
121000, 512, 1, 0, 0
122000, 256, 0, 0, 0
122000, 1280, 1, 0, 0
123001, 512, 0, 0, 0
123001, 256, 1, 0, 0
124000, 768, 0, 0, 0
124000, 768, 1, 0, 0
125000, 256, 0, 0, 0
125000, 2048, 1, 0, 0
126001, 256, 0, 0, 0
127000, 256, 0, 0, 0
127000, 256, 1, 0, 0
128000, 256, 0, 0, 0
129001, 256, 0, 0, 0
129001, 768, 1, 0, 0
130000, 768, 0, 0, 0
130000, 2818, 1, 0, 0
131001, 256, 0, 0, 0
131001, 2304, 1, 0, 0
132000, 768, 1, 0, 0
133000, 256, 0, 0, 0
133000, 256, 1, 0, 0
135000, 256, 0, 0, 0
135000, 256, 1, 0, 0
136000, 512, 0, 0, 0
136000, 512, 1, 0, 0
137001, 512, 0, 0, 0
137001, 768, 1, 0, 0
138000, 512, 0, 0, 0
138000, 768, 1, 0, 0
139000, 1024, 0, 0, 0
139000, 512, 1, 0, 0
140001, 256, 0, 0, 0
141000, 256, 0, 0, 0
141000, 256, 1, 0, 0
142001, 768, 0, 0, 0
142001, 512, 1, 0, 0
143000, 768, 0, 0, 0
144000, 512, 0, 0, 0
144000, 256, 1, 0, 0
145001, 512, 1, 0, 0
146000, 512, 0, 0, 0
146000, 1793, 1, 0, 0
147000, 256, 0, 0, 0
147000, 768, 1, 0, 0
148001, 1536, 0, 0, 0
148001, 1792, 1, 0, 0
149000, 512, 0, 0, 0
149000, 768, 1, 0, 0
150000, 256, 1, 0, 0
151001, 768, 0, 0, 0
152000, 768, 0, 0, 0
152000, 512, 1, 0, 0
153001, 512, 1, 0, 0
154001, 512, 0, 0, 0
154001, 768, 1, 0, 0
155000, 768, 1, 0, 0
156001, 768, 0, 0, 0
156001, 1792, 1, 0, 0
157000, 256, 0, 0, 0
157000, 1281, 1, 0, 0
158000, 256, 0, 0, 0
158000, 1024, 1, 0, 0
159001, 512, 0, 0, 0
160000, 256, 0, 0, 0
161000, 768, 0, 0, 0
161000, 1792, 1, 0, 0
162001, 768, 0, 0, 0
162001, 1024, 1, 0, 0
163000, 1025, 0, 0, 0
163000, 1025, 1, 0, 0
164000, 768, 1, 0, 0
165001, 768, 0, 0, 0
165001, 256, 1, 0, 0
166000, 768, 1, 0, 0
167000, 512, 0, 0, 0
167000, 512, 1, 0, 0
168001, 768, 0, 0, 0
168001, 2304, 1, 0, 0
169000, 1281, 0, 0, 0
169000, 768, 1, 0, 0
170000, 256, 0, 0, 0
170000, 1280, 1, 0, 0
171001, 256, 0, 0, 0
171001, 1280, 1, 0, 0
172000, 256, 1, 0, 0
173000, 1280, 0, 0, 0
173000, 1536, 1, 0, 0
174001, 256, 0, 0, 0
175000, 512, 1, 0, 0
176001, 1536, 0, 0, 0
176001, 1536, 1, 0, 0
177000, 512, 0, 0, 0
177000, 1537, 1, 0, 0
179001, 256, 0, 0, 0
179001, 768, 1, 0, 0
180001, 256, 0, 0, 0
180001, 768, 1, 0, 0
