19003, 1280, 1, 0, 0
20003, 1537, 1, 0, 0
21002, 1281, 1, 0, 0
22003, 1536, 1, 0, 0
23002, 256, 1, 0, 0
24002, 768, 1, 0, 0
25003, 1536, 1, 0, 0
26003, 1792, 1, 0, 0
27003, 1281, 1, 0, 0
28003, 1024, 0, 0, 0
28003, 3584, 1, 0, 0
29003, 1025, 0, 0, 0
29003, 1281, 1, 0, 0
30002, 1025, 0, 0, 0
30002, 1537, 1, 0, 0
31003, 768, 0, 0, 0
31003, 1024, 1, 0, 0
32003, 512, 1, 0, 0
33003, 768, 1, 0, 0
34002, 512, 0, 0, 0
34002, 512, 1, 0, 0
35003, 256, 0, 0, 0
35003, 768, 1, 0, 0
36003, 768, 0, 0, 0
36003, 1024, 1, 0, 0
37003, 1537, 1, 0, 0
38002, 1793, 1, 0, 0
39003, 512, 0, 0, 0
39003, 1280, 1, 0, 0
40003, 512, 1, 0, 0
41002, 512, 0, 0, 0
41002, 768, 1, 0, 0
42002, 1537, 0, 0, 0
42002, 256, 1, 0, 0
43002, 768, 1, 0, 0
44003, 1024, 0, 0, 0
44003, 2560, 1, 0, 0
45003, 1024, 0, 0, 0
46003, 1280, 0, 0, 0
46003, 768, 1, 0, 0
47003, 512, 1, 0, 0
48002, 1025, 1, 0, 0
49002, 1024, 1, 0, 0
50003, 512, 1, 0, 0
51003, 256, 1, 0, 0
52002, 768, 1, 0, 0
53002, 512, 0, 0, 0
53002, 768, 1, 0, 0
55002, 256, 1, 0, 0
56003, 2304, 1, 0, 0
57003, 512, 1, 0, 0
58002, 2562, 1, 0, 0
59003, 768, 0, 0, 0
59003, 1280, 1, 0, 0
60003, 1024, 0, 0, 0
60003, 1280, 1, 0, 0
61002, 512, 0, 0, 0
61002, 1537, 1, 0, 0
62003, 1024, 0, 0, 0
62003, 512, 1, 0, 0
63003, 256, 0, 0, 0
63003, 1024, 1, 0, 0
64002, 512, 0, 0, 0
64002, 768, 1, 0, 0
65003, 1792, 0, 0, 0
65003, 512, 1, 0, 0
66003, 768, 0, 0, 0
66003, 2048, 1, 0, 0
67002, 768, 0, 0, 0
67002, 512, 1, 0, 0
68003, 1280, 1, 0, 0
69003, 768, 0, 0, 0
69003, 1792, 1, 0, 0
70003, 768, 0, 0, 0
70003, 1793, 1, 0, 0
71003, 256, 0, 0, 0
71003, 512, 1, 0, 0
72002, 1025, 1, 0, 0
73003, 256, 0, 0, 0
73003, 1280, 1, 0, 0
74003, 256, 0, 0, 0
74003, 768, 1, 0, 0
75002, 512, 0, 0, 0
75002, 1025, 1, 0, 0
76003, 512, 0, 0, 0
76003, 1280, 1, 0, 0
78002, 1537, 0, 0, 0
78002, 1793, 1, 0, 0
79003, 768, 0, 0, 0
79003, 1024, 1, 0, 0
80003, 512, 0, 0, 0
80003, 768, 1, 0, 0
81003, 256, 0, 0, 0
81003, 1281, 1, 0, 0
82003, 1536, 0, 0, 0
82003, 512, 1, 0, 0
83003, 256, 0, 0, 0
83003, 1792, 1, 0, 0
84003, 1025, 1, 0, 0
85003, 256, 0, 0, 0
85003, 768, 1, 0, 0
86003, 768, 0, 0, 0
86003, 1024, 1, 0, 0
87003, 256, 0, 0, 0
87003, 768, 1, 0, 0
88003, 512, 0, 0, 0
88003, 256, 1, 0, 0
89003, 256, 0, 0, 0
89003, 256, 1, 0, 0
90003, 1025, 0, 0, 0
90003, 512, 1, 0, 0
91003, 1024, 1, 0, 0
92003, 512, 0, 0, 0
93003, 256, 0, 0, 0
93003, 512, 1, 0, 0
94003, 1024, 1, 0, 0
95003, 256, 0, 0, 0
95003, 1280, 1, 0, 0
96003, 512, 0, 0, 0
96003, 512, 1, 0, 0
97003, 1024, 0, 0, 0
97003, 1024, 1, 0, 0
98002, 256, 0, 0, 0
98002, 256, 1, 0, 0
99003, 512, 0, 0, 0
99003, 768, 1, 0, 0
100003, 256, 0, 0, 0
101003, 768, 0, 0, 0
101003, 1281, 1, 0, 0
102003, 2048, 0, 0, 0
102003, 512, 1, 0, 0
103003, 768, 0, 0, 0
104003, 256, 0, 0, 0
104003, 256, 1, 0, 0
105003, 1536, 1, 0, 0
106003, 768, 0, 0, 0
106003, 3072, 1, 0, 0
107003, 1025, 0, 0, 0
107003, 1281, 1, 0, 0
108003, 256, 0, 0, 0
108003, 1024, 1, 0, 0
109003, 256, 0, 0, 0
109003, 768, 1, 0, 0
110003, 2050, 0, 0, 0
110003, 1537, 1, 0, 0
111003, 1280, 1, 0, 0
112003, 512, 0, 0, 0
112003, 1281, 1, 0, 0
113003, 768, 0, 0, 0
113003, 256, 1, 0, 0
114003, 512, 0, 0, 0
114003, 1024, 1, 0, 0
115003, 256, 0, 0, 0
115003, 768, 1, 0, 0
116003, 768, 0, 0, 0
116003, 512, 1, 0, 0
117003, 1792, 0, 0, 0
117003, 2304, 1, 0, 0
118003, 256, 0, 0, 0
118003, 2050, 1, 0, 0
119003, 1024, 0, 0, 0
119003, 512, 1, 0, 0
120003, 256, 0, 0, 0
120003, 1024, 1, 0, 0
121003, 512, 0, 0, 0
121003, 1793, 1, 0, 0
122003, 2304, 0, 0, 0
122003, 256, 1, 0, 0
123003, 512, 1, 0, 0
124003, 256, 0, 0, 0
124003, 1793, 1, 0, 0
125003, 256, 0, 0, 0
125003, 1024, 1, 0, 0
126003, 768, 0, 0, 0
126003, 1024, 1, 0, 0
127003, 256, 0, 0, 0
127003, 512, 1, 0, 0
128003, 256, 0, 0, 0
128003, 1536, 1, 0, 0
129003, 768, 0, 0, 0
129003, 1024, 1, 0, 0
130003, 256, 0, 0, 0
130003, 256, 1, 0, 0
131003, 512, 0, 0, 0
131003, 1280, 1, 0, 0
132003, 1025, 0, 0, 0
132003, 768, 1, 0, 0
134003, 768, 0, 0, 0
134003, 1024, 1, 0, 0
135003, 512, 0, 0, 0
135003, 256, 1, 0, 0
136003, 256, 0, 0, 0
136003, 1792, 1, 0, 0
137003, 768, 0, 0, 0
137003, 512, 1, 0, 0
138003, 1537, 1, 0, 0
139003, 768, 1, 0, 0
140003, 768, 0, 0, 0
140003, 1024, 1, 0, 0
141003, 768, 0, 0, 0
141003, 2306, 1, 0, 0
142003, 1536, 0, 0, 0
142003, 2304, 1, 0, 0
143002, 768, 0, 0, 0
143002, 768, 1, 0, 0
145003, 512, 0, 0, 0
145003, 1024, 1, 0, 0
146002, 256, 0, 0, 0
146002, 1281, 1, 0, 0
147003, 256, 0, 0, 0
147003, 1024, 1, 0, 0
148003, 256, 0, 0, 0
148003, 512, 1, 0, 0
149003, 512, 0, 0, 0
149003, 256, 1, 0, 0
150003, 256, 1, 0, 0
151003, 1024, 0, 0, 0
151003, 2816, 1, 0, 0
152002, 1281, 0, 0, 0
152002, 768, 1, 0, 0
153003, 512, 0, 0, 0
153003, 1280, 1, 0, 0
154003, 512, 0, 0, 0
154003, 768, 1, 0, 0
155003, 768, 1, 0, 0
156003, 768, 0, 0, 0
156003, 1792, 1, 0, 0
157002, 1537, 0, 0, 0
157002, 2306, 1, 0, 0
158003, 512, 0, 0, 0
158003, 256, 1, 0, 0
159003, 256, 0, 0, 0
159003, 1024, 1, 0, 0
160002, 1793, 0, 0, 0
160002, 2562, 1, 0, 0
161003, 512, 1, 0, 0
162003, 1024, 0, 0, 0
162003, 512, 1, 0, 0
163003, 256, 0, 0, 0
163003, 512, 1, 0, 0
164003, 256, 1, 0, 0
165003, 512, 0, 0, 0
165003, 512, 1, 0, 0
166003, 256, 0, 0, 0
166003, 768, 1, 0, 0
167003, 1536, 0, 0, 0
167003, 1792, 1, 0, 0
169003, 512, 0, 0, 0
169003, 2306, 1, 0, 0
170003, 768, 0, 0, 0
171003, 256, 0, 0, 0
171003, 256, 1, 0, 0
172003, 768, 1, 0, 0
173003, 256, 0, 0, 0
173003, 1536, 1, 0, 0
174003, 768, 0, 0, 0
174003, 2048, 1, 0, 0
175003, 1025, 0, 0, 0
175003, 512, 1, 0, 0
176003, 1024, 1, 0, 0
177002, 1025, 0, 0, 0
177002, 512, 1, 0, 0
178003, 256, 0, 0, 0
180003, 512, 0, 0, 0
180003, 1792, 1, 0, 0
