20010, 1024, 1, 0, 0
21010, 1792, 1, 0, 0
22011, 2048, 1, 0, 0
23010, 2562, 1, 0, 0
24010, 4356, 1, 0, 0
25010, 256, 0, 0, 0
25010, 1024, 1, 0, 0
26011, 768, 1, 0, 0
27011, 256, 0, 0, 0
27011, 1025, 1, 0, 0
28011, 512, 0, 0, 0
28011, 768, 1, 0, 0
29011, 1025, 0, 0, 0
29011, 2818, 1, 0, 0
30010, 1025, 0, 0, 0
30010, 768, 1, 0, 0
31011, 768, 0, 0, 0
31011, 1024, 1, 0, 0
32011, 768, 0, 0, 0
32011, 1536, 1, 0, 0
33011, 256, 0, 0, 0
33011, 512, 1, 0, 0
34010, 1281, 1, 0, 0
35011, 512, 0, 0, 0
35011, 512, 1, 0, 0
36011, 512, 0, 0, 0
36011, 1536, 1, 0, 0
37011, 512, 0, 0, 0
37011, 512, 1, 0, 0
39010, 256, 0, 0, 0
39010, 256, 1, 0, 0
40011, 768, 0, 0, 0
40011, 1536, 1, 0, 0
41010, 768, 0, 0, 0
41010, 1025, 1, 0, 0
42010, 512, 0, 0, 0
42010, 2050, 1, 0, 0
43010, 768, 0, 0, 0
43010, 1792, 1, 0, 0
44010, 512, 0, 0, 0
44010, 512, 1, 0, 0
45011, 1280, 0, 0, 0
46011, 256, 0, 0, 0
46011, 768, 1, 0, 0
47010, 512, 0, 0, 0
47010, 768, 1, 0, 0
48010, 1793, 1, 0, 0
50011, 768, 1, 0, 0
51011, 1024, 1, 0, 0
53010, 768, 1, 0, 0
54010, 256, 0, 0, 0
54010, 256, 1, 0, 0
55010, 512, 1, 0, 0
56011, 512, 1, 0, 0
58010, 1025, 1, 0, 0
59011, 512, 1, 0, 0
60011, 1024, 1, 0, 0
61010, 256, 1, 0, 0
62011, 1280, 1, 0, 0
63011, 1280, 0, 0, 0
63011, 1792, 1, 0, 0
64010, 512, 0, 0, 0
64010, 1281, 1, 0, 0
65011, 512, 0, 0, 0
65011, 256, 1, 0, 0
66011, 512, 0, 0, 0
66011, 768, 1, 0, 0
67010, 512, 0, 0, 0
67010, 768, 1, 0, 0
68011, 512, 0, 0, 0
68011, 768, 1, 0, 0
69011, 1280, 0, 0, 0
69011, 1536, 1, 0, 0
70011, 1025, 0, 0, 0
70011, 1281, 1, 0, 0
71011, 256, 0, 0, 0
71011, 1280, 1, 0, 0
72010, 256, 0, 0, 0
72010, 768, 1, 0, 0
73011, 1536, 0, 0, 0
73011, 256, 1, 0, 0
74011, 256, 0, 0, 0
74011, 1024, 1, 0, 0
76011, 1280, 1, 0, 0
77011, 2816, 1, 0, 0
78010, 256, 0, 0, 0
78010, 2562, 1, 0, 0
79011, 1280, 0, 0, 0
79011, 2048, 1, 0, 0
80011, 768, 0, 0, 0
80011, 1280, 1, 0, 0
81011, 768, 1, 0, 0
82011, 1792, 1, 0, 0
84010, 256, 0, 0, 0
85011, 1280, 0, 0, 0
85011, 1536, 1, 0, 0
87011, 256, 0, 0, 0
88011, 512, 0, 0, 0
88011, 256, 1, 0, 0
89011, 512, 0, 0, 0
89011, 2048, 1, 0, 0
90010, 512, 0, 0, 0
90010, 1025, 1, 0, 0
91011, 1280, 0, 0, 0
91011, 1280, 1, 0, 0
93010, 512, 0, 0, 0
93010, 1281, 1, 0, 0
94011, 768, 0, 0, 0
94011, 1024, 1, 0, 0
95011, 512, 0, 0, 0
95011, 768, 1, 0, 0
97011, 512, 0, 0, 0
97011, 1024, 1, 0, 0
98010, 512, 0, 0, 0
98010, 512, 1, 0, 0
99011, 768, 1, 0, 0
100011, 768, 0, 0, 0
100011, 768, 1, 0, 0
101010, 256, 0, 0, 0
101010, 768, 1, 0, 0
102011, 512, 0, 0, 0
102011, 512, 1, 0, 0
103011, 768, 0, 0, 0
103011, 1024, 1, 0, 0
104010, 512, 0, 0, 0
104010, 2050, 1, 0, 0
105011, 256, 1, 0, 0
106011, 1024, 0, 0, 0
106011, 768, 1, 0, 0
107011, 1537, 0, 0, 0
107011, 1281, 1, 0, 0
108011, 256, 0, 0, 0
108011, 512, 1, 0, 0
109011, 1024, 0, 0, 0
109011, 1024, 1, 0, 0
110011, 512, 0, 0, 0
110011, 1281, 1, 0, 0
111011, 512, 0, 0, 0
111011, 1280, 1, 0, 0
112010, 1281, 0, 0, 0
112010, 1025, 1, 0, 0
113011, 1280, 0, 0, 0
113011, 2560, 1, 0, 0
114011, 768, 0, 0, 0
114011, 2048, 1, 0, 0
115010, 512, 0, 0, 0
115010, 1025, 1, 0, 0
116011, 1024, 0, 0, 0
116011, 512, 1, 0, 0
117011, 512, 0, 0, 0
117011, 256, 1, 0, 0
118010, 1793, 1, 0, 0
119011, 512, 0, 0, 0
119011, 1280, 1, 0, 0
120011, 1536, 0, 0, 0
120011, 1280, 1, 0, 0
121010, 768, 0, 0, 0
121010, 1793, 1, 0, 0
122011, 768, 0, 0, 0
122011, 256, 1, 0, 0
123011, 256, 0, 0, 0
123011, 768, 1, 0, 0
124010, 1793, 0, 0, 0
126011, 256, 0, 0, 0
126011, 2048, 1, 0, 0
127011, 256, 0, 0, 0
127011, 1025, 1, 0, 0
128011, 768, 0, 0, 0
128011, 1024, 1, 0, 0
129011, 256, 0, 0, 0
129011, 512, 1, 0, 0
130011, 512, 0, 0, 0
131011, 256, 0, 0, 0
131011, 768, 1, 0, 0
132010, 512, 0, 0, 0
132010, 1537, 1, 0, 0
133011, 1280, 0, 0, 0
133011, 3072, 1, 0, 0
134011, 256, 0, 0, 0
134011, 768, 1, 0, 0
135010, 512, 0, 0, 0
136011, 256, 0, 0, 0
136011, 256, 1, 0, 0
137011, 1792, 1, 0, 0
138010, 512, 0, 0, 0
138010, 256, 1, 0, 0
139011, 768, 0, 0, 0
139011, 1536, 1, 0, 0
140011, 1024, 0, 0, 0
140011, 256, 1, 0, 0
141011, 512, 0, 0, 0
141011, 1281, 1, 0, 0
142011, 512, 0, 0, 0
142011, 512, 1, 0, 0
143010, 256, 0, 0, 0
143010, 1281, 1, 0, 0
144011, 1024, 0, 0, 0
144011, 2560, 1, 0, 0
145011, 512, 0, 0, 0
145011, 256, 1, 0, 0
146010, 512, 1, 0, 0
147011, 768, 0, 0, 0
147011, 1280, 1, 0, 0
148011, 256, 0, 0, 0
148011, 768, 1, 0, 0
149010, 512, 0, 0, 0
149010, 256, 1, 0, 0
150011, 768, 0, 0, 0
150011, 1536, 1, 0, 0
151011, 256, 0, 0, 0
151011, 768, 1, 0, 0
153011, 768, 0, 0, 0
153011, 2304, 1, 0, 0
154011, 1024, 0, 0, 0
154011, 1536, 1, 0, 0
155011, 256, 0, 0, 0
156011, 256, 0, 0, 0
156011, 256, 1, 0, 0
157010, 256, 1, 0, 0
158011, 1280, 1, 0, 0
159011, 256, 0, 0, 0
159011, 512, 1, 0, 0
160010, 768, 1, 0, 0
161011, 1024, 0, 0, 0
161011, 1792, 1, 0, 0
162011, 1280, 0, 0, 0
162011, 768, 1, 0, 0
163011, 256, 0, 0, 0
163011, 1793, 1, 0, 0
165011, 256, 0, 0, 0
165011, 1792, 1, 0, 0
167011, 1280, 0, 0, 0
167011, 768, 1, 0, 0
168011, 256, 0, 0, 0
168011, 512, 1, 0, 0
169011, 256, 0, 0, 0
169011, 1025, 1, 0, 0
170011, 768, 0, 0, 0
170011, 1280, 1, 0, 0
171011, 256, 0, 0, 0
171011, 256, 1, 0, 0
172011, 256, 0, 0, 0
172011, 1025, 1, 0, 0
173011, 256, 0, 0, 0
173011, 768, 1, 0, 0
174011, 1024, 0, 0, 0
174011, 768, 1, 0, 0
175010, 512, 1, 0, 0
176011, 1024, 0, 0, 0
176011, 768, 1, 0, 0
177010, 1025, 0, 0, 0
177010, 768, 1, 0, 0
178011, 768, 1, 0, 0
179011, 256, 0, 0, 0
179011, 1024, 1, 0, 0
180011, 256, 0, 0, 0
