21000, 1537, 1, 0, 0
22001, 768, 1, 0, 0
23000, 1281, 1, 0, 0
25001, 512, 1, 0, 0
26001, 1792, 1, 0, 0
27001, 1281, 1, 0, 0
28001, 3072, 1, 0, 0
29001, 1537, 1, 0, 0
30000, 256, 0, 0, 0
30000, 1281, 1, 0, 0
31001, 768, 0, 0, 0
31001, 1792, 1, 0, 0
32001, 1536, 1, 0, 0
33001, 256, 0, 0, 0
33001, 768, 1, 0, 0
34000, 1281, 0, 0, 0
35001, 512, 0, 0, 0
35001, 1024, 1, 0, 0
36001, 768, 0, 0, 0
36001, 1280, 1, 0, 0
38000, 256, 0, 0, 0
38000, 768, 1, 0, 0
39001, 1792, 1, 0, 0
40001, 1024, 1, 0, 0
41000, 768, 0, 0, 0
41000, 768, 1, 0, 0
42000, 1025, 1, 0, 0
43000, 768, 1, 0, 0
44001, 512, 1, 0, 0
45001, 256, 1, 0, 0
46001, 256, 1, 0, 0
47001, 1281, 0, 0, 0
47001, 256, 1, 0, 0
48000, 768, 0, 0, 0
48000, 768, 1, 0, 0
49000, 256, 0, 0, 0
49000, 512, 1, 0, 0
50001, 768, 0, 0, 0
50001, 1024, 1, 0, 0
51001, 256, 0, 0, 0
51001, 1024, 1, 0, 0
52000, 1281, 1, 0, 0
53000, 512, 1, 0, 0
54000, 512, 0, 0, 0
54000, 256, 1, 0, 0
55000, 256, 1, 0, 0
56001, 1024, 0, 0, 0
56001, 1024, 1, 0, 0
57001, 512, 0, 0, 0
57001, 768, 1, 0, 0
58000, 256, 0, 0, 0
58000, 512, 1, 0, 0
59001, 1280, 1, 0, 0
60001, 1024, 1, 0, 0
61001, 768, 1, 0, 0
62001, 1792, 1, 0, 0
63001, 1280, 1, 0, 0
64000, 256, 0, 0, 0
64000, 1281, 1, 0, 0
65001, 768, 1, 0, 0
66001, 256, 1, 0, 0
67000, 256, 1, 0, 0
68001, 256, 0, 0, 0
68001, 1792, 1, 0, 0
69001, 1024, 1, 0, 0
70001, 512, 0, 0, 0
70001, 256, 1, 0, 0
71001, 256, 0, 0, 0
71001, 1024, 1, 0, 0
72000, 512, 0, 0, 0
72000, 1281, 1, 0, 0
73001, 256, 0, 0, 0
73001, 256, 1, 0, 0
74001, 768, 0, 0, 0
74001, 256, 1, 0, 0
75000, 256, 0, 0, 0
75000, 512, 1, 0, 0
76001, 768, 0, 0, 0
76001, 1792, 1, 0, 0
77001, 512, 0, 0, 0
77001, 256, 1, 0, 0
78000, 1025, 0, 0, 0
78000, 1025, 1, 0, 0
79001, 1024, 0, 0, 0
79001, 768, 1, 0, 0
80001, 512, 0, 0, 0
80001, 1536, 1, 0, 0
81001, 512, 0, 0, 0
81001, 2050, 1, 0, 0
82001, 1280, 0, 0, 0
82001, 768, 1, 0, 0
83001, 512, 1, 0, 0
84001, 1025, 1, 0, 0
85001, 1280, 1, 0, 0
86001, 256, 0, 0, 0
86001, 1536, 1, 0, 0
87001, 512, 0, 0, 0
87001, 1281, 1, 0, 0
88001, 256, 0, 0, 0
88001, 1536, 1, 0, 0
89001, 768, 0, 0, 0
89001, 1024, 1, 0, 0
90001, 512, 0, 0, 0
90001, 2050, 1, 0, 0
91001, 512, 1, 0, 0
92001, 256, 0, 0, 0
92001, 1280, 1, 0, 0
93001, 512, 1, 0, 0
94001, 768, 0, 0, 0
94001, 256, 1, 0, 0
95001, 1792, 1, 0, 0
96001, 1025, 1, 0, 0
97001, 512, 0, 0, 0
97001, 768, 1, 0, 0
98000, 512, 0, 0, 0
98000, 1793, 1, 0, 0
99001, 256, 1, 0, 0
100001, 256, 0, 0, 0
100001, 768, 1, 0, 0
101001, 256, 0, 0, 0
101001, 512, 1, 0, 0
102001, 1536, 1, 0, 0
103001, 256, 0, 0, 0
103001, 512, 1, 0, 0
104001, 256, 1, 0, 0
105001, 768, 0, 0, 0
105001, 512, 1, 0, 0
107001, 512, 0, 0, 0
107001, 1281, 1, 0, 0
108001, 512, 0, 0, 0
108001, 1280, 1, 0, 0
109001, 1280, 0, 0, 0
110001, 256, 0, 0, 0
110001, 2562, 1, 0, 0
111001, 768, 0, 0, 0
111001, 1280, 1, 0, 0
112001, 768, 0, 0, 0
113001, 512, 0, 0, 0
113001, 2304, 1, 0, 0
114001, 2048, 1, 0, 0
115001, 256, 0, 0, 0
115001, 2050, 1, 0, 0
116001, 256, 0, 0, 0
116001, 512, 1, 0, 0
117001, 512, 0, 0, 0
117001, 1536, 1, 0, 0
118001, 512, 0, 0, 0
118001, 2306, 1, 0, 0
119001, 256, 0, 0, 0
119001, 1280, 1, 0, 0
120001, 256, 1, 0, 0
121001, 1025, 0, 0, 0
121001, 256, 1, 0, 0
122001, 512, 0, 0, 0
122001, 1280, 1, 0, 0
123001, 1024, 0, 0, 0
123001, 1536, 1, 0, 0
124001, 2050, 0, 0, 0
124001, 3331, 1, 0, 0
125001, 512, 0, 0, 0
125001, 1280, 1, 0, 0
126001, 1280, 1, 0, 0
127001, 512, 0, 0, 0
127001, 1025, 1, 0, 0
128001, 256, 0, 0, 0
128001, 256, 1, 0, 0
129001, 256, 0, 0, 0
129001, 1024, 1, 0, 0
130001, 768, 1, 0, 0
131001, 256, 0, 0, 0
131001, 1280, 1, 0, 0
132001, 256, 0, 0, 0
132001, 1025, 1, 0, 0
133001, 256, 0, 0, 0
133001, 512, 1, 0, 0
134001, 256, 0, 0, 0
134001, 256, 1, 0, 0
135001, 768, 0, 0, 0
135001, 512, 1, 0, 0
136001, 768, 1, 0, 0
137001, 768, 1, 0, 0
138001, 256, 0, 0, 0
138001, 768, 1, 0, 0
139001, 512, 0, 0, 0
140001, 768, 0, 0, 0
141001, 1281, 1, 0, 0
142001, 256, 0, 0, 0
142001, 768, 1, 0, 0
143000, 768, 1, 0, 0
144001, 256, 0, 0, 0
144001, 768, 1, 0, 0
145001, 1024, 0, 0, 0
145001, 1024, 1, 0, 0
146001, 1537, 1, 0, 0
147001, 256, 0, 0, 0
147001, 512, 1, 0, 0
148001, 512, 0, 0, 0
148001, 512, 1, 0, 0
149001, 512, 0, 0, 0
149001, 512, 1, 0, 0
150001, 256, 1, 0, 0
151001, 512, 0, 0, 0
151001, 1536, 1, 0, 0
152001, 512, 1, 0, 0
153001, 768, 1, 0, 0
154001, 256, 1, 0, 0
155001, 1025, 1, 0, 0
156001, 256, 0, 0, 0
157000, 256, 0, 0, 0
157000, 1281, 1, 0, 0
158001, 1792, 0, 0, 0
158001, 768, 1, 0, 0
160000, 512, 0, 0, 0
160000, 512, 1, 0, 0
161001, 256, 0, 0, 0
161001, 1536, 1, 0, 0
162001, 768, 0, 0, 0
162001, 1280, 1, 0, 0
163001, 512, 0, 0, 0
163001, 1025, 1, 0, 0
164001, 1024, 0, 0, 0
164001, 512, 1, 0, 0
165001, 256, 0, 0, 0
165001, 1792, 1, 0, 0
166001, 1025, 0, 0, 0
166001, 1537, 1, 0, 0
167001, 512, 0, 0, 0
168001, 512, 0, 0, 0
168001, 2560, 1, 0, 0
169001, 1025, 0, 0, 0
169001, 512, 1, 0, 0
170001, 768, 1, 0, 0
171001, 256, 0, 0, 0
171001, 256, 1, 0, 0
173001, 256, 0, 0, 0
173001, 512, 1, 0, 0
174001, 768, 0, 0, 0
174001, 512, 1, 0, 0
175001, 256, 1, 0, 0
176001, 1024, 1, 0, 0
177000, 512, 0, 0, 0
177000, 1025, 1, 0, 0
178001, 256, 0, 0, 0
178001, 512, 1, 0, 0
179001, 256, 1, 0, 0
180001, 768, 0, 0, 0
180001, 512, 1, 0, 0
