22011, 768, 1, 0, 0
23011, 768, 1, 0, 0
24010, 1025, 1, 0, 0
25011, 4352, 1, 0, 0
26011, 4352, 1, 0, 0
27011, 2306, 1, 0, 0
28011, 256, 1, 0, 0
29011, 256, 0, 0, 0
29011, 1793, 1, 0, 0
30010, 256, 0, 0, 0
30010, 768, 1, 0, 0
31011, 1024, 1, 0, 0
32011, 1792, 0, 0, 0
32011, 768, 1, 0, 0
33011, 1025, 0, 0, 0
33011, 1281, 1, 0, 0
34010, 1025, 0, 0, 0
34010, 1281, 1, 0, 0
35011, 256, 0, 0, 0
35011, 2304, 1, 0, 0
36011, 512, 0, 0, 0
36011, 256, 1, 0, 0
37011, 256, 0, 0, 0
37011, 1281, 1, 0, 0
38010, 768, 0, 0, 0
38010, 1281, 1, 0, 0
39011, 1024, 0, 0, 0
39011, 1024, 1, 0, 0
40011, 256, 0, 0, 0
40011, 1792, 1, 0, 0
41010, 512, 0, 0, 0
41010, 1025, 1, 0, 0
42010, 1281, 0, 0, 0
42010, 256, 1, 0, 0
43010, 1792, 0, 0, 0
43010, 512, 1, 0, 0
44011, 1024, 0, 0, 0
44011, 1280, 1, 0, 0
45011, 256, 0, 0, 0
46011, 256, 0, 0, 0
46011, 768, 1, 0, 0
47011, 256, 1, 0, 0
48010, 512, 0, 0, 0
48010, 1281, 1, 0, 0
49010, 1280, 1, 0, 0
50011, 768, 0, 0, 0
50011, 1024, 1, 0, 0
51011, 1024, 0, 0, 0
51011, 1024, 1, 0, 0
52010, 512, 0, 0, 0
52010, 768, 1, 0, 0
53010, 1281, 1, 0, 0
54010, 256, 0, 0, 0
54010, 768, 1, 0, 0
55010, 768, 1, 0, 0
56011, 768, 0, 0, 0
56011, 1536, 1, 0, 0
57011, 512, 1, 0, 0
59011, 256, 1, 0, 0
60011, 512, 1, 0, 0
61011, 1537, 1, 0, 0
62011, 1024, 1, 0, 0
63011, 1536, 1, 0, 0
64011, 2050, 1, 0, 0
65011, 256, 1, 0, 0
66011, 512, 0, 0, 0
66011, 768, 1, 0, 0
67010, 256, 0, 0, 0
67010, 256, 1, 0, 0
68011, 768, 1, 0, 0
69011, 512, 0, 0, 0
69011, 1280, 1, 0, 0
70011, 512, 0, 0, 0
71011, 256, 0, 0, 0
71011, 1792, 1, 0, 0
72011, 768, 0, 0, 0
72011, 256, 1, 0, 0
73011, 2816, 0, 0, 0
73011, 1024, 1, 0, 0
74011, 1280, 1, 0, 0
75010, 1025, 1, 0, 0
76011, 256, 0, 0, 0
76011, 1024, 1, 0, 0
77011, 256, 0, 0, 0
77011, 1024, 1, 0, 0
78011, 768, 0, 0, 0
78011, 1281, 1, 0, 0
79011, 512, 1, 0, 0
80011, 256, 0, 0, 0
80011, 2304, 1, 0, 0
81011, 256, 0, 0, 0
81011, 768, 1, 0, 0
82011, 768, 0, 0, 0
82011, 512, 1, 0, 0
83011, 512, 0, 0, 0
83011, 2048, 1, 0, 0
84011, 1281, 0, 0, 0
84011, 2306, 1, 0, 0
85011, 512, 0, 0, 0
85011, 768, 1, 0, 0
86011, 512, 1, 0, 0
87011, 512, 0, 0, 0
87011, 1793, 1, 0, 0
88011, 1792, 0, 0, 0
88011, 1792, 1, 0, 0
89011, 512, 1, 0, 0
90011, 256, 1, 0, 0
91011, 768, 1, 0, 0
92011, 1280, 0, 0, 0
92011, 2048, 1, 0, 0
93011, 256, 0, 0, 0
93011, 1537, 1, 0, 0
94011, 256, 1, 0, 0
95011, 256, 0, 0, 0
95011, 1024, 1, 0, 0
96011, 256, 0, 0, 0
96011, 1793, 1, 0, 0
97011, 2048, 0, 0, 0
97011, 2816, 1, 0, 0
98011, 768, 0, 0, 0
98011, 256, 1, 0, 0
99011, 256, 1, 0, 0
101011, 1025, 0, 0, 0
101011, 1537, 1, 0, 0
102011, 1280, 0, 0, 0
102011, 1536, 1, 0, 0
103011, 256, 0, 0, 0
103011, 1024, 1, 0, 0
104011, 1793, 0, 0, 0
104011, 1025, 1, 0, 0
105011, 256, 0, 0, 0
105011, 2816, 1, 0, 0
106011, 256, 0, 0, 0
106011, 768, 1, 0, 0
107011, 256, 1, 0, 0
108011, 512, 0, 0, 0
108011, 1024, 1, 0, 0
110011, 768, 0, 0, 0
110011, 1281, 1, 0, 0
111011, 1792, 1, 0, 0
112011, 768, 0, 0, 0
112011, 2050, 1, 0, 0
113011, 768, 1, 0, 0
114011, 512, 1, 0, 0
115011, 512, 1, 0, 0
116011, 512, 0, 0, 0
116011, 768, 1, 0, 0
117011, 1024, 0, 0, 0
117011, 2304, 1, 0, 0
118011, 256, 0, 0, 0
118011, 1025, 1, 0, 0
119011, 512, 0, 0, 0
119011, 512, 1, 0, 0
120011, 1280, 0, 0, 0
120011, 1536, 1, 0, 0
121011, 1025, 0, 0, 0
121011, 512, 1, 0, 0
122011, 1024, 0, 0, 0
122011, 1024, 1, 0, 0
123011, 768, 0, 0, 0
123011, 768, 1, 0, 0
124011, 512, 1, 0, 0
125011, 2048, 1, 0, 0
126011, 256, 0, 0, 0
126011, 2048, 1, 0, 0
127011, 768, 0, 0, 0
127011, 1793, 1, 0, 0
128011, 1024, 0, 0, 0
129011, 1024, 0, 0, 0
129011, 2048, 1, 0, 0
130011, 2050, 0, 0, 0
130011, 2306, 1, 0, 0
131011, 768, 0, 0, 0
131011, 768, 1, 0, 0
132011, 256, 0, 0, 0
132011, 512, 1, 0, 0
133011, 256, 0, 0, 0
133011, 1536, 1, 0, 0
134011, 2048, 1, 0, 0
135011, 1281, 0, 0, 0
135011, 2050, 1, 0, 0
136011, 256, 0, 0, 0
136011, 256, 1, 0, 0
137011, 256, 0, 0, 0
137011, 512, 1, 0, 0
138011, 2050, 0, 0, 0
138011, 1793, 1, 0, 0
139011, 1024, 0, 0, 0
139011, 1792, 1, 0, 0
140011, 512, 0, 0, 0
140011, 768, 1, 0, 0
141011, 768, 0, 0, 0
141011, 2562, 1, 0, 0
142011, 256, 0, 0, 0
142011, 768, 1, 0, 0
143010, 1025, 0, 0, 0
143010, 2562, 1, 0, 0
144011, 256, 0, 0, 0
144011, 768, 1, 0, 0
145011, 512, 0, 0, 0
145011, 1024, 1, 0, 0
146011, 1793, 0, 0, 0
146011, 256, 1, 0, 0
147011, 768, 0, 0, 0
147011, 512, 1, 0, 0
148011, 1536, 0, 0, 0
148011, 1536, 1, 0, 0
149011, 256, 0, 0, 0
149011, 1281, 1, 0, 0
150011, 768, 1, 0, 0
151011, 256, 0, 0, 0
151011, 1792, 1, 0, 0
152011, 256, 1, 0, 0
153011, 1024, 0, 0, 0
153011, 2048, 1, 0, 0
154011, 1024, 0, 0, 0
154011, 1280, 1, 0, 0
155011, 1793, 0, 0, 0
155011, 3075, 1, 0, 0
156011, 512, 0, 0, 0
156011, 512, 1, 0, 0
158011, 256, 0, 0, 0
158011, 512, 1, 0, 0
159011, 256, 1, 0, 0
160010, 768, 1, 0, 0
161011, 512, 1, 0, 0
162011, 1536, 1, 0, 0
163011, 1281, 0, 0, 0
164011, 1024, 1, 0, 0
165011, 1536, 1, 0, 0
166011, 1281, 0, 0, 0
166011, 768, 1, 0, 0
167011, 256, 0, 0, 0
167011, 1536, 1, 0, 0
168011, 768, 0, 0, 0
168011, 1536, 1, 0, 0
169011, 1025, 0, 0, 0
169011, 1537, 1, 0, 0
170011, 256, 0, 0, 0
170011, 1024, 1, 0, 0
171011, 256, 0, 0, 0
171011, 1536, 1, 0, 0
173011, 512, 0, 0, 0
173011, 1536, 1, 0, 0
174011, 512, 0, 0, 0
174011, 1280, 1, 0, 0
175011, 768, 0, 0, 0
175011, 512, 1, 0, 0
176011, 512, 0, 0, 0
176011, 1024, 1, 0, 0
177010, 1281, 0, 0, 0
177010, 2306, 1, 0, 0
178011, 512, 0, 0, 0
178011, 512, 1, 0, 0
179011, 1536, 0, 0, 0
179011, 1792, 1, 0, 0
180011, 256, 0, 0, 0
180011, 1024, 1, 0, 0
