22009, 2304, 1, 0, 0
23010, 1280, 1, 0, 0
24011, 2304, 1, 0, 0
25011, 2304, 1, 0, 0
26012, 768, 1, 0, 0
27012, 256, 0, 0, 0
27012, 3840, 1, 0, 0
28013, 256, 1, 0, 0
29013, 1792, 0, 0, 0
29013, 3584, 1, 0, 0
30014, 1280, 1, 0, 0
31014, 1024, 0, 0, 0
31014, 256, 1, 0, 0
32015, 256, 0, 0, 0
32015, 1024, 1, 0, 0
33015, 768, 0, 0, 0
33015, 1536, 1, 0, 0
34016, 256, 0, 0, 0
34016, 1280, 1, 0, 0
35016, 1024, 1, 0, 0
36017, 1024, 1, 0, 0
37017, 256, 0, 0, 0
37017, 768, 1, 0, 0
38018, 512, 0, 0, 0
38018, 1536, 1, 0, 0
39018, 512, 1, 0, 0
40019, 256, 0, 0, 0
40019, 512, 1, 0, 0
41019, 512, 1, 0, 0
42019, 256, 1, 0, 0
43020, 512, 1, 0, 0
44020, 256, 0, 0, 0
44020, 512, 1, 0, 0
45020, 768, 0, 0, 0
45020, 768, 1, 0, 0
46021, 768, 0, 0, 0
46021, 1024, 1, 0, 0
47021, 1024, 0, 0, 0
47021, 768, 1, 0, 0
48022, 512, 0, 0, 0
49022, 512, 1, 0, 0
50022, 256, 1, 0, 0
51023, 512, 1, 0, 0
52023, 1536, 1, 0, 0
53023, 1536, 1, 0, 0
54023, 768, 1, 0, 0
55023, 256, 0, 0, 0
55023, 768, 1, 0, 0
56023, 1024, 1, 0, 0
57023, 1281, 1, 0, 0
58023, 1792, 1, 0, 0
59023, 1280, 0, 0, 0
59023, 1536, 1, 0, 0
60023, 2050, 0, 0, 0
60023, 1281, 1, 0, 0
61023, 512, 0, 0, 0
61023, 512, 1, 0, 0
63023, 1025, 0, 0, 0
63023, 512, 1, 0, 0
64023, 512, 0, 0, 0
64023, 1536, 1, 0, 0
65023, 512, 0, 0, 0
65023, 1536, 1, 0, 0
66023, 512, 0, 0, 0
66023, 1281, 1, 0, 0
67023, 256, 0, 0, 0
67023, 2048, 1, 0, 0
68023, 768, 1, 0, 0
69023, 256, 0, 0, 0
69023, 256, 1, 0, 0
70023, 256, 0, 0, 0
70023, 768, 1, 0, 0
71024, 768, 1, 0, 0
72023, 3075, 1, 0, 0
73023, 3328, 1, 0, 0
74023, 256, 0, 0, 0
74023, 1281, 1, 0, 0
75023, 768, 0, 0, 0
75023, 2560, 1, 0, 0
76023, 256, 0, 0, 0
76023, 768, 1, 0, 0
77023, 768, 0, 0, 0
78023, 512, 0, 0, 0
78023, 1280, 1, 0, 0
79023, 1024, 0, 0, 0
79023, 1280, 1, 0, 0
80023, 768, 0, 0, 0
80023, 1025, 1, 0, 0
81023, 2048, 0, 0, 0
81023, 2048, 1, 0, 0
83023, 256, 0, 0, 0
83023, 768, 1, 0, 0
84023, 1280, 0, 0, 0
84023, 1024, 1, 0, 0
85024, 512, 0, 0, 0
85024, 2048, 1, 0, 0
86023, 768, 0, 0, 0
86023, 1793, 1, 0, 0
87023, 1280, 0, 0, 0
87023, 1280, 1, 0, 0
88023, 768, 0, 0, 0
88023, 1024, 1, 0, 0
89023, 768, 0, 0, 0
89023, 1025, 1, 0, 0
90023, 256, 0, 0, 0
90023, 768, 1, 0, 0
91023, 1280, 0, 0, 0
91023, 1536, 1, 0, 0
92023, 256, 0, 0, 0
92023, 256, 1, 0, 0
93023, 256, 0, 0, 0
93023, 256, 1, 0, 0
94024, 1280, 0, 0, 0
94024, 1024, 1, 0, 0
95023, 512, 0, 0, 0
95023, 512, 1, 0, 0
96023, 512, 0, 0, 0
96023, 768, 1, 0, 0
97023, 1025, 0, 0, 0
97023, 512, 1, 0, 0
98023, 768, 0, 0, 0
99023, 256, 0, 0, 0
99023, 1024, 1, 0, 0
100023, 512, 0, 0, 0
100023, 2562, 1, 0, 0
101023, 256, 0, 0, 0
101023, 1024, 1, 0, 0
102023, 1536, 0, 0, 0
102023, 768, 1, 0, 0
103023, 512, 0, 0, 0
103023, 256, 1, 0, 0
104023, 256, 0, 0, 0
104023, 256, 1, 0, 0
105024, 768, 0, 0, 0
105024, 1536, 1, 0, 0
106023, 512, 1, 0, 0
107023, 512, 0, 0, 0
107023, 512, 1, 0, 0
108024, 1024, 1, 0, 0
109023, 256, 0, 0, 0
109023, 256, 1, 0, 0
110023, 256, 0, 0, 0
110023, 768, 1, 0, 0
111023, 1281, 0, 0, 0
111023, 3587, 1, 0, 0
112023, 768, 0, 0, 0
112023, 768, 1, 0, 0
113023, 1024, 0, 0, 0
113023, 512, 1, 0, 0
115023, 768, 0, 0, 0
115023, 512, 1, 0, 0
116024, 256, 0, 0, 0
116024, 512, 1, 0, 0
117023, 256, 0, 0, 0
118023, 512, 0, 0, 0
118023, 768, 1, 0, 0
120023, 256, 1, 0, 0
121023, 1536, 0, 0, 0
121023, 768, 1, 0, 0
122023, 1024, 0, 0, 0
122023, 768, 1, 0, 0
123023, 768, 0, 0, 0
123023, 768, 1, 0, 0
124023, 512, 0, 0, 0
124023, 256, 1, 0, 0
125024, 768, 0, 0, 0
125024, 1536, 1, 0, 0
126023, 768, 0, 0, 0
126023, 1281, 1, 0, 0
127023, 512, 0, 0, 0
127023, 768, 1, 0, 0
128024, 256, 0, 0, 0
128024, 1792, 1, 0, 0
129023, 1793, 0, 0, 0
129023, 1793, 1, 0, 0
130023, 1280, 0, 0, 0
130023, 768, 1, 0, 0
131023, 512, 1, 0, 0
132023, 1536, 0, 0, 0
132023, 1280, 1, 0, 0
133023, 1280, 0, 0, 0
133023, 768, 1, 0, 0
134023, 1281, 0, 0, 0
134023, 1793, 1, 0, 0
135023, 1792, 0, 0, 0
135023, 1536, 1, 0, 0
136023, 512, 0, 0, 0
136023, 768, 1, 0, 0
137023, 512, 0, 0, 0
138023, 256, 0, 0, 0
138023, 1024, 1, 0, 0
139023, 512, 0, 0, 0
139023, 2304, 1, 0, 0
140023, 512, 1, 0, 0
141023, 768, 0, 0, 0
141023, 1792, 1, 0, 0
142024, 768, 0, 0, 0
143023, 256, 0, 0, 0
143023, 768, 1, 0, 0
144023, 768, 0, 0, 0
144023, 768, 1, 0, 0
145023, 2562, 0, 0, 0
145023, 2818, 1, 0, 0
146023, 2048, 0, 0, 0
146023, 1792, 1, 0, 0
147023, 512, 0, 0, 0
147023, 768, 1, 0, 0
148023, 1281, 0, 0, 0
148023, 512, 1, 0, 0
149023, 768, 0, 0, 0
149023, 1024, 1, 0, 0
150023, 768, 0, 0, 0
150023, 1024, 1, 0, 0
151023, 1025, 0, 0, 0
151023, 512, 1, 0, 0
152023, 512, 1, 0, 0
153024, 256, 0, 0, 0
153024, 1024, 1, 0, 0
154023, 1025, 0, 0, 0
154023, 256, 1, 0, 0
155023, 1024, 0, 0, 0
155023, 256, 1, 0, 0
156024, 1024, 0, 0, 0
156024, 768, 1, 0, 0
157023, 512, 0, 0, 0
157023, 1537, 1, 0, 0
159023, 1281, 0, 0, 0
159023, 1025, 1, 0, 0
160023, 256, 0, 0, 0
160023, 768, 1, 0, 0
161024, 768, 1, 0, 0
162023, 1281, 0, 0, 0
162023, 2562, 1, 0, 0
163023, 768, 0, 0, 0
163023, 1792, 1, 0, 0
164024, 512, 0, 0, 0
164024, 768, 1, 0, 0
166023, 1024, 0, 0, 0
166023, 256, 1, 0, 0
167023, 1536, 1, 0, 0
168023, 1537, 1, 0, 0
169023, 256, 0, 0, 0
169023, 256, 1, 0, 0
170024, 768, 0, 0, 0
170024, 768, 1, 0, 0
171023, 1281, 0, 0, 0
171023, 768, 1, 0, 0
172023, 256, 1, 0, 0
173024, 2048, 0, 0, 0
173024, 1792, 1, 0, 0
174023, 1537, 0, 0, 0
174023, 1537, 1, 0, 0
175023, 1024, 0, 0, 0
175023, 1024, 1, 0, 0
176023, 512, 0, 0, 0
176023, 256, 1, 0, 0
177023, 256, 0, 0, 0
177023, 256, 1, 0, 0
178023, 768, 0, 0, 0
179023, 2818, 0, 0, 0
179023, 1025, 1, 0, 0
180023, 1024, 0, 0, 0
180023, 1280, 1, 0, 0
