21010, 2816, 1, 0, 0
22011, 1024, 1, 0, 0
23010, 1793, 1, 0, 0
24010, 3075, 1, 0, 0
25010, 1536, 1, 0, 0
26011, 2304, 1, 0, 0
27010, 768, 0, 0, 0
27010, 2818, 1, 0, 0
28011, 512, 1, 0, 0
29011, 768, 0, 0, 0
29011, 2306, 1, 0, 0
30010, 512, 0, 0, 0
30010, 512, 1, 0, 0
31011, 512, 0, 0, 0
31011, 1024, 1, 0, 0
32011, 768, 0, 0, 0
32011, 1280, 1, 0, 0
33011, 256, 0, 0, 0
33011, 768, 1, 0, 0
34010, 2050, 1, 0, 0
35011, 768, 0, 0, 0
35011, 2048, 1, 0, 0
36011, 256, 0, 0, 0
36011, 1024, 1, 0, 0
37010, 512, 0, 0, 0
37010, 1281, 1, 0, 0
38010, 512, 1, 0, 0
39010, 768, 1, 0, 0
40011, 256, 0, 0, 0
40011, 512, 1, 0, 0
41010, 256, 0, 0, 0
42010, 512, 0, 0, 0
42010, 1281, 1, 0, 0
43010, 512, 0, 0, 0
44010, 768, 1, 0, 0
45011, 256, 0, 0, 0
45011, 512, 1, 0, 0
46011, 512, 0, 0, 0
46011, 512, 1, 0, 0
47010, 256, 0, 0, 0
47010, 512, 1, 0, 0
48010, 256, 0, 0, 0
49010, 768, 0, 0, 0
49010, 768, 1, 0, 0
50011, 256, 1, 0, 0
51011, 256, 0, 0, 0
51011, 256, 1, 0, 0
52010, 512, 0, 0, 0
52010, 256, 1, 0, 0
53010, 256, 1, 0, 0
54010, 768, 0, 0, 0
54010, 512, 1, 0, 0
55010, 512, 0, 0, 0
55010, 256, 1, 0, 0
56011, 256, 0, 0, 0
56011, 512, 1, 0, 0
57011, 256, 0, 0, 0
57011, 1536, 1, 0, 0
58010, 256, 1, 0, 0
59011, 512, 1, 0, 0
61010, 256, 1, 0, 0
62011, 512, 1, 0, 0
63011, 512, 1, 0, 0
64010, 256, 0, 0, 0
65011, 1024, 1, 0, 0
66011, 1536, 1, 0, 0
68011, 256, 1, 0, 0
70010, 512, 1, 0, 0
72010, 256, 1, 0, 0
73011, 256, 1, 0, 0
75010, 512, 1, 0, 0
77011, 256, 1, 0, 0
78010, 256, 1, 0, 0
79011, 256, 0, 0, 0
79011, 1280, 1, 0, 0
80011, 1024, 0, 0, 0
80011, 512, 1, 0, 0
81010, 256, 1, 0, 0
82011, 256, 0, 0, 0
84010, 256, 1, 0, 0
86011, 512, 1, 0, 0
87010, 1025, 0, 0, 0
87010, 1025, 1, 0, 0
88011, 256, 0, 0, 0
88011, 256, 1, 0, 0
89011, 256, 0, 0, 0
89011, 768, 1, 0, 0
90010, 512, 0, 0, 0
90010, 768, 1, 0, 0
91011, 256, 0, 0, 0
91011, 768, 1, 0, 0
92011, 256, 0, 0, 0
92011, 256, 1, 0, 0
93010, 768, 0, 0, 0
93010, 1281, 1, 0, 0
94011, 256, 1, 0, 0
95011, 256, 0, 0, 0
95011, 256, 1, 0, 0
96011, 256, 0, 0, 0
96011, 1281, 1, 0, 0
98010, 256, 1, 0, 0
100011, 1792, 1, 0, 0
101010, 256, 0, 0, 0
102011, 768, 1, 0, 0
103011, 1536, 1, 0, 0
104010, 256, 0, 0, 0
104010, 512, 1, 0, 0
105011, 2816, 1, 0, 0
106011, 512, 1, 0, 0
107010, 256, 0, 0, 0
107010, 1281, 1, 0, 0
108011, 1024, 1, 0, 0
109011, 256, 0, 0, 0
110011, 256, 1, 0, 0
111011, 512, 1, 0, 0
112010, 512, 1, 0, 0
113011, 512, 0, 0, 0
113011, 256, 1, 0, 0
114011, 256, 0, 0, 0
114011, 1792, 1, 0, 0
115010, 512, 1, 0, 0
116011, 256, 0, 0, 0
116011, 1536, 1, 0, 0
117011, 1280, 0, 0, 0
117011, 768, 1, 0, 0
118010, 1025, 0, 0, 0
118010, 1793, 1, 0, 0
119011, 256, 0, 0, 0
119011, 256, 1, 0, 0
120011, 256, 0, 0, 0
120011, 256, 1, 0, 0
121010, 512, 0, 0, 0
121010, 1025, 1, 0, 0
122011, 512, 0, 0, 0
122011, 1024, 1, 0, 0
123011, 512, 0, 0, 0
123011, 256, 1, 0, 0
124010, 768, 0, 0, 0
124010, 1025, 1, 0, 0
125011, 512, 0, 0, 0
125011, 2816, 1, 0, 0
126011, 1024, 0, 0, 0
126011, 2048, 1, 0, 0
127010, 768, 0, 0, 0
127010, 1025, 1, 0, 0
128011, 1536, 0, 0, 0
128011, 1024, 1, 0, 0
129011, 1280, 0, 0, 0
129011, 512, 1, 0, 0
130011, 768, 1, 0, 0
131011, 768, 0, 0, 0
131011, 256, 1, 0, 0
132010, 512, 0, 0, 0
132010, 1281, 1, 0, 0
133011, 1024, 0, 0, 0
133011, 1280, 1, 0, 0
134011, 512, 1, 0, 0
135010, 768, 0, 0, 0
135010, 768, 1, 0, 0
136011, 256, 1, 0, 0
138010, 1281, 1, 0, 0
139011, 768, 1, 0, 0
140011, 2048, 0, 0, 0
140011, 1792, 1, 0, 0
141010, 1281, 0, 0, 0
141010, 1793, 1, 0, 0
142011, 1280, 0, 0, 0
142011, 1024, 1, 0, 0
143010, 1025, 0, 0, 0
143010, 2050, 1, 0, 0
144011, 768, 0, 0, 0
144011, 1024, 1, 0, 0
145011, 512, 1, 0, 0
146010, 256, 0, 0, 0
146010, 1281, 1, 0, 0
147011, 512, 1, 0, 0
148011, 1280, 0, 0, 0
148011, 1536, 1, 0, 0
149010, 512, 1, 0, 0
150011, 768, 0, 0, 0
150011, 512, 1, 0, 0
151011, 768, 0, 0, 0
151011, 1280, 1, 0, 0
152010, 768, 0, 0, 0
152010, 256, 1, 0, 0
154011, 512, 0, 0, 0
154011, 1024, 1, 0, 0
155010, 1025, 0, 0, 0
155010, 1537, 1, 0, 0
156011, 768, 0, 0, 0
156011, 1792, 1, 0, 0
157010, 512, 0, 0, 0
157010, 768, 1, 0, 0
158011, 512, 0, 0, 0
158011, 2048, 1, 0, 0
159011, 2304, 1, 0, 0
160010, 256, 0, 0, 0
160010, 1281, 1, 0, 0
161011, 768, 1, 0, 0
162011, 768, 0, 0, 0
162011, 768, 1, 0, 0
163010, 1793, 0, 0, 0
163010, 2050, 1, 0, 0
164011, 512, 0, 0, 0
164011, 1536, 1, 0, 0
165011, 512, 1, 0, 0
166010, 1281, 1, 0, 0
167011, 256, 0, 0, 0
168011, 256, 0, 0, 0
169010, 256, 0, 0, 0
169010, 1793, 1, 0, 0
170011, 256, 0, 0, 0
170011, 512, 1, 0, 0
171011, 512, 1, 0, 0
172010, 256, 0, 0, 0
172010, 256, 1, 0, 0
174011, 512, 0, 0, 0
174011, 768, 1, 0, 0
175010, 256, 0, 0, 0
176011, 1536, 0, 0, 0
176011, 1536, 1, 0, 0
177010, 768, 0, 0, 0
177010, 1281, 1, 0, 0
178011, 256, 0, 0, 0
178011, 256, 1, 0, 0
179011, 256, 0, 0, 0
179011, 1024, 1, 0, 0
180011, 512, 0, 0, 0
180011, 1024, 1, 0, 0
