1000, 18688, 1, 0, 0
2000, 58682, 1, 0, 0
2999, 53301, 1, 0, 0
3999, 48176, 1, 0, 0
4998, 39975, 1, 0, 0
5997, 56120, 1, 0, 0
6996, 53557, 1, 0, 0
7995, 51763, 1, 0, 0
8995, 54326, 1, 0, 0
9996, 52992, 1, 0, 0
10995, 50994, 1, 0, 0
11994, 48688, 1, 0, 0
12995, 50125, 1, 0, 0
13996, 55240, 1, 0, 0
14997, 58565, 1, 0, 0
15998, 52939, 1, 0, 0
16999, 46545, 1, 0, 0
18000, 48640, 1, 0, 0
19000, 54582, 1, 0, 0
19999, 65857, 1, 0, 0
20998, 47151, 1, 0, 0
21997, 53557, 1, 0, 0
22998, 53450, 1, 0, 0
23999, 45778, 1, 0, 0
25000, 48847, 1, 0, 0
26000, 48896, 1, 0, 0
27000, 54016, 1, 0, 0
28000, 48688, 1, 0, 0
29000, 53045, 1, 0, 0
30000, 45101, 1, 0, 0
30999, 50226, 1, 0, 0
32000, 54784, 1, 0, 0
33000, 50226, 1, 0, 0
34000, 51763, 1, 0, 0
35000, 53248, 1, 0, 0
36000, 47407, 1, 0, 0
37000, 58426, 1, 0, 0
37999, 51251, 1, 0, 0
39000, 47872, 1, 0, 0
40000, 58938, 1, 0, 0
41000, 54070, 1, 0, 0
41999, 42794, 1, 0, 0
43000, 45312, 1, 0, 0
44000, 53045, 1, 0, 0
45000, 58112, 1, 0, 0
46000, 50994, 1, 0, 0
47000, 56888, 1, 0, 0
48000, 52224, 1, 0, 0
49000, 51251, 1, 0, 0
50000, 53813, 1, 0, 0
51000, 52276, 1, 0, 0
52001, 50432, 1, 0, 0
53000, 49713, 1, 0, 0
54000, 53301, 1, 0, 0
55000, 56888, 1, 0, 0
56000, 56376, 1, 0, 0
57000, 49713, 1, 0, 0
58000, 57088, 1, 0, 0
59000, 55095, 1, 0, 0
60000, 54326, 1, 0, 0
61000, 51507, 1, 0, 0
62000, 50482, 1, 0, 0
63000, 46336, 1, 0, 0
64000, 51763, 1, 0, 0
65000, 52736, 1, 0, 0
66000, 54784, 1, 0, 0
67000, 50226, 1, 0, 0
68000, 59707, 1, 0, 0
69000, 41769, 1, 0, 0
70000, 62464, 1, 0, 0
71000, 47663, 1, 0, 0
72000, 56888, 1, 0, 0
73000, 56120, 1, 0, 0
74000, 56120, 1, 0, 0
75000, 46848, 1, 0, 0
76000, 47663, 1, 0, 0
77000, 54326, 1, 0, 0
78000, 49664, 1, 0, 0
79000, 56120, 1, 0, 0
80000, 47151, 1, 0, 0
81000, 54326, 1, 0, 0
82000, 47360, 1, 0, 0
83000, 58938, 1, 0, 0
84000, 49713, 1, 0, 0
85001, 53962, 1, 0, 0
86002, 48640, 1, 0, 0
87003, 54528, 1, 0, 0
88004, 48384, 1, 0, 0
89005, 63744, 1, 0, 0
90005, 55808, 1, 0, 0
91006, 52480, 1, 0, 0
92007, 50944, 1, 0, 0
93008, 46848, 1, 0, 0
94008, 51968, 1, 0, 0
95009, 51968, 1, 0, 0
96010, 54784, 1, 0, 0
97011, 52683, 1, 0, 0
98012, 51916, 1, 0, 0
99013, 49102, 1, 0, 0
100014, 51968, 1, 0, 0
101015, 54784, 1, 0, 0
102015, 51712, 1, 0, 0
103016, 55552, 1, 0, 0
104017, 48896, 1, 0, 0
105018, 51712, 1, 0, 0
106018, 58112, 1, 0, 0
107019, 62208, 1, 0, 0
108020, 46848, 1, 0, 0
109021, 54784, 1, 0, 0
110021, 44800, 1, 0, 0
111022, 50176, 1, 0, 0
112023, 41472, 1, 0, 0
113023, 60672, 1, 0, 0
114024, 47872, 1, 0, 0
115025, 56576, 1, 0, 0
116026, 50125, 1, 0, 0
117027, 54016, 1, 0, 0
118027, 58880, 1, 0, 0
119028, 47360, 1, 0, 0
120029, 60160, 1, 0, 0
121029, 49664, 1, 0, 0
122030, 56320, 1, 0, 0
123031, 54985, 1, 0, 0
124032, 54272, 1, 0, 0
125033, 54016, 1, 0, 0
126034, 47616, 1, 0, 0
127034, 43264, 1, 0, 0
128035, 49664, 1, 0, 0
129036, 51968, 1, 0, 0
130037, 54016, 1, 0, 0
131037, 57344, 1, 0, 0
132038, 52224, 1, 0, 0
133039, 59904, 1, 0, 0
134039, 57600, 1, 0, 0
135040, 49152, 1, 0, 0
136041, 45312, 1, 0, 0
137042, 51712, 1, 0, 0
138042, 48128, 1, 0, 0
139043, 46848, 1, 0, 0
140044, 43776, 1, 0, 0
141044, 51200, 1, 0, 0
142045, 51712, 1, 0, 0
143046, 54016, 1, 0, 0
144047, 47872, 1, 0, 0
145047, 54016, 1, 0, 0
146048, 51456, 1, 0, 0
147049, 58624, 1, 0, 0
148050, 47360, 1, 0, 0
149050, 54016, 1, 0, 0
150051, 48896, 1, 0, 0
151052, 54784, 1, 0, 0
152052, 54784, 1, 0, 0
153053, 49920, 1, 0, 0
154054, 50176, 1, 0, 0
155055, 51968, 1, 0, 0
156055, 58112, 1, 0, 0
157056, 57088, 1, 0, 0
158057, 48640, 1, 0, 0
159057, 52480, 1, 0, 0
160058, 53760, 1, 0, 0
161059, 40448, 1, 0, 0
162060, 57600, 1, 0, 0
163060, 51712, 1, 0, 0
164061, 50944, 1, 0, 0
165062, 56832, 1, 0, 0
166063, 48384, 1, 0, 0
167063, 50432, 1, 0, 0
168064, 58880, 1, 0, 0
169065, 47872, 1, 0, 0
170066, 49408, 1, 0, 0
171066, 53248, 1, 0, 0
172067, 58880, 1, 0, 0
173068, 56832, 1, 0, 0
174068, 49408, 1, 0, 0
175069, 47104, 1, 0, 0
176070, 46080, 1, 0, 0
177071, 53504, 1, 0, 0
178071, 51712, 1, 0, 0
179072, 49920, 1, 0, 0
