1000, 21248, 1, 0, 0
1999, 46894, 1, 0, 0
2999, 52020, 1, 0, 0
4000, 53194, 1, 0, 0
5002, 58309, 1, 0, 0
6003, 60355, 1, 0, 0
7004, 56007, 1, 0, 0
8005, 56007, 1, 0, 0
9006, 51660, 1, 0, 0
10007, 48128, 1, 0, 0
11008, 44755, 1, 0, 0
12010, 46545, 1, 0, 0
13011, 52683, 1, 0, 0
14012, 51916, 1, 0, 0
15013, 57030, 1, 0, 0
16014, 46033, 1, 0, 0
17015, 55240, 1, 0, 0
18016, 55552, 1, 0, 0
19015, 57145, 1, 0, 0
20014, 43051, 1, 0, 0
21013, 44844, 1, 0, 0
22013, 53557, 1, 0, 0
23014, 48847, 1, 0, 0
24015, 53962, 1, 0, 0
25016, 56007, 1, 0, 0
26016, 58112, 1, 0, 0
27016, 49664, 1, 0, 0
28016, 47407, 1, 0, 0
29016, 55607, 1, 0, 0
30016, 49969, 1, 0, 0
31015, 48688, 1, 0, 0
32016, 46848, 1, 0, 0
33016, 48432, 1, 0, 0
34016, 50738, 1, 0, 0
35016, 56320, 1, 0, 0
36016, 56632, 1, 0, 0
37016, 49201, 1, 0, 0
38015, 48944, 1, 0, 0
39016, 53760, 1, 0, 0
40016, 47919, 1, 0, 0
41015, 62270, 1, 0, 0
42015, 50482, 1, 0, 0
43016, 49152, 1, 0, 0
44016, 53813, 1, 0, 0
45016, 60672, 1, 0, 0
46016, 60220, 1, 0, 0
47015, 50738, 1, 0, 0
48016, 55296, 1, 0, 0
49016, 48432, 1, 0, 0
50016, 51251, 1, 0, 0
51016, 60476, 1, 0, 0
52016, 47872, 1, 0, 0
53016, 60220, 1, 0, 0
54016, 48944, 1, 0, 0
55016, 58682, 1, 0, 0
56016, 64064, 1, 0, 0
57015, 56120, 1, 0, 0
58016, 47616, 1, 0, 0
59016, 58170, 1, 0, 0
60016, 61245, 1, 0, 0
61016, 50994, 1, 0, 0
62015, 49201, 1, 0, 0
63016, 53760, 1, 0, 0
64016, 50994, 1, 0, 0
65016, 48896, 1, 0, 0
66016, 52992, 1, 0, 0
67016, 55095, 1, 0, 0
68016, 49969, 1, 0, 0
69015, 52532, 1, 0, 0
70016, 50432, 1, 0, 0
71016, 47663, 1, 0, 0
72016, 47919, 1, 0, 0
73016, 53045, 1, 0, 0
74015, 56376, 1, 0, 0
75016, 50432, 1, 0, 0
76016, 47407, 1, 0, 0
77016, 59451, 1, 0, 0
78016, 54784, 1, 0, 0
79016, 54070, 1, 0, 0
80016, 53557, 1, 0, 0
81015, 47407, 1, 0, 0
82016, 50176, 1, 0, 0
83016, 50994, 1, 0, 0
84016, 55863, 1, 0, 0
85017, 60611, 1, 0, 0
86018, 57600, 1, 0, 0
87019, 58880, 1, 0, 0
88020, 45312, 1, 0, 0
89020, 52224, 1, 0, 0
90021, 58880, 1, 0, 0
91022, 47872, 1, 0, 0
92023, 45312, 1, 0, 0
93024, 50944, 1, 0, 0
94024, 59136, 1, 0, 0
95025, 54272, 1, 0, 0
96026, 56832, 1, 0, 0
97027, 48335, 1, 0, 0
98028, 44755, 1, 0, 0
99029, 50125, 1, 0, 0
100030, 53760, 1, 0, 0
101031, 51456, 1, 0, 0
102031, 50432, 1, 0, 0
103032, 57088, 1, 0, 0
104033, 45824, 1, 0, 0
105033, 55040, 1, 0, 0
106034, 45824, 1, 0, 0
107035, 48640, 1, 0, 0
108036, 37632, 1, 0, 0
109036, 52992, 1, 0, 0
110037, 53248, 1, 0, 0
111038, 54784, 1, 0, 0
112038, 51200, 1, 0, 0
113039, 50176, 1, 0, 0
114040, 48640, 1, 0, 0
115041, 51200, 1, 0, 0
116042, 54985, 1, 0, 0
117043, 50432, 1, 0, 0
118043, 43008, 1, 0, 0
119044, 55552, 1, 0, 0
120045, 54016, 1, 0, 0
121045, 50688, 1, 0, 0
122046, 54528, 1, 0, 0
123047, 50637, 1, 0, 0
124048, 45312, 1, 0, 0
125049, 53504, 1, 0, 0
126049, 50432, 1, 0, 0
127050, 57600, 1, 0, 0
128051, 56576, 1, 0, 0
129052, 62720, 1, 0, 0
130052, 56576, 1, 0, 0
131053, 51456, 1, 0, 0
132054, 42496, 1, 0, 0
133055, 44544, 1, 0, 0
134055, 51200, 1, 0, 0
135056, 48896, 1, 0, 0
136057, 58368, 1, 0, 0
137057, 51712, 1, 0, 0
138058, 53504, 1, 0, 0
139059, 46592, 1, 0, 0
140059, 58624, 1, 0, 0
141060, 52224, 1, 0, 0
142061, 50944, 1, 0, 0
143062, 50176, 1, 0, 0
144062, 45824, 1, 0, 0
145063, 48640, 1, 0, 0
146064, 61184, 1, 0, 0
147065, 57856, 1, 0, 0
148065, 47104, 1, 0, 0
149066, 54528, 1, 0, 0
150067, 44800, 1, 0, 0
151068, 52480, 1, 0, 0
152068, 49152, 1, 0, 0
153069, 59136, 1, 0, 0
154070, 47616, 1, 0, 0
155070, 54784, 1, 0, 0
156071, 58880, 1, 0, 0
157072, 56320, 1, 0, 0
158073, 48128, 1, 0, 0
159073, 51968, 1, 0, 0
160074, 54272, 1, 0, 0
161075, 51968, 1, 0, 0
162076, 56576, 1, 0, 0
163076, 52992, 1, 0, 0
164077, 51712, 1, 0, 0
165078, 46848, 1, 0, 0
166078, 56832, 1, 0, 0
167079, 47872, 1, 0, 0
168080, 65792, 1, 0, 0
169081, 46848, 1, 0, 0
170081, 54016, 1, 0, 0
171082, 48896, 1, 0, 0
172083, 50432, 1, 0, 0
173083, 51968, 1, 0, 0
174084, 60160, 1, 0, 0
175085, 41984, 1, 0, 0
176086, 43776, 1, 0, 0
177086, 43776, 1, 0, 0
178087, 49920, 1, 0, 0
179088, 51968, 1, 0, 0
