1000, 17152, 1, 0, 0
2000, 53504, 1, 0, 0
3000, 53813, 1, 0, 0
4001, 52427, 1, 0, 0
5003, 49358, 1, 0, 0
6004, 51404, 1, 0, 0
7005, 55240, 1, 0, 0
8006, 51916, 1, 0, 0
9008, 47568, 1, 0, 0
10009, 55040, 1, 0, 0
11010, 56519, 1, 0, 0
12011, 42453, 1, 0, 0
13012, 52939, 1, 0, 0
14013, 44755, 1, 0, 0
15014, 54729, 1, 0, 0
16015, 59076, 1, 0, 0
17016, 54217, 1, 0, 0
18018, 48335, 1, 0, 0
19020, 47312, 1, 0, 0
20021, 54473, 1, 0, 0
21022, 51148, 1, 0, 0
22023, 54217, 1, 0, 0
23024, 54473, 1, 0, 0
24025, 53194, 1, 0, 0
25026, 51404, 1, 0, 0
26026, 54784, 1, 0, 0
27026, 44288, 1, 0, 0
28026, 53813, 1, 0, 0
29026, 54582, 1, 0, 0
30026, 47407, 1, 0, 0
31026, 54582, 1, 0, 0
32026, 48128, 1, 0, 0
33026, 52276, 1, 0, 0
34026, 57913, 1, 0, 0
35026, 48640, 1, 0, 0
36026, 40232, 1, 0, 0
37026, 52788, 1, 0, 0
38025, 54070, 1, 0, 0
39026, 46592, 1, 0, 0
40026, 58426, 1, 0, 0
41026, 46126, 1, 0, 0
42025, 46382, 1, 0, 0
43026, 44288, 1, 0, 0
44026, 51251, 1, 0, 0
45026, 44544, 1, 0, 0
46026, 60732, 1, 0, 0
47026, 45613, 1, 0, 0
48026, 52480, 1, 0, 0
49026, 50994, 1, 0, 0
50026, 56120, 1, 0, 0
51026, 52788, 1, 0, 0
52027, 50432, 1, 0, 0
53026, 45101, 1, 0, 0
54026, 50482, 1, 0, 0
55026, 49969, 1, 0, 0
56026, 54326, 1, 0, 0
57026, 48176, 1, 0, 0
58027, 51968, 1, 0, 0
59026, 58682, 1, 0, 0
60026, 58426, 1, 0, 0
61026, 50994, 1, 0, 0
62026, 44588, 1, 0, 0
63027, 47872, 1, 0, 0
64026, 51251, 1, 0, 0
65026, 52992, 1, 0, 0
66026, 46848, 1, 0, 0
67026, 51763, 1, 0, 0
68026, 50226, 1, 0, 0
69026, 52276, 1, 0, 0
70027, 51200, 1, 0, 0
71026, 52020, 1, 0, 0
72026, 51763, 1, 0, 0
73026, 46894, 1, 0, 0
74026, 50226, 1, 0, 0
75026, 49664, 1, 0, 0
76026, 49969, 1, 0, 0
77026, 54582, 1, 0, 0
78026, 39424, 1, 0, 0
79026, 50482, 1, 0, 0
80026, 47407, 1, 0, 0
81026, 45613, 1, 0, 0
82027, 55040, 1, 0, 0
83026, 57913, 1, 0, 0
84026, 59195, 1, 0, 0
85027, 43220, 1, 0, 0
86028, 52992, 1, 0, 0
87029, 53504, 1, 0, 0
88030, 43520, 1, 0, 0
89031, 54528, 1, 0, 0
90032, 56064, 1, 0, 0
91032, 53248, 1, 0, 0
92033, 56576, 1, 0, 0
93034, 49152, 1, 0, 0
94035, 47872, 1, 0, 0
95035, 50688, 1, 0, 0
96036, 46592, 1, 0, 0
97037, 50381, 1, 0, 0
98038, 57542, 1, 0, 0
99039, 51660, 1, 0, 0
100040, 55040, 1, 0, 0
101041, 51968, 1, 0, 0
102042, 46336, 1, 0, 0
103042, 51200, 1, 0, 0
104043, 54784, 1, 0, 0
105044, 57088, 1, 0, 0
106045, 51200, 1, 0, 0
107045, 52480, 1, 0, 0
108046, 54016, 1, 0, 0
109047, 48896, 1, 0, 0
110047, 53504, 1, 0, 0
111048, 48128, 1, 0, 0
112049, 51456, 1, 0, 0
113049, 61184, 1, 0, 0
114050, 51456, 1, 0, 0
115051, 59392, 1, 0, 0
116052, 48079, 1, 0, 0
117053, 50176, 1, 0, 0
118054, 50176, 1, 0, 0
119054, 54784, 1, 0, 0
120055, 53504, 1, 0, 0
121056, 59904, 1, 0, 0
122056, 52224, 1, 0, 0
123058, 49102, 1, 0, 0
124058, 55296, 1, 0, 0
125059, 54528, 1, 0, 0
126060, 47872, 1, 0, 0
127060, 46592, 1, 0, 0
128061, 56064, 1, 0, 0
129062, 52480, 1, 0, 0
130063, 51968, 1, 0, 0
131063, 51712, 1, 0, 0
132064, 49408, 1, 0, 0
133065, 56064, 1, 0, 0
134066, 38656, 1, 0, 0
135066, 46592, 1, 0, 0
136067, 52736, 1, 0, 0
137068, 52736, 1, 0, 0
138068, 50944, 1, 0, 0
139069, 46336, 1, 0, 0
140070, 51968, 1, 0, 0
141071, 56832, 1, 0, 0
142071, 48640, 1, 0, 0
143072, 58880, 1, 0, 0
144073, 54784, 1, 0, 0
145074, 47104, 1, 0, 0
146074, 46592, 1, 0, 0
147075, 60672, 1, 0, 0
148076, 52480, 1, 0, 0
149076, 50688, 1, 0, 0
150077, 53760, 1, 0, 0
151078, 53248, 1, 0, 0
152079, 58368, 1, 0, 0
153079, 53504, 1, 0, 0
154080, 55808, 1, 0, 0
155081, 53760, 1, 0, 0
156081, 48128, 1, 0, 0
157082, 53504, 1, 0, 0
158083, 52480, 1, 0, 0
159084, 52224, 1, 0, 0
160084, 46848, 1, 0, 0
161085, 51456, 1, 0, 0
162086, 54784, 1, 0, 0
163087, 55296, 1, 0, 0
164087, 52224, 1, 0, 0
165088, 45824, 1, 0, 0
166089, 51968, 1, 0, 0
167090, 48384, 1, 0, 0
168090, 65024, 1, 0, 0
169091, 44032, 1, 0, 0
170092, 46848, 1, 0, 0
171092, 45312, 1, 0, 0
172093, 52480, 1, 0, 0
173094, 50944, 1, 0, 0
174094, 55808, 1, 0, 0
175095, 57088, 1, 0, 0
176096, 53504, 1, 0, 0
177097, 48640, 1, 0, 0
178097, 51456, 1, 0, 0
179098, 51456, 1, 0, 0
