999, 17681, 1, 0, 0
1998, 50482, 1, 0, 0
2998, 50738, 1, 0, 0
3997, 51507, 1, 0, 0
4997, 54838, 1, 0, 0
5996, 57401, 1, 0, 0
6995, 50482, 1, 0, 0
7994, 49713, 1, 0, 0
8993, 53557, 1, 0, 0
9994, 51968, 1, 0, 0
10995, 53450, 1, 0, 0
11997, 52427, 1, 0, 0
12998, 56775, 1, 0, 0
13999, 56775, 1, 0, 0
15000, 51660, 1, 0, 0
16001, 49358, 1, 0, 0
17002, 50637, 1, 0, 0
18003, 41728, 1, 0, 0
19002, 53813, 1, 0, 0
20001, 50994, 1, 0, 0
21000, 54582, 1, 0, 0
21999, 54838, 1, 0, 0
23001, 50381, 1, 0, 0
24002, 50125, 1, 0, 0
25003, 58053, 1, 0, 0
26003, 50432, 1, 0, 0
27003, 52224, 1, 0, 0
28003, 55095, 1, 0, 0
29003, 54838, 1, 0, 0
30003, 49457, 1, 0, 0
31002, 61501, 1, 0, 0
32003, 49664, 1, 0, 0
33003, 44844, 1, 0, 0
34003, 58426, 1, 0, 0
35003, 41728, 1, 0, 0
36003, 55351, 1, 0, 0
37003, 52788, 1, 0, 0
38002, 52276, 1, 0, 0
39003, 53504, 1, 0, 0
40003, 60220, 1, 0, 0
41002, 61757, 1, 0, 0
42002, 48176, 1, 0, 0
43003, 49920, 1, 0, 0
44003, 55607, 1, 0, 0
45003, 52736, 1, 0, 0
46003, 64064, 1, 0, 0
47002, 58682, 1, 0, 0
48003, 50176, 1, 0, 0
49003, 49969, 1, 0, 0
50003, 49201, 1, 0, 0
51003, 56120, 1, 0, 0
52003, 46848, 1, 0, 0
53003, 48688, 1, 0, 0
54003, 59451, 1, 0, 0
55003, 53557, 1, 0, 0
56003, 48432, 1, 0, 0
57002, 45613, 1, 0, 0
58003, 47360, 1, 0, 0
59003, 52788, 1, 0, 0
60003, 52532, 1, 0, 0
61003, 57145, 1, 0, 0
62002, 56888, 1, 0, 0
63003, 51968, 1, 0, 0
64003, 48944, 1, 0, 0
65003, 52224, 1, 0, 0
66003, 55808, 1, 0, 0
67003, 47919, 1, 0, 0
68003, 46894, 1, 0, 0
69002, 50738, 1, 0, 0
70003, 46080, 1, 0, 0
71003, 46382, 1, 0, 0
72003, 58682, 1, 0, 0
73003, 48432, 1, 0, 0
74002, 51763, 1, 0, 0
75003, 49664, 1, 0, 0
76003, 45869, 1, 0, 0
77003, 55607, 1, 0, 0
78003, 43520, 1, 0, 0
79003, 52020, 1, 0, 0
80003, 63551, 1, 0, 0
81002, 47663, 1, 0, 0
82003, 48384, 1, 0, 0
83003, 51507, 1, 0, 0
84003, 56632, 1, 0, 0
85004, 48591, 1, 0, 0
86005, 52480, 1, 0, 0
87006, 56832, 1, 0, 0
88007, 53248, 1, 0, 0
89007, 59392, 1, 0, 0
90008, 53504, 1, 0, 0
91009, 46592, 1, 0, 0
92010, 57856, 1, 0, 0
93010, 52224, 1, 0, 0
94011, 58368, 1, 0, 0
95012, 51712, 1, 0, 0
96013, 43776, 1, 0, 0
97014, 43988, 1, 0, 0
98015, 57542, 1, 0, 0
99016, 47824, 1, 0, 0
100017, 55808, 1, 0, 0
101017, 53760, 1, 0, 0
102018, 49664, 1, 0, 0
103019, 62208, 1, 0, 0
104020, 50944, 1, 0, 0
105020, 56320, 1, 0, 0
106021, 47360, 1, 0, 0
107022, 48896, 1, 0, 0
108023, 51200, 1, 0, 0
109023, 52224, 1, 0, 0
110024, 55808, 1, 0, 0
111025, 55808, 1, 0, 0
112025, 52224, 1, 0, 0
113026, 57088, 1, 0, 0
114027, 47104, 1, 0, 0
115028, 52736, 1, 0, 0
116029, 56263, 1, 0, 0
117029, 52480, 1, 0, 0
118030, 57856, 1, 0, 0
119031, 52992, 1, 0, 0
120032, 54784, 1, 0, 0
121032, 49920, 1, 0, 0
122033, 60672, 1, 0, 0
123034, 51404, 1, 0, 0
124035, 48128, 1, 0, 0
125036, 53248, 1, 0, 0
126036, 44288, 1, 0, 0
127037, 56576, 1, 0, 0
128038, 55040, 1, 0, 0
129039, 54784, 1, 0, 0
130039, 46848, 1, 0, 0
131040, 55808, 1, 0, 0
132041, 47360, 1, 0, 0
133041, 53248, 1, 0, 0
134042, 63232, 1, 0, 0
135043, 58368, 1, 0, 0
136044, 56064, 1, 0, 0
137044, 54784, 1, 0, 0
138045, 46336, 1, 0, 0
139046, 54272, 1, 0, 0
140046, 55040, 1, 0, 0
141047, 48896, 1, 0, 0
142048, 53504, 1, 0, 0
143049, 48896, 1, 0, 0
144049, 55552, 1, 0, 0
145050, 56576, 1, 0, 0
146051, 39680, 1, 0, 0
147052, 58624, 1, 0, 0
148052, 51200, 1, 0, 0
149053, 50688, 1, 0, 0
150054, 47616, 1, 0, 0
151054, 58624, 1, 0, 0
152055, 54016, 1, 0, 0
153056, 54528, 1, 0, 0
154057, 58112, 1, 0, 0
155057, 62464, 1, 0, 0
156058, 53760, 1, 0, 0
157059, 55808, 1, 0, 0
158060, 52224, 1, 0, 0
159060, 50432, 1, 0, 0
160061, 40448, 1, 0, 0
161062, 56064, 1, 0, 0
162062, 47104, 1, 0, 0
163063, 56832, 1, 0, 0
164064, 53760, 1, 0, 0
165065, 52480, 1, 0, 0
166065, 60160, 1, 0, 0
167066, 51456, 1, 0, 0
168067, 58112, 1, 0, 0
169068, 49152, 1, 0, 0
170068, 52224, 1, 0, 0
171069, 43776, 1, 0, 0
172070, 44544, 1, 0, 0
173070, 37376, 1, 0, 0
174071, 49664, 1, 0, 0
175072, 50432, 1, 0, 0
176073, 51200, 1, 0, 0
177073, 48896, 1, 0, 0
178074, 51200, 1, 0, 0
179075, 56576, 1, 0, 0
