999, 27163, 1, 0, 0
1998, 41513, 1, 0, 0
2997, 54582, 1, 0, 0
3997, 56632, 1, 0, 0
4996, 49201, 1, 0, 0
5995, 56632, 1, 0, 0
6995, 44588, 1, 0, 0
7994, 53301, 1, 0, 0
8993, 48432, 1, 0, 0
9994, 49920, 1, 0, 0
10993, 59963, 1, 0, 0
11994, 54729, 1, 0, 0
12995, 49102, 1, 0, 0
13996, 49358, 1, 0, 0
14998, 52171, 1, 0, 0
15999, 50637, 1, 0, 0
17000, 51660, 1, 0, 0
18001, 52480, 1, 0, 0
19000, 46638, 1, 0, 0
19999, 52020, 1, 0, 0
20998, 54582, 1, 0, 0
21997, 57401, 1, 0, 0
22998, 45266, 1, 0, 0
24000, 48335, 1, 0, 0
25001, 52427, 1, 0, 0
26001, 37632, 1, 0, 0
27001, 61184, 1, 0, 0
28001, 48176, 1, 0, 0
29001, 57145, 1, 0, 0
30001, 45613, 1, 0, 0
31000, 49457, 1, 0, 0
32001, 50688, 1, 0, 0
33001, 55095, 1, 0, 0
34000, 49201, 1, 0, 0
35001, 48384, 1, 0, 0
36000, 49969, 1, 0, 0
37000, 49201, 1, 0, 0
38000, 51507, 1, 0, 0
39000, 50176, 1, 0, 0
40000, 51763, 1, 0, 0
41000, 51507, 1, 0, 0
42000, 48688, 1, 0, 0
43001, 53248, 1, 0, 0
44000, 54838, 1, 0, 0
45000, 51968, 1, 0, 0
46000, 60476, 1, 0, 0
47000, 52788, 1, 0, 0
48001, 55808, 1, 0, 0
49001, 54838, 1, 0, 0
50000, 54582, 1, 0, 0
51000, 58938, 1, 0, 0
52001, 46848, 1, 0, 0
53001, 51763, 1, 0, 0
54001, 49713, 1, 0, 0
55000, 56888, 1, 0, 0
56000, 52276, 1, 0, 0
57000, 50738, 1, 0, 0
58001, 58112, 1, 0, 0
59001, 49201, 1, 0, 0
60000, 58170, 1, 0, 0
61000, 57145, 1, 0, 0
62000, 46382, 1, 0, 0
63001, 46848, 1, 0, 0
64001, 42026, 1, 0, 0
65001, 54272, 1, 0, 0
66001, 49920, 1, 0, 0
67000, 54838, 1, 0, 0
68000, 49201, 1, 0, 0
69000, 49457, 1, 0, 0
70001, 54016, 1, 0, 0
71001, 52020, 1, 0, 0
72000, 47151, 1, 0, 0
73000, 53045, 1, 0, 0
74000, 43819, 1, 0, 0
75001, 49408, 1, 0, 0
76000, 47407, 1, 0, 0
77000, 52276, 1, 0, 0
78001, 47616, 1, 0, 0
79000, 49457, 1, 0, 0
80000, 55607, 1, 0, 0
81000, 44588, 1, 0, 0
82001, 44800, 1, 0, 0
83001, 58938, 1, 0, 0
84001, 57145, 1, 0, 0
85002, 49102, 1, 0, 0
86002, 60416, 1, 0, 0
87003, 49664, 1, 0, 0
88004, 51200, 1, 0, 0
89005, 49152, 1, 0, 0
90006, 57600, 1, 0, 0
91007, 48896, 1, 0, 0
92007, 57856, 1, 0, 0
93008, 54528, 1, 0, 0
94009, 57600, 1, 0, 0
95010, 50944, 1, 0, 0
96011, 49408, 1, 0, 0
97012, 47312, 1, 0, 0
98013, 50637, 1, 0, 0
99014, 41174, 1, 0, 0
100014, 51200, 1, 0, 0
101015, 56064, 1, 0, 0
102016, 57088, 1, 0, 0
103017, 56064, 1, 0, 0
104017, 58368, 1, 0, 0
105018, 57088, 1, 0, 0
106019, 53248, 1, 0, 0
107020, 52992, 1, 0, 0
108020, 44800, 1, 0, 0
109021, 48128, 1, 0, 0
110022, 47616, 1, 0, 0
111022, 50176, 1, 0, 0
112023, 57088, 1, 0, 0
113024, 50688, 1, 0, 0
114025, 51200, 1, 0, 0
115025, 44288, 1, 0, 0
116026, 55496, 1, 0, 0
117027, 47360, 1, 0, 0
118028, 51712, 1, 0, 0
119028, 47872, 1, 0, 0
120029, 51200, 1, 0, 0
121030, 54272, 1, 0, 0
122031, 51968, 1, 0, 0
123032, 59332, 1, 0, 0
124033, 50432, 1, 0, 0
125033, 48128, 1, 0, 0
126034, 55296, 1, 0, 0
127035, 54016, 1, 0, 0
128036, 45568, 1, 0, 0
129036, 51968, 1, 0, 0
130037, 49152, 1, 0, 0
131038, 45312, 1, 0, 0
132038, 49920, 1, 0, 0
133039, 46848, 1, 0, 0
134040, 50432, 1, 0, 0
135041, 50688, 1, 0, 0
136041, 42752, 1, 0, 0
137042, 55552, 1, 0, 0
138043, 46592, 1, 0, 0
139043, 52992, 1, 0, 0
140044, 56064, 1, 0, 0
141045, 49408, 1, 0, 0
142046, 54016, 1, 0, 0
143046, 46848, 1, 0, 0
144047, 49920, 1, 0, 0
145048, 47616, 1, 0, 0
146049, 54272, 1, 0, 0
147049, 56576, 1, 0, 0
148050, 59904, 1, 0, 0
149051, 50176, 1, 0, 0
150051, 42752, 1, 0, 0
151052, 52480, 1, 0, 0
152053, 47872, 1, 0, 0
153054, 59648, 1, 0, 0
154054, 52480, 1, 0, 0
155055, 60416, 1, 0, 0
156056, 53504, 1, 0, 0
157056, 45824, 1, 0, 0
158057, 52480, 1, 0, 0
159058, 57856, 1, 0, 0
160059, 52224, 1, 0, 0
161059, 54528, 1, 0, 0
162060, 46336, 1, 0, 0
163061, 55552, 1, 0, 0
164062, 50176, 1, 0, 0
165062, 62464, 1, 0, 0
166063, 60160, 1, 0, 0
167064, 52224, 1, 0, 0
168064, 51456, 1, 0, 0
169065, 62464, 1, 0, 0
170066, 55552, 1, 0, 0
171067, 51968, 1, 0, 0
172067, 55296, 1, 0, 0
173068, 58880, 1, 0, 0
174069, 52224, 1, 0, 0
175069, 56832, 1, 0, 0
176070, 51712, 1, 0, 0
177071, 38912, 1, 0, 0
178072, 56064, 1, 0, 0
179072, 57344, 1, 0, 0
