1000, 19712, 1, 0, 0
1999, 49457, 1, 0, 0
2999, 50738, 1, 0, 0
3998, 56120, 1, 0, 0
4997, 52276, 1, 0, 0
5999, 41942, 1, 0, 0
7000, 55496, 1, 0, 0
8001, 45778, 1, 0, 0
9002, 49870, 1, 0, 0
10003, 46336, 1, 0, 0
11004, 57542, 1, 0, 0
12005, 49102, 1, 0, 0
13007, 46033, 1, 0, 0
14008, 45266, 1, 0, 0
15009, 62913, 1, 0, 0
16010, 58309, 1, 0, 0
17011, 54985, 1, 0, 0
18012, 45568, 1, 0, 0
19011, 51507, 1, 0, 0
20010, 57913, 1, 0, 0
21009, 46894, 1, 0, 0
22008, 53045, 1, 0, 0
23010, 43988, 1, 0, 0
24011, 50637, 1, 0, 0
25012, 53450, 1, 0, 0
26012, 49920, 1, 0, 0
27012, 60160, 1, 0, 0
28012, 51763, 1, 0, 0
29012, 40744, 1, 0, 0
30012, 54070, 1, 0, 0
31011, 53813, 1, 0, 0
32012, 48128, 1, 0, 0
33012, 52532, 1, 0, 0
34012, 49713, 1, 0, 0
35012, 53760, 1, 0, 0
36012, 55351, 1, 0, 0
37012, 49969, 1, 0, 0
38011, 50482, 1, 0, 0
39012, 52224, 1, 0, 0
40011, 58938, 1, 0, 0
41011, 49457, 1, 0, 0
42011, 54326, 1, 0, 0
43012, 45568, 1, 0, 0
44012, 47919, 1, 0, 0
45012, 53248, 1, 0, 0
46011, 62270, 1, 0, 0
47011, 57401, 1, 0, 0
48012, 50432, 1, 0, 0
49012, 52020, 1, 0, 0
50012, 53557, 1, 0, 0
51011, 53045, 1, 0, 0
52012, 57600, 1, 0, 0
53012, 52020, 1, 0, 0
54012, 53813, 1, 0, 0
55012, 49201, 1, 0, 0
56011, 49969, 1, 0, 0
57011, 50226, 1, 0, 0
58012, 52480, 1, 0, 0
59012, 63295, 1, 0, 0
60012, 48432, 1, 0, 0
61011, 44076, 1, 0, 0
62011, 45869, 1, 0, 0
63012, 56832, 1, 0, 0
64012, 43563, 1, 0, 0
65012, 59904, 1, 0, 0
66012, 48384, 1, 0, 0
67012, 51507, 1, 0, 0
68011, 49457, 1, 0, 0
69011, 54582, 1, 0, 0
70012, 55808, 1, 0, 0
71012, 51763, 1, 0, 0
72012, 48432, 1, 0, 0
73011, 47663, 1, 0, 0
74011, 50482, 1, 0, 0
75012, 52224, 1, 0, 0
76012, 50994, 1, 0, 0
77011, 51251, 1, 0, 0
78012, 54016, 1, 0, 0
79012, 55095, 1, 0, 0
80011, 50482, 1, 0, 0
81011, 51507, 1, 0, 0
82012, 56320, 1, 0, 0
83012, 46126, 1, 0, 0
84012, 43051, 1, 0, 0
85013, 43988, 1, 0, 0
86014, 49920, 1, 0, 0
87015, 52480, 1, 0, 0
88015, 49408, 1, 0, 0
89016, 55040, 1, 0, 0
90017, 50688, 1, 0, 0
91018, 66304, 1, 0, 0
92019, 61696, 1, 0, 0
93019, 50688, 1, 0, 0
94020, 52736, 1, 0, 0
95021, 47360, 1, 0, 0
96022, 51200, 1, 0, 0
97023, 52427, 1, 0, 0
98024, 44499, 1, 0, 0
99025, 48591, 1, 0, 0
100026, 59904, 1, 0, 0
101026, 50944, 1, 0, 0
102027, 47360, 1, 0, 0
103028, 50944, 1, 0, 0
104029, 55808, 1, 0, 0
105029, 48128, 1, 0, 0
106030, 54016, 1, 0, 0
107031, 52736, 1, 0, 0
108031, 60672, 1, 0, 0
109032, 54784, 1, 0, 0
110033, 47104, 1, 0, 0
111034, 57088, 1, 0, 0
112034, 44800, 1, 0, 0
113035, 46848, 1, 0, 0
114036, 56832, 1, 0, 0
115036, 43008, 1, 0, 0
116038, 45522, 1, 0, 0
117038, 57856, 1, 0, 0
118039, 56576, 1, 0, 0
119040, 49152, 1, 0, 0
120040, 54016, 1, 0, 0
121041, 44800, 1, 0, 0
122042, 58112, 1, 0, 0
123043, 51916, 1, 0, 0
124044, 52480, 1, 0, 0
125045, 56832, 1, 0, 0
126045, 51712, 1, 0, 0
127046, 45312, 1, 0, 0
128047, 53504, 1, 0, 0
129048, 46592, 1, 0, 0
130048, 56576, 1, 0, 0
131049, 62208, 1, 0, 0
132050, 56320, 1, 0, 0
133050, 50688, 1, 0, 0
134051, 50176, 1, 0, 0
135052, 58368, 1, 0, 0
136053, 61440, 1, 0, 0
137053, 36864, 1, 0, 0
138054, 45568, 1, 0, 0
139055, 57344, 1, 0, 0
140055, 47360, 1, 0, 0
141056, 51200, 1, 0, 0
142057, 55552, 1, 0, 0
143057, 48640, 1, 0, 0
144058, 52992, 1, 0, 0
145059, 51968, 1, 0, 0
146060, 61696, 1, 0, 0
147061, 45312, 1, 0, 0
148061, 49152, 1, 0, 0
149062, 45824, 1, 0, 0
150063, 45312, 1, 0, 0
151063, 58624, 1, 0, 0
152064, 47360, 1, 0, 0
153065, 50432, 1, 0, 0
154066, 52480, 1, 0, 0
155066, 53760, 1, 0, 0
156067, 58624, 1, 0, 0
157068, 56320, 1, 0, 0
158068, 46336, 1, 0, 0
159069, 47616, 1, 0, 0
160070, 56832, 1, 0, 0
161071, 50944, 1, 0, 0
162071, 46336, 1, 0, 0
163072, 54528, 1, 0, 0
164073, 57600, 1, 0, 0
165073, 45824, 1, 0, 0
166074, 59392, 1, 0, 0
167075, 44544, 1, 0, 0
168076, 55040, 1, 0, 0
169076, 50944, 1, 0, 0
170077, 54272, 1, 0, 0
171078, 52480, 1, 0, 0
172079, 54272, 1, 0, 0
173079, 54272, 1, 0, 0
174080, 51456, 1, 0, 0
175081, 58880, 1, 0, 0
176081, 51712, 1, 0, 0
177082, 41216, 1, 0, 0
178083, 52224, 1, 0, 0
179084, 49664, 1, 0, 0
