1000, 14592, 1, 0, 0
1999, 48432, 1, 0, 0
2999, 50994, 1, 0, 0
3998, 47919, 1, 0, 0
4997, 50994, 1, 0, 0
5997, 48176, 1, 0, 0
6996, 54838, 1, 0, 0
7995, 40744, 1, 0, 0
8994, 50482, 1, 0, 0
9995, 50432, 1, 0, 0
10994, 53557, 1, 0, 0
11995, 58053, 1, 0, 0
12996, 52683, 1, 0, 0
13997, 53706, 1, 0, 0
14999, 48591, 1, 0, 0
16000, 55240, 1, 0, 0
17001, 56519, 1, 0, 0
18002, 48896, 1, 0, 0
19001, 48176, 1, 0, 0
20000, 56888, 1, 0, 0
20999, 50738, 1, 0, 0
21998, 52020, 1, 0, 0
22999, 55240, 1, 0, 0
24001, 50893, 1, 0, 0
25002, 47056, 1, 0, 0
26002, 57088, 1, 0, 0
27002, 51712, 1, 0, 0
28002, 53557, 1, 0, 0
29002, 57145, 1, 0, 0
30002, 59707, 1, 0, 0
31001, 55095, 1, 0, 0
32002, 48896, 1, 0, 0
33002, 60476, 1, 0, 0
34002, 48944, 1, 0, 0
35002, 48128, 1, 0, 0
36002, 42794, 1, 0, 0
37001, 52788, 1, 0, 0
38001, 52020, 1, 0, 0
39001, 46336, 1, 0, 0
40001, 48688, 1, 0, 0
41001, 57913, 1, 0, 0
42001, 56888, 1, 0, 0
43002, 55808, 1, 0, 0
44001, 54582, 1, 0, 0
45001, 40448, 1, 0, 0
46001, 53045, 1, 0, 0
47001, 42538, 1, 0, 0
48002, 47616, 1, 0, 0
49002, 50482, 1, 0, 0
50001, 55863, 1, 0, 0
51001, 47407, 1, 0, 0
52002, 56832, 1, 0, 0
53002, 50738, 1, 0, 0
54002, 52788, 1, 0, 0
55001, 59451, 1, 0, 0
56001, 52532, 1, 0, 0
57001, 53557, 1, 0, 0
58002, 60928, 1, 0, 0
59002, 44588, 1, 0, 0
60002, 52020, 1, 0, 0
61001, 57657, 1, 0, 0
62001, 56632, 1, 0, 0
63002, 52224, 1, 0, 0
64002, 57145, 1, 0, 0
65002, 52480, 1, 0, 0
66002, 52480, 1, 0, 0
67002, 46382, 1, 0, 0
68001, 54582, 1, 0, 0
69001, 46894, 1, 0, 0
70002, 48384, 1, 0, 0
71002, 67651, 1, 0, 0
72001, 47919, 1, 0, 0
73001, 52532, 1, 0, 0
74001, 48944, 1, 0, 0
75002, 52224, 1, 0, 0
76002, 61501, 1, 0, 0
77001, 53301, 1, 0, 0
78002, 55040, 1, 0, 0
79001, 48944, 1, 0, 0
80001, 42538, 1, 0, 0
81001, 49713, 1, 0, 0
82002, 47616, 1, 0, 0
83002, 50482, 1, 0, 0
84002, 52020, 1, 0, 0
85003, 49102, 1, 0, 0
86004, 49920, 1, 0, 0
87004, 55296, 1, 0, 0
88005, 49152, 1, 0, 0
89006, 50432, 1, 0, 0
90007, 51456, 1, 0, 0
91008, 50176, 1, 0, 0
92008, 57088, 1, 0, 0
93009, 50688, 1, 0, 0
94010, 54528, 1, 0, 0
95011, 46848, 1, 0, 0
96012, 52736, 1, 0, 0
97013, 52427, 1, 0, 0
98014, 49870, 1, 0, 0
99015, 56007, 1, 0, 0
100015, 61440, 1, 0, 0
101016, 49408, 1, 0, 0
102017, 51200, 1, 0, 0
103018, 46592, 1, 0, 0
104018, 42496, 1, 0, 0
105019, 53504, 1, 0, 0
106020, 54528, 1, 0, 0
107021, 55040, 1, 0, 0
108021, 55552, 1, 0, 0
109022, 56320, 1, 0, 0
110023, 46080, 1, 0, 0
111023, 49920, 1, 0, 0
112024, 55552, 1, 0, 0
113025, 47616, 1, 0, 0
114026, 47616, 1, 0, 0
115026, 49664, 1, 0, 0
116027, 52427, 1, 0, 0
117028, 49408, 1, 0, 0
118029, 47360, 1, 0, 0
119030, 51456, 1, 0, 0
120030, 52736, 1, 0, 0
121031, 46336, 1, 0, 0
122032, 53504, 1, 0, 0
123033, 58565, 1, 0, 0
124034, 51968, 1, 0, 0
125034, 44544, 1, 0, 0
126035, 62976, 1, 0, 0
127036, 56576, 1, 0, 0
128037, 50432, 1, 0, 0
129037, 56320, 1, 0, 0
130038, 57344, 1, 0, 0
131039, 52736, 1, 0, 0
132039, 50176, 1, 0, 0
133040, 47872, 1, 0, 0
134041, 43008, 1, 0, 0
135042, 51968, 1, 0, 0
136042, 54784, 1, 0, 0
137043, 50688, 1, 0, 0
138044, 49408, 1, 0, 0
139045, 60672, 1, 0, 0
140045, 48128, 1, 0, 0
141046, 50688, 1, 0, 0
142047, 56576, 1, 0, 0
143047, 46848, 1, 0, 0
144048, 58624, 1, 0, 0
145049, 43008, 1, 0, 0
146050, 56576, 1, 0, 0
147050, 48384, 1, 0, 0
148051, 58112, 1, 0, 0
149052, 48128, 1, 0, 0
150053, 52224, 1, 0, 0
151053, 62208, 1, 0, 0
152054, 51456, 1, 0, 0
153055, 59392, 1, 0, 0
154055, 54784, 1, 0, 0
155056, 55296, 1, 0, 0
156057, 52992, 1, 0, 0
157058, 47616, 1, 0, 0
158058, 52736, 1, 0, 0
159059, 48128, 1, 0, 0
160060, 49664, 1, 0, 0
161060, 49408, 1, 0, 0
162061, 54784, 1, 0, 0
163062, 47872, 1, 0, 0
164063, 48640, 1, 0, 0
165063, 46080, 1, 0, 0
166064, 56576, 1, 0, 0
167065, 54528, 1, 0, 0
168066, 54784, 1, 0, 0
169066, 63744, 1, 0, 0
170067, 51456, 1, 0, 0
171068, 66048, 1, 0, 0
172068, 39424, 1, 0, 0
173069, 53248, 1, 0, 0
174070, 39936, 1, 0, 0
175071, 51456, 1, 0, 0
176071, 54016, 1, 0, 0
177072, 52224, 1, 0, 0
178073, 56576, 1, 0, 0
179074, 47872, 1, 0, 0
