999, 9993, 1, 0, 0
1999, 49457, 1, 0, 0
2998, 56632, 1, 0, 0
3998, 53301, 1, 0, 0
4997, 56632, 1, 0, 0
5996, 52788, 1, 0, 0
6995, 56632, 1, 0, 0
7994, 48688, 1, 0, 0
8994, 53557, 1, 0, 0
9995, 53504, 1, 0, 0
10996, 59332, 1, 0, 0
11997, 55240, 1, 0, 0
12998, 58565, 1, 0, 0
13999, 46289, 1, 0, 0
15000, 47568, 1, 0, 0
16001, 57542, 1, 0, 0
17002, 49102, 1, 0, 0
18003, 50432, 1, 0, 0
19003, 54070, 1, 0, 0
20002, 43051, 1, 0, 0
21001, 51507, 1, 0, 0
22000, 49201, 1, 0, 0
23001, 49358, 1, 0, 0
24002, 55752, 1, 0, 0
25003, 50893, 1, 0, 0
26003, 48128, 1, 0, 0
27003, 60928, 1, 0, 0
28003, 54326, 1, 0, 0
29003, 54582, 1, 0, 0
30003, 57657, 1, 0, 0
31002, 46894, 1, 0, 0
32003, 51968, 1, 0, 0
33003, 45869, 1, 0, 0
34003, 46894, 1, 0, 0
35003, 58368, 1, 0, 0
36003, 56888, 1, 0, 0
37003, 47663, 1, 0, 0
38002, 48944, 1, 0, 0
39003, 52736, 1, 0, 0
40003, 48944, 1, 0, 0
41003, 52788, 1, 0, 0
42002, 58170, 1, 0, 0
43003, 48128, 1, 0, 0
44003, 54838, 1, 0, 0
45003, 56832, 1, 0, 0
46003, 42538, 1, 0, 0
47003, 41769, 1, 0, 0
48003, 61184, 1, 0, 0
49003, 58170, 1, 0, 0
50003, 50738, 1, 0, 0
51003, 58426, 1, 0, 0
52004, 49664, 1, 0, 0
53003, 55607, 1, 0, 0
54003, 57145, 1, 0, 0
55003, 58938, 1, 0, 0
56003, 43819, 1, 0, 0
57003, 51251, 1, 0, 0
58003, 47872, 1, 0, 0
59003, 59195, 1, 0, 0
60003, 45869, 1, 0, 0
61003, 56632, 1, 0, 0
62003, 52276, 1, 0, 0
63003, 54272, 1, 0, 0
64003, 47663, 1, 0, 0
65003, 42752, 1, 0, 0
66003, 45312, 1, 0, 0
67003, 58170, 1, 0, 0
68003, 48432, 1, 0, 0
69003, 49969, 1, 0, 0
70004, 57856, 1, 0, 0
71003, 47407, 1, 0, 0
72003, 56632, 1, 0, 0
73003, 50738, 1, 0, 0
74003, 49713, 1, 0, 0
75003, 55808, 1, 0, 0
76003, 47919, 1, 0, 0
77003, 62014, 1, 0, 0
78003, 53760, 1, 0, 0
79003, 42026, 1, 0, 0
80003, 45101, 1, 0, 0
81003, 44076, 1, 0, 0
82003, 47360, 1, 0, 0
83003, 33313, 1, 0, 0
84003, 54582, 1, 0, 0
85004, 53450, 1, 0, 0
86005, 43776, 1, 0, 0
87006, 60672, 1, 0, 0
88007, 43264, 1, 0, 0
89008, 57856, 1, 0, 0
90008, 56576, 1, 0, 0
91009, 61696, 1, 0, 0
92010, 46080, 1, 0, 0
93011, 60672, 1, 0, 0
94012, 50688, 1, 0, 0
95012, 48384, 1, 0, 0
96013, 51968, 1, 0, 0
97014, 55240, 1, 0, 0
98015, 54985, 1, 0, 0
99016, 47824, 1, 0, 0
100017, 56064, 1, 0, 0
101018, 46592, 1, 0, 0
102019, 54528, 1, 0, 0
103019, 53504, 1, 0, 0
104020, 49152, 1, 0, 0
105021, 52992, 1, 0, 0
106021, 50176, 1, 0, 0
107022, 51968, 1, 0, 0
108023, 57600, 1, 0, 0
109024, 55808, 1, 0, 0
110024, 48384, 1, 0, 0
111025, 48384, 1, 0, 0
112026, 52736, 1, 0, 0
113026, 54272, 1, 0, 0
114027, 50944, 1, 0, 0
115028, 51712, 1, 0, 0
116029, 49870, 1, 0, 0
117030, 52224, 1, 0, 0
118030, 56576, 1, 0, 0
119031, 44544, 1, 0, 0
120032, 47872, 1, 0, 0
121033, 46848, 1, 0, 0
122033, 51200, 1, 0, 0
123035, 49870, 1, 0, 0
124035, 46848, 1, 0, 0
125036, 49152, 1, 0, 0
126037, 55808, 1, 0, 0
127037, 54784, 1, 0, 0
128038, 46848, 1, 0, 0
129039, 50176, 1, 0, 0
130040, 59904, 1, 0, 0
131040, 59648, 1, 0, 0
132041, 46592, 1, 0, 0
133042, 48896, 1, 0, 0
134042, 51712, 1, 0, 0
135043, 41472, 1, 0, 0
136044, 51456, 1, 0, 0
137045, 47872, 1, 0, 0
138045, 47872, 1, 0, 0
139046, 55040, 1, 0, 0
140047, 56320, 1, 0, 0
141047, 52224, 1, 0, 0
142048, 53760, 1, 0, 0
143049, 51456, 1, 0, 0
144050, 54016, 1, 0, 0
145051, 42496, 1, 0, 0
146051, 49664, 1, 0, 0
147052, 49408, 1, 0, 0
148053, 54016, 1, 0, 0
149053, 58368, 1, 0, 0
150054, 54016, 1, 0, 0
151055, 61440, 1, 0, 0
152056, 50432, 1, 0, 0
153056, 46848, 1, 0, 0
154057, 52480, 1, 0, 0
155058, 52736, 1, 0, 0
156058, 50432, 1, 0, 0
157059, 50432, 1, 0, 0
158060, 45568, 1, 0, 0
159060, 45824, 1, 0, 0
160061, 51712, 1, 0, 0
161062, 51968, 1, 0, 0
162063, 56064, 1, 0, 0
163063, 52224, 1, 0, 0
164064, 45824, 1, 0, 0
165065, 51456, 1, 0, 0
166066, 49152, 1, 0, 0
167066, 53504, 1, 0, 0
168067, 56576, 1, 0, 0
169068, 51200, 1, 0, 0
170069, 52992, 1, 0, 0
171069, 48128, 1, 0, 0
172070, 51712, 1, 0, 0
173071, 47616, 1, 0, 0
174071, 49408, 1, 0, 0
175072, 55296, 1, 0, 0
176073, 45312, 1, 0, 0
177074, 55296, 1, 0, 0
178074, 48384, 1, 0, 0
179075, 56832, 1, 0, 0
