999, 21525, 1, 0, 0
1998, 54582, 1, 0, 0
2998, 58682, 1, 0, 0
3997, 51251, 1, 0, 0
4997, 59195, 1, 0, 0
5996, 52276, 1, 0, 0
6995, 56888, 1, 0, 0
7994, 48432, 1, 0, 0
8993, 53301, 1, 0, 0
9994, 64000, 1, 0, 0
10993, 51507, 1, 0, 0
11992, 46382, 1, 0, 0
12994, 53450, 1, 0, 0
13995, 53194, 1, 0, 0
14996, 47056, 1, 0, 0
15997, 46033, 1, 0, 0
16998, 57798, 1, 0, 0
17999, 46592, 1, 0, 0
18998, 50994, 1, 0, 0
19997, 48176, 1, 0, 0
20996, 58682, 1, 0, 0
21995, 48688, 1, 0, 0
22997, 47056, 1, 0, 0
23998, 49614, 1, 0, 0
24999, 54729, 1, 0, 0
25999, 54784, 1, 0, 0
26999, 50944, 1, 0, 0
27999, 54838, 1, 0, 0
28999, 51507, 1, 0, 0
29999, 59707, 1, 0, 0
30998, 45101, 1, 0, 0
31999, 61696, 1, 0, 0
32999, 54838, 1, 0, 0
33999, 48688, 1, 0, 0
34999, 52992, 1, 0, 0
35999, 53813, 1, 0, 0
36999, 59707, 1, 0, 0
37998, 45869, 1, 0, 0
38999, 43520, 1, 0, 0
39999, 53813, 1, 0, 0
40998, 51251, 1, 0, 0
41998, 58938, 1, 0, 0
42999, 60672, 1, 0, 0
43999, 54070, 1, 0, 0
44999, 50176, 1, 0, 0
45999, 52532, 1, 0, 0
46998, 41769, 1, 0, 0
47999, 56832, 1, 0, 0
48999, 54326, 1, 0, 0
49999, 58938, 1, 0, 0
50999, 59707, 1, 0, 0
51999, 50176, 1, 0, 0
52999, 46126, 1, 0, 0
53999, 45357, 1, 0, 0
54999, 61245, 1, 0, 0
55999, 53557, 1, 0, 0
56998, 53813, 1, 0, 0
57999, 52992, 1, 0, 0
58999, 47407, 1, 0, 0
59999, 59707, 1, 0, 0
60999, 54838, 1, 0, 0
61998, 52020, 1, 0, 0
62999, 50944, 1, 0, 0
63999, 46894, 1, 0, 0
64999, 47872, 1, 0, 0
65999, 49920, 1, 0, 0
66999, 57145, 1, 0, 0
67999, 44076, 1, 0, 0
68998, 49457, 1, 0, 0
69999, 51456, 1, 0, 0
70999, 59451, 1, 0, 0
71999, 50482, 1, 0, 0
72999, 50482, 1, 0, 0
73998, 44844, 1, 0, 0
74999, 47872, 1, 0, 0
75999, 42794, 1, 0, 0
76999, 49201, 1, 0, 0
77999, 52480, 1, 0, 0
78999, 52788, 1, 0, 0
79999, 46382, 1, 0, 0
80998, 48432, 1, 0, 0
81999, 50432, 1, 0, 0
82999, 48944, 1, 0, 0
83999, 48432, 1, 0, 0
85000, 46289, 1, 0, 0
86001, 52736, 1, 0, 0
87002, 49408, 1, 0, 0
88002, 58624, 1, 0, 0
89003, 50176, 1, 0, 0
90004, 59392, 1, 0, 0
91005, 52736, 1, 0, 0
92006, 51712, 1, 0, 0
93006, 61184, 1, 0, 0
94007, 52224, 1, 0, 0
95008, 52224, 1, 0, 0
96009, 59136, 1, 0, 0
97010, 54473, 1, 0, 0
98011, 47312, 1, 0, 0
99012, 51148, 1, 0, 0
100013, 46592, 1, 0, 0
101013, 44032, 1, 0, 0
102014, 47872, 1, 0, 0
103015, 57856, 1, 0, 0
104016, 52480, 1, 0, 0
105016, 48896, 1, 0, 0
106017, 46592, 1, 0, 0
107018, 51712, 1, 0, 0
108019, 51456, 1, 0, 0
109019, 57600, 1, 0, 0
110020, 53504, 1, 0, 0
111021, 50432, 1, 0, 0
112021, 50176, 1, 0, 0
113022, 47616, 1, 0, 0
114023, 47872, 1, 0, 0
115024, 62464, 1, 0, 0
116025, 54217, 1, 0, 0
117025, 47104, 1, 0, 0
118026, 59136, 1, 0, 0
119027, 56320, 1, 0, 0
120028, 59136, 1, 0, 0
121028, 58624, 1, 0, 0
122029, 56064, 1, 0, 0
123030, 53450, 1, 0, 0
124031, 47872, 1, 0, 0
125032, 49408, 1, 0, 0
126032, 47360, 1, 0, 0
127033, 45312, 1, 0, 0
128034, 43520, 1, 0, 0
129035, 53760, 1, 0, 0
130035, 43264, 1, 0, 0
131036, 55296, 1, 0, 0
132037, 46848, 1, 0, 0
133037, 44288, 1, 0, 0
134038, 45312, 1, 0, 0
135039, 59136, 1, 0, 0
136040, 51712, 1, 0, 0
137040, 51712, 1, 0, 0
138041, 48128, 1, 0, 0
139042, 43520, 1, 0, 0
140042, 58368, 1, 0, 0
141043, 45056, 1, 0, 0
142044, 57600, 1, 0, 0
143045, 52736, 1, 0, 0
144045, 48384, 1, 0, 0
145046, 49152, 1, 0, 0
146047, 39168, 1, 0, 0
147048, 52736, 1, 0, 0
148048, 40704, 1, 0, 0
149049, 50176, 1, 0, 0
150050, 58368, 1, 0, 0
151050, 66816, 1, 0, 0
152051, 59136, 1, 0, 0
153052, 53504, 1, 0, 0
154053, 58624, 1, 0, 0
155053, 57088, 1, 0, 0
156054, 59136, 1, 0, 0
157055, 48128, 1, 0, 0
158055, 56576, 1, 0, 0
159056, 49920, 1, 0, 0
160057, 50432, 1, 0, 0
161058, 55808, 1, 0, 0
162058, 62720, 1, 0, 0
163059, 51968, 1, 0, 0
164060, 54272, 1, 0, 0
165061, 55296, 1, 0, 0
166061, 53504, 1, 0, 0
167062, 51968, 1, 0, 0
168063, 55040, 1, 0, 0
169064, 46336, 1, 0, 0
170064, 51968, 1, 0, 0
171065, 52224, 1, 0, 0
172066, 56064, 1, 0, 0
173066, 49408, 1, 0, 0
174067, 57856, 1, 0, 0
175068, 54528, 1, 0, 0
176069, 52736, 1, 0, 0
177069, 42496, 1, 0, 0
178070, 48128, 1, 0, 0
179071, 56576, 1, 0, 0
