1000, 23040, 1, 0, 0
2001, 55296, 1, 0, 0
3000, 54582, 1, 0, 0
4000, 56120, 1, 0, 0
5001, 58309, 1, 0, 0
6002, 49102, 1, 0, 0
7003, 45010, 1, 0, 0
8005, 61378, 1, 0, 0
9006, 57286, 1, 0, 0
10007, 46592, 1, 0, 0
11008, 53706, 1, 0, 0
12009, 46801, 1, 0, 0
13010, 50893, 1, 0, 0
14011, 48335, 1, 0, 0
15012, 54217, 1, 0, 0
16013, 54217, 1, 0, 0
17015, 51916, 1, 0, 0
18016, 46545, 1, 0, 0
19018, 39896, 1, 0, 0
20019, 52683, 1, 0, 0
21020, 45266, 1, 0, 0
22021, 45778, 1, 0, 0
23022, 47312, 1, 0, 0
24023, 63424, 1, 0, 0
25024, 49102, 1, 0, 0
26026, 47568, 1, 0, 0
27026, 44288, 1, 0, 0
28028, 48591, 1, 0, 0
29029, 56064, 1, 0, 0
30030, 65536, 1, 0, 0
31031, 56775, 1, 0, 0
32032, 56064, 1, 0, 0
33032, 45869, 1, 0, 0
34031, 49201, 1, 0, 0
35032, 52992, 1, 0, 0
36031, 42794, 1, 0, 0
37031, 51251, 1, 0, 0
38031, 54838, 1, 0, 0
39031, 55552, 1, 0, 0
40031, 49713, 1, 0, 0
41031, 59707, 1, 0, 0
42031, 46382, 1, 0, 0
43032, 43520, 1, 0, 0
44031, 53813, 1, 0, 0
45031, 61184, 1, 0, 0
46031, 50994, 1, 0, 0
47031, 60732, 1, 0, 0
48032, 55552, 1, 0, 0
49032, 46894, 1, 0, 0
50031, 53045, 1, 0, 0
51031, 51251, 1, 0, 0
52032, 53504, 1, 0, 0
53032, 51251, 1, 0, 0
54032, 47407, 1, 0, 0
55031, 59707, 1, 0, 0
56031, 55863, 1, 0, 0
57031, 50738, 1, 0, 0
58032, 55040, 1, 0, 0
59032, 53557, 1, 0, 0
60031, 45869, 1, 0, 0
61031, 57913, 1, 0, 0
62031, 59451, 1, 0, 0
63032, 48384, 1, 0, 0
64032, 40488, 1, 0, 0
65032, 50944, 1, 0, 0
66032, 47104, 1, 0, 0
67031, 56120, 1, 0, 0
68031, 42538, 1, 0, 0
69031, 56120, 1, 0, 0
70032, 53248, 1, 0, 0
71032, 56120, 1, 0, 0
72031, 45869, 1, 0, 0
73031, 47407, 1, 0, 0
74031, 57913, 1, 0, 0
75032, 59648, 1, 0, 0
76031, 50226, 1, 0, 0
77031, 47663, 1, 0, 0
78032, 47616, 1, 0, 0
79031, 45101, 1, 0, 0
80031, 49457, 1, 0, 0
81031, 46126, 1, 0, 0
82032, 51456, 1, 0, 0
83032, 51763, 1, 0, 0
84032, 52276, 1, 0, 0
85033, 51404, 1, 0, 0
86033, 51456, 1, 0, 0
87034, 55808, 1, 0, 0
88035, 59648, 1, 0, 0
89036, 51456, 1, 0, 0
90037, 45568, 1, 0, 0
91038, 52224, 1, 0, 0
92038, 51456, 1, 0, 0
93039, 47360, 1, 0, 0
94040, 53248, 1, 0, 0
95041, 51968, 1, 0, 0
96041, 49152, 1, 0, 0
97043, 52939, 1, 0, 0
98044, 57542, 1, 0, 0
99045, 57030, 1, 0, 0
100045, 53248, 1, 0, 0
101046, 48384, 1, 0, 0
102047, 49664, 1, 0, 0
103048, 52480, 1, 0, 0
104048, 52224, 1, 0, 0
105049, 47616, 1, 0, 0
106050, 57088, 1, 0, 0
107051, 48384, 1, 0, 0
108051, 46848, 1, 0, 0
109052, 54272, 1, 0, 0
110053, 57856, 1, 0, 0
111053, 54272, 1, 0, 0
112054, 54016, 1, 0, 0
113055, 53248, 1, 0, 0
114055, 45568, 1, 0, 0
115056, 50432, 1, 0, 0
116057, 48847, 1, 0, 0
117058, 53504, 1, 0, 0
118059, 53504, 1, 0, 0
119059, 55808, 1, 0, 0
120060, 57344, 1, 0, 0
121061, 48384, 1, 0, 0
122062, 40192, 1, 0, 0
123063, 54985, 1, 0, 0
124064, 48128, 1, 0, 0
125064, 59904, 1, 0, 0
126065, 60928, 1, 0, 0
127066, 47360, 1, 0, 0
128066, 50688, 1, 0, 0
129067, 57600, 1, 0, 0
130068, 50688, 1, 0, 0
131069, 48896, 1, 0, 0
132069, 46080, 1, 0, 0
133070, 55552, 1, 0, 0
134071, 44032, 1, 0, 0
135072, 42240, 1, 0, 0
136072, 44544, 1, 0, 0
137073, 64512, 1, 0, 0
138074, 52992, 1, 0, 0
139074, 60928, 1, 0, 0
140075, 56576, 1, 0, 0
141076, 45312, 1, 0, 0
142076, 53504, 1, 0, 0
143077, 47360, 1, 0, 0
144078, 54528, 1, 0, 0
145079, 52224, 1, 0, 0
146080, 47360, 1, 0, 0
147080, 50944, 1, 0, 0
148081, 47104, 1, 0, 0
149082, 50944, 1, 0, 0
150082, 54784, 1, 0, 0
151083, 51712, 1, 0, 0
152084, 49152, 1, 0, 0
153085, 50432, 1, 0, 0
154085, 53248, 1, 0, 0
155086, 54528, 1, 0, 0
156087, 52480, 1, 0, 0
157087, 47104, 1, 0, 0
158088, 58112, 1, 0, 0
159089, 49664, 1, 0, 0
160090, 43008, 1, 0, 0
161090, 57344, 1, 0, 0
162091, 52992, 1, 0, 0
163092, 53504, 1, 0, 0
164093, 46848, 1, 0, 0
165093, 47616, 1, 0, 0
166094, 50176, 1, 0, 0
167095, 54528, 1, 0, 0
168095, 54528, 1, 0, 0
169096, 50688, 1, 0, 0
170097, 48896, 1, 0, 0
171098, 51712, 1, 0, 0
172098, 60672, 1, 0, 0
173099, 51456, 1, 0, 0
174100, 56320, 1, 0, 0
175100, 50944, 1, 0, 0
176101, 55296, 1, 0, 0
177102, 44288, 1, 0, 0
178103, 44032, 1, 0, 0
179103, 52480, 1, 0, 0
