1000, 11008, 1, 0, 0
2000, 48896, 1, 0, 0
3000, 55863, 1, 0, 0
3999, 57401, 1, 0, 0
4999, 47663, 1, 0, 0
6000, 46289, 1, 0, 0
7001, 56775, 1, 0, 0
8002, 49870, 1, 0, 0
9004, 61634, 1, 0, 0
10004, 54784, 1, 0, 0
11006, 51660, 1, 0, 0
12007, 49358, 1, 0, 0
13008, 52427, 1, 0, 0
14009, 60355, 1, 0, 0
15010, 44499, 1, 0, 0
16011, 52683, 1, 0, 0
17012, 49358, 1, 0, 0
18014, 50381, 1, 0, 0
19015, 46289, 1, 0, 0
20017, 47312, 1, 0, 0
21018, 56007, 1, 0, 0
22019, 57798, 1, 0, 0
23020, 54473, 1, 0, 0
24021, 50637, 1, 0, 0
25022, 45522, 1, 0, 0
26022, 47104, 1, 0, 0
27022, 50688, 1, 0, 0
28022, 47407, 1, 0, 0
29022, 63551, 1, 0, 0
30022, 68932, 1, 0, 0
31021, 46638, 1, 0, 0
32022, 58624, 1, 0, 0
33022, 54838, 1, 0, 0
34022, 52788, 1, 0, 0
35022, 46336, 1, 0, 0
36022, 50226, 1, 0, 0
37022, 53045, 1, 0, 0
38021, 50482, 1, 0, 0
39022, 43008, 1, 0, 0
40022, 59451, 1, 0, 0
41022, 45869, 1, 0, 0
42021, 56120, 1, 0, 0
43022, 51712, 1, 0, 0
44022, 48944, 1, 0, 0
45022, 58112, 1, 0, 0
46022, 53813, 1, 0, 0
47022, 54838, 1, 0, 0
48022, 56576, 1, 0, 0
49022, 57145, 1, 0, 0
50022, 43307, 1, 0, 0
51022, 56120, 1, 0, 0
52023, 52480, 1, 0, 0
53022, 49201, 1, 0, 0
54022, 52532, 1, 0, 0
55022, 48432, 1, 0, 0
56022, 51763, 1, 0, 0
57022, 54326, 1, 0, 0
58022, 49664, 1, 0, 0
59022, 49201, 1, 0, 0
60022, 54326, 1, 0, 0
61022, 42282, 1, 0, 0
62022, 52788, 1, 0, 0
63022, 45824, 1, 0, 0
64022, 55863, 1, 0, 0
65022, 57088, 1, 0, 0
66022, 52480, 1, 0, 0
67022, 48688, 1, 0, 0
68022, 57145, 1, 0, 0
69022, 49457, 1, 0, 0
70023, 47616, 1, 0, 0
71022, 43563, 1, 0, 0
72022, 51763, 1, 0, 0
73022, 59963, 1, 0, 0
74022, 58938, 1, 0, 0
75022, 51968, 1, 0, 0
76022, 56888, 1, 0, 0
77022, 53557, 1, 0, 0
78022, 51200, 1, 0, 0
79022, 56120, 1, 0, 0
80022, 58426, 1, 0, 0
81022, 50226, 1, 0, 0
82023, 55040, 1, 0, 0
83022, 53301, 1, 0, 0
84022, 58426, 1, 0, 0
85023, 51404, 1, 0, 0
86024, 53504, 1, 0, 0
87025, 54272, 1, 0, 0
88026, 46848, 1, 0, 0
89027, 50432, 1, 0, 0
90027, 47616, 1, 0, 0
91028, 62976, 1, 0, 0
92029, 51200, 1, 0, 0
93030, 48896, 1, 0, 0
94031, 48896, 1, 0, 0
95031, 63744, 1, 0, 0
96032, 55552, 1, 0, 0
97033, 49102, 1, 0, 0
98034, 57030, 1, 0, 0
99035, 62657, 1, 0, 0
100036, 52992, 1, 0, 0
101037, 51712, 1, 0, 0
102038, 47616, 1, 0, 0
103038, 60160, 1, 0, 0
104039, 54784, 1, 0, 0
105040, 51968, 1, 0, 0
106040, 58112, 1, 0, 0
107041, 57600, 1, 0, 0
108042, 54528, 1, 0, 0
109043, 59648, 1, 0, 0
110043, 48128, 1, 0, 0
111044, 59136, 1, 0, 0
112045, 43776, 1, 0, 0
113045, 46336, 1, 0, 0
114046, 59904, 1, 0, 0
115047, 47360, 1, 0, 0
116048, 42197, 1, 0, 0
117049, 50176, 1, 0, 0
118049, 51456, 1, 0, 0
119050, 50432, 1, 0, 0
120051, 54528, 1, 0, 0
121052, 50944, 1, 0, 0
122052, 54528, 1, 0, 0
123054, 49358, 1, 0, 0
124054, 56320, 1, 0, 0
125055, 48640, 1, 0, 0
126056, 49152, 1, 0, 0
127056, 55040, 1, 0, 0
128057, 52480, 1, 0, 0
129058, 48384, 1, 0, 0
130059, 52992, 1, 0, 0
131059, 49408, 1, 0, 0
132060, 51968, 1, 0, 0
133061, 57088, 1, 0, 0
134061, 49408, 1, 0, 0
135062, 55808, 1, 0, 0
136063, 58624, 1, 0, 0
137064, 56064, 1, 0, 0
138064, 56832, 1, 0, 0
139065, 45568, 1, 0, 0
140066, 61184, 1, 0, 0
141066, 60416, 1, 0, 0
142067, 50688, 1, 0, 0
143068, 58880, 1, 0, 0
144069, 52992, 1, 0, 0
145070, 46080, 1, 0, 0
146070, 48640, 1, 0, 0
147071, 45312, 1, 0, 0
148072, 47104, 1, 0, 0
149072, 59136, 1, 0, 0
150073, 45568, 1, 0, 0
151074, 59648, 1, 0, 0
152075, 54528, 1, 0, 0
153075, 61696, 1, 0, 0
154076, 49408, 1, 0, 0
155077, 49920, 1, 0, 0
156077, 57088, 1, 0, 0
157078, 54784, 1, 0, 0
158079, 47360, 1, 0, 0
159080, 48384, 1, 0, 0
160080, 52736, 1, 0, 0
161081, 52736, 1, 0, 0
162082, 49408, 1, 0, 0
163082, 56320, 1, 0, 0
164083, 61184, 1, 0, 0
165084, 51968, 1, 0, 0
166085, 47104, 1, 0, 0
167085, 50432, 1, 0, 0
168086, 54784, 1, 0, 0
169087, 41216, 1, 0, 0
170088, 52480, 1, 0, 0
171088, 51200, 1, 0, 0
172089, 49920, 1, 0, 0
173090, 52736, 1, 0, 0
174090, 47616, 1, 0, 0
175091, 52992, 1, 0, 0
176092, 44032, 1, 0, 0
177093, 60928, 1, 0, 0
178093, 58880, 1, 0, 0
179094, 54016, 1, 0, 0
