1001, 23784, 1, 0, 0
2002, 50125, 1, 0, 0
3004, 57286, 1, 0, 0
4005, 56519, 1, 0, 0
5006, 52939, 1, 0, 0
6008, 50637, 1, 0, 0
7009, 60355, 1, 0, 0
8010, 41174, 1, 0, 0
9011, 44544, 1, 0, 0
10012, 54473, 1, 0, 0
11013, 52939, 1, 0, 0
12014, 41942, 1, 0, 0
13015, 51916, 1, 0, 0
14017, 52427, 1, 0, 0
15018, 52939, 1, 0, 0
16019, 58565, 1, 0, 0
17020, 45010, 1, 0, 0
18022, 53706, 1, 0, 0
19023, 41942, 1, 0, 0
20024, 48079, 1, 0, 0
21025, 46545, 1, 0, 0
22026, 53450, 1, 0, 0
23028, 53706, 1, 0, 0
24029, 55752, 1, 0, 0
25030, 53450, 1, 0, 0
26031, 49358, 1, 0, 0
27032, 43988, 1, 0, 0
28033, 47616, 1, 0, 0
29034, 47616, 1, 0, 0
30035, 54016, 1, 0, 0
31036, 50381, 1, 0, 0
32037, 58368, 1, 0, 0
33038, 52224, 1, 0, 0
34039, 58112, 1, 0, 0
35040, 58565, 1, 0, 0
36041, 47104, 1, 0, 0
37042, 51660, 1, 0, 0
38043, 50688, 1, 0, 0
39044, 47104, 1, 0, 0
40044, 54016, 1, 0, 0
41045, 53760, 1, 0, 0
42046, 45312, 1, 0, 0
43047, 44288, 1, 0, 0
44048, 52427, 1, 0, 0
45049, 51712, 1, 0, 0
46049, 57088, 1, 0, 0
47050, 59392, 1, 0, 0
48051, 54272, 1, 0, 0
49052, 51200, 1, 0, 0
50053, 58880, 1, 0, 0
51053, 52992, 1, 0, 0
52054, 51200, 1, 0, 0
53055, 53760, 1, 0, 0
54056, 48640, 1, 0, 0
55057, 50688, 1, 0, 0
56057, 45312, 1, 0, 0
57058, 56832, 1, 0, 0
58059, 45312, 1, 0, 0
59060, 42752, 1, 0, 0
60061, 53248, 1, 0, 0
61061, 53760, 1, 0, 0
62062, 51456, 1, 0, 0
63063, 49152, 1, 0, 0
64064, 49408, 1, 0, 0
65065, 48591, 1, 0, 0
66066, 45824, 1, 0, 0
67067, 60160, 1, 0, 0
68067, 42240, 1, 0, 0
69068, 55296, 1, 0, 0
70069, 48640, 1, 0, 0
71070, 59904, 1, 0, 0
72071, 56320, 1, 0, 0
73071, 54784, 1, 0, 0
74072, 55808, 1, 0, 0
75073, 48384, 1, 0, 0
76074, 50944, 1, 0, 0
77074, 53504, 1, 0, 0
78076, 43988, 1, 0, 0
79077, 47872, 1, 0, 0
80077, 48896, 1, 0, 0
81078, 54784, 1, 0, 0
82079, 49920, 1, 0, 0
83080, 38144, 1, 0, 0
84081, 53248, 1, 0, 0
85082, 51404, 1, 0, 0
86083, 48384, 1, 0, 0
87083, 48128, 1, 0, 0
88084, 57600, 1, 0, 0
89085, 54528, 1, 0, 0
90086, 50176, 1, 0, 0
91087, 48640, 1, 0, 0
92088, 56832, 1, 0, 0
93088, 52992, 1, 0, 0
94089, 52224, 1, 0, 0
95090, 49664, 1, 0, 0
96091, 51456, 1, 0, 0
97092, 47616, 1, 0, 0
98093, 47824, 1, 0, 0
99094, 51200, 1, 0, 0
100095, 55040, 1, 0, 0
101095, 46080, 1, 0, 0
102096, 47360, 1, 0, 0
103097, 53760, 1, 0, 0
104098, 49920, 1, 0, 0
105098, 45824, 1, 0, 0
106099, 54016, 1, 0, 0
107100, 50944, 1, 0, 0
108100, 47616, 1, 0, 0
109101, 52224, 1, 0, 0
110102, 58112, 1, 0, 0
111102, 49920, 1, 0, 0
112103, 50432, 1, 0, 0
113104, 55552, 1, 0, 0
114105, 44544, 1, 0, 0
115105, 56320, 1, 0, 0
116107, 50381, 1, 0, 0
117107, 50688, 1, 0, 0
118108, 59136, 1, 0, 0
119109, 57088, 1, 0, 0
120109, 54016, 1, 0, 0
121110, 47360, 1, 0, 0
122111, 58821, 1, 0, 0
123112, 49920, 1, 0, 0
124113, 62208, 1, 0, 0
125114, 45056, 1, 0, 0
126114, 52224, 1, 0, 0
127115, 55040, 1, 0, 0
128116, 45056, 1, 0, 0
129117, 49920, 1, 0, 0
130117, 50176, 1, 0, 0
131118, 59648, 1, 0, 0
132119, 45568, 1, 0, 0
133119, 51968, 1, 0, 0
134120, 54272, 1, 0, 0
135121, 43776, 1, 0, 0
136121, 43008, 1, 0, 0
137122, 49152, 1, 0, 0
138123, 52224, 1, 0, 0
139124, 54016, 1, 0, 0
140124, 49152, 1, 0, 0
141125, 59392, 1, 0, 0
142126, 52224, 1, 0, 0
143126, 51712, 1, 0, 0
144127, 48640, 1, 0, 0
145128, 51968, 1, 0, 0
146129, 49408, 1, 0, 0
147129, 50944, 1, 0, 0
148130, 60416, 1, 0, 0
149131, 49408, 1, 0, 0
150132, 51200, 1, 0, 0
151132, 51712, 1, 0, 0
152133, 50176, 1, 0, 0
153134, 48384, 1, 0, 0
154134, 51968, 1, 0, 0
155135, 49664, 1, 0, 0
156136, 56576, 1, 0, 0
157137, 46336, 1, 0, 0
158137, 46592, 1, 0, 0
159138, 51712, 1, 0, 0
160139, 53504, 1, 0, 0
161140, 58112, 1, 0, 0
162140, 49664, 1, 0, 0
163141, 58112, 1, 0, 0
164142, 55296, 1, 0, 0
165142, 55296, 1, 0, 0
166143, 54784, 1, 0, 0
167144, 55552, 1, 0, 0
168145, 43008, 1, 0, 0
169145, 51712, 1, 0, 0
170146, 50944, 1, 0, 0
171147, 56320, 1, 0, 0
172147, 52736, 1, 0, 0
173148, 54528, 1, 0, 0
174149, 50688, 1, 0, 0
175150, 52480, 1, 0, 0
176150, 51712, 1, 0, 0
177151, 54016, 1, 0, 0
178152, 57088, 1, 0, 0
179153, 58368, 1, 0, 0
