999, 25881, 1, 0, 0
1999, 54070, 1, 0, 0
2998, 53301, 1, 0, 0
3998, 54070, 1, 0, 0
4997, 55095, 1, 0, 0
5996, 58426, 1, 0, 0
6997, 51404, 1, 0, 0
7998, 51148, 1, 0, 0
9000, 58053, 1, 0, 0
10001, 47104, 1, 0, 0
11002, 52683, 1, 0, 0
12003, 50125, 1, 0, 0
13004, 54217, 1, 0, 0
14005, 50637, 1, 0, 0
15006, 54473, 1, 0, 0
16007, 50125, 1, 0, 0
17008, 52939, 1, 0, 0
18009, 56064, 1, 0, 0
19009, 51507, 1, 0, 0
20008, 60732, 1, 0, 0
21007, 41001, 1, 0, 0
22006, 46894, 1, 0, 0
23007, 51660, 1, 0, 0
24008, 50893, 1, 0, 0
25009, 41942, 1, 0, 0
26009, 48896, 1, 0, 0
27009, 45056, 1, 0, 0
28009, 50226, 1, 0, 0
29009, 51251, 1, 0, 0
30009, 51251, 1, 0, 0
31008, 38950, 1, 0, 0
32009, 54784, 1, 0, 0
33009, 52788, 1, 0, 0
34009, 56376, 1, 0, 0
35009, 42496, 1, 0, 0
36009, 45869, 1, 0, 0
37009, 50738, 1, 0, 0
38008, 44844, 1, 0, 0
39009, 55296, 1, 0, 0
40009, 52276, 1, 0, 0
41009, 49201, 1, 0, 0
42008, 51507, 1, 0, 0
43009, 53248, 1, 0, 0
44009, 56120, 1, 0, 0
45009, 52480, 1, 0, 0
46009, 46382, 1, 0, 0
47009, 62014, 1, 0, 0
48009, 56064, 1, 0, 0
49009, 53301, 1, 0, 0
50009, 53557, 1, 0, 0
51009, 50738, 1, 0, 0
52010, 49920, 1, 0, 0
53009, 50738, 1, 0, 0
54009, 58938, 1, 0, 0
55009, 47407, 1, 0, 0
56009, 50994, 1, 0, 0
57009, 45869, 1, 0, 0
58009, 52736, 1, 0, 0
59009, 54838, 1, 0, 0
60009, 56632, 1, 0, 0
61009, 51251, 1, 0, 0
62009, 57145, 1, 0, 0
63009, 44032, 1, 0, 0
64009, 50482, 1, 0, 0
65009, 54528, 1, 0, 0
66009, 58112, 1, 0, 0
67009, 55607, 1, 0, 0
68009, 51763, 1, 0, 0
69009, 46126, 1, 0, 0
70009, 49920, 1, 0, 0
71009, 46638, 1, 0, 0
72009, 50994, 1, 0, 0
73009, 54070, 1, 0, 0
74009, 48688, 1, 0, 0
75009, 43776, 1, 0, 0
76009, 53301, 1, 0, 0
77009, 59707, 1, 0, 0
78009, 58880, 1, 0, 0
79009, 49457, 1, 0, 0
80009, 50994, 1, 0, 0
81009, 45613, 1, 0, 0
82009, 53504, 1, 0, 0
83009, 50738, 1, 0, 0
84009, 59707, 1, 0, 0
85010, 49358, 1, 0, 0
86011, 50176, 1, 0, 0
87012, 56064, 1, 0, 0
88013, 51200, 1, 0, 0
89014, 51712, 1, 0, 0
90014, 52736, 1, 0, 0
91015, 56576, 1, 0, 0
92016, 52992, 1, 0, 0
93017, 56576, 1, 0, 0
94018, 48128, 1, 0, 0
95018, 57088, 1, 0, 0
96019, 53504, 1, 0, 0
97020, 50893, 1, 0, 0
98021, 43220, 1, 0, 0
99022, 57542, 1, 0, 0
100023, 41984, 1, 0, 0
101024, 46080, 1, 0, 0
102025, 42240, 1, 0, 0
103025, 51200, 1, 0, 0
104026, 45312, 1, 0, 0
105027, 48128, 1, 0, 0
106027, 51200, 1, 0, 0
107028, 45312, 1, 0, 0
108029, 50432, 1, 0, 0
109030, 54528, 1, 0, 0
110030, 46592, 1, 0, 0
111031, 49664, 1, 0, 0
112032, 43008, 1, 0, 0
113032, 53248, 1, 0, 0
114033, 46592, 1, 0, 0
115034, 50688, 1, 0, 0
116035, 50381, 1, 0, 0
117036, 58880, 1, 0, 0
118036, 48896, 1, 0, 0
119037, 54784, 1, 0, 0
120038, 48128, 1, 0, 0
121039, 57088, 1, 0, 0
122039, 55552, 1, 0, 0
123041, 42709, 1, 0, 0
124041, 50688, 1, 0, 0
125042, 51456, 1, 0, 0
126043, 53760, 1, 0, 0
127043, 52224, 1, 0, 0
128044, 57600, 1, 0, 0
129045, 59136, 1, 0, 0
130046, 48640, 1, 0, 0
131046, 45568, 1, 0, 0
132047, 52224, 1, 0, 0
133048, 47360, 1, 0, 0
134048, 55552, 1, 0, 0
135049, 56064, 1, 0, 0
136050, 52224, 1, 0, 0
137051, 53248, 1, 0, 0
138051, 61440, 1, 0, 0
139052, 53248, 1, 0, 0
140053, 55040, 1, 0, 0
141053, 48896, 1, 0, 0
142054, 57344, 1, 0, 0
143055, 50432, 1, 0, 0
144056, 50688, 1, 0, 0
145057, 51968, 1, 0, 0
146057, 52480, 1, 0, 0
147058, 59648, 1, 0, 0
148059, 49664, 1, 0, 0
149059, 54272, 1, 0, 0
150060, 56064, 1, 0, 0
151061, 40192, 1, 0, 0
152062, 56320, 1, 0, 0
153062, 58112, 1, 0, 0
154063, 54784, 1, 0, 0
155064, 49920, 1, 0, 0
156064, 51200, 1, 0, 0
157065, 54272, 1, 0, 0
158066, 50688, 1, 0, 0
159066, 53760, 1, 0, 0
160067, 49664, 1, 0, 0
161068, 48128, 1, 0, 0
162069, 52224, 1, 0, 0
163069, 59904, 1, 0, 0
164070, 55296, 1, 0, 0
165071, 48384, 1, 0, 0
166072, 51456, 1, 0, 0
167072, 62208, 1, 0, 0
168073, 54784, 1, 0, 0
169074, 57856, 1, 0, 0
170075, 54528, 1, 0, 0
171075, 58112, 1, 0, 0
172076, 47872, 1, 0, 0
173077, 48128, 1, 0, 0
174077, 56832, 1, 0, 0
175078, 49152, 1, 0, 0
176079, 51456, 1, 0, 0
177080, 49408, 1, 0, 0
178080, 54272, 1, 0, 0
179081, 55296, 1, 0, 0
