1000, 18176, 1, 0, 0
1999, 55095, 1, 0, 0
2999, 52532, 1, 0, 0
3998, 50994, 1, 0, 0
4998, 47663, 1, 0, 0
5997, 50738, 1, 0, 0
6998, 53194, 1, 0, 0
7999, 50637, 1, 0, 0
9000, 54473, 1, 0, 0
10001, 50688, 1, 0, 0
11003, 52171, 1, 0, 0
12004, 51916, 1, 0, 0
13005, 52427, 1, 0, 0
14006, 53706, 1, 0, 0
15007, 54217, 1, 0, 0
16008, 53706, 1, 0, 0
17009, 47824, 1, 0, 0
18010, 46080, 1, 0, 0
19009, 64576, 1, 0, 0
20008, 43307, 1, 0, 0
21007, 45101, 1, 0, 0
22007, 50482, 1, 0, 0
23008, 59844, 1, 0, 0
24009, 54473, 1, 0, 0
25010, 54217, 1, 0, 0
26010, 45568, 1, 0, 0
27010, 50944, 1, 0, 0
28010, 52020, 1, 0, 0
29010, 46382, 1, 0, 0
30010, 58938, 1, 0, 0
31009, 57401, 1, 0, 0
32010, 45824, 1, 0, 0
33010, 50482, 1, 0, 0
34010, 54838, 1, 0, 0
35010, 48640, 1, 0, 0
36010, 48944, 1, 0, 0
37010, 54582, 1, 0, 0
38009, 60732, 1, 0, 0
39010, 60416, 1, 0, 0
40010, 51507, 1, 0, 0
41009, 56376, 1, 0, 0
42009, 50994, 1, 0, 0
43010, 43776, 1, 0, 0
44010, 57145, 1, 0, 0
45010, 48128, 1, 0, 0
46010, 46382, 1, 0, 0
47009, 52788, 1, 0, 0
48010, 50432, 1, 0, 0
49010, 54838, 1, 0, 0
50010, 49713, 1, 0, 0
51010, 52788, 1, 0, 0
52010, 53504, 1, 0, 0
53010, 50226, 1, 0, 0
54010, 52020, 1, 0, 0
55010, 54838, 1, 0, 0
56010, 54326, 1, 0, 0
57009, 55095, 1, 0, 0
58010, 49920, 1, 0, 0
59010, 59963, 1, 0, 0
60010, 49457, 1, 0, 0
61010, 57913, 1, 0, 0
62009, 53301, 1, 0, 0
63010, 57088, 1, 0, 0
64010, 51763, 1, 0, 0
65010, 46336, 1, 0, 0
66010, 50432, 1, 0, 0
67010, 40232, 1, 0, 0
68010, 57401, 1, 0, 0
69009, 55607, 1, 0, 0
70010, 46080, 1, 0, 0
71010, 53557, 1, 0, 0
72010, 53813, 1, 0, 0
73010, 42282, 1, 0, 0
74009, 48688, 1, 0, 0
75010, 52480, 1, 0, 0
76010, 48176, 1, 0, 0
77010, 52788, 1, 0, 0
78010, 49408, 1, 0, 0
79010, 46382, 1, 0, 0
80010, 52532, 1, 0, 0
81009, 52020, 1, 0, 0
82010, 55296, 1, 0, 0
83010, 48176, 1, 0, 0
84010, 46382, 1, 0, 0
85011, 52427, 1, 0, 0
86012, 46592, 1, 0, 0
87013, 43776, 1, 0, 0
88014, 57088, 1, 0, 0
89014, 54528, 1, 0, 0
90015, 54016, 1, 0, 0
91016, 61952, 1, 0, 0
92017, 52224, 1, 0, 0
93018, 62208, 1, 0, 0
94018, 53504, 1, 0, 0
95019, 51968, 1, 0, 0
96020, 45056, 1, 0, 0
97021, 50125, 1, 0, 0
98022, 44243, 1, 0, 0
99023, 55240, 1, 0, 0
100024, 42240, 1, 0, 0
101025, 55552, 1, 0, 0
102025, 54784, 1, 0, 0
103026, 48640, 1, 0, 0
104027, 49664, 1, 0, 0
105027, 44288, 1, 0, 0
106028, 61440, 1, 0, 0
107029, 56576, 1, 0, 0
108030, 48896, 1, 0, 0
109030, 50432, 1, 0, 0
110031, 59648, 1, 0, 0
111032, 41728, 1, 0, 0
112032, 46592, 1, 0, 0
113033, 49664, 1, 0, 0
114034, 53248, 1, 0, 0
115035, 50432, 1, 0, 0
116036, 52427, 1, 0, 0
117037, 55040, 1, 0, 0
118037, 52736, 1, 0, 0
119038, 54272, 1, 0, 0
120039, 52224, 1, 0, 0
121039, 58368, 1, 0, 0
122040, 58112, 1, 0, 0
123041, 49614, 1, 0, 0
124042, 50944, 1, 0, 0
125043, 47872, 1, 0, 0
126043, 59136, 1, 0, 0
127044, 43264, 1, 0, 0
128045, 56576, 1, 0, 0
129046, 47104, 1, 0, 0
130046, 54272, 1, 0, 0
131047, 55552, 1, 0, 0
132048, 54528, 1, 0, 0
133049, 44288, 1, 0, 0
134049, 60160, 1, 0, 0
135050, 48128, 1, 0, 0
136051, 46848, 1, 0, 0
137051, 51712, 1, 0, 0
138052, 45824, 1, 0, 0
139053, 51712, 1, 0, 0
140054, 52992, 1, 0, 0
141054, 51456, 1, 0, 0
142055, 54784, 1, 0, 0
143056, 55040, 1, 0, 0
144056, 50176, 1, 0, 0
145057, 43776, 1, 0, 0
146058, 51968, 1, 0, 0
147059, 48896, 1, 0, 0
148059, 53504, 1, 0, 0
149060, 50688, 1, 0, 0
150061, 53504, 1, 0, 0
151062, 55552, 1, 0, 0
152062, 53504, 1, 0, 0
153063, 57344, 1, 0, 0
154064, 49408, 1, 0, 0
155064, 54016, 1, 0, 0
156065, 53504, 1, 0, 0
157066, 57088, 1, 0, 0
158067, 49408, 1, 0, 0
159067, 55040, 1, 0, 0
160068, 57344, 1, 0, 0
161069, 59392, 1, 0, 0
162070, 60672, 1, 0, 0
163070, 49920, 1, 0, 0
164071, 56320, 1, 0, 0
165072, 55296, 1, 0, 0
166072, 50944, 1, 0, 0
167073, 52992, 1, 0, 0
168074, 56320, 1, 0, 0
169075, 50432, 1, 0, 0
170075, 55296, 1, 0, 0
171076, 56576, 1, 0, 0
172077, 54016, 1, 0, 0
173077, 47872, 1, 0, 0
174078, 55040, 1, 0, 0
175079, 48384, 1, 0, 0
176080, 53248, 1, 0, 0
177080, 46848, 1, 0, 0
178081, 55296, 1, 0, 0
179082, 55296, 1, 0, 0
