35001, 3072, 0, 0, 0
36001, 5120, 0, 0, 0
37000, 6150, 0, 0, 0
38001, 2048, 0, 0, 0
39001, 2048, 0, 0, 0
40001, 4096, 0, 0, 0
41001, 1024, 0, 0, 0
42000, 2050, 0, 0, 0
43001, 2048, 0, 0, 0
44001, 2048, 0, 0, 0
45001, 3072, 0, 0, 0
46000, 4100, 0, 0, 0
47001, 2048, 0, 0, 0
48001, 4096, 0, 0, 0
49001, 1024, 0, 0, 0
50000, 4100, 0, 0, 0
52001, 4096, 0, 0, 0
53001, 3072, 0, 0, 0
54000, 5125, 0, 0, 0
55001, 2048, 0, 0, 0
56001, 3072, 0, 0, 0
57001, 4096, 0, 0, 0
58000, 5125, 0, 0, 0
59001, 1024, 0, 0, 0
60001, 1024, 0, 0, 0
61001, 6144, 0, 0, 0
62000, 7175, 0, 0, 0
63000, 4096, 0, 0, 0
64001, 6144, 0, 0, 0
65001, 4096, 0, 0, 0
66001, 4096, 0, 0, 0
67000, 7175, 0, 0, 0
68001, 7168, 0, 0, 0
69001, 5120, 0, 0, 0
70001, 6144, 0, 0, 0
71000, 5125, 0, 0, 0
75000, 4100, 0, 0, 0
76001, 2048, 0, 0, 0
78001, 1024, 0, 0, 0
79000, 6150, 0, 0, 0
80001, 7168, 0, 0, 0
81001, 2048, 0, 0, 0
82001, 5120, 0, 0, 0
83000, 5125, 0, 0, 0
84001, 4096, 0, 0, 0
85001, 4096, 0, 0, 0
86001, 3072, 0, 0, 0
87000, 1025, 0, 0, 0
88000, 9216, 0, 0, 0
89001, 7168, 0, 0, 0
90001, 6144, 0, 0, 0
91001, 8192, 0, 0, 0
92000, 8200, 0, 0, 0
93001, 1024, 0, 0, 0
95001, 6144, 0, 0, 0
96000, 2050, 0, 0, 0
99001, 1024, 0, 0, 0
100000, 5125, 0, 0, 0
101000, 5120, 0, 0, 0
102001, 3072, 0, 0, 0
103001, 6144, 0, 0, 0
104000, 6150, 0, 0, 0
107001, 4096, 0, 0, 0
108001, 1024, 0, 0, 0
109000, 5125, 0, 0, 0
110001, 5120, 0, 0, 0
111001, 7168, 0, 0, 0
113000, 2050, 0, 0, 0
115001, 2048, 0, 0, 0
116001, 2048, 0, 0, 0
117001, 5120, 0, 0, 0
118000, 3075, 0, 0, 0
119001, 2048, 0, 0, 0
120001, 5120, 0, 0, 0
121001, 2048, 0, 0, 0
123001, 4096, 0, 0, 0
124001, 4096, 0, 0, 0
125001, 6144, 0, 0, 0
127001, 1024, 0, 0, 0
129001, 1024, 0, 0, 0
130000, 1025, 0, 0, 0
131000, 1024, 0, 0, 0
132001, 2048, 0, 0, 0
133001, 2048, 0, 0, 0
134001, 6144, 0, 0, 0
135000, 5125, 0, 0, 0
136001, 4096, 0, 0, 0
137001, 6144, 0, 0, 0
139000, 4100, 0, 0, 0
140001, 3072, 0, 0, 0
141001, 5120, 0, 0, 0
142001, 4096, 0, 0, 0
143000, 6150, 0, 0, 0
144001, 5120, 0, 0, 0
145001, 1024, 0, 0, 0
146001, 3072, 0, 0, 0
147001, 6150, 0, 0, 0
148001, 5120, 0, 0, 0
149001, 7168, 0, 0, 0
150000, 2050, 0, 0, 0
151001, 1024, 0, 0, 0
152001, 6144, 0, 0, 0
153001, 3072, 0, 0, 0
154000, 4100, 0, 0, 0
155001, 3072, 0, 0, 0
156001, 3072, 0, 0, 0
157001, 2048, 0, 0, 0
158000, 2050, 0, 0, 0
159001, 2048, 0, 0, 0
160001, 6144, 0, 0, 0
163001, 3072, 0, 0, 0
164001, 3072, 0, 0, 0
166000, 4100, 0, 0, 0
168001, 5120, 0, 0, 0
169001, 6144, 0, 0, 0
170000, 2050, 0, 0, 0
171001, 2048, 0, 0, 0
172001, 2048, 0, 0, 0
173001, 7168, 0, 0, 0
174000, 4100, 0, 0, 0
175001, 5120, 0, 0, 0
176001, 5120, 0, 0, 0
177001, 1024, 0, 0, 0
178000, 4100, 0, 0, 0
179000, 3072, 0, 0, 0
180001, 1024, 0, 0, 0
