44000, 1024, 0, 0, 0
45001, 2048, 0, 0, 0
46000, 2050, 0, 0, 0
47000, 7168, 0, 0, 0
48000, 5120, 0, 0, 0
49001, 4096, 0, 0, 0
50000, 3075, 0, 0, 0
51000, 3072, 0, 0, 0
52000, 8192, 0, 0, 0
53001, 8192, 0, 0, 0
54000, 1025, 0, 0, 0
55000, 3072, 0, 0, 0
56000, 3072, 0, 0, 0
57001, 6144, 0, 0, 0
58000, 6150, 0, 0, 0
59000, 6144, 0, 0, 0
60000, 3072, 0, 0, 0
61001, 4096, 0, 0, 0
62000, 3075, 0, 0, 0
63000, 3072, 0, 0, 0
66001, 2048, 0, 0, 0
67000, 3075, 0, 0, 0
70001, 8192, 0, 0, 0
71000, 5125, 0, 0, 0
72000, 6144, 0, 0, 0
73000, 8192, 0, 0, 0
74001, 6144, 0, 0, 0
75000, 4100, 0, 0, 0
76000, 3072, 0, 0, 0
78001, 2048, 0, 0, 0
79000, 2050, 0, 0, 0
80000, 2048, 0, 0, 0
81000, 5120, 0, 0, 0
82001, 2048, 0, 0, 0
83000, 13325, 0, 0, 0
84000, 3072, 0, 0, 0
87000, 5125, 0, 0, 0
97000, 5120, 0, 0, 0
98000, 8192, 0, 0, 0
99001, 2048, 0, 0, 0
100000, 4100, 0, 0, 0
101000, 4096, 0, 0, 0
103001, 2048, 0, 0, 0
104000, 5125, 0, 0, 0
105000, 6144, 0, 0, 0
106000, 6144, 0, 0, 0
107000, 1024, 0, 0, 0
108001, 3072, 0, 0, 0
109000, 3075, 0, 0, 0
110000, 4096, 0, 0, 0
111000, 2048, 0, 0, 0
112001, 2048, 0, 0, 0
113000, 4100, 0, 0, 0
114000, 3072, 0, 0, 0
115000, 5120, 0, 0, 0
116001, 5120, 0, 0, 0
117001, 1024, 0, 0, 0
118000, 4100, 0, 0, 0
119000, 1024, 0, 0, 0
120000, 2048, 0, 0, 0
121001, 4096, 0, 0, 0
122000, 6150, 0, 0, 0
123000, 2048, 0, 0, 0
124000, 5120, 0, 0, 0
125001, 2048, 0, 0, 0
126000, 5125, 0, 0, 0
127000, 6144, 0, 0, 0
128000, 3072, 0, 0, 0
129001, 5120, 0, 0, 0
130000, 2050, 0, 0, 0
131000, 2048, 0, 0, 0
132000, 4096, 0, 0, 0
133001, 3072, 0, 0, 0
134001, 3072, 0, 0, 0
135000, 1025, 0, 0, 0
136000, 1024, 0, 0, 0
137000, 2048, 0, 0, 0
138001, 5120, 0, 0, 0
139000, 2050, 0, 0, 0
140000, 1024, 0, 0, 0
141000, 2048, 0, 0, 0
142001, 3072, 0, 0, 0
143000, 4100, 0, 0, 0
144000, 1024, 0, 0, 0
145000, 3072, 0, 0, 0
146001, 3072, 0, 0, 0
147000, 7175, 0, 0, 0
148000, 8192, 0, 0, 0
149001, 3072, 0, 0, 0
150000, 3075, 0, 0, 0
151000, 7168, 0, 0, 0
152000, 4096, 0, 0, 0
153001, 4096, 0, 0, 0
154000, 1025, 0, 0, 0
155000, 1024, 0, 0, 0
156000, 5120, 0, 0, 0
157001, 5120, 0, 0, 0
158000, 3075, 0, 0, 0
159000, 6144, 0, 0, 0
160000, 8192, 0, 0, 0
161001, 2048, 0, 0, 0
162000, 5125, 0, 0, 0
163000, 3072, 0, 0, 0
164000, 5120, 0, 0, 0
165001, 4096, 0, 0, 0
167000, 6144, 0, 0, 0
168000, 4096, 0, 0, 0
169001, 3072, 0, 0, 0
170000, 3075, 0, 0, 0
171000, 2048, 0, 0, 0
172000, 3072, 0, 0, 0
173001, 6144, 0, 0, 0
174000, 7175, 0, 0, 0
175000, 1024, 0, 0, 0
176000, 8192, 0, 0, 0
177001, 4096, 0, 0, 0
179000, 2048, 0, 0, 0
180000, 1024, 0, 0, 0
