45001, 1024, 0, 0, 0
46000, 2050, 0, 0, 0
47000, 2048, 0, 0, 0
48000, 4096, 0, 0, 0
49001, 6144, 0, 0, 0
50000, 2050, 0, 0, 0
51000, 2048, 0, 0, 0
52000, 1024, 0, 0, 0
53001, 5120, 0, 0, 0
54000, 5125, 0, 0, 0
55000, 8192, 0, 0, 0
56000, 5120, 0, 0, 0
58000, 3075, 0, 0, 0
59000, 3072, 0, 0, 0
60000, 5120, 0, 0, 0
61001, 6144, 0, 0, 0
62000, 5125, 0, 0, 0
63000, 3072, 0, 0, 0
64000, 2048, 0, 0, 0
68000, 1024, 0, 0, 0
69000, 8192, 0, 0, 0
70001, 4096, 0, 0, 0
74001, 2048, 0, 0, 0
77000, 9216, 0, 0, 0
78001, 10240, 0, 0, 0
79000, 1025, 0, 0, 0
81000, 2048, 0, 0, 0
82001, 5120, 0, 0, 0
85000, 3072, 0, 0, 0
86001, 1024, 0, 0, 0
94000, 2048, 0, 0, 0
96000, 8200, 0, 0, 0
98000, 6144, 0, 0, 0
99001, 4096, 0, 0, 0
100000, 3075, 0, 0, 0
103001, 1024, 0, 0, 0
104000, 7175, 0, 0, 0
105000, 1024, 0, 0, 0
106000, 1024, 0, 0, 0
107000, 3072, 0, 0, 0
108001, 6144, 0, 0, 0
109000, 3075, 0, 0, 0
110000, 1024, 0, 0, 0
111000, 1024, 0, 0, 0
112001, 2048, 0, 0, 0
113000, 5125, 0, 0, 0
114000, 3072, 0, 0, 0
115000, 1024, 0, 0, 0
116000, 3072, 0, 0, 0
117001, 2048, 0, 0, 0
118000, 4100, 0, 0, 0
119000, 5120, 0, 0, 0
120000, 5120, 0, 0, 0
121001, 6144, 0, 0, 0
124000, 1024, 0, 0, 0
125001, 2048, 0, 0, 0
126000, 1025, 0, 0, 0
127000, 5120, 0, 0, 0
129001, 2048, 0, 0, 0
130000, 8200, 0, 0, 0
131000, 1024, 0, 0, 0
132000, 1024, 0, 0, 0
133000, 5120, 0, 0, 0
134001, 3072, 0, 0, 0
135000, 3075, 0, 0, 0
136000, 5120, 0, 0, 0
137000, 5120, 0, 0, 0
138001, 1024, 0, 0, 0
139000, 4100, 0, 0, 0
140000, 3072, 0, 0, 0
141000, 3072, 0, 0, 0
142001, 5120, 0, 0, 0
143000, 5125, 0, 0, 0
144000, 5120, 0, 0, 0
145000, 2048, 0, 0, 0
146001, 1024, 0, 0, 0
147000, 5125, 0, 0, 0
148000, 1024, 0, 0, 0
149001, 7168, 0, 0, 0
150000, 3075, 0, 0, 0
151000, 1024, 0, 0, 0
152000, 4096, 0, 0, 0
153001, 2048, 0, 0, 0
154000, 3075, 0, 0, 0
155000, 6144, 0, 0, 0
156000, 7168, 0, 0, 0
157001, 3072, 0, 0, 0
158000, 2050, 0, 0, 0
160000, 1024, 0, 0, 0
161001, 1024, 0, 0, 0
162000, 2050, 0, 0, 0
166000, 4100, 0, 0, 0
167000, 8192, 0, 0, 0
168000, 3072, 0, 0, 0
170000, 5125, 0, 0, 0
171000, 7168, 0, 0, 0
172000, 2048, 0, 0, 0
173001, 2048, 0, 0, 0
175000, 3072, 0, 0, 0
176000, 2048, 0, 0, 0
177000, 7168, 0, 0, 0
178000, 3075, 0, 0, 0
179000, 4096, 0, 0, 0
180000, 5120, 0, 0, 0
