57001, 5120, 0, 0, 0
58000, 5125, 0, 0, 0
59000, 4096, 0, 0, 0
60000, 5120, 0, 0, 0
61001, 5120, 0, 0, 0
62000, 1025, 0, 0, 0
63000, 5120, 0, 0, 0
65000, 1024, 0, 0, 0
66001, 2048, 0, 0, 0
67000, 7175, 0, 0, 0
68000, 5120, 0, 0, 0
69000, 6144, 0, 0, 0
70001, 3072, 0, 0, 0
71000, 2050, 0, 0, 0
72000, 2048, 0, 0, 0
73000, 3072, 0, 0, 0
74001, 1024, 0, 0, 0
75000, 5125, 0, 0, 0
76000, 3072, 0, 0, 0
77000, 2048, 0, 0, 0
78001, 2048, 0, 0, 0
79000, 4100, 0, 0, 0
80000, 4096, 0, 0, 0
81000, 2048, 0, 0, 0
83000, 3075, 0, 0, 0
84000, 3072, 0, 0, 0
85000, 1024, 0, 0, 0
86001, 3072, 0, 0, 0
90000, 2048, 0, 0, 0
91001, 2048, 0, 0, 0
96000, 3075, 0, 0, 0
97000, 3072, 0, 0, 0
99001, 1024, 0, 0, 0
100000, 2050, 0, 0, 0
101000, 2048, 0, 0, 0
103000, 1024, 0, 0, 0
104000, 5125, 0, 0, 0
105000, 3072, 0, 0, 0
107000, 2048, 0, 0, 0
108001, 3072, 0, 0, 0
109000, 1025, 0, 0, 0
110000, 3072, 0, 0, 0
111000, 4096, 0, 0, 0
113000, 4100, 0, 0, 0
114000, 3072, 0, 0, 0
115000, 1024, 0, 0, 0
116000, 4096, 0, 0, 0
117001, 9216, 0, 0, 0
118000, 1025, 0, 0, 0
119000, 1024, 0, 0, 0
120000, 1024, 0, 0, 0
122000, 1025, 0, 0, 0
123000, 5120, 0, 0, 0
125001, 3072, 0, 0, 0
126000, 3075, 0, 0, 0
127000, 4096, 0, 0, 0
128000, 7168, 0, 0, 0
131000, 2048, 0, 0, 0
132000, 4096, 0, 0, 0
134001, 3072, 0, 0, 0
135000, 1025, 0, 0, 0
136000, 4096, 0, 0, 0
140000, 5120, 0, 0, 0
141000, 3072, 0, 0, 0
143000, 3075, 0, 0, 0
144000, 3072, 0, 0, 0
145000, 1024, 0, 0, 0
146001, 1024, 0, 0, 0
147000, 1025, 0, 0, 0
148000, 3072, 0, 0, 0
150000, 1025, 0, 0, 0
152000, 2048, 0, 0, 0
154000, 6150, 0, 0, 0
155000, 1024, 0, 0, 0
156000, 1024, 0, 0, 0
157001, 1024, 0, 0, 0
158000, 6150, 0, 0, 0
159000, 1024, 0, 0, 0
160000, 5120, 0, 0, 0
161001, 2048, 0, 0, 0
162000, 3075, 0, 0, 0
163000, 3072, 0, 0, 0
164000, 5120, 0, 0, 0
165001, 1024, 0, 0, 0
166000, 1025, 0, 0, 0
167000, 2048, 0, 0, 0
169001, 1024, 0, 0, 0
170000, 6150, 0, 0, 0
171000, 2048, 0, 0, 0
172000, 2048, 0, 0, 0
173001, 4096, 0, 0, 0
174000, 1025, 0, 0, 0
175000, 6144, 0, 0, 0
176000, 1024, 0, 0, 0
177000, 1024, 0, 0, 0
178000, 1025, 0, 0, 0
