42000, 2050, 0, 0, 0
43000, 1024, 0, 0, 0
44000, 1024, 0, 0, 0
45001, 4096, 0, 0, 0
46000, 4100, 0, 0, 0
47000, 2048, 0, 0, 0
48000, 4096, 0, 0, 0
49001, 2048, 0, 0, 0
50000, 4100, 0, 0, 0
51000, 1024, 0, 0, 0
53001, 4096, 0, 0, 0
54000, 1025, 0, 0, 0
56000, 4096, 0, 0, 0
57001, 8192, 0, 0, 0
58000, 6150, 0, 0, 0
59000, 1024, 0, 0, 0
60000, 7168, 0, 0, 0
61001, 5120, 0, 0, 0
62000, 5125, 0, 0, 0
63000, 4096, 0, 0, 0
64000, 1024, 0, 0, 0
73000, 3072, 0, 0, 0
74001, 3072, 0, 0, 0
81000, 7168, 0, 0, 0
82001, 1024, 0, 0, 0
86001, 3072, 0, 0, 0
87000, 3075, 0, 0, 0
88000, 9216, 0, 0, 0
89000, 1024, 0, 0, 0
98000, 1024, 0, 0, 0
99000, 1024, 0, 0, 0
100000, 1025, 0, 0, 0
102000, 8192, 0, 0, 0
103000, 1024, 0, 0, 0
104000, 6150, 0, 0, 0
105000, 4096, 0, 0, 0
106000, 1024, 0, 0, 0
107000, 4096, 0, 0, 0
108001, 2048, 0, 0, 0
109000, 3075, 0, 0, 0
110000, 3072, 0, 0, 0
111000, 2048, 0, 0, 0
112001, 3072, 0, 0, 0
113000, 1025, 0, 0, 0
114000, 5120, 0, 0, 0
115000, 7168, 0, 0, 0
116000, 4096, 0, 0, 0
117001, 5120, 0, 0, 0
118000, 3075, 0, 0, 0
119000, 4096, 0, 0, 0
120000, 6144, 0, 0, 0
121001, 1024, 0, 0, 0
122000, 3075, 0, 0, 0
123000, 4096, 0, 0, 0
124000, 1024, 0, 0, 0
125001, 3072, 0, 0, 0
126000, 3075, 0, 0, 0
127000, 5120, 0, 0, 0
128000, 6144, 0, 0, 0
129000, 1024, 0, 0, 0
130000, 2050, 0, 0, 0
131000, 4096, 0, 0, 0
132000, 3072, 0, 0, 0
133000, 5120, 0, 0, 0
134001, 2048, 0, 0, 0
135000, 2050, 0, 0, 0
136000, 5120, 0, 0, 0
137000, 4096, 0, 0, 0
138001, 4096, 0, 0, 0
139000, 6150, 0, 0, 0
140000, 3072, 0, 0, 0
141000, 3072, 0, 0, 0
142001, 2048, 0, 0, 0
143000, 4100, 0, 0, 0
144000, 2048, 0, 0, 0
145000, 1024, 0, 0, 0
146001, 3072, 0, 0, 0
147000, 3075, 0, 0, 0
148000, 3072, 0, 0, 0
149001, 8192, 0, 0, 0
150000, 2050, 0, 0, 0
151000, 3072, 0, 0, 0
152000, 1024, 0, 0, 0
153001, 3072, 0, 0, 0
154000, 5125, 0, 0, 0
155000, 5120, 0, 0, 0
156000, 5120, 0, 0, 0
157001, 4096, 0, 0, 0
158000, 2050, 0, 0, 0
159000, 4096, 0, 0, 0
160000, 1024, 0, 0, 0
161001, 5120, 0, 0, 0
162000, 8200, 0, 0, 0
163000, 5120, 0, 0, 0
164000, 5120, 0, 0, 0
165001, 5120, 0, 0, 0
166000, 4100, 0, 0, 0
168000, 7168, 0, 0, 0
169001, 3072, 0, 0, 0
170000, 2050, 0, 0, 0
171000, 3072, 0, 0, 0
172000, 6144, 0, 0, 0
173001, 4096, 0, 0, 0
174000, 3075, 0, 0, 0
176000, 4096, 0, 0, 0
177000, 7168, 0, 0, 0
179000, 2048, 0, 0, 0
180000, 2048, 0, 0, 0
