37018, 1280, 0, 0, 0
37018, 768, 1, 0, 0
38019, 512, 0, 0, 0
38019, 512, 1, 0, 0
39020, 256, 0, 0, 0
39020, 256, 1, 0, 0
41021, 1024, 1, 0, 0
42021, 1280, 0, 0, 0
42021, 256, 1, 0, 0
43022, 256, 0, 0, 0
43022, 1280, 1, 0, 0
44022, 1024, 0, 0, 0
44022, 256, 1, 0, 0
45023, 1024, 0, 0, 0
45023, 512, 1, 0, 0
46024, 256, 0, 0, 0
46024, 768, 1, 0, 0
47024, 512, 0, 0, 0
47024, 768, 1, 0, 0
48025, 256, 0, 0, 0
48025, 512, 1, 0, 0
49026, 512, 0, 0, 0
49026, 768, 1, 0, 0
50026, 256, 0, 0, 0
50026, 1792, 1, 0, 0
51027, 512, 0, 0, 0
51027, 768, 1, 0, 0
53028, 768, 0, 0, 0
53028, 768, 1, 0, 0
54028, 512, 0, 0, 0
56030, 2048, 0, 0, 0
56030, 1536, 1, 0, 0
57030, 1536, 0, 0, 0
57030, 1280, 1, 0, 0
58031, 1536, 0, 0, 0
58031, 512, 1, 0, 0
59031, 512, 0, 0, 0
59031, 1024, 1, 0, 0
60032, 768, 0, 0, 0
60032, 768, 1, 0, 0
61032, 1024, 0, 0, 0
62033, 768, 0, 0, 0
62033, 768, 1, 0, 0
63034, 256, 0, 0, 0
63034, 512, 1, 0, 0
64034, 256, 0, 0, 0
64034, 1536, 1, 0, 0
65035, 512, 0, 0, 0
65035, 256, 1, 0, 0
66035, 256, 0, 0, 0
66035, 512, 1, 0, 0
67036, 1024, 0, 0, 0
67036, 1536, 1, 0, 0
68036, 512, 0, 0, 0
68036, 256, 1, 0, 0
71038, 1536, 0, 0, 0
71038, 1536, 1, 0, 0
72039, 512, 1, 0, 0
73039, 256, 0, 0, 0
73039, 256, 1, 0, 0
74040, 256, 0, 0, 0
74040, 256, 1, 0, 0
75040, 256, 0, 0, 0
76041, 2048, 0, 0, 0
76041, 1792, 1, 0, 0
77041, 768, 1, 0, 0
78042, 256, 0, 0, 0
78042, 512, 1, 0, 0
79042, 256, 1, 0, 0
80043, 1792, 0, 0, 0
80043, 1536, 1, 0, 0
81044, 512, 0, 0, 0
81044, 256, 1, 0, 0
82044, 512, 0, 0, 0
82044, 1280, 1, 0, 0
83045, 1024, 0, 0, 0
83045, 1280, 1, 0, 0
84045, 1024, 0, 0, 0
84045, 512, 1, 0, 0
85046, 512, 0, 0, 0
85046, 256, 1, 0, 0
88047, 256, 1, 0, 0
89048, 256, 1, 0, 0
90048, 1280, 0, 0, 0
90048, 2560, 1, 0, 0
91049, 256, 0, 0, 0
91049, 1024, 1, 0, 0
92049, 256, 1, 0, 0
93050, 256, 0, 0, 0
94051, 768, 0, 0, 0
94051, 768, 1, 0, 0
95051, 512, 0, 0, 0
95051, 1024, 1, 0, 0
96052, 1280, 0, 0, 0
96052, 256, 1, 0, 0
97052, 256, 0, 0, 0
97052, 768, 1, 0, 0
99054, 1024, 0, 0, 0
99054, 256, 1, 0, 0
100054, 256, 0, 0, 0
101054, 1024, 0, 0, 0
101054, 256, 1, 0, 0
104056, 768, 0, 0, 0
104056, 256, 1, 0, 0
105057, 768, 0, 0, 0
106057, 512, 0, 0, 0
106057, 256, 1, 0, 0
107058, 1024, 0, 0, 0
107058, 1024, 1, 0, 0
108058, 1280, 0, 0, 0
108058, 1024, 1, 0, 0
109059, 1024, 0, 0, 0
109059, 256, 1, 0, 0
110060, 256, 0, 0, 0
110060, 256, 1, 0, 0
111060, 512, 0, 0, 0
111060, 1024, 1, 0, 0
114062, 768, 0, 0, 0
114062, 768, 1, 0, 0
115062, 256, 0, 0, 0
115062, 512, 1, 0, 0
117064, 1792, 0, 0, 0
117064, 1024, 1, 0, 0
118064, 1024, 0, 0, 0
118064, 1024, 1, 0, 0
119065, 1792, 0, 0, 0
119065, 768, 1, 0, 0
120065, 512, 0, 0, 0
120065, 2304, 1, 0, 0
121066, 512, 0, 0, 0
121066, 256, 1, 0, 0
123067, 256, 0, 0, 0
123067, 768, 1, 0, 0
124067, 1536, 0, 0, 0
124067, 1024, 1, 0, 0
125068, 256, 0, 0, 0
125068, 1024, 1, 0, 0
126068, 1280, 0, 0, 0
126068, 1024, 1, 0, 0
127069, 1024, 1, 0, 0
128070, 256, 0, 0, 0
128070, 512, 1, 0, 0
130071, 2304, 0, 0, 0
130071, 3072, 1, 0, 0
132072, 512, 0, 0, 0
132072, 768, 1, 0, 0
133072, 1536, 0, 0, 0
133072, 1280, 1, 0, 0
134073, 768, 0, 0, 0
134073, 2816, 1, 0, 0
135073, 256, 0, 0, 0
135073, 256, 1, 0, 0
137075, 256, 0, 0, 0
138075, 1024, 0, 0, 0
138075, 768, 1, 0, 0
142077, 256, 0, 0, 0
142077, 256, 1, 0, 0
143078, 256, 0, 0, 0
143078, 1280, 1, 0, 0
144079, 256, 0, 0, 0
145079, 768, 0, 0, 0
145079, 512, 1, 0, 0
146080, 1792, 0, 0, 0
146080, 768, 1, 0, 0
147080, 768, 0, 0, 0
149081, 1024, 0, 0, 0
149081, 768, 1, 0, 0
150082, 512, 0, 0, 0
150082, 1280, 1, 0, 0
151083, 2816, 0, 0, 0
151083, 2304, 1, 0, 0
152083, 512, 0, 0, 0
152083, 1536, 1, 0, 0
153084, 512, 0, 0, 0
153084, 256, 1, 0, 0
154084, 256, 0, 0, 0
155085, 1792, 0, 0, 0
155085, 512, 1, 0, 0
156085, 512, 0, 0, 0
157086, 256, 0, 0, 0
158086, 1024, 0, 0, 0
158086, 1024, 1, 0, 0
159087, 512, 0, 0, 0
159087, 512, 1, 0, 0
160087, 256, 1, 0, 0
161088, 768, 0, 0, 0
161088, 1024, 1, 0, 0
163089, 512, 1, 0, 0
164090, 768, 0, 0, 0
164090, 512, 1, 0, 0
167091, 256, 0, 0, 0
169093, 512, 0, 0, 0
169093, 768, 1, 0, 0
170093, 256, 0, 0, 0
170093, 768, 1, 0, 0
172094, 256, 0, 0, 0
172094, 1536, 1, 0, 0
173095, 512, 0, 0, 0
173095, 1024, 1, 0, 0
174095, 1280, 0, 0, 0
174095, 1024, 1, 0, 0
175096, 256, 0, 0, 0
176096, 512, 0, 0, 0
177097, 512, 0, 0, 0
177097, 256, 1, 0, 0
178097, 1024, 0, 0, 0
178097, 768, 1, 0, 0
179098, 256, 0, 0, 0
179098, 768, 1, 0, 0
