14006, 256, 0, 0, 0
14006, 256, 1, 0, 0
15007, 512, 0, 0, 0
15007, 512, 1, 0, 0
16007, 1024, 0, 0, 0
16007, 1536, 1, 0, 0
17008, 768, 0, 0, 0
17008, 1024, 1, 0, 0
18008, 768, 0, 0, 0
18008, 256, 1, 0, 0
21010, 2304, 0, 0, 0
21010, 1280, 1, 0, 0
22010, 768, 0, 0, 0
22010, 768, 1, 0, 0
23011, 2048, 0, 0, 0
23011, 1792, 1, 0, 0
25012, 1792, 0, 0, 0
25012, 2304, 1, 0, 0
26012, 512, 0, 0, 0
26012, 1280, 1, 0, 0
27013, 2560, 0, 0, 0
27013, 3328, 1, 0, 0
28013, 2048, 0, 0, 0
28013, 3328, 1, 0, 0
29014, 1280, 0, 0, 0
29014, 1280, 1, 0, 0
30015, 1024, 0, 0, 0
31015, 1280, 0, 0, 0
31015, 2560, 1, 0, 0
32016, 1024, 0, 0, 0
32016, 1024, 1, 0, 0
33016, 1536, 0, 0, 0
33016, 1536, 1, 0, 0
34017, 2304, 0, 0, 0
34017, 1536, 1, 0, 0
35017, 4864, 0, 0, 0
35017, 5632, 1, 0, 0
36018, 3584, 0, 0, 0
36018, 1536, 1, 0, 0
37019, 1280, 0, 0, 0
37019, 1024, 1, 0, 0
38019, 256, 0, 0, 0
38019, 768, 1, 0, 0
39020, 1024, 0, 0, 0
39020, 1024, 1, 0, 0
40020, 512, 0, 0, 0
40020, 1024, 1, 0, 0
42022, 1024, 0, 0, 0
42022, 2560, 1, 0, 0
43022, 256, 0, 0, 0
43022, 512, 1, 0, 0
45023, 256, 1, 0, 0
47025, 1024, 0, 0, 0
47025, 512, 1, 0, 0
48025, 1536, 0, 0, 0
48025, 512, 1, 0, 0
50027, 256, 0, 0, 0
51027, 1024, 0, 0, 0
51027, 512, 1, 0, 0
52028, 2560, 0, 0, 0
52028, 1536, 1, 0, 0
54029, 1536, 0, 0, 0
54029, 256, 1, 0, 0
55029, 1792, 0, 0, 0
55029, 1024, 1, 0, 0
56030, 1024, 0, 0, 0
56030, 512, 1, 0, 0
57031, 512, 0, 0, 0
58031, 768, 0, 0, 0
58031, 512, 1, 0, 0
60032, 256, 0, 0, 0
60032, 512, 1, 0, 0
61033, 2048, 0, 0, 0
61033, 1792, 1, 0, 0
62033, 768, 0, 0, 0
62033, 1024, 1, 0, 0
63034, 1792, 0, 0, 0
63034, 2304, 1, 0, 0
64034, 3584, 0, 0, 0
64034, 2560, 1, 0, 0
66035, 1024, 0, 0, 0
66035, 2048, 1, 0, 0
67036, 1024, 0, 0, 0
67036, 768, 1, 0, 0
68037, 768, 0, 0, 0
68037, 256, 1, 0, 0
69037, 256, 0, 0, 0
69037, 256, 1, 0, 0
70038, 1792, 0, 0, 0
70038, 1536, 1, 0, 0
71038, 3840, 0, 0, 0
71038, 5376, 1, 0, 0
72039, 256, 0, 0, 0
74040, 1536, 0, 0, 0
74040, 2304, 1, 0, 0
75041, 768, 0, 0, 0
75041, 256, 1, 0, 0
76041, 512, 0, 0, 0
76041, 512, 1, 0, 0
77042, 1024, 0, 0, 0
77042, 1280, 1, 0, 0
78042, 3072, 0, 0, 0
78042, 1024, 1, 0, 0
79043, 512, 0, 0, 0
79043, 1024, 1, 0, 0
80043, 3840, 0, 0, 0
80043, 3840, 1, 0, 0
81044, 768, 0, 0, 0
81044, 1280, 1, 0, 0
83045, 256, 0, 0, 0
83045, 512, 1, 0, 0
84045, 2304, 0, 0, 0
84045, 1280, 1, 0, 0
85046, 2560, 0, 0, 0
85046, 768, 1, 0, 0
86046, 1024, 0, 0, 0
86046, 2304, 1, 0, 0
87047, 1792, 0, 0, 0
87047, 2048, 1, 0, 0
88047, 3328, 0, 0, 0
88047, 3072, 1, 0, 0
89048, 1536, 0, 0, 0
89048, 2048, 1, 0, 0
90048, 2560, 0, 0, 0
90048, 1536, 1, 0, 0
91049, 512, 0, 0, 0
91049, 768, 1, 0, 0
92049, 2048, 0, 0, 0
92049, 2816, 1, 0, 0
93050, 256, 1, 0, 0
94051, 256, 0, 0, 0
94051, 256, 1, 0, 0
95051, 3072, 0, 0, 0
95051, 2560, 1, 0, 0
97053, 1536, 0, 0, 0
97053, 2048, 1, 0, 0
98053, 3840, 0, 0, 0
98053, 3328, 1, 0, 0
99054, 1792, 0, 0, 0
99054, 2816, 1, 0, 0
100054, 2048, 0, 0, 0
101055, 1536, 0, 0, 0
101055, 2816, 1, 0, 0
102055, 512, 0, 0, 0
102055, 768, 1, 0, 0
103056, 1536, 0, 0, 0
103056, 256, 1, 0, 0
105057, 4608, 0, 0, 0
105057, 5888, 1, 0, 0
106058, 1536, 0, 0, 0
106058, 768, 1, 0, 0
107058, 1280, 0, 0, 0
107058, 2048, 1, 0, 0
108059, 3072, 0, 0, 0
108059, 1536, 1, 0, 0
110060, 2304, 0, 0, 0
110060, 2304, 1, 0, 0
111060, 1280, 0, 0, 0
111060, 1024, 1, 0, 0
112061, 1792, 0, 0, 0
112061, 3072, 1, 0, 0
113061, 512, 0, 0, 0
113061, 256, 1, 0, 0
114062, 1792, 0, 0, 0
114062, 1536, 1, 0, 0
116063, 2304, 0, 0, 0
116063, 1280, 1, 0, 0
117064, 1024, 0, 0, 0
117064, 1280, 1, 0, 0
118064, 256, 0, 0, 0
118064, 256, 1, 0, 0
119065, 3072, 0, 0, 0
119065, 2816, 1, 0, 0
120065, 4864, 0, 0, 0
120065, 2304, 1, 0, 0
121066, 3328, 0, 0, 0
121066, 4864, 1, 0, 0
122066, 512, 1, 0, 0
123067, 512, 0, 0, 0
123067, 512, 1, 0, 0
125068, 256, 1, 0, 0
126069, 3840, 0, 0, 0
126069, 2560, 1, 0, 0
127069, 2048, 0, 0, 0
127069, 512, 1, 0, 0
128070, 512, 0, 0, 0
128070, 1792, 1, 0, 0
129070, 1536, 0, 0, 0
129070, 768, 1, 0, 0
130071, 2304, 0, 0, 0
130071, 1280, 1, 0, 0
131071, 3840, 0, 0, 0
131071, 1024, 1, 0, 0
132072, 1024, 0, 0, 0
132072, 512, 1, 0, 0
133073, 3328, 0, 0, 0
133073, 2048, 1, 0, 0
134073, 2304, 0, 0, 0
134073, 1792, 1, 0, 0
135074, 1024, 0, 0, 0
135074, 1280, 1, 0, 0
136074, 1024, 0, 0, 0
136074, 512, 1, 0, 0
137075, 512, 0, 0, 0
137075, 512, 1, 0, 0
138076, 1792, 0, 0, 0
138076, 256, 1, 0, 0
139076, 768, 0, 0, 0
139076, 2304, 1, 0, 0
140077, 256, 0, 0, 0
140077, 256, 1, 0, 0
141077, 512, 0, 0, 0
141077, 256, 1, 0, 0
142078, 256, 0, 0, 0
142078, 1280, 1, 0, 0
143078, 1280, 0, 0, 0
143078, 768, 1, 0, 0
144079, 2560, 0, 0, 0
144079, 1024, 1, 0, 0
145079, 256, 0, 0, 0
145079, 768, 1, 0, 0
147081, 1024, 1, 0, 0
148081, 6400, 0, 0, 0
148081, 3072, 1, 0, 0
149082, 2816, 0, 0, 0
149082, 2304, 1, 0, 0
150082, 1792, 0, 0, 0
150082, 1024, 1, 0, 0
151083, 768, 0, 0, 0
151083, 256, 1, 0, 0
152083, 1280, 0, 0, 0
152083, 2304, 1, 0, 0
153084, 1536, 0, 0, 0
153084, 2560, 1, 0, 0
154084, 2560, 0, 0, 0
154084, 2560, 1, 0, 0
155085, 768, 0, 0, 0
155085, 256, 1, 0, 0
156085, 1024, 0, 0, 0
156085, 512, 1, 0, 0
157086, 1024, 0, 0, 0
157086, 512, 1, 0, 0
158087, 4096, 0, 0, 0
158087, 2560, 1, 0, 0
159087, 768, 0, 0, 0
159087, 1280, 1, 0, 0
160088, 2816, 0, 0, 0
160088, 2304, 1, 0, 0
161088, 512, 0, 0, 0
161088, 1280, 1, 0, 0
162089, 1792, 0, 0, 0
162089, 1280, 1, 0, 0
163089, 1024, 0, 0, 0
163089, 512, 1, 0, 0
164090, 1536, 0, 0, 0
164090, 1536, 1, 0, 0
165091, 1792, 0, 0, 0
165091, 256, 1, 0, 0
166091, 768, 0, 0, 0
166091, 512, 1, 0, 0
167092, 1024, 0, 0, 0
167092, 1024, 1, 0, 0
169093, 1280, 0, 0, 0
169093, 768, 1, 0, 0
171094, 1536, 0, 0, 0
171094, 1792, 1, 0, 0
172094, 256, 0, 0, 0
172094, 256, 1, 0, 0
173095, 2304, 0, 0, 0
173095, 2048, 1, 0, 0
175096, 256, 0, 0, 0
175096, 1792, 1, 0, 0
176096, 2816, 0, 0, 0
176096, 1792, 1, 0, 0
177097, 1024, 0, 0, 0
177097, 2048, 1, 0, 0
178097, 2048, 0, 0, 0
178097, 256, 1, 0, 0
179098, 512, 0, 0, 0
179098, 2816, 1, 0, 0
