31016, 512, 1, 0, 0
32016, 768, 0, 0, 0
32016, 1024, 1, 0, 0
33017, 512, 0, 0, 0
33017, 256, 1, 0, 0
34017, 512, 0, 0, 0
35018, 1024, 0, 0, 0
35018, 512, 1, 0, 0
36018, 768, 0, 0, 0
36018, 512, 1, 0, 0
37019, 768, 0, 0, 0
37019, 2048, 1, 0, 0
38020, 256, 0, 0, 0
38020, 1792, 1, 0, 0
42022, 256, 1, 0, 0
43023, 1536, 0, 0, 0
43023, 1792, 1, 0, 0
44023, 768, 0, 0, 0
44023, 768, 1, 0, 0
45024, 1280, 0, 0, 0
45024, 1024, 1, 0, 0
47025, 1536, 0, 0, 0
47025, 1536, 1, 0, 0
49026, 512, 1, 0, 0
50027, 768, 0, 0, 0
50027, 512, 1, 0, 0
51028, 512, 0, 0, 0
51028, 512, 1, 0, 0
52028, 768, 0, 0, 0
52028, 1280, 1, 0, 0
53029, 512, 0, 0, 0
53029, 1280, 1, 0, 0
54029, 512, 1, 0, 0
55030, 768, 0, 0, 0
55030, 768, 1, 0, 0
56030, 1024, 0, 0, 0
56030, 1536, 1, 0, 0
57031, 1024, 0, 0, 0
57031, 768, 1, 0, 0
58032, 1024, 0, 0, 0
58032, 2304, 1, 0, 0
59032, 768, 0, 0, 0
59032, 1024, 1, 0, 0
60032, 1024, 0, 0, 0
60032, 1792, 1, 0, 0
61033, 1024, 0, 0, 0
61033, 512, 1, 0, 0
62034, 768, 0, 0, 0
62034, 768, 1, 0, 0
63034, 256, 0, 0, 0
63034, 512, 1, 0, 0
64035, 1536, 0, 0, 0
64035, 1536, 1, 0, 0
65035, 768, 0, 0, 0
65035, 1792, 1, 0, 0
66036, 512, 0, 0, 0
66036, 768, 1, 0, 0
67036, 512, 0, 0, 0
67036, 256, 1, 0, 0
68037, 256, 1, 0, 0
69038, 768, 0, 0, 0
69038, 2816, 1, 0, 0
70038, 1024, 0, 0, 0
70038, 256, 1, 0, 0
71039, 1280, 0, 0, 0
71039, 512, 1, 0, 0
72039, 1792, 0, 0, 0
73040, 256, 0, 0, 0
74040, 512, 0, 0, 0
74040, 1024, 1, 0, 0
75041, 512, 0, 0, 0
75041, 256, 1, 0, 0
76042, 256, 0, 0, 0
76042, 512, 1, 0, 0
77042, 1024, 1, 0, 0
78043, 512, 0, 0, 0
78043, 768, 1, 0, 0
79043, 512, 1, 0, 0
80044, 1792, 0, 0, 0
80044, 512, 1, 0, 0
81044, 256, 0, 0, 0
81044, 768, 1, 0, 0
82045, 1024, 0, 0, 0
82045, 768, 1, 0, 0
84046, 512, 0, 0, 0
84046, 512, 1, 0, 0
85046, 768, 1, 0, 0
86047, 512, 0, 0, 0
86047, 768, 1, 0, 0
87047, 256, 0, 0, 0
87047, 256, 1, 0, 0
88048, 1280, 0, 0, 0
88048, 768, 1, 0, 0
89048, 1024, 0, 0, 0
89048, 1280, 1, 0, 0
90049, 512, 0, 0, 0
90049, 512, 1, 0, 0
92050, 768, 0, 0, 0
93051, 1024, 0, 0, 0
93051, 512, 1, 0, 0
94051, 512, 0, 0, 0
94051, 512, 1, 0, 0
95052, 512, 0, 0, 0
95052, 512, 1, 0, 0
96052, 768, 0, 0, 0
96052, 256, 1, 0, 0
97053, 1024, 0, 0, 0
97053, 1024, 1, 0, 0
98054, 2304, 0, 0, 0
98054, 768, 1, 0, 0
99054, 768, 0, 0, 0
99054, 512, 1, 0, 0
100055, 768, 0, 0, 0
100055, 512, 1, 0, 0
101055, 512, 0, 0, 0
101055, 2048, 1, 0, 0
102056, 512, 0, 0, 0
102056, 512, 1, 0, 0
103056, 256, 0, 0, 0
104057, 512, 0, 0, 0
104057, 768, 1, 0, 0
105057, 1024, 0, 0, 0
106058, 768, 0, 0, 0
106058, 256, 1, 0, 0
107059, 1536, 0, 0, 0
107059, 1792, 1, 0, 0
108059, 768, 0, 0, 0
108059, 512, 1, 0, 0
109060, 1792, 0, 0, 0
109060, 1280, 1, 0, 0
110060, 1024, 0, 0, 0
110060, 1536, 1, 0, 0
111061, 256, 0, 0, 0
114062, 1024, 0, 0, 0
114062, 768, 1, 0, 0
115063, 768, 0, 0, 0
115063, 256, 1, 0, 0
116064, 512, 0, 0, 0
116064, 256, 1, 0, 0
117064, 1536, 0, 0, 0
117064, 768, 1, 0, 0
119065, 768, 0, 0, 0
119065, 2048, 1, 0, 0
120066, 256, 0, 0, 0
120066, 256, 1, 0, 0
122067, 1024, 0, 0, 0
122067, 1024, 1, 0, 0
123067, 768, 0, 0, 0
123067, 1024, 1, 0, 0
124068, 256, 0, 0, 0
124068, 512, 1, 0, 0
125068, 256, 0, 0, 0
125068, 512, 1, 0, 0
126069, 768, 1, 0, 0
127070, 1280, 0, 0, 0
127070, 1536, 1, 0, 0
128070, 512, 0, 0, 0
128070, 1536, 1, 0, 0
131072, 1024, 0, 0, 0
131072, 768, 1, 0, 0
133073, 256, 0, 0, 0
133073, 1024, 1, 0, 0
134073, 1792, 0, 0, 0
134073, 1792, 1, 0, 0
135074, 256, 0, 0, 0
137075, 512, 0, 0, 0
137075, 768, 1, 0, 0
138076, 256, 0, 0, 0
138076, 768, 1, 0, 0
141078, 1024, 0, 0, 0
142078, 1024, 0, 0, 0
142078, 768, 1, 0, 0
143079, 256, 0, 0, 0
143079, 256, 1, 0, 0
145080, 256, 0, 0, 0
146080, 512, 0, 0, 0
146080, 768, 1, 0, 0
147081, 1024, 0, 0, 0
147081, 1024, 1, 0, 0
148081, 1280, 0, 0, 0
148081, 1024, 1, 0, 0
149082, 512, 0, 0, 0
149082, 256, 1, 0, 0
150083, 1280, 0, 0, 0
150083, 512, 1, 0, 0
151083, 256, 0, 0, 0
152084, 768, 0, 0, 0
152084, 256, 1, 0, 0
153084, 512, 0, 0, 0
154085, 256, 1, 0, 0
155085, 256, 1, 0, 0
156086, 512, 0, 0, 0
156086, 512, 1, 0, 0
157086, 512, 1, 0, 0
158087, 512, 0, 0, 0
158087, 512, 1, 0, 0
160088, 512, 0, 0, 0
160088, 512, 1, 0, 0
161089, 512, 0, 0, 0
161089, 256, 1, 0, 0
164090, 512, 0, 0, 0
164090, 512, 1, 0, 0
165091, 256, 0, 0, 0
165091, 768, 1, 0, 0
166091, 768, 1, 0, 0
167092, 512, 0, 0, 0
168093, 256, 0, 0, 0
168093, 1280, 1, 0, 0
169093, 768, 0, 0, 0
169093, 768, 1, 0, 0
170094, 256, 0, 0, 0
170094, 256, 1, 0, 0
172095, 256, 0, 0, 0
172095, 1792, 1, 0, 0
173095, 768, 0, 0, 0
173095, 1536, 1, 0, 0
174096, 512, 1, 0, 0
175096, 1792, 0, 0, 0
175096, 512, 1, 0, 0
176097, 1280, 0, 0, 0
176097, 512, 1, 0, 0
177097, 1280, 0, 0, 0
177097, 1536, 1, 0, 0
178098, 512, 0, 0, 0
178098, 512, 1, 0, 0
179098, 512, 0, 0, 0
179098, 1280, 1, 0, 0
