30014, 256, 0, 0, 0
31015, 1536, 0, 0, 0
31015, 1280, 1, 0, 0
32015, 1024, 0, 0, 0
32015, 1792, 1, 0, 0
33016, 768, 0, 0, 0
34017, 1024, 0, 0, 0
35017, 256, 0, 0, 0
35017, 1536, 1, 0, 0
36018, 512, 1, 0, 0
37018, 768, 0, 0, 0
37018, 256, 1, 0, 0
39020, 1024, 0, 0, 0
39020, 768, 1, 0, 0
40020, 768, 1, 0, 0
41021, 256, 0, 0, 0
41021, 512, 1, 0, 0
42021, 512, 0, 0, 0
42021, 256, 1, 0, 0
43022, 256, 0, 0, 0
43022, 1792, 1, 0, 0
44022, 1024, 0, 0, 0
44022, 1024, 1, 0, 0
45023, 512, 0, 0, 0
45023, 1024, 1, 0, 0
46024, 1024, 0, 0, 0
46024, 768, 1, 0, 0
47024, 2304, 0, 0, 0
47024, 1280, 1, 0, 0
48025, 512, 0, 0, 0
48025, 768, 1, 0, 0
49026, 256, 0, 0, 0
50026, 1024, 0, 0, 0
50026, 768, 1, 0, 0
51027, 512, 0, 0, 0
52027, 512, 1, 0, 0
53028, 256, 1, 0, 0
54028, 768, 0, 0, 0
54028, 768, 1, 0, 0
55029, 256, 1, 0, 0
56030, 256, 0, 0, 0
56030, 1536, 1, 0, 0
57030, 1536, 0, 0, 0
57030, 768, 1, 0, 0
58031, 1024, 0, 0, 0
58031, 1536, 1, 0, 0
59031, 768, 1, 0, 0
60032, 768, 0, 0, 0
60032, 512, 1, 0, 0
61032, 256, 1, 0, 0
62033, 512, 0, 0, 0
62033, 256, 1, 0, 0
63033, 768, 0, 0, 0
63033, 256, 1, 0, 0
64034, 256, 0, 0, 0
64034, 256, 1, 0, 0
66035, 256, 1, 0, 0
67036, 768, 1, 0, 0
68036, 512, 0, 0, 0
68036, 768, 1, 0, 0
69037, 256, 1, 0, 0
70037, 256, 0, 0, 0
70037, 512, 1, 0, 0
72039, 512, 0, 0, 0
72039, 256, 1, 0, 0
75040, 1536, 0, 0, 0
75040, 2048, 1, 0, 0
76041, 1536, 0, 0, 0
76041, 2048, 1, 0, 0
77041, 256, 0, 0, 0
78042, 256, 0, 0, 0
79042, 1792, 0, 0, 0
79042, 1280, 1, 0, 0
80043, 1024, 0, 0, 0
80043, 768, 1, 0, 0
81044, 512, 0, 0, 0
81044, 1280, 1, 0, 0
82044, 1280, 0, 0, 0
82044, 768, 1, 0, 0
83045, 256, 0, 0, 0
84045, 2816, 0, 0, 0
84045, 1536, 1, 0, 0
85045, 512, 0, 0, 0
85045, 1024, 1, 0, 0
86046, 2048, 0, 0, 0
86046, 1024, 1, 0, 0
88047, 1792, 0, 0, 0
88047, 1792, 1, 0, 0
89048, 512, 0, 0, 0
89048, 768, 1, 0, 0
90048, 1024, 0, 0, 0
90048, 768, 1, 0, 0
91049, 1024, 0, 0, 0
91049, 256, 1, 0, 0
92049, 256, 0, 0, 0
92049, 1024, 1, 0, 0
93050, 1280, 0, 0, 0
93050, 768, 1, 0, 0
94051, 512, 0, 0, 0
94051, 256, 1, 0, 0
95051, 768, 0, 0, 0
95051, 256, 1, 0, 0
96052, 3328, 0, 0, 0
96052, 1280, 1, 0, 0
97052, 256, 0, 0, 0
97052, 1024, 1, 0, 0
99053, 1024, 0, 0, 0
99053, 1792, 1, 0, 0
100054, 256, 1, 0, 0
101054, 768, 1, 0, 0
102055, 1280, 0, 0, 0
102055, 768, 1, 0, 0
103055, 1792, 0, 0, 0
103055, 1024, 1, 0, 0
104056, 1792, 0, 0, 0
104056, 2048, 1, 0, 0
105057, 512, 0, 0, 0
105057, 1536, 1, 0, 0
106057, 256, 1, 0, 0
107058, 256, 0, 0, 0
107058, 768, 1, 0, 0
108058, 512, 0, 0, 0
108058, 256, 1, 0, 0
109059, 512, 0, 0, 0
109059, 256, 1, 0, 0
110060, 256, 1, 0, 0
111060, 768, 0, 0, 0
111060, 512, 1, 0, 0
112061, 512, 0, 0, 0
112061, 512, 1, 0, 0
113061, 256, 0, 0, 0
113061, 1024, 1, 0, 0
114062, 1536, 0, 0, 0
114062, 1280, 1, 0, 0
115062, 1280, 1, 0, 0
116063, 512, 0, 0, 0
117063, 768, 0, 0, 0
117063, 2048, 1, 0, 0
118064, 1280, 0, 0, 0
118064, 256, 1, 0, 0
119065, 1024, 0, 0, 0
119065, 256, 1, 0, 0
121066, 512, 0, 0, 0
121066, 768, 1, 0, 0
122066, 256, 0, 0, 0
123067, 1792, 0, 0, 0
123067, 1792, 1, 0, 0
124067, 256, 0, 0, 0
124067, 768, 1, 0, 0
125068, 256, 0, 0, 0
125068, 768, 1, 0, 0
127069, 256, 0, 0, 0
127069, 1024, 1, 0, 0
128070, 512, 0, 0, 0
128070, 1024, 1, 0, 0
129070, 512, 0, 0, 0
129070, 1536, 1, 0, 0
131071, 1024, 0, 0, 0
131071, 512, 1, 0, 0
132072, 1536, 0, 0, 0
132072, 512, 1, 0, 0
133072, 256, 1, 0, 0
136074, 1024, 0, 0, 0
136074, 2304, 1, 0, 0
137075, 256, 1, 0, 0
140076, 1280, 0, 0, 0
140076, 768, 1, 0, 0
141077, 512, 0, 0, 0
141077, 1280, 1, 0, 0
142077, 512, 0, 0, 0
142077, 512, 1, 0, 0
143078, 512, 0, 0, 0
144079, 512, 0, 0, 0
144079, 256, 1, 0, 0
145079, 768, 0, 0, 0
145079, 768, 1, 0, 0
146080, 256, 1, 0, 0
147080, 1536, 0, 0, 0
147080, 1280, 1, 0, 0
148081, 1536, 0, 0, 0
148081, 2048, 1, 0, 0
149081, 256, 0, 0, 0
150082, 512, 0, 0, 0
150082, 1024, 1, 0, 0
151082, 256, 0, 0, 0
151082, 768, 1, 0, 0
152083, 768, 0, 0, 0
152083, 1280, 1, 0, 0
153084, 512, 0, 0, 0
153084, 768, 1, 0, 0
154084, 256, 0, 0, 0
154084, 768, 1, 0, 0
155085, 1024, 0, 0, 0
155085, 1280, 1, 0, 0
156085, 256, 0, 0, 0
157086, 768, 0, 0, 0
157086, 1792, 1, 0, 0
159087, 512, 0, 0, 0
159087, 256, 1, 0, 0
160087, 1024, 0, 0, 0
160087, 512, 1, 0, 0
161088, 1280, 0, 0, 0
161088, 768, 1, 0, 0
162089, 768, 0, 0, 0
162089, 512, 1, 0, 0
164090, 512, 1, 0, 0
165090, 512, 1, 0, 0
166091, 1536, 0, 0, 0
166091, 1024, 1, 0, 0
167091, 1024, 0, 0, 0
167091, 1024, 1, 0, 0
168092, 1280, 0, 0, 0
168092, 512, 1, 0, 0
169092, 256, 0, 0, 0
170093, 512, 0, 0, 0
170093, 768, 1, 0, 0
171094, 768, 0, 0, 0
171094, 1024, 1, 0, 0
172094, 256, 0, 0, 0
172094, 512, 1, 0, 0
173094, 768, 0, 0, 0
174095, 1536, 0, 0, 0
174095, 256, 1, 0, 0
175095, 256, 0, 0, 0
176096, 768, 0, 0, 0
177097, 512, 0, 0, 0
177097, 256, 1, 0, 0
178097, 1536, 0, 0, 0
178097, 1024, 1, 0, 0
179098, 512, 0, 0, 0
179098, 256, 1, 0, 0
