35018, 512, 0, 0, 0
35018, 1024, 1, 0, 0
36018, 256, 0, 0, 0
36018, 512, 1, 0, 0
37019, 256, 0, 0, 0
37019, 512, 1, 0, 0
38020, 768, 0, 0, 0
40021, 768, 0, 0, 0
41021, 1024, 0, 0, 0
41021, 1024, 1, 0, 0
42022, 1280, 0, 0, 0
42022, 768, 1, 0, 0
43022, 1024, 1, 0, 0
44023, 768, 0, 0, 0
44023, 256, 1, 0, 0
46024, 256, 0, 0, 0
46024, 512, 1, 0, 0
47025, 256, 0, 0, 0
47025, 512, 1, 0, 0
48026, 512, 0, 0, 0
49026, 256, 1, 0, 0
50027, 256, 0, 0, 0
50027, 256, 1, 0, 0
51027, 1280, 0, 0, 0
51027, 256, 1, 0, 0
52028, 256, 0, 0, 0
52028, 256, 1, 0, 0
53028, 512, 0, 0, 0
53028, 512, 1, 0, 0
54029, 256, 0, 0, 0
54029, 256, 1, 0, 0
55030, 256, 0, 0, 0
55030, 512, 1, 0, 0
56030, 512, 1, 0, 0
57031, 512, 0, 0, 0
57031, 256, 1, 0, 0
58031, 256, 0, 0, 0
59032, 256, 0, 0, 0
59032, 256, 1, 0, 0
61033, 512, 0, 0, 0
61033, 512, 1, 0, 0
62033, 768, 0, 0, 0
62033, 512, 1, 0, 0
63034, 256, 0, 0, 0
65035, 256, 1, 0, 0
66036, 1024, 0, 0, 0
66036, 768, 1, 0, 0
67036, 512, 0, 0, 0
67036, 512, 1, 0, 0
68037, 768, 0, 0, 0
69037, 256, 1, 0, 0
70038, 768, 0, 0, 0
70038, 256, 1, 0, 0
71039, 256, 0, 0, 0
71039, 512, 1, 0, 0
72039, 512, 0, 0, 0
72039, 768, 1, 0, 0
73040, 512, 0, 0, 0
73040, 768, 1, 0, 0
74040, 768, 0, 0, 0
74040, 256, 1, 0, 0
75041, 256, 0, 0, 0
75041, 768, 1, 0, 0
78043, 256, 0, 0, 0
78043, 1280, 1, 0, 0
79043, 1280, 0, 0, 0
79043, 1536, 1, 0, 0
80044, 1280, 0, 0, 0
80044, 768, 1, 0, 0
81044, 1792, 0, 0, 0
81044, 1280, 1, 0, 0
82045, 2048, 0, 0, 0
82045, 1280, 1, 0, 0
83045, 256, 0, 0, 0
83045, 512, 1, 0, 0
84046, 512, 1, 0, 0
85046, 512, 0, 0, 0
85046, 256, 1, 0, 0
86047, 512, 1, 0, 0
87047, 2048, 0, 0, 0
87047, 512, 1, 0, 0
88048, 256, 0, 0, 0
88048, 256, 1, 0, 0
90049, 512, 0, 0, 0
90049, 512, 1, 0, 0
91049, 256, 1, 0, 0
92050, 512, 0, 0, 0
92050, 256, 1, 0, 0
93051, 1536, 0, 0, 0
93051, 512, 1, 0, 0
94051, 2048, 0, 0, 0
94051, 1536, 1, 0, 0
96052, 768, 0, 0, 0
96052, 256, 1, 0, 0
97053, 1280, 0, 0, 0
97053, 1024, 1, 0, 0
99054, 256, 0, 0, 0
99054, 256, 1, 0, 0
100055, 1024, 0, 0, 0
100055, 1024, 1, 0, 0
101055, 1536, 0, 0, 0
101055, 1280, 1, 0, 0
102056, 512, 0, 0, 0
102056, 1024, 1, 0, 0
104057, 512, 0, 0, 0
104057, 512, 1, 0, 0
106058, 768, 0, 0, 0
106058, 768, 1, 0, 0
107058, 512, 1, 0, 0
108059, 256, 0, 0, 0
109060, 512, 0, 0, 0
109060, 768, 1, 0, 0
110060, 256, 0, 0, 0
110060, 256, 1, 0, 0
111061, 512, 0, 0, 0
111061, 768, 1, 0, 0
112061, 1280, 1, 0, 0
113062, 1536, 0, 0, 0
113062, 1024, 1, 0, 0
114062, 256, 0, 0, 0
114062, 512, 1, 0, 0
115063, 256, 0, 0, 0
115063, 512, 1, 0, 0
116064, 768, 0, 0, 0
116064, 512, 1, 0, 0
117064, 256, 0, 0, 0
117064, 1024, 1, 0, 0
118065, 512, 1, 0, 0
119065, 768, 0, 0, 0
119065, 1280, 1, 0, 0
120066, 512, 0, 0, 0
120066, 512, 1, 0, 0
121066, 1024, 0, 0, 0
121066, 1280, 1, 0, 0
122067, 512, 0, 0, 0
122067, 1280, 1, 0, 0
123067, 512, 0, 0, 0
123067, 768, 1, 0, 0
124068, 768, 0, 0, 0
124068, 512, 1, 0, 0
125068, 1024, 0, 0, 0
125068, 1024, 1, 0, 0
126069, 512, 0, 0, 0
126069, 1024, 1, 0, 0
127069, 512, 0, 0, 0
127069, 256, 1, 0, 0
129071, 512, 0, 0, 0
129071, 768, 1, 0, 0
130071, 256, 0, 0, 0
130071, 512, 1, 0, 0
131072, 1024, 1, 0, 0
132072, 512, 0, 0, 0
132072, 1024, 1, 0, 0
133073, 512, 0, 0, 0
133073, 512, 1, 0, 0
134073, 768, 0, 0, 0
135074, 768, 1, 0, 0
138076, 2048, 0, 0, 0
138076, 2560, 1, 0, 0
139076, 1024, 0, 0, 0
139076, 1024, 1, 0, 0
140077, 1024, 0, 0, 0
140077, 256, 1, 0, 0
141077, 256, 0, 0, 0
142078, 256, 0, 0, 0
143078, 768, 1, 0, 0
144079, 256, 0, 0, 0
145080, 1536, 0, 0, 0
145080, 768, 1, 0, 0
146080, 1792, 0, 0, 0
146080, 256, 1, 0, 0
147081, 1280, 0, 0, 0
147081, 2304, 1, 0, 0
148081, 512, 0, 0, 0
148081, 512, 1, 0, 0
149082, 1024, 0, 0, 0
149082, 1536, 1, 0, 0
150083, 1792, 0, 0, 0
150083, 256, 1, 0, 0
151083, 256, 0, 0, 0
151083, 512, 1, 0, 0
152084, 768, 0, 0, 0
152084, 1280, 1, 0, 0
153084, 256, 0, 0, 0
153084, 256, 1, 0, 0
154085, 256, 0, 0, 0
154085, 512, 1, 0, 0
155085, 256, 0, 0, 0
156086, 768, 0, 0, 0
156086, 2816, 1, 0, 0
157086, 1792, 1, 0, 0
158087, 512, 1, 0, 0
159087, 1280, 0, 0, 0
159087, 256, 1, 0, 0
160088, 512, 0, 0, 0
160088, 2048, 1, 0, 0
161089, 1280, 1, 0, 0
162089, 2560, 0, 0, 0
162089, 1024, 1, 0, 0
164090, 256, 0, 0, 0
164090, 768, 1, 0, 0
165091, 512, 0, 0, 0
165091, 256, 1, 0, 0
167092, 1024, 0, 0, 0
167092, 1024, 1, 0, 0
168093, 256, 0, 0, 0
168093, 1280, 1, 0, 0
169093, 768, 0, 0, 0
169093, 256, 1, 0, 0
170094, 512, 0, 0, 0
170094, 768, 1, 0, 0
171094, 768, 0, 0, 0
171094, 256, 1, 0, 0
173095, 1024, 0, 0, 0
173095, 256, 1, 0, 0
174096, 1280, 0, 0, 0
175096, 512, 0, 0, 0
175096, 1024, 1, 0, 0
176097, 768, 0, 0, 0
176097, 512, 1, 0, 0
177097, 768, 0, 0, 0
177097, 256, 1, 0, 0
178098, 1280, 0, 0, 0
179098, 1280, 0, 0, 0
179098, 256, 1, 0, 0
