13005, 512, 0, 0, 0
13005, 1280, 1, 0, 0
14005, 768, 0, 0, 0
14005, 1024, 1, 0, 0
15006, 2048, 0, 0, 0
15006, 1024, 1, 0, 0
16006, 3328, 0, 0, 0
16006, 2560, 1, 0, 0
17007, 256, 1, 0, 0
18007, 2304, 0, 0, 0
18007, 1536, 1, 0, 0
19008, 1280, 0, 0, 0
19008, 512, 1, 0, 0
20008, 512, 0, 0, 0
20008, 512, 1, 0, 0
21009, 768, 0, 0, 0
21009, 1024, 1, 0, 0
22009, 1536, 0, 0, 0
22009, 2048, 1, 0, 0
23010, 1536, 0, 0, 0
23010, 1024, 1, 0, 0
24010, 512, 0, 0, 0
24010, 256, 1, 0, 0
25011, 512, 0, 0, 0
25011, 512, 1, 0, 0
26012, 1792, 0, 0, 0
26012, 768, 1, 0, 0
27012, 1536, 0, 0, 0
27012, 2048, 1, 0, 0
28013, 2816, 0, 0, 0
28013, 2560, 1, 0, 0
29013, 768, 0, 0, 0
29013, 1280, 1, 0, 0
30014, 1792, 0, 0, 0
30014, 1536, 1, 0, 0
31014, 1280, 0, 0, 0
31014, 256, 1, 0, 0
32015, 768, 0, 0, 0
32015, 256, 1, 0, 0
33015, 2304, 0, 0, 0
33015, 3584, 1, 0, 0
34016, 2048, 0, 0, 0
34016, 1280, 1, 0, 0
36017, 1280, 0, 0, 0
37018, 512, 0, 0, 0
37018, 1536, 1, 0, 0
38018, 3072, 0, 0, 0
38018, 3072, 1, 0, 0
39019, 512, 0, 0, 0
39019, 768, 1, 0, 0
40020, 256, 0, 0, 0
41020, 512, 0, 0, 0
41020, 512, 1, 0, 0
42021, 256, 0, 0, 0
43021, 256, 0, 0, 0
43021, 256, 1, 0, 0
45023, 512, 0, 0, 0
45023, 1536, 1, 0, 0
46023, 512, 0, 0, 0
46023, 768, 1, 0, 0
47024, 1024, 0, 0, 0
47024, 1280, 1, 0, 0
48024, 1280, 0, 0, 0
48024, 1280, 1, 0, 0
49025, 1280, 0, 0, 0
49025, 768, 1, 0, 0
50026, 2304, 0, 0, 0
50026, 1792, 1, 0, 0
51026, 512, 0, 0, 0
51026, 1024, 1, 0, 0
52027, 768, 0, 0, 0
52027, 512, 1, 0, 0
53027, 256, 0, 0, 0
54028, 768, 0, 0, 0
54028, 1024, 1, 0, 0
56029, 256, 0, 0, 0
56029, 2304, 1, 0, 0
57030, 768, 1, 0, 0
58030, 2048, 0, 0, 0
58030, 1280, 1, 0, 0
59031, 1536, 0, 0, 0
59031, 768, 1, 0, 0
61032, 256, 0, 0, 0
65034, 256, 0, 0, 0
66035, 512, 0, 0, 0
66035, 1536, 1, 0, 0
67035, 256, 1, 0, 0
69036, 768, 0, 0, 0
69036, 2304, 1, 0, 0
70037, 256, 0, 0, 0
70037, 256, 1, 0, 0
71038, 768, 0, 0, 0
71038, 1536, 1, 0, 0
72038, 768, 0, 0, 0
72038, 2048, 1, 0, 0
73039, 2048, 0, 0, 0
73039, 1792, 1, 0, 0
74039, 1024, 0, 0, 0
74039, 512, 1, 0, 0
75040, 768, 0, 0, 0
75040, 768, 1, 0, 0
76040, 512, 0, 0, 0
76040, 768, 1, 0, 0
77041, 1536, 0, 0, 0
77041, 768, 1, 0, 0
78041, 2560, 0, 0, 0
78041, 3328, 1, 0, 0
79042, 1024, 0, 0, 0
79042, 512, 1, 0, 0
80042, 1024, 0, 0, 0
80042, 3072, 1, 0, 0
81043, 3328, 0, 0, 0
81043, 3328, 1, 0, 0
82044, 1792, 0, 0, 0
82044, 3072, 1, 0, 0
83044, 2560, 0, 0, 0
83044, 6912, 1, 0, 0
84045, 256, 1, 0, 0
85045, 1536, 0, 0, 0
85045, 1536, 1, 0, 0
86046, 768, 0, 0, 0
86046, 768, 1, 0, 0
87046, 256, 0, 0, 0
88047, 768, 0, 0, 0
88047, 2304, 1, 0, 0
89047, 2304, 0, 0, 0
89047, 1024, 1, 0, 0
91048, 1792, 0, 0, 0
91048, 1536, 1, 0, 0
92049, 1536, 0, 0, 0
92049, 1280, 1, 0, 0
94050, 1024, 0, 0, 0
94050, 1024, 1, 0, 0
95051, 256, 0, 0, 0
95051, 256, 1, 0, 0
96051, 512, 0, 0, 0
96051, 768, 1, 0, 0
97052, 512, 0, 0, 0
97052, 256, 1, 0, 0
98052, 1536, 0, 0, 0
98052, 1792, 1, 0, 0
99053, 5120, 0, 0, 0
99053, 1792, 1, 0, 0
100053, 1792, 0, 0, 0
100053, 3584, 1, 0, 0
101054, 768, 0, 0, 0
101054, 1024, 1, 0, 0
102054, 512, 0, 0, 0
102054, 1792, 1, 0, 0
103055, 512, 0, 0, 0
103055, 768, 1, 0, 0
104056, 768, 0, 0, 0
104056, 1280, 1, 0, 0
105056, 512, 0, 0, 0
105056, 512, 1, 0, 0
106057, 1024, 0, 0, 0
106057, 2304, 1, 0, 0
107057, 1792, 0, 0, 0
107057, 1792, 1, 0, 0
108058, 768, 0, 0, 0
108058, 1024, 1, 0, 0
109058, 512, 0, 0, 0
109058, 768, 1, 0, 0
110059, 3840, 0, 0, 0
110059, 2816, 1, 0, 0
111060, 4608, 0, 0, 0
111060, 3072, 1, 0, 0
112060, 1536, 0, 0, 0
112060, 768, 1, 0, 0
114061, 1280, 0, 0, 0
114061, 256, 1, 0, 0
115062, 1024, 0, 0, 0
115062, 768, 1, 0, 0
116062, 2816, 0, 0, 0
116062, 3328, 1, 0, 0
117063, 512, 0, 0, 0
117063, 1280, 1, 0, 0
118063, 1024, 0, 0, 0
118063, 1280, 1, 0, 0
119064, 2816, 0, 0, 0
119064, 2816, 1, 0, 0
120064, 1792, 0, 0, 0
120064, 1536, 1, 0, 0
121065, 1024, 1, 0, 0
122066, 2560, 0, 0, 0
122066, 2816, 1, 0, 0
123066, 2048, 0, 0, 0
123066, 1024, 1, 0, 0
124067, 256, 0, 0, 0
124067, 1792, 1, 0, 0
128069, 5376, 0, 0, 0
128069, 5120, 1, 0, 0
129070, 1792, 0, 0, 0
129070, 1792, 1, 0, 0
130070, 2048, 0, 0, 0
130070, 1280, 1, 0, 0
132071, 2048, 0, 0, 0
132071, 2560, 1, 0, 0
133072, 256, 0, 0, 0
133072, 1536, 1, 0, 0
134072, 1536, 0, 0, 0
134072, 1280, 1, 0, 0
135073, 1280, 0, 0, 0
135073, 2048, 1, 0, 0
136073, 256, 0, 0, 0
138075, 2816, 0, 0, 0
138075, 2816, 1, 0, 0
139075, 768, 0, 0, 0
139075, 1024, 1, 0, 0
140076, 1280, 0, 0, 0
140076, 256, 1, 0, 0
141076, 2048, 0, 0, 0
142077, 256, 0, 0, 0
143077, 3328, 0, 0, 0
143077, 1536, 1, 0, 0
144078, 768, 1, 0, 0
145079, 1536, 0, 0, 0
145079, 1024, 1, 0, 0
146079, 512, 0, 0, 0
146079, 512, 1, 0, 0
148080, 1792, 0, 0, 0
148080, 1792, 1, 0, 0
149081, 1792, 0, 0, 0
149081, 2304, 1, 0, 0
150081, 256, 1, 0, 0
151082, 512, 0, 0, 0
151082, 2048, 1, 0, 0
152082, 256, 0, 0, 0
152082, 512, 1, 0, 0
153083, 1024, 0, 0, 0
153083, 2560, 1, 0, 0
154084, 1024, 0, 0, 0
154084, 2816, 1, 0, 0
155084, 256, 0, 0, 0
155084, 256, 1, 0, 0
156085, 512, 0, 0, 0
156085, 1792, 1, 0, 0
157085, 256, 0, 0, 0
157085, 256, 1, 0, 0
158086, 512, 0, 0, 0
158086, 768, 1, 0, 0
159086, 3072, 0, 0, 0
159086, 2304, 1, 0, 0
160087, 1280, 0, 0, 0
160087, 2048, 1, 0, 0
161087, 1792, 0, 0, 0
161087, 1024, 1, 0, 0
162088, 768, 0, 0, 0
162088, 256, 1, 0, 0
163089, 1792, 0, 0, 0
163089, 2816, 1, 0, 0
164089, 512, 0, 0, 0
164089, 512, 1, 0, 0
165090, 1280, 0, 0, 0
165090, 1280, 1, 0, 0
166090, 256, 1, 0, 0
167091, 3584, 0, 0, 0
167091, 2304, 1, 0, 0
168091, 1024, 0, 0, 0
168091, 1280, 1, 0, 0
169092, 1024, 0, 0, 0
169092, 3072, 1, 0, 0
170093, 256, 1, 0, 0
171093, 2560, 0, 0, 0
171093, 2048, 1, 0, 0
172094, 1024, 0, 0, 0
172094, 3072, 1, 0, 0
173094, 768, 0, 0, 0
173094, 1280, 1, 0, 0
174094, 512, 0, 0, 0
174094, 1280, 1, 0, 0
175095, 1536, 0, 0, 0
175095, 3840, 1, 0, 0
176096, 1024, 0, 0, 0
176096, 768, 1, 0, 0
177096, 1280, 0, 0, 0
177096, 1792, 1, 0, 0
178097, 1792, 0, 0, 0
178097, 1536, 1, 0, 0
179097, 512, 0, 0, 0
179097, 256, 1, 0, 0
