11000, 256, 0, 0, 0
11000, 1024, 1, 0, 0
11999, 2050, 0, 0, 0
11999, 1793, 1, 0, 0
14999, 1537, 0, 0, 0
14999, 3331, 1, 0, 0
15999, 1280, 0, 0, 0
15999, 768, 1, 0, 0
16999, 1281, 0, 0, 0
16999, 768, 1, 0, 0
17999, 768, 0, 0, 0
17999, 256, 1, 0, 0
18999, 1793, 0, 0, 0
18999, 2306, 1, 0, 0
19999, 256, 0, 0, 0
19999, 256, 1, 0, 0
20999, 3075, 0, 0, 0
20999, 2562, 1, 0, 0
23999, 1792, 0, 0, 0
23999, 1024, 1, 0, 0
24999, 2306, 0, 0, 0
24999, 2050, 1, 0, 0
25999, 512, 0, 0, 0
25999, 256, 1, 0, 0
26999, 2818, 0, 0, 0
26999, 3843, 1, 0, 0
27999, 1792, 0, 0, 0
27999, 2048, 1, 0, 0
29999, 256, 1, 0, 0
30999, 5893, 0, 0, 0
30999, 5637, 1, 0, 0
32000, 1024, 0, 0, 0
32000, 256, 1, 0, 0
32999, 1793, 0, 0, 0
32999, 1281, 1, 0, 0
33999, 256, 0, 0, 0
34999, 2048, 0, 0, 0
34999, 2560, 1, 0, 0
35999, 1025, 0, 0, 0
35999, 1025, 1, 0, 0
37000, 768, 1, 0, 0
37999, 1537, 0, 0, 0
37999, 256, 1, 0, 0
38999, 512, 0, 0, 0
38999, 768, 1, 0, 0
39999, 1536, 0, 0, 0
39999, 256, 1, 0, 0
40999, 768, 0, 0, 0
40999, 1537, 1, 0, 0
42000, 1792, 0, 0, 0
42000, 1536, 1, 0, 0
42999, 2818, 0, 0, 0
42999, 768, 1, 0, 0
43999, 768, 0, 0, 0
43999, 256, 1, 0, 0
44999, 3328, 0, 0, 0
44999, 1280, 1, 0, 0
45999, 1025, 0, 0, 0
45999, 2306, 1, 0, 0
47000, 3840, 0, 0, 0
47000, 3328, 1, 0, 0
47999, 2562, 0, 0, 0
47999, 1537, 1, 0, 0
49999, 1024, 0, 0, 0
49999, 1280, 1, 0, 0
50999, 1537, 0, 0, 0
50999, 2050, 1, 0, 0
52000, 256, 0, 0, 0
52000, 512, 1, 0, 0
52999, 256, 0, 0, 0
52999, 256, 1, 0, 0
53999, 1537, 0, 0, 0
53999, 1025, 1, 0, 0
54999, 1024, 0, 0, 0
54999, 512, 1, 0, 0
55999, 768, 0, 0, 0
55999, 1537, 1, 0, 0
57999, 1025, 0, 0, 0
57999, 256, 1, 0, 0
59000, 1280, 0, 0, 0
59000, 768, 1, 0, 0
59999, 3587, 0, 0, 0
59999, 3331, 1, 0, 0
61000, 1536, 0, 0, 0
61000, 1280, 1, 0, 0
61999, 768, 0, 0, 0
61999, 256, 1, 0, 0
62999, 1281, 0, 0, 0
62999, 1025, 1, 0, 0
63999, 768, 0, 0, 0
63999, 512, 1, 0, 0
64999, 2306, 0, 0, 0
64999, 2050, 1, 0, 0
65999, 2048, 0, 0, 0
65999, 3072, 1, 0, 0
66999, 2050, 0, 0, 0
66999, 2562, 1, 0, 0
67999, 3072, 0, 0, 0
67999, 3328, 1, 0, 0
68999, 2306, 0, 0, 0
68999, 1025, 1, 0, 0
69999, 3075, 0, 0, 0
69999, 4100, 1, 0, 0
70999, 768, 0, 0, 0
70999, 512, 1, 0, 0
71999, 3587, 0, 0, 0
71999, 3587, 1, 0, 0
72999, 512, 0, 0, 0
72999, 768, 1, 0, 0
73999, 256, 0, 0, 0
73999, 256, 1, 0, 0
75000, 3840, 0, 0, 0
75000, 2816, 1, 0, 0
77000, 1536, 0, 0, 0
77000, 1536, 1, 0, 0
78999, 1025, 0, 0, 0
78999, 256, 1, 0, 0
79999, 1536, 0, 0, 0
79999, 768, 1, 0, 0
80999, 768, 0, 0, 0
80999, 1537, 1, 0, 0
81999, 2304, 0, 0, 0
81999, 2048, 1, 0, 0
82999, 5381, 0, 0, 0
82999, 4100, 1, 0, 0
83999, 1024, 0, 0, 0
83999, 1280, 1, 0, 0
84999, 2562, 0, 0, 0
84999, 2562, 1, 0, 0
85999, 1792, 0, 0, 0
85999, 512, 1, 0, 0
86999, 768, 0, 0, 0
86999, 1025, 1, 0, 0
87999, 256, 0, 0, 0
87999, 256, 1, 0, 0
88999, 2050, 0, 0, 0
88999, 1537, 1, 0, 0
89999, 4608, 0, 0, 0
89999, 4608, 1, 0, 0
90999, 1025, 0, 0, 0
90999, 512, 1, 0, 0
91999, 1536, 0, 0, 0
91999, 1024, 1, 0, 0
92999, 1537, 0, 0, 0
92999, 2050, 1, 0, 0
93999, 2050, 0, 0, 0
93999, 1537, 1, 0, 0
94999, 768, 0, 0, 0
94999, 512, 1, 0, 0
95999, 1537, 0, 0, 0
95999, 3843, 1, 0, 0
97000, 1280, 0, 0, 0
97000, 1536, 1, 0, 0
98999, 2562, 0, 0, 0
98999, 1793, 1, 0, 0
99999, 5376, 0, 0, 0
99999, 5120, 1, 0, 0
100999, 3331, 0, 0, 0
100999, 4868, 1, 0, 0
101999, 512, 0, 0, 0
101999, 1280, 1, 0, 0
104999, 2050, 0, 0, 0
104999, 1793, 1, 0, 0
105999, 1280, 0, 0, 0
105999, 1280, 1, 0, 0
106999, 2306, 0, 0, 0
106999, 1281, 1, 0, 0
107999, 2050, 0, 0, 0
107999, 1025, 1, 0, 0
109999, 3331, 0, 0, 0
109999, 1281, 1, 0, 0
110999, 1280, 0, 0, 0
110999, 1536, 1, 0, 0
111999, 6150, 0, 0, 0
111999, 4100, 1, 0, 0
112999, 2560, 0, 0, 0
112999, 3328, 1, 0, 0
113999, 1025, 0, 0, 0
113999, 512, 1, 0, 0
115000, 1024, 0, 0, 0
115000, 3584, 1, 0, 0
115999, 256, 0, 0, 0
115999, 256, 1, 0, 0
116999, 1537, 0, 0, 0
116999, 3331, 1, 0, 0
117999, 1024, 0, 0, 0
117999, 1024, 1, 0, 0
118999, 1537, 0, 0, 0
118999, 1793, 1, 0, 0
119999, 256, 0, 0, 0
119999, 1280, 1, 0, 0
120999, 2562, 0, 0, 0
120999, 512, 1, 0, 0
121999, 2304, 0, 0, 0
121999, 1024, 1, 0, 0
122999, 2562, 0, 0, 0
122999, 2050, 1, 0, 0
124000, 3584, 0, 0, 0
124000, 3584, 1, 0, 0
124999, 1025, 0, 0, 0
124999, 1537, 1, 0, 0
126000, 512, 0, 0, 0
126000, 512, 1, 0, 0
126999, 1793, 0, 0, 0
126999, 768, 1, 0, 0
127999, 512, 0, 0, 0
127999, 768, 1, 0, 0
129999, 2306, 0, 0, 0
129999, 3331, 1, 0, 0
131999, 1025, 0, 0, 0
131999, 1537, 1, 0, 0
132999, 2304, 0, 0, 0
132999, 2048, 1, 0, 0
133999, 768, 0, 0, 0
133999, 1793, 1, 0, 0
135000, 1792, 0, 0, 0
135000, 1792, 1, 0, 0
135999, 512, 0, 0, 0
135999, 768, 1, 0, 0
136999, 1281, 0, 0, 0
136999, 1793, 1, 0, 0
138000, 768, 0, 0, 0
138000, 1280, 1, 0, 0
138999, 256, 1, 0, 0
140000, 512, 0, 0, 0
140000, 256, 1, 0, 0
140999, 512, 0, 0, 0
140999, 1793, 1, 0, 0
141999, 3587, 0, 0, 0
141999, 5125, 1, 0, 0
142999, 1024, 0, 0, 0
142999, 1792, 1, 0, 0
143999, 1793, 0, 0, 0
143999, 1025, 1, 0, 0
144999, 1280, 0, 0, 0
144999, 768, 1, 0, 0
145999, 2306, 0, 0, 0
145999, 2050, 1, 0, 0
146999, 512, 0, 0, 0
146999, 1536, 1, 0, 0
147999, 512, 0, 0, 0
147999, 1793, 1, 0, 0
149000, 2048, 0, 0, 0
149000, 3072, 1, 0, 0
149999, 512, 0, 0, 0
149999, 512, 1, 0, 0
150999, 3331, 0, 0, 0
150999, 1025, 1, 0, 0
151999, 2304, 0, 0, 0
151999, 3584, 1, 0, 0
152999, 1025, 0, 0, 0
152999, 256, 1, 0, 0
153999, 768, 0, 0, 0
153999, 768, 1, 0, 0
154999, 256, 0, 0, 0
154999, 512, 1, 0, 0
155999, 2304, 0, 0, 0
155999, 1792, 1, 0, 0
157999, 1280, 0, 0, 0
157999, 1280, 1, 0, 0
158999, 1281, 0, 0, 0
158999, 512, 1, 0, 0
159999, 512, 0, 0, 0
160999, 1024, 0, 0, 0
160999, 768, 1, 0, 0
161999, 256, 0, 0, 0
161999, 1025, 1, 0, 0
162999, 3328, 0, 0, 0
162999, 2560, 1, 0, 0
163999, 3587, 0, 0, 0
163999, 3843, 1, 0, 0
165000, 3072, 0, 0, 0
165000, 3840, 1, 0, 0
165999, 2306, 0, 0, 0
165999, 3075, 1, 0, 0
167999, 4100, 0, 0, 0
167999, 4100, 1, 0, 0
168999, 512, 0, 0, 0
168999, 256, 1, 0, 0
169999, 2304, 0, 0, 0
169999, 3584, 1, 0, 0
170999, 768, 0, 0, 0
170999, 256, 1, 0, 0
171999, 256, 1, 0, 0
173999, 1792, 0, 0, 0
173999, 1024, 1, 0, 0
176999, 768, 0, 0, 0
176999, 768, 1, 0, 0
177999, 2560, 0, 0, 0
177999, 1536, 1, 0, 0
178999, 1025, 0, 0, 0
178999, 512, 1, 0, 0
180000, 256, 0, 0, 0
180000, 256, 1, 0, 0
