27013, 256, 0, 0, 0
27013, 256, 1, 0, 0
29014, 1024, 0, 0, 0
29014, 512, 1, 0, 0
30015, 2304, 0, 0, 0
30015, 1024, 1, 0, 0
31015, 512, 0, 0, 0
31015, 512, 1, 0, 0
32016, 256, 0, 0, 0
32016, 256, 1, 0, 0
33016, 256, 0, 0, 0
34017, 512, 1, 0, 0
35017, 1536, 0, 0, 0
35017, 1280, 1, 0, 0
36018, 512, 0, 0, 0
38019, 1536, 0, 0, 0
38019, 1024, 1, 0, 0
39020, 256, 0, 0, 0
39020, 256, 1, 0, 0
40021, 256, 0, 0, 0
40021, 256, 1, 0, 0
41021, 512, 1, 0, 0
42022, 1280, 0, 0, 0
42022, 256, 1, 0, 0
43022, 256, 0, 0, 0
44023, 256, 0, 0, 0
44023, 768, 1, 0, 0
45023, 1024, 0, 0, 0
45023, 512, 1, 0, 0
46024, 1792, 0, 0, 0
46024, 1024, 1, 0, 0
48025, 1024, 0, 0, 0
48025, 1280, 1, 0, 0
50027, 256, 0, 0, 0
50027, 512, 1, 0, 0
51027, 1024, 0, 0, 0
51027, 1280, 1, 0, 0
52028, 512, 0, 0, 0
52028, 768, 1, 0, 0
54029, 1024, 0, 0, 0
54029, 1280, 1, 0, 0
55029, 1536, 0, 0, 0
55029, 1536, 1, 0, 0
56030, 2816, 0, 0, 0
56030, 1024, 1, 0, 0
57031, 512, 0, 0, 0
57031, 512, 1, 0, 0
58031, 256, 0, 0, 0
59032, 1280, 0, 0, 0
59032, 512, 1, 0, 0
60032, 1536, 0, 0, 0
60032, 1792, 1, 0, 0
61033, 1280, 0, 0, 0
61033, 256, 1, 0, 0
62033, 1024, 0, 0, 0
62033, 1024, 1, 0, 0
63034, 1536, 0, 0, 0
63034, 1536, 1, 0, 0
64034, 1280, 0, 0, 0
64034, 1024, 1, 0, 0
65035, 256, 0, 0, 0
66036, 256, 1, 0, 0
67036, 1024, 0, 0, 0
67036, 1280, 1, 0, 0
68037, 1280, 0, 0, 0
68037, 512, 1, 0, 0
69037, 256, 0, 0, 0
70038, 512, 1, 0, 0
71038, 256, 0, 0, 0
71038, 1024, 1, 0, 0
72039, 256, 0, 0, 0
72039, 256, 1, 0, 0
73040, 512, 0, 0, 0
73040, 512, 1, 0, 0
74040, 512, 0, 0, 0
74040, 512, 1, 0, 0
75041, 768, 0, 0, 0
75041, 768, 1, 0, 0
76041, 256, 1, 0, 0
77042, 512, 0, 0, 0
77042, 512, 1, 0, 0
78042, 256, 0, 0, 0
78042, 256, 1, 0, 0
79043, 1280, 0, 0, 0
79043, 1792, 1, 0, 0
80043, 512, 0, 0, 0
81044, 256, 0, 0, 0
81044, 256, 1, 0, 0
82044, 2304, 0, 0, 0
82044, 1280, 1, 0, 0
83045, 256, 0, 0, 0
83045, 768, 1, 0, 0
84045, 256, 0, 0, 0
84045, 512, 1, 0, 0
85046, 512, 1, 0, 0
86046, 1024, 0, 0, 0
86046, 768, 1, 0, 0
87047, 2048, 0, 0, 0
87047, 2048, 1, 0, 0
88047, 2560, 0, 0, 0
88047, 768, 1, 0, 0
89048, 512, 0, 0, 0
89048, 256, 1, 0, 0
90048, 256, 0, 0, 0
90048, 256, 1, 0, 0
91049, 512, 0, 0, 0
91049, 1024, 1, 0, 0
92050, 768, 0, 0, 0
92050, 256, 1, 0, 0
93050, 1280, 0, 0, 0
93050, 1024, 1, 0, 0
94051, 2304, 0, 0, 0
94051, 1024, 1, 0, 0
95051, 768, 0, 0, 0
95051, 768, 1, 0, 0
96052, 1536, 0, 0, 0
96052, 768, 1, 0, 0
97053, 512, 1, 0, 0
98053, 256, 0, 0, 0
98053, 256, 1, 0, 0
99054, 512, 0, 0, 0
99054, 1024, 1, 0, 0
100054, 512, 0, 0, 0
100054, 256, 1, 0, 0
101055, 256, 0, 0, 0
101055, 256, 1, 0, 0
102055, 512, 0, 0, 0
102055, 256, 1, 0, 0
103056, 768, 0, 0, 0
103056, 256, 1, 0, 0
104056, 256, 0, 0, 0
104056, 256, 1, 0, 0
105057, 768, 0, 0, 0
105057, 768, 1, 0, 0
106058, 768, 0, 0, 0
106058, 768, 1, 0, 0
107058, 256, 0, 0, 0
107058, 256, 1, 0, 0
108059, 256, 1, 0, 0
110060, 256, 0, 0, 0
110060, 768, 1, 0, 0
112061, 1792, 0, 0, 0
112061, 768, 1, 0, 0
113062, 768, 0, 0, 0
113062, 512, 1, 0, 0
114062, 768, 0, 0, 0
114062, 2048, 1, 0, 0
116063, 512, 0, 0, 0
116063, 768, 1, 0, 0
117064, 256, 1, 0, 0
118064, 256, 0, 0, 0
118064, 256, 1, 0, 0
119065, 512, 0, 0, 0
119065, 768, 1, 0, 0
120065, 256, 0, 0, 0
120065, 512, 1, 0, 0
121066, 768, 0, 0, 0
121066, 256, 1, 0, 0
122067, 1024, 0, 0, 0
122067, 1536, 1, 0, 0
123067, 1024, 0, 0, 0
125068, 512, 0, 0, 0
127069, 1024, 0, 0, 0
128070, 512, 0, 0, 0
128070, 768, 1, 0, 0
129071, 768, 0, 0, 0
129071, 512, 1, 0, 0
130071, 512, 0, 0, 0
130071, 768, 1, 0, 0
131071, 768, 1, 0, 0
132072, 512, 0, 0, 0
132072, 768, 1, 0, 0
133073, 512, 0, 0, 0
133073, 1024, 1, 0, 0
134073, 768, 0, 0, 0
135074, 1024, 0, 0, 0
135074, 256, 1, 0, 0
136074, 512, 0, 0, 0
136074, 768, 1, 0, 0
137075, 768, 0, 0, 0
137075, 1024, 1, 0, 0
138076, 512, 1, 0, 0
139076, 1536, 0, 0, 0
139076, 768, 1, 0, 0
140077, 512, 0, 0, 0
140077, 512, 1, 0, 0
141077, 512, 0, 0, 0
141077, 256, 1, 0, 0
142078, 2048, 0, 0, 0
142078, 768, 1, 0, 0
143078, 768, 0, 0, 0
143078, 256, 1, 0, 0
144079, 1024, 0, 0, 0
144079, 512, 1, 0, 0
145080, 768, 0, 0, 0
145080, 1536, 1, 0, 0
146080, 256, 0, 0, 0
146080, 256, 1, 0, 0
147081, 256, 1, 0, 0
148081, 1024, 0, 0, 0
148081, 256, 1, 0, 0
149082, 768, 0, 0, 0
149082, 256, 1, 0, 0
150082, 768, 0, 0, 0
150082, 768, 1, 0, 0
151083, 512, 0, 0, 0
151083, 256, 1, 0, 0
152083, 768, 0, 0, 0
152083, 2560, 1, 0, 0
153084, 512, 0, 0, 0
153084, 768, 1, 0, 0
154084, 1024, 0, 0, 0
154084, 256, 1, 0, 0
155085, 256, 0, 0, 0
156085, 1024, 0, 0, 0
157086, 1536, 0, 0, 0
157086, 1024, 1, 0, 0
158087, 1024, 0, 0, 0
158087, 1024, 1, 0, 0
159087, 1024, 1, 0, 0
161088, 512, 0, 0, 0
161088, 768, 1, 0, 0
162089, 256, 1, 0, 0
163089, 1024, 0, 0, 0
163089, 1280, 1, 0, 0
164090, 1024, 0, 0, 0
164090, 512, 1, 0, 0
165091, 2304, 0, 0, 0
165091, 768, 1, 0, 0
166091, 256, 0, 0, 0
166091, 768, 1, 0, 0
167092, 256, 0, 0, 0
167092, 1024, 1, 0, 0
168092, 1024, 0, 0, 0
168092, 512, 1, 0, 0
169093, 1280, 0, 0, 0
169093, 1280, 1, 0, 0
170093, 768, 0, 0, 0
170093, 768, 1, 0, 0
171094, 512, 1, 0, 0
172094, 256, 0, 0, 0
172094, 512, 1, 0, 0
173095, 1024, 0, 0, 0
173095, 1024, 1, 0, 0
174095, 1024, 0, 0, 0
174095, 256, 1, 0, 0
175096, 256, 0, 0, 0
175096, 256, 1, 0, 0
176096, 512, 0, 0, 0
176096, 1024, 1, 0, 0
177097, 256, 1, 0, 0
178098, 1024, 0, 0, 0
178098, 512, 1, 0, 0
179098, 768, 0, 0, 0
179098, 512, 1, 0, 0
180200, 697, 0, 0, 0
