24010, 768, 0, 0, 0
24010, 512, 1, 0, 0
25011, 256, 0, 0, 0
25011, 256, 1, 0, 0
26011, 1536, 0, 0, 0
26011, 256, 1, 0, 0
27012, 1024, 1, 0, 0
28013, 256, 0, 0, 0
28013, 768, 1, 0, 0
30014, 768, 0, 0, 0
30014, 768, 1, 0, 0
31014, 768, 0, 0, 0
31014, 1792, 1, 0, 0
32015, 512, 0, 0, 0
32015, 2304, 1, 0, 0
33015, 256, 1, 0, 0
34016, 2304, 0, 0, 0
34016, 1024, 1, 0, 0
35016, 768, 0, 0, 0
35016, 768, 1, 0, 0
36017, 512, 0, 0, 0
36017, 256, 1, 0, 0
37018, 1024, 0, 0, 0
37018, 2048, 1, 0, 0
38018, 3328, 0, 0, 0
38018, 1792, 1, 0, 0
39019, 512, 1, 0, 0
40020, 256, 1, 0, 0
41020, 768, 0, 0, 0
41020, 1280, 1, 0, 0
43021, 512, 0, 0, 0
43021, 256, 1, 0, 0
44022, 1024, 0, 0, 0
44022, 1024, 1, 0, 0
45022, 1024, 0, 0, 0
45022, 1792, 1, 0, 0
46023, 256, 0, 0, 0
47024, 512, 0, 0, 0
47024, 1280, 1, 0, 0
48024, 256, 0, 0, 0
48024, 512, 1, 0, 0
49025, 1280, 0, 0, 0
49025, 768, 1, 0, 0
50026, 256, 0, 0, 0
50026, 256, 1, 0, 0
51026, 768, 0, 0, 0
51026, 1280, 1, 0, 0
52027, 256, 0, 0, 0
53027, 768, 0, 0, 0
53027, 512, 1, 0, 0
54028, 256, 0, 0, 0
54028, 256, 1, 0, 0
55028, 256, 0, 0, 0
55028, 256, 1, 0, 0
57030, 512, 0, 0, 0
58030, 768, 0, 0, 0
58030, 1024, 1, 0, 0
59031, 512, 0, 0, 0
59031, 1024, 1, 0, 0
60031, 1280, 0, 0, 0
60031, 1024, 1, 0, 0
61032, 1536, 0, 0, 0
61032, 768, 1, 0, 0
62032, 512, 1, 0, 0
63033, 256, 1, 0, 0
64033, 1024, 0, 0, 0
64033, 768, 1, 0, 0
65034, 512, 0, 0, 0
65034, 256, 1, 0, 0
66035, 512, 0, 0, 0
66035, 256, 1, 0, 0
68036, 256, 0, 0, 0
70037, 1280, 0, 0, 0
70037, 768, 1, 0, 0
71037, 1792, 0, 0, 0
71037, 1280, 1, 0, 0
72038, 2560, 0, 0, 0
72038, 1536, 1, 0, 0
73039, 256, 0, 0, 0
73039, 512, 1, 0, 0
74039, 256, 0, 0, 0
74039, 512, 1, 0, 0
75040, 256, 0, 0, 0
75040, 1792, 1, 0, 0
76040, 256, 0, 0, 0
77041, 512, 1, 0, 0
78041, 1024, 0, 0, 0
78041, 512, 1, 0, 0
79042, 1536, 0, 0, 0
79042, 2304, 1, 0, 0
80042, 256, 0, 0, 0
80042, 256, 1, 0, 0
81043, 768, 0, 0, 0
81043, 1024, 1, 0, 0
82043, 512, 0, 0, 0
82043, 512, 1, 0, 0
83044, 256, 1, 0, 0
84044, 512, 0, 0, 0
85045, 256, 0, 0, 0
85045, 256, 1, 0, 0
86045, 1792, 0, 0, 0
86045, 2304, 1, 0, 0
87046, 512, 0, 0, 0
87046, 256, 1, 0, 0
88046, 1536, 0, 0, 0
88046, 1024, 1, 0, 0
89047, 256, 1, 0, 0
90048, 256, 0, 0, 0
90048, 768, 1, 0, 0
91048, 768, 0, 0, 0
91048, 256, 1, 0, 0
92049, 512, 0, 0, 0
92049, 512, 1, 0, 0
93049, 512, 0, 0, 0
93049, 256, 1, 0, 0
94050, 1280, 0, 0, 0
94050, 1280, 1, 0, 0
95050, 1280, 0, 0, 0
95050, 256, 1, 0, 0
96051, 1024, 0, 0, 0
96051, 1536, 1, 0, 0
98052, 512, 1, 0, 0
99053, 1024, 0, 0, 0
99053, 1024, 1, 0, 0
100053, 512, 0, 0, 0
100053, 768, 1, 0, 0
101054, 1792, 0, 0, 0
101054, 768, 1, 0, 0
102054, 1792, 0, 0, 0
102054, 1024, 1, 0, 0
103055, 256, 0, 0, 0
104055, 256, 0, 0, 0
104055, 1792, 1, 0, 0
105056, 768, 1, 0, 0
106057, 2048, 0, 0, 0
106057, 1024, 1, 0, 0
107057, 768, 0, 0, 0
107057, 1536, 1, 0, 0
108058, 1792, 0, 0, 0
108058, 1536, 1, 0, 0
110059, 768, 0, 0, 0
110059, 1280, 1, 0, 0
111060, 1536, 1, 0, 0
112060, 256, 0, 0, 0
112060, 1024, 1, 0, 0
113061, 2560, 0, 0, 0
113061, 1280, 1, 0, 0
114061, 512, 1, 0, 0
115062, 512, 0, 0, 0
115062, 768, 1, 0, 0
116062, 1280, 0, 0, 0
116062, 256, 1, 0, 0
117063, 512, 0, 0, 0
118063, 256, 0, 0, 0
118063, 512, 1, 0, 0
119064, 256, 0, 0, 0
119064, 512, 1, 0, 0
120064, 1024, 0, 0, 0
120064, 256, 1, 0, 0
121065, 768, 0, 0, 0
121065, 768, 1, 0, 0
122066, 1024, 0, 0, 0
122066, 256, 1, 0, 0
123066, 256, 0, 0, 0
123066, 256, 1, 0, 0
124067, 1280, 0, 0, 0
124067, 768, 1, 0, 0
125067, 2048, 0, 0, 0
125067, 2048, 1, 0, 0
126068, 512, 0, 0, 0
127068, 2048, 0, 0, 0
127068, 768, 1, 0, 0
128069, 512, 0, 0, 0
128069, 1024, 1, 0, 0
129070, 512, 0, 0, 0
129070, 256, 1, 0, 0
130070, 256, 0, 0, 0
131071, 256, 0, 0, 0
131071, 1024, 1, 0, 0
132071, 768, 0, 0, 0
132071, 256, 1, 0, 0
133072, 512, 0, 0, 0
133072, 256, 1, 0, 0
134072, 256, 0, 0, 0
134072, 768, 1, 0, 0
135073, 1792, 0, 0, 0
135073, 1536, 1, 0, 0
136073, 256, 1, 0, 0
137074, 1024, 0, 0, 0
137074, 1536, 1, 0, 0
138075, 1024, 0, 0, 0
138075, 512, 1, 0, 0
139075, 256, 1, 0, 0
140076, 1536, 0, 0, 0
140076, 1024, 1, 0, 0
141076, 768, 0, 0, 0
141076, 768, 1, 0, 0
142077, 1024, 0, 0, 0
142077, 1536, 1, 0, 0
143077, 768, 0, 0, 0
143077, 768, 1, 0, 0
144078, 512, 0, 0, 0
144078, 1024, 1, 0, 0
146079, 1536, 0, 0, 0
146079, 1024, 1, 0, 0
147080, 768, 0, 0, 0
147080, 768, 1, 0, 0
148080, 1536, 0, 0, 0
148080, 256, 1, 0, 0
149081, 768, 0, 0, 0
149081, 768, 1, 0, 0
150081, 1280, 0, 0, 0
150081, 1792, 1, 0, 0
151082, 512, 0, 0, 0
151082, 256, 1, 0, 0
152082, 1536, 0, 0, 0
152082, 1536, 1, 0, 0
153083, 256, 0, 0, 0
153083, 768, 1, 0, 0
154083, 256, 1, 0, 0
157085, 512, 0, 0, 0
157085, 256, 1, 0, 0
158086, 256, 0, 0, 0
159086, 768, 0, 0, 0
159086, 256, 1, 0, 0
160087, 1280, 0, 0, 0
160087, 1792, 1, 0, 0
161087, 768, 0, 0, 0
161087, 1280, 1, 0, 0
162088, 512, 0, 0, 0
162088, 768, 1, 0, 0
163089, 512, 0, 0, 0
163089, 1280, 1, 0, 0
164089, 256, 1, 0, 0
165090, 1024, 0, 0, 0
165090, 512, 1, 0, 0
166090, 256, 0, 0, 0
166090, 1024, 1, 0, 0
167091, 256, 0, 0, 0
168091, 256, 0, 0, 0
168091, 768, 1, 0, 0
169092, 256, 1, 0, 0
170092, 512, 1, 0, 0
171093, 256, 0, 0, 0
173094, 1024, 0, 0, 0
173094, 1280, 1, 0, 0
174094, 512, 0, 0, 0
174094, 256, 1, 0, 0
175095, 256, 0, 0, 0
176095, 256, 0, 0, 0
176095, 768, 1, 0, 0
177096, 512, 0, 0, 0
177096, 512, 1, 0, 0
178097, 256, 0, 0, 0
179097, 256, 0, 0, 0
179097, 512, 1, 0, 0
