39020, 256, 0, 0, 0
39020, 256, 1, 0, 0
40020, 512, 0, 0, 0
40020, 512, 1, 0, 0
41021, 512, 0, 0, 0
41021, 512, 1, 0, 0
42022, 512, 0, 0, 0
42022, 1024, 1, 0, 0
44023, 256, 0, 0, 0
44023, 1536, 1, 0, 0
45023, 1024, 0, 0, 0
45023, 768, 1, 0, 0
46024, 1024, 0, 0, 0
46024, 2560, 1, 0, 0
47025, 256, 0, 0, 0
47025, 768, 1, 0, 0
48025, 512, 0, 0, 0
48025, 1024, 1, 0, 0
49026, 512, 1, 0, 0
50026, 2048, 0, 0, 0
50026, 768, 1, 0, 0
51027, 1280, 0, 0, 0
51027, 1024, 1, 0, 0
52028, 768, 0, 0, 0
52028, 512, 1, 0, 0
53028, 512, 0, 0, 0
53028, 256, 1, 0, 0
54029, 512, 0, 0, 0
54029, 768, 1, 0, 0
55029, 256, 0, 0, 0
56030, 1024, 0, 0, 0
56030, 256, 1, 0, 0
57031, 1024, 0, 0, 0
57031, 768, 1, 0, 0
59032, 256, 0, 0, 0
59032, 512, 1, 0, 0
60032, 256, 0, 0, 0
60032, 768, 1, 0, 0
61033, 256, 0, 0, 0
61033, 512, 1, 0, 0
62033, 768, 0, 0, 0
63034, 256, 1, 0, 0
64034, 256, 0, 0, 0
64034, 256, 1, 0, 0
65035, 512, 0, 0, 0
65035, 256, 1, 0, 0
66035, 768, 0, 0, 0
66035, 1024, 1, 0, 0
68037, 1280, 0, 0, 0
68037, 1280, 1, 0, 0
69037, 1024, 0, 0, 0
69037, 1024, 1, 0, 0
70038, 1024, 0, 0, 0
70038, 2816, 1, 0, 0
71038, 768, 0, 0, 0
71038, 1024, 1, 0, 0
72039, 768, 0, 0, 0
72039, 1280, 1, 0, 0
73039, 1024, 0, 0, 0
73039, 2048, 1, 0, 0
74040, 512, 0, 0, 0
74040, 512, 1, 0, 0
75041, 1024, 0, 0, 0
75041, 1024, 1, 0, 0
76041, 512, 0, 0, 0
76041, 1536, 1, 0, 0
77042, 256, 0, 0, 0
78042, 256, 0, 0, 0
79043, 512, 0, 0, 0
79043, 256, 1, 0, 0
80043, 512, 0, 0, 0
80043, 1792, 1, 0, 0
81044, 768, 0, 0, 0
81044, 768, 1, 0, 0
82044, 768, 0, 0, 0
82044, 512, 1, 0, 0
83045, 256, 0, 0, 0
83045, 256, 1, 0, 0
84045, 768, 0, 0, 0
84045, 768, 1, 0, 0
85046, 768, 0, 0, 0
85046, 1024, 1, 0, 0
87047, 256, 0, 0, 0
88047, 256, 0, 0, 0
89048, 1280, 0, 0, 0
89048, 1536, 1, 0, 0
90048, 512, 0, 0, 0
90048, 768, 1, 0, 0
91049, 256, 0, 0, 0
91049, 256, 1, 0, 0
92049, 256, 0, 0, 0
93050, 256, 0, 0, 0
93050, 512, 1, 0, 0
94051, 1024, 0, 0, 0
94051, 512, 1, 0, 0
95051, 768, 1, 0, 0
96052, 512, 0, 0, 0
96052, 512, 1, 0, 0
97053, 768, 0, 0, 0
97053, 768, 1, 0, 0
98053, 768, 0, 0, 0
99054, 256, 0, 0, 0
100054, 768, 1, 0, 0
101055, 512, 0, 0, 0
101055, 768, 1, 0, 0
102055, 1024, 0, 0, 0
102055, 1024, 1, 0, 0
103056, 768, 0, 0, 0
103056, 256, 1, 0, 0
104056, 768, 0, 0, 0
104056, 256, 1, 0, 0
105057, 256, 0, 0, 0
105057, 512, 1, 0, 0
106058, 512, 0, 0, 0
106058, 512, 1, 0, 0
107058, 768, 0, 0, 0
107058, 1024, 1, 0, 0
108059, 768, 0, 0, 0
108059, 1792, 1, 0, 0
109059, 256, 0, 0, 0
109059, 256, 1, 0, 0
110060, 768, 0, 0, 0
110060, 768, 1, 0, 0
111060, 1024, 0, 0, 0
111060, 1280, 1, 0, 0
112061, 2048, 0, 0, 0
112061, 768, 1, 0, 0
113061, 1024, 0, 0, 0
113061, 2048, 1, 0, 0
114062, 1792, 0, 0, 0
114062, 1024, 1, 0, 0
115063, 1024, 1, 0, 0
116063, 256, 0, 0, 0
116063, 768, 1, 0, 0
119065, 768, 0, 0, 0
119065, 768, 1, 0, 0
121066, 1792, 0, 0, 0
121066, 512, 1, 0, 0
122066, 1280, 0, 0, 0
122066, 768, 1, 0, 0
123067, 1280, 0, 0, 0
123067, 768, 1, 0, 0
124068, 1024, 0, 0, 0
124068, 768, 1, 0, 0
125068, 1024, 0, 0, 0
125068, 1024, 1, 0, 0
126069, 2560, 0, 0, 0
126069, 1280, 1, 0, 0
127069, 1536, 0, 0, 0
128070, 768, 0, 0, 0
128070, 256, 1, 0, 0
129070, 1280, 0, 0, 0
129070, 1024, 1, 0, 0
130071, 1536, 0, 0, 0
130071, 1792, 1, 0, 0
132072, 2304, 0, 0, 0
132072, 1024, 1, 0, 0
133072, 512, 0, 0, 0
134073, 1024, 0, 0, 0
134073, 768, 1, 0, 0
136074, 1280, 0, 0, 0
136074, 1792, 1, 0, 0
137075, 768, 0, 0, 0
137075, 1536, 1, 0, 0
138076, 256, 0, 0, 0
138076, 256, 1, 0, 0
140077, 256, 0, 0, 0
140077, 256, 1, 0, 0
141077, 1024, 0, 0, 0
141077, 1024, 1, 0, 0
142078, 768, 0, 0, 0
142078, 2048, 1, 0, 0
143078, 768, 0, 0, 0
143078, 768, 1, 0, 0
144079, 1536, 0, 0, 0
144079, 1536, 1, 0, 0
145079, 1536, 0, 0, 0
145079, 512, 1, 0, 0
146080, 256, 0, 0, 0
146080, 256, 1, 0, 0
147080, 256, 1, 0, 0
148081, 512, 1, 0, 0
149082, 256, 1, 0, 0
150082, 256, 0, 0, 0
151083, 1792, 0, 0, 0
151083, 512, 1, 0, 0
152083, 768, 0, 0, 0
152083, 1024, 1, 0, 0
153084, 512, 0, 0, 0
153084, 768, 1, 0, 0
154084, 256, 1, 0, 0
155085, 1024, 0, 0, 0
155085, 2048, 1, 0, 0
158086, 1024, 0, 0, 0
158086, 256, 1, 0, 0
159087, 256, 0, 0, 0
160088, 1024, 0, 0, 0
160088, 768, 1, 0, 0
161088, 768, 0, 0, 0
161088, 512, 1, 0, 0
162089, 512, 0, 0, 0
162089, 1536, 1, 0, 0
163089, 256, 1, 0, 0
164090, 256, 0, 0, 0
164090, 256, 1, 0, 0
165091, 256, 0, 0, 0
165091, 1024, 1, 0, 0
166091, 256, 1, 0, 0
167092, 1536, 0, 0, 0
167092, 1280, 1, 0, 0
168092, 1280, 0, 0, 0
168092, 1280, 1, 0, 0
170093, 512, 1, 0, 0
171094, 1280, 0, 0, 0
172094, 768, 0, 0, 0
172094, 768, 1, 0, 0
173095, 1280, 0, 0, 0
173095, 1024, 1, 0, 0
174095, 256, 0, 0, 0
174095, 768, 1, 0, 0
175096, 512, 1, 0, 0
176096, 256, 0, 0, 0
177097, 768, 0, 0, 0
177097, 256, 1, 0, 0
178097, 768, 0, 0, 0
178097, 768, 1, 0, 0
179098, 256, 0, 0, 0
179098, 768, 1, 0, 0
