21011, 256, 0, 0, 0
22011, 1024, 0, 0, 0
22011, 256, 1, 0, 0
23012, 768, 0, 0, 0
23012, 512, 1, 0, 0
24012, 512, 0, 0, 0
24012, 768, 1, 0, 0
25013, 512, 0, 0, 0
25013, 256, 1, 0, 0
26013, 512, 0, 0, 0
26013, 768, 1, 0, 0
27014, 2048, 0, 0, 0
27014, 512, 1, 0, 0
28014, 768, 0, 0, 0
28014, 768, 1, 0, 0
29015, 768, 0, 0, 0
29015, 1024, 1, 0, 0
30015, 768, 0, 0, 0
30015, 1280, 1, 0, 0
31016, 768, 0, 0, 0
31016, 256, 1, 0, 0
32016, 1024, 0, 0, 0
32016, 256, 1, 0, 0
33017, 1536, 0, 0, 0
33017, 768, 1, 0, 0
34018, 256, 0, 0, 0
34018, 512, 1, 0, 0
35018, 512, 0, 0, 0
35018, 512, 1, 0, 0
36019, 512, 0, 0, 0
37019, 512, 1, 0, 0
38020, 256, 0, 0, 0
39021, 512, 0, 0, 0
39021, 512, 1, 0, 0
40021, 256, 0, 0, 0
41022, 1024, 0, 0, 0
41022, 256, 1, 0, 0
42022, 256, 0, 0, 0
42022, 256, 1, 0, 0
43023, 256, 0, 0, 0
43023, 768, 1, 0, 0
44024, 256, 0, 0, 0
45024, 1536, 0, 0, 0
45024, 512, 1, 0, 0
46025, 256, 0, 0, 0
47025, 256, 0, 0, 0
48026, 256, 0, 0, 0
48026, 768, 1, 0, 0
49027, 1280, 0, 0, 0
49027, 768, 1, 0, 0
50027, 256, 0, 0, 0
50027, 256, 1, 0, 0
51028, 512, 0, 0, 0
51028, 256, 1, 0, 0
52028, 256, 0, 0, 0
53029, 256, 0, 0, 0
53029, 1280, 1, 0, 0
54029, 2048, 0, 0, 0
54029, 1024, 1, 0, 0
55030, 256, 1, 0, 0
56031, 256, 1, 0, 0
57031, 768, 0, 0, 0
57031, 512, 1, 0, 0
58032, 768, 0, 0, 0
58032, 1024, 1, 0, 0
59032, 1024, 0, 0, 0
59032, 512, 1, 0, 0
60033, 512, 0, 0, 0
60033, 512, 1, 0, 0
61033, 1280, 0, 0, 0
61033, 512, 1, 0, 0
62034, 768, 0, 0, 0
62034, 256, 1, 0, 0
63035, 512, 1, 0, 0
64035, 768, 0, 0, 0
64035, 512, 1, 0, 0
65036, 1536, 0, 0, 0
65036, 1024, 1, 0, 0
66036, 768, 0, 0, 0
67037, 1536, 0, 0, 0
67037, 1792, 1, 0, 0
68037, 1280, 0, 0, 0
68037, 512, 1, 0, 0
69038, 1792, 0, 0, 0
69038, 1536, 1, 0, 0
70039, 512, 0, 0, 0
70039, 256, 1, 0, 0
71039, 1024, 0, 0, 0
72040, 256, 0, 0, 0
72040, 256, 1, 0, 0
73040, 256, 0, 0, 0
73040, 512, 1, 0, 0
74041, 256, 0, 0, 0
76042, 512, 0, 0, 0
76042, 768, 1, 0, 0
77042, 256, 1, 0, 0
78043, 768, 0, 0, 0
79044, 512, 0, 0, 0
79044, 1536, 1, 0, 0
80044, 1536, 0, 0, 0
80044, 1536, 1, 0, 0
81045, 1024, 0, 0, 0
81045, 1792, 1, 0, 0
82045, 256, 0, 0, 0
82045, 256, 1, 0, 0
83046, 768, 0, 0, 0
83046, 512, 1, 0, 0
84046, 512, 1, 0, 0
85047, 256, 0, 0, 0
86047, 1280, 0, 0, 0
86047, 256, 1, 0, 0
88048, 256, 0, 0, 0
88048, 768, 1, 0, 0
89049, 256, 0, 0, 0
89049, 256, 1, 0, 0
90049, 1280, 0, 0, 0
92050, 256, 0, 0, 0
92050, 768, 1, 0, 0
93051, 768, 0, 0, 0
93051, 768, 1, 0, 0
94052, 256, 0, 0, 0
95052, 256, 1, 0, 0
96053, 768, 0, 0, 0
96053, 512, 1, 0, 0
97053, 2304, 0, 0, 0
97053, 1792, 1, 0, 0
98054, 256, 0, 0, 0
99055, 1792, 0, 0, 0
99055, 2560, 1, 0, 0
100055, 768, 0, 0, 0
100055, 256, 1, 0, 0
101056, 256, 1, 0, 0
102056, 1024, 0, 0, 0
102056, 768, 1, 0, 0
103057, 2048, 0, 0, 0
103057, 1792, 1, 0, 0
104057, 1536, 0, 0, 0
104057, 2304, 1, 0, 0
105058, 256, 0, 0, 0
105058, 768, 1, 0, 0
108059, 512, 0, 0, 0
108059, 256, 1, 0, 0
109060, 1024, 0, 0, 0
109060, 1024, 1, 0, 0
110061, 1024, 0, 0, 0
112062, 768, 0, 0, 0
112062, 256, 1, 0, 0
113062, 256, 0, 0, 0
113062, 256, 1, 0, 0
114063, 1280, 1, 0, 0
115063, 256, 0, 0, 0
115063, 256, 1, 0, 0
116064, 512, 0, 0, 0
116064, 1024, 1, 0, 0
117065, 768, 0, 0, 0
117065, 768, 1, 0, 0
118065, 256, 0, 0, 0
119066, 512, 0, 0, 0
119066, 1024, 1, 0, 0
120066, 512, 0, 0, 0
120066, 1024, 1, 0, 0
121067, 1024, 1, 0, 0
122067, 768, 0, 0, 0
122067, 512, 1, 0, 0
123068, 1280, 0, 0, 0
123068, 1024, 1, 0, 0
124068, 1536, 0, 0, 0
124068, 2560, 1, 0, 0
125069, 512, 0, 0, 0
125069, 1024, 1, 0, 0
127070, 768, 0, 0, 0
127070, 1280, 1, 0, 0
128071, 1280, 0, 0, 0
129071, 256, 0, 0, 0
130072, 256, 1, 0, 0
131072, 256, 0, 0, 0
131072, 256, 1, 0, 0
132073, 1024, 0, 0, 0
132073, 1024, 1, 0, 0
133073, 512, 0, 0, 0
133073, 1024, 1, 0, 0
134074, 768, 0, 0, 0
138076, 768, 0, 0, 0
138076, 768, 1, 0, 0
139077, 768, 0, 0, 0
139077, 256, 1, 0, 0
140077, 768, 0, 0, 0
140077, 1792, 1, 0, 0
141078, 256, 0, 0, 0
141078, 1024, 1, 0, 0
142078, 512, 0, 0, 0
142078, 512, 1, 0, 0
143079, 256, 0, 0, 0
143079, 1280, 1, 0, 0
144080, 512, 0, 0, 0
144080, 1024, 1, 0, 0
146081, 512, 0, 0, 0
147081, 256, 0, 0, 0
147081, 512, 1, 0, 0
149082, 768, 1, 0, 0
150083, 256, 0, 0, 0
151084, 768, 0, 0, 0
151084, 512, 1, 0, 0
152084, 768, 0, 0, 0
152084, 256, 1, 0, 0
153085, 1280, 0, 0, 0
153085, 1792, 1, 0, 0
154085, 1280, 0, 0, 0
154085, 1024, 1, 0, 0
155086, 256, 0, 0, 0
155086, 768, 1, 0, 0
156086, 768, 1, 0, 0
157087, 768, 0, 0, 0
157087, 1280, 1, 0, 0
158087, 512, 0, 0, 0
158087, 256, 1, 0, 0
159088, 1536, 0, 0, 0
159088, 512, 1, 0, 0
160089, 256, 0, 0, 0
161089, 1280, 0, 0, 0
162090, 256, 0, 0, 0
162090, 768, 1, 0, 0
163090, 512, 0, 0, 0
163090, 256, 1, 0, 0
164091, 1024, 0, 0, 0
164091, 768, 1, 0, 0
166092, 768, 0, 0, 0
166092, 512, 1, 0, 0
167092, 1280, 0, 0, 0
167092, 1024, 1, 0, 0
168093, 512, 1, 0, 0
169094, 512, 0, 0, 0
169094, 1536, 1, 0, 0
170094, 512, 0, 0, 0
170094, 768, 1, 0, 0
172095, 768, 0, 0, 0
172095, 1536, 1, 0, 0
173096, 256, 1, 0, 0
175097, 512, 0, 0, 0
175097, 768, 1, 0, 0
176097, 512, 0, 0, 0
176097, 256, 1, 0, 0
177098, 256, 0, 0, 0
177098, 256, 1, 0, 0
178098, 512, 1, 0, 0
