16007, 2560, 0, 0, 0
16007, 1536, 1, 0, 0
18008, 256, 0, 0, 0
18008, 256, 1, 0, 0
19009, 1024, 0, 0, 0
19009, 1280, 1, 0, 0
20009, 768, 0, 0, 0
20009, 1024, 1, 0, 0
21010, 256, 0, 0, 0
21010, 512, 1, 0, 0
22010, 256, 1, 0, 0
23011, 768, 0, 0, 0
23011, 256, 1, 0, 0
24011, 1792, 0, 0, 0
24011, 1536, 1, 0, 0
25012, 1280, 0, 0, 0
25012, 1280, 1, 0, 0
26012, 1792, 0, 0, 0
26012, 1792, 1, 0, 0
27013, 1792, 0, 0, 0
27013, 2560, 1, 0, 0
28013, 1024, 0, 0, 0
28013, 1280, 1, 0, 0
29014, 2304, 0, 0, 0
29014, 1280, 1, 0, 0
30014, 512, 0, 0, 0
30014, 1024, 1, 0, 0
31015, 1536, 0, 0, 0
31015, 1536, 1, 0, 0
32015, 2304, 0, 0, 0
32015, 1792, 1, 0, 0
33016, 1280, 0, 0, 0
33016, 1280, 1, 0, 0
34017, 2048, 0, 0, 0
34017, 1792, 1, 0, 0
35017, 256, 0, 0, 0
35017, 512, 1, 0, 0
36018, 1280, 0, 0, 0
36018, 2816, 1, 0, 0
37018, 2816, 0, 0, 0
37018, 3328, 1, 0, 0
38019, 3072, 0, 0, 0
38019, 2560, 1, 0, 0
39020, 512, 0, 0, 0
39020, 512, 1, 0, 0
40020, 1024, 0, 0, 0
40020, 1024, 1, 0, 0
41021, 2304, 0, 0, 0
41021, 1792, 1, 0, 0
42021, 1792, 0, 0, 0
42021, 1280, 1, 0, 0
43022, 2560, 0, 0, 0
43022, 1024, 1, 0, 0
44023, 2048, 0, 0, 0
44023, 2048, 1, 0, 0
45023, 1024, 0, 0, 0
45023, 2560, 1, 0, 0
46024, 1280, 0, 0, 0
46024, 1536, 1, 0, 0
47024, 2048, 0, 0, 0
47024, 1280, 1, 0, 0
48025, 768, 0, 0, 0
48025, 256, 1, 0, 0
49026, 1280, 0, 0, 0
49026, 512, 1, 0, 0
50026, 1536, 0, 0, 0
50026, 2560, 1, 0, 0
51027, 256, 0, 0, 0
51027, 1536, 1, 0, 0
52027, 1280, 0, 0, 0
52027, 768, 1, 0, 0
53028, 768, 0, 0, 0
53028, 1536, 1, 0, 0
54028, 2048, 0, 0, 0
54028, 2048, 1, 0, 0
55029, 2304, 0, 0, 0
55029, 1280, 1, 0, 0
57030, 768, 0, 0, 0
57030, 1024, 1, 0, 0
58031, 256, 0, 0, 0
59031, 2048, 0, 0, 0
59031, 1536, 1, 0, 0
61032, 512, 0, 0, 0
61032, 1024, 1, 0, 0
64034, 3072, 0, 0, 0
64034, 5376, 1, 0, 0
65035, 1280, 0, 0, 0
65035, 1024, 1, 0, 0
66035, 2560, 0, 0, 0
66035, 4864, 1, 0, 0
67036, 3328, 0, 0, 0
67036, 4096, 1, 0, 0
68036, 768, 0, 0, 0
68036, 512, 1, 0, 0
69037, 256, 0, 0, 0
69037, 256, 1, 0, 0
70037, 256, 0, 0, 0
70037, 1280, 1, 0, 0
71038, 3072, 0, 0, 0
71038, 1792, 1, 0, 0
72039, 256, 1, 0, 0
73039, 1280, 0, 0, 0
73039, 3328, 1, 0, 0
74040, 768, 0, 0, 0
74040, 256, 1, 0, 0
76041, 256, 0, 0, 0
78042, 1792, 0, 0, 0
79043, 512, 0, 0, 0
79043, 1024, 1, 0, 0
80043, 768, 0, 0, 0
80043, 256, 1, 0, 0
81044, 512, 0, 0, 0
81044, 512, 1, 0, 0
82044, 512, 0, 0, 0
82044, 256, 1, 0, 0
83045, 2560, 0, 0, 0
83045, 1536, 1, 0, 0
84045, 1280, 0, 0, 0
84045, 1536, 1, 0, 0
85046, 512, 0, 0, 0
86046, 2304, 0, 0, 0
86046, 1792, 1, 0, 0
87047, 1536, 0, 0, 0
87047, 2048, 1, 0, 0
88047, 256, 0, 0, 0
89048, 256, 1, 0, 0
90048, 1792, 0, 0, 0
90048, 2048, 1, 0, 0
91049, 256, 0, 0, 0
91049, 1536, 1, 0, 0
92049, 2816, 0, 0, 0
92049, 1024, 1, 0, 0
93050, 512, 0, 0, 0
93050, 1280, 1, 0, 0
94051, 3584, 0, 0, 0
94051, 5120, 1, 0, 0
95051, 3072, 0, 0, 0
95051, 2304, 1, 0, 0
96052, 256, 0, 0, 0
96052, 768, 1, 0, 0
97052, 768, 0, 0, 0
97052, 768, 1, 0, 0
98053, 256, 0, 0, 0
98053, 1024, 1, 0, 0
99054, 1024, 0, 0, 0
99054, 1536, 1, 0, 0
100054, 3328, 0, 0, 0
100054, 4864, 1, 0, 0
101054, 512, 0, 0, 0
101054, 1024, 1, 0, 0
102055, 1280, 0, 0, 0
102055, 1024, 1, 0, 0
103056, 1536, 0, 0, 0
103056, 512, 1, 0, 0
104056, 2560, 0, 0, 0
104056, 2560, 1, 0, 0
105057, 2048, 0, 0, 0
105057, 2304, 1, 0, 0
106057, 1024, 0, 0, 0
107058, 256, 1, 0, 0
108058, 1024, 0, 0, 0
108058, 1280, 1, 0, 0
109059, 1280, 0, 0, 0
109059, 1792, 1, 0, 0
111060, 1024, 0, 0, 0
111060, 768, 1, 0, 0
112061, 1536, 0, 0, 0
112061, 768, 1, 0, 0
113061, 1280, 0, 0, 0
113061, 1280, 1, 0, 0
114062, 256, 0, 0, 0
114062, 256, 1, 0, 0
115062, 3072, 0, 0, 0
115062, 1792, 1, 0, 0
116063, 256, 1, 0, 0
117064, 256, 1, 0, 0
121066, 512, 0, 0, 0
122066, 1280, 0, 0, 0
122066, 1024, 1, 0, 0
123067, 512, 0, 0, 0
123067, 768, 1, 0, 0
124067, 1280, 0, 0, 0
124067, 768, 1, 0, 0
125068, 1280, 0, 0, 0
125068, 768, 1, 0, 0
126068, 3072, 0, 0, 0
126068, 5888, 1, 0, 0
127069, 1792, 0, 0, 0
127069, 3328, 1, 0, 0
128070, 2048, 0, 0, 0
128070, 1536, 1, 0, 0
129070, 1024, 0, 0, 0
129070, 1024, 1, 0, 0
130071, 2304, 0, 0, 0
130071, 2048, 1, 0, 0
131071, 768, 1, 0, 0
133072, 1792, 0, 0, 0
133072, 1024, 1, 0, 0
134073, 1024, 0, 0, 0
134073, 1536, 1, 0, 0
135073, 1280, 0, 0, 0
135073, 2048, 1, 0, 0
136074, 3584, 0, 0, 0
136074, 1024, 1, 0, 0
137075, 1792, 0, 0, 0
137075, 512, 1, 0, 0
138075, 2816, 0, 0, 0
138075, 3328, 1, 0, 0
139076, 768, 0, 0, 0
139076, 1536, 1, 0, 0
141077, 256, 0, 0, 0
141077, 512, 1, 0, 0
142077, 3584, 0, 0, 0
142077, 5888, 1, 0, 0
143078, 1024, 0, 0, 0
143078, 1536, 1, 0, 0
144079, 2560, 0, 0, 0
144079, 2560, 1, 0, 0
145079, 1280, 0, 0, 0
145079, 768, 1, 0, 0
146080, 1536, 0, 0, 0
146080, 768, 1, 0, 0
147080, 3840, 0, 0, 0
147080, 3072, 1, 0, 0
148081, 1024, 0, 0, 0
148081, 1024, 1, 0, 0
149081, 1024, 0, 0, 0
149081, 2048, 1, 0, 0
150082, 2560, 0, 0, 0
150082, 2560, 1, 0, 0
151083, 2560, 0, 0, 0
151083, 2048, 1, 0, 0
152083, 2304, 0, 0, 0
152083, 2304, 1, 0, 0
154084, 256, 1, 0, 0
155085, 4864, 0, 0, 0
155085, 4352, 1, 0, 0
156085, 2048, 0, 0, 0
156085, 2816, 1, 0, 0
158086, 2816, 0, 0, 0
158086, 2048, 1, 0, 0
160087, 3328, 0, 0, 0
160087, 1536, 1, 0, 0
161088, 2048, 0, 0, 0
161088, 768, 1, 0, 0
162089, 768, 0, 0, 0
162089, 1536, 1, 0, 0
163089, 2048, 0, 0, 0
163089, 256, 1, 0, 0
164090, 512, 0, 0, 0
164090, 1024, 1, 0, 0
165090, 768, 0, 0, 0
165090, 256, 1, 0, 0
166091, 2560, 0, 0, 0
166091, 2304, 1, 0, 0
167091, 1280, 0, 0, 0
167091, 1536, 1, 0, 0
168092, 3584, 0, 0, 0
168092, 3072, 1, 0, 0
169093, 256, 1, 0, 0
170093, 1024, 0, 0, 0
170093, 1024, 1, 0, 0
171094, 512, 0, 0, 0
171094, 1024, 1, 0, 0
172094, 256, 0, 0, 0
172094, 256, 1, 0, 0
173095, 1792, 0, 0, 0
173095, 512, 1, 0, 0
175096, 1280, 0, 0, 0
175096, 768, 1, 0, 0
176096, 768, 0, 0, 0
176096, 1536, 1, 0, 0
177097, 2560, 0, 0, 0
177097, 4096, 1, 0, 0
178097, 768, 0, 0, 0
178097, 1024, 1, 0, 0
179098, 1536, 0, 0, 0
179098, 512, 1, 0, 0
180179, 947, 0, 0, 0
180179, 473, 1, 0, 0
