36018, 256, 1, 0, 0
37019, 512, 0, 0, 0
38019, 256, 1, 0, 0
39020, 1024, 0, 0, 0
39020, 512, 1, 0, 0
40021, 1024, 0, 0, 0
40021, 256, 1, 0, 0
41021, 256, 0, 0, 0
42022, 256, 0, 0, 0
42022, 1536, 1, 0, 0
43022, 768, 0, 0, 0
43022, 768, 1, 0, 0
44023, 768, 0, 0, 0
44023, 256, 1, 0, 0
46024, 1280, 0, 0, 0
46024, 768, 1, 0, 0
47025, 256, 1, 0, 0
48025, 256, 1, 0, 0
49026, 256, 0, 0, 0
50027, 512, 0, 0, 0
51027, 768, 0, 0, 0
51027, 1024, 1, 0, 0
52028, 256, 0, 0, 0
52028, 768, 1, 0, 0
53028, 768, 0, 0, 0
53028, 1024, 1, 0, 0
54029, 2048, 1, 0, 0
55029, 1024, 0, 0, 0
55029, 512, 1, 0, 0
56030, 1280, 0, 0, 0
56030, 256, 1, 0, 0
57031, 512, 0, 0, 0
57031, 1792, 1, 0, 0
58031, 512, 0, 0, 0
58031, 1024, 1, 0, 0
59032, 1280, 0, 0, 0
60032, 256, 0, 0, 0
60032, 1024, 1, 0, 0
61033, 1280, 0, 0, 0
61033, 1024, 1, 0, 0
62033, 1280, 0, 0, 0
62033, 1024, 1, 0, 0
63034, 768, 0, 0, 0
63034, 256, 1, 0, 0
64034, 1280, 0, 0, 0
64034, 1024, 1, 0, 0
66036, 768, 0, 0, 0
66036, 512, 1, 0, 0
68037, 256, 0, 0, 0
68037, 512, 1, 0, 0
69037, 512, 0, 0, 0
69037, 512, 1, 0, 0
70038, 768, 1, 0, 0
71038, 512, 0, 0, 0
71038, 768, 1, 0, 0
72039, 256, 0, 0, 0
72039, 256, 1, 0, 0
73040, 256, 0, 0, 0
73040, 256, 1, 0, 0
74040, 2048, 0, 0, 0
74040, 2304, 1, 0, 0
75041, 512, 1, 0, 0
76041, 256, 0, 0, 0
76041, 256, 1, 0, 0
77042, 768, 0, 0, 0
77042, 256, 1, 0, 0
78042, 256, 1, 0, 0
80043, 1792, 0, 0, 0
80043, 1792, 1, 0, 0
81044, 768, 0, 0, 0
81044, 256, 1, 0, 0
82044, 256, 0, 0, 0
82044, 512, 1, 0, 0
83045, 512, 0, 0, 0
83045, 256, 1, 0, 0
84045, 256, 0, 0, 0
84045, 512, 1, 0, 0
86046, 768, 0, 0, 0
87047, 256, 0, 0, 0
87047, 256, 1, 0, 0
88047, 768, 0, 0, 0
88047, 512, 1, 0, 0
89048, 1024, 0, 0, 0
89048, 1280, 1, 0, 0
90048, 1024, 0, 0, 0
90048, 256, 1, 0, 0
91049, 1024, 0, 0, 0
91049, 1024, 1, 0, 0
92050, 512, 0, 0, 0
93050, 256, 0, 0, 0
93050, 512, 1, 0, 0
94051, 1280, 0, 0, 0
94051, 768, 1, 0, 0
95051, 256, 0, 0, 0
95051, 768, 1, 0, 0
96052, 1024, 0, 0, 0
96052, 256, 1, 0, 0
97053, 768, 0, 0, 0
97053, 256, 1, 0, 0
98053, 256, 0, 0, 0
98053, 1024, 1, 0, 0
99054, 256, 0, 0, 0
99054, 768, 1, 0, 0
101055, 1024, 0, 0, 0
101055, 1536, 1, 0, 0
102055, 1792, 0, 0, 0
102055, 2048, 1, 0, 0
103056, 1280, 0, 0, 0
103056, 1024, 1, 0, 0
104056, 768, 0, 0, 0
104056, 1536, 1, 0, 0
105057, 512, 1, 0, 0
106058, 256, 1, 0, 0
107058, 1280, 0, 0, 0
107058, 1792, 1, 0, 0
108059, 1024, 0, 0, 0
108059, 1536, 1, 0, 0
109059, 512, 0, 0, 0
109059, 256, 1, 0, 0
110060, 1280, 0, 0, 0
110060, 1792, 1, 0, 0
111060, 768, 0, 0, 0
112061, 768, 0, 0, 0
112061, 768, 1, 0, 0
113062, 512, 0, 0, 0
113062, 256, 1, 0, 0
114062, 256, 0, 0, 0
114062, 256, 1, 0, 0
115063, 1280, 0, 0, 0
115063, 512, 1, 0, 0
116063, 1024, 1, 0, 0
117064, 512, 0, 0, 0
118064, 768, 0, 0, 0
118064, 512, 1, 0, 0
120065, 512, 0, 0, 0
120065, 768, 1, 0, 0
121066, 256, 0, 0, 0
121066, 256, 1, 0, 0
122067, 1792, 0, 0, 0
122067, 2304, 1, 0, 0
123067, 1024, 0, 0, 0
123067, 1536, 1, 0, 0
124068, 768, 1, 0, 0
125068, 256, 1, 0, 0
126069, 256, 0, 0, 0
126069, 256, 1, 0, 0
128070, 256, 0, 0, 0
129071, 256, 0, 0, 0
130071, 2304, 0, 0, 0
130071, 768, 1, 0, 0
131071, 512, 0, 0, 0
131071, 256, 1, 0, 0
132072, 256, 0, 0, 0
132072, 512, 1, 0, 0
133073, 768, 0, 0, 0
133073, 768, 1, 0, 0
134073, 256, 1, 0, 0
136074, 256, 0, 0, 0
136074, 256, 1, 0, 0
137075, 512, 1, 0, 0
138076, 1024, 0, 0, 0
138076, 256, 1, 0, 0
139076, 768, 0, 0, 0
139076, 1280, 1, 0, 0
140077, 768, 0, 0, 0
140077, 768, 1, 0, 0
141077, 256, 0, 0, 0
142078, 256, 0, 0, 0
142078, 256, 1, 0, 0
143078, 256, 0, 0, 0
143078, 768, 1, 0, 0
144079, 2304, 0, 0, 0
144079, 2048, 1, 0, 0
146080, 256, 1, 0, 0
147081, 512, 0, 0, 0
147081, 512, 1, 0, 0
148081, 2304, 0, 0, 0
148081, 1280, 1, 0, 0
149082, 256, 0, 0, 0
149082, 768, 1, 0, 0
150082, 1024, 0, 0, 0
150082, 256, 1, 0, 0
151083, 256, 0, 0, 0
151083, 1792, 1, 0, 0
152083, 256, 1, 0, 0
153084, 1280, 0, 0, 0
153084, 1280, 1, 0, 0
154084, 256, 0, 0, 0
155085, 768, 0, 0, 0
155085, 512, 1, 0, 0
156085, 256, 1, 0, 0
157086, 768, 0, 0, 0
157086, 512, 1, 0, 0
158087, 2560, 0, 0, 0
158087, 1536, 1, 0, 0
159087, 256, 0, 0, 0
159087, 1536, 1, 0, 0
160088, 256, 0, 0, 0
160088, 256, 1, 0, 0
161088, 768, 0, 0, 0
161088, 1536, 1, 0, 0
162089, 768, 1, 0, 0
163089, 512, 0, 0, 0
163089, 256, 1, 0, 0
164090, 256, 0, 0, 0
164090, 512, 1, 0, 0
166091, 768, 0, 0, 0
166091, 1792, 1, 0, 0
167092, 1024, 0, 0, 0
167092, 1024, 1, 0, 0
168092, 512, 0, 0, 0
168092, 768, 1, 0, 0
169093, 256, 0, 0, 0
170093, 768, 0, 0, 0
170093, 256, 1, 0, 0
171094, 1536, 0, 0, 0
171094, 2304, 1, 0, 0
172094, 1024, 0, 0, 0
172094, 256, 1, 0, 0
173095, 1792, 0, 0, 0
173095, 1024, 1, 0, 0
174095, 512, 0, 0, 0
174095, 768, 1, 0, 0
175096, 256, 0, 0, 0
175096, 768, 1, 0, 0
176096, 256, 1, 0, 0
177097, 512, 0, 0, 0
177097, 768, 1, 0, 0
178097, 1536, 0, 0, 0
178098, 768, 1, 0, 0
179098, 512, 0, 0, 0
179098, 256, 1, 0, 0
180182, 1418, 0, 0, 0
180182, 236, 1, 0, 0
