46024, 256, 1, 0, 0
47024, 768, 1, 0, 0
48025, 768, 1, 0, 0
49025, 2304, 1, 0, 0
50026, 1536, 1, 0, 0
51027, 255, 1, 0, 0
52027, 2816, 1, 0, 0
53028, 1024, 1, 0, 0
54028, 2048, 1, 0, 0
55029, 1024, 1, 0, 0
56029, 768, 1, 0, 0
57030, 512, 1, 0, 0
58030, 512, 1, 0, 0
59031, 512, 1, 0, 0
60031, 512, 1, 0, 0
61032, 768, 1, 0, 0
62032, 1280, 1, 0, 0
63033, 1280, 1, 0, 0
65033, 256, 1, 0, 0
66034, 256, 1, 0, 0
67034, 1280, 1, 0, 0
68035, 512, 1, 0, 0
70036, 512, 1, 0, 0
71036, 1792, 1, 0, 0
72036, 768, 1, 0, 0
73037, 1024, 1, 0, 0
76038, 256, 1, 0, 0
77038, 512, 1, 0, 0
79039, 2304, 1, 0, 0
80040, 2560, 1, 0, 0
82040, 1024, 1, 0, 0
83041, 256, 1, 0, 0
84041, 768, 1, 0, 0
85041, 512, 1, 0, 0
86042, 2560, 1, 0, 0
87042, 768, 1, 0, 0
88042, 1024, 1, 0, 0
89043, 2048, 1, 0, 0
90043, 256, 1, 0, 0
91044, 768, 1, 0, 0
95045, 1280, 1, 0, 0
96045, 1536, 1, 0, 0
97046, 2560, 1, 0, 0
98046, 2304, 1, 0, 0
99046, 1280, 1, 0, 0
100047, 256, 1, 0, 0
101047, 1280, 1, 0, 0
102048, 256, 1, 0, 0
103048, 512, 1, 0, 0
104048, 256, 1, 0, 0
105049, 1792, 1, 0, 0
106049, 1024, 1, 0, 0
107050, 1280, 1, 0, 0
108050, 2560, 1, 0, 0
109050, 512, 1, 0, 0
110051, 1536, 1, 0, 0
111051, 768, 1, 0, 0
112052, 768, 1, 0, 0
113052, 1536, 1, 0, 0
115053, 1792, 1, 0, 0
116053, 512, 1, 0, 0
117054, 1280, 1, 0, 0
118054, 1536, 1, 0, 0
119055, 256, 1, 0, 0
120055, 1024, 1, 0, 0
121055, 256, 1, 0, 0
123056, 2304, 1, 0, 0
124057, 1536, 1, 0, 0
125057, 2816, 1, 0, 0
126057, 3840, 1, 0, 0
127058, 1536, 1, 0, 0
128058, 256, 1, 0, 0
129059, 2560, 1, 0, 0
131059, 1280, 1, 0, 0
132060, 2816, 1, 0, 0
133060, 768, 1, 0, 0
134060, 1536, 1, 0, 0
137062, 1024, 1, 0, 0
138062, 1024, 1, 0, 0
139062, 256, 1, 0, 0
140063, 512, 1, 0, 0
141063, 1024, 1, 0, 0
142064, 768, 1, 0, 0
143064, 1024, 1, 0, 0
144064, 256, 1, 0, 0
145065, 768, 1, 0, 0
146065, 1792, 1, 0, 0
147065, 512, 1, 0, 0
148066, 1024, 1, 0, 0
149066, 1280, 1, 0, 0
151067, 256, 1, 0, 0
152067, 768, 1, 0, 0
153068, 768, 1, 0, 0
154068, 1280, 1, 0, 0
156069, 2048, 1, 0, 0
157069, 512, 1, 0, 0
158070, 1024, 1, 0, 0
159070, 256, 1, 0, 0
160071, 256, 1, 0, 0
161071, 1280, 1, 0, 0
165072, 256, 1, 0, 0
166073, 256, 1, 0, 0
167073, 768, 1, 0, 0
168073, 1024, 1, 0, 0
169074, 1792, 1, 0, 0
170074, 2048, 1, 0, 0
171074, 1536, 1, 0, 0
172075, 768, 1, 0, 0
173075, 1280, 1, 0, 0
174075, 1536, 1, 0, 0
175076, 1280, 1, 0, 0
176076, 3840, 1, 0, 0
177076, 1024, 1, 0, 0
178077, 768, 1, 0, 0
179077, 512, 1, 0, 0
