36002, 512, 1, 0, 0
37002, 256, 1, 0, 0
39002, 256, 1, 0, 0
40003, 2048, 1, 0, 0
41002, 512, 1, 0, 0
42003, 1280, 1, 0, 0
46003, 1024, 1, 0, 0
47002, 3075, 1, 0, 0
48003, 256, 1, 0, 0
49002, 1025, 1, 0, 0
50003, 1536, 1, 0, 0
52003, 1025, 1, 0, 0
53002, 256, 1, 0, 0
55002, 512, 1, 0, 0
56002, 768, 1, 0, 0
57002, 1280, 1, 0, 0
59003, 768, 1, 0, 0
60002, 256, 1, 0, 0
61003, 1792, 1, 0, 0
62002, 512, 1, 0, 0
63003, 1536, 1, 0, 0
64002, 256, 1, 0, 0
65003, 512, 1, 0, 0
66002, 1537, 1, 0, 0
67001, 256, 1, 0, 0
68002, 256, 1, 0, 0
69002, 512, 1, 0, 0
70003, 1536, 1, 0, 0
71002, 1281, 1, 0, 0
72002, 2050, 1, 0, 0
74002, 256, 1, 0, 0
75003, 512, 1, 0, 0
76002, 512, 1, 0, 0
78002, 256, 1, 0, 0
79002, 2816, 1, 0, 0
82002, 256, 1, 0, 0
83003, 2304, 1, 0, 0
84002, 256, 1, 0, 0
85003, 1024, 1, 0, 0
86003, 1280, 1, 0, 0
87002, 256, 1, 0, 0
88003, 256, 1, 0, 0
89002, 4100, 1, 0, 0
90002, 768, 1, 0, 0
91003, 1024, 1, 0, 0
92002, 768, 1, 0, 0
94003, 256, 1, 0, 0
95002, 2306, 1, 0, 0
96003, 1792, 1, 0, 0
98002, 768, 1, 0, 0
99003, 1280, 1, 0, 0
101002, 256, 1, 0, 0
105002, 768, 1, 0, 0
106002, 768, 1, 0, 0
107003, 768, 1, 0, 0
108002, 1281, 1, 0, 0
109003, 1280, 1, 0, 0
110002, 1793, 1, 0, 0
111002, 2816, 1, 0, 0
112003, 1024, 1, 0, 0
113002, 256, 1, 0, 0
115002, 1281, 1, 0, 0
116003, 256, 1, 0, 0
117003, 1024, 1, 0, 0
118002, 256, 1, 0, 0
119003, 2560, 1, 0, 0
120002, 512, 1, 0, 0
121002, 768, 1, 0, 0
122003, 512, 1, 0, 0
124003, 2048, 1, 0, 0
125002, 1281, 1, 0, 0
128002, 1793, 1, 0, 0
129003, 512, 1, 0, 0
130002, 768, 1, 0, 0
131002, 256, 1, 0, 0
133002, 3587, 1, 0, 0
134003, 4096, 1, 0, 0
135002, 768, 1, 0, 0
139003, 512, 1, 0, 0
140003, 1280, 1, 0, 0
141002, 256, 1, 0, 0
142003, 256, 1, 0, 0
143002, 1793, 1, 0, 0
145003, 512, 1, 0, 0
146002, 768, 1, 0, 0
147003, 1024, 1, 0, 0
148003, 1024, 1, 0, 0
149002, 512, 1, 0, 0
150003, 256, 1, 0, 0
151002, 2818, 1, 0, 0
152002, 512, 1, 0, 0
153003, 256, 1, 0, 0
154002, 1281, 1, 0, 0
155003, 2304, 1, 0, 0
157002, 768, 1, 0, 0
158003, 512, 1, 0, 0
159002, 1793, 1, 0, 0
160003, 768, 1, 0, 0
161002, 512, 1, 0, 0
162002, 768, 1, 0, 0
163003, 1280, 1, 0, 0
164002, 256, 1, 0, 0
165002, 1792, 1, 0, 0
166003, 768, 1, 0, 0
167002, 512, 1, 0, 0
168003, 2560, 1, 0, 0
169003, 256, 1, 0, 0
170002, 256, 1, 0, 0
171003, 1792, 1, 0, 0
172003, 256, 1, 0, 0
177003, 256, 1, 0, 0
178003, 768, 1, 0, 0
179002, 512, 1, 0, 0
180003, 1024, 1, 0, 0
