37005, 512, 1, 0, 0
38005, 768, 1, 0, 0
39005, 256, 1, 0, 0
40005, 768, 1, 0, 0
41005, 512, 1, 0, 0
43005, 1025, 1, 0, 0
45005, 256, 1, 0, 0
46005, 256, 1, 0, 0
48005, 256, 1, 0, 0
49005, 1793, 1, 0, 0
50005, 512, 1, 0, 0
51005, 512, 1, 0, 0
52005, 512, 1, 0, 0
53005, 512, 1, 0, 0
54005, 256, 1, 0, 0
56004, 1025, 1, 0, 0
57004, 1792, 1, 0, 0
59005, 256, 1, 0, 0
60005, 2562, 1, 0, 0
61005, 768, 1, 0, 0
62005, 1281, 1, 0, 0
63005, 768, 1, 0, 0
64005, 1793, 1, 0, 0
65005, 256, 1, 0, 0
66005, 1793, 1, 0, 0
67004, 2050, 1, 0, 0
68004, 1024, 1, 0, 0
69005, 1280, 1, 0, 0
70005, 768, 1, 0, 0
71005, 3075, 1, 0, 0
73004, 1536, 1, 0, 0
74005, 1024, 1, 0, 0
75005, 256, 1, 0, 0
76005, 1281, 1, 0, 0
77004, 256, 1, 0, 0
78004, 256, 1, 0, 0
79005, 1280, 1, 0, 0
80005, 1280, 1, 0, 0
81004, 1281, 1, 0, 0
82005, 768, 1, 0, 0
83005, 1024, 1, 0, 0
84005, 512, 1, 0, 0
86005, 1792, 1, 0, 0
87005, 1281, 1, 0, 0
88005, 512, 1, 0, 0
89004, 256, 1, 0, 0
91005, 512, 1, 0, 0
92005, 512, 1, 0, 0
93005, 256, 1, 0, 0
94005, 1536, 1, 0, 0
96005, 768, 1, 0, 0
98005, 1025, 1, 0, 0
99005, 512, 1, 0, 0
100005, 2816, 1, 0, 0
101005, 1025, 1, 0, 0
102005, 1024, 1, 0, 0
103005, 1537, 1, 0, 0
104005, 256, 1, 0, 0
105004, 512, 1, 0, 0
106005, 256, 1, 0, 0
107005, 1280, 1, 0, 0
109005, 1024, 1, 0, 0
110004, 256, 1, 0, 0
111005, 1536, 1, 0, 0
112005, 1792, 1, 0, 0
113005, 1793, 1, 0, 0
115005, 1281, 1, 0, 0
118005, 1025, 1, 0, 0
119005, 2560, 1, 0, 0
120004, 1281, 1, 0, 0
121005, 256, 1, 0, 0
123005, 512, 1, 0, 0
125005, 1537, 1, 0, 0
128005, 256, 1, 0, 0
131005, 256, 1, 0, 0
134005, 512, 1, 0, 0
135004, 256, 1, 0, 0
138005, 2562, 1, 0, 0
139005, 256, 1, 0, 0
141005, 1537, 1, 0, 0
142005, 256, 1, 0, 0
143005, 256, 1, 0, 0
144005, 256, 1, 0, 0
147005, 256, 1, 0, 0
150005, 512, 1, 0, 0
151005, 512, 1, 0, 0
154005, 512, 1, 0, 0
158005, 768, 1, 0, 0
161005, 768, 1, 0, 0
162005, 512, 1, 0, 0
163005, 256, 1, 0, 0
164005, 256, 1, 0, 0
165005, 1024, 1, 0, 0
168005, 1024, 1, 0, 0
169005, 1024, 1, 0, 0
171005, 256, 1, 0, 0
172005, 2816, 1, 0, 0
175005, 1792, 1, 0, 0
178005, 256, 1, 0, 0
179005, 768, 1, 0, 0
180005, 512, 1, 0, 0
