47026, 4608, 1, 0, 0
48026, 512, 1, 0, 0
50027, 512, 1, 0, 0
51028, 511, 1, 0, 0
52029, 512, 1, 0, 0
53029, 256, 1, 0, 0
56031, 1792, 1, 0, 0
57031, 1792, 1, 0, 0
58032, 256, 1, 0, 0
59032, 256, 1, 0, 0
60032, 768, 1, 0, 0
61033, 1280, 1, 0, 0
62033, 1280, 1, 0, 0
63034, 512, 1, 0, 0
64034, 1280, 1, 0, 0
65035, 2048, 1, 0, 0
67036, 768, 1, 0, 0
69037, 768, 1, 0, 0
70037, 256, 1, 0, 0
71037, 1024, 1, 0, 0
72038, 512, 1, 0, 0
73038, 1536, 1, 0, 0
74039, 768, 1, 0, 0
75039, 2560, 1, 0, 0
76039, 256, 1, 0, 0
77040, 512, 1, 0, 0
78040, 512, 1, 0, 0
81041, 2304, 1, 0, 0
82042, 256, 1, 0, 0
83042, 256, 1, 0, 0
84042, 1280, 1, 0, 0
85043, 256, 1, 0, 0
87043, 768, 1, 0, 0
88044, 256, 1, 0, 0
89044, 768, 1, 0, 0
90045, 1280, 1, 0, 0
91045, 512, 1, 0, 0
92045, 768, 1, 0, 0
93046, 256, 1, 0, 0
94046, 1280, 1, 0, 0
95046, 1024, 1, 0, 0
96047, 512, 1, 0, 0
97047, 1024, 1, 0, 0
98047, 1024, 1, 0, 0
99048, 256, 1, 0, 0
100048, 256, 1, 0, 0
101049, 512, 1, 0, 0
102049, 1792, 1, 0, 0
103049, 1536, 1, 0, 0
104050, 256, 1, 0, 0
105050, 256, 1, 0, 0
106051, 2048, 1, 0, 0
107051, 2048, 1, 0, 0
108051, 512, 1, 0, 0
111053, 2816, 1, 0, 0
112053, 256, 1, 0, 0
113053, 1024, 1, 0, 0
114054, 2048, 1, 0, 0
115054, 1280, 1, 0, 0
116055, 1280, 1, 0, 0
118055, 768, 1, 0, 0
119056, 256, 1, 0, 0
120056, 512, 1, 0, 0
121057, 2304, 1, 0, 0
122057, 1024, 1, 0, 0
123057, 1024, 1, 0, 0
124058, 2304, 1, 0, 0
125058, 1536, 1, 0, 0
126059, 256, 1, 0, 0
127059, 2048, 1, 0, 0
128059, 512, 1, 0, 0
129060, 1280, 1, 0, 0
130060, 1280, 1, 0, 0
131061, 512, 1, 0, 0
132061, 1536, 1, 0, 0
134062, 256, 1, 0, 0
135062, 1280, 1, 0, 0
136063, 256, 1, 0, 0
138063, 256, 1, 0, 0
139064, 768, 1, 0, 0
141065, 1024, 1, 0, 0
142065, 2304, 1, 0, 0
143065, 768, 1, 0, 0
144066, 768, 1, 0, 0
145066, 1024, 1, 0, 0
146066, 1280, 1, 0, 0
148067, 1792, 1, 0, 0
149067, 1536, 1, 0, 0
150068, 512, 1, 0, 0
152069, 768, 1, 0, 0
153069, 1536, 1, 0, 0
154069, 256, 1, 0, 0
158071, 768, 1, 0, 0
159072, 512, 1, 0, 0
160072, 1024, 1, 0, 0
161072, 768, 1, 0, 0
163073, 512, 1, 0, 0
164073, 768, 1, 0, 0
165074, 2048, 1, 0, 0
166074, 512, 1, 0, 0
169075, 256, 1, 0, 0
170075, 256, 1, 0, 0
171076, 1280, 1, 0, 0
172076, 1024, 1, 0, 0
173076, 1024, 1, 0, 0
174077, 1024, 1, 0, 0
175077, 512, 1, 0, 0
176077, 1536, 1, 0, 0
177078, 1280, 1, 0, 0
178078, 1792, 1, 0, 0
179078, 2048, 1, 0, 0
