42023, 1280, 1, 0, 0
43023, 1024, 1, 0, 0
44024, 1024, 1, 0, 0
45024, 768, 1, 0, 0
46025, 256, 1, 0, 0
50027, 1024, 1, 0, 0
51028, 767, 1, 0, 0
52028, 512, 1, 0, 0
53029, 256, 1, 0, 0
54029, 768, 1, 0, 0
55030, 256, 1, 0, 0
56030, 768, 1, 0, 0
57031, 768, 1, 0, 0
58031, 1024, 1, 0, 0
59031, 1536, 1, 0, 0
60032, 1280, 1, 0, 0
61032, 1024, 1, 0, 0
62033, 2816, 1, 0, 0
63033, 1536, 1, 0, 0
64034, 512, 1, 0, 0
65034, 1024, 1, 0, 0
66035, 1536, 1, 0, 0
67035, 512, 1, 0, 0
68036, 1536, 1, 0, 0
69036, 512, 1, 0, 0
70036, 512, 1, 0, 0
71037, 1536, 1, 0, 0
77039, 512, 1, 0, 0
78040, 256, 1, 0, 0
79040, 1792, 1, 0, 0
80040, 2048, 1, 0, 0
81041, 768, 1, 0, 0
82041, 256, 1, 0, 0
83042, 768, 1, 0, 0
85042, 1280, 1, 0, 0
86043, 768, 1, 0, 0
87043, 1024, 1, 0, 0
88043, 1280, 1, 0, 0
89044, 1024, 1, 0, 0
90044, 512, 1, 0, 0
92045, 256, 1, 0, 0
95046, 512, 1, 0, 0
98047, 256, 1, 0, 0
99047, 1536, 1, 0, 0
100048, 1792, 1, 0, 0
101048, 2560, 1, 0, 0
102049, 768, 1, 0, 0
103049, 768, 1, 0, 0
105050, 1792, 1, 0, 0
107051, 512, 1, 0, 0
108051, 2048, 1, 0, 0
109051, 256, 1, 0, 0
110052, 1792, 1, 0, 0
112053, 1792, 1, 0, 0
113053, 1792, 1, 0, 0
115054, 1024, 1, 0, 0
117055, 512, 1, 0, 0
118055, 256, 1, 0, 0
119055, 256, 1, 0, 0
120056, 1280, 1, 0, 0
122057, 512, 1, 0, 0
124057, 2048, 1, 0, 0
126058, 256, 1, 0, 0
127059, 2048, 1, 0, 0
128059, 768, 1, 0, 0
129060, 1024, 1, 0, 0
130060, 512, 1, 0, 0
131060, 768, 1, 0, 0
132061, 768, 1, 0, 0
133061, 1792, 1, 0, 0
135062, 768, 1, 0, 0
136062, 256, 1, 0, 0
137063, 256, 1, 0, 0
138063, 768, 1, 0, 0
139063, 512, 1, 0, 0
140064, 1536, 1, 0, 0
141064, 2048, 1, 0, 0
142064, 512, 1, 0, 0
143065, 1536, 1, 0, 0
144065, 512, 1, 0, 0
145066, 256, 1, 0, 0
146066, 768, 1, 0, 0
147066, 256, 1, 0, 0
148067, 512, 1, 0, 0
149067, 1280, 1, 0, 0
150067, 1280, 1, 0, 0
151068, 256, 1, 0, 0
152068, 1536, 1, 0, 0
153068, 1280, 1, 0, 0
154069, 2560, 1, 0, 0
155069, 1792, 1, 0, 0
156070, 1536, 1, 0, 0
157070, 1280, 1, 0, 0
158071, 1792, 1, 0, 0
160071, 256, 1, 0, 0
161072, 512, 1, 0, 0
162072, 2560, 1, 0, 0
163072, 1024, 1, 0, 0
164073, 256, 1, 0, 0
165073, 2304, 1, 0, 0
166073, 2304, 1, 0, 0
167074, 2816, 1, 0, 0
168074, 256, 1, 0, 0
169075, 768, 1, 0, 0
170075, 256, 1, 0, 0
171075, 1536, 1, 0, 0
172076, 256, 1, 0, 0
174076, 1024, 1, 0, 0
175077, 512, 1, 0, 0
176077, 768, 1, 0, 0
177077, 768, 1, 0, 0
179078, 256, 1, 0, 0
