39021, 1792, 1, 0, 0
40021, 768, 1, 0, 0
41022, 768, 1, 0, 0
42022, 1792, 1, 0, 0
43023, 1024, 1, 0, 0
44023, 2048, 1, 0, 0
45024, 512, 1, 0, 0
46024, 512, 1, 0, 0
47025, 512, 1, 0, 0
48025, 512, 1, 0, 0
49026, 256, 1, 0, 0
50026, 1024, 1, 0, 0
51027, 2301, 1, 0, 0
52028, 256, 1, 0, 0
53029, 1792, 1, 0, 0
54029, 1536, 1, 0, 0
55029, 768, 1, 0, 0
56030, 512, 1, 0, 0
57030, 256, 1, 0, 0
58031, 512, 1, 0, 0
59031, 3072, 1, 0, 0
60032, 1792, 1, 0, 0
61032, 3072, 1, 0, 0
62033, 1024, 1, 0, 0
63033, 1280, 1, 0, 0
64034, 4096, 1, 0, 0
65034, 512, 1, 0, 0
66034, 2304, 1, 0, 0
67035, 1792, 1, 0, 0
68035, 2816, 1, 0, 0
69036, 768, 1, 0, 0
70036, 768, 1, 0, 0
71037, 2816, 1, 0, 0
73037, 256, 1, 0, 0
74038, 256, 1, 0, 0
75038, 1024, 1, 0, 0
76039, 768, 1, 0, 0
77039, 256, 1, 0, 0
78039, 1536, 1, 0, 0
79040, 1280, 1, 0, 0
80040, 256, 1, 0, 0
81040, 256, 1, 0, 0
82041, 1280, 1, 0, 0
84042, 1536, 1, 0, 0
86042, 768, 1, 0, 0
87043, 256, 1, 0, 0
88043, 768, 1, 0, 0
89043, 768, 1, 0, 0
90044, 256, 1, 0, 0
91044, 256, 1, 0, 0
92045, 768, 1, 0, 0
94045, 512, 1, 0, 0
96046, 256, 1, 0, 0
97046, 256, 1, 0, 0
98047, 256, 1, 0, 0
99047, 256, 1, 0, 0
100047, 256, 1, 0, 0
101048, 768, 1, 0, 0
102048, 512, 1, 0, 0
103049, 1536, 1, 0, 0
104049, 768, 1, 0, 0
105049, 512, 1, 0, 0
107050, 768, 1, 0, 0
108051, 1280, 1, 0, 0
109051, 4096, 1, 0, 0
110051, 768, 1, 0, 0
111052, 1280, 1, 0, 0
112052, 1024, 1, 0, 0
113053, 256, 1, 0, 0
115054, 768, 1, 0, 0
116054, 256, 1, 0, 0
117054, 2560, 1, 0, 0
118055, 512, 1, 0, 0
120055, 1024, 1, 0, 0
121056, 1536, 1, 0, 0
123057, 768, 1, 0, 0
125058, 1024, 1, 0, 0
126058, 512, 1, 0, 0
127058, 768, 1, 0, 0
128059, 256, 1, 0, 0
130060, 512, 1, 0, 0
131060, 256, 1, 0, 0
133061, 1024, 1, 0, 0
135061, 1536, 1, 0, 0
136062, 1792, 1, 0, 0
137062, 768, 1, 0, 0
138063, 1280, 1, 0, 0
139063, 768, 1, 0, 0
140063, 1024, 1, 0, 0
142064, 1792, 1, 0, 0
143064, 768, 1, 0, 0
144065, 1280, 1, 0, 0
145065, 512, 1, 0, 0
146066, 1280, 1, 0, 0
147066, 512, 1, 0, 0
148066, 512, 1, 0, 0
149067, 512, 1, 0, 0
150067, 1024, 1, 0, 0
151067, 1280, 1, 0, 0
153068, 1536, 1, 0, 0
154069, 512, 1, 0, 0
155069, 768, 1, 0, 0
156069, 1536, 1, 0, 0
157070, 512, 1, 0, 0
158070, 512, 1, 0, 0
159071, 512, 1, 0, 0
160071, 1024, 1, 0, 0
161072, 1536, 1, 0, 0
163072, 768, 1, 0, 0
164073, 256, 1, 0, 0
165073, 1024, 1, 0, 0
166073, 1024, 1, 0, 0
168074, 768, 1, 0, 0
169074, 1792, 1, 0, 0
171075, 1024, 1, 0, 0
172075, 512, 1, 0, 0
173076, 1280, 1, 0, 0
174076, 256, 1, 0, 0
176077, 1024, 1, 0, 0
177077, 1024, 1, 0, 0
178077, 256, 1, 0, 0
179078, 2048, 1, 0, 0
180080, 2554, 1, 0, 0
