38021, 1792, 1, 0, 0
39022, 256, 1, 0, 0
40022, 1024, 1, 0, 0
41023, 1024, 1, 0, 0
42023, 1024, 1, 0, 0
43024, 512, 1, 0, 0
45025, 768, 1, 0, 0
46025, 2304, 1, 0, 0
47026, 256, 1, 0, 0
48026, 2304, 1, 0, 0
49027, 768, 1, 0, 0
50027, 1536, 1, 0, 0
51028, 255, 1, 0, 0
52029, 2560, 1, 0, 0
53029, 256, 1, 0, 0
54030, 1536, 1, 0, 0
56031, 2304, 1, 0, 0
57031, 1280, 1, 0, 0
58032, 256, 1, 0, 0
59032, 512, 1, 0, 0
60033, 1536, 1, 0, 0
61033, 512, 1, 0, 0
62034, 256, 1, 0, 0
63034, 1792, 1, 0, 0
64034, 512, 1, 0, 0
65035, 512, 1, 0, 0
66035, 256, 1, 0, 0
68036, 512, 1, 0, 0
69037, 2816, 1, 0, 0
73038, 768, 1, 0, 0
74039, 3328, 1, 0, 0
75039, 1792, 1, 0, 0
76040, 768, 1, 0, 0
77040, 1792, 1, 0, 0
79041, 256, 1, 0, 0
80041, 256, 1, 0, 0
81041, 256, 1, 0, 0
82042, 512, 1, 0, 0
83042, 1280, 1, 0, 0
84042, 256, 1, 0, 0
85043, 1536, 1, 0, 0
86043, 256, 1, 0, 0
87044, 1280, 1, 0, 0
88044, 768, 1, 0, 0
89044, 512, 1, 0, 0
90045, 256, 1, 0, 0
91045, 256, 1, 0, 0
92045, 256, 1, 0, 0
93046, 512, 1, 0, 0
94046, 768, 1, 0, 0
96047, 256, 1, 0, 0
97047, 1024, 1, 0, 0
98048, 256, 1, 0, 0
99048, 512, 1, 0, 0
100048, 1536, 1, 0, 0
101049, 768, 1, 0, 0
102049, 512, 1, 0, 0
103049, 512, 1, 0, 0
104050, 512, 1, 0, 0
105050, 256, 1, 0, 0
106051, 256, 1, 0, 0
107051, 1280, 1, 0, 0
108051, 512, 1, 0, 0
109052, 1024, 1, 0, 0
110052, 256, 1, 0, 0
111053, 512, 1, 0, 0
112053, 512, 1, 0, 0
113054, 512, 1, 0, 0
114054, 1280, 1, 0, 0
115054, 1280, 1, 0, 0
116055, 2304, 1, 0, 0
118056, 2816, 1, 0, 0
119056, 1024, 1, 0, 0
120056, 1280, 1, 0, 0
121057, 768, 1, 0, 0
122057, 1280, 1, 0, 0
123058, 2304, 1, 0, 0
124058, 1280, 1, 0, 0
127059, 512, 1, 0, 0
129060, 2560, 1, 0, 0
130060, 512, 1, 0, 0
132061, 512, 1, 0, 0
133061, 256, 1, 0, 0
134062, 2304, 1, 0, 0
135062, 2816, 1, 0, 0
136063, 1280, 1, 0, 0
137063, 1280, 1, 0, 0
138064, 768, 1, 0, 0
139064, 256, 1, 0, 0
140064, 512, 1, 0, 0
141065, 256, 1, 0, 0
142065, 768, 1, 0, 0
143065, 1280, 1, 0, 0
144066, 2304, 1, 0, 0
145066, 512, 1, 0, 0
146066, 768, 1, 0, 0
147067, 512, 1, 0, 0
148067, 768, 1, 0, 0
149068, 1280, 1, 0, 0
150068, 1280, 1, 0, 0
151068, 256, 1, 0, 0
152069, 2560, 1, 0, 0
153069, 256, 1, 0, 0
154069, 256, 1, 0, 0
156070, 768, 1, 0, 0
157071, 2560, 1, 0, 0
158071, 2048, 1, 0, 0
159072, 2816, 1, 0, 0
160072, 512, 1, 0, 0
161072, 1280, 1, 0, 0
162073, 2304, 1, 0, 0
163073, 512, 1, 0, 0
164073, 256, 1, 0, 0
165074, 1792, 1, 0, 0
166074, 768, 1, 0, 0
167074, 2560, 1, 0, 0
168075, 1024, 1, 0, 0
170075, 512, 1, 0, 0
171076, 768, 1, 0, 0
172076, 256, 1, 0, 0
173076, 1024, 1, 0, 0
174077, 256, 1, 0, 0
176077, 256, 1, 0, 0
178078, 1280, 1, 0, 0
179078, 512, 1, 0, 0
180081, 766, 1, 0, 0
