38002, 256, 1, 0, 0
39001, 2562, 1, 0, 0
40002, 1280, 1, 0, 0
41001, 2306, 1, 0, 0
42002, 256, 1, 0, 0
43001, 1025, 1, 0, 0
45001, 1280, 1, 0, 0
46002, 1024, 1, 0, 0
47001, 256, 1, 0, 0
48002, 1024, 1, 0, 0
49001, 1281, 1, 0, 0
50002, 1280, 1, 0, 0
51002, 768, 1, 0, 0
52001, 1793, 1, 0, 0
53001, 768, 1, 0, 0
54001, 768, 1, 0, 0
55001, 512, 1, 0, 0
56000, 1281, 1, 0, 0
57001, 2304, 1, 0, 0
60001, 768, 1, 0, 0
61001, 512, 1, 0, 0
62001, 256, 1, 0, 0
63001, 1024, 1, 0, 0
64001, 256, 1, 0, 0
65001, 768, 1, 0, 0
66001, 256, 1, 0, 0
68001, 1024, 1, 0, 0
69001, 256, 1, 0, 0
70002, 256, 1, 0, 0
72000, 512, 1, 0, 0
73001, 1792, 1, 0, 0
75002, 1536, 1, 0, 0
76001, 1025, 1, 0, 0
77000, 1537, 1, 0, 0
78001, 2048, 1, 0, 0
79001, 256, 1, 0, 0
80001, 256, 1, 0, 0
81001, 256, 1, 0, 0
82001, 768, 1, 0, 0
84001, 512, 1, 0, 0
86002, 1536, 1, 0, 0
87001, 1281, 1, 0, 0
89001, 1025, 1, 0, 0
90001, 256, 1, 0, 0
92001, 1537, 1, 0, 0
93001, 2816, 1, 0, 0
94002, 256, 1, 0, 0
95001, 768, 1, 0, 0
97002, 1280, 1, 0, 0
98001, 256, 1, 0, 0
99001, 1280, 1, 0, 0
101001, 768, 1, 0, 0
102002, 768, 1, 0, 0
103001, 512, 1, 0, 0
104001, 1536, 1, 0, 0
106001, 1024, 1, 0, 0
107002, 512, 1, 0, 0
108001, 768, 1, 0, 0
110001, 256, 1, 0, 0
111001, 256, 1, 0, 0
116001, 768, 1, 0, 0
119001, 256, 1, 0, 0
122002, 1792, 1, 0, 0
124001, 256, 1, 0, 0
126001, 256, 1, 0, 0
128001, 512, 1, 0, 0
130001, 256, 1, 0, 0
131001, 256, 1, 0, 0
132002, 256, 1, 0, 0
136001, 512, 1, 0, 0
137002, 1536, 1, 0, 0
139001, 1024, 1, 0, 0
142001, 1024, 1, 0, 0
143001, 768, 1, 0, 0
144001, 768, 1, 0, 0
146001, 512, 1, 0, 0
148002, 256, 1, 0, 0
151001, 512, 1, 0, 0
154001, 256, 1, 0, 0
155001, 1024, 1, 0, 0
156001, 1025, 1, 0, 0
157001, 2560, 1, 0, 0
159001, 1537, 1, 0, 0
161001, 256, 1, 0, 0
164001, 1281, 1, 0, 0
165001, 768, 1, 0, 0
167001, 768, 1, 0, 0
168001, 256, 1, 0, 0
169002, 512, 1, 0, 0
170001, 512, 1, 0, 0
171001, 768, 1, 0, 0
172002, 512, 1, 0, 0
173001, 1281, 1, 0, 0
174001, 256, 1, 0, 0
175002, 512, 1, 0, 0
176001, 1025, 1, 0, 0
178002, 2304, 1, 0, 0
179001, 512, 1, 0, 0
