4001, 20480, 0, 0, 0
5000, 15375, 0, 0, 0
6001, 31744, 0, 0, 0
7000, 37925, 0, 0, 0
8001, 13312, 0, 0, 0
9001, 26624, 0, 0, 0
10000, 64576, 0, 0, 0
11001, 37888, 0, 0, 0
12001, 11264, 0, 0, 0
13000, 14350, 0, 0, 0
14001, 37888, 0, 0, 0
15001, 33792, 0, 0, 0
16000, 10250, 0, 0, 0
17001, 19456, 0, 0, 0
18001, 26624, 0, 0, 0
19000, 19475, 0, 0, 0
20000, 23552, 0, 0, 0
21001, 53248, 0, 0, 0
22000, 47151, 0, 0, 0
23000, 54272, 0, 0, 0
24001, 36864, 0, 0, 0
25000, 24600, 0, 0, 0
26001, 37888, 0, 0, 0
27001, 19456, 0, 0, 0
28000, 34850, 0, 0, 0
29001, 34816, 0, 0, 0
30001, 49152, 0, 0, 0
31000, 39975, 0, 0, 0
32001, 34816, 0, 0, 0
33001, 25600, 0, 0, 0
34000, 22550, 0, 0, 0
35001, 26624, 0, 0, 0
36001, 26624, 0, 0, 0
37000, 30750, 0, 0, 0
38000, 38912, 0, 0, 0
39001, 28672, 0, 0, 0
40000, 31775, 0, 0, 0
41000, 39936, 0, 0, 0
42001, 37888, 0, 0, 0
43001, 69632, 0, 0, 0
44000, 33825, 0, 0, 0
45001, 12288, 0, 0, 0
46001, 24576, 0, 0, 0
47000, 32800, 0, 0, 0
48001, 29696, 0, 0, 0
49001, 24576, 0, 0, 0
50000, 41001, 0, 0, 0
51001, 43008, 0, 0, 0
52001, 38912, 0, 0, 0
53000, 12300, 0, 0, 0
54001, 10240, 0, 0, 0
55001, 13312, 0, 0, 0
56000, 11275, 0, 0, 0
57001, 14336, 0, 0, 0
58000, 47151, 0, 0, 0
59001, 41984, 0, 0, 0
60001, 31744, 0, 0, 0
61000, 17425, 0, 0, 0
62001, 23552, 0, 0, 0
63001, 23552, 0, 0, 0
64000, 15375, 0, 0, 0
65001, 32768, 0, 0, 0
66000, 22550, 0, 0, 0
67000, 17408, 0, 0, 0
68001, 23552, 0, 0, 0
69000, 12300, 0, 0, 0
70001, 40960, 0, 0, 0
71001, 28672, 0, 0, 0
72000, 32800, 0, 0, 0
73001, 17408, 0, 0, 0
74001, 17408, 0, 0, 0
75000, 19475, 0, 0, 0
76001, 18432, 0, 0, 0
77001, 32768, 0, 0, 0
78000, 41001, 0, 0, 0
79001, 32768, 0, 0, 0
80000, 46126, 0, 0, 0
81001, 38912, 0, 0, 0
82001, 5120, 0, 0, 0
83000, 19475, 0, 0, 0
84001, 41984, 0, 0, 0
85001, 25600, 0, 0, 0
86000, 35875, 0, 0, 0
87001, 22528, 0, 0, 0
88000, 18450, 0, 0, 0
89000, 44032, 0, 0, 0
90001, 49152, 0, 0, 0
91000, 24600, 0, 0, 0
92001, 13312, 0, 0, 0
93001, 15360, 0, 0, 0
94000, 22550, 0, 0, 0
95001, 21504, 0, 0, 0
96001, 19456, 0, 0, 0
97000, 47151, 0, 0, 0
98001, 36864, 0, 0, 0
99001, 26624, 0, 0, 0
100000, 21525, 0, 0, 0
101001, 35840, 0, 0, 0
102000, 39975, 0, 0, 0
103001, 23552, 0, 0, 0
104001, 19456, 0, 0, 0
105000, 24600, 0, 0, 0
106001, 10240, 0, 0, 0
107001, 20480, 0, 0, 0
108000, 27675, 0, 0, 0
109001, 16384, 0, 0, 0
110001, 13312, 0, 0, 0
111000, 35875, 0, 0, 0
112001, 38912, 0, 0, 0
113000, 44076, 0, 0, 0
114001, 40960, 0, 0, 0
115001, 23552, 0, 0, 0
116000, 27675, 0, 0, 0
117001, 22528, 0, 0, 0
118000, 24600, 0, 0, 0
119000, 11264, 0, 0, 0
120001, 18432, 0, 0, 0
121000, 15375, 0, 0, 0
122001, 23552, 0, 0, 0
123001, 21504, 0, 0, 0
124000, 12300, 0, 0, 0
125001, 18432, 0, 0, 0
126001, 18432, 0, 0, 0
127000, 27675, 0, 0, 0
128001, 20480, 0, 0, 0
129000, 30750, 0, 0, 0
130000, 45056, 0, 0, 0
131001, 16384, 0, 0, 0
132000, 38950, 0, 0, 0
133001, 20480, 0, 0, 0
134001, 29696, 0, 0, 0
135000, 22550, 0, 0, 0
136001, 24576, 0, 0, 0
137001, 12288, 0, 0, 0
138000, 19475, 0, 0, 0
139001, 19456, 0, 0, 0
140001, 30720, 0, 0, 0
141000, 18450, 0, 0, 0
142001, 3072, 0, 0, 0
143000, 49201, 0, 0, 0
144000, 37888, 0, 0, 0
145001, 39936, 0, 0, 0
146000, 13325, 0, 0, 0
147000, 24576, 0, 0, 0
148001, 27648, 0, 0, 0
149000, 26650, 0, 0, 0
150001, 24576, 0, 0, 0
151001, 16384, 0, 0, 0
152000, 12300, 0, 0, 0
153001, 27648, 0, 0, 0
154001, 27648, 0, 0, 0
155000, 22550, 0, 0, 0
156001, 28672, 0, 0, 0
157000, 25625, 0, 0, 0
158000, 14336, 0, 0, 0
159001, 36864, 0, 0, 0
160000, 53301, 0, 0, 0
161000, 47104, 0, 0, 0
162001, 39936, 0, 0, 0
163000, 34850, 0, 0, 0
164000, 21504, 0, 0, 0
165001, 12288, 0, 0, 0
166000, 51251, 0, 0, 0
167000, 37888, 0, 0, 0
168001, 17408, 0, 0, 0
169001, 12288, 0, 0, 0
170000, 30750, 0, 0, 0
171001, 28672, 0, 0, 0
172001, 12288, 0, 0, 0
173000, 47151, 0, 0, 0
174000, 31744, 0, 0, 0
175001, 31744, 0, 0, 0
176000, 31775, 0, 0, 0
177000, 27648, 0, 0, 0
178001, 19456, 0, 0, 0
179001, 15360, 0, 0, 0
180000, 42026, 0, 0, 0
