2000, 112752, 0, 0, 0
3000, 154624, 0, 0, 0
4001, 136192, 0, 0, 0
5000, 140428, 0, 0, 0
6000, 129024, 0, 0, 0
7000, 151703, 0, 0, 0
8000, 152576, 0, 0, 0
9000, 147456, 0, 0, 0
10000, 118902, 0, 0, 0
11000, 141312, 0, 0, 0
12000, 159744, 0, 0, 0
13000, 124028, 0, 0, 0
14000, 123904, 0, 0, 0
15000, 136192, 0, 0, 0
16000, 136328, 0, 0, 0
17000, 123904, 0, 0, 0
18000, 124928, 0, 0, 0
19000, 173229, 0, 0, 0
20000, 126976, 0, 0, 0
21000, 109568, 0, 0, 0
22000, 107627, 0, 0, 0
23000, 122880, 0, 0, 0
24000, 130048, 0, 0, 0
25000, 137353, 0, 0, 0
26000, 125952, 0, 0, 0
27000, 168960, 0, 0, 0
28000, 97377, 0, 0, 0
29000, 146432, 0, 0, 0
30000, 109568, 0, 0, 0
31000, 130178, 0, 0, 0
32000, 116736, 0, 0, 0
33000, 94208, 0, 0, 0
34000, 148628, 0, 0, 0
35000, 133120, 0, 0, 0
36000, 166912, 0, 0, 0
37000, 103527, 0, 0, 0
38000, 121856, 0, 0, 0
39000, 161792, 0, 0, 0
40000, 113777, 0, 0, 0
41000, 136192, 0, 0, 0
42000, 96256, 0, 0, 0
43000, 122880, 0, 0, 0
44000, 114802, 0, 0, 0
45000, 120832, 0, 0, 0
46000, 107520, 0, 0, 0
47000, 115827, 0, 0, 0
48000, 130048, 0, 0, 0
49000, 133120, 0, 0, 0
50000, 141453, 0, 0, 0
51000, 124928, 0, 0, 0
52000, 124928, 0, 0, 0
53000, 152728, 0, 0, 0
54000, 120832, 0, 0, 0
55001, 137216, 0, 0, 0
56000, 123003, 0, 0, 0
57000, 144384, 0, 0, 0
58000, 125053, 0, 0, 0
59000, 131072, 0, 0, 0
60000, 103424, 0, 0, 0
61000, 155803, 0, 0, 0
62000, 155648, 0, 0, 0
63001, 118784, 0, 0, 0
64000, 127103, 0, 0, 0
65000, 138240, 0, 0, 0
66000, 108652, 0, 0, 0
67000, 140288, 0, 0, 0
68000, 121856, 0, 0, 0
69000, 173229, 0, 0, 0
70000, 89088, 0, 0, 0
71000, 117760, 0, 0, 0
72000, 127103, 0, 0, 0
73000, 118784, 0, 0, 0
74001, 105472, 0, 0, 0
75000, 118902, 0, 0, 0
76000, 136192, 0, 0, 0
77001, 131072, 0, 0, 0
78000, 140428, 0, 0, 0
79000, 152576, 0, 0, 0
80000, 123003, 0, 0, 0
81000, 128000, 0, 0, 0
82001, 114688, 0, 0, 0
83000, 138378, 0, 0, 0
84000, 122880, 0, 0, 0
85001, 103424, 0, 0, 0
86000, 132228, 0, 0, 0
87000, 120832, 0, 0, 0
88000, 100452, 0, 0, 0
89000, 144384, 0, 0, 0
90000, 140288, 0, 0, 0
91000, 125053, 0, 0, 0
92000, 119808, 0, 0, 0
93000, 133120, 0, 0, 0
94000, 131203, 0, 0, 0
95000, 116736, 0, 0, 0
96000, 125952, 0, 0, 0
97000, 108652, 0, 0, 0
98000, 133120, 0, 0, 0
99001, 111616, 0, 0, 0
100000, 155803, 0, 0, 0
101000, 130048, 0, 0, 0
102000, 128128, 0, 0, 0
103000, 137216, 0, 0, 0
104000, 110592, 0, 0, 0
105000, 118902, 0, 0, 0
106000, 144384, 0, 0, 0
107000, 145408, 0, 0, 0
108000, 94302, 0, 0, 0
109000, 163840, 0, 0, 0
110001, 139264, 0, 0, 0
111000, 134278, 0, 0, 0
112000, 151552, 0, 0, 0
113000, 121977, 0, 0, 0
114000, 144384, 0, 0, 0
115001, 140288, 0, 0, 0
116000, 120952, 0, 0, 0
117000, 151552, 0, 0, 0
118000, 120952, 0, 0, 0
119000, 119808, 0, 0, 0
120000, 121856, 0, 0, 0
121000, 146578, 0, 0, 0
122000, 159744, 0, 0, 0
123000, 136192, 0, 0, 0
124000, 129153, 0, 0, 0
125000, 131072, 0, 0, 0
126001, 150528, 0, 0, 0
127000, 131203, 0, 0, 0
128000, 111616, 0, 0, 0
129000, 123003, 0, 0, 0
130000, 126976, 0, 0, 0
131000, 124928, 0, 0, 0
132000, 125053, 0, 0, 0
133000, 111616, 0, 0, 0
134000, 117760, 0, 0, 0
135000, 136328, 0, 0, 0
136000, 139264, 0, 0, 0
137000, 140288, 0, 0, 0
138000, 105577, 0, 0, 0
139000, 141312, 0, 0, 0
140001, 154624, 0, 0, 0
141000, 108652, 0, 0, 0
142000, 154624, 0, 0, 0
143000, 121977, 0, 0, 0
144000, 144384, 0, 0, 0
145000, 145408, 0, 0, 0
146000, 117877, 0, 0, 0
147000, 121856, 0, 0, 0
148000, 120832, 0, 0, 0
149000, 129153, 0, 0, 0
150000, 147456, 0, 0, 0
151001, 122880, 0, 0, 0
152000, 132228, 0, 0, 0
153000, 137216, 0, 0, 0
154001, 111616, 0, 0, 0
155000, 89177, 0, 0, 0
156000, 126976, 0, 0, 0
157000, 111727, 0, 0, 0
158000, 123904, 0, 0, 0
159000, 135168, 0, 0, 0
160000, 117877, 0, 0, 0
161000, 94208, 0, 0, 0
162000, 129024, 0, 0, 0
163000, 114802, 0, 0, 0
164000, 125952, 0, 0, 0
165000, 123904, 0, 0, 0
166000, 156828, 0, 0, 0
167000, 134144, 0, 0, 0
168000, 135168, 0, 0, 0
169001, 155648, 0, 0, 0
170000, 124028, 0, 0, 0
171000, 158720, 0, 0, 0
172000, 126976, 0, 0, 0
173000, 125053, 0, 0, 0
174000, 119808, 0, 0, 0
175000, 114688, 0, 0, 0
176000, 141453, 0, 0, 0
177000, 152576, 0, 0, 0
178000, 151552, 0, 0, 0
179000, 104448, 0, 0, 0
180000, 124028, 0, 0, 0
