1001, 11252, 0, 0, 0
2000, 147603, 0, 0, 0
3001, 147456, 0, 0, 0
4001, 106496, 0, 0, 0
5000, 110702, 0, 0, 0
6001, 116736, 0, 0, 0
7000, 119927, 0, 0, 0
8000, 161792, 0, 0, 0
9001, 128000, 0, 0, 0
10000, 131203, 0, 0, 0
11001, 151552, 0, 0, 0
12001, 114688, 0, 0, 0
13000, 133253, 0, 0, 0
14001, 122880, 0, 0, 0
15001, 128000, 0, 0, 0
16000, 113777, 0, 0, 0
17000, 118784, 0, 0, 0
18001, 118784, 0, 0, 0
19000, 141453, 0, 0, 0
20000, 134144, 0, 0, 0
21001, 142336, 0, 0, 0
22000, 127103, 0, 0, 0
23000, 125952, 0, 0, 0
24001, 103424, 0, 0, 0
25000, 144528, 0, 0, 0
26000, 129024, 0, 0, 0
27001, 164864, 0, 0, 0
28000, 120952, 0, 0, 0
29000, 179200, 0, 0, 0
30001, 128000, 0, 0, 0
31000, 134278, 0, 0, 0
32000, 109568, 0, 0, 0
33001, 121856, 0, 0, 0
34000, 124028, 0, 0, 0
35000, 138240, 0, 0, 0
36001, 143360, 0, 0, 0
37000, 105577, 0, 0, 0
38000, 121856, 0, 0, 0
39001, 140288, 0, 0, 0
40000, 123003, 0, 0, 0
41000, 114688, 0, 0, 0
42001, 111616, 0, 0, 0
43001, 148480, 0, 0, 0
44000, 130178, 0, 0, 0
45000, 124928, 0, 0, 0
46001, 120832, 0, 0, 0
47000, 145553, 0, 0, 0
48000, 124928, 0, 0, 0
49001, 126976, 0, 0, 0
50000, 142478, 0, 0, 0
51000, 156672, 0, 0, 0
52001, 159744, 0, 0, 0
53000, 124028, 0, 0, 0
54001, 143360, 0, 0, 0
55001, 120832, 0, 0, 0
56000, 175279, 0, 0, 0
57001, 138240, 0, 0, 0
58000, 133253, 0, 0, 0
59000, 124928, 0, 0, 0
60001, 114688, 0, 0, 0
61000, 136328, 0, 0, 0
62001, 97280, 0, 0, 0
63001, 142336, 0, 0, 0
64000, 120952, 0, 0, 0
65001, 103424, 0, 0, 0
66000, 134278, 0, 0, 0
67000, 156672, 0, 0, 0
68001, 130048, 0, 0, 0
69000, 132228, 0, 0, 0
70001, 105472, 0, 0, 0
71001, 104448, 0, 0, 0
72000, 173229, 0, 0, 0
73001, 138240, 0, 0, 0
74001, 151552, 0, 0, 0
75000, 131203, 0, 0, 0
76001, 142336, 0, 0, 0
77001, 135168, 0, 0, 0
78000, 124028, 0, 0, 0
79001, 151552, 0, 0, 0
80000, 87127, 0, 0, 0
81000, 138240, 0, 0, 0
82001, 140288, 0, 0, 0
83000, 113777, 0, 0, 0
84001, 144384, 0, 0, 0
85001, 126976, 0, 0, 0
86000, 120952, 0, 0, 0
87001, 126976, 0, 0, 0
88000, 100452, 0, 0, 0
89000, 146432, 0, 0, 0
90001, 120832, 0, 0, 0
91000, 142478, 0, 0, 0
92000, 126976, 0, 0, 0
93001, 128000, 0, 0, 0
94000, 134278, 0, 0, 0
95001, 131072, 0, 0, 0
96001, 124928, 0, 0, 0
97000, 137353, 0, 0, 0
98001, 135168, 0, 0, 0
99001, 135168, 0, 0, 0
100000, 153753, 0, 0, 0
101001, 116736, 0, 0, 0
102000, 129153, 0, 0, 0
103000, 140288, 0, 0, 0
104001, 111616, 0, 0, 0
105000, 114802, 0, 0, 0
106000, 120832, 0, 0, 0
107001, 132096, 0, 0, 0
108000, 118902, 0, 0, 0
109000, 94208, 0, 0, 0
110001, 126976, 0, 0, 0
111000, 125053, 0, 0, 0
112001, 129024, 0, 0, 0
113000, 113777, 0, 0, 0
114001, 159744, 0, 0, 0
115001, 139264, 0, 0, 0
116000, 124028, 0, 0, 0
117001, 121856, 0, 0, 0
118000, 128128, 0, 0, 0
119000, 114688, 0, 0, 0
120001, 126976, 0, 0, 0
121000, 129153, 0, 0, 0
122000, 130048, 0, 0, 0
123001, 143360, 0, 0, 0
124000, 147603, 0, 0, 0
125001, 137216, 0, 0, 0
126001, 113664, 0, 0, 0
127000, 135303, 0, 0, 0
128001, 117760, 0, 0, 0
129000, 157853, 0, 0, 0
130000, 125952, 0, 0, 0
131001, 142336, 0, 0, 0
132000, 103527, 0, 0, 0
133000, 148480, 0, 0, 0
134001, 117760, 0, 0, 0
135000, 108652, 0, 0, 0
136000, 130048, 0, 0, 0
137001, 142336, 0, 0, 0
138000, 119927, 0, 0, 0
139000, 124928, 0, 0, 0
140001, 123904, 0, 0, 0
141000, 129153, 0, 0, 0
142001, 131072, 0, 0, 0
143000, 108652, 0, 0, 0
144000, 110592, 0, 0, 0
145001, 134144, 0, 0, 0
146000, 175279, 0, 0, 0
147000, 118784, 0, 0, 0
148001, 131072, 0, 0, 0
149000, 107627, 0, 0, 0
150000, 124928, 0, 0, 0
151001, 116736, 0, 0, 0
152000, 120952, 0, 0, 0
153001, 109568, 0, 0, 0
154001, 160768, 0, 0, 0
155000, 113777, 0, 0, 0
156001, 113664, 0, 0, 0
157000, 123003, 0, 0, 0
158000, 136192, 0, 0, 0
159001, 90112, 0, 0, 0
160000, 123003, 0, 0, 0
161000, 113664, 0, 0, 0
162001, 150528, 0, 0, 0
163000, 133253, 0, 0, 0
164000, 110592, 0, 0, 0
165001, 139264, 0, 0, 0
166000, 120952, 0, 0, 0
167000, 126976, 0, 0, 0
168001, 121856, 0, 0, 0
169001, 122880, 0, 0, 0
170000, 113777, 0, 0, 0
171000, 137216, 0, 0, 0
172001, 150528, 0, 0, 0
173000, 109677, 0, 0, 0
174000, 118784, 0, 0, 0
175001, 133120, 0, 0, 0
176000, 110702, 0, 0, 0
177000, 150528, 0, 0, 0
178001, 124928, 0, 0, 0
179001, 128000, 0, 0, 0
180000, 107627, 0, 0, 0
