2000, 140428, 0, 0, 0
3001, 138240, 0, 0, 0
4001, 130048, 0, 0, 0
5000, 137353, 0, 0, 0
6001, 119808, 0, 0, 0
7000, 95327, 0, 0, 0
8001, 163840, 0, 0, 0
9001, 123904, 0, 0, 0
10000, 109677, 0, 0, 0
11001, 124928, 0, 0, 0
12001, 98304, 0, 0, 0
13000, 127103, 0, 0, 0
14001, 136192, 0, 0, 0
15001, 138240, 0, 0, 0
16000, 155803, 0, 0, 0
17001, 115712, 0, 0, 0
18001, 132096, 0, 0, 0
19000, 137353, 0, 0, 0
20000, 104448, 0, 0, 0
21001, 133120, 0, 0, 0
22000, 117877, 0, 0, 0
23000, 134144, 0, 0, 0
24001, 144384, 0, 0, 0
25000, 124028, 0, 0, 0
26001, 124928, 0, 0, 0
27001, 131072, 0, 0, 0
28000, 109677, 0, 0, 0
29001, 160768, 0, 0, 0
30001, 139264, 0, 0, 0
31000, 143503, 0, 0, 0
32001, 119808, 0, 0, 0
33001, 115712, 0, 0, 0
34000, 103527, 0, 0, 0
35001, 123904, 0, 0, 0
36001, 140288, 0, 0, 0
37000, 106602, 0, 0, 0
38000, 148480, 0, 0, 0
39001, 142336, 0, 0, 0
40000, 137353, 0, 0, 0
41000, 118784, 0, 0, 0
42001, 114688, 0, 0, 0
43001, 107520, 0, 0, 0
44000, 123003, 0, 0, 0
45001, 118784, 0, 0, 0
46001, 126976, 0, 0, 0
47000, 129153, 0, 0, 0
48001, 115712, 0, 0, 0
49001, 130048, 0, 0, 0
50000, 128128, 0, 0, 0
51001, 132096, 0, 0, 0
52001, 104448, 0, 0, 0
53000, 109677, 0, 0, 0
54001, 154624, 0, 0, 0
55001, 143360, 0, 0, 0
56000, 129153, 0, 0, 0
57001, 158720, 0, 0, 0
58000, 146578, 0, 0, 0
59001, 123904, 0, 0, 0
60001, 134144, 0, 0, 0
61000, 139403, 0, 0, 0
62001, 168960, 0, 0, 0
63001, 107520, 0, 0, 0
64000, 104552, 0, 0, 0
65001, 138240, 0, 0, 0
66000, 119927, 0, 0, 0
67001, 144384, 0, 0, 0
68001, 131072, 0, 0, 0
69000, 136328, 0, 0, 0
70001, 166912, 0, 0, 0
71001, 125952, 0, 0, 0
72000, 134278, 0, 0, 0
73001, 148480, 0, 0, 0
74001, 107520, 0, 0, 0
75000, 127103, 0, 0, 0
76001, 125952, 0, 0, 0
77001, 144384, 0, 0, 0
78000, 133253, 0, 0, 0
79001, 129024, 0, 0, 0
80000, 127103, 0, 0, 0
81001, 120832, 0, 0, 0
82001, 116736, 0, 0, 0
83000, 111727, 0, 0, 0
84001, 145408, 0, 0, 0
85001, 110592, 0, 0, 0
86000, 143503, 0, 0, 0
87001, 134144, 0, 0, 0
88000, 142478, 0, 0, 0
89000, 136192, 0, 0, 0
90001, 137216, 0, 0, 0
91000, 103527, 0, 0, 0
92001, 109568, 0, 0, 0
93001, 115712, 0, 0, 0
94000, 157853, 0, 0, 0
95001, 96256, 0, 0, 0
96001, 134144, 0, 0, 0
97000, 132228, 0, 0, 0
98001, 163840, 0, 0, 0
99001, 130048, 0, 0, 0
100000, 154778, 0, 0, 0
101001, 112640, 0, 0, 0
102000, 148628, 0, 0, 0
103001, 134144, 0, 0, 0
104001, 122880, 0, 0, 0
105000, 161953, 0, 0, 0
106001, 133120, 0, 0, 0
107001, 117760, 0, 0, 0
108000, 143503, 0, 0, 0
109001, 114688, 0, 0, 0
110001, 134144, 0, 0, 0
111000, 110702, 0, 0, 0
112001, 131072, 0, 0, 0
113000, 124028, 0, 0, 0
114001, 105472, 0, 0, 0
115001, 94208, 0, 0, 0
116000, 149653, 0, 0, 0
117001, 156672, 0, 0, 0
118000, 119927, 0, 0, 0
119000, 158720, 0, 0, 0
120001, 132096, 0, 0, 0
121000, 120952, 0, 0, 0
122001, 116736, 0, 0, 0
123001, 135168, 0, 0, 0
124000, 125053, 0, 0, 0
125001, 102400, 0, 0, 0
126001, 124928, 0, 0, 0
127000, 113777, 0, 0, 0
128001, 124928, 0, 0, 0
129000, 103527, 0, 0, 0
130000, 133120, 0, 0, 0
131001, 106496, 0, 0, 0
132000, 143503, 0, 0, 0
133001, 118784, 0, 0, 0
134001, 117760, 0, 0, 0
135000, 134278, 0, 0, 0
136001, 101376, 0, 0, 0
137001, 129024, 0, 0, 0
138000, 149653, 0, 0, 0
139001, 107520, 0, 0, 0
140001, 151552, 0, 0, 0
141000, 105577, 0, 0, 0
142001, 164864, 0, 0, 0
143000, 158878, 0, 0, 0
144000, 128000, 0, 0, 0
145001, 103424, 0, 0, 0
146000, 119927, 0, 0, 0
147000, 134144, 0, 0, 0
148001, 118784, 0, 0, 0
149000, 151703, 0, 0, 0
150001, 98304, 0, 0, 0
151001, 123904, 0, 0, 0
152000, 148628, 0, 0, 0
153001, 123904, 0, 0, 0
154001, 129024, 0, 0, 0
155000, 114802, 0, 0, 0
156001, 115712, 0, 0, 0
157000, 178354, 0, 0, 0
158000, 117760, 0, 0, 0
159001, 145408, 0, 0, 0
160000, 111727, 0, 0, 0
161000, 140288, 0, 0, 0
162001, 148480, 0, 0, 0
163000, 134278, 0, 0, 0
164001, 113664, 0, 0, 0
165001, 113664, 0, 0, 0
166000, 134278, 0, 0, 0
167000, 117760, 0, 0, 0
168001, 140288, 0, 0, 0
169001, 117760, 0, 0, 0
170000, 132228, 0, 0, 0
171001, 145408, 0, 0, 0
172001, 123904, 0, 0, 0
173000, 136328, 0, 0, 0
174001, 99328, 0, 0, 0
175001, 109568, 0, 0, 0
176000, 145553, 0, 0, 0
177000, 135168, 0, 0, 0
178001, 146432, 0, 0, 0
179001, 128000, 0, 0, 0
180000, 138378, 0, 0, 0
