4001, 2816, 0, 0, 0
5000, 3011, 0, 0, 0
6000, 2624, 0, 0, 0
7000, 2432, 0, 0, 0
8000, 2178, 0, 0, 0
9000, 2432, 0, 0, 0
10000, 1920, 0, 0, 0
11000, 1856, 0, 0, 0
12000, 1089, 0, 0, 0
13000, 3264, 0, 0, 0
14000, 2112, 0, 0, 0
15000, 2112, 0, 0, 0
16000, 1281, 0, 0, 0
17000, 1792, 0, 0, 0
18000, 2944, 0, 0, 0
19001, 2112, 0, 0, 0
20000, 1985, 0, 0, 0
21000, 2304, 0, 0, 0
22000, 2048, 0, 0, 0
23000, 2754, 0, 0, 0
24000, 1216, 0, 0, 0
25000, 4352, 0, 0, 0
26001, 2496, 0, 0, 0
27000, 896, 0, 0, 0
28000, 2432, 0, 0, 0
29000, 2048, 0, 0, 0
30001, 2240, 0, 0, 0
31000, 2370, 0, 0, 0
32000, 2624, 0, 0, 0
33000, 2368, 0, 0, 0
34000, 2434, 0, 0, 0
35000, 2304, 0, 0, 0
36000, 896, 0, 0, 0
37001, 2752, 0, 0, 0
38000, 2434, 0, 0, 0
39000, 2240, 0, 0, 0
40000, 3008, 0, 0, 0
41000, 1601, 0, 0, 0
42000, 2496, 0, 0, 0
43000, 2816, 0, 0, 0
44000, 2496, 0, 0, 0
45000, 2498, 0, 0, 0
46000, 2176, 0, 0, 0
47000, 2304, 0, 0, 0
48000, 704, 0, 0, 0
49000, 2432, 0, 0, 0
50000, 1664, 0, 0, 0
51000, 2496, 0, 0, 0
52000, 1409, 0, 0, 0
53000, 2368, 0, 0, 0
54000, 1728, 0, 0, 0
55000, 576, 0, 0, 0
56000, 1345, 0, 0, 0
57000, 3392, 0, 0, 0
58000, 2752, 0, 0, 0
59001, 3072, 0, 0, 0
60000, 3459, 0, 0, 0
61000, 3904, 0, 0, 0
62000, 2304, 0, 0, 0
63001, 3008, 0, 0, 0
64000, 1281, 0, 0, 0
65000, 3328, 0, 0, 0
66000, 1408, 0, 0, 0
67000, 2370, 0, 0, 0
68000, 3008, 0, 0, 0
69000, 3136, 0, 0, 0
70001, 1984, 0, 0, 0
71000, 2434, 0, 0, 0
72000, 2176, 0, 0, 0
73000, 2560, 0, 0, 0
74000, 2050, 0, 0, 0
75000, 1984, 0, 0, 0
76000, 2624, 0, 0, 0
77000, 2688, 0, 0, 0
78000, 2626, 0, 0, 0
79000, 2240, 0, 0, 0
80000, 1728, 0, 0, 0
81000, 3011, 0, 0, 0
82000, 2240, 0, 0, 0
83000, 2816, 0, 0, 0
84000, 2306, 0, 0, 0
85000, 2176, 0, 0, 0
86000, 2688, 0, 0, 0
87000, 2880, 0, 0, 0
88000, 1729, 0, 0, 0
89000, 2048, 0, 0, 0
90000, 1920, 0, 0, 0
91000, 1729, 0, 0, 0
92000, 2112, 0, 0, 0
93000, 2560, 0, 0, 0
94000, 2176, 0, 0, 0
95000, 1473, 0, 0, 0
96000, 2624, 0, 0, 0
97000, 2496, 0, 0, 0
98001, 2112, 0, 0, 0
99000, 2306, 0, 0, 0
100000, 2048, 0, 0, 0
101000, 2560, 0, 0, 0
102000, 1985, 0, 0, 0
103000, 3136, 0, 0, 0
104000, 1600, 0, 0, 0
105000, 2624, 0, 0, 0
106000, 3075, 0, 0, 0
107000, 1920, 0, 0, 0
108000, 1792, 0, 0, 0
109001, 1408, 0, 0, 0
110000, 1601, 0, 0, 0
111000, 1472, 0, 0, 0
112000, 1920, 0, 0, 0
113000, 1473, 0, 0, 0
114000, 3264, 0, 0, 0
115000, 2880, 0, 0, 0
116000, 1536, 0, 0, 0
117000, 2754, 0, 0, 0
118000, 1856, 0, 0, 0
119000, 2496, 0, 0, 0
120000, 1793, 0, 0, 0
121000, 3584, 0, 0, 0
122000, 3328, 0, 0, 0
123000, 1856, 0, 0, 0
124000, 1857, 0, 0, 0
125000, 2368, 0, 0, 0
126000, 3328, 0, 0, 0
127001, 1856, 0, 0, 0
128000, 2178, 0, 0, 0
129000, 2752, 0, 0, 0
130000, 1728, 0, 0, 0
131000, 2050, 0, 0, 0
132000, 1344, 0, 0, 0
133000, 3136, 0, 0, 0
134000, 1920, 0, 0, 0
135000, 2818, 0, 0, 0
136000, 2176, 0, 0, 0
137000, 2624, 0, 0, 0
138000, 2240, 0, 0, 0
139000, 2754, 0, 0, 0
140000, 1536, 0, 0, 0
141000, 1856, 0, 0, 0
142000, 3267, 0, 0, 0
143000, 1664, 0, 0, 0
144000, 2112, 0, 0, 0
145000, 1408, 0, 0, 0
146000, 1601, 0, 0, 0
147000, 2432, 0, 0, 0
148000, 2304, 0, 0, 0
149000, 2944, 0, 0, 0
150000, 2434, 0, 0, 0
151000, 2432, 0, 0, 0
152000, 2432, 0, 0, 0
153000, 3075, 0, 0, 0
154000, 1728, 0, 0, 0
155000, 3520, 0, 0, 0
156001, 2176, 0, 0, 0
157000, 2114, 0, 0, 0
158000, 3200, 0, 0, 0
159000, 2752, 0, 0, 0
160000, 3587, 0, 0, 0
161000, 2432, 0, 0, 0
162000, 2112, 0, 0, 0
163000, 1728, 0, 0, 0
164000, 2818, 0, 0, 0
165000, 2176, 0, 0, 0
166000, 1280, 0, 0, 0
167000, 2368, 0, 0, 0
168000, 1665, 0, 0, 0
169000, 2176, 0, 0, 0
170000, 2944, 0, 0, 0
171000, 2944, 0, 0, 0
172000, 1729, 0, 0, 0
173000, 2176, 0, 0, 0
174000, 2112, 0, 0, 0
175001, 2240, 0, 0, 0
176000, 2498, 0, 0, 0
177000, 1920, 0, 0, 0
178000, 2496, 0, 0, 0
179000, 2178, 0, 0, 0
180000, 2880, 0, 0, 0
