5000, 3011, 0, 0, 0
6001, 2432, 0, 0, 0
7001, 2944, 0, 0, 0
8000, 2370, 0, 0, 0
9000, 1856, 0, 0, 0
10001, 3008, 0, 0, 0
11001, 2816, 0, 0, 0
12000, 2370, 0, 0, 0
13000, 1792, 0, 0, 0
14001, 2560, 0, 0, 0
15001, 2304, 0, 0, 0
16000, 2050, 0, 0, 0
17000, 2176, 0, 0, 0
18001, 1856, 0, 0, 0
19001, 2688, 0, 0, 0
20000, 2242, 0, 0, 0
21001, 1792, 0, 0, 0
22001, 2048, 0, 0, 0
23000, 2562, 0, 0, 0
24000, 2048, 0, 0, 0
25001, 3136, 0, 0, 0
26001, 2176, 0, 0, 0
27000, 2498, 0, 0, 0
28000, 2944, 0, 0, 0
29001, 2816, 0, 0, 0
30001, 2048, 0, 0, 0
31000, 1793, 0, 0, 0
32001, 2432, 0, 0, 0
33001, 2624, 0, 0, 0
34000, 2626, 0, 0, 0
35000, 3072, 0, 0, 0
36001, 2048, 0, 0, 0
37001, 1792, 0, 0, 0
38000, 2882, 0, 0, 0
39001, 2368, 0, 0, 0
40001, 2944, 0, 0, 0
41000, 2690, 0, 0, 0
42000, 1344, 0, 0, 0
43001, 1472, 0, 0, 0
44001, 2496, 0, 0, 0
45000, 1857, 0, 0, 0
46000, 2752, 0, 0, 0
47001, 2560, 0, 0, 0
48000, 2562, 0, 0, 0
49000, 2624, 0, 0, 0
50001, 2048, 0, 0, 0
51001, 2944, 0, 0, 0
52000, 1921, 0, 0, 0
53000, 2880, 0, 0, 0
54001, 2624, 0, 0, 0
55001, 2496, 0, 0, 0
56000, 960, 0, 0, 0
57000, 2624, 0, 0, 0
58001, 1088, 0, 0, 0
59001, 2432, 0, 0, 0
60000, 2818, 0, 0, 0
61000, 1664, 0, 0, 0
62001, 3008, 0, 0, 0
63001, 3008, 0, 0, 0
64000, 2562, 0, 0, 0
65001, 2368, 0, 0, 0
66001, 2496, 0, 0, 0
67000, 1729, 0, 0, 0
68000, 1152, 0, 0, 0
69001, 3136, 0, 0, 0
70001, 2496, 0, 0, 0
71000, 2946, 0, 0, 0
72001, 2368, 0, 0, 0
73001, 2048, 0, 0, 0
74000, 2562, 0, 0, 0
75000, 2560, 0, 0, 0
76001, 3008, 0, 0, 0
77001, 2176, 0, 0, 0
78000, 1729, 0, 0, 0
79000, 2176, 0, 0, 0
80001, 2112, 0, 0, 0
81000, 2498, 0, 0, 0
82000, 2048, 0, 0, 0
83001, 2880, 0, 0, 0
84000, 2114, 0, 0, 0
85000, 1920, 0, 0, 0
86001, 1600, 0, 0, 0
87001, 2240, 0, 0, 0
88000, 1729, 0, 0, 0
89000, 2624, 0, 0, 0
90001, 1088, 0, 0, 0
91000, 2370, 0, 0, 0
92000, 2176, 0, 0, 0
93001, 2816, 0, 0, 0
94001, 2560, 0, 0, 0
95000, 2370, 0, 0, 0
96000, 2176, 0, 0, 0
97001, 1728, 0, 0, 0
98001, 2624, 0, 0, 0
99000, 2114, 0, 0, 0
100001, 1728, 0, 0, 0
101001, 2368, 0, 0, 0
102000, 2370, 0, 0, 0
103000, 2176, 0, 0, 0
104001, 3072, 0, 0, 0
105001, 1472, 0, 0, 0
106000, 2626, 0, 0, 0
107000, 2944, 0, 0, 0
108001, 3008, 0, 0, 0
109001, 2688, 0, 0, 0
110000, 1729, 0, 0, 0
111001, 3136, 0, 0, 0
112001, 2496, 0, 0, 0
113000, 2690, 0, 0, 0
114000, 2048, 0, 0, 0
115001, 1536, 0, 0, 0
116001, 1088, 0, 0, 0
117000, 2626, 0, 0, 0
118001, 1984, 0, 0, 0
119001, 3264, 0, 0, 0
120000, 2498, 0, 0, 0
121000, 1600, 0, 0, 0
122001, 1856, 0, 0, 0
123001, 3200, 0, 0, 0
124000, 2498, 0, 0, 0
125000, 1984, 0, 0, 0
126001, 1216, 0, 0, 0
127001, 1280, 0, 0, 0
128000, 1921, 0, 0, 0
129001, 2624, 0, 0, 0
130001, 3456, 0, 0, 0
131000, 2562, 0, 0, 0
132000, 3328, 0, 0, 0
133001, 2944, 0, 0, 0
134001, 2304, 0, 0, 0
135000, 1857, 0, 0, 0
136000, 1088, 0, 0, 0
137001, 2752, 0, 0, 0
138001, 2816, 0, 0, 0
139000, 3523, 0, 0, 0
140000, 3904, 0, 0, 0
141001, 2624, 0, 0, 0
142000, 2562, 0, 0, 0
143000, 3008, 0, 0, 0
144001, 2240, 0, 0, 0
145001, 3200, 0, 0, 0
146000, 1729, 0, 0, 0
147000, 1152, 0, 0, 0
148001, 3392, 0, 0, 0
149001, 3264, 0, 0, 0
150000, 1089, 0, 0, 0
151000, 3904, 0, 0, 0
152001, 1472, 0, 0, 0
153000, 2178, 0, 0, 0
154000, 3584, 0, 0, 0
155001, 2048, 0, 0, 0
156001, 2816, 0, 0, 0
157000, 2306, 0, 0, 0
158000, 1664, 0, 0, 0
159001, 1728, 0, 0, 0
160000, 1601, 0, 0, 0
161000, 2496, 0, 0, 0
162001, 1792, 0, 0, 0
163001, 2496, 0, 0, 0
164000, 2050, 0, 0, 0
165000, 2880, 0, 0, 0
166001, 2112, 0, 0, 0
167001, 2432, 0, 0, 0
168000, 896, 0, 0, 0
169000, 3008, 0, 0, 0
170001, 1984, 0, 0, 0
171001, 2176, 0, 0, 0
172000, 2050, 0, 0, 0
173000, 2368, 0, 0, 0
174001, 2368, 0, 0, 0
175001, 1984, 0, 0, 0
176000, 2626, 0, 0, 0
177000, 2496, 0, 0, 0
178001, 1664, 0, 0, 0
179000, 1921, 0, 0, 0
180000, 2688, 0, 0, 0
