5000, 1025, 0, 0, 0
6000, 2368, 0, 0, 0
7000, 1408, 0, 0, 0
8000, 2242, 0, 0, 0
9000, 1280, 0, 0, 0
10000, 3008, 0, 0, 0
11000, 2368, 0, 0, 0
12000, 2754, 0, 0, 0
13000, 2688, 0, 0, 0
14000, 1728, 0, 0, 0
15000, 1984, 0, 0, 0
16000, 2754, 0, 0, 0
17000, 1728, 0, 0, 0
18000, 1536, 0, 0, 0
19001, 1344, 0, 0, 0
20000, 2498, 0, 0, 0
21000, 3072, 0, 0, 0
22000, 1856, 0, 0, 0
23000, 2882, 0, 0, 0
24000, 2048, 0, 0, 0
25000, 2816, 0, 0, 0
26001, 2496, 0, 0, 0
27000, 1089, 0, 0, 0
28000, 3456, 0, 0, 0
29000, 2752, 0, 0, 0
30001, 2688, 0, 0, 0
31000, 3395, 0, 0, 0
32000, 2496, 0, 0, 0
33000, 1600, 0, 0, 0
34000, 2498, 0, 0, 0
35000, 2496, 0, 0, 0
36000, 4288, 0, 0, 0
37001, 3136, 0, 0, 0
38000, 1345, 0, 0, 0
39000, 3776, 0, 0, 0
40000, 3392, 0, 0, 0
41000, 3011, 0, 0, 0
42000, 3200, 0, 0, 0
43000, 2816, 0, 0, 0
44001, 2112, 0, 0, 0
45000, 1857, 0, 0, 0
46000, 1088, 0, 0, 0
47000, 1792, 0, 0, 0
48000, 3651, 0, 0, 0
49000, 2880, 0, 0, 0
50000, 1920, 0, 0, 0
51000, 2880, 0, 0, 0
52000, 2818, 0, 0, 0
53000, 1984, 0, 0, 0
54000, 2752, 0, 0, 0
55000, 2944, 0, 0, 0
56000, 1793, 0, 0, 0
57000, 2816, 0, 0, 0
58000, 1856, 0, 0, 0
59001, 2688, 0, 0, 0
60000, 3267, 0, 0, 0
61000, 1600, 0, 0, 0
62000, 1408, 0, 0, 0
63001, 2688, 0, 0, 0
64000, 2306, 0, 0, 0
65000, 2496, 0, 0, 0
66000, 2176, 0, 0, 0
67000, 2242, 0, 0, 0
68000, 2624, 0, 0, 0
69000, 2176, 0, 0, 0
70001, 2176, 0, 0, 0
71000, 1665, 0, 0, 0
72000, 1472, 0, 0, 0
73000, 2880, 0, 0, 0
74000, 2242, 0, 0, 0
75000, 3264, 0, 0, 0
76000, 2816, 0, 0, 0
77001, 1792, 0, 0, 0
78000, 2434, 0, 0, 0
79000, 2048, 0, 0, 0
80000, 3072, 0, 0, 0
81000, 2562, 0, 0, 0
82000, 1920, 0, 0, 0
83000, 2112, 0, 0, 0
84000, 2818, 0, 0, 0
85000, 2240, 0, 0, 0
86000, 1280, 0, 0, 0
87000, 2496, 0, 0, 0
88000, 1921, 0, 0, 0
89000, 2112, 0, 0, 0
90000, 1152, 0, 0, 0
91000, 2818, 0, 0, 0
92000, 2944, 0, 0, 0
93000, 2432, 0, 0, 0
94000, 1792, 0, 0, 0
95000, 1985, 0, 0, 0
96000, 2624, 0, 0, 0
97000, 2688, 0, 0, 0
98001, 2368, 0, 0, 0
99000, 1729, 0, 0, 0
100000, 2496, 0, 0, 0
101000, 2176, 0, 0, 0
102000, 1345, 0, 0, 0
103000, 1408, 0, 0, 0
104000, 2112, 0, 0, 0
105000, 1472, 0, 0, 0
106000, 1793, 0, 0, 0
107000, 2944, 0, 0, 0
108000, 2752, 0, 0, 0
109001, 3328, 0, 0, 0
110000, 1921, 0, 0, 0
111000, 2688, 0, 0, 0
112000, 1728, 0, 0, 0
113000, 3843, 0, 0, 0
114000, 2176, 0, 0, 0
115000, 2624, 0, 0, 0
116000, 2304, 0, 0, 0
117000, 2434, 0, 0, 0
118000, 1920, 0, 0, 0
119000, 1984, 0, 0, 0
120000, 2434, 0, 0, 0
121000, 2752, 0, 0, 0
122000, 896, 0, 0, 0
123000, 3136, 0, 0, 0
124000, 2114, 0, 0, 0
125000, 2496, 0, 0, 0
126000, 2432, 0, 0, 0
127001, 2496, 0, 0, 0
128000, 2626, 0, 0, 0
129000, 1024, 0, 0, 0
130000, 2880, 0, 0, 0
131000, 1857, 0, 0, 0
132000, 2240, 0, 0, 0
133000, 2816, 0, 0, 0
134000, 2304, 0, 0, 0
135000, 1537, 0, 0, 0
136000, 1536, 0, 0, 0
137000, 2304, 0, 0, 0
138001, 1856, 0, 0, 0
139000, 896, 0, 0, 0
140000, 3264, 0, 0, 0
141000, 1728, 0, 0, 0
142000, 2306, 0, 0, 0
143000, 3392, 0, 0, 0
144000, 3456, 0, 0, 0
145000, 2432, 0, 0, 0
146000, 2754, 0, 0, 0
147000, 3648, 0, 0, 0
148000, 2624, 0, 0, 0
149000, 3776, 0, 0, 0
150000, 1857, 0, 0, 0
151000, 2432, 0, 0, 0
152000, 2176, 0, 0, 0
153000, 1345, 0, 0, 0
154000, 3200, 0, 0, 0
155000, 1856, 0, 0, 0
156001, 3008, 0, 0, 0
157000, 2370, 0, 0, 0
158000, 1792, 0, 0, 0
159000, 1664, 0, 0, 0
160000, 2562, 0, 0, 0
161000, 1472, 0, 0, 0
162000, 2112, 0, 0, 0
163000, 2560, 0, 0, 0
164000, 2242, 0, 0, 0
165000, 2496, 0, 0, 0
166000, 1728, 0, 0, 0
167000, 2880, 0, 0, 0
168000, 2882, 0, 0, 0
169000, 2752, 0, 0, 0
170000, 2048, 0, 0, 0
171000, 1984, 0, 0, 0
172000, 3011, 0, 0, 0
173000, 3328, 0, 0, 0
174000, 2368, 0, 0, 0
175001, 2368, 0, 0, 0
176000, 2178, 0, 0, 0
177000, 2624, 0, 0, 0
178000, 2368, 0, 0, 0
179000, 1729, 0, 0, 0
180000, 3328, 0, 0, 0
