3000, 832, 0, 0, 0
4001, 4288, 0, 0, 0
5000, 3267, 0, 0, 0
6000, 4544, 0, 0, 0
7000, 2560, 0, 0, 0
8000, 2562, 0, 0, 0
9000, 3200, 0, 0, 0
10000, 3328, 0, 0, 0
11001, 3584, 0, 0, 0
12000, 3779, 0, 0, 0
13000, 3264, 0, 0, 0
14000, 2176, 0, 0, 0
15001, 2816, 0, 0, 0
16000, 2242, 0, 0, 0
17000, 2944, 0, 0, 0
18000, 2816, 0, 0, 0
19001, 2560, 0, 0, 0
20000, 2946, 0, 0, 0
21000, 3968, 0, 0, 0
22000, 2944, 0, 0, 0
23000, 3267, 0, 0, 0
24000, 2688, 0, 0, 0
25000, 2432, 0, 0, 0
26001, 2176, 0, 0, 0
27000, 1601, 0, 0, 0
28000, 3200, 0, 0, 0
29000, 3712, 0, 0, 0
30001, 3264, 0, 0, 0
31000, 4228, 0, 0, 0
32000, 2368, 0, 0, 0
33000, 3456, 0, 0, 0
34000, 3459, 0, 0, 0
35000, 3136, 0, 0, 0
36000, 2432, 0, 0, 0
37001, 3520, 0, 0, 0
38000, 3203, 0, 0, 0
39000, 2880, 0, 0, 0
40000, 4160, 0, 0, 0
41000, 3139, 0, 0, 0
42000, 3136, 0, 0, 0
43000, 1920, 0, 0, 0
44001, 1920, 0, 0, 0
45000, 2498, 0, 0, 0
46000, 3072, 0, 0, 0
47000, 3328, 0, 0, 0
48000, 3011, 0, 0, 0
49000, 3264, 0, 0, 0
50000, 2944, 0, 0, 0
51000, 3840, 0, 0, 0
52000, 2114, 0, 0, 0
53000, 2880, 0, 0, 0
54000, 3136, 0, 0, 0
55000, 3776, 0, 0, 0
56000, 2178, 0, 0, 0
57000, 2880, 0, 0, 0
58000, 3712, 0, 0, 0
59001, 3136, 0, 0, 0
60000, 3779, 0, 0, 0
61000, 1792, 0, 0, 0
62000, 2752, 0, 0, 0
63001, 3840, 0, 0, 0
64000, 3587, 0, 0, 0
65000, 2240, 0, 0, 0
66000, 3264, 0, 0, 0
67000, 4228, 0, 0, 0
68000, 3264, 0, 0, 0
69000, 3200, 0, 0, 0
70001, 3968, 0, 0, 0
71000, 2690, 0, 0, 0
72000, 3584, 0, 0, 0
73000, 4352, 0, 0, 0
74000, 3715, 0, 0, 0
75000, 2432, 0, 0, 0
76000, 3328, 0, 0, 0
77001, 2176, 0, 0, 0
78000, 3587, 0, 0, 0
79000, 3712, 0, 0, 0
80000, 3264, 0, 0, 0
81000, 2626, 0, 0, 0
82000, 2880, 0, 0, 0
83000, 2624, 0, 0, 0
84000, 2882, 0, 0, 0
85000, 3392, 0, 0, 0
86000, 2368, 0, 0, 0
87001, 2944, 0, 0, 0
88000, 2562, 0, 0, 0
89000, 4608, 0, 0, 0
90000, 3136, 0, 0, 0
91000, 4932, 0, 0, 0
92000, 4224, 0, 0, 0
93000, 3520, 0, 0, 0
94001, 2880, 0, 0, 0
95000, 3715, 0, 0, 0
96000, 2496, 0, 0, 0
97000, 3008, 0, 0, 0
98001, 2752, 0, 0, 0
99000, 3651, 0, 0, 0
100000, 3712, 0, 0, 0
101000, 3328, 0, 0, 0
102000, 3523, 0, 0, 0
103000, 2880, 0, 0, 0
104000, 3520, 0, 0, 0
105001, 2752, 0, 0, 0
106000, 2498, 0, 0, 0
107000, 2688, 0, 0, 0
108000, 2752, 0, 0, 0
109001, 3968, 0, 0, 0
110000, 4868, 0, 0, 0
111000, 2432, 0, 0, 0
112000, 2368, 0, 0, 0
113000, 2754, 0, 0, 0
114000, 2816, 0, 0, 0
115000, 3200, 0, 0, 0
116001, 640, 0, 0, 0
117000, 3011, 0, 0, 0
118000, 3008, 0, 0, 0
119000, 3264, 0, 0, 0
120000, 2690, 0, 0, 0
121000, 3520, 0, 0, 0
122000, 2176, 0, 0, 0
123000, 3328, 0, 0, 0
124000, 3203, 0, 0, 0
125000, 1536, 0, 0, 0
126000, 4224, 0, 0, 0
127001, 3712, 0, 0, 0
128000, 3395, 0, 0, 0
129000, 3840, 0, 0, 0
130000, 3840, 0, 0, 0
131000, 3395, 0, 0, 0
132000, 2496, 0, 0, 0
133000, 3328, 0, 0, 0
134000, 4864, 0, 0, 0
135000, 3715, 0, 0, 0
136000, 2752, 0, 0, 0
137000, 4288, 0, 0, 0
138001, 3264, 0, 0, 0
139000, 6854, 0, 0, 0
140000, 5568, 0, 0, 0
141000, 4672, 0, 0, 0
142000, 3523, 0, 0, 0
143000, 3136, 0, 0, 0
144000, 2944, 0, 0, 0
145001, 3008, 0, 0, 0
146000, 3395, 0, 0, 0
147000, 4160, 0, 0, 0
148000, 2688, 0, 0, 0
149001, 2112, 0, 0, 0
150000, 2882, 0, 0, 0
151000, 4160, 0, 0, 0
152000, 2944, 0, 0, 0
153000, 5637, 0, 0, 0
154000, 2496, 0, 0, 0
155000, 3072, 0, 0, 0
156001, 3968, 0, 0, 0
157000, 2882, 0, 0, 0
158000, 3328, 0, 0, 0
159000, 3392, 0, 0, 0
160000, 2562, 0, 0, 0
161000, 1600, 0, 0, 0
162000, 3776, 0, 0, 0
163000, 3520, 0, 0, 0
164000, 4036, 0, 0, 0
165000, 3328, 0, 0, 0
166000, 3520, 0, 0, 0
167001, 3072, 0, 0, 0
168000, 4100, 0, 0, 0
169000, 1024, 0, 0, 0
170000, 3328, 0, 0, 0
171001, 3904, 0, 0, 0
172000, 3651, 0, 0, 0
173000, 3136, 0, 0, 0
174000, 3136, 0, 0, 0
175001, 2240, 0, 0, 0
176000, 3395, 0, 0, 0
177000, 3264, 0, 0, 0
178000, 2752, 0, 0, 0
179000, 2626, 0, 0, 0
180000, 3136, 0, 0, 0
