1000, 66048, 0, 0, 0
2000, 103168, 0, 0, 0
3001, 85504, 0, 0, 0
4000, 100452, 0, 0, 0
5000, 96000, 0, 0, 0
6001, 98816, 0, 0, 0
7000, 98146, 0, 0, 0
8000, 100864, 0, 0, 0
9000, 109421, 0, 0, 0
10000, 93440, 0, 0, 0
11001, 95232, 0, 0, 0
12000, 98914, 0, 0, 0
13000, 102912, 0, 0, 0
14001, 101120, 0, 0, 0
15000, 101989, 0, 0, 0
16000, 93440, 0, 0, 0
17001, 96768, 0, 0, 0
18000, 105833, 0, 0, 0
19000, 94464, 0, 0, 0
20001, 97280, 0, 0, 0
21000, 89689, 0, 0, 0
22000, 99328, 0, 0, 0
23001, 90624, 0, 0, 0
24000, 101221, 0, 0, 0
25000, 100352, 0, 0, 0
26000, 107115, 0, 0, 0
27000, 99840, 0, 0, 0
28001, 97024, 0, 0, 0
29000, 95071, 0, 0, 0
30000, 99584, 0, 0, 0
31001, 100096, 0, 0, 0
32000, 95071, 0, 0, 0
33000, 96512, 0, 0, 0
34001, 101120, 0, 0, 0
35000, 85333, 0, 0, 0
36000, 90880, 0, 0, 0
37001, 102400, 0, 0, 0
38000, 97633, 0, 0, 0
39001, 99072, 0, 0, 0
40000, 109421, 0, 0, 0
41000, 95232, 0, 0, 0
42001, 99584, 0, 0, 0
43000, 97377, 0, 0, 0
44000, 108544, 0, 0, 0
45001, 100352, 0, 0, 0
46000, 98146, 0, 0, 0
47000, 95232, 0, 0, 0
48001, 96768, 0, 0, 0
49000, 98914, 0, 0, 0
50000, 96000, 0, 0, 0
51001, 105728, 0, 0, 0
52000, 88152, 0, 0, 0
53000, 97792, 0, 0, 0
54001, 101120, 0, 0, 0
55000, 91995, 0, 0, 0
56000, 94208, 0, 0, 0
57001, 101888, 0, 0, 0
58000, 95071, 0, 0, 0
59000, 102656, 0, 0, 0
60001, 94976, 0, 0, 0
61000, 96352, 0, 0, 0
62000, 99072, 0, 0, 0
63001, 85504, 0, 0, 0
64000, 83027, 0, 0, 0
65000, 99840, 0, 0, 0
66001, 92416, 0, 0, 0
67000, 99939, 0, 0, 0
68000, 88576, 0, 0, 0
69001, 93952, 0, 0, 0
70000, 93533, 0, 0, 0
71001, 98304, 0, 0, 0
72001, 95232, 0, 0, 0
73000, 93533, 0, 0, 0
74001, 100864, 0, 0, 0
75000, 95839, 0, 0, 0
76000, 92160, 0, 0, 0
77001, 101632, 0, 0, 0
78000, 97633, 0, 0, 0
79000, 91648, 0, 0, 0
80001, 118016, 0, 0, 0
81000, 100708, 0, 0, 0
82000, 98048, 0, 0, 0
83001, 99072, 0, 0, 0
84000, 90202, 0, 0, 0
85000, 95488, 0, 0, 0
86001, 95488, 0, 0, 0
87000, 101477, 0, 0, 0
88000, 94720, 0, 0, 0
89001, 98304, 0, 0, 0
90000, 94814, 0, 0, 0
91000, 94976, 0, 0, 0
92001, 97792, 0, 0, 0
93000, 104808, 0, 0, 0
94001, 90112, 0, 0, 0
95001, 99072, 0, 0, 0
96000, 100452, 0, 0, 0
97001, 105728, 0, 0, 0
98001, 97536, 0, 0, 0
99000, 90458, 0, 0, 0
100001, 96256, 0, 0, 0
101000, 101989, 0, 0, 0
102000, 102656, 0, 0, 0
103001, 111104, 0, 0, 0
104000, 95839, 0, 0, 0
105000, 94720, 0, 0, 0
106001, 103424, 0, 0, 0
107000, 98914, 0, 0, 0
108000, 97536, 0, 0, 0
109001, 87552, 0, 0, 0
110000, 101221, 0, 0, 0
111000, 93184, 0, 0, 0
112001, 99072, 0, 0, 0
113000, 95071, 0, 0, 0
114000, 93440, 0, 0, 0
115001, 89088, 0, 0, 0
116000, 107627, 0, 0, 0
117000, 102656, 0, 0, 0
118001, 98560, 0, 0, 0
119000, 87895, 0, 0, 0
120000, 99328, 0, 0, 0
121001, 88064, 0, 0, 0
122000, 102246, 0, 0, 0
123001, 100096, 0, 0, 0
124001, 90624, 0, 0, 0
125000, 97889, 0, 0, 0
126001, 93184, 0, 0, 0
127001, 90112, 0, 0, 0
128000, 99683, 0, 0, 0
129001, 106496, 0, 0, 0
130001, 86528, 0, 0, 0
131000, 97633, 0, 0, 0
132001, 87296, 0, 0, 0
133000, 95583, 0, 0, 0
134000, 91136, 0, 0, 0
135001, 95488, 0, 0, 0
136000, 101221, 0, 0, 0
137000, 95744, 0, 0, 0
138001, 102144, 0, 0, 0
139000, 92508, 0, 0, 0
140001, 104704, 0, 0, 0
141000, 100452, 0, 0, 0
142000, 97792, 0, 0, 0
143000, 83200, 0, 0, 0
144001, 93184, 0, 0, 0
145000, 100196, 0, 0, 0
146000, 98816, 0, 0, 0
147001, 107520, 0, 0, 0
148000, 104040, 0, 0, 0
149001, 101120, 0, 0, 0
150000, 107627, 0, 0, 0
151000, 96768, 0, 0, 0
152001, 100608, 0, 0, 0
153000, 92508, 0, 0, 0
154000, 96256, 0, 0, 0
155001, 92672, 0, 0, 0
156000, 93789, 0, 0, 0
157001, 100864, 0, 0, 0
158000, 96864, 0, 0, 0
159000, 85504, 0, 0, 0
160001, 108032, 0, 0, 0
161000, 99939, 0, 0, 0
162000, 92160, 0, 0, 0
163001, 103936, 0, 0, 0
164000, 89433, 0, 0, 0
165000, 92672, 0, 0, 0
166001, 89088, 0, 0, 0
167000, 94046, 0, 0, 0
168000, 103168, 0, 0, 0
169001, 93952, 0, 0, 0
170000, 97633, 0, 0, 0
171000, 102144, 0, 0, 0
172001, 94976, 0, 0, 0
173000, 99427, 0, 0, 0
174000, 97280, 0, 0, 0
175001, 95232, 0, 0, 0
176000, 95071, 0, 0, 0
177001, 97280, 0, 0, 0
178001, 93440, 0, 0, 0
179000, 89177, 0, 0, 0
