1000, 18450, 0, 0, 0
2000, 49920, 0, 0, 0
3000, 45568, 0, 0, 0
4000, 52276, 0, 0, 0
5000, 49152, 0, 0, 0
6001, 48640, 0, 0, 0
7000, 49713, 0, 0, 0
8000, 48128, 0, 0, 0
9000, 42026, 0, 0, 0
10000, 44800, 0, 0, 0
11000, 45824, 0, 0, 0
12000, 46894, 0, 0, 0
13000, 38400, 0, 0, 0
14001, 46336, 0, 0, 0
15000, 54582, 0, 0, 0
16000, 50432, 0, 0, 0
17001, 49664, 0, 0, 0
18000, 46382, 0, 0, 0
19000, 46336, 0, 0, 0
20001, 53504, 0, 0, 0
21000, 49969, 0, 0, 0
22000, 51200, 0, 0, 0
23001, 48384, 0, 0, 0
24000, 56632, 0, 0, 0
25000, 49664, 0, 0, 0
26000, 47663, 0, 0, 0
27000, 50944, 0, 0, 0
28000, 45312, 0, 0, 0
29000, 49457, 0, 0, 0
30000, 44288, 0, 0, 0
31000, 48640, 0, 0, 0
32000, 49457, 0, 0, 0
33000, 41472, 0, 0, 0
34000, 42752, 0, 0, 0
35000, 41769, 0, 0, 0
36000, 44544, 0, 0, 0
37001, 47104, 0, 0, 0
38000, 54326, 0, 0, 0
39000, 47104, 0, 0, 0
40000, 44588, 0, 0, 0
41000, 50944, 0, 0, 0
42000, 51200, 0, 0, 0
43000, 48176, 0, 0, 0
44000, 43776, 0, 0, 0
45000, 45056, 0, 0, 0
46000, 48688, 0, 0, 0
47000, 46080, 0, 0, 0
48000, 50944, 0, 0, 0
49000, 51251, 0, 0, 0
50000, 43008, 0, 0, 0
51000, 49920, 0, 0, 0
52000, 40488, 0, 0, 0
53000, 54016, 0, 0, 0
54001, 43008, 0, 0, 0
55000, 49201, 0, 0, 0
56000, 34816, 0, 0, 0
57001, 48384, 0, 0, 0
58000, 48176, 0, 0, 0
59000, 45312, 0, 0, 0
60000, 39936, 0, 0, 0
61000, 55863, 0, 0, 0
62000, 46080, 0, 0, 0
63000, 45056, 0, 0, 0
64000, 57913, 0, 0, 0
65000, 47872, 0, 0, 0
66001, 43008, 0, 0, 0
67000, 44332, 0, 0, 0
68000, 54016, 0, 0, 0
69001, 38912, 0, 0, 0
70000, 43819, 0, 0, 0
71000, 48128, 0, 0, 0
72001, 46592, 0, 0, 0
73000, 42794, 0, 0, 0
74000, 52480, 0, 0, 0
75000, 46638, 0, 0, 0
76000, 51456, 0, 0, 0
77000, 48896, 0, 0, 0
78000, 50738, 0, 0, 0
79000, 46848, 0, 0, 0
80000, 46848, 0, 0, 0
81000, 53045, 0, 0, 0
82000, 42752, 0, 0, 0
83000, 42496, 0, 0, 0
84000, 42026, 0, 0, 0
85000, 51456, 0, 0, 0
86001, 48640, 0, 0, 0
87000, 55863, 0, 0, 0
88000, 56320, 0, 0, 0
89001, 41728, 0, 0, 0
90000, 49201, 0, 0, 0
91000, 49152, 0, 0, 0
92001, 48640, 0, 0, 0
93000, 45613, 0, 0, 0
94000, 36864, 0, 0, 0
95001, 50688, 0, 0, 0
96000, 45357, 0, 0, 0
97000, 48896, 0, 0, 0
98001, 50432, 0, 0, 0
99000, 43307, 0, 0, 0
100000, 51456, 0, 0, 0
101000, 51507, 0, 0, 0
102000, 47104, 0, 0, 0
103000, 43264, 0, 0, 0
104000, 54326, 0, 0, 0
105000, 43776, 0, 0, 0
106000, 43776, 0, 0, 0
107000, 43051, 0, 0, 0
108000, 47616, 0, 0, 0
109000, 39424, 0, 0, 0
110000, 44844, 0, 0, 0
111000, 48384, 0, 0, 0
112000, 43008, 0, 0, 0
113000, 50738, 0, 0, 0
114000, 48640, 0, 0, 0
115000, 47104, 0, 0, 0
116000, 55863, 0, 0, 0
117000, 60928, 0, 0, 0
118000, 51456, 0, 0, 0
119000, 50226, 0, 0, 0
120000, 44800, 0, 0, 0
121001, 46592, 0, 0, 0
122000, 46638, 0, 0, 0
123000, 50688, 0, 0, 0
124001, 46848, 0, 0, 0
125000, 45869, 0, 0, 0
126000, 52992, 0, 0, 0
127001, 52736, 0, 0, 0
128000, 41513, 0, 0, 0
129000, 50432, 0, 0, 0
130001, 38912, 0, 0, 0
131000, 51507, 0, 0, 0
132000, 47616, 0, 0, 0
133000, 49713, 0, 0, 0
134000, 48384, 0, 0, 0
135000, 46336, 0, 0, 0
136000, 48944, 0, 0, 0
137000, 49152, 0, 0, 0
138001, 46848, 0, 0, 0
139000, 52276, 0, 0, 0
140000, 41472, 0, 0, 0
141000, 47151, 0, 0, 0
142000, 52736, 0, 0, 0
143000, 40192, 0, 0, 0
144001, 51456, 0, 0, 0
145000, 48944, 0, 0, 0
146000, 50688, 0, 0, 0
147001, 52736, 0, 0, 0
148000, 46126, 0, 0, 0
149000, 50944, 0, 0, 0
150000, 50226, 0, 0, 0
151000, 45824, 0, 0, 0
152000, 45824, 0, 0, 0
153000, 56888, 0, 0, 0
154000, 38144, 0, 0, 0
155001, 47360, 0, 0, 0
156000, 45613, 0, 0, 0
157000, 51712, 0, 0, 0
158000, 48176, 0, 0, 0
159000, 51712, 0, 0, 0
160000, 54272, 0, 0, 0
161000, 50994, 0, 0, 0
162000, 47360, 0, 0, 0
163001, 51712, 0, 0, 0
164000, 50226, 0, 0, 0
165000, 51712, 0, 0, 0
166001, 50432, 0, 0, 0
167000, 48176, 0, 0, 0
168000, 43008, 0, 0, 0
169001, 39936, 0, 0, 0
170000, 50994, 0, 0, 0
171000, 51200, 0, 0, 0
172001, 57088, 0, 0, 0
173000, 57913, 0, 0, 0
174000, 55296, 0, 0, 0
175001, 47360, 0, 0, 0
176000, 47919, 0, 0, 0
177000, 51968, 0, 0, 0
178001, 41728, 0, 0, 0
179000, 51251, 0, 0, 0
180000, 54528, 0, 0, 0
