1000, 13837, 0, 0, 0
2000, 44544, 0, 0, 0
3000, 45312, 0, 0, 0
4000, 48176, 0, 0, 0
5000, 46848, 0, 0, 0
6001, 53760, 0, 0, 0
7000, 42538, 0, 0, 0
8000, 48640, 0, 0, 0
9000, 48432, 0, 0, 0
10000, 55808, 0, 0, 0
11000, 51968, 0, 0, 0
12000, 49713, 0, 0, 0
13000, 53760, 0, 0, 0
14001, 52224, 0, 0, 0
15000, 48688, 0, 0, 0
16000, 47360, 0, 0, 0
17001, 44288, 0, 0, 0
18000, 52020, 0, 0, 0
19000, 50432, 0, 0, 0
20001, 43520, 0, 0, 0
21000, 46126, 0, 0, 0
22000, 36352, 0, 0, 0
23001, 47616, 0, 0, 0
24000, 55351, 0, 0, 0
25000, 48896, 0, 0, 0
26000, 48688, 0, 0, 0
27000, 46592, 0, 0, 0
28001, 40704, 0, 0, 0
29000, 49201, 0, 0, 0
30000, 46592, 0, 0, 0
31001, 53760, 0, 0, 0
32000, 50738, 0, 0, 0
33000, 49408, 0, 0, 0
34001, 48384, 0, 0, 0
35000, 48688, 0, 0, 0
36000, 40704, 0, 0, 0
37001, 54784, 0, 0, 0
38000, 49713, 0, 0, 0
39000, 47616, 0, 0, 0
40000, 43051, 0, 0, 0
41000, 49152, 0, 0, 0
42000, 38144, 0, 0, 0
43000, 44076, 0, 0, 0
44000, 50432, 0, 0, 0
45000, 35328, 0, 0, 0
46000, 38950, 0, 0, 0
47000, 49408, 0, 0, 0
48001, 48384, 0, 0, 0
49000, 52532, 0, 0, 0
50000, 49408, 0, 0, 0
51001, 55808, 0, 0, 0
52000, 55351, 0, 0, 0
53000, 57344, 0, 0, 0
54001, 43776, 0, 0, 0
55000, 50738, 0, 0, 0
56000, 54528, 0, 0, 0
57001, 48128, 0, 0, 0
58000, 48176, 0, 0, 0
59000, 49920, 0, 0, 0
60001, 46080, 0, 0, 0
61000, 48944, 0, 0, 0
62000, 51968, 0, 0, 0
63001, 45056, 0, 0, 0
64000, 55351, 0, 0, 0
65000, 47872, 0, 0, 0
66001, 47872, 0, 0, 0
67000, 44076, 0, 0, 0
68000, 44544, 0, 0, 0
69001, 53248, 0, 0, 0
70000, 43819, 0, 0, 0
71000, 53760, 0, 0, 0
72001, 45568, 0, 0, 0
73000, 50226, 0, 0, 0
74000, 49920, 0, 0, 0
75000, 41001, 0, 0, 0
76000, 51456, 0, 0, 0
77001, 49664, 0, 0, 0
78000, 59195, 0, 0, 0
79000, 54272, 0, 0, 0
80001, 50688, 0, 0, 0
81000, 48176, 0, 0, 0
82000, 48384, 0, 0, 0
83001, 48384, 0, 0, 0
84000, 47919, 0, 0, 0
85000, 44800, 0, 0, 0
86001, 46080, 0, 0, 0
87000, 44844, 0, 0, 0
88000, 43776, 0, 0, 0
89001, 48128, 0, 0, 0
90000, 47151, 0, 0, 0
91000, 56064, 0, 0, 0
92001, 53248, 0, 0, 0
93000, 42538, 0, 0, 0
94000, 44544, 0, 0, 0
95001, 58880, 0, 0, 0
96000, 40488, 0, 0, 0
97000, 41472, 0, 0, 0
98001, 51968, 0, 0, 0
99000, 52276, 0, 0, 0
100000, 49152, 0, 0, 0
101000, 50738, 0, 0, 0
102000, 43264, 0, 0, 0
103000, 55808, 0, 0, 0
104000, 45357, 0, 0, 0
105000, 52736, 0, 0, 0
106000, 48384, 0, 0, 0
107000, 51507, 0, 0, 0
108000, 49408, 0, 0, 0
109000, 49152, 0, 0, 0
110000, 51507, 0, 0, 0
111000, 41216, 0, 0, 0
112001, 43520, 0, 0, 0
113000, 38182, 0, 0, 0
114000, 47360, 0, 0, 0
115001, 36608, 0, 0, 0
116000, 51507, 0, 0, 0
117000, 48128, 0, 0, 0
118001, 50944, 0, 0, 0
119000, 54838, 0, 0, 0
120000, 45056, 0, 0, 0
121001, 49408, 0, 0, 0
122000, 56888, 0, 0, 0
123000, 45824, 0, 0, 0
124001, 46848, 0, 0, 0
125000, 45869, 0, 0, 0
126000, 48896, 0, 0, 0
127001, 46080, 0, 0, 0
128000, 60220, 0, 0, 0
129000, 54016, 0, 0, 0
130001, 44544, 0, 0, 0
131000, 45357, 0, 0, 0
132001, 56064, 0, 0, 0
133000, 49713, 0, 0, 0
134000, 45824, 0, 0, 0
135001, 51200, 0, 0, 0
136000, 44588, 0, 0, 0
137000, 45824, 0, 0, 0
138001, 44800, 0, 0, 0
139000, 49713, 0, 0, 0
140000, 51712, 0, 0, 0
141000, 43819, 0, 0, 0
142000, 50176, 0, 0, 0
143000, 47616, 0, 0, 0
144001, 50432, 0, 0, 0
145000, 47407, 0, 0, 0
146000, 50688, 0, 0, 0
147001, 44288, 0, 0, 0
148000, 48432, 0, 0, 0
149001, 46592, 0, 0, 0
150000, 44844, 0, 0, 0
151000, 53504, 0, 0, 0
152001, 45568, 0, 0, 0
153000, 46382, 0, 0, 0
154000, 51456, 0, 0, 0
155001, 55296, 0, 0, 0
156000, 47407, 0, 0, 0
157000, 47872, 0, 0, 0
158000, 48944, 0, 0, 0
159000, 50688, 0, 0, 0
160001, 49920, 0, 0, 0
161000, 50226, 0, 0, 0
162000, 50176, 0, 0, 0
163001, 46336, 0, 0, 0
164000, 41513, 0, 0, 0
165000, 47360, 0, 0, 0
166001, 54528, 0, 0, 0
167000, 39975, 0, 0, 0
168000, 53248, 0, 0, 0
169001, 49664, 0, 0, 0
170000, 52276, 0, 0, 0
171000, 49664, 0, 0, 0
172001, 49408, 0, 0, 0
173000, 48944, 0, 0, 0
174000, 50432, 0, 0, 0
175001, 43776, 0, 0, 0
176000, 52276, 0, 0, 0
177000, 58368, 0, 0, 0
178001, 45568, 0, 0, 0
179000, 53301, 0, 0, 0
180000, 45056, 0, 0, 0
