1000, 18450, 0, 0, 0
2000, 41728, 0, 0, 0
3000, 46080, 0, 0, 0
4000, 47663, 0, 0, 0
5000, 47104, 0, 0, 0
6001, 45056, 0, 0, 0
7000, 51251, 0, 0, 0
8000, 48640, 0, 0, 0
9000, 51507, 0, 0, 0
10000, 46080, 0, 0, 0
11000, 48384, 0, 0, 0
12000, 48176, 0, 0, 0
13000, 49920, 0, 0, 0
14001, 50432, 0, 0, 0
15000, 45357, 0, 0, 0
16000, 41984, 0, 0, 0
17001, 46336, 0, 0, 0
18000, 56888, 0, 0, 0
19000, 40192, 0, 0, 0
20001, 45312, 0, 0, 0
21000, 41769, 0, 0, 0
22000, 44544, 0, 0, 0
23001, 51456, 0, 0, 0
24000, 50226, 0, 0, 0
25000, 47616, 0, 0, 0
26000, 41001, 0, 0, 0
27000, 45568, 0, 0, 0
28000, 47872, 0, 0, 0
29000, 43307, 0, 0, 0
30000, 47104, 0, 0, 0
31000, 43776, 0, 0, 0
32000, 44076, 0, 0, 0
33000, 44288, 0, 0, 0
34000, 47872, 0, 0, 0
35000, 46382, 0, 0, 0
36000, 41216, 0, 0, 0
37001, 38144, 0, 0, 0
38000, 49713, 0, 0, 0
39000, 42240, 0, 0, 0
40000, 47919, 0, 0, 0
41000, 51968, 0, 0, 0
42000, 39680, 0, 0, 0
43000, 49457, 0, 0, 0
44000, 50176, 0, 0, 0
45000, 43520, 0, 0, 0
46000, 45357, 0, 0, 0
47000, 45056, 0, 0, 0
48000, 46080, 0, 0, 0
49000, 40488, 0, 0, 0
50000, 50176, 0, 0, 0
51000, 54016, 0, 0, 0
52000, 47919, 0, 0, 0
53000, 48896, 0, 0, 0
54001, 42496, 0, 0, 0
55000, 47663, 0, 0, 0
56000, 46336, 0, 0, 0
57001, 49664, 0, 0, 0
58000, 41257, 0, 0, 0
59000, 54784, 0, 0, 0
60000, 55552, 0, 0, 0
61000, 53045, 0, 0, 0
62000, 45568, 0, 0, 0
63001, 52224, 0, 0, 0
64000, 43051, 0, 0, 0
65000, 44288, 0, 0, 0
66001, 50176, 0, 0, 0
67000, 55351, 0, 0, 0
68000, 47872, 0, 0, 0
69001, 41216, 0, 0, 0
70000, 42026, 0, 0, 0
71000, 47104, 0, 0, 0
72001, 47360, 0, 0, 0
73000, 54070, 0, 0, 0
74000, 46848, 0, 0, 0
75000, 48944, 0, 0, 0
76000, 44544, 0, 0, 0
77000, 43264, 0, 0, 0
78000, 52020, 0, 0, 0
79000, 49408, 0, 0, 0
80000, 41728, 0, 0, 0
81000, 43051, 0, 0, 0
82000, 49408, 0, 0, 0
83001, 54272, 0, 0, 0
84000, 48944, 0, 0, 0
85000, 54016, 0, 0, 0
86001, 48640, 0, 0, 0
87000, 49457, 0, 0, 0
88000, 42496, 0, 0, 0
89001, 56064, 0, 0, 0
90000, 53813, 0, 0, 0
91000, 42240, 0, 0, 0
92001, 52992, 0, 0, 0
93000, 43819, 0, 0, 0
94000, 50944, 0, 0, 0
95001, 52992, 0, 0, 0
96000, 59963, 0, 0, 0
97000, 42752, 0, 0, 0
98001, 45312, 0, 0, 0
99000, 55607, 0, 0, 0
100000, 49408, 0, 0, 0
101000, 49457, 0, 0, 0
102000, 42496, 0, 0, 0
103000, 57856, 0, 0, 0
104000, 49969, 0, 0, 0
105000, 54016, 0, 0, 0
106000, 42752, 0, 0, 0
107000, 50482, 0, 0, 0
108000, 41472, 0, 0, 0
109000, 49408, 0, 0, 0
110000, 43307, 0, 0, 0
111000, 48128, 0, 0, 0
112000, 48128, 0, 0, 0
113000, 48176, 0, 0, 0
114000, 49152, 0, 0, 0
115000, 54016, 0, 0, 0
116000, 51763, 0, 0, 0
117000, 45312, 0, 0, 0
118001, 48384, 0, 0, 0
119000, 50482, 0, 0, 0
120000, 53248, 0, 0, 0
121001, 43776, 0, 0, 0
122000, 48432, 0, 0, 0
123000, 51200, 0, 0, 0
124001, 52224, 0, 0, 0
125000, 46638, 0, 0, 0
126000, 45312, 0, 0, 0
127001, 48896, 0, 0, 0
128000, 54582, 0, 0, 0
129000, 47360, 0, 0, 0
130001, 50944, 0, 0, 0
131000, 43563, 0, 0, 0
132000, 44032, 0, 0, 0
133000, 43563, 0, 0, 0
134000, 49664, 0, 0, 0
135000, 47360, 0, 0, 0
136000, 41001, 0, 0, 0
137000, 51712, 0, 0, 0
138001, 38656, 0, 0, 0
139000, 50738, 0, 0, 0
140000, 53504, 0, 0, 0
141000, 42282, 0, 0, 0
142000, 46848, 0, 0, 0
143000, 59904, 0, 0, 0
144001, 45312, 0, 0, 0
145000, 53813, 0, 0, 0
146000, 53760, 0, 0, 0
147001, 45824, 0, 0, 0
148000, 51251, 0, 0, 0
149000, 54016, 0, 0, 0
150000, 46638, 0, 0, 0
151000, 53248, 0, 0, 0
152001, 49152, 0, 0, 0
153000, 44332, 0, 0, 0
154000, 44800, 0, 0, 0
155001, 44288, 0, 0, 0
156000, 46638, 0, 0, 0
157000, 49152, 0, 0, 0
158000, 50482, 0, 0, 0
159000, 43520, 0, 0, 0
160000, 45824, 0, 0, 0
161000, 52532, 0, 0, 0
162000, 43776, 0, 0, 0
163001, 48896, 0, 0, 0
164000, 44844, 0, 0, 0
165000, 46336, 0, 0, 0
166001, 43264, 0, 0, 0
167000, 52532, 0, 0, 0
168000, 46336, 0, 0, 0
169001, 50944, 0, 0, 0
170000, 54326, 0, 0, 0
171000, 46080, 0, 0, 0
172001, 51456, 0, 0, 0
173000, 43051, 0, 0, 0
174000, 48384, 0, 0, 0
175001, 51200, 0, 0, 0
176000, 50482, 0, 0, 0
177000, 47872, 0, 0, 0
178001, 50944, 0, 0, 0
179000, 51251, 0, 0, 0
180000, 48384, 0, 0, 0
