1000, 73289, 0, 0, 0
2000, 90368, 0, 0, 0
3000, 96256, 0, 0, 0
4000, 88152, 0, 0, 0
5000, 94464, 0, 0, 0
6001, 88832, 0, 0, 0
7000, 101477, 0, 0, 0
8000, 98048, 0, 0, 0
9000, 97377, 0, 0, 0
10000, 101376, 0, 0, 0
11000, 91648, 0, 0, 0
12000, 90714, 0, 0, 0
13000, 87808, 0, 0, 0
14001, 100864, 0, 0, 0
15000, 106346, 0, 0, 0
16000, 103168, 0, 0, 0
17001, 101120, 0, 0, 0
18000, 106858, 0, 0, 0
19000, 88576, 0, 0, 0
20001, 97792, 0, 0, 0
21000, 104040, 0, 0, 0
22000, 100352, 0, 0, 0
23001, 100608, 0, 0, 0
24000, 90714, 0, 0, 0
25000, 107264, 0, 0, 0
26000, 90714, 0, 0, 0
27000, 90368, 0, 0, 0
28000, 98304, 0, 0, 0
29000, 106858, 0, 0, 0
30000, 94464, 0, 0, 0
31000, 102912, 0, 0, 0
32000, 106602, 0, 0, 0
33000, 102400, 0, 0, 0
34001, 89600, 0, 0, 0
35000, 102246, 0, 0, 0
36000, 97024, 0, 0, 0
37001, 102400, 0, 0, 0
38000, 96608, 0, 0, 0
39000, 88320, 0, 0, 0
40000, 90202, 0, 0, 0
41000, 104704, 0, 0, 0
42000, 102144, 0, 0, 0
43000, 88152, 0, 0, 0
44000, 88576, 0, 0, 0
45000, 98304, 0, 0, 0
46000, 95839, 0, 0, 0
47000, 101376, 0, 0, 0
48000, 97024, 0, 0, 0
49000, 90970, 0, 0, 0
50000, 91136, 0, 0, 0
51000, 87040, 0, 0, 0
52000, 92508, 0, 0, 0
53000, 97536, 0, 0, 0
54001, 99328, 0, 0, 0
55000, 90714, 0, 0, 0
56000, 104192, 0, 0, 0
57001, 100096, 0, 0, 0
58000, 99427, 0, 0, 0
59000, 93184, 0, 0, 0
60000, 100352, 0, 0, 0
61000, 104552, 0, 0, 0
62000, 88064, 0, 0, 0
63001, 86528, 0, 0, 0
64000, 95327, 0, 0, 0
65000, 100096, 0, 0, 0
66001, 96000, 0, 0, 0
67000, 105577, 0, 0, 0
68000, 96256, 0, 0, 0
69001, 99584, 0, 0, 0
70000, 106346, 0, 0, 0
71000, 97536, 0, 0, 0
72001, 95488, 0, 0, 0
73000, 104552, 0, 0, 0
74000, 106752, 0, 0, 0
75000, 87383, 0, 0, 0
76000, 93440, 0, 0, 0
77000, 100096, 0, 0, 0
78000, 97633, 0, 0, 0
79000, 90624, 0, 0, 0
80000, 102656, 0, 0, 0
81000, 91739, 0, 0, 0
82000, 96000, 0, 0, 0
83001, 97792, 0, 0, 0
84000, 111727, 0, 0, 0
85000, 89088, 0, 0, 0
86001, 90880, 0, 0, 0
87000, 93021, 0, 0, 0
88000, 93184, 0, 0, 0
89001, 103680, 0, 0, 0
90000, 94558, 0, 0, 0
91000, 95744, 0, 0, 0
92001, 92928, 0, 0, 0
93000, 91739, 0, 0, 0
94000, 89088, 0, 0, 0
95001, 111872, 0, 0, 0
96000, 96608, 0, 0, 0
97000, 94976, 0, 0, 0
98001, 99840, 0, 0, 0
99000, 102758, 0, 0, 0
100000, 100608, 0, 0, 0
101000, 99427, 0, 0, 0
102000, 102144, 0, 0, 0
103000, 90880, 0, 0, 0
104000, 90970, 0, 0, 0
105000, 89856, 0, 0, 0
106000, 95488, 0, 0, 0
107000, 96864, 0, 0, 0
108000, 103936, 0, 0, 0
109000, 96768, 0, 0, 0
110000, 96352, 0, 0, 0
111000, 104960, 0, 0, 0
112000, 86016, 0, 0, 0
113000, 103783, 0, 0, 0
114000, 93440, 0, 0, 0
115000, 101376, 0, 0, 0
116000, 88152, 0, 0, 0
117000, 100608, 0, 0, 0
118001, 100096, 0, 0, 0
119000, 99683, 0, 0, 0
120000, 95488, 0, 0, 0
121001, 96512, 0, 0, 0
122000, 92764, 0, 0, 0
123000, 85760, 0, 0, 0
124001, 101888, 0, 0, 0
125000, 90970, 0, 0, 0
126000, 95744, 0, 0, 0
127001, 89856, 0, 0, 0
128000, 86358, 0, 0, 0
129000, 102400, 0, 0, 0
130001, 98304, 0, 0, 0
131000, 87639, 0, 0, 0
132000, 97024, 0, 0, 0
133000, 90458, 0, 0, 0
134000, 98304, 0, 0, 0
135001, 92672, 0, 0, 0
136000, 101477, 0, 0, 0
137000, 94720, 0, 0, 0
138001, 106752, 0, 0, 0
139000, 96352, 0, 0, 0
140000, 103936, 0, 0, 0
141000, 94558, 0, 0, 0
142000, 93184, 0, 0, 0
143000, 99584, 0, 0, 0
144001, 105216, 0, 0, 0
145000, 96096, 0, 0, 0
146000, 96768, 0, 0, 0
147001, 95744, 0, 0, 0
148000, 91227, 0, 0, 0
149000, 96256, 0, 0, 0
150000, 103015, 0, 0, 0
151000, 101120, 0, 0, 0
152001, 93696, 0, 0, 0
153000, 111727, 0, 0, 0
154000, 96512, 0, 0, 0
155001, 100096, 0, 0, 0
156000, 99683, 0, 0, 0
157000, 96256, 0, 0, 0
158000, 94814, 0, 0, 0
159000, 97024, 0, 0, 0
160000, 94464, 0, 0, 0
161000, 95327, 0, 0, 0
162000, 92928, 0, 0, 0
163001, 93952, 0, 0, 0
164000, 101989, 0, 0, 0
165000, 82688, 0, 0, 0
166001, 107776, 0, 0, 0
167000, 107115, 0, 0, 0
168000, 81408, 0, 0, 0
169001, 98816, 0, 0, 0
170000, 103015, 0, 0, 0
171000, 94208, 0, 0, 0
172001, 106752, 0, 0, 0
173000, 94814, 0, 0, 0
174000, 95488, 0, 0, 0
175001, 86784, 0, 0, 0
176000, 91995, 0, 0, 0
177000, 100608, 0, 0, 0
178001, 104960, 0, 0, 0
179000, 94046, 0, 0, 0
