1000, 12556, 0, 0, 0
2000, 50432, 0, 0, 0
3000, 43520, 0, 0, 0
4000, 50738, 0, 0, 0
5000, 43008, 0, 0, 0
6001, 43776, 0, 0, 0
7000, 49713, 0, 0, 0
8000, 46592, 0, 0, 0
9000, 59195, 0, 0, 0
10000, 46592, 0, 0, 0
11000, 50688, 0, 0, 0
12000, 46638, 0, 0, 0
13000, 49408, 0, 0, 0
14001, 43264, 0, 0, 0
15000, 44332, 0, 0, 0
16000, 39936, 0, 0, 0
17001, 49152, 0, 0, 0
18000, 42538, 0, 0, 0
19000, 51456, 0, 0, 0
20001, 50944, 0, 0, 0
21000, 48944, 0, 0, 0
22000, 39168, 0, 0, 0
23001, 53248, 0, 0, 0
24000, 50226, 0, 0, 0
25000, 47872, 0, 0, 0
26000, 45869, 0, 0, 0
27000, 45824, 0, 0, 0
28000, 41984, 0, 0, 0
29000, 48176, 0, 0, 0
30000, 40960, 0, 0, 0
31000, 53760, 0, 0, 0
32000, 41001, 0, 0, 0
33000, 47360, 0, 0, 0
34001, 48896, 0, 0, 0
35000, 48176, 0, 0, 0
36000, 48640, 0, 0, 0
37001, 62464, 0, 0, 0
38000, 45357, 0, 0, 0
39000, 41472, 0, 0, 0
40000, 44588, 0, 0, 0
41000, 53760, 0, 0, 0
42000, 48896, 0, 0, 0
43000, 47919, 0, 0, 0
44000, 43264, 0, 0, 0
45000, 55296, 0, 0, 0
46000, 45357, 0, 0, 0
47000, 44800, 0, 0, 0
48000, 51456, 0, 0, 0
49000, 49457, 0, 0, 0
50000, 47104, 0, 0, 0
51000, 44544, 0, 0, 0
52000, 50994, 0, 0, 0
53000, 36608, 0, 0, 0
54001, 53760, 0, 0, 0
55000, 49457, 0, 0, 0
56000, 54016, 0, 0, 0
57001, 56320, 0, 0, 0
58000, 51763, 0, 0, 0
59000, 40960, 0, 0, 0
60000, 42752, 0, 0, 0
61000, 42282, 0, 0, 0
62000, 44800, 0, 0, 0
63001, 47104, 0, 0, 0
64000, 44844, 0, 0, 0
65000, 44544, 0, 0, 0
66001, 48640, 0, 0, 0
67000, 46894, 0, 0, 0
68000, 60160, 0, 0, 0
69001, 45312, 0, 0, 0
70000, 48432, 0, 0, 0
71000, 46080, 0, 0, 0
72001, 43776, 0, 0, 0
73000, 45613, 0, 0, 0
74000, 56064, 0, 0, 0
75000, 42538, 0, 0, 0
76000, 46080, 0, 0, 0
77000, 49920, 0, 0, 0
78000, 48432, 0, 0, 0
79000, 45824, 0, 0, 0
80000, 58624, 0, 0, 0
81000, 44844, 0, 0, 0
82000, 46848, 0, 0, 0
83001, 46080, 0, 0, 0
84000, 47663, 0, 0, 0
85000, 50432, 0, 0, 0
86001, 47872, 0, 0, 0
87000, 50226, 0, 0, 0
88000, 45824, 0, 0, 0
89001, 49920, 0, 0, 0
90000, 45357, 0, 0, 0
91000, 45824, 0, 0, 0
92001, 40192, 0, 0, 0
93000, 42794, 0, 0, 0
94000, 50432, 0, 0, 0
95001, 56576, 0, 0, 0
96000, 45357, 0, 0, 0
97000, 46080, 0, 0, 0
98001, 52992, 0, 0, 0
99000, 52788, 0, 0, 0
100000, 52992, 0, 0, 0
101000, 50226, 0, 0, 0
102000, 50944, 0, 0, 0
103000, 57600, 0, 0, 0
104000, 49969, 0, 0, 0
105000, 39424, 0, 0, 0
106000, 43264, 0, 0, 0
107000, 50738, 0, 0, 0
108000, 39168, 0, 0, 0
109000, 45312, 0, 0, 0
110000, 46638, 0, 0, 0
111000, 47616, 0, 0, 0
112000, 42752, 0, 0, 0
113000, 42282, 0, 0, 0
114000, 45568, 0, 0, 0
115000, 53760, 0, 0, 0
116000, 47407, 0, 0, 0
117000, 39680, 0, 0, 0
118001, 52224, 0, 0, 0
119000, 43307, 0, 0, 0
120000, 39936, 0, 0, 0
121001, 52224, 0, 0, 0
122000, 49201, 0, 0, 0
123000, 45824, 0, 0, 0
124001, 46848, 0, 0, 0
125000, 44588, 0, 0, 0
126000, 41472, 0, 0, 0
127001, 43520, 0, 0, 0
128000, 44076, 0, 0, 0
129000, 48896, 0, 0, 0
130001, 43776, 0, 0, 0
131000, 48688, 0, 0, 0
132000, 54016, 0, 0, 0
133000, 50226, 0, 0, 0
134000, 45056, 0, 0, 0
135001, 49152, 0, 0, 0
136000, 52532, 0, 0, 0
137000, 45568, 0, 0, 0
138001, 45056, 0, 0, 0
139000, 51763, 0, 0, 0
140000, 46848, 0, 0, 0
141000, 43051, 0, 0, 0
142000, 34816, 0, 0, 0
143000, 51200, 0, 0, 0
144001, 54528, 0, 0, 0
145000, 44332, 0, 0, 0
146000, 51456, 0, 0, 0
147001, 50432, 0, 0, 0
148000, 61757, 0, 0, 0
149000, 44032, 0, 0, 0
150000, 39719, 0, 0, 0
151000, 49408, 0, 0, 0
152001, 43008, 0, 0, 0
153000, 47663, 0, 0, 0
154000, 49152, 0, 0, 0
155001, 55552, 0, 0, 0
156000, 49457, 0, 0, 0
157000, 42752, 0, 0, 0
158000, 48688, 0, 0, 0
159000, 44032, 0, 0, 0
160000, 54528, 0, 0, 0
161000, 55863, 0, 0, 0
162000, 47104, 0, 0, 0
163001, 47104, 0, 0, 0
164000, 41001, 0, 0, 0
165000, 51968, 0, 0, 0
166001, 44288, 0, 0, 0
167000, 52532, 0, 0, 0
168000, 55808, 0, 0, 0
169001, 46592, 0, 0, 0
170000, 47919, 0, 0, 0
171000, 50688, 0, 0, 0
172001, 45824, 0, 0, 0
173000, 51507, 0, 0, 0
174000, 44800, 0, 0, 0
175001, 52224, 0, 0, 0
176000, 38438, 0, 0, 0
177000, 43520, 0, 0, 0
178001, 52224, 0, 0, 0
179000, 46382, 0, 0, 0
180000, 42752, 0, 0, 0
