1000, 13069, 0, 0, 0
2000, 49408, 0, 0, 0
3000, 45568, 0, 0, 0
4000, 46126, 0, 0, 0
5000, 36864, 0, 0, 0
6001, 42240, 0, 0, 0
7000, 49713, 0, 0, 0
8000, 36864, 0, 0, 0
9000, 49969, 0, 0, 0
10000, 49664, 0, 0, 0
11000, 49920, 0, 0, 0
12000, 45869, 0, 0, 0
13000, 43264, 0, 0, 0
14001, 43264, 0, 0, 0
15000, 47151, 0, 0, 0
16000, 50944, 0, 0, 0
17001, 48896, 0, 0, 0
18000, 54326, 0, 0, 0
19000, 48896, 0, 0, 0
20001, 47104, 0, 0, 0
21000, 39207, 0, 0, 0
22000, 43776, 0, 0, 0
23001, 52480, 0, 0, 0
24000, 54326, 0, 0, 0
25000, 46592, 0, 0, 0
26000, 50226, 0, 0, 0
27000, 47360, 0, 0, 0
28000, 44032, 0, 0, 0
29000, 50738, 0, 0, 0
30000, 47104, 0, 0, 0
31000, 42752, 0, 0, 0
32000, 43307, 0, 0, 0
33000, 53504, 0, 0, 0
34000, 50432, 0, 0, 0
35000, 52276, 0, 0, 0
36000, 47616, 0, 0, 0
37001, 43776, 0, 0, 0
38000, 37669, 0, 0, 0
39000, 41984, 0, 0, 0
40000, 49713, 0, 0, 0
41000, 45824, 0, 0, 0
42000, 37888, 0, 0, 0
43000, 53301, 0, 0, 0
44000, 47104, 0, 0, 0
45000, 44800, 0, 0, 0
46000, 54326, 0, 0, 0
47000, 48640, 0, 0, 0
48000, 52736, 0, 0, 0
49000, 46126, 0, 0, 0
50000, 43264, 0, 0, 0
51000, 46592, 0, 0, 0
52000, 48176, 0, 0, 0
53000, 46592, 0, 0, 0
54001, 52224, 0, 0, 0
55000, 42794, 0, 0, 0
56000, 45312, 0, 0, 0
57001, 44544, 0, 0, 0
58000, 49201, 0, 0, 0
59000, 51200, 0, 0, 0
60000, 54528, 0, 0, 0
61000, 54582, 0, 0, 0
62000, 44288, 0, 0, 0
63001, 55552, 0, 0, 0
64000, 44588, 0, 0, 0
65000, 54784, 0, 0, 0
66001, 49152, 0, 0, 0
67000, 42282, 0, 0, 0
68000, 48128, 0, 0, 0
69001, 47104, 0, 0, 0
70000, 47151, 0, 0, 0
71000, 46848, 0, 0, 0
72001, 52480, 0, 0, 0
73000, 42794, 0, 0, 0
74000, 50944, 0, 0, 0
75000, 45101, 0, 0, 0
76000, 53248, 0, 0, 0
77000, 56576, 0, 0, 0
78000, 56632, 0, 0, 0
79000, 56576, 0, 0, 0
80000, 40960, 0, 0, 0
81000, 47919, 0, 0, 0
82000, 45568, 0, 0, 0
83001, 43776, 0, 0, 0
84000, 44588, 0, 0, 0
85000, 54016, 0, 0, 0
86001, 48384, 0, 0, 0
87000, 49713, 0, 0, 0
88000, 48384, 0, 0, 0
89001, 41472, 0, 0, 0
90000, 42794, 0, 0, 0
91000, 61184, 0, 0, 0
92001, 56320, 0, 0, 0
93000, 45101, 0, 0, 0
94000, 47616, 0, 0, 0
95001, 46592, 0, 0, 0
96000, 34594, 0, 0, 0
97000, 43520, 0, 0, 0
98001, 47360, 0, 0, 0
99000, 53557, 0, 0, 0
100000, 45056, 0, 0, 0
101000, 50994, 0, 0, 0
102000, 52736, 0, 0, 0
103000, 53248, 0, 0, 0
104000, 37925, 0, 0, 0
105000, 55296, 0, 0, 0
106000, 44544, 0, 0, 0
107000, 45869, 0, 0, 0
108000, 46848, 0, 0, 0
109000, 45824, 0, 0, 0
110000, 48688, 0, 0, 0
111000, 51200, 0, 0, 0
112000, 47872, 0, 0, 0
113000, 54070, 0, 0, 0
114000, 44800, 0, 0, 0
115000, 45312, 0, 0, 0
116000, 41001, 0, 0, 0
117000, 47616, 0, 0, 0
118001, 49920, 0, 0, 0
119000, 44844, 0, 0, 0
120000, 56064, 0, 0, 0
121001, 47872, 0, 0, 0
122000, 44332, 0, 0, 0
123000, 55296, 0, 0, 0
124001, 41472, 0, 0, 0
125000, 48432, 0, 0, 0
126000, 44032, 0, 0, 0
127001, 49152, 0, 0, 0
128000, 49201, 0, 0, 0
129000, 50944, 0, 0, 0
130001, 53504, 0, 0, 0
131000, 41001, 0, 0, 0
132000, 43520, 0, 0, 0
133000, 49457, 0, 0, 0
134000, 44800, 0, 0, 0
135000, 49152, 0, 0, 0
136000, 43563, 0, 0, 0
137000, 51456, 0, 0, 0
138001, 57856, 0, 0, 0
139000, 43819, 0, 0, 0
140000, 53760, 0, 0, 0
141000, 55607, 0, 0, 0
142000, 45568, 0, 0, 0
143000, 50688, 0, 0, 0
144001, 45568, 0, 0, 0
145000, 52276, 0, 0, 0
146000, 44288, 0, 0, 0
147001, 42240, 0, 0, 0
148000, 53813, 0, 0, 0
149000, 46336, 0, 0, 0
150000, 47151, 0, 0, 0
151000, 47360, 0, 0, 0
152001, 44032, 0, 0, 0
153000, 39463, 0, 0, 0
154000, 46080, 0, 0, 0
155001, 48128, 0, 0, 0
156000, 48688, 0, 0, 0
157000, 47616, 0, 0, 0
158000, 52788, 0, 0, 0
159000, 49664, 0, 0, 0
160000, 55296, 0, 0, 0
161000, 49713, 0, 0, 0
162000, 45568, 0, 0, 0
163001, 46080, 0, 0, 0
164000, 53557, 0, 0, 0
165000, 45312, 0, 0, 0
166001, 50944, 0, 0, 0
167000, 52276, 0, 0, 0
168000, 50944, 0, 0, 0
169001, 45824, 0, 0, 0
170000, 38950, 0, 0, 0
171000, 44544, 0, 0, 0
172001, 47872, 0, 0, 0
173000, 43051, 0, 0, 0
174000, 50688, 0, 0, 0
175001, 40192, 0, 0, 0
176000, 48432, 0, 0, 0
177000, 38656, 0, 0, 0
178001, 54016, 0, 0, 0
179000, 48944, 0, 0, 0
180000, 47616, 0, 0, 0
