1000, 22016, 0, 0, 0
2000, 40448, 0, 0, 0
3001, 46336, 0, 0, 0
4000, 46382, 0, 0, 0
5001, 45568, 0, 0, 0
6001, 40448, 0, 0, 0
7000, 50994, 0, 0, 0
8001, 47872, 0, 0, 0
9000, 51251, 0, 0, 0
10000, 50176, 0, 0, 0
11001, 56064, 0, 0, 0
12000, 44588, 0, 0, 0
13001, 47616, 0, 0, 0
14001, 45824, 0, 0, 0
15000, 65089, 0, 0, 0
16001, 47616, 0, 0, 0
17001, 47872, 0, 0, 0
18000, 44076, 0, 0, 0
19001, 47872, 0, 0, 0
20001, 43776, 0, 0, 0
21000, 48432, 0, 0, 0
22001, 43264, 0, 0, 0
23001, 45568, 0, 0, 0
24000, 51507, 0, 0, 0
25001, 44032, 0, 0, 0
26000, 49713, 0, 0, 0
27001, 41728, 0, 0, 0
28001, 42240, 0, 0, 0
29000, 40744, 0, 0, 0
30001, 44288, 0, 0, 0
31001, 45824, 0, 0, 0
32000, 48688, 0, 0, 0
33001, 41728, 0, 0, 0
34001, 53504, 0, 0, 0
35000, 45101, 0, 0, 0
36001, 53504, 0, 0, 0
37001, 46336, 0, 0, 0
38000, 42538, 0, 0, 0
39001, 54528, 0, 0, 0
40000, 55607, 0, 0, 0
41000, 44288, 0, 0, 0
42001, 51968, 0, 0, 0
43000, 44844, 0, 0, 0
44000, 44544, 0, 0, 0
45001, 44032, 0, 0, 0
46000, 53045, 0, 0, 0
47001, 55808, 0, 0, 0
48001, 40704, 0, 0, 0
49000, 45613, 0, 0, 0
50001, 45312, 0, 0, 0
51001, 49152, 0, 0, 0
52000, 50994, 0, 0, 0
53001, 47360, 0, 0, 0
54001, 51456, 0, 0, 0
55000, 46126, 0, 0, 0
56001, 45312, 0, 0, 0
57001, 51968, 0, 0, 0
58000, 46126, 0, 0, 0
59001, 47360, 0, 0, 0
60001, 48128, 0, 0, 0
61000, 48176, 0, 0, 0
62001, 45824, 0, 0, 0
63001, 49920, 0, 0, 0
64000, 41257, 0, 0, 0
65001, 45824, 0, 0, 0
66001, 50176, 0, 0, 0
67000, 57401, 0, 0, 0
68001, 45568, 0, 0, 0
69001, 45312, 0, 0, 0
70000, 41001, 0, 0, 0
71001, 52224, 0, 0, 0
72001, 57856, 0, 0, 0
73000, 45101, 0, 0, 0
74001, 51200, 0, 0, 0
75000, 58938, 0, 0, 0
76001, 45312, 0, 0, 0
77001, 46592, 0, 0, 0
78000, 48688, 0, 0, 0
79001, 45824, 0, 0, 0
80001, 44544, 0, 0, 0
81000, 46638, 0, 0, 0
82001, 49664, 0, 0, 0
83001, 44544, 0, 0, 0
84000, 46638, 0, 0, 0
85001, 48896, 0, 0, 0
86001, 43264, 0, 0, 0
87000, 47663, 0, 0, 0
88001, 50176, 0, 0, 0
89001, 48128, 0, 0, 0
90000, 49969, 0, 0, 0
91001, 48128, 0, 0, 0
92001, 47360, 0, 0, 0
93000, 55351, 0, 0, 0
94001, 52224, 0, 0, 0
95001, 37376, 0, 0, 0
96000, 43307, 0, 0, 0
97001, 44800, 0, 0, 0
98001, 47616, 0, 0, 0
99000, 51763, 0, 0, 0
100001, 44800, 0, 0, 0
101000, 38694, 0, 0, 0
102000, 50176, 0, 0, 0
103001, 50688, 0, 0, 0
104000, 49201, 0, 0, 0
105000, 49152, 0, 0, 0
106001, 35328, 0, 0, 0
107000, 51251, 0, 0, 0
108000, 58368, 0, 0, 0
109001, 40448, 0, 0, 0
110000, 52276, 0, 0, 0
111000, 46336, 0, 0, 0
112001, 49920, 0, 0, 0
113000, 45613, 0, 0, 0
114001, 49920, 0, 0, 0
115001, 49920, 0, 0, 0
116000, 55351, 0, 0, 0
117001, 44288, 0, 0, 0
118001, 48128, 0, 0, 0
119000, 45357, 0, 0, 0
120001, 40704, 0, 0, 0
121001, 41472, 0, 0, 0
122000, 42026, 0, 0, 0
123001, 41472, 0, 0, 0
124001, 43776, 0, 0, 0
125000, 46126, 0, 0, 0
126001, 46848, 0, 0, 0
127001, 51968, 0, 0, 0
128000, 54070, 0, 0, 0
129001, 47104, 0, 0, 0
130001, 56064, 0, 0, 0
131000, 44844, 0, 0, 0
132001, 52480, 0, 0, 0
133000, 50482, 0, 0, 0
134000, 50432, 0, 0, 0
135001, 47360, 0, 0, 0
136000, 46126, 0, 0, 0
137001, 51200, 0, 0, 0
138001, 48128, 0, 0, 0
139000, 51251, 0, 0, 0
140001, 43264, 0, 0, 0
141000, 48688, 0, 0, 0
142000, 45824, 0, 0, 0
143001, 48128, 0, 0, 0
144001, 45312, 0, 0, 0
145000, 44332, 0, 0, 0
146001, 40704, 0, 0, 0
147001, 51200, 0, 0, 0
148000, 35363, 0, 0, 0
149001, 43520, 0, 0, 0
150000, 43819, 0, 0, 0
151001, 43520, 0, 0, 0
152001, 48640, 0, 0, 0
153000, 49457, 0, 0, 0
154001, 40448, 0, 0, 0
155001, 50944, 0, 0, 0
156000, 48944, 0, 0, 0
157001, 45824, 0, 0, 0
158000, 40488, 0, 0, 0
159000, 48896, 0, 0, 0
160001, 43776, 0, 0, 0
161000, 51507, 0, 0, 0
162001, 44288, 0, 0, 0
163001, 52736, 0, 0, 0
164000, 49201, 0, 0, 0
165001, 53248, 0, 0, 0
166001, 48384, 0, 0, 0
167000, 43307, 0, 0, 0
168001, 39424, 0, 0, 0
169001, 46848, 0, 0, 0
170000, 49713, 0, 0, 0
171001, 48896, 0, 0, 0
172001, 51200, 0, 0, 0
173000, 55095, 0, 0, 0
174001, 47872, 0, 0, 0
175001, 54528, 0, 0, 0
176000, 48688, 0, 0, 0
177001, 51456, 0, 0, 0
178001, 50432, 0, 0, 0
179000, 47919, 0, 0, 0
180001, 48384, 0, 0, 0
