1000, 60672, 0, 0, 0
2000, 100096, 0, 0, 0
3001, 87040, 0, 0, 0
4000, 105577, 0, 0, 0
5000, 91904, 0, 0, 0
6001, 111104, 0, 0, 0
7000, 100964, 0, 0, 0
8000, 89600, 0, 0, 0
9000, 82514, 0, 0, 0
10000, 96768, 0, 0, 0
11001, 101888, 0, 0, 0
12000, 91483, 0, 0, 0
13000, 98816, 0, 0, 0
14001, 98560, 0, 0, 0
15000, 87895, 0, 0, 0
16000, 92416, 0, 0, 0
17001, 109312, 0, 0, 0
18000, 80976, 0, 0, 0
19000, 95488, 0, 0, 0
20001, 103680, 0, 0, 0
21000, 104040, 0, 0, 0
22000, 100608, 0, 0, 0
23001, 106752, 0, 0, 0
24000, 90202, 0, 0, 0
25000, 93440, 0, 0, 0
26000, 90970, 0, 0, 0
27000, 103936, 0, 0, 0
28001, 103168, 0, 0, 0
29000, 96864, 0, 0, 0
30000, 89856, 0, 0, 0
31001, 96000, 0, 0, 0
32000, 107627, 0, 0, 0
33000, 102400, 0, 0, 0
34001, 94208, 0, 0, 0
35000, 88408, 0, 0, 0
36000, 96000, 0, 0, 0
37001, 95744, 0, 0, 0
38000, 101477, 0, 0, 0
39001, 105728, 0, 0, 0
40000, 99427, 0, 0, 0
41000, 101120, 0, 0, 0
42001, 105216, 0, 0, 0
43000, 98402, 0, 0, 0
44000, 96256, 0, 0, 0
45001, 94208, 0, 0, 0
46000, 91995, 0, 0, 0
47000, 105472, 0, 0, 0
48001, 96512, 0, 0, 0
49000, 99427, 0, 0, 0
50000, 95744, 0, 0, 0
51001, 94464, 0, 0, 0
52000, 98914, 0, 0, 0
53000, 97792, 0, 0, 0
54001, 93696, 0, 0, 0
55000, 91227, 0, 0, 0
56000, 102912, 0, 0, 0
57001, 94976, 0, 0, 0
58000, 101989, 0, 0, 0
59000, 104192, 0, 0, 0
60001, 100096, 0, 0, 0
61000, 93277, 0, 0, 0
62000, 97792, 0, 0, 0
63001, 98048, 0, 0, 0
64000, 94302, 0, 0, 0
65000, 100096, 0, 0, 0
66001, 107008, 0, 0, 0
67000, 101221, 0, 0, 0
68000, 95232, 0, 0, 0
69001, 79616, 0, 0, 0
70000, 94814, 0, 0, 0
71000, 100352, 0, 0, 0
72001, 94976, 0, 0, 0
73000, 99683, 0, 0, 0
74000, 102912, 0, 0, 0
75000, 102758, 0, 0, 0
76000, 94464, 0, 0, 0
77001, 102912, 0, 0, 0
78000, 93021, 0, 0, 0
79000, 97024, 0, 0, 0
80001, 97280, 0, 0, 0
81000, 100452, 0, 0, 0
82000, 102656, 0, 0, 0
83001, 96768, 0, 0, 0
84000, 93021, 0, 0, 0
85000, 92928, 0, 0, 0
86001, 97792, 0, 0, 0
87000, 96864, 0, 0, 0
88000, 86784, 0, 0, 0
89001, 98304, 0, 0, 0
90000, 92252, 0, 0, 0
91000, 109568, 0, 0, 0
92001, 93440, 0, 0, 0
93000, 99939, 0, 0, 0
94000, 95488, 0, 0, 0
95001, 94720, 0, 0, 0
96000, 88152, 0, 0, 0
97000, 93696, 0, 0, 0
98001, 98816, 0, 0, 0
99000, 88408, 0, 0, 0
100000, 93184, 0, 0, 0
101000, 95071, 0, 0, 0
102000, 99072, 0, 0, 0
103000, 96000, 0, 0, 0
104000, 106858, 0, 0, 0
105000, 109312, 0, 0, 0
106001, 104960, 0, 0, 0
107000, 108396, 0, 0, 0
108000, 86272, 0, 0, 0
109001, 93184, 0, 0, 0
110000, 96352, 0, 0, 0
111000, 101888, 0, 0, 0
112001, 94720, 0, 0, 0
113000, 101733, 0, 0, 0
114000, 91904, 0, 0, 0
115001, 93952, 0, 0, 0
116000, 96864, 0, 0, 0
117000, 101632, 0, 0, 0
118001, 95232, 0, 0, 0
119000, 98914, 0, 0, 0
120000, 101888, 0, 0, 0
121001, 96512, 0, 0, 0
122000, 101989, 0, 0, 0
123000, 96512, 0, 0, 0
124001, 100352, 0, 0, 0
125000, 98914, 0, 0, 0
126000, 97024, 0, 0, 0
127001, 102912, 0, 0, 0
128000, 91227, 0, 0, 0
129000, 97024, 0, 0, 0
130001, 84480, 0, 0, 0
131000, 103783, 0, 0, 0
132001, 90112, 0, 0, 0
133000, 89945, 0, 0, 0
134000, 107008, 0, 0, 0
135001, 99328, 0, 0, 0
136000, 94302, 0, 0, 0
137000, 103936, 0, 0, 0
138001, 100864, 0, 0, 0
139000, 96096, 0, 0, 0
140000, 103168, 0, 0, 0
141000, 93277, 0, 0, 0
142000, 92416, 0, 0, 0
143000, 99584, 0, 0, 0
144001, 85248, 0, 0, 0
145000, 90458, 0, 0, 0
146000, 86272, 0, 0, 0
147001, 101376, 0, 0, 0
148000, 91227, 0, 0, 0
149001, 98816, 0, 0, 0
150000, 89689, 0, 0, 0
151000, 99840, 0, 0, 0
152001, 95488, 0, 0, 0
153000, 102502, 0, 0, 0
154000, 102656, 0, 0, 0
155001, 100096, 0, 0, 0
156000, 92764, 0, 0, 0
157001, 87040, 0, 0, 0
158000, 104808, 0, 0, 0
159000, 98816, 0, 0, 0
160001, 107264, 0, 0, 0
161000, 99427, 0, 0, 0
162000, 89088, 0, 0, 0
163001, 91392, 0, 0, 0
164000, 101221, 0, 0, 0
165000, 97536, 0, 0, 0
166001, 91648, 0, 0, 0
167000, 94558, 0, 0, 0
168000, 100864, 0, 0, 0
169001, 91648, 0, 0, 0
170000, 96864, 0, 0, 0
171000, 97024, 0, 0, 0
172001, 100608, 0, 0, 0
173000, 97633, 0, 0, 0
174000, 106496, 0, 0, 0
175001, 110080, 0, 0, 0
176000, 101221, 0, 0, 0
177000, 87296, 0, 0, 0
178001, 98048, 0, 0, 0
179000, 107115, 0, 0, 0
180000, 97792, 0, 0, 0
