4000, 22038, 1, 0, 0
4999, 49969, 1, 0, 0
5998, 53557, 1, 0, 0
7000, 60355, 1, 0, 0
8001, 53706, 1, 0, 0
9002, 59844, 1, 0, 0
10003, 60099, 1, 0, 0
11004, 53962, 1, 0, 0
12005, 51916, 1, 0, 0
13006, 57542, 1, 0, 0
14008, 48335, 1, 0, 0
15009, 58821, 1, 0, 0
16010, 56519, 1, 0, 0
17011, 56519, 1, 0, 0
18012, 52480, 1, 0, 0
19012, 50176, 1, 0, 0
20014, 44243, 1, 0, 0
21015, 52736, 1, 0, 0
22015, 65024, 1, 0, 0
23015, 59195, 1, 0, 0
24015, 57657, 1, 0, 0
25016, 51200, 1, 0, 0
26016, 51251, 1, 0, 0
27016, 47919, 1, 0, 0
28016, 67840, 1, 0, 0
29016, 58682, 1, 0, 0
30016, 47407, 1, 0, 0
31016, 49713, 1, 0, 0
32015, 61245, 1, 0, 0
33016, 53504, 1, 0, 0
34016, 58170, 1, 0, 0
35016, 56120, 1, 0, 0
36015, 50994, 1, 0, 0
37016, 54528, 1, 0, 0
38016, 50226, 1, 0, 0
39016, 50688, 1, 0, 0
40016, 51251, 1, 0, 0
41016, 48432, 1, 0, 0
42016, 50432, 1, 0, 0
43016, 49969, 1, 0, 0
44016, 54070, 1, 0, 0
45016, 51200, 1, 0, 0
46016, 54838, 1, 0, 0
47015, 60220, 1, 0, 0
48016, 50944, 1, 0, 0
49016, 48944, 1, 0, 0
50015, 44844, 1, 0, 0
51016, 51456, 1, 0, 0
52017, 61184, 1, 0, 0
53016, 50226, 1, 0, 0
54017, 51968, 1, 0, 0
55016, 60476, 1, 0, 0
56016, 56120, 1, 0, 0
57016, 50688, 1, 0, 0
58016, 51507, 1, 0, 0
59017, 52992, 1, 0, 0
60016, 48176, 1, 0, 0
61017, 54784, 1, 0, 0
62016, 47407, 1, 0, 0
63016, 49457, 1, 0, 0
64016, 49664, 1, 0, 0
65016, 47407, 1, 0, 0
66017, 44288, 1, 0, 0
67016, 55351, 1, 0, 0
68017, 46848, 1, 0, 0
69017, 57913, 1, 0, 0
70016, 49969, 1, 0, 0
71016, 50994, 1, 0, 0
72017, 56320, 1, 0, 0
73016, 56376, 1, 0, 0
74016, 53301, 1, 0, 0
75016, 53760, 1, 0, 0
76016, 50994, 1, 0, 0
77017, 46336, 1, 0, 0
78016, 52788, 1, 0, 0
79016, 55607, 1, 0, 0
80016, 54528, 1, 0, 0
81016, 51763, 1, 0, 0
82017, 52224, 1, 0, 0
83016, 51507, 1, 0, 0
84017, 59392, 1, 0, 0
85016, 55351, 1, 0, 0
86016, 49713, 1, 0, 0
87016, 57088, 1, 0, 0
88016, 44076, 1, 0, 0
89017, 48640, 1, 0, 0
90016, 58426, 1, 0, 0
91017, 58368, 1, 0, 0
92016, 48944, 1, 0, 0
93016, 49457, 1, 0, 0
94017, 55808, 1, 0, 0
95016, 55863, 1, 0, 0
96017, 54784, 1, 0, 0
97016, 53813, 1, 0, 0
98016, 57145, 1, 0, 0
99016, 51968, 1, 0, 0
100016, 52276, 1, 0, 0
101016, 52276, 1, 0, 0
102017, 57344, 1, 0, 0
103016, 46382, 1, 0, 0
104016, 48384, 1, 0, 0
105017, 50944, 1, 0, 0
106016, 59451, 1, 0, 0
107016, 55552, 1, 0, 0
108017, 54784, 1, 0, 0
109016, 47919, 1, 0, 0
110016, 55552, 1, 0, 0
111016, 50482, 1, 0, 0
112016, 45568, 1, 0, 0
113017, 47872, 1, 0, 0
114016, 51763, 1, 0, 0
115016, 49664, 1, 0, 0
116017, 47360, 1, 0, 0
117016, 52532, 1, 0, 0
118017, 51200, 1, 0, 0
119016, 57145, 1, 0, 0
120016, 54272, 1, 0, 0
121017, 54272, 1, 0, 0
122016, 51251, 1, 0, 0
123016, 63232, 1, 0, 0
124017, 54528, 1, 0, 0
125016, 56632, 1, 0, 0
126016, 49408, 1, 0, 0
127017, 57344, 1, 0, 0
128016, 58938, 1, 0, 0
129016, 47616, 1, 0, 0
130017, 50944, 1, 0, 0
131016, 47663, 1, 0, 0
132017, 51200, 1, 0, 0
133016, 60476, 1, 0, 0
134016, 45312, 1, 0, 0
135017, 48896, 1, 0, 0
136016, 57657, 1, 0, 0
137016, 56320, 1, 0, 0
138017, 58880, 1, 0, 0
139016, 44588, 1, 0, 0
140016, 49920, 1, 0, 0
141017, 49152, 1, 0, 0
142016, 48432, 1, 0, 0
143016, 52480, 1, 0, 0
144016, 55607, 1, 0, 0
145016, 57088, 1, 0, 0
146017, 53504, 1, 0, 0
147016, 46382, 1, 0, 0
148017, 55296, 1, 0, 0
149016, 52532, 1, 0, 0
150017, 52736, 1, 0, 0
151016, 54582, 1, 0, 0
152016, 52992, 1, 0, 0
153017, 47616, 1, 0, 0
154016, 52276, 1, 0, 0
155017, 57856, 1, 0, 0
156016, 52020, 1, 0, 0
157016, 55040, 1, 0, 0
158016, 54582, 1, 0, 0
159016, 51456, 1, 0, 0
160017, 52736, 1, 0, 0
161016, 57145, 1, 0, 0
162017, 60928, 1, 0, 0
163016, 59195, 1, 0, 0
164016, 59136, 1, 0, 0
165016, 50738, 1, 0, 0
166016, 50944, 1, 0, 0
167017, 53504, 1, 0, 0
168016, 47919, 1, 0, 0
169017, 52480, 1, 0, 0
170016, 56888, 1, 0, 0
171016, 56320, 1, 0, 0
172017, 59136, 1, 0, 0
173016, 50738, 1, 0, 0
174017, 60928, 1, 0, 0
175016, 53813, 1, 0, 0
176016, 51712, 1, 0, 0
177017, 59136, 1, 0, 0
178016, 57913, 1, 0, 0
179016, 51968, 1, 0, 0
