4003, 30945, 1, 0, 0
5005, 47056, 1, 0, 0
6006, 55240, 1, 0, 0
7007, 48591, 1, 0, 0
8008, 45522, 1, 0, 0
9010, 52171, 1, 0, 0
10011, 57798, 1, 0, 0
11012, 48591, 1, 0, 0
12013, 47568, 1, 0, 0
13014, 61122, 1, 0, 0
14015, 52683, 1, 0, 0
15016, 58565, 1, 0, 0
16017, 58565, 1, 0, 0
17018, 57030, 1, 0, 0
18019, 53504, 1, 0, 0
19020, 60672, 1, 0, 0
20022, 52171, 1, 0, 0
21022, 62720, 1, 0, 0
22023, 50432, 1, 0, 0
23024, 52224, 1, 0, 0
24025, 50432, 1, 0, 0
25026, 53248, 1, 0, 0
26027, 55296, 1, 0, 0
27028, 57088, 1, 0, 0
28028, 57600, 1, 0, 0
29029, 62208, 1, 0, 0
30030, 50688, 1, 0, 0
31030, 51507, 1, 0, 0
32029, 58682, 1, 0, 0
33030, 49920, 1, 0, 0
34030, 45357, 1, 0, 0
35029, 52276, 1, 0, 0
36029, 54070, 1, 0, 0
37030, 57088, 1, 0, 0
38030, 56632, 1, 0, 0
39030, 41984, 1, 0, 0
40030, 50994, 1, 0, 0
41030, 49713, 1, 0, 0
42030, 54528, 1, 0, 0
43030, 61245, 1, 0, 0
44030, 61501, 1, 0, 0
45030, 53504, 1, 0, 0
46030, 50482, 1, 0, 0
47029, 51763, 1, 0, 0
48030, 54016, 1, 0, 0
49029, 58682, 1, 0, 0
50029, 48176, 1, 0, 0
51030, 57344, 1, 0, 0
52031, 57600, 1, 0, 0
53030, 54326, 1, 0, 0
54031, 54784, 1, 0, 0
55030, 50226, 1, 0, 0
56030, 62014, 1, 0, 0
57030, 51968, 1, 0, 0
58030, 59195, 1, 0, 0
59031, 44800, 1, 0, 0
60030, 56888, 1, 0, 0
61031, 45312, 1, 0, 0
62030, 53813, 1, 0, 0
63030, 43307, 1, 0, 0
64030, 50688, 1, 0, 0
65030, 55863, 1, 0, 0
66030, 54272, 1, 0, 0
67030, 62270, 1, 0, 0
68031, 45312, 1, 0, 0
69030, 49713, 1, 0, 0
70030, 47407, 1, 0, 0
71030, 49201, 1, 0, 0
72030, 45568, 1, 0, 0
73030, 43819, 1, 0, 0
74030, 50994, 1, 0, 0
75030, 46848, 1, 0, 0
76030, 60220, 1, 0, 0
77031, 62208, 1, 0, 0
78030, 57401, 1, 0, 0
79030, 45869, 1, 0, 0
80030, 51456, 1, 0, 0
81030, 45869, 1, 0, 0
82030, 51456, 1, 0, 0
83030, 59963, 1, 0, 0
84031, 47360, 1, 0, 0
85030, 50738, 1, 0, 0
86030, 58938, 1, 0, 0
87030, 59392, 1, 0, 0
88030, 61501, 1, 0, 0
89030, 58112, 1, 0, 0
90030, 56888, 1, 0, 0
91031, 51200, 1, 0, 0
92030, 48688, 1, 0, 0
93030, 58170, 1, 0, 0
94030, 58368, 1, 0, 0
95030, 57913, 1, 0, 0
96031, 54016, 1, 0, 0
97030, 48176, 1, 0, 0
98030, 62270, 1, 0, 0
99030, 52224, 1, 0, 0
100030, 54070, 1, 0, 0
101030, 58938, 1, 0, 0
102030, 63744, 1, 0, 0
103030, 52532, 1, 0, 0
104030, 55296, 1, 0, 0
105031, 52992, 1, 0, 0
106030, 54582, 1, 0, 0
107030, 48128, 1, 0, 0
108031, 44544, 1, 0, 0
109030, 58938, 1, 0, 0
110030, 46592, 1, 0, 0
111030, 46894, 1, 0, 0
112030, 55808, 1, 0, 0
113031, 55040, 1, 0, 0
114030, 46126, 1, 0, 0
115030, 53760, 1, 0, 0
116031, 60160, 1, 0, 0
117030, 53557, 1, 0, 0
118030, 53248, 1, 0, 0
119030, 49201, 1, 0, 0
120030, 48128, 1, 0, 0
121031, 56320, 1, 0, 0
122030, 61245, 1, 0, 0
123030, 51200, 1, 0, 0
124031, 48640, 1, 0, 0
125030, 50994, 1, 0, 0
126030, 52736, 1, 0, 0
127031, 54016, 1, 0, 0
128030, 55607, 1, 0, 0
129030, 51968, 1, 0, 0
130031, 51968, 1, 0, 0
131030, 53813, 1, 0, 0
132030, 65792, 1, 0, 0
133030, 55351, 1, 0, 0
134030, 56832, 1, 0, 0
135031, 50688, 1, 0, 0
136030, 59963, 1, 0, 0
137030, 51712, 1, 0, 0
138031, 55040, 1, 0, 0
139030, 56376, 1, 0, 0
140030, 53248, 1, 0, 0
141031, 44800, 1, 0, 0
142030, 55095, 1, 0, 0
143030, 59392, 1, 0, 0
144030, 56120, 1, 0, 0
145030, 60160, 1, 0, 0
146031, 62464, 1, 0, 0
147030, 50738, 1, 0, 0
148031, 42496, 1, 0, 0
149030, 49713, 1, 0, 0
150030, 60672, 1, 0, 0
151030, 52276, 1, 0, 0
152030, 50944, 1, 0, 0
153031, 61952, 1, 0, 0
154030, 54326, 1, 0, 0
155030, 57600, 1, 0, 0
156030, 60220, 1, 0, 0
157030, 53760, 1, 0, 0
158030, 63295, 1, 0, 0
159030, 53248, 1, 0, 0
160031, 52992, 1, 0, 0
161030, 54582, 1, 0, 0
162030, 48640, 1, 0, 0
163030, 55607, 1, 0, 0
164030, 49152, 1, 0, 0
165030, 53557, 1, 0, 0
166030, 54016, 1, 0, 0
167031, 53760, 1, 0, 0
168030, 54070, 1, 0, 0
169030, 47104, 1, 0, 0
170030, 55095, 1, 0, 0
171030, 52224, 1, 0, 0
172031, 50176, 1, 0, 0
173030, 53557, 1, 0, 0
174030, 55808, 1, 0, 0
175030, 52020, 1, 0, 0
176030, 55808, 1, 0, 0
177031, 48384, 1, 0, 0
178030, 52020, 1, 0, 0
179030, 51456, 1, 0, 0
