4000, 34338, 1, 0, 0
5001, 59076, 1, 0, 0
6002, 68539, 1, 0, 0
7004, 51660, 1, 0, 0
8005, 57798, 1, 0, 0
9006, 53194, 1, 0, 0
10007, 49358, 1, 0, 0
11008, 48079, 1, 0, 0
12009, 58821, 1, 0, 0
13011, 51660, 1, 0, 0
14012, 48335, 1, 0, 0
15013, 53450, 1, 0, 0
16014, 58309, 1, 0, 0
17015, 59844, 1, 0, 0
18016, 53760, 1, 0, 0
19017, 45824, 1, 0, 0
20018, 63424, 1, 0, 0
21019, 55552, 1, 0, 0
22020, 48896, 1, 0, 0
23020, 57600, 1, 0, 0
24021, 52480, 1, 0, 0
25022, 51456, 1, 0, 0
26023, 56576, 1, 0, 0
27024, 59392, 1, 0, 0
28025, 43520, 1, 0, 0
29025, 47872, 1, 0, 0
30026, 54016, 1, 0, 0
31026, 57145, 1, 0, 0
32026, 56632, 1, 0, 0
33026, 54016, 1, 0, 0
34026, 48176, 1, 0, 0
35026, 54838, 1, 0, 0
36025, 53301, 1, 0, 0
37026, 56064, 1, 0, 0
38026, 48176, 1, 0, 0
39027, 51200, 1, 0, 0
40026, 57913, 1, 0, 0
41026, 50482, 1, 0, 0
42027, 46848, 1, 0, 0
43026, 54838, 1, 0, 0
44026, 59451, 1, 0, 0
45027, 52224, 1, 0, 0
46026, 64832, 1, 0, 0
47026, 46126, 1, 0, 0
48026, 53504, 1, 0, 0
49026, 47919, 1, 0, 0
50025, 51763, 1, 0, 0
51026, 47104, 1, 0, 0
52027, 49152, 1, 0, 0
53026, 49457, 1, 0, 0
54027, 49664, 1, 0, 0
55026, 56632, 1, 0, 0
56026, 44332, 1, 0, 0
57027, 51712, 1, 0, 0
58026, 46894, 1, 0, 0
59027, 45568, 1, 0, 0
60026, 51507, 1, 0, 0
61027, 56064, 1, 0, 0
62026, 50482, 1, 0, 0
63026, 55351, 1, 0, 0
64027, 47104, 1, 0, 0
65026, 48688, 1, 0, 0
66027, 45824, 1, 0, 0
67026, 64064, 1, 0, 0
68027, 47616, 1, 0, 0
69027, 54326, 1, 0, 0
70027, 48432, 1, 0, 0
71026, 45357, 1, 0, 0
72027, 64256, 1, 0, 0
73026, 49201, 1, 0, 0
74026, 58170, 1, 0, 0
75027, 49664, 1, 0, 0
76026, 49457, 1, 0, 0
77027, 57344, 1, 0, 0
78026, 45357, 1, 0, 0
79026, 43051, 1, 0, 0
80027, 56576, 1, 0, 0
81026, 54838, 1, 0, 0
82027, 49152, 1, 0, 0
83026, 51763, 1, 0, 0
84027, 54016, 1, 0, 0
85026, 52276, 1, 0, 0
86026, 59195, 1, 0, 0
87027, 53760, 1, 0, 0
88026, 64576, 1, 0, 0
89027, 52480, 1, 0, 0
90026, 49457, 1, 0, 0
91027, 51200, 1, 0, 0
92027, 57913, 1, 0, 0
93026, 53557, 1, 0, 0
94027, 57600, 1, 0, 0
95026, 55607, 1, 0, 0
96027, 54016, 1, 0, 0
97026, 52532, 1, 0, 0
98026, 54838, 1, 0, 0
99027, 57600, 1, 0, 0
100026, 52532, 1, 0, 0
101026, 49201, 1, 0, 0
102027, 47872, 1, 0, 0
103026, 50738, 1, 0, 0
104026, 51456, 1, 0, 0
105027, 51200, 1, 0, 0
106026, 58170, 1, 0, 0
107027, 61952, 1, 0, 0
108027, 48384, 1, 0, 0
109026, 45613, 1, 0, 0
110027, 61184, 1, 0, 0
111026, 54326, 1, 0, 0
112026, 52224, 1, 0, 0
113027, 57344, 1, 0, 0
114026, 47663, 1, 0, 0
115027, 56832, 1, 0, 0
116027, 64768, 1, 0, 0
117026, 56376, 1, 0, 0
118027, 55552, 1, 0, 0
119026, 45869, 1, 0, 0
120026, 51200, 1, 0, 0
121027, 58880, 1, 0, 0
122026, 54326, 1, 0, 0
123026, 57856, 1, 0, 0
124027, 54272, 1, 0, 0
125026, 50738, 1, 0, 0
126027, 60416, 1, 0, 0
127027, 66816, 1, 0, 0
128026, 59707, 1, 0, 0
129027, 49920, 1, 0, 0
130027, 53504, 1, 0, 0
131026, 54582, 1, 0, 0
132027, 53504, 1, 0, 0
133026, 54070, 1, 0, 0
134026, 57600, 1, 0, 0
135027, 51968, 1, 0, 0
136026, 48432, 1, 0, 0
137027, 64256, 1, 0, 0
138027, 55296, 1, 0, 0
139026, 55607, 1, 0, 0
140027, 58624, 1, 0, 0
141027, 57856, 1, 0, 0
142026, 64064, 1, 0, 0
143027, 51456, 1, 0, 0
144026, 54070, 1, 0, 0
145027, 56576, 1, 0, 0
146027, 48640, 1, 0, 0
147026, 50994, 1, 0, 0
148027, 55552, 1, 0, 0
149026, 59963, 1, 0, 0
150027, 55040, 1, 0, 0
151026, 56632, 1, 0, 0
152027, 47616, 1, 0, 0
153027, 58368, 1, 0, 0
154026, 54326, 1, 0, 0
155027, 50688, 1, 0, 0
156026, 55607, 1, 0, 0
157027, 61184, 1, 0, 0
158026, 62782, 1, 0, 0
159026, 66560, 1, 0, 0
160027, 52992, 1, 0, 0
161026, 54070, 1, 0, 0
162027, 48128, 1, 0, 0
163026, 46382, 1, 0, 0
164027, 50688, 1, 0, 0
165026, 48432, 1, 0, 0
166026, 61184, 1, 0, 0
167027, 44544, 1, 0, 0
168026, 56632, 1, 0, 0
169027, 49664, 1, 0, 0
170026, 53813, 1, 0, 0
171027, 51200, 1, 0, 0
172027, 57088, 1, 0, 0
173026, 61245, 1, 0, 0
174027, 58624, 1, 0, 0
175026, 53301, 1, 0, 0
176026, 52224, 1, 0, 0
177027, 46336, 1, 0, 0
178026, 62782, 1, 0, 0
179027, 61696, 1, 0, 0
