4001, 28700, 1, 0, 0
5001, 56376, 1, 0, 0
6000, 50994, 1, 0, 0
6999, 63551, 1, 0, 0
7998, 54326, 1, 0, 0
8999, 50381, 1, 0, 0
10000, 56007, 1, 0, 0
11001, 54217, 1, 0, 0
12003, 44499, 1, 0, 0
13004, 58821, 1, 0, 0
14005, 47824, 1, 0, 0
15006, 54217, 1, 0, 0
16007, 55752, 1, 0, 0
17008, 60355, 1, 0, 0
18009, 57856, 1, 0, 0
19010, 60160, 1, 0, 0
20011, 53194, 1, 0, 0
21012, 53248, 1, 0, 0
22013, 44032, 1, 0, 0
23013, 53301, 1, 0, 0
24013, 56888, 1, 0, 0
25013, 57088, 1, 0, 0
26013, 60476, 1, 0, 0
27013, 48944, 1, 0, 0
28014, 55808, 1, 0, 0
29014, 61501, 1, 0, 0
30013, 53813, 1, 0, 0
31013, 45869, 1, 0, 0
32013, 54070, 1, 0, 0
33013, 49664, 1, 0, 0
34013, 54070, 1, 0, 0
35013, 47919, 1, 0, 0
36013, 62270, 1, 0, 0
37013, 55552, 1, 0, 0
38013, 46126, 1, 0, 0
39014, 48384, 1, 0, 0
40013, 59451, 1, 0, 0
41013, 46382, 1, 0, 0
42014, 56320, 1, 0, 0
43014, 51251, 1, 0, 0
44013, 46638, 1, 0, 0
45014, 60928, 1, 0, 0
46013, 58170, 1, 0, 0
47013, 62014, 1, 0, 0
48013, 53760, 1, 0, 0
49013, 48688, 1, 0, 0
50013, 51251, 1, 0, 0
51013, 53248, 1, 0, 0
52014, 58624, 1, 0, 0
53014, 54838, 1, 0, 0
54014, 41984, 1, 0, 0
55014, 46126, 1, 0, 0
56013, 51507, 1, 0, 0
57014, 44800, 1, 0, 0
58013, 50738, 1, 0, 0
59014, 55808, 1, 0, 0
60014, 59195, 1, 0, 0
61014, 47360, 1, 0, 0
62014, 50482, 1, 0, 0
63013, 50738, 1, 0, 0
64014, 45312, 1, 0, 0
65013, 50994, 1, 0, 0
66014, 59904, 1, 0, 0
67013, 55863, 1, 0, 0
68014, 60160, 1, 0, 0
69014, 50482, 1, 0, 0
70014, 50226, 1, 0, 0
71013, 53813, 1, 0, 0
72014, 51200, 1, 0, 0
73014, 52276, 1, 0, 0
74013, 53045, 1, 0, 0
75014, 55040, 1, 0, 0
76013, 47407, 1, 0, 0
77014, 59392, 1, 0, 0
78014, 42282, 1, 0, 0
79013, 48688, 1, 0, 0
80014, 47616, 1, 0, 0
81013, 53557, 1, 0, 0
82014, 51712, 1, 0, 0
83013, 48432, 1, 0, 0
84014, 54016, 1, 0, 0
85014, 58682, 1, 0, 0
86013, 58682, 1, 0, 0
87014, 55552, 1, 0, 0
88013, 58682, 1, 0, 0
89014, 55040, 1, 0, 0
90014, 50994, 1, 0, 0
91014, 52736, 1, 0, 0
92014, 56888, 1, 0, 0
93013, 51507, 1, 0, 0
94014, 47616, 1, 0, 0
95013, 49713, 1, 0, 0
96014, 58880, 1, 0, 0
97014, 58170, 1, 0, 0
98013, 57657, 1, 0, 0
99014, 51712, 1, 0, 0
100014, 56120, 1, 0, 0
101013, 54838, 1, 0, 0
102014, 57344, 1, 0, 0
103013, 48944, 1, 0, 0
104014, 59136, 1, 0, 0
105014, 55552, 1, 0, 0
106013, 52020, 1, 0, 0
107014, 54016, 1, 0, 0
108014, 53248, 1, 0, 0
109013, 49969, 1, 0, 0
110014, 49664, 1, 0, 0
111013, 57913, 1, 0, 0
112014, 53248, 1, 0, 0
113014, 57344, 1, 0, 0
114013, 58682, 1, 0, 0
115014, 60160, 1, 0, 0
116014, 51712, 1, 0, 0
117014, 56632, 1, 0, 0
118014, 58112, 1, 0, 0
119013, 47663, 1, 0, 0
120014, 59136, 1, 0, 0
121014, 50688, 1, 0, 0
122013, 54326, 1, 0, 0
123014, 59392, 1, 0, 0
124014, 53504, 1, 0, 0
125013, 50738, 1, 0, 0
126014, 45824, 1, 0, 0
127014, 53504, 1, 0, 0
128013, 47663, 1, 0, 0
129014, 56320, 1, 0, 0
130014, 48896, 1, 0, 0
131014, 50482, 1, 0, 0
132014, 56576, 1, 0, 0
133013, 63295, 1, 0, 0
134014, 52992, 1, 0, 0
135014, 58880, 1, 0, 0
136013, 67139, 1, 0, 0
137014, 58112, 1, 0, 0
138014, 49920, 1, 0, 0
139013, 50738, 1, 0, 0
140014, 58880, 1, 0, 0
141014, 50944, 1, 0, 0
142013, 52020, 1, 0, 0
143014, 58112, 1, 0, 0
144013, 45869, 1, 0, 0
145014, 50432, 1, 0, 0
146014, 48384, 1, 0, 0
147014, 59707, 1, 0, 0
148014, 51968, 1, 0, 0
149013, 50738, 1, 0, 0
150014, 54528, 1, 0, 0
151013, 42538, 1, 0, 0
152014, 61184, 1, 0, 0
153014, 47616, 1, 0, 0
154014, 52532, 1, 0, 0
155014, 49920, 1, 0, 0
156013, 52020, 1, 0, 0
157014, 52736, 1, 0, 0
158013, 45613, 1, 0, 0
159014, 55296, 1, 0, 0
160014, 56064, 1, 0, 0
161014, 53557, 1, 0, 0
162014, 49664, 1, 0, 0
163013, 53557, 1, 0, 0
164014, 53248, 1, 0, 0
165013, 54582, 1, 0, 0
166014, 56576, 1, 0, 0
167014, 63744, 1, 0, 0
168014, 52532, 1, 0, 0
169014, 49920, 1, 0, 0
170013, 58170, 1, 0, 0
171014, 57856, 1, 0, 0
172014, 53760, 1, 0, 0
173014, 47407, 1, 0, 0
174014, 50176, 1, 0, 0
175013, 48432, 1, 0, 0
176014, 58880, 1, 0, 0
177014, 53504, 1, 0, 0
178013, 50482, 1, 0, 0
179014, 42752, 1, 0, 0
