4001, 31007, 1, 0, 0
5001, 48432, 1, 0, 0
6002, 58309, 1, 0, 0
7003, 48591, 1, 0, 0
8004, 49870, 1, 0, 0
9005, 54985, 1, 0, 0
10007, 55752, 1, 0, 0
11008, 58821, 1, 0, 0
12009, 52427, 1, 0, 0
13010, 53450, 1, 0, 0
14011, 51404, 1, 0, 0
15012, 50637, 1, 0, 0
16013, 50893, 1, 0, 0
17014, 59844, 1, 0, 0
18015, 59392, 1, 0, 0
19016, 54784, 1, 0, 0
20017, 52939, 1, 0, 0
21018, 50176, 1, 0, 0
22019, 57088, 1, 0, 0
23020, 60672, 1, 0, 0
24021, 55296, 1, 0, 0
25021, 57344, 1, 0, 0
26022, 50432, 1, 0, 0
27023, 60416, 1, 0, 0
28024, 67328, 1, 0, 0
29025, 56064, 1, 0, 0
30025, 47616, 1, 0, 0
31026, 49920, 1, 0, 0
32027, 52224, 1, 0, 0
33028, 59392, 1, 0, 0
34028, 58112, 1, 0, 0
35029, 51712, 1, 0, 0
36030, 52992, 1, 0, 0
37030, 44032, 1, 0, 0
38031, 49664, 1, 0, 0
39032, 56832, 1, 0, 0
40033, 52480, 1, 0, 0
41033, 52480, 1, 0, 0
42034, 45568, 1, 0, 0
43035, 48384, 1, 0, 0
44035, 56576, 1, 0, 0
45036, 58624, 1, 0, 0
46036, 53248, 1, 0, 0
47037, 49408, 1, 0, 0
48038, 56832, 1, 0, 0
49038, 55296, 1, 0, 0
50039, 61184, 1, 0, 0
51039, 44032, 1, 0, 0
52040, 52224, 1, 0, 0
53041, 52992, 1, 0, 0
54041, 56576, 1, 0, 0
55042, 47616, 1, 0, 0
56042, 54016, 1, 0, 0
57043, 60416, 1, 0, 0
58044, 55552, 1, 0, 0
59044, 54784, 1, 0, 0
60045, 55808, 1, 0, 0
61045, 43776, 1, 0, 0
62046, 53248, 1, 0, 0
63046, 59648, 1, 0, 0
64047, 54016, 1, 0, 0
65047, 48128, 1, 0, 0
66048, 62208, 1, 0, 0
67049, 49920, 1, 0, 0
68050, 50944, 1, 0, 0
69050, 60160, 1, 0, 0
70051, 54528, 1, 0, 0
71051, 46848, 1, 0, 0
72052, 58368, 1, 0, 0
73053, 42496, 1, 0, 0
74053, 50944, 1, 0, 0
75054, 57856, 1, 0, 0
76055, 51712, 1, 0, 0
77055, 65792, 1, 0, 0
78056, 58368, 1, 0, 0
79056, 49664, 1, 0, 0
80057, 57856, 1, 0, 0
81057, 48896, 1, 0, 0
82058, 50176, 1, 0, 0
83059, 50432, 1, 0, 0
84059, 51200, 1, 0, 0
85060, 52992, 1, 0, 0
86060, 50176, 1, 0, 0
87061, 50432, 1, 0, 0
88062, 55296, 1, 0, 0
89062, 46848, 1, 0, 0
90063, 55296, 1, 0, 0
91063, 54016, 1, 0, 0
92064, 59392, 1, 0, 0
93064, 60928, 1, 0, 0
94065, 58880, 1, 0, 0
95066, 58368, 1, 0, 0
96066, 58880, 1, 0, 0
97067, 52224, 1, 0, 0
98067, 57088, 1, 0, 0
99068, 48640, 1, 0, 0
100069, 53504, 1, 0, 0
101069, 54272, 1, 0, 0
102080, 42582, 1, 0, 0
103080, 58624, 1, 0, 0
104081, 54528, 1, 0, 0
105081, 57344, 1, 0, 0
106082, 56576, 1, 0, 0
107082, 48896, 1, 0, 0
108082, 52480, 1, 0, 0
109083, 47360, 1, 0, 0
110083, 57600, 1, 0, 0
111083, 56320, 1, 0, 0
112084, 52736, 1, 0, 0
113084, 55808, 1, 0, 0
114084, 54016, 1, 0, 0
115085, 46336, 1, 0, 0
116085, 45824, 1, 0, 0
117086, 49664, 1, 0, 0
118086, 55296, 1, 0, 0
119086, 58880, 1, 0, 0
120087, 46080, 1, 0, 0
121087, 54784, 1, 0, 0
122087, 49152, 1, 0, 0
123088, 56064, 1, 0, 0
124088, 50176, 1, 0, 0
125088, 48640, 1, 0, 0
126089, 51968, 1, 0, 0
127089, 56576, 1, 0, 0
128090, 50944, 1, 0, 0
129090, 51712, 1, 0, 0
130090, 60160, 1, 0, 0
131091, 54016, 1, 0, 0
132091, 55296, 1, 0, 0
133091, 47872, 1, 0, 0
134092, 65536, 1, 0, 0
135092, 53504, 1, 0, 0
136092, 44544, 1, 0, 0
137093, 58880, 1, 0, 0
138093, 53760, 1, 0, 0
139094, 60928, 1, 0, 0
140094, 59648, 1, 0, 0
141094, 54272, 1, 0, 0
142095, 49152, 1, 0, 0
143095, 65280, 1, 0, 0
144095, 52736, 1, 0, 0
145096, 53248, 1, 0, 0
146096, 53760, 1, 0, 0
147097, 48896, 1, 0, 0
148097, 46592, 1, 0, 0
149098, 60160, 1, 0, 0
150098, 40448, 1, 0, 0
151098, 60928, 1, 0, 0
152099, 54272, 1, 0, 0
153099, 48640, 1, 0, 0
154100, 53504, 1, 0, 0
155100, 46080, 1, 0, 0
156100, 58112, 1, 0, 0
157101, 59648, 1, 0, 0
158101, 54528, 1, 0, 0
159102, 66816, 1, 0, 0
160102, 60672, 1, 0, 0
161103, 51968, 1, 0, 0
162103, 55040, 1, 0, 0
163103, 47872, 1, 0, 0
164104, 51456, 1, 0, 0
165104, 55040, 1, 0, 0
166105, 55296, 1, 0, 0
167105, 52224, 1, 0, 0
168106, 51968, 1, 0, 0
169106, 50176, 1, 0, 0
170106, 52992, 1, 0, 0
171107, 56576, 1, 0, 0
172107, 48896, 1, 0, 0
173108, 54528, 1, 0, 0
174108, 50944, 1, 0, 0
175108, 51456, 1, 0, 0
176109, 51456, 1, 0, 0
177109, 63488, 1, 0, 0
178110, 48384, 1, 0, 0
179110, 54272, 1, 0, 0
