4002, 23528, 1, 0, 0
5004, 53450, 1, 0, 0
6005, 61122, 1, 0, 0
7006, 49614, 1, 0, 0
8007, 55752, 1, 0, 0
9008, 61890, 1, 0, 0
10009, 59332, 1, 0, 0
11010, 57542, 1, 0, 0
12012, 62401, 1, 0, 0
13013, 69306, 1, 0, 0
14014, 53194, 1, 0, 0
15015, 55752, 1, 0, 0
16016, 53194, 1, 0, 0
17017, 45010, 1, 0, 0
18018, 49408, 1, 0, 0
19019, 57600, 1, 0, 0
20020, 63680, 1, 0, 0
21021, 51968, 1, 0, 0
22022, 62208, 1, 0, 0
23022, 44032, 1, 0, 0
24023, 56064, 1, 0, 0
25024, 55552, 1, 0, 0
26025, 41216, 1, 0, 0
27026, 44288, 1, 0, 0
28027, 55808, 1, 0, 0
29027, 57088, 1, 0, 0
30028, 53248, 1, 0, 0
31029, 49664, 1, 0, 0
32030, 56064, 1, 0, 0
33030, 52480, 1, 0, 0
34031, 42752, 1, 0, 0
35032, 42752, 1, 0, 0
36032, 58624, 1, 0, 0
37033, 55296, 1, 0, 0
38034, 56320, 1, 0, 0
39035, 42240, 1, 0, 0
40035, 50688, 1, 0, 0
41036, 55808, 1, 0, 0
42037, 51712, 1, 0, 0
43037, 50688, 1, 0, 0
44038, 49920, 1, 0, 0
45039, 59904, 1, 0, 0
46039, 47104, 1, 0, 0
47040, 54272, 1, 0, 0
48040, 49920, 1, 0, 0
49041, 47872, 1, 0, 0
50041, 49408, 1, 0, 0
51042, 58368, 1, 0, 0
52043, 45568, 1, 0, 0
53043, 49664, 1, 0, 0
54044, 53504, 1, 0, 0
55044, 50688, 1, 0, 0
56045, 52224, 1, 0, 0
57046, 55552, 1, 0, 0
58046, 53504, 1, 0, 0
59047, 46848, 1, 0, 0
60047, 48896, 1, 0, 0
61048, 58624, 1, 0, 0
62048, 43520, 1, 0, 0
63049, 45056, 1, 0, 0
64050, 52480, 1, 0, 0
65050, 51712, 1, 0, 0
66051, 61184, 1, 0, 0
67051, 55808, 1, 0, 0
68052, 50688, 1, 0, 0
69053, 52992, 1, 0, 0
70054, 61184, 1, 0, 0
71054, 55808, 1, 0, 0
72055, 50944, 1, 0, 0
73055, 47360, 1, 0, 0
74056, 49920, 1, 0, 0
75057, 50688, 1, 0, 0
76057, 46592, 1, 0, 0
77058, 49920, 1, 0, 0
78058, 49920, 1, 0, 0
79059, 55808, 1, 0, 0
80060, 49664, 1, 0, 0
81060, 55552, 1, 0, 0
82061, 47360, 1, 0, 0
83061, 50432, 1, 0, 0
84062, 51712, 1, 0, 0
85062, 55552, 1, 0, 0
86063, 57088, 1, 0, 0
87064, 56320, 1, 0, 0
88064, 52992, 1, 0, 0
89065, 66048, 1, 0, 0
90065, 56320, 1, 0, 0
91066, 52224, 1, 0, 0
92067, 49920, 1, 0, 0
93067, 51200, 1, 0, 0
94068, 54784, 1, 0, 0
95068, 55552, 1, 0, 0
96069, 65792, 1, 0, 0
97069, 57856, 1, 0, 0
98070, 45568, 1, 0, 0
99071, 48128, 1, 0, 0
100071, 48640, 1, 0, 0
101072, 52736, 1, 0, 0
102083, 50186, 1, 0, 0
103083, 52224, 1, 0, 0
104083, 57088, 1, 0, 0
105084, 58112, 1, 0, 0
106084, 43264, 1, 0, 0
107085, 55040, 1, 0, 0
108085, 51456, 1, 0, 0
109085, 50944, 1, 0, 0
110086, 52480, 1, 0, 0
111086, 49920, 1, 0, 0
112086, 56064, 1, 0, 0
113087, 59136, 1, 0, 0
114087, 52992, 1, 0, 0
115088, 56576, 1, 0, 0
116088, 54016, 1, 0, 0
117088, 56576, 1, 0, 0
118089, 48640, 1, 0, 0
119089, 52224, 1, 0, 0
120089, 53248, 1, 0, 0
121090, 52224, 1, 0, 0
122090, 56832, 1, 0, 0
123090, 49408, 1, 0, 0
124091, 56576, 1, 0, 0
125091, 64768, 1, 0, 0
126092, 52224, 1, 0, 0
127092, 48896, 1, 0, 0
128092, 54784, 1, 0, 0
129093, 55552, 1, 0, 0
130093, 47616, 1, 0, 0
131093, 50944, 1, 0, 0
132094, 49152, 1, 0, 0
133094, 62208, 1, 0, 0
134094, 59136, 1, 0, 0
135095, 56576, 1, 0, 0
136095, 61696, 1, 0, 0
137095, 57344, 1, 0, 0
138096, 51712, 1, 0, 0
139096, 52992, 1, 0, 0
140097, 56832, 1, 0, 0
141097, 59392, 1, 0, 0
142097, 56832, 1, 0, 0
143098, 52736, 1, 0, 0
144098, 59136, 1, 0, 0
145098, 57600, 1, 0, 0
146099, 55808, 1, 0, 0
147099, 64512, 1, 0, 0
148100, 53504, 1, 0, 0
149100, 47104, 1, 0, 0
150101, 49920, 1, 0, 0
151101, 53760, 1, 0, 0
152101, 55040, 1, 0, 0
153102, 46848, 1, 0, 0
154102, 49920, 1, 0, 0
155103, 50688, 1, 0, 0
156103, 55552, 1, 0, 0
157104, 55296, 1, 0, 0
158104, 54528, 1, 0, 0
159104, 51968, 1, 0, 0
160105, 47104, 1, 0, 0
161105, 55296, 1, 0, 0
162106, 60416, 1, 0, 0
163106, 58624, 1, 0, 0
164107, 58112, 1, 0, 0
165107, 55552, 1, 0, 0
166107, 55296, 1, 0, 0
167108, 60672, 1, 0, 0
168108, 51200, 1, 0, 0
169109, 54272, 1, 0, 0
170109, 50176, 1, 0, 0
171110, 49408, 1, 0, 0
172110, 45824, 1, 0, 0
173110, 55808, 1, 0, 0
174111, 52224, 1, 0, 0
175111, 58624, 1, 0, 0
176111, 55808, 1, 0, 0
177112, 57600, 1, 0, 0
178112, 53504, 1, 0, 0
179113, 51200, 1, 0, 0
