3999, 33825, 1, 0, 0
4998, 63039, 1, 0, 0
5997, 55863, 1, 0, 0
6997, 48944, 1, 0, 0
7996, 55351, 1, 0, 0
8995, 48688, 1, 0, 0
9994, 54070, 1, 0, 0
10993, 48688, 1, 0, 0
11992, 55095, 1, 0, 0
12991, 57657, 1, 0, 0
13992, 45778, 1, 0, 0
14991, 53301, 1, 0, 0
15992, 51404, 1, 0, 0
16993, 57286, 1, 0, 0
17994, 47104, 1, 0, 0
18995, 61184, 1, 0, 0
19996, 52171, 1, 0, 0
20997, 56576, 1, 0, 0
21998, 62720, 1, 0, 0
22998, 50226, 1, 0, 0
23998, 59195, 1, 0, 0
24999, 49920, 1, 0, 0
25999, 50482, 1, 0, 0
26998, 50994, 1, 0, 0
27999, 52736, 1, 0, 0
28999, 54326, 1, 0, 0
29999, 54838, 1, 0, 0
30998, 56120, 1, 0, 0
31998, 57913, 1, 0, 0
32999, 56576, 1, 0, 0
33999, 49713, 1, 0, 0
34998, 55607, 1, 0, 0
35998, 44076, 1, 0, 0
36999, 49408, 1, 0, 0
37999, 55607, 1, 0, 0
38999, 58880, 1, 0, 0
39999, 43563, 1, 0, 0
40999, 55095, 1, 0, 0
41999, 54272, 1, 0, 0
42999, 62270, 1, 0, 0
43999, 42538, 1, 0, 0
44999, 50944, 1, 0, 0
45999, 54582, 1, 0, 0
46998, 54326, 1, 0, 0
47999, 52992, 1, 0, 0
48998, 49457, 1, 0, 0
49998, 49713, 1, 0, 0
50999, 44032, 1, 0, 0
51999, 49664, 1, 0, 0
52999, 51251, 1, 0, 0
54000, 50688, 1, 0, 0
54999, 57145, 1, 0, 0
55999, 47919, 1, 0, 0
56999, 48384, 1, 0, 0
57999, 51763, 1, 0, 0
58999, 56320, 1, 0, 0
59999, 50482, 1, 0, 0
61000, 55808, 1, 0, 0
61999, 57657, 1, 0, 0
62999, 48176, 1, 0, 0
63999, 50688, 1, 0, 0
64999, 53045, 1, 0, 0
65999, 49152, 1, 0, 0
66999, 52020, 1, 0, 0
68000, 56064, 1, 0, 0
68999, 53813, 1, 0, 0
69999, 56376, 1, 0, 0
70999, 42026, 1, 0, 0
71999, 52992, 1, 0, 0
72999, 56120, 1, 0, 0
73999, 53301, 1, 0, 0
74999, 50176, 1, 0, 0
75999, 53557, 1, 0, 0
77000, 55808, 1, 0, 0
77999, 59963, 1, 0, 0
78999, 52532, 1, 0, 0
79999, 48640, 1, 0, 0
80999, 51507, 1, 0, 0
81999, 54272, 1, 0, 0
82999, 52532, 1, 0, 0
84000, 52992, 1, 0, 0
84999, 56120, 1, 0, 0
85999, 59451, 1, 0, 0
86999, 61440, 1, 0, 0
87999, 58170, 1, 0, 0
88999, 54528, 1, 0, 0
89999, 55351, 1, 0, 0
91000, 50176, 1, 0, 0
91999, 49713, 1, 0, 0
92999, 67395, 1, 0, 0
93999, 47872, 1, 0, 0
94999, 46382, 1, 0, 0
95999, 66560, 1, 0, 0
96999, 54582, 1, 0, 0
97999, 56120, 1, 0, 0
98999, 48896, 1, 0, 0
99999, 49457, 1, 0, 0
100999, 55351, 1, 0, 0
101999, 47616, 1, 0, 0
102999, 55863, 1, 0, 0
103999, 51200, 1, 0, 0
105000, 49664, 1, 0, 0
105999, 48432, 1, 0, 0
106999, 61696, 1, 0, 0
108000, 52224, 1, 0, 0
108999, 52788, 1, 0, 0
109999, 52992, 1, 0, 0
110999, 54582, 1, 0, 0
111999, 51712, 1, 0, 0
112999, 49152, 1, 0, 0
113999, 57657, 1, 0, 0
114999, 45056, 1, 0, 0
116000, 53248, 1, 0, 0
116999, 56120, 1, 0, 0
117999, 59648, 1, 0, 0
118999, 60732, 1, 0, 0
119999, 56320, 1, 0, 0
120999, 48896, 1, 0, 0
121999, 48176, 1, 0, 0
122999, 55552, 1, 0, 0
124000, 49152, 1, 0, 0
124999, 54326, 1, 0, 0
125999, 53248, 1, 0, 0
127000, 60672, 1, 0, 0
127999, 47663, 1, 0, 0
128999, 59904, 1, 0, 0
130000, 53504, 1, 0, 0
130999, 62270, 1, 0, 0
131999, 57856, 1, 0, 0
132999, 57401, 1, 0, 0
133999, 56832, 1, 0, 0
134999, 46848, 1, 0, 0
135999, 52020, 1, 0, 0
136999, 49920, 1, 0, 0
138000, 66816, 1, 0, 0
138999, 52276, 1, 0, 0
139999, 60928, 1, 0, 0
141000, 55808, 1, 0, 0
141999, 52020, 1, 0, 0
142999, 56320, 1, 0, 0
143999, 52020, 1, 0, 0
144999, 48896, 1, 0, 0
146000, 56320, 1, 0, 0
146999, 61501, 1, 0, 0
147999, 55296, 1, 0, 0
148999, 55351, 1, 0, 0
149999, 53248, 1, 0, 0
150999, 49457, 1, 0, 0
151999, 54784, 1, 0, 0
153000, 53248, 1, 0, 0
153999, 51763, 1, 0, 0
154999, 56320, 1, 0, 0
155999, 58682, 1, 0, 0
156999, 57600, 1, 0, 0
157999, 48432, 1, 0, 0
158999, 52224, 1, 0, 0
160000, 51200, 1, 0, 0
160999, 44844, 1, 0, 0
161999, 50944, 1, 0, 0
162999, 54070, 1, 0, 0
163999, 57088, 1, 0, 0
164999, 55351, 1, 0, 0
165999, 62720, 1, 0, 0
167000, 64000, 1, 0, 0
167999, 51763, 1, 0, 0
168999, 51200, 1, 0, 0
169999, 46126, 1, 0, 0
170999, 63744, 1, 0, 0
172000, 54272, 1, 0, 0
172999, 53557, 1, 0, 0
173999, 54784, 1, 0, 0
174999, 57401, 1, 0, 0
175999, 54016, 1, 0, 0
177000, 53248, 1, 0, 0
177999, 47407, 1, 0, 0
178999, 52736, 1, 0, 0
179999, 58938, 1, 0, 0
