4002, 30238, 1, 0, 0
5001, 47663, 1, 0, 0
6000, 56376, 1, 0, 0
7001, 47312, 1, 0, 0
8002, 56775, 1, 0, 0
9003, 52939, 1, 0, 0
10005, 61122, 1, 0, 0
11006, 52939, 1, 0, 0
12007, 57286, 1, 0, 0
13008, 41174, 1, 0, 0
14009, 55240, 1, 0, 0
15010, 55496, 1, 0, 0
16011, 54217, 1, 0, 0
17012, 49358, 1, 0, 0
18013, 58368, 1, 0, 0
19014, 47616, 1, 0, 0
20015, 51148, 1, 0, 0
21016, 55808, 1, 0, 0
22017, 44544, 1, 0, 0
23018, 50432, 1, 0, 0
24019, 51712, 1, 0, 0
25020, 56832, 1, 0, 0
26020, 45824, 1, 0, 0
27021, 58368, 1, 0, 0
28022, 57856, 1, 0, 0
29023, 58624, 1, 0, 0
30023, 58624, 1, 0, 0
31024, 56320, 1, 0, 0
32025, 55040, 1, 0, 0
33026, 58112, 1, 0, 0
34026, 48128, 1, 0, 0
35027, 53248, 1, 0, 0
36028, 50944, 1, 0, 0
37029, 54272, 1, 0, 0
38029, 56832, 1, 0, 0
39030, 59392, 1, 0, 0
40031, 52992, 1, 0, 0
41031, 56832, 1, 0, 0
42032, 61696, 1, 0, 0
43033, 50176, 1, 0, 0
44033, 51968, 1, 0, 0
45034, 49408, 1, 0, 0
46034, 55296, 1, 0, 0
47035, 47616, 1, 0, 0
48036, 51456, 1, 0, 0
49036, 50688, 1, 0, 0
50037, 48896, 1, 0, 0
51038, 57600, 1, 0, 0
52038, 51712, 1, 0, 0
53039, 52736, 1, 0, 0
54039, 45824, 1, 0, 0
55040, 50432, 1, 0, 0
56040, 45824, 1, 0, 0
57041, 59904, 1, 0, 0
58042, 55808, 1, 0, 0
59042, 45056, 1, 0, 0
60043, 55296, 1, 0, 0
61043, 57600, 1, 0, 0
62044, 60928, 1, 0, 0
63044, 43264, 1, 0, 0
64045, 53760, 1, 0, 0
65045, 58624, 1, 0, 0
66046, 49152, 1, 0, 0
67047, 47872, 1, 0, 0
68048, 55808, 1, 0, 0
69048, 47360, 1, 0, 0
70049, 63232, 1, 0, 0
71049, 51200, 1, 0, 0
72050, 55040, 1, 0, 0
73051, 49408, 1, 0, 0
74051, 56064, 1, 0, 0
75052, 59392, 1, 0, 0
76053, 62720, 1, 0, 0
77053, 55296, 1, 0, 0
78054, 47872, 1, 0, 0
79054, 55296, 1, 0, 0
80055, 49152, 1, 0, 0
81055, 48896, 1, 0, 0
82056, 52992, 1, 0, 0
83057, 58368, 1, 0, 0
84057, 54016, 1, 0, 0
85058, 47104, 1, 0, 0
86058, 56320, 1, 0, 0
87059, 61184, 1, 0, 0
88060, 56064, 1, 0, 0
89060, 54784, 1, 0, 0
90061, 56832, 1, 0, 0
91061, 53760, 1, 0, 0
92062, 51968, 1, 0, 0
93062, 45312, 1, 0, 0
94063, 50432, 1, 0, 0
95064, 49920, 1, 0, 0
96064, 56576, 1, 0, 0
97065, 46080, 1, 0, 0
98065, 51712, 1, 0, 0
99066, 54528, 1, 0, 0
100067, 57344, 1, 0, 0
101067, 57344, 1, 0, 0
102078, 53481, 1, 0, 0
103078, 58624, 1, 0, 0
104079, 45056, 1, 0, 0
105079, 51712, 1, 0, 0
106080, 47872, 1, 0, 0
107080, 50688, 1, 0, 0
108080, 56832, 1, 0, 0
109081, 58112, 1, 0, 0
110081, 56064, 1, 0, 0
111081, 44544, 1, 0, 0
112082, 48640, 1, 0, 0
113082, 60160, 1, 0, 0
114083, 65280, 1, 0, 0
115083, 56832, 1, 0, 0
116083, 49408, 1, 0, 0
117084, 43008, 1, 0, 0
118084, 46336, 1, 0, 0
119084, 58880, 1, 0, 0
120085, 51456, 1, 0, 0
121085, 48640, 1, 0, 0
122085, 60928, 1, 0, 0
123086, 59392, 1, 0, 0
124086, 49664, 1, 0, 0
125087, 51456, 1, 0, 0
126087, 57856, 1, 0, 0
127087, 59392, 1, 0, 0
128088, 59136, 1, 0, 0
129088, 60416, 1, 0, 0
130088, 55808, 1, 0, 0
131089, 48896, 1, 0, 0
132089, 56064, 1, 0, 0
133089, 51968, 1, 0, 0
134090, 54784, 1, 0, 0
135090, 51456, 1, 0, 0
136090, 52992, 1, 0, 0
137091, 56064, 1, 0, 0
138091, 53504, 1, 0, 0
139092, 54016, 1, 0, 0
140092, 55552, 1, 0, 0
141092, 56320, 1, 0, 0
142093, 56576, 1, 0, 0
143093, 55040, 1, 0, 0
144093, 52224, 1, 0, 0
145094, 50176, 1, 0, 0
146094, 57600, 1, 0, 0
147095, 55808, 1, 0, 0
148095, 60672, 1, 0, 0
149096, 51712, 1, 0, 0
150096, 50432, 1, 0, 0
151096, 51456, 1, 0, 0
152097, 57856, 1, 0, 0
153097, 58624, 1, 0, 0
154098, 58624, 1, 0, 0
155098, 52480, 1, 0, 0
156098, 49408, 1, 0, 0
157099, 62976, 1, 0, 0
158099, 52224, 1, 0, 0
159100, 53248, 1, 0, 0
160100, 50944, 1, 0, 0
161101, 53248, 1, 0, 0
162101, 44800, 1, 0, 0
163101, 47872, 1, 0, 0
164102, 52480, 1, 0, 0
165102, 45824, 1, 0, 0
166103, 51712, 1, 0, 0
167103, 56832, 1, 0, 0
168104, 63744, 1, 0, 0
169104, 59904, 1, 0, 0
170104, 49152, 1, 0, 0
171105, 52480, 1, 0, 0
172105, 52736, 1, 0, 0
173106, 55552, 1, 0, 0
174106, 50688, 1, 0, 0
175106, 48896, 1, 0, 0
176107, 61952, 1, 0, 0
177107, 50688, 1, 0, 0
178108, 63744, 1, 0, 0
179108, 50688, 1, 0, 0
