4001, 39207, 1, 0, 0
5000, 49201, 1, 0, 0
6000, 54582, 1, 0, 0
6999, 53813, 1, 0, 0
7998, 55863, 1, 0, 0
8997, 49457, 1, 0, 0
9996, 64064, 1, 0, 0
10995, 50994, 1, 0, 0
11997, 57798, 1, 0, 0
12998, 51660, 1, 0, 0
13999, 58053, 1, 0, 0
15000, 43476, 1, 0, 0
16001, 61122, 1, 0, 0
17002, 46545, 1, 0, 0
18003, 59904, 1, 0, 0
19004, 51712, 1, 0, 0
20005, 57030, 1, 0, 0
21006, 54528, 1, 0, 0
22007, 43776, 1, 0, 0
23007, 46894, 1, 0, 0
24006, 59707, 1, 0, 0
25007, 57600, 1, 0, 0
26007, 53557, 1, 0, 0
27007, 55607, 1, 0, 0
28008, 55040, 1, 0, 0
29007, 58426, 1, 0, 0
30007, 53813, 1, 0, 0
31007, 52276, 1, 0, 0
32007, 47407, 1, 0, 0
33007, 45568, 1, 0, 0
34007, 56888, 1, 0, 0
35007, 54070, 1, 0, 0
36007, 48944, 1, 0, 0
37007, 49408, 1, 0, 0
38007, 49969, 1, 0, 0
39008, 59136, 1, 0, 0
40007, 54838, 1, 0, 0
41007, 52020, 1, 0, 0
42008, 49152, 1, 0, 0
43007, 60732, 1, 0, 0
44007, 62014, 1, 0, 0
45008, 48384, 1, 0, 0
46007, 55095, 1, 0, 0
47007, 51251, 1, 0, 0
48007, 53248, 1, 0, 0
49007, 57657, 1, 0, 0
50006, 55351, 1, 0, 0
51007, 55552, 1, 0, 0
52008, 49920, 1, 0, 0
53007, 55607, 1, 0, 0
54008, 57344, 1, 0, 0
55008, 52788, 1, 0, 0
56007, 48176, 1, 0, 0
57008, 48384, 1, 0, 0
58007, 58682, 1, 0, 0
59008, 47872, 1, 0, 0
60007, 52020, 1, 0, 0
61008, 51968, 1, 0, 0
62008, 56376, 1, 0, 0
63007, 56376, 1, 0, 0
64008, 53760, 1, 0, 0
65007, 43819, 1, 0, 0
66008, 53504, 1, 0, 0
67007, 50482, 1, 0, 0
68008, 54784, 1, 0, 0
69008, 58170, 1, 0, 0
70008, 48944, 1, 0, 0
71007, 56888, 1, 0, 0
72008, 49920, 1, 0, 0
73007, 50994, 1, 0, 0
74007, 53045, 1, 0, 0
75008, 56320, 1, 0, 0
76007, 55863, 1, 0, 0
77008, 55552, 1, 0, 0
78007, 54838, 1, 0, 0
79007, 62526, 1, 0, 0
80008, 49920, 1, 0, 0
81007, 57401, 1, 0, 0
82008, 45056, 1, 0, 0
83007, 50482, 1, 0, 0
84008, 57344, 1, 0, 0
85007, 49201, 1, 0, 0
86007, 55095, 1, 0, 0
87008, 55552, 1, 0, 0
88007, 55095, 1, 0, 0
89008, 60928, 1, 0, 0
90007, 62014, 1, 0, 0
91008, 53248, 1, 0, 0
92008, 52020, 1, 0, 0
93007, 52276, 1, 0, 0
94008, 52480, 1, 0, 0
95007, 52788, 1, 0, 0
96008, 51456, 1, 0, 0
97007, 51763, 1, 0, 0
98007, 54838, 1, 0, 0
99008, 57856, 1, 0, 0
100007, 44076, 1, 0, 0
101007, 55863, 1, 0, 0
102008, 60160, 1, 0, 0
103007, 57657, 1, 0, 0
104007, 55040, 1, 0, 0
105008, 54528, 1, 0, 0
106007, 44844, 1, 0, 0
107008, 53760, 1, 0, 0
108008, 45568, 1, 0, 0
109007, 57657, 1, 0, 0
110008, 52736, 1, 0, 0
111007, 51507, 1, 0, 0
112007, 58880, 1, 0, 0
113008, 50432, 1, 0, 0
114007, 49457, 1, 0, 0
115008, 51456, 1, 0, 0
116008, 53248, 1, 0, 0
117007, 47151, 1, 0, 0
118008, 53760, 1, 0, 0
119007, 48176, 1, 0, 0
120007, 49152, 1, 0, 0
121008, 53504, 1, 0, 0
122007, 58170, 1, 0, 0
123008, 53248, 1, 0, 0
124008, 54016, 1, 0, 0
125007, 54070, 1, 0, 0
126008, 51200, 1, 0, 0
127008, 47872, 1, 0, 0
128007, 51763, 1, 0, 0
129008, 53760, 1, 0, 0
130008, 50688, 1, 0, 0
131007, 53301, 1, 0, 0
132008, 60416, 1, 0, 0
133007, 57657, 1, 0, 0
134007, 52224, 1, 0, 0
135008, 57600, 1, 0, 0
136007, 49201, 1, 0, 0
137008, 44544, 1, 0, 0
138008, 46080, 1, 0, 0
139007, 50994, 1, 0, 0
140008, 53504, 1, 0, 0
141008, 58112, 1, 0, 0
142007, 55607, 1, 0, 0
143008, 52736, 1, 0, 0
144007, 52020, 1, 0, 0
145008, 46080, 1, 0, 0
146008, 49920, 1, 0, 0
147007, 55351, 1, 0, 0
148008, 47360, 1, 0, 0
149007, 51507, 1, 0, 0
150008, 62464, 1, 0, 0
151007, 49969, 1, 0, 0
152008, 58112, 1, 0, 0
153008, 46848, 1, 0, 0
154007, 54326, 1, 0, 0
155008, 56320, 1, 0, 0
156007, 60220, 1, 0, 0
157008, 64000, 1, 0, 0
158007, 54582, 1, 0, 0
159008, 59136, 1, 0, 0
160008, 54016, 1, 0, 0
161007, 46638, 1, 0, 0
162008, 59392, 1, 0, 0
163007, 46126, 1, 0, 0
164008, 60160, 1, 0, 0
165007, 66370, 1, 0, 0
166007, 55552, 1, 0, 0
167008, 51200, 1, 0, 0
168007, 47151, 1, 0, 0
169008, 51200, 1, 0, 0
170007, 55095, 1, 0, 0
171008, 52736, 1, 0, 0
172008, 48640, 1, 0, 0
173007, 43819, 1, 0, 0
174008, 54784, 1, 0, 0
175007, 62782, 1, 0, 0
176007, 49920, 1, 0, 0
177008, 58880, 1, 0, 0
178007, 61245, 1, 0, 0
179008, 53760, 1, 0, 0
