21010, 2560, 1, 0, 0
22011, 2048, 1, 0, 0
23012, 2048, 1, 0, 0
24011, 3075, 1, 0, 0
25012, 512, 1, 0, 0
26012, 2048, 1, 0, 0
27013, 512, 0, 0, 0
27013, 1024, 1, 0, 0
28013, 256, 0, 0, 0
28013, 256, 1, 0, 0
29014, 512, 0, 0, 0
29014, 2304, 1, 0, 0
30014, 1280, 0, 0, 0
30014, 1536, 1, 0, 0
31015, 1024, 0, 0, 0
31015, 768, 1, 0, 0
32015, 768, 0, 0, 0
32015, 1536, 1, 0, 0
33016, 256, 1, 0, 0
34016, 256, 0, 0, 0
34016, 256, 1, 0, 0
35017, 256, 0, 0, 0
35017, 1536, 1, 0, 0
36017, 512, 0, 0, 0
36017, 256, 1, 0, 0
37018, 1792, 1, 0, 0
38018, 768, 0, 0, 0
39019, 1536, 1, 0, 0
40018, 1281, 1, 0, 0
41019, 1024, 0, 0, 0
42019, 768, 0, 0, 0
42019, 512, 1, 0, 0
43020, 512, 0, 0, 0
43020, 768, 1, 0, 0
44020, 256, 0, 0, 0
44020, 768, 1, 0, 0
45021, 512, 0, 0, 0
45021, 512, 1, 0, 0
46021, 1024, 0, 0, 0
47022, 512, 0, 0, 0
47022, 768, 1, 0, 0
48022, 256, 0, 0, 0
48022, 256, 1, 0, 0
49023, 1024, 0, 0, 0
49023, 1024, 1, 0, 0
50023, 256, 0, 0, 0
50023, 1536, 1, 0, 0
51023, 1536, 1, 0, 0
52024, 1024, 1, 0, 0
53024, 1024, 1, 0, 0
54025, 256, 1, 0, 0
55025, 1024, 1, 0, 0
56026, 1024, 1, 0, 0
57026, 1792, 1, 0, 0
60028, 256, 1, 0, 0
61028, 256, 0, 0, 0
61028, 1792, 1, 0, 0
62029, 256, 0, 0, 0
62029, 1536, 1, 0, 0
63029, 1024, 0, 0, 0
63029, 256, 1, 0, 0
64030, 256, 1, 0, 0
65030, 256, 0, 0, 0
65030, 2304, 1, 0, 0
66030, 1024, 0, 0, 0
66030, 512, 1, 0, 0
67031, 512, 0, 0, 0
67031, 768, 1, 0, 0
68031, 768, 0, 0, 0
68031, 256, 1, 0, 0
70033, 256, 0, 0, 0
70033, 768, 1, 0, 0
71033, 1024, 0, 0, 0
71033, 1024, 1, 0, 0
72034, 1280, 0, 0, 0
72034, 768, 1, 0, 0
74035, 768, 0, 0, 0
74035, 256, 1, 0, 0
75035, 2304, 0, 0, 0
75035, 2816, 1, 0, 0
76036, 512, 1, 0, 0
78037, 256, 1, 0, 0
79037, 256, 0, 0, 0
79037, 768, 1, 0, 0
80037, 256, 0, 0, 0
80037, 768, 1, 0, 0
81038, 512, 0, 0, 0
81038, 1792, 1, 0, 0
82039, 256, 0, 0, 0
82039, 2048, 1, 0, 0
83039, 1024, 1, 0, 0
84039, 768, 0, 0, 0
84039, 2048, 1, 0, 0
85040, 256, 0, 0, 0
85040, 512, 1, 0, 0
86040, 256, 0, 0, 0
86040, 512, 1, 0, 0
87041, 1024, 0, 0, 0
87041, 768, 1, 0, 0
88041, 512, 0, 0, 0
88041, 512, 1, 0, 0
89042, 768, 0, 0, 0
89042, 1536, 1, 0, 0
90042, 768, 0, 0, 0
90042, 768, 1, 0, 0
91043, 768, 1, 0, 0
92043, 768, 0, 0, 0
92043, 1024, 1, 0, 0
93044, 256, 0, 0, 0
93044, 768, 1, 0, 0
94044, 2304, 0, 0, 0
94044, 512, 1, 0, 0
95045, 1280, 0, 0, 0
95045, 1536, 1, 0, 0
96045, 768, 0, 0, 0
96045, 1024, 1, 0, 0
97046, 256, 0, 0, 0
97046, 768, 1, 0, 0
98046, 512, 0, 0, 0
98046, 768, 1, 0, 0
99047, 1024, 0, 0, 0
99047, 2048, 1, 0, 0
100047, 768, 0, 0, 0
100047, 768, 1, 0, 0
101048, 768, 1, 0, 0
102048, 1024, 1, 0, 0
103049, 768, 0, 0, 0
103049, 512, 1, 0, 0
104049, 512, 0, 0, 0
104049, 512, 1, 0, 0
105050, 768, 0, 0, 0
105050, 1792, 1, 0, 0
106050, 512, 1, 0, 0
107051, 768, 0, 0, 0
107051, 1536, 1, 0, 0
108051, 256, 0, 0, 0
108051, 256, 1, 0, 0
109052, 512, 0, 0, 0
109052, 1024, 1, 0, 0
110052, 1792, 0, 0, 0
110052, 768, 1, 0, 0
111053, 1536, 0, 0, 0
111053, 512, 1, 0, 0
112053, 1280, 0, 0, 0
112053, 1024, 1, 0, 0
113054, 256, 0, 0, 0
113054, 256, 1, 0, 0
114054, 1280, 0, 0, 0
114054, 1536, 1, 0, 0
115055, 1024, 0, 0, 0
115055, 1024, 1, 0, 0
116055, 256, 0, 0, 0
116055, 512, 1, 0, 0
117056, 1536, 0, 0, 0
117056, 1536, 1, 0, 0
118056, 256, 0, 0, 0
118056, 768, 1, 0, 0
119056, 768, 0, 0, 0
119056, 1792, 1, 0, 0
120057, 256, 0, 0, 0
120057, 768, 1, 0, 0
121057, 256, 0, 0, 0
121057, 512, 1, 0, 0
122058, 512, 0, 0, 0
122058, 1792, 1, 0, 0
123058, 256, 0, 0, 0
123058, 1024, 1, 0, 0
124059, 2304, 1, 0, 0
125059, 512, 1, 0, 0
126059, 512, 0, 0, 0
126059, 768, 1, 0, 0
127060, 1280, 0, 0, 0
127060, 1024, 1, 0, 0
128060, 512, 0, 0, 0
128060, 768, 1, 0, 0
129061, 1280, 0, 0, 0
129061, 512, 1, 0, 0
130061, 256, 0, 0, 0
131062, 256, 0, 0, 0
131062, 256, 1, 0, 0
132062, 256, 0, 0, 0
132062, 256, 1, 0, 0
133063, 512, 0, 0, 0
134063, 768, 0, 0, 0
134063, 1024, 1, 0, 0
135064, 256, 1, 0, 0
136064, 768, 0, 0, 0
136064, 1536, 1, 0, 0
137065, 1024, 0, 0, 0
137065, 1280, 1, 0, 0
138065, 1024, 0, 0, 0
138065, 1792, 1, 0, 0
139066, 1280, 0, 0, 0
139066, 512, 1, 0, 0
140066, 512, 0, 0, 0
140066, 1280, 1, 0, 0
141067, 256, 0, 0, 0
141067, 256, 1, 0, 0
142067, 256, 0, 0, 0
142067, 1792, 1, 0, 0
143068, 512, 0, 0, 0
143068, 256, 1, 0, 0
144068, 256, 0, 0, 0
144068, 1024, 1, 0, 0
145069, 768, 1, 0, 0
146069, 256, 0, 0, 0
146069, 768, 1, 0, 0
147070, 2048, 0, 0, 0
147070, 2304, 1, 0, 0
148071, 256, 0, 0, 0
148071, 512, 1, 0, 0
150072, 512, 0, 0, 0
150072, 1024, 1, 0, 0
151072, 256, 0, 0, 0
152073, 256, 0, 0, 0
152073, 512, 1, 0, 0
153073, 512, 0, 0, 0
153073, 768, 1, 0, 0
154074, 512, 0, 0, 0
154074, 1280, 1, 0, 0
155074, 768, 0, 0, 0
155074, 1536, 1, 0, 0
156075, 256, 0, 0, 0
156075, 1024, 1, 0, 0
157075, 1280, 0, 0, 0
157075, 512, 1, 0, 0
158076, 256, 0, 0, 0
158076, 1792, 1, 0, 0
159076, 1024, 0, 0, 0
159076, 2048, 1, 0, 0
160077, 768, 0, 0, 0
160077, 512, 1, 0, 0
161077, 1024, 0, 0, 0
161077, 768, 1, 0, 0
162078, 256, 0, 0, 0
162078, 256, 1, 0, 0
163078, 256, 0, 0, 0
163078, 1536, 1, 0, 0
164079, 512, 0, 0, 0
164079, 1024, 1, 0, 0
165079, 512, 1, 0, 0
166080, 512, 0, 0, 0
166080, 1792, 1, 0, 0
167081, 256, 0, 0, 0
167081, 256, 1, 0, 0
168081, 768, 1, 0, 0
169082, 1024, 0, 0, 0
169082, 1280, 1, 0, 0
170082, 768, 0, 0, 0
170082, 1280, 1, 0, 0
171083, 256, 0, 0, 0
172083, 256, 0, 0, 0
172083, 1792, 1, 0, 0
173084, 256, 0, 0, 0
173084, 256, 1, 0, 0
174084, 256, 0, 0, 0
175085, 768, 0, 0, 0
175085, 1792, 1, 0, 0
176085, 512, 0, 0, 0
176085, 512, 1, 0, 0
177085, 256, 0, 0, 0
177085, 768, 1, 0, 0
178086, 768, 1, 0, 0
179086, 256, 0, 0, 0
179086, 1280, 1, 0, 0
