24013, 1792, 1, 0, 0
25014, 256, 1, 0, 0
26014, 1280, 1, 0, 0
27015, 256, 1, 0, 0
28015, 1024, 1, 0, 0
30016, 512, 1, 0, 0
31016, 2560, 1, 0, 0
32017, 2304, 1, 0, 0
33017, 768, 1, 0, 0
34018, 1792, 1, 0, 0
35018, 256, 0, 0, 0
35018, 2560, 1, 0, 0
36019, 768, 0, 0, 0
36019, 768, 1, 0, 0
37019, 512, 0, 0, 0
37019, 768, 1, 0, 0
38020, 512, 1, 0, 0
39021, 256, 0, 0, 0
39021, 1024, 1, 0, 0
40022, 255, 0, 0, 0
40022, 511, 1, 0, 0
41023, 1024, 0, 0, 0
42023, 512, 0, 0, 0
42023, 1536, 1, 0, 0
43024, 256, 0, 0, 0
43024, 256, 1, 0, 0
44024, 1280, 1, 0, 0
45025, 256, 0, 0, 0
45025, 1024, 1, 0, 0
47026, 512, 0, 0, 0
47026, 1792, 1, 0, 0
48026, 256, 0, 0, 0
49027, 768, 1, 0, 0
51027, 768, 1, 0, 0
52028, 768, 1, 0, 0
53028, 256, 0, 0, 0
53028, 512, 1, 0, 0
54029, 256, 0, 0, 0
54029, 2048, 1, 0, 0
55029, 768, 0, 0, 0
55029, 1792, 1, 0, 0
57030, 256, 0, 0, 0
57030, 768, 1, 0, 0
58031, 256, 1, 0, 0
59030, 256, 0, 0, 0
59030, 768, 1, 0, 0
60031, 256, 0, 0, 0
60031, 256, 1, 0, 0
61030, 256, 0, 0, 0
61030, 256, 1, 0, 0
62031, 256, 0, 0, 0
62031, 256, 1, 0, 0
63031, 256, 0, 0, 0
64031, 256, 1, 0, 0
65031, 256, 0, 0, 0
65031, 512, 1, 0, 0
66030, 256, 0, 0, 0
67031, 256, 1, 0, 0
68030, 768, 0, 0, 0
68030, 256, 1, 0, 0
69031, 256, 1, 0, 0
71031, 256, 0, 0, 0
72031, 512, 0, 0, 0
72031, 512, 1, 0, 0
75031, 512, 0, 0, 0
77031, 512, 0, 0, 0
78031, 256, 0, 0, 0
80030, 256, 0, 0, 0
80030, 256, 1, 0, 0
83031, 256, 0, 0, 0
83031, 512, 1, 0, 0
84030, 256, 0, 0, 0
85031, 512, 1, 0, 0
86030, 256, 0, 0, 0
86030, 256, 1, 0, 0
89031, 256, 0, 0, 0
89031, 512, 1, 0, 0
90030, 512, 1, 0, 0
91031, 512, 1, 0, 0
92030, 512, 1, 0, 0
93031, 768, 1, 0, 0
94030, 768, 1, 0, 0
96030, 768, 1, 0, 0
97031, 512, 1, 0, 0
101031, 256, 1, 0, 0
102031, 256, 1, 0, 0
103032, 256, 0, 0, 0
103032, 768, 1, 0, 0
104032, 256, 1, 0, 0
107034, 512, 1, 0, 0
108034, 768, 1, 0, 0
110035, 256, 1, 0, 0
111035, 256, 1, 0, 0
113036, 512, 1, 0, 0
117039, 768, 1, 0, 0
118039, 768, 1, 0, 0
119039, 512, 0, 0, 0
119039, 1024, 1, 0, 0
120040, 256, 0, 0, 0
120040, 768, 1, 0, 0
121040, 256, 1, 0, 0
122041, 256, 0, 0, 0
122041, 512, 1, 0, 0
123041, 256, 0, 0, 0
123041, 256, 1, 0, 0
125042, 1024, 1, 0, 0
126042, 256, 0, 0, 0
126042, 768, 1, 0, 0
128043, 256, 0, 0, 0
128043, 256, 1, 0, 0
129044, 256, 1, 0, 0
130044, 512, 1, 0, 0
131045, 1536, 0, 0, 0
132045, 256, 0, 0, 0
133046, 256, 0, 0, 0
134046, 1024, 0, 0, 0
134046, 1024, 1, 0, 0
137047, 256, 0, 0, 0
137047, 512, 1, 0, 0
138048, 512, 1, 0, 0
139049, 256, 0, 0, 0
139049, 512, 1, 0, 0
141050, 256, 1, 0, 0
142050, 512, 0, 0, 0
144051, 256, 0, 0, 0
147053, 512, 1, 0, 0
149054, 512, 1, 0, 0
151055, 256, 0, 0, 0
151055, 1792, 1, 0, 0
152056, 1024, 1, 0, 0
153056, 1536, 1, 0, 0
155057, 256, 0, 0, 0
155057, 768, 1, 0, 0
156058, 256, 0, 0, 0
156058, 1792, 1, 0, 0
158059, 512, 1, 0, 0
159059, 768, 0, 0, 0
159059, 512, 1, 0, 0
160060, 256, 1, 0, 0
161060, 256, 1, 0, 0
164062, 256, 1, 0, 0
165062, 512, 0, 0, 0
165062, 1024, 1, 0, 0
167064, 256, 0, 0, 0
167064, 512, 1, 0, 0
168064, 512, 1, 0, 0
169064, 256, 0, 0, 0
169064, 1280, 1, 0, 0
170065, 256, 0, 0, 0
172066, 256, 0, 0, 0
173066, 256, 1, 0, 0
174067, 256, 1, 0, 0
175067, 512, 0, 0, 0
175067, 256, 1, 0, 0
176068, 512, 0, 0, 0
176068, 256, 1, 0, 0
177068, 768, 1, 0, 0
