22000, 1537, 1, 0, 0
23000, 1537, 1, 0, 0
24000, 2816, 1, 0, 0
25000, 2050, 1, 0, 0
25999, 1793, 1, 0, 0
27000, 2304, 1, 0, 0
28000, 1280, 1, 0, 0
29000, 256, 0, 0, 0
29000, 2818, 1, 0, 0
30000, 512, 0, 0, 0
30000, 2048, 1, 0, 0
31001, 1536, 0, 0, 0
31001, 1280, 1, 0, 0
32000, 256, 0, 0, 0
32000, 1793, 1, 0, 0
33001, 1280, 0, 0, 0
33001, 1536, 1, 0, 0
35000, 512, 0, 0, 0
35000, 256, 1, 0, 0
36000, 256, 0, 0, 0
36000, 1024, 1, 0, 0
37001, 256, 1, 0, 0
38000, 768, 0, 0, 0
38000, 1793, 1, 0, 0
39000, 768, 0, 0, 0
39000, 1025, 1, 0, 0
40001, 512, 0, 0, 0
40001, 1024, 1, 0, 0
41000, 256, 0, 0, 0
41000, 1025, 1, 0, 0
42001, 256, 0, 0, 0
42001, 768, 1, 0, 0
43000, 1025, 1, 0, 0
44001, 256, 1, 0, 0
45000, 512, 0, 0, 0
46000, 256, 0, 0, 0
46000, 768, 1, 0, 0
47000, 1281, 0, 0, 0
47000, 1025, 1, 0, 0
48000, 512, 0, 0, 0
48000, 256, 1, 0, 0
49000, 256, 0, 0, 0
49000, 768, 1, 0, 0
50000, 1024, 1, 0, 0
51001, 1024, 0, 0, 0
51001, 512, 1, 0, 0
52000, 256, 0, 0, 0
52000, 512, 1, 0, 0
53000, 512, 0, 0, 0
53000, 512, 1, 0, 0
54000, 512, 0, 0, 0
54000, 256, 1, 0, 0
55000, 512, 0, 0, 0
55000, 512, 1, 0, 0
56000, 1281, 0, 0, 0
56000, 512, 1, 0, 0
57000, 256, 0, 0, 0
57000, 512, 1, 0, 0
58000, 1025, 0, 0, 0
58000, 768, 1, 0, 0
59000, 512, 0, 0, 0
59000, 1280, 1, 0, 0
60000, 768, 0, 0, 0
60000, 1793, 1, 0, 0
61000, 512, 0, 0, 0
61000, 1536, 1, 0, 0
62000, 768, 0, 0, 0
62000, 1281, 1, 0, 0
63000, 768, 0, 0, 0
63000, 768, 1, 0, 0
64001, 256, 0, 0, 0
64001, 1536, 1, 0, 0
65000, 512, 1, 0, 0
67000, 512, 0, 0, 0
68001, 256, 0, 0, 0
68001, 3072, 1, 0, 0
69000, 256, 0, 0, 0
69000, 512, 1, 0, 0
70000, 256, 1, 0, 0
71000, 512, 0, 0, 0
71000, 768, 1, 0, 0
72000, 512, 0, 0, 0
72000, 256, 1, 0, 0
73000, 256, 0, 0, 0
73000, 1280, 1, 0, 0
74000, 512, 0, 0, 0
74000, 512, 1, 0, 0
75000, 512, 0, 0, 0
75000, 1792, 1, 0, 0
76001, 1536, 0, 0, 0
76001, 256, 1, 0, 0
77000, 1281, 1, 0, 0
78001, 1024, 0, 0, 0
78001, 1792, 1, 0, 0
79000, 1281, 0, 0, 0
79000, 768, 1, 0, 0
80001, 768, 1, 0, 0
81000, 1281, 1, 0, 0
84001, 768, 1, 0, 0
85000, 256, 0, 0, 0
85000, 2562, 1, 0, 0
86000, 256, 0, 0, 0
86000, 2048, 1, 0, 0
87000, 1281, 0, 0, 0
87000, 2050, 1, 0, 0
88000, 512, 0, 0, 0
88000, 1792, 1, 0, 0
89000, 512, 0, 0, 0
89000, 1537, 1, 0, 0
90000, 1024, 0, 0, 0
90000, 2048, 1, 0, 0
91000, 256, 0, 0, 0
91000, 1537, 1, 0, 0
92000, 768, 0, 0, 0
92000, 1536, 1, 0, 0
93000, 768, 0, 0, 0
93000, 512, 1, 0, 0
94000, 512, 0, 0, 0
94000, 1792, 1, 0, 0
95000, 512, 1, 0, 0
96000, 256, 0, 0, 0
96000, 256, 1, 0, 0
97000, 256, 0, 0, 0
97000, 256, 1, 0, 0
98000, 768, 0, 0, 0
98000, 1536, 1, 0, 0
99000, 1025, 0, 0, 0
99000, 1793, 1, 0, 0
100000, 512, 0, 0, 0
100000, 256, 1, 0, 0
101000, 512, 0, 0, 0
101000, 512, 1, 0, 0
102000, 1024, 0, 0, 0
103000, 1025, 1, 0, 0
104000, 256, 1, 0, 0
105000, 1793, 0, 0, 0
105000, 1537, 1, 0, 0
106000, 1024, 1, 0, 0
107000, 1537, 0, 0, 0
108000, 512, 1, 0, 0
109000, 256, 0, 0, 0
109000, 256, 1, 0, 0
110000, 256, 1, 0, 0
111001, 256, 0, 0, 0
111001, 1280, 1, 0, 0
112000, 512, 0, 0, 0
112000, 512, 1, 0, 0
113001, 1280, 1, 0, 0
114000, 256, 0, 0, 0
114000, 512, 1, 0, 0
115000, 768, 0, 0, 0
115000, 1537, 1, 0, 0
116000, 512, 1, 0, 0
117000, 256, 0, 0, 0
117000, 512, 1, 0, 0
118000, 768, 0, 0, 0
118000, 512, 1, 0, 0
119001, 1024, 0, 0, 0
119001, 1536, 1, 0, 0
120000, 512, 0, 0, 0
120000, 768, 1, 0, 0
121000, 256, 0, 0, 0
121000, 768, 1, 0, 0
122000, 256, 1, 0, 0
123000, 768, 0, 0, 0
123000, 512, 1, 0, 0
124000, 1281, 0, 0, 0
124000, 768, 1, 0, 0
125000, 768, 0, 0, 0
125000, 1536, 1, 0, 0
126001, 256, 0, 0, 0
126001, 512, 1, 0, 0
127000, 768, 0, 0, 0
127000, 768, 1, 0, 0
128001, 1024, 0, 0, 0
128001, 256, 1, 0, 0
129000, 1025, 0, 0, 0
129000, 1537, 1, 0, 0
130000, 512, 0, 0, 0
130000, 512, 1, 0, 0
131000, 512, 0, 0, 0
131000, 512, 1, 0, 0
132000, 256, 1, 0, 0
133000, 1025, 0, 0, 0
133000, 2306, 1, 0, 0
134000, 256, 1, 0, 0
135001, 512, 0, 0, 0
136000, 1025, 0, 0, 0
136000, 1281, 1, 0, 0
137001, 1280, 0, 0, 0
137001, 768, 1, 0, 0
138001, 256, 0, 0, 0
138001, 768, 1, 0, 0
139000, 512, 0, 0, 0
139000, 1025, 1, 0, 0
140000, 1280, 0, 0, 0
140000, 1024, 1, 0, 0
142000, 1024, 1, 0, 0
143000, 1537, 0, 0, 0
143000, 2050, 1, 0, 0
144000, 768, 0, 0, 0
144000, 768, 1, 0, 0
145000, 768, 0, 0, 0
145000, 768, 1, 0, 0
146000, 768, 0, 0, 0
146000, 768, 1, 0, 0
147000, 512, 0, 0, 0
147000, 512, 1, 0, 0
148000, 768, 0, 0, 0
148000, 1281, 1, 0, 0
149000, 1024, 0, 0, 0
149000, 1280, 1, 0, 0
150000, 1025, 1, 0, 0
151000, 256, 0, 0, 0
151000, 1024, 1, 0, 0
152000, 1281, 0, 0, 0
152000, 1025, 1, 0, 0
153001, 512, 1, 0, 0
154000, 3075, 0, 0, 0
154000, 1537, 1, 0, 0
155000, 256, 0, 0, 0
155000, 768, 1, 0, 0
156000, 512, 0, 0, 0
156000, 512, 1, 0, 0
157000, 512, 0, 0, 0
157000, 1024, 1, 0, 0
158000, 512, 1, 0, 0
159000, 768, 0, 0, 0
159000, 1536, 1, 0, 0
160000, 768, 0, 0, 0
160000, 256, 1, 0, 0
161000, 512, 0, 0, 0
161000, 1536, 1, 0, 0
162000, 512, 0, 0, 0
162000, 256, 1, 0, 0
163000, 256, 0, 0, 0
163000, 1280, 1, 0, 0
164000, 768, 0, 0, 0
164000, 768, 1, 0, 0
165001, 2048, 0, 0, 0
165001, 1024, 1, 0, 0
166000, 512, 0, 0, 0
166000, 1793, 1, 0, 0
167000, 1025, 1, 0, 0
168000, 512, 1, 0, 0
169001, 768, 0, 0, 0
169001, 256, 1, 0, 0
170000, 1281, 0, 0, 0
170000, 768, 1, 0, 0
171001, 1024, 0, 0, 0
171001, 2816, 1, 0, 0
172000, 256, 0, 0, 0
172000, 768, 1, 0, 0
173001, 512, 1, 0, 0
174000, 1793, 0, 0, 0
174000, 1793, 1, 0, 0
175001, 1024, 0, 0, 0
175001, 768, 1, 0, 0
176000, 256, 0, 0, 0
176000, 512, 1, 0, 0
177001, 1792, 0, 0, 0
177001, 1280, 1, 0, 0
178000, 256, 0, 0, 0
178000, 256, 1, 0, 0
179001, 256, 0, 0, 0
179001, 768, 1, 0, 0
180000, 768, 0, 0, 0
180000, 768, 1, 0, 0
