22004, 1281, 1, 0, 0
23004, 768, 1, 0, 0
26003, 3075, 1, 0, 0
27004, 1024, 1, 0, 0
28004, 768, 1, 0, 0
29004, 768, 1, 0, 0
30004, 2048, 1, 0, 0
31004, 1280, 1, 0, 0
32004, 1025, 1, 0, 0
33004, 1024, 1, 0, 0
34004, 1025, 1, 0, 0
35003, 768, 0, 0, 0
35003, 1025, 1, 0, 0
36004, 256, 0, 0, 0
36004, 256, 1, 0, 0
37004, 512, 0, 0, 0
38004, 1025, 0, 0, 0
38004, 2050, 1, 0, 0
39003, 256, 0, 0, 0
39003, 512, 1, 0, 0
40004, 256, 1, 0, 0
41004, 512, 1, 0, 0
42004, 768, 1, 0, 0
43004, 256, 0, 0, 0
43004, 256, 1, 0, 0
44004, 1024, 1, 0, 0
46004, 512, 1, 0, 0
47004, 256, 0, 0, 0
47004, 256, 1, 0, 0
49003, 256, 1, 0, 0
50004, 1536, 1, 0, 0
51004, 256, 1, 0, 0
52004, 256, 0, 0, 0
52004, 256, 1, 0, 0
53004, 1792, 1, 0, 0
54004, 1025, 0, 0, 0
54004, 256, 1, 0, 0
55004, 256, 1, 0, 0
56004, 256, 0, 0, 0
56004, 768, 1, 0, 0
57004, 1280, 0, 0, 0
57004, 1536, 1, 0, 0
58004, 1281, 0, 0, 0
58004, 768, 1, 0, 0
59004, 768, 0, 0, 0
59004, 512, 1, 0, 0
60004, 512, 0, 0, 0
60004, 1281, 1, 0, 0
61004, 256, 0, 0, 0
61004, 256, 1, 0, 0
62003, 256, 0, 0, 0
63004, 512, 0, 0, 0
63004, 256, 1, 0, 0
64004, 256, 1, 0, 0
65004, 256, 1, 0, 0
66004, 1280, 1, 0, 0
67004, 1025, 1, 0, 0
68004, 768, 1, 0, 0
69004, 768, 1, 0, 0
70003, 768, 1, 0, 0
71004, 256, 0, 0, 0
71004, 1536, 1, 0, 0
72003, 256, 1, 0, 0
73004, 1280, 1, 0, 0
74003, 768, 1, 0, 0
75004, 512, 0, 0, 0
75004, 768, 1, 0, 0
76004, 256, 1, 0, 0
77004, 1025, 1, 0, 0
78004, 768, 0, 0, 0
78004, 1024, 1, 0, 0
79004, 1025, 1, 0, 0
80004, 256, 0, 0, 0
80004, 768, 1, 0, 0
81004, 768, 0, 0, 0
81004, 768, 1, 0, 0
82004, 1024, 0, 0, 0
82004, 1024, 1, 0, 0
83004, 1537, 0, 0, 0
83004, 768, 1, 0, 0
84004, 768, 0, 0, 0
84004, 1536, 1, 0, 0
85004, 512, 1, 0, 0
86004, 1536, 1, 0, 0
87004, 256, 0, 0, 0
87004, 1025, 1, 0, 0
88004, 768, 0, 0, 0
88004, 768, 1, 0, 0
89004, 256, 0, 0, 0
89004, 512, 1, 0, 0
90004, 768, 0, 0, 0
90004, 2048, 1, 0, 0
91004, 256, 0, 0, 0
91004, 1025, 1, 0, 0
92004, 768, 1, 0, 0
93004, 512, 0, 0, 0
93004, 1537, 1, 0, 0
94004, 1536, 0, 0, 0
94004, 512, 1, 0, 0
95004, 512, 1, 0, 0
98004, 256, 0, 0, 0
98004, 768, 1, 0, 0
99004, 256, 0, 0, 0
99004, 1281, 1, 0, 0
100004, 512, 0, 0, 0
100004, 1280, 1, 0, 0
101004, 1281, 0, 0, 0
101004, 768, 1, 0, 0
102004, 512, 0, 0, 0
102004, 256, 1, 0, 0
104004, 256, 0, 0, 0
104004, 512, 1, 0, 0
105004, 256, 0, 0, 0
105004, 256, 1, 0, 0
106004, 512, 0, 0, 0
106004, 2048, 1, 0, 0
107004, 1281, 0, 0, 0
107004, 1281, 1, 0, 0
108004, 768, 0, 0, 0
108004, 2048, 1, 0, 0
109003, 256, 0, 0, 0
109003, 1025, 1, 0, 0
110004, 768, 0, 0, 0
110004, 512, 1, 0, 0
111004, 512, 0, 0, 0
111004, 1536, 1, 0, 0
112004, 1537, 0, 0, 0
112004, 2050, 1, 0, 0
113004, 256, 0, 0, 0
115004, 256, 0, 0, 0
115004, 768, 1, 0, 0
117003, 256, 1, 0, 0
118004, 256, 0, 0, 0
119004, 1536, 1, 0, 0
120004, 512, 0, 0, 0
120004, 256, 1, 0, 0
121004, 1024, 0, 0, 0
121004, 2048, 1, 0, 0
122004, 512, 0, 0, 0
122004, 768, 1, 0, 0
123004, 1280, 1, 0, 0
124003, 512, 0, 0, 0
125004, 1280, 0, 0, 0
125004, 1536, 1, 0, 0
126004, 512, 1, 0, 0
127004, 512, 0, 0, 0
127004, 512, 1, 0, 0
128004, 1280, 0, 0, 0
128004, 256, 1, 0, 0
129004, 512, 0, 0, 0
130004, 256, 0, 0, 0
131004, 512, 0, 0, 0
131004, 1281, 1, 0, 0
132004, 256, 0, 0, 0
132004, 2560, 1, 0, 0
133003, 1025, 0, 0, 0
133003, 2050, 1, 0, 0
134004, 768, 0, 0, 0
134004, 2048, 1, 0, 0
135004, 512, 0, 0, 0
135004, 2816, 1, 0, 0
136004, 768, 0, 0, 0
136004, 768, 1, 0, 0
137004, 256, 0, 0, 0
138004, 512, 0, 0, 0
138004, 1793, 1, 0, 0
139004, 512, 1, 0, 0
140004, 512, 0, 0, 0
140004, 768, 1, 0, 0
141004, 1025, 0, 0, 0
141004, 1281, 1, 0, 0
142004, 256, 0, 0, 0
142004, 256, 1, 0, 0
143004, 512, 0, 0, 0
144004, 256, 0, 0, 0
144004, 768, 1, 0, 0
145004, 768, 1, 0, 0
146004, 1280, 1, 0, 0
147004, 256, 0, 0, 0
147004, 1537, 1, 0, 0
148003, 768, 1, 0, 0
149004, 1024, 1, 0, 0
150004, 256, 0, 0, 0
152004, 512, 0, 0, 0
152004, 1281, 1, 0, 0
153004, 256, 0, 0, 0
153004, 1024, 1, 0, 0
154004, 256, 0, 0, 0
155004, 256, 0, 0, 0
155004, 512, 1, 0, 0
156004, 256, 0, 0, 0
156004, 512, 1, 0, 0
157004, 1280, 0, 0, 0
157004, 1536, 1, 0, 0
158004, 256, 0, 0, 0
159004, 512, 1, 0, 0
160004, 1025, 1, 0, 0
161004, 256, 0, 0, 0
161004, 1792, 1, 0, 0
162004, 1281, 0, 0, 0
162004, 512, 1, 0, 0
163004, 512, 0, 0, 0
163004, 1280, 1, 0, 0
164004, 256, 1, 0, 0
165004, 2816, 1, 0, 0
166004, 256, 0, 0, 0
166004, 768, 1, 0, 0
167003, 256, 0, 0, 0
167003, 768, 1, 0, 0
168004, 256, 1, 0, 0
169004, 768, 0, 0, 0
169004, 1536, 1, 0, 0
170004, 256, 1, 0, 0
171004, 256, 0, 0, 0
171004, 1024, 1, 0, 0
172004, 768, 0, 0, 0
172004, 768, 1, 0, 0
173004, 256, 0, 0, 0
173004, 1536, 1, 0, 0
174004, 256, 0, 0, 0
174004, 256, 1, 0, 0
175004, 256, 0, 0, 0
176004, 1025, 1, 0, 0
177004, 256, 0, 0, 0
177004, 512, 1, 0, 0
179004, 512, 0, 0, 0
179004, 512, 1, 0, 0
180004, 1793, 1, 0, 0
