21010, 512, 1, 0, 0
22010, 1024, 1, 0, 0
23011, 256, 1, 0, 0
24012, 1024, 1, 0, 0
25012, 512, 1, 0, 0
26012, 1024, 1, 0, 0
27013, 1024, 1, 0, 0
28014, 1792, 1, 0, 0
29014, 1792, 1, 0, 0
30014, 256, 1, 0, 0
31015, 1024, 1, 0, 0
32015, 1024, 1, 0, 0
33016, 512, 1, 0, 0
34016, 256, 1, 0, 0
35017, 768, 0, 0, 0
35017, 1280, 1, 0, 0
36017, 512, 0, 0, 0
36017, 1536, 1, 0, 0
37018, 768, 1, 0, 0
38018, 512, 0, 0, 0
38018, 512, 1, 0, 0
39019, 768, 0, 0, 0
39019, 1024, 1, 0, 0
40018, 256, 0, 0, 0
40018, 256, 1, 0, 0
41019, 256, 0, 0, 0
42020, 512, 0, 0, 0
42020, 512, 1, 0, 0
44021, 256, 0, 0, 0
45021, 1280, 1, 0, 0
46022, 768, 1, 0, 0
47022, 512, 0, 0, 0
47022, 768, 1, 0, 0
48022, 512, 1, 0, 0
49023, 256, 0, 0, 0
49023, 768, 1, 0, 0
50023, 256, 0, 0, 0
50023, 256, 1, 0, 0
51024, 512, 1, 0, 0
53025, 1024, 1, 0, 0
54025, 1024, 0, 0, 0
54025, 768, 1, 0, 0
55026, 256, 0, 0, 0
55026, 512, 1, 0, 0
56026, 256, 0, 0, 0
56026, 768, 1, 0, 0
57027, 512, 0, 0, 0
57027, 1280, 1, 0, 0
58027, 512, 0, 0, 0
58027, 1280, 1, 0, 0
59028, 512, 1, 0, 0
60028, 512, 0, 0, 0
60028, 768, 1, 0, 0
61028, 1024, 0, 0, 0
61028, 1280, 1, 0, 0
62029, 256, 0, 0, 0
62029, 512, 1, 0, 0
63029, 1024, 0, 0, 0
63029, 768, 1, 0, 0
64030, 256, 0, 0, 0
64030, 768, 1, 0, 0
66031, 768, 0, 0, 0
67031, 768, 0, 0, 0
67031, 1280, 1, 0, 0
68032, 512, 1, 0, 0
69032, 1792, 1, 0, 0
70033, 256, 0, 0, 0
70033, 768, 1, 0, 0
72034, 512, 1, 0, 0
73034, 1024, 1, 0, 0
74035, 1536, 1, 0, 0
75035, 1024, 1, 0, 0
76036, 1024, 1, 0, 0
77036, 512, 1, 0, 0
78037, 512, 1, 0, 0
79037, 1024, 1, 0, 0
80038, 1792, 1, 0, 0
81038, 512, 0, 0, 0
81038, 768, 1, 0, 0
82039, 1024, 0, 0, 0
82039, 1536, 1, 0, 0
83039, 256, 1, 0, 0
84040, 512, 0, 0, 0
84040, 768, 1, 0, 0
85040, 512, 0, 0, 0
85040, 768, 1, 0, 0
86041, 256, 0, 0, 0
86041, 256, 1, 0, 0
87041, 768, 0, 0, 0
87041, 1024, 1, 0, 0
88042, 768, 0, 0, 0
88042, 1024, 1, 0, 0
89042, 256, 0, 0, 0
89042, 512, 1, 0, 0
90043, 256, 0, 0, 0
90043, 512, 1, 0, 0
91043, 1024, 0, 0, 0
91043, 256, 1, 0, 0
92044, 512, 0, 0, 0
92044, 256, 1, 0, 0
93044, 512, 0, 0, 0
93044, 512, 1, 0, 0
94045, 1280, 0, 0, 0
94045, 768, 1, 0, 0
95045, 512, 0, 0, 0
95045, 3584, 1, 0, 0
96046, 256, 0, 0, 0
96046, 512, 1, 0, 0
97046, 1024, 0, 0, 0
97046, 256, 1, 0, 0
98047, 512, 0, 0, 0
98047, 2816, 1, 0, 0
99047, 512, 0, 0, 0
99047, 1536, 1, 0, 0
100048, 1792, 0, 0, 0
100048, 768, 1, 0, 0
101048, 768, 0, 0, 0
101048, 1536, 1, 0, 0
102049, 512, 0, 0, 0
102049, 256, 1, 0, 0
103049, 256, 0, 0, 0
103049, 1024, 1, 0, 0
104050, 768, 0, 0, 0
104050, 2304, 1, 0, 0
105050, 512, 0, 0, 0
105050, 1280, 1, 0, 0
106051, 256, 0, 0, 0
106051, 512, 1, 0, 0
107051, 256, 0, 0, 0
107051, 512, 1, 0, 0
108051, 512, 0, 0, 0
108051, 768, 1, 0, 0
109052, 2048, 0, 0, 0
109052, 256, 1, 0, 0
111053, 3072, 1, 0, 0
112053, 256, 0, 0, 0
112053, 256, 1, 0, 0
113054, 512, 0, 0, 0
115055, 512, 0, 0, 0
115055, 1536, 1, 0, 0
116055, 256, 0, 0, 0
116055, 256, 1, 0, 0
117056, 512, 0, 0, 0
118056, 512, 0, 0, 0
118056, 1792, 1, 0, 0
119057, 512, 1, 0, 0
120057, 256, 0, 0, 0
120057, 256, 1, 0, 0
121058, 768, 0, 0, 0
121058, 1024, 1, 0, 0
122058, 512, 0, 0, 0
122058, 768, 1, 0, 0
123059, 256, 0, 0, 0
123059, 512, 1, 0, 0
124059, 512, 0, 0, 0
124059, 768, 1, 0, 0
125059, 768, 0, 0, 0
125059, 256, 1, 0, 0
126060, 1024, 0, 0, 0
126060, 1792, 1, 0, 0
127060, 256, 0, 0, 0
127060, 1280, 1, 0, 0
128061, 256, 0, 0, 0
128061, 256, 1, 0, 0
129061, 768, 1, 0, 0
130062, 512, 0, 0, 0
130062, 1024, 1, 0, 0
131062, 1024, 0, 0, 0
131062, 1536, 1, 0, 0
132062, 2048, 0, 0, 0
132062, 1536, 1, 0, 0
133063, 512, 0, 0, 0
133063, 1024, 1, 0, 0
134063, 256, 0, 0, 0
135064, 512, 0, 0, 0
135064, 768, 1, 0, 0
136064, 1024, 1, 0, 0
137065, 768, 0, 0, 0
137065, 512, 1, 0, 0
138066, 768, 0, 0, 0
138066, 2304, 1, 0, 0
140067, 256, 0, 0, 0
141067, 256, 0, 0, 0
141067, 2048, 1, 0, 0
142068, 768, 1, 0, 0
143068, 512, 0, 0, 0
143068, 768, 1, 0, 0
144069, 512, 0, 0, 0
144069, 2048, 1, 0, 0
145069, 512, 0, 0, 0
145069, 2304, 1, 0, 0
146070, 256, 0, 0, 0
146070, 1536, 1, 0, 0
147070, 768, 0, 0, 0
147070, 1024, 1, 0, 0
148071, 512, 0, 0, 0
148071, 1280, 1, 0, 0
150072, 256, 1, 0, 0
151073, 512, 0, 0, 0
152073, 512, 0, 0, 0
153074, 768, 0, 0, 0
153074, 1024, 1, 0, 0
154074, 256, 0, 0, 0
154074, 2304, 1, 0, 0
155075, 1024, 0, 0, 0
155075, 768, 1, 0, 0
156075, 512, 0, 0, 0
156075, 512, 1, 0, 0
157076, 768, 0, 0, 0
157076, 1024, 1, 0, 0
158076, 768, 0, 0, 0
158076, 256, 1, 0, 0
159077, 256, 0, 0, 0
161078, 1536, 0, 0, 0
161078, 256, 1, 0, 0
162078, 768, 1, 0, 0
163079, 256, 1, 0, 0
164079, 256, 0, 0, 0
164079, 1280, 1, 0, 0
165080, 256, 1, 0, 0
166080, 256, 0, 0, 0
166080, 1536, 1, 0, 0
167081, 1024, 1, 0, 0
168081, 256, 0, 0, 0
168081, 1280, 1, 0, 0
169082, 512, 0, 0, 0
169082, 1024, 1, 0, 0
172083, 256, 0, 0, 0
172083, 1536, 1, 0, 0
173084, 512, 1, 0, 0
174084, 1536, 0, 0, 0
174084, 768, 1, 0, 0
175085, 512, 0, 0, 0
175085, 256, 1, 0, 0
176085, 256, 1, 0, 0
177086, 256, 0, 0, 0
177086, 1280, 1, 0, 0
178086, 768, 0, 0, 0
178086, 768, 1, 0, 0
179087, 512, 0, 0, 0
179087, 768, 1, 0, 0
