22012, 512, 1, 0, 0
23013, 1536, 1, 0, 0
24014, 768, 1, 0, 0
25014, 1280, 1, 0, 0
26015, 1280, 1, 0, 0
27015, 2048, 1, 0, 0
28015, 1536, 1, 0, 0
29016, 1024, 1, 0, 0
30016, 1536, 1, 0, 0
31017, 1536, 1, 0, 0
32017, 256, 0, 0, 0
32017, 2560, 1, 0, 0
33018, 256, 0, 0, 0
33018, 1792, 1, 0, 0
34018, 768, 0, 0, 0
34018, 1024, 1, 0, 0
35019, 256, 0, 0, 0
35019, 512, 1, 0, 0
36019, 256, 0, 0, 0
36019, 768, 1, 0, 0
37020, 768, 0, 0, 0
37020, 768, 1, 0, 0
38020, 256, 0, 0, 0
38020, 256, 1, 0, 0
39021, 2048, 1, 0, 0
40022, 1278, 1, 0, 0
41023, 256, 0, 0, 0
41023, 3584, 1, 0, 0
43024, 512, 1, 0, 0
44025, 768, 0, 0, 0
44025, 1280, 1, 0, 0
45025, 512, 0, 0, 0
45025, 1536, 1, 0, 0
46026, 256, 0, 0, 0
46026, 256, 1, 0, 0
47026, 256, 0, 0, 0
47026, 512, 1, 0, 0
48026, 768, 0, 0, 0
49027, 768, 0, 0, 0
49027, 768, 1, 0, 0
50027, 512, 0, 0, 0
50027, 256, 1, 0, 0
51028, 1024, 1, 0, 0
52028, 256, 0, 0, 0
52028, 512, 1, 0, 0
53029, 1792, 0, 0, 0
53029, 1536, 1, 0, 0
54029, 512, 0, 0, 0
55030, 512, 0, 0, 0
56030, 1024, 0, 0, 0
56030, 256, 1, 0, 0
57031, 256, 0, 0, 0
57031, 256, 1, 0, 0
58031, 512, 0, 0, 0
58031, 512, 1, 0, 0
59031, 1025, 0, 0, 0
59031, 768, 1, 0, 0
60031, 256, 0, 0, 0
60031, 768, 1, 0, 0
61031, 256, 1, 0, 0
62031, 256, 0, 0, 0
62031, 1280, 1, 0, 0
63031, 1280, 0, 0, 0
63031, 768, 1, 0, 0
64031, 1281, 1, 0, 0
65031, 512, 0, 0, 0
65031, 1536, 1, 0, 0
66031, 512, 0, 0, 0
67031, 768, 1, 0, 0
68031, 256, 0, 0, 0
68031, 512, 1, 0, 0
69031, 1024, 0, 0, 0
69031, 1536, 1, 0, 0
70031, 1025, 1, 0, 0
71031, 256, 0, 0, 0
71031, 256, 1, 0, 0
72031, 512, 0, 0, 0
72031, 256, 1, 0, 0
73031, 256, 0, 0, 0
73031, 256, 1, 0, 0
74031, 1025, 1, 0, 0
75031, 256, 0, 0, 0
75031, 1280, 1, 0, 0
76031, 256, 0, 0, 0
76031, 768, 1, 0, 0
77031, 512, 0, 0, 0
77031, 768, 1, 0, 0
78031, 512, 0, 0, 0
78031, 512, 1, 0, 0
79031, 1536, 1, 0, 0
80031, 512, 0, 0, 0
81031, 512, 0, 0, 0
81031, 256, 1, 0, 0
82031, 256, 0, 0, 0
82031, 1025, 1, 0, 0
83031, 256, 0, 0, 0
83031, 256, 1, 0, 0
84031, 1537, 0, 0, 0
84031, 768, 1, 0, 0
85031, 768, 0, 0, 0
85031, 1536, 1, 0, 0
86031, 256, 1, 0, 0
87031, 768, 1, 0, 0
88031, 256, 0, 0, 0
88031, 1025, 1, 0, 0
89031, 512, 0, 0, 0
90031, 256, 1, 0, 0
91031, 256, 0, 0, 0
91031, 2304, 1, 0, 0
92031, 512, 0, 0, 0
92031, 512, 1, 0, 0
93031, 256, 1, 0, 0
94031, 512, 0, 0, 0
94031, 768, 1, 0, 0
95031, 256, 0, 0, 0
95031, 1024, 1, 0, 0
96031, 256, 0, 0, 0
96031, 768, 1, 0, 0
97031, 256, 0, 0, 0
97031, 256, 1, 0, 0
98031, 1281, 0, 0, 0
98031, 1537, 1, 0, 0
99031, 2816, 1, 0, 0
100031, 1025, 1, 0, 0
101031, 256, 0, 0, 0
101031, 1280, 1, 0, 0
102032, 768, 1, 0, 0
103032, 256, 0, 0, 0
103032, 256, 1, 0, 0
104033, 768, 1, 0, 0
105033, 256, 0, 0, 0
105033, 256, 1, 0, 0
106034, 512, 0, 0, 0
106034, 2048, 1, 0, 0
107034, 512, 0, 0, 0
108034, 256, 1, 0, 0
109035, 256, 0, 0, 0
109035, 256, 1, 0, 0
111036, 768, 1, 0, 0
112036, 768, 0, 0, 0
112036, 512, 1, 0, 0
113037, 512, 0, 0, 0
113037, 512, 1, 0, 0
114037, 512, 0, 0, 0
114037, 512, 1, 0, 0
115038, 256, 0, 0, 0
116038, 1536, 0, 0, 0
117039, 512, 0, 0, 0
118039, 1280, 0, 0, 0
118039, 3584, 1, 0, 0
119040, 256, 0, 0, 0
119040, 2304, 1, 0, 0
120040, 512, 0, 0, 0
120040, 1536, 1, 0, 0
121041, 1024, 0, 0, 0
121041, 1536, 1, 0, 0
122041, 1024, 1, 0, 0
123042, 256, 0, 0, 0
123042, 256, 1, 0, 0
124042, 256, 0, 0, 0
124042, 512, 1, 0, 0
125042, 1024, 0, 0, 0
126043, 512, 0, 0, 0
126043, 512, 1, 0, 0
127043, 256, 1, 0, 0
128044, 512, 0, 0, 0
128044, 1536, 1, 0, 0
129044, 1024, 0, 0, 0
129044, 1536, 1, 0, 0
130045, 256, 0, 0, 0
130045, 1024, 1, 0, 0
131045, 768, 1, 0, 0
132045, 256, 0, 0, 0
132045, 1536, 1, 0, 0
133046, 512, 1, 0, 0
134046, 1792, 0, 0, 0
134046, 1536, 1, 0, 0
135047, 1280, 0, 0, 0
136047, 256, 0, 0, 0
136047, 2816, 1, 0, 0
137048, 256, 0, 0, 0
137048, 1536, 1, 0, 0
138049, 1024, 0, 0, 0
138049, 2048, 1, 0, 0
139049, 256, 0, 0, 0
139049, 256, 1, 0, 0
140050, 256, 1, 0, 0
141050, 768, 1, 0, 0
142051, 768, 1, 0, 0
143051, 256, 0, 0, 0
143051, 512, 1, 0, 0
144052, 256, 0, 0, 0
145052, 256, 1, 0, 0
146053, 512, 1, 0, 0
147053, 1280, 0, 0, 0
147053, 1280, 1, 0, 0
148054, 512, 0, 0, 0
148054, 1280, 1, 0, 0
149054, 512, 0, 0, 0
149054, 512, 1, 0, 0
150055, 512, 0, 0, 0
150055, 1280, 1, 0, 0
151056, 256, 0, 0, 0
151056, 1024, 1, 0, 0
152056, 256, 0, 0, 0
153057, 1792, 0, 0, 0
153057, 1536, 1, 0, 0
154057, 2048, 0, 0, 0
154057, 2816, 1, 0, 0
155058, 1792, 0, 0, 0
155058, 512, 1, 0, 0
156058, 2048, 1, 0, 0
157059, 768, 1, 0, 0
158059, 256, 0, 0, 0
158059, 1792, 1, 0, 0
159060, 512, 0, 0, 0
159060, 768, 1, 0, 0
160060, 256, 0, 0, 0
160060, 1280, 1, 0, 0
161061, 512, 0, 0, 0
161061, 768, 1, 0, 0
162061, 768, 0, 0, 0
162061, 2304, 1, 0, 0
163062, 256, 0, 0, 0
163062, 1024, 1, 0, 0
164062, 768, 0, 0, 0
165063, 512, 0, 0, 0
165063, 1792, 1, 0, 0
167064, 1024, 0, 0, 0
167064, 1280, 1, 0, 0
168064, 768, 0, 0, 0
169065, 1024, 0, 0, 0
169065, 1536, 1, 0, 0
170065, 768, 1, 0, 0
171066, 1024, 0, 0, 0
171066, 1792, 1, 0, 0
172066, 512, 0, 0, 0
172066, 512, 1, 0, 0
173067, 512, 0, 0, 0
173067, 768, 1, 0, 0
174067, 1280, 0, 0, 0
174067, 768, 1, 0, 0
175068, 512, 0, 0, 0
175068, 768, 1, 0, 0
176068, 256, 1, 0, 0
177069, 512, 0, 0, 0
177069, 512, 1, 0, 0
178069, 1024, 0, 0, 0
179070, 256, 0, 0, 0
179070, 1792, 1, 0, 0
