24012, 768, 1, 0, 0
25012, 768, 1, 0, 0
26013, 2816, 1, 0, 0
28014, 1280, 1, 0, 0
29014, 1280, 1, 0, 0
30014, 2816, 1, 0, 0
31015, 1280, 1, 0, 0
32015, 1024, 1, 0, 0
33016, 1024, 1, 0, 0
34016, 768, 1, 0, 0
35017, 512, 0, 0, 0
35017, 1280, 1, 0, 0
36017, 256, 0, 0, 0
36017, 768, 1, 0, 0
37018, 768, 0, 0, 0
37018, 2048, 1, 0, 0
38018, 1024, 0, 0, 0
38018, 1792, 1, 0, 0
39019, 256, 0, 0, 0
39019, 1280, 1, 0, 0
40018, 768, 0, 0, 0
40018, 1025, 1, 0, 0
41019, 512, 1, 0, 0
42020, 256, 1, 0, 0
43020, 256, 0, 0, 0
43020, 1280, 1, 0, 0
44021, 256, 0, 0, 0
44021, 256, 1, 0, 0
45021, 1280, 1, 0, 0
46021, 256, 0, 0, 0
46021, 256, 1, 0, 0
47021, 512, 0, 0, 0
47021, 1792, 1, 0, 0
48020, 768, 1, 0, 0
49021, 512, 0, 0, 0
50021, 512, 0, 0, 0
50021, 1536, 1, 0, 0
52022, 512, 0, 0, 0
52022, 1024, 1, 0, 0
53023, 512, 0, 0, 0
53023, 768, 1, 0, 0
54023, 512, 0, 0, 0
54023, 256, 1, 0, 0
55024, 512, 0, 0, 0
55024, 512, 1, 0, 0
56024, 256, 0, 0, 0
56024, 1280, 1, 0, 0
57025, 512, 0, 0, 0
57025, 1536, 1, 0, 0
58025, 768, 0, 0, 0
58025, 512, 1, 0, 0
59026, 1792, 1, 0, 0
60026, 768, 0, 0, 0
60026, 1280, 1, 0, 0
63027, 256, 0, 0, 0
64028, 512, 1, 0, 0
66029, 512, 0, 0, 0
66029, 512, 1, 0, 0
67029, 1280, 1, 0, 0
69030, 768, 1, 0, 0
70031, 1280, 1, 0, 0
71031, 512, 1, 0, 0
73032, 1024, 1, 0, 0
74033, 256, 1, 0, 0
75033, 1280, 1, 0, 0
76034, 256, 0, 0, 0
76034, 256, 1, 0, 0
77034, 2304, 1, 0, 0
78035, 768, 0, 0, 0
78035, 768, 1, 0, 0
79035, 768, 0, 0, 0
80036, 512, 0, 0, 0
80036, 512, 1, 0, 0
81036, 1024, 0, 0, 0
81036, 1536, 1, 0, 0
82037, 256, 0, 0, 0
82037, 256, 1, 0, 0
83037, 1280, 0, 0, 0
84038, 1024, 0, 0, 0
85038, 512, 0, 0, 0
85038, 2816, 1, 0, 0
87039, 512, 0, 0, 0
87039, 2048, 1, 0, 0
88040, 512, 0, 0, 0
88040, 1280, 1, 0, 0
89040, 256, 0, 0, 0
89040, 256, 1, 0, 0
90041, 1024, 1, 0, 0
91041, 2304, 1, 0, 0
92042, 256, 0, 0, 0
92042, 1024, 1, 0, 0
93042, 1024, 0, 0, 0
94043, 256, 0, 0, 0
95043, 512, 0, 0, 0
95043, 256, 1, 0, 0
96044, 256, 1, 0, 0
97044, 768, 1, 0, 0
98045, 768, 0, 0, 0
98045, 1280, 1, 0, 0
99045, 256, 0, 0, 0
99045, 768, 1, 0, 0
100046, 1024, 1, 0, 0
101046, 512, 1, 0, 0
102047, 1024, 1, 0, 0
103047, 768, 0, 0, 0
103047, 256, 1, 0, 0
104048, 256, 0, 0, 0
104048, 768, 1, 0, 0
105048, 768, 0, 0, 0
105048, 2048, 1, 0, 0
106049, 512, 0, 0, 0
106049, 1024, 1, 0, 0
107049, 768, 0, 0, 0
107049, 768, 1, 0, 0
108049, 256, 1, 0, 0
109050, 768, 1, 0, 0
110050, 256, 0, 0, 0
111051, 1024, 0, 0, 0
113052, 512, 0, 0, 0
113052, 512, 1, 0, 0
114052, 768, 0, 0, 0
114052, 1792, 1, 0, 0
115053, 768, 0, 0, 0
115053, 1536, 1, 0, 0
116053, 512, 1, 0, 0
117054, 768, 1, 0, 0
118054, 1024, 0, 0, 0
118054, 2304, 1, 0, 0
119055, 1280, 0, 0, 0
119055, 1024, 1, 0, 0
120055, 1280, 0, 0, 0
120055, 512, 1, 0, 0
121056, 1024, 1, 0, 0
122056, 256, 0, 0, 0
122056, 256, 1, 0, 0
123057, 512, 1, 0, 0
124057, 256, 0, 0, 0
125057, 1024, 1, 0, 0
126058, 1024, 0, 0, 0
126058, 1792, 1, 0, 0
128059, 512, 0, 0, 0
128059, 2304, 1, 0, 0
129059, 1024, 0, 0, 0
129059, 1792, 1, 0, 0
130060, 512, 0, 0, 0
130060, 256, 1, 0, 0
131060, 256, 1, 0, 0
132060, 2048, 0, 0, 0
132060, 2560, 1, 0, 0
133061, 1536, 0, 0, 0
133061, 1280, 1, 0, 0
134061, 512, 1, 0, 0
135062, 1024, 0, 0, 0
135062, 768, 1, 0, 0
136062, 1280, 0, 0, 0
136062, 1536, 1, 0, 0
137063, 512, 0, 0, 0
137063, 1536, 1, 0, 0
138064, 256, 0, 0, 0
138064, 1024, 1, 0, 0
139064, 1024, 0, 0, 0
139064, 1536, 1, 0, 0
140065, 768, 0, 0, 0
140065, 768, 1, 0, 0
142066, 256, 0, 0, 0
142066, 2048, 1, 0, 0
143066, 256, 0, 0, 0
143066, 768, 1, 0, 0
144067, 1792, 0, 0, 0
144067, 1280, 1, 0, 0
145067, 256, 1, 0, 0
146068, 512, 0, 0, 0
146068, 1024, 1, 0, 0
147068, 1024, 0, 0, 0
147068, 1280, 1, 0, 0
149069, 1280, 0, 0, 0
150070, 768, 0, 0, 0
150070, 1536, 1, 0, 0
151071, 768, 0, 0, 0
151071, 1024, 1, 0, 0
152071, 512, 0, 0, 0
152071, 1280, 1, 0, 0
153072, 1280, 0, 0, 0
153072, 768, 1, 0, 0
154072, 512, 0, 0, 0
154072, 2048, 1, 0, 0
155073, 768, 0, 0, 0
155073, 1024, 1, 0, 0
156073, 512, 0, 0, 0
156073, 1024, 1, 0, 0
157074, 512, 0, 0, 0
157074, 1024, 1, 0, 0
158074, 768, 0, 0, 0
158074, 768, 1, 0, 0
160075, 1536, 1, 0, 0
161076, 256, 0, 0, 0
162076, 256, 0, 0, 0
163077, 1024, 0, 0, 0
165078, 256, 0, 0, 0
165078, 1024, 1, 0, 0
166078, 768, 0, 0, 0
166078, 2048, 1, 0, 0
167079, 768, 0, 0, 0
167079, 2048, 1, 0, 0
168079, 1024, 0, 0, 0
168079, 1024, 1, 0, 0
169080, 768, 0, 0, 0
169080, 1024, 1, 0, 0
170080, 512, 0, 0, 0
170080, 768, 1, 0, 0
171081, 512, 0, 0, 0
171081, 1792, 1, 0, 0
172081, 768, 0, 0, 0
172081, 2560, 1, 0, 0
173082, 768, 1, 0, 0
174082, 256, 0, 0, 0
174082, 512, 1, 0, 0
175083, 1280, 0, 0, 0
175083, 512, 1, 0, 0
176083, 1280, 0, 0, 0
176083, 1280, 1, 0, 0
177084, 256, 1, 0, 0
178084, 256, 0, 0, 0
178084, 768, 1, 0, 0
179085, 768, 0, 0, 0
179085, 512, 1, 0, 0
