22011, 1280, 1, 0, 0
23012, 1024, 1, 0, 0
24011, 256, 1, 0, 0
25012, 3328, 1, 0, 0
26012, 3072, 1, 0, 0
27013, 2560, 1, 0, 0
28013, 1024, 1, 0, 0
29014, 2560, 1, 0, 0
30014, 1280, 0, 0, 0
30014, 768, 1, 0, 0
31015, 768, 0, 0, 0
31015, 1024, 1, 0, 0
32015, 256, 0, 0, 0
32015, 1024, 1, 0, 0
33016, 256, 1, 0, 0
34016, 256, 0, 0, 0
34016, 256, 1, 0, 0
35017, 1024, 0, 0, 0
35017, 1024, 1, 0, 0
36017, 256, 0, 0, 0
36017, 768, 1, 0, 0
37017, 256, 0, 0, 0
37017, 1024, 1, 0, 0
38018, 1280, 1, 0, 0
39019, 256, 0, 0, 0
39019, 768, 1, 0, 0
40018, 512, 0, 0, 0
40018, 1793, 1, 0, 0
41019, 512, 0, 0, 0
41019, 768, 1, 0, 0
43020, 256, 0, 0, 0
43020, 512, 1, 0, 0
44020, 256, 1, 0, 0
45021, 512, 0, 0, 0
46021, 768, 0, 0, 0
46021, 1024, 1, 0, 0
47022, 256, 0, 0, 0
47022, 1024, 1, 0, 0
48022, 256, 0, 0, 0
48022, 1024, 1, 0, 0
49023, 256, 0, 0, 0
49023, 512, 1, 0, 0
50023, 256, 0, 0, 0
50023, 1024, 1, 0, 0
51023, 256, 0, 0, 0
51023, 768, 1, 0, 0
52024, 256, 0, 0, 0
52024, 512, 1, 0, 0
53024, 512, 1, 0, 0
54025, 256, 0, 0, 0
55025, 1280, 0, 0, 0
55025, 256, 1, 0, 0
56026, 256, 0, 0, 0
56026, 512, 1, 0, 0
57026, 1024, 0, 0, 0
57026, 512, 1, 0, 0
58027, 256, 0, 0, 0
58027, 256, 1, 0, 0
61028, 256, 0, 0, 0
61028, 512, 1, 0, 0
62029, 1280, 1, 0, 0
63029, 512, 0, 0, 0
63029, 512, 1, 0, 0
64030, 768, 1, 0, 0
65030, 1536, 1, 0, 0
66030, 1280, 1, 0, 0
67031, 1536, 1, 0, 0
68031, 768, 1, 0, 0
69032, 256, 0, 0, 0
70033, 256, 0, 0, 0
70033, 256, 1, 0, 0
71033, 512, 1, 0, 0
73034, 768, 1, 0, 0
74035, 2048, 1, 0, 0
75035, 768, 0, 0, 0
75035, 1792, 1, 0, 0
77036, 512, 0, 0, 0
78037, 512, 0, 0, 0
78037, 256, 1, 0, 0
79037, 1024, 0, 0, 0
79037, 1280, 1, 0, 0
80037, 1024, 0, 0, 0
80037, 1536, 1, 0, 0
81038, 1280, 1, 0, 0
82039, 256, 0, 0, 0
82039, 768, 1, 0, 0
83039, 512, 0, 0, 0
83039, 1024, 1, 0, 0
84039, 512, 0, 0, 0
84039, 256, 1, 0, 0
85040, 256, 0, 0, 0
85040, 1024, 1, 0, 0
86040, 1280, 1, 0, 0
87041, 256, 0, 0, 0
87041, 1280, 1, 0, 0
88041, 1024, 0, 0, 0
88041, 1280, 1, 0, 0
90042, 1536, 1, 0, 0
91043, 256, 0, 0, 0
91043, 768, 1, 0, 0
92043, 512, 0, 0, 0
92043, 2048, 1, 0, 0
93044, 256, 1, 0, 0
94044, 1024, 0, 0, 0
94044, 512, 1, 0, 0
95045, 512, 0, 0, 0
95045, 1792, 1, 0, 0
96045, 512, 1, 0, 0
97046, 1792, 0, 0, 0
97046, 1024, 1, 0, 0
98046, 256, 0, 0, 0
98046, 1280, 1, 0, 0
99047, 512, 0, 0, 0
99047, 768, 1, 0, 0
100047, 256, 0, 0, 0
100047, 512, 1, 0, 0
101048, 256, 0, 0, 0
101048, 512, 1, 0, 0
102048, 256, 1, 0, 0
103049, 512, 0, 0, 0
103049, 768, 1, 0, 0
104049, 512, 0, 0, 0
104049, 1280, 1, 0, 0
105050, 768, 0, 0, 0
105050, 1280, 1, 0, 0
106050, 1024, 0, 0, 0
107051, 256, 0, 0, 0
107051, 1536, 1, 0, 0
108051, 768, 0, 0, 0
108051, 1536, 1, 0, 0
109052, 1280, 1, 0, 0
110052, 512, 0, 0, 0
110052, 768, 1, 0, 0
111053, 256, 0, 0, 0
111053, 1536, 1, 0, 0
112053, 1536, 0, 0, 0
112053, 1024, 1, 0, 0
113054, 768, 0, 0, 0
113054, 768, 1, 0, 0
114054, 768, 0, 0, 0
114054, 512, 1, 0, 0
115055, 1024, 0, 0, 0
115055, 1536, 1, 0, 0
116055, 256, 0, 0, 0
116055, 768, 1, 0, 0
117056, 1280, 0, 0, 0
117056, 2304, 1, 0, 0
118056, 512, 0, 0, 0
118056, 1280, 1, 0, 0
119056, 512, 0, 0, 0
119056, 1792, 1, 0, 0
120057, 256, 0, 0, 0
120057, 256, 1, 0, 0
121057, 256, 0, 0, 0
121057, 256, 1, 0, 0
122058, 256, 0, 0, 0
122058, 512, 1, 0, 0
123058, 512, 0, 0, 0
123058, 256, 1, 0, 0
124059, 1280, 1, 0, 0
125059, 1024, 1, 0, 0
126059, 1280, 1, 0, 0
127060, 1536, 0, 0, 0
127060, 1024, 1, 0, 0
128060, 512, 1, 0, 0
129061, 768, 1, 0, 0
130061, 256, 0, 0, 0
130061, 1024, 1, 0, 0
132062, 512, 0, 0, 0
132062, 256, 1, 0, 0
133063, 1792, 1, 0, 0
134063, 512, 1, 0, 0
135064, 768, 0, 0, 0
135064, 1792, 1, 0, 0
136064, 512, 0, 0, 0
136064, 768, 1, 0, 0
137065, 256, 1, 0, 0
138065, 768, 1, 0, 0
140066, 256, 1, 0, 0
141067, 768, 0, 0, 0
141067, 1024, 1, 0, 0
142067, 256, 0, 0, 0
142067, 768, 1, 0, 0
143068, 512, 0, 0, 0
143068, 768, 1, 0, 0
144068, 768, 0, 0, 0
144068, 1536, 1, 0, 0
145069, 256, 1, 0, 0
146069, 512, 0, 0, 0
146069, 768, 1, 0, 0
147070, 512, 0, 0, 0
147070, 768, 1, 0, 0
148071, 1280, 1, 0, 0
149071, 512, 0, 0, 0
149071, 2048, 1, 0, 0
150072, 512, 0, 0, 0
150072, 1024, 1, 0, 0
151072, 1280, 0, 0, 0
151072, 512, 1, 0, 0
152073, 2048, 0, 0, 0
152073, 2816, 1, 0, 0
153073, 768, 0, 0, 0
153073, 1280, 1, 0, 0
154074, 768, 0, 0, 0
154074, 768, 1, 0, 0
155074, 1024, 0, 0, 0
155074, 1536, 1, 0, 0
156075, 512, 0, 0, 0
156075, 512, 1, 0, 0
157075, 2048, 1, 0, 0
158076, 768, 0, 0, 0
158076, 512, 1, 0, 0
159076, 256, 0, 0, 0
159076, 256, 1, 0, 0
160077, 512, 1, 0, 0
161077, 256, 0, 0, 0
161077, 512, 1, 0, 0
162078, 1536, 0, 0, 0
162078, 1792, 1, 0, 0
164079, 256, 0, 0, 0
164079, 1024, 1, 0, 0
165079, 256, 0, 0, 0
165079, 2304, 1, 0, 0
166080, 256, 0, 0, 0
166080, 256, 1, 0, 0
167081, 768, 0, 0, 0
167081, 768, 1, 0, 0
168081, 1280, 1, 0, 0
169082, 512, 0, 0, 0
169082, 768, 1, 0, 0
170082, 768, 0, 0, 0
170082, 768, 1, 0, 0
171083, 1024, 0, 0, 0
171083, 256, 1, 0, 0
172083, 512, 1, 0, 0
173084, 512, 0, 0, 0
173084, 2048, 1, 0, 0
174084, 256, 0, 0, 0
174084, 512, 1, 0, 0
175085, 256, 1, 0, 0
176085, 1536, 0, 0, 0
176085, 256, 1, 0, 0
177085, 2048, 1, 0, 0
178086, 512, 1, 0, 0
179086, 768, 0, 0, 0
179086, 512, 1, 0, 0
