18008, 256, 1, 0, 0
19008, 1536, 1, 0, 0
20009, 768, 1, 0, 0
21009, 2048, 1, 0, 0
22010, 1792, 1, 0, 0
23010, 3072, 1, 0, 0
24011, 1792, 1, 0, 0
25011, 256, 0, 0, 0
25011, 2816, 1, 0, 0
26012, 256, 0, 0, 0
26012, 1792, 1, 0, 0
27012, 512, 0, 0, 0
28013, 256, 1, 0, 0
29013, 1280, 0, 0, 0
29013, 768, 1, 0, 0
30014, 768, 0, 0, 0
30014, 1280, 1, 0, 0
31014, 256, 0, 0, 0
31014, 1280, 1, 0, 0
32015, 256, 0, 0, 0
32015, 768, 1, 0, 0
33015, 1280, 1, 0, 0
34016, 1792, 1, 0, 0
35016, 1280, 1, 0, 0
36017, 512, 1, 0, 0
37017, 768, 1, 0, 0
38018, 1024, 0, 0, 0
38018, 512, 1, 0, 0
39018, 768, 0, 0, 0
39018, 1280, 1, 0, 0
40020, 767, 0, 0, 0
40020, 511, 1, 0, 0
41021, 768, 0, 0, 0
41021, 1280, 1, 0, 0
42021, 768, 0, 0, 0
42021, 1536, 1, 0, 0
43022, 512, 0, 0, 0
43022, 1280, 1, 0, 0
44022, 768, 0, 0, 0
44022, 256, 1, 0, 0
45023, 768, 0, 0, 0
45023, 512, 1, 0, 0
46023, 512, 0, 0, 0
46023, 1024, 1, 0, 0
47023, 512, 0, 0, 0
47023, 768, 1, 0, 0
48024, 256, 1, 0, 0
49024, 1024, 1, 0, 0
50025, 256, 1, 0, 0
51025, 1024, 1, 0, 0
52026, 1024, 1, 0, 0
53026, 2304, 1, 0, 0
54027, 1280, 1, 0, 0
55027, 256, 1, 0, 0
56028, 512, 1, 0, 0
57028, 1024, 1, 0, 0
58029, 256, 1, 0, 0
59029, 256, 0, 0, 0
59029, 768, 1, 0, 0
60029, 2816, 1, 0, 0
61030, 512, 0, 0, 0
61030, 256, 1, 0, 0
62030, 256, 0, 0, 0
62030, 1024, 1, 0, 0
63031, 768, 0, 0, 0
63031, 768, 1, 0, 0
64031, 768, 0, 0, 0
64031, 256, 1, 0, 0
65032, 256, 0, 0, 0
65032, 1792, 1, 0, 0
66032, 768, 0, 0, 0
66032, 768, 1, 0, 0
67033, 1536, 1, 0, 0
68033, 1280, 0, 0, 0
68033, 1792, 1, 0, 0
69034, 256, 1, 0, 0
71035, 1280, 0, 0, 0
71035, 1792, 1, 0, 0
72035, 768, 0, 0, 0
72035, 1280, 1, 0, 0
73036, 256, 0, 0, 0
73036, 1024, 1, 0, 0
74036, 256, 0, 0, 0
74036, 1280, 1, 0, 0
75037, 256, 0, 0, 0
75037, 1536, 1, 0, 0
76037, 768, 0, 0, 0
76037, 1024, 1, 0, 0
77038, 768, 0, 0, 0
77038, 1280, 1, 0, 0
78038, 512, 1, 0, 0
79039, 256, 0, 0, 0
79039, 256, 1, 0, 0
80039, 256, 0, 0, 0
80039, 512, 1, 0, 0
81040, 512, 0, 0, 0
81040, 512, 1, 0, 0
82040, 512, 0, 0, 0
82040, 2048, 1, 0, 0
83041, 1536, 0, 0, 0
83041, 1024, 1, 0, 0
84041, 768, 0, 0, 0
84041, 1280, 1, 0, 0
85042, 256, 0, 0, 0
85042, 1536, 1, 0, 0
86042, 768, 0, 0, 0
87042, 768, 0, 0, 0
87042, 256, 1, 0, 0
88043, 768, 1, 0, 0
89044, 512, 0, 0, 0
89044, 1024, 1, 0, 0
90044, 256, 0, 0, 0
90044, 1280, 1, 0, 0
91045, 512, 0, 0, 0
91045, 768, 1, 0, 0
92045, 768, 0, 0, 0
92045, 768, 1, 0, 0
93046, 768, 0, 0, 0
93046, 1792, 1, 0, 0
94046, 512, 0, 0, 0
94046, 1536, 1, 0, 0
95047, 1280, 0, 0, 0
95047, 512, 1, 0, 0
96047, 512, 1, 0, 0
97048, 1024, 1, 0, 0
98048, 768, 0, 0, 0
98048, 256, 1, 0, 0
99049, 1536, 1, 0, 0
100049, 768, 0, 0, 0
100049, 1280, 1, 0, 0
101050, 1536, 0, 0, 0
102050, 768, 0, 0, 0
102050, 1536, 1, 0, 0
103050, 2048, 1, 0, 0
104051, 1024, 0, 0, 0
104051, 1792, 1, 0, 0
105052, 256, 1, 0, 0
106052, 256, 0, 0, 0
106052, 1024, 1, 0, 0
107052, 1280, 0, 0, 0
107052, 768, 1, 0, 0
108053, 512, 0, 0, 0
108053, 768, 1, 0, 0
109053, 768, 1, 0, 0
110054, 256, 0, 0, 0
110054, 1792, 1, 0, 0
112055, 256, 0, 0, 0
112055, 256, 1, 0, 0
113055, 768, 1, 0, 0
114056, 768, 0, 0, 0
114056, 1536, 1, 0, 0
115056, 256, 0, 0, 0
115056, 256, 1, 0, 0
116057, 1280, 0, 0, 0
116057, 1792, 1, 0, 0
117057, 256, 0, 0, 0
117057, 1024, 1, 0, 0
118058, 1024, 0, 0, 0
118058, 1024, 1, 0, 0
119058, 512, 0, 0, 0
119058, 1280, 1, 0, 0
120059, 1024, 0, 0, 0
120059, 512, 1, 0, 0
121059, 1024, 0, 0, 0
121059, 1792, 1, 0, 0
122060, 1536, 0, 0, 0
122060, 1536, 1, 0, 0
123060, 768, 0, 0, 0
123060, 1280, 1, 0, 0
124060, 256, 0, 0, 0
124060, 512, 1, 0, 0
125061, 768, 1, 0, 0
126061, 1536, 0, 0, 0
126061, 1024, 1, 0, 0
127062, 1024, 0, 0, 0
127062, 3072, 1, 0, 0
128062, 768, 0, 0, 0
128062, 1280, 1, 0, 0
129063, 1024, 0, 0, 0
129063, 1536, 1, 0, 0
130063, 768, 0, 0, 0
130063, 1024, 1, 0, 0
131063, 256, 1, 0, 0
132064, 1024, 1, 0, 0
133064, 768, 0, 0, 0
133064, 256, 1, 0, 0
134065, 256, 0, 0, 0
134065, 2304, 1, 0, 0
135065, 1024, 0, 0, 0
136066, 256, 0, 0, 0
136066, 1536, 1, 0, 0
137067, 256, 1, 0, 0
138067, 256, 1, 0, 0
139068, 512, 0, 0, 0
139068, 1792, 1, 0, 0
140068, 1280, 0, 0, 0
140068, 1280, 1, 0, 0
141069, 256, 0, 0, 0
141069, 1280, 1, 0, 0
142069, 512, 0, 0, 0
142069, 1792, 1, 0, 0
143070, 1024, 0, 0, 0
143070, 1536, 1, 0, 0
144070, 256, 0, 0, 0
145071, 256, 0, 0, 0
145071, 512, 1, 0, 0
146071, 768, 1, 0, 0
147072, 1280, 0, 0, 0
147072, 1280, 1, 0, 0
148072, 512, 0, 0, 0
148072, 512, 1, 0, 0
149073, 768, 1, 0, 0
150073, 256, 1, 0, 0
151074, 2304, 1, 0, 0
152075, 512, 0, 0, 0
152075, 1536, 1, 0, 0
153075, 512, 0, 0, 0
154076, 256, 0, 0, 0
154076, 256, 1, 0, 0
155076, 1024, 1, 0, 0
156077, 768, 0, 0, 0
156077, 1280, 1, 0, 0
157077, 256, 0, 0, 0
157077, 256, 1, 0, 0
158078, 256, 1, 0, 0
159078, 512, 0, 0, 0
159078, 512, 1, 0, 0
160079, 256, 0, 0, 0
160079, 2048, 1, 0, 0
162080, 256, 0, 0, 0
162080, 1024, 1, 0, 0
163080, 768, 0, 0, 0
163080, 1792, 1, 0, 0
164081, 512, 0, 0, 0
164081, 1024, 1, 0, 0
165081, 256, 0, 0, 0
165081, 1024, 1, 0, 0
166082, 512, 0, 0, 0
166082, 1536, 1, 0, 0
167082, 256, 0, 0, 0
167082, 512, 1, 0, 0
168083, 256, 0, 0, 0
169083, 1024, 0, 0, 0
169083, 1280, 1, 0, 0
170084, 256, 0, 0, 0
170084, 768, 1, 0, 0
171084, 768, 0, 0, 0
171084, 2304, 1, 0, 0
172085, 256, 0, 0, 0
172085, 512, 1, 0, 0
173085, 256, 0, 0, 0
173085, 768, 1, 0, 0
174086, 1536, 0, 0, 0
174086, 1792, 1, 0, 0
175086, 768, 0, 0, 0
177087, 768, 0, 0, 0
177087, 1280, 1, 0, 0
178088, 256, 0, 0, 0
178088, 1792, 1, 0, 0
179088, 512, 0, 0, 0
179088, 1280, 1, 0, 0
