23010, 1280, 1, 0, 0
24011, 3840, 1, 0, 0
25011, 1024, 1, 0, 0
26012, 3840, 1, 0, 0
27012, 2048, 1, 0, 0
28013, 2560, 1, 0, 0
29013, 1280, 0, 0, 0
29013, 2816, 1, 0, 0
30014, 1280, 0, 0, 0
30014, 768, 1, 0, 0
31014, 512, 0, 0, 0
31014, 1280, 1, 0, 0
32015, 256, 0, 0, 0
32015, 1024, 1, 0, 0
33015, 256, 0, 0, 0
33015, 1280, 1, 0, 0
34016, 256, 0, 0, 0
34016, 2048, 1, 0, 0
35016, 256, 0, 0, 0
35016, 1792, 1, 0, 0
36017, 512, 0, 0, 0
36017, 1280, 1, 0, 0
37017, 256, 0, 0, 0
37017, 768, 1, 0, 0
38018, 512, 0, 0, 0
38018, 512, 1, 0, 0
39018, 512, 0, 0, 0
39018, 1024, 1, 0, 0
40020, 255, 0, 0, 0
41021, 1792, 0, 0, 0
41021, 1536, 1, 0, 0
42021, 512, 0, 0, 0
42021, 256, 1, 0, 0
43022, 1024, 0, 0, 0
43022, 1024, 1, 0, 0
44022, 1024, 0, 0, 0
44022, 1536, 1, 0, 0
45023, 768, 0, 0, 0
45023, 1024, 1, 0, 0
47024, 1024, 0, 0, 0
47024, 256, 1, 0, 0
50025, 1024, 0, 0, 0
50025, 512, 1, 0, 0
51025, 512, 0, 0, 0
51025, 2304, 1, 0, 0
52026, 512, 0, 0, 0
52026, 1280, 1, 0, 0
53026, 768, 1, 0, 0
54027, 256, 0, 0, 0
54027, 256, 1, 0, 0
55027, 2048, 1, 0, 0
56028, 768, 1, 0, 0
57028, 1536, 1, 0, 0
58029, 1024, 1, 0, 0
59029, 1280, 1, 0, 0
60029, 256, 1, 0, 0
61030, 256, 0, 0, 0
61030, 1024, 1, 0, 0
62030, 768, 0, 0, 0
62030, 1792, 1, 0, 0
63031, 256, 0, 0, 0
63031, 1280, 1, 0, 0
64031, 256, 0, 0, 0
64031, 2304, 1, 0, 0
65032, 512, 0, 0, 0
65032, 1536, 1, 0, 0
66032, 1024, 1, 0, 0
68033, 1024, 0, 0, 0
68033, 768, 1, 0, 0
69034, 1024, 0, 0, 0
69034, 1024, 1, 0, 0
70034, 768, 0, 0, 0
70034, 2560, 1, 0, 0
71035, 768, 0, 0, 0
71035, 2304, 1, 0, 0
72035, 512, 0, 0, 0
72035, 1024, 1, 0, 0
73036, 512, 1, 0, 0
74036, 768, 0, 0, 0
74036, 1024, 1, 0, 0
75037, 256, 0, 0, 0
75037, 1024, 1, 0, 0
76037, 256, 0, 0, 0
76037, 2304, 1, 0, 0
77038, 256, 0, 0, 0
77038, 768, 1, 0, 0
78038, 256, 0, 0, 0
78038, 1536, 1, 0, 0
79039, 768, 0, 0, 0
79039, 512, 1, 0, 0
80039, 768, 0, 0, 0
80039, 1536, 1, 0, 0
81040, 768, 0, 0, 0
81040, 768, 1, 0, 0
82040, 768, 0, 0, 0
82040, 256, 1, 0, 0
83041, 512, 0, 0, 0
83041, 512, 1, 0, 0
84041, 512, 0, 0, 0
84041, 512, 1, 0, 0
85042, 256, 0, 0, 0
85042, 2560, 1, 0, 0
86042, 1024, 0, 0, 0
87043, 512, 1, 0, 0
88043, 768, 0, 0, 0
88043, 2048, 1, 0, 0
89044, 1024, 0, 0, 0
89044, 1280, 1, 0, 0
91045, 256, 0, 0, 0
92045, 1280, 0, 0, 0
92045, 1280, 1, 0, 0
93046, 256, 0, 0, 0
93046, 256, 1, 0, 0
94046, 256, 0, 0, 0
94046, 1792, 1, 0, 0
95047, 256, 0, 0, 0
95047, 768, 1, 0, 0
96047, 512, 0, 0, 0
96047, 768, 1, 0, 0
97048, 256, 0, 0, 0
97048, 768, 1, 0, 0
98048, 1536, 0, 0, 0
98048, 1024, 1, 0, 0
99049, 1024, 0, 0, 0
99049, 2048, 1, 0, 0
100049, 768, 0, 0, 0
100049, 768, 1, 0, 0
101050, 1280, 0, 0, 0
101050, 2304, 1, 0, 0
102050, 1024, 0, 0, 0
102050, 1536, 1, 0, 0
103050, 256, 0, 0, 0
103050, 768, 1, 0, 0
104051, 512, 0, 0, 0
104051, 256, 1, 0, 0
105052, 1280, 0, 0, 0
105052, 256, 1, 0, 0
106052, 2816, 1, 0, 0
107052, 1024, 0, 0, 0
107052, 256, 1, 0, 0
108053, 256, 0, 0, 0
108053, 1536, 1, 0, 0
109053, 256, 0, 0, 0
109053, 1536, 1, 0, 0
110054, 256, 1, 0, 0
111054, 768, 0, 0, 0
111054, 1792, 1, 0, 0
112055, 768, 0, 0, 0
112055, 1280, 1, 0, 0
113055, 512, 0, 0, 0
113055, 768, 1, 0, 0
114056, 768, 0, 0, 0
114056, 512, 1, 0, 0
115056, 768, 1, 0, 0
116057, 256, 0, 0, 0
116057, 256, 1, 0, 0
117057, 1024, 0, 0, 0
117057, 2560, 1, 0, 0
118058, 768, 0, 0, 0
118058, 768, 1, 0, 0
119058, 256, 0, 0, 0
119058, 1536, 1, 0, 0
120059, 768, 0, 0, 0
120059, 1536, 1, 0, 0
121059, 512, 0, 0, 0
121059, 1536, 1, 0, 0
122060, 1536, 0, 0, 0
122060, 1280, 1, 0, 0
123060, 256, 0, 0, 0
123060, 1280, 1, 0, 0
124060, 512, 0, 0, 0
124060, 1280, 1, 0, 0
125061, 1536, 1, 0, 0
126061, 1024, 1, 0, 0
127062, 256, 0, 0, 0
127062, 768, 1, 0, 0
128062, 512, 0, 0, 0
128062, 1536, 1, 0, 0
129063, 512, 0, 0, 0
129063, 1024, 1, 0, 0
130063, 512, 0, 0, 0
131063, 1024, 0, 0, 0
131063, 1280, 1, 0, 0
132064, 1280, 0, 0, 0
132064, 768, 1, 0, 0
134065, 768, 1, 0, 0
135065, 512, 0, 0, 0
135065, 512, 1, 0, 0
136066, 768, 0, 0, 0
136066, 3584, 1, 0, 0
137067, 256, 0, 0, 0
137067, 256, 1, 0, 0
138067, 1024, 1, 0, 0
139068, 256, 0, 0, 0
139068, 1792, 1, 0, 0
141069, 512, 0, 0, 0
141069, 768, 1, 0, 0
142069, 512, 0, 0, 0
142069, 2560, 1, 0, 0
143070, 1024, 0, 0, 0
143070, 1280, 1, 0, 0
144070, 512, 0, 0, 0
144070, 512, 1, 0, 0
145071, 768, 1, 0, 0
146071, 256, 1, 0, 0
147072, 768, 0, 0, 0
147072, 1280, 1, 0, 0
148072, 256, 0, 0, 0
148072, 1024, 1, 0, 0
149073, 256, 0, 0, 0
149073, 768, 1, 0, 0
150073, 512, 0, 0, 0
150073, 2560, 1, 0, 0
151074, 768, 0, 0, 0
151074, 1024, 1, 0, 0
152075, 1792, 0, 0, 0
152075, 1024, 1, 0, 0
153075, 256, 0, 0, 0
153075, 2048, 1, 0, 0
155076, 256, 1, 0, 0
156077, 256, 0, 0, 0
156077, 1024, 1, 0, 0
157077, 256, 0, 0, 0
157077, 1024, 1, 0, 0
158078, 768, 0, 0, 0
158078, 768, 1, 0, 0
159078, 256, 0, 0, 0
159078, 1024, 1, 0, 0
160079, 768, 0, 0, 0
160079, 768, 1, 0, 0
161079, 1792, 1, 0, 0
162080, 1280, 0, 0, 0
163080, 512, 0, 0, 0
163080, 2048, 1, 0, 0
164081, 512, 0, 0, 0
164081, 1024, 1, 0, 0
165081, 256, 0, 0, 0
165081, 1280, 1, 0, 0
166082, 256, 1, 0, 0
167082, 512, 0, 0, 0
167082, 2048, 1, 0, 0
168083, 512, 0, 0, 0
168083, 1280, 1, 0, 0
170084, 512, 0, 0, 0
170084, 1280, 1, 0, 0
172085, 768, 0, 0, 0
172085, 1280, 1, 0, 0
173085, 512, 0, 0, 0
173085, 768, 1, 0, 0
174086, 768, 0, 0, 0
174086, 768, 1, 0, 0
175086, 1280, 1, 0, 0
176087, 256, 0, 0, 0
176087, 256, 1, 0, 0
177087, 256, 0, 0, 0
177087, 512, 1, 0, 0
178088, 768, 0, 0, 0
178088, 1024, 1, 0, 0
179088, 256, 0, 0, 0
