21011, 1024, 1, 0, 0
22011, 1280, 1, 0, 0
23012, 2304, 1, 0, 0
24012, 1280, 1, 0, 0
25013, 1024, 1, 0, 0
26013, 2304, 1, 0, 0
27014, 1280, 1, 0, 0
28014, 3328, 1, 0, 0
29015, 256, 0, 0, 0
29015, 512, 1, 0, 0
30015, 256, 0, 0, 0
30015, 1280, 1, 0, 0
31016, 768, 1, 0, 0
32016, 1280, 0, 0, 0
32016, 1536, 1, 0, 0
33017, 256, 0, 0, 0
33017, 512, 1, 0, 0
34017, 1024, 1, 0, 0
35018, 512, 0, 0, 0
35018, 1536, 1, 0, 0
36018, 1024, 1, 0, 0
37019, 512, 0, 0, 0
37019, 768, 1, 0, 0
38019, 256, 0, 0, 0
38019, 768, 1, 0, 0
39020, 768, 0, 0, 0
39020, 512, 1, 0, 0
40019, 256, 0, 0, 0
40019, 256, 1, 0, 0
41020, 1280, 0, 0, 0
43021, 1280, 0, 0, 0
44022, 512, 0, 0, 0
44022, 1536, 1, 0, 0
45022, 256, 0, 0, 0
45022, 256, 1, 0, 0
46022, 1024, 1, 0, 0
47023, 768, 1, 0, 0
48023, 768, 0, 0, 0
48023, 1024, 1, 0, 0
50024, 768, 0, 0, 0
50024, 768, 1, 0, 0
51025, 512, 0, 0, 0
51025, 768, 1, 0, 0
52025, 768, 0, 0, 0
52025, 512, 1, 0, 0
53026, 1024, 1, 0, 0
55027, 512, 1, 0, 0
56027, 256, 1, 0, 0
57028, 1024, 1, 0, 0
58028, 2560, 1, 0, 0
59028, 512, 1, 0, 0
61029, 256, 1, 0, 0
62030, 1536, 1, 0, 0
63030, 1280, 1, 0, 0
64031, 256, 0, 0, 0
64031, 1792, 1, 0, 0
65031, 1792, 1, 0, 0
66032, 256, 0, 0, 0
67032, 768, 0, 0, 0
67032, 512, 1, 0, 0
69033, 256, 0, 0, 0
69033, 512, 1, 0, 0
70034, 1024, 0, 0, 0
70034, 512, 1, 0, 0
71034, 1024, 0, 0, 0
71034, 512, 1, 0, 0
72035, 512, 0, 0, 0
72035, 768, 1, 0, 0
73035, 768, 1, 0, 0
74036, 768, 0, 0, 0
74036, 1536, 1, 0, 0
75036, 1280, 0, 0, 0
75036, 256, 1, 0, 0
76037, 512, 1, 0, 0
77037, 256, 0, 0, 0
77037, 1536, 1, 0, 0
78038, 512, 0, 0, 0
78038, 1536, 1, 0, 0
79038, 3072, 1, 0, 0
80039, 256, 0, 0, 0
80039, 768, 1, 0, 0
82040, 256, 0, 0, 0
82040, 256, 1, 0, 0
83040, 1024, 1, 0, 0
84041, 1280, 1, 0, 0
85041, 512, 1, 0, 0
86042, 256, 0, 0, 0
86042, 3584, 1, 0, 0
87042, 1024, 0, 0, 0
87042, 1536, 1, 0, 0
88043, 512, 0, 0, 0
88043, 256, 1, 0, 0
89043, 512, 0, 0, 0
89043, 1536, 1, 0, 0
90044, 1792, 0, 0, 0
90044, 1024, 1, 0, 0
91044, 1024, 0, 0, 0
91044, 1280, 1, 0, 0
92045, 768, 0, 0, 0
92045, 1536, 1, 0, 0
93045, 256, 0, 0, 0
93045, 768, 1, 0, 0
94046, 1024, 1, 0, 0
95046, 256, 0, 0, 0
95046, 1024, 1, 0, 0
96046, 256, 0, 0, 0
96046, 768, 1, 0, 0
97047, 1024, 0, 0, 0
97047, 1536, 1, 0, 0
98048, 1536, 0, 0, 0
98048, 2304, 1, 0, 0
99048, 256, 0, 0, 0
99048, 1024, 1, 0, 0
100048, 512, 0, 0, 0
100048, 512, 1, 0, 0
101049, 1536, 0, 0, 0
101049, 2560, 1, 0, 0
102050, 256, 0, 0, 0
102050, 512, 1, 0, 0
103050, 512, 0, 0, 0
103050, 768, 1, 0, 0
104051, 768, 1, 0, 0
105051, 768, 0, 0, 0
105051, 512, 1, 0, 0
107052, 768, 0, 0, 0
107052, 1792, 1, 0, 0
108052, 512, 0, 0, 0
108052, 512, 1, 0, 0
109053, 512, 0, 0, 0
109053, 512, 1, 0, 0
110053, 256, 0, 0, 0
110053, 1024, 1, 0, 0
111054, 768, 0, 0, 0
111054, 2048, 1, 0, 0
112054, 512, 0, 0, 0
112054, 512, 1, 0, 0
113055, 1280, 1, 0, 0
114055, 512, 0, 0, 0
114055, 768, 1, 0, 0
115056, 256, 0, 0, 0
115056, 1280, 1, 0, 0
116056, 256, 1, 0, 0
117057, 256, 0, 0, 0
117057, 1024, 1, 0, 0
118057, 1280, 0, 0, 0
118057, 1024, 1, 0, 0
119058, 1024, 1, 0, 0
120058, 256, 0, 0, 0
120058, 1536, 1, 0, 0
121059, 256, 0, 0, 0
122059, 256, 0, 0, 0
122059, 768, 1, 0, 0
123059, 768, 0, 0, 0
123059, 256, 1, 0, 0
124060, 512, 0, 0, 0
124060, 1536, 1, 0, 0
125060, 768, 0, 0, 0
125060, 2304, 1, 0, 0
126061, 1280, 0, 0, 0
126061, 1792, 1, 0, 0
127061, 256, 0, 0, 0
127061, 1280, 1, 0, 0
128062, 256, 0, 0, 0
128062, 512, 1, 0, 0
129062, 256, 1, 0, 0
130063, 512, 0, 0, 0
130063, 1280, 1, 0, 0
131063, 1280, 1, 0, 0
132063, 256, 0, 0, 0
134064, 512, 0, 0, 0
134064, 256, 1, 0, 0
135065, 1280, 1, 0, 0
136065, 512, 0, 0, 0
136065, 256, 1, 0, 0
137066, 256, 0, 0, 0
137066, 256, 1, 0, 0
138067, 1280, 1, 0, 0
139067, 512, 1, 0, 0
140068, 1024, 0, 0, 0
140068, 1280, 1, 0, 0
141068, 768, 0, 0, 0
141068, 1536, 1, 0, 0
142069, 768, 0, 0, 0
142069, 1024, 1, 0, 0
144070, 512, 1, 0, 0
145070, 1280, 1, 0, 0
146070, 512, 0, 0, 0
146070, 1280, 1, 0, 0
147071, 256, 1, 0, 0
148072, 768, 0, 0, 0
148072, 1792, 1, 0, 0
149072, 512, 0, 0, 0
149072, 1024, 1, 0, 0
150073, 1792, 1, 0, 0
151074, 256, 0, 0, 0
151074, 768, 1, 0, 0
152074, 256, 0, 0, 0
152074, 256, 1, 0, 0
153075, 1024, 0, 0, 0
153075, 2048, 1, 0, 0
154075, 768, 0, 0, 0
155076, 2048, 1, 0, 0
156076, 256, 0, 0, 0
156076, 1024, 1, 0, 0
157077, 512, 0, 0, 0
157077, 1280, 1, 0, 0
159077, 256, 0, 0, 0
159077, 768, 1, 0, 0
160078, 256, 0, 0, 0
160078, 256, 1, 0, 0
161079, 1536, 0, 0, 0
161079, 2304, 1, 0, 0
162079, 1024, 1, 0, 0
163080, 1024, 0, 0, 0
163080, 512, 1, 0, 0
164080, 256, 0, 0, 0
164080, 1280, 1, 0, 0
165081, 512, 0, 0, 0
165081, 256, 1, 0, 0
167082, 1280, 1, 0, 0
168082, 512, 0, 0, 0
168082, 1024, 1, 0, 0
169083, 512, 0, 0, 0
169083, 1024, 1, 0, 0
170083, 256, 1, 0, 0
171084, 1280, 0, 0, 0
171084, 256, 1, 0, 0
172084, 256, 0, 0, 0
172084, 512, 1, 0, 0
173085, 256, 1, 0, 0
174085, 2048, 1, 0, 0
175086, 256, 0, 0, 0
176086, 256, 0, 0, 0
176086, 2048, 1, 0, 0
177087, 768, 0, 0, 0
177087, 1536, 1, 0, 0
178087, 2304, 0, 0, 0
178087, 2560, 1, 0, 0
179088, 1024, 1, 0, 0
