17000, 1536, 0, 0, 0
18000, 3584, 0, 0, 0
19001, 1792, 0, 0, 0
20000, 1793, 0, 0, 0
21000, 1280, 0, 0, 0
22000, 1280, 0, 0, 0
23000, 3072, 0, 0, 0
24000, 2306, 0, 0, 0
25000, 1536, 0, 0, 0
26000, 4352, 0, 0, 0
28000, 4352, 0, 0, 0
29000, 2050, 0, 0, 0
30000, 512, 0, 0, 0
31000, 3584, 0, 0, 0
32000, 2816, 0, 0, 0
33000, 3584, 0, 0, 0
34000, 3331, 0, 0, 0
35000, 3328, 0, 0, 0
36000, 4608, 0, 0, 0
37000, 1280, 0, 0, 0
38001, 2048, 0, 0, 0
39000, 3075, 0, 0, 0
40000, 1536, 0, 0, 0
41000, 512, 0, 0, 0
42000, 1792, 0, 0, 0
43001, 2048, 0, 0, 0
44000, 1537, 0, 0, 0
45000, 2560, 0, 0, 0
46000, 1536, 0, 0, 0
47000, 3840, 0, 0, 0
48000, 1537, 0, 0, 0
49000, 1024, 0, 0, 0
50000, 1280, 0, 0, 0
51000, 2560, 0, 0, 0
52000, 512, 0, 0, 0
53000, 1793, 0, 0, 0
54000, 2304, 0, 0, 0
55000, 2560, 0, 0, 0
56000, 1024, 0, 0, 0
57000, 1024, 0, 0, 0
58000, 2306, 0, 0, 0
59000, 2816, 0, 0, 0
60000, 2048, 0, 0, 0
61000, 2816, 0, 0, 0
62001, 1024, 0, 0, 0
63000, 2306, 0, 0, 0
64000, 2560, 0, 0, 0
65000, 3584, 0, 0, 0
66000, 1024, 0, 0, 0
67000, 2306, 0, 0, 0
69000, 3072, 0, 0, 0
70000, 2816, 0, 0, 0
71000, 4352, 0, 0, 0
72000, 3075, 0, 0, 0
73000, 2048, 0, 0, 0
74000, 4864, 0, 0, 0
75000, 1536, 0, 0, 0
76000, 1537, 0, 0, 0
77000, 3584, 0, 0, 0
78000, 4352, 0, 0, 0
79000, 1536, 0, 0, 0
80001, 3584, 0, 0, 0
81000, 2306, 0, 0, 0
82000, 1536, 0, 0, 0
83000, 1536, 0, 0, 0
84000, 2816, 0, 0, 0
85001, 1280, 0, 0, 0
86000, 3331, 0, 0, 0
87000, 2304, 0, 0, 0
88000, 2816, 0, 0, 0
89001, 2048, 0, 0, 0
90000, 3843, 0, 0, 0
91000, 1280, 0, 0, 0
92000, 2304, 0, 0, 0
93000, 3584, 0, 0, 0
94000, 1793, 0, 0, 0
95000, 1024, 0, 0, 0
96000, 1792, 0, 0, 0
97000, 2048, 0, 0, 0
98001, 2816, 0, 0, 0
99000, 256, 0, 0, 0
100000, 768, 0, 0, 0
101000, 1280, 0, 0, 0
102000, 4352, 0, 0, 0
103000, 1025, 0, 0, 0
104000, 1536, 0, 0, 0
105000, 2048, 0, 0, 0
106000, 1536, 0, 0, 0
107001, 2816, 0, 0, 0
108000, 2818, 0, 0, 0
109000, 512, 0, 0, 0
110000, 512, 0, 0, 0
111000, 4352, 0, 0, 0
112000, 2818, 0, 0, 0
113000, 2304, 0, 0, 0
114000, 1024, 0, 0, 0
115000, 2560, 0, 0, 0
116000, 1280, 0, 0, 0
117000, 4868, 0, 0, 0
118000, 1280, 0, 0, 0
119000, 3328, 0, 0, 0
120000, 4608, 0, 0, 0
121001, 2560, 0, 0, 0
122000, 3843, 0, 0, 0
123000, 1792, 0, 0, 0
124000, 3072, 0, 0, 0
125000, 1024, 0, 0, 0
126000, 2818, 0, 0, 0
127000, 3328, 0, 0, 0
128000, 3584, 0, 0, 0
129000, 2816, 0, 0, 0
130000, 1024, 0, 0, 0
131000, 256, 0, 0, 0
132000, 4608, 0, 0, 0
133000, 3328, 0, 0, 0
134000, 3584, 0, 0, 0
135001, 1792, 0, 0, 0
136000, 4356, 0, 0, 0
137000, 4352, 0, 0, 0
138000, 3584, 0, 0, 0
139001, 3072, 0, 0, 0
140000, 2050, 0, 0, 0
141000, 3328, 0, 0, 0
142000, 3584, 0, 0, 0
143000, 3840, 0, 0, 0
144000, 2050, 0, 0, 0
145000, 1536, 0, 0, 0
146000, 2560, 0, 0, 0
147000, 1536, 0, 0, 0
148000, 2560, 0, 0, 0
149000, 1025, 0, 0, 0
150000, 3328, 0, 0, 0
151000, 3328, 0, 0, 0
152000, 3328, 0, 0, 0
153000, 3584, 0, 0, 0
154000, 2562, 0, 0, 0
155000, 2304, 0, 0, 0
156000, 512, 0, 0, 0
157000, 512, 0, 0, 0
158001, 2048, 0, 0, 0
159000, 3587, 0, 0, 0
160000, 4096, 0, 0, 0
161000, 512, 0, 0, 0
162001, 1280, 0, 0, 0
163000, 1281, 0, 0, 0
164000, 3584, 0, 0, 0
165000, 2560, 0, 0, 0
166000, 3072, 0, 0, 0
167000, 2562, 0, 0, 0
168000, 2816, 0, 0, 0
169000, 1536, 0, 0, 0
170000, 3072, 0, 0, 0
171000, 1537, 0, 0, 0
172000, 512, 0, 0, 0
173000, 512, 0, 0, 0
174000, 3072, 0, 0, 0
175001, 2048, 0, 0, 0
176000, 1537, 0, 0, 0
177000, 2560, 0, 0, 0
178000, 3072, 0, 0, 0
179000, 4096, 0, 0, 0
180000, 1793, 0, 0, 0
