1000, 11264, 0, 0, 0
2001, 43776, 0, 0, 0
3000, 49201, 0, 0, 0
4001, 52736, 0, 0, 0
5000, 50226, 0, 0, 0
6000, 52480, 0, 0, 0
7001, 45568, 0, 0, 0
8000, 48944, 0, 0, 0
9000, 45824, 0, 0, 0
10001, 55296, 0, 0, 0
11000, 47151, 0, 0, 0
12000, 45312, 0, 0, 0
13001, 47104, 0, 0, 0
14000, 44844, 0, 0, 0
15001, 45312, 0, 0, 0
16001, 43264, 0, 0, 0
17000, 54070, 0, 0, 0
18001, 46592, 0, 0, 0
19000, 47407, 0, 0, 0
20000, 45568, 0, 0, 0
21001, 53248, 0, 0, 0
22000, 51763, 0, 0, 0
23000, 53248, 0, 0, 0
24001, 48384, 0, 0, 0
25000, 54326, 0, 0, 0
26001, 41984, 0, 0, 0
27001, 50432, 0, 0, 0
28000, 52532, 0, 0, 0
29001, 52736, 0, 0, 0
30000, 43563, 0, 0, 0
31000, 43008, 0, 0, 0
32001, 54272, 0, 0, 0
33000, 46638, 0, 0, 0
34000, 41984, 0, 0, 0
35001, 44544, 0, 0, 0
36000, 50482, 0, 0, 0
37000, 47616, 0, 0, 0
38001, 43008, 0, 0, 0
39001, 46592, 0, 0, 0
40000, 35875, 0, 0, 0
41001, 48384, 0, 0, 0
42001, 49920, 0, 0, 0
43000, 49201, 0, 0, 0
44001, 45568, 0, 0, 0
45000, 46638, 0, 0, 0
46000, 55296, 0, 0, 0
47001, 55296, 0, 0, 0
48001, 54016, 0, 0, 0
49000, 43307, 0, 0, 0
50001, 47872, 0, 0, 0
51001, 50176, 0, 0, 0
52000, 53557, 0, 0, 0
53001, 37888, 0, 0, 0
54001, 50944, 0, 0, 0
55000, 45613, 0, 0, 0
56001, 43520, 0, 0, 0
57001, 50176, 0, 0, 0
58000, 45357, 0, 0, 0
59000, 46848, 0, 0, 0
60001, 36352, 0, 0, 0
61000, 44588, 0, 0, 0
62000, 43520, 0, 0, 0
63001, 45312, 0, 0, 0
64000, 46126, 0, 0, 0
65000, 51456, 0, 0, 0
66001, 43264, 0, 0, 0
67000, 48176, 0, 0, 0
68000, 42240, 0, 0, 0
69001, 55808, 0, 0, 0
70000, 44332, 0, 0, 0
71000, 49664, 0, 0, 0
72001, 52480, 0, 0, 0
73000, 50482, 0, 0, 0
74000, 45824, 0, 0, 0
75001, 42496, 0, 0, 0
76000, 50738, 0, 0, 0
77000, 51456, 0, 0, 0
78001, 44288, 0, 0, 0
79000, 52020, 0, 0, 0
80001, 41216, 0, 0, 0
81001, 47616, 0, 0, 0
82000, 50738, 0, 0, 0
83000, 46848, 0, 0, 0
84001, 49408, 0, 0, 0
85000, 50994, 0, 0, 0
86000, 41728, 0, 0, 0
87001, 49920, 0, 0, 0
88000, 52532, 0, 0, 0
89001, 43776, 0, 0, 0
90001, 47360, 0, 0, 0
91000, 41001, 0, 0, 0
92001, 55296, 0, 0, 0
93001, 51712, 0, 0, 0
94000, 44588, 0, 0, 0
95001, 54528, 0, 0, 0
96001, 48896, 0, 0, 0
97000, 53045, 0, 0, 0
98001, 46080, 0, 0, 0
99001, 50176, 0, 0, 0
100000, 43563, 0, 0, 0
101001, 49920, 0, 0, 0
102001, 50432, 0, 0, 0
103000, 54582, 0, 0, 0
104001, 45568, 0, 0, 0
105001, 47872, 0, 0, 0
106000, 39975, 0, 0, 0
107001, 48128, 0, 0, 0
108000, 43307, 0, 0, 0
109000, 48384, 0, 0, 0
110001, 46336, 0, 0, 0
111000, 56632, 0, 0, 0
112000, 45056, 0, 0, 0
113001, 46592, 0, 0, 0
114000, 44076, 0, 0, 0
115000, 59136, 0, 0, 0
116001, 49408, 0, 0, 0
117000, 42026, 0, 0, 0
118000, 44032, 0, 0, 0
119001, 47360, 0, 0, 0
120000, 45869, 0, 0, 0
121000, 48640, 0, 0, 0
122001, 47104, 0, 0, 0
123000, 49201, 0, 0, 0
124001, 48384, 0, 0, 0
125000, 54582, 0, 0, 0
126000, 47360, 0, 0, 0
127001, 41472, 0, 0, 0
128000, 49969, 0, 0, 0
129000, 43776, 0, 0, 0
130001, 44544, 0, 0, 0
131000, 42794, 0, 0, 0
132000, 45824, 0, 0, 0
133001, 39424, 0, 0, 0
134000, 57913, 0, 0, 0
135000, 41216, 0, 0, 0
136001, 46592, 0, 0, 0
137000, 45101, 0, 0, 0
138001, 55808, 0, 0, 0
139001, 53760, 0, 0, 0
140000, 48944, 0, 0, 0
141000, 41472, 0, 0, 0
142001, 41472, 0, 0, 0
143000, 41001, 0, 0, 0
144001, 57344, 0, 0, 0
145001, 50688, 0, 0, 0
146000, 45101, 0, 0, 0
147001, 57088, 0, 0, 0
148001, 49152, 0, 0, 0
149000, 40232, 0, 0, 0
150001, 50688, 0, 0, 0
151000, 45357, 0, 0, 0
152000, 45312, 0, 0, 0
153001, 51200, 0, 0, 0
154000, 56120, 0, 0, 0
155000, 41984, 0, 0, 0
156001, 46336, 0, 0, 0
157000, 36900, 0, 0, 0
158000, 46592, 0, 0, 0
159001, 48384, 0, 0, 0
160000, 48944, 0, 0, 0
161000, 49152, 0, 0, 0
162001, 52224, 0, 0, 0
163000, 60220, 0, 0, 0
164000, 38912, 0, 0, 0
165001, 51712, 0, 0, 0
166000, 48944, 0, 0, 0
167000, 44288, 0, 0, 0
168001, 47872, 0, 0, 0
169000, 47919, 0, 0, 0
170000, 44544, 0, 0, 0
171001, 51200, 0, 0, 0
172000, 50482, 0, 0, 0
173001, 52992, 0, 0, 0
174001, 42240, 0, 0, 0
175000, 46382, 0, 0, 0
176001, 45824, 0, 0, 0
177001, 44032, 0, 0, 0
178000, 48944, 0, 0, 0
179001, 49664, 0, 0, 0
180001, 54016, 0, 0, 0
