1000, 61696, 0, 0, 0
2001, 95232, 0, 0, 0
3000, 89689, 0, 0, 0
4001, 94720, 0, 0, 0
5000, 90458, 0, 0, 0
6000, 105984, 0, 0, 0
7001, 94208, 0, 0, 0
8000, 105321, 0, 0, 0
9000, 101888, 0, 0, 0
10001, 85248, 0, 0, 0
11000, 104040, 0, 0, 0
12000, 88064, 0, 0, 0
13001, 101120, 0, 0, 0
14000, 103015, 0, 0, 0
15000, 92416, 0, 0, 0
16001, 91392, 0, 0, 0
17000, 98658, 0, 0, 0
18000, 96000, 0, 0, 0
19000, 101733, 0, 0, 0
20000, 92416, 0, 0, 0
21001, 92928, 0, 0, 0
22000, 99427, 0, 0, 0
23000, 87296, 0, 0, 0
24001, 89344, 0, 0, 0
25000, 101989, 0, 0, 0
26000, 101376, 0, 0, 0
27001, 99840, 0, 0, 0
28000, 101221, 0, 0, 0
29000, 89088, 0, 0, 0
30000, 95071, 0, 0, 0
31000, 95488, 0, 0, 0
32001, 94976, 0, 0, 0
33000, 106090, 0, 0, 0
34000, 85760, 0, 0, 0
35001, 98304, 0, 0, 0
36000, 114034, 0, 0, 0
37000, 100608, 0, 0, 0
38000, 98816, 0, 0, 0
39001, 99072, 0, 0, 0
40000, 98146, 0, 0, 0
41000, 98560, 0, 0, 0
42001, 107776, 0, 0, 0
43000, 100708, 0, 0, 0
44001, 96000, 0, 0, 0
45000, 108908, 0, 0, 0
46000, 94720, 0, 0, 0
47000, 94464, 0, 0, 0
48001, 100096, 0, 0, 0
49000, 100708, 0, 0, 0
50000, 94976, 0, 0, 0
51001, 99328, 0, 0, 0
52000, 109165, 0, 0, 0
53000, 110080, 0, 0, 0
54001, 86784, 0, 0, 0
55000, 100708, 0, 0, 0
56000, 97024, 0, 0, 0
57001, 95232, 0, 0, 0
58000, 91995, 0, 0, 0
59000, 94976, 0, 0, 0
60001, 92160, 0, 0, 0
61000, 98146, 0, 0, 0
62000, 93440, 0, 0, 0
63001, 106240, 0, 0, 0
64000, 97889, 0, 0, 0
65000, 97024, 0, 0, 0
66000, 103680, 0, 0, 0
67000, 95839, 0, 0, 0
68000, 100096, 0, 0, 0
69000, 90880, 0, 0, 0
70000, 99171, 0, 0, 0
71000, 91904, 0, 0, 0
72001, 92928, 0, 0, 0
73000, 96096, 0, 0, 0
74000, 97536, 0, 0, 0
75001, 99584, 0, 0, 0
76000, 97889, 0, 0, 0
77000, 95488, 0, 0, 0
78001, 91392, 0, 0, 0
79000, 92252, 0, 0, 0
80000, 92672, 0, 0, 0
81001, 96512, 0, 0, 0
82000, 91995, 0, 0, 0
83000, 98560, 0, 0, 0
84001, 97024, 0, 0, 0
85000, 94558, 0, 0, 0
86000, 96512, 0, 0, 0
87001, 90112, 0, 0, 0
88000, 105321, 0, 0, 0
89000, 101376, 0, 0, 0
90001, 93696, 0, 0, 0
91000, 105577, 0, 0, 0
92000, 93184, 0, 0, 0
93001, 85504, 0, 0, 0
94000, 89433, 0, 0, 0
95000, 87040, 0, 0, 0
96001, 99072, 0, 0, 0
97000, 101477, 0, 0, 0
98000, 92928, 0, 0, 0
99001, 98816, 0, 0, 0
100000, 97121, 0, 0, 0
101000, 96512, 0, 0, 0
102001, 100352, 0, 0, 0
103000, 94046, 0, 0, 0
104000, 100352, 0, 0, 0
105001, 99584, 0, 0, 0
106000, 97633, 0, 0, 0
107001, 85760, 0, 0, 0
108000, 99683, 0, 0, 0
109000, 95232, 0, 0, 0
110000, 98304, 0, 0, 0
111000, 97633, 0, 0, 0
112000, 90880, 0, 0, 0
113000, 105728, 0, 0, 0
114000, 94814, 0, 0, 0
115000, 92928, 0, 0, 0
116001, 101376, 0, 0, 0
117000, 90970, 0, 0, 0
118000, 103168, 0, 0, 0
119001, 89856, 0, 0, 0
120000, 114290, 0, 0, 0
121000, 100608, 0, 0, 0
122001, 89344, 0, 0, 0
123000, 87895, 0, 0, 0
124000, 97280, 0, 0, 0
125000, 93533, 0, 0, 0
126000, 93184, 0, 0, 0
127001, 101120, 0, 0, 0
128000, 100452, 0, 0, 0
129000, 88064, 0, 0, 0
130001, 91648, 0, 0, 0
131000, 96352, 0, 0, 0
132000, 96512, 0, 0, 0
133001, 98304, 0, 0, 0
134000, 89945, 0, 0, 0
135000, 91648, 0, 0, 0
136001, 89856, 0, 0, 0
137000, 94302, 0, 0, 0
138000, 102144, 0, 0, 0
139001, 101888, 0, 0, 0
140000, 95839, 0, 0, 0
141000, 102400, 0, 0, 0
142001, 88576, 0, 0, 0
143000, 96864, 0, 0, 0
144000, 93696, 0, 0, 0
145001, 101376, 0, 0, 0
146000, 102758, 0, 0, 0
147000, 91648, 0, 0, 0
148001, 94976, 0, 0, 0
149000, 95327, 0, 0, 0
150000, 103680, 0, 0, 0
151000, 89689, 0, 0, 0
152000, 95744, 0, 0, 0
153001, 98816, 0, 0, 0
154000, 96352, 0, 0, 0
155000, 91392, 0, 0, 0
156001, 96768, 0, 0, 0
157000, 90458, 0, 0, 0
158000, 89856, 0, 0, 0
159001, 105984, 0, 0, 0
160000, 95071, 0, 0, 0
161000, 94208, 0, 0, 0
162001, 97280, 0, 0, 0
163000, 92508, 0, 0, 0
164000, 101376, 0, 0, 0
165001, 101888, 0, 0, 0
166000, 97121, 0, 0, 0
167000, 104960, 0, 0, 0
168001, 105216, 0, 0, 0
169000, 95583, 0, 0, 0
170000, 97024, 0, 0, 0
171001, 90368, 0, 0, 0
172000, 105321, 0, 0, 0
173000, 92416, 0, 0, 0
174001, 87552, 0, 0, 0
175000, 88152, 0, 0, 0
176000, 88064, 0, 0, 0
177001, 96512, 0, 0, 0
178000, 93021, 0, 0, 0
179000, 98048, 0, 0, 0
