1000, 64256, 0, 0, 0
2001, 100608, 0, 0, 0
3000, 87895, 0, 0, 0
4001, 95744, 0, 0, 0
5000, 99427, 0, 0, 0
6000, 105472, 0, 0, 0
7001, 96256, 0, 0, 0
8000, 87127, 0, 0, 0
9000, 103936, 0, 0, 0
10001, 102912, 0, 0, 0
11000, 93533, 0, 0, 0
12000, 94720, 0, 0, 0
13001, 107776, 0, 0, 0
14000, 90714, 0, 0, 0
15000, 95488, 0, 0, 0
16001, 89088, 0, 0, 0
17000, 93533, 0, 0, 0
18001, 93952, 0, 0, 0
19000, 105321, 0, 0, 0
20000, 100352, 0, 0, 0
21001, 79616, 0, 0, 0
22000, 101989, 0, 0, 0
23000, 93696, 0, 0, 0
24001, 96256, 0, 0, 0
25000, 95839, 0, 0, 0
26001, 84480, 0, 0, 0
27001, 86016, 0, 0, 0
28000, 104296, 0, 0, 0
29001, 111104, 0, 0, 0
30000, 103015, 0, 0, 0
31000, 92416, 0, 0, 0
32001, 92928, 0, 0, 0
33000, 89177, 0, 0, 0
34000, 98304, 0, 0, 0
35001, 96768, 0, 0, 0
36000, 95839, 0, 0, 0
37000, 101376, 0, 0, 0
38001, 109824, 0, 0, 0
39001, 105472, 0, 0, 0
40000, 100708, 0, 0, 0
41001, 101632, 0, 0, 0
42001, 90880, 0, 0, 0
43000, 113777, 0, 0, 0
44001, 108032, 0, 0, 0
45000, 101733, 0, 0, 0
46000, 99072, 0, 0, 0
47001, 103168, 0, 0, 0
48001, 93696, 0, 0, 0
49000, 94046, 0, 0, 0
50001, 105984, 0, 0, 0
51001, 90624, 0, 0, 0
52000, 95839, 0, 0, 0
53001, 95744, 0, 0, 0
54001, 107008, 0, 0, 0
55000, 104808, 0, 0, 0
56000, 96512, 0, 0, 0
57001, 103936, 0, 0, 0
58000, 94302, 0, 0, 0
59000, 94208, 0, 0, 0
60001, 95232, 0, 0, 0
61000, 88920, 0, 0, 0
62000, 98048, 0, 0, 0
63001, 99328, 0, 0, 0
64000, 104808, 0, 0, 0
65000, 99328, 0, 0, 0
66001, 100352, 0, 0, 0
67000, 104552, 0, 0, 0
68000, 91392, 0, 0, 0
69001, 96000, 0, 0, 0
70000, 97633, 0, 0, 0
71000, 82688, 0, 0, 0
72001, 93440, 0, 0, 0
73000, 100964, 0, 0, 0
74000, 95488, 0, 0, 0
75001, 91904, 0, 0, 0
76000, 88408, 0, 0, 0
77000, 95232, 0, 0, 0
78001, 92672, 0, 0, 0
79000, 96864, 0, 0, 0
80000, 101632, 0, 0, 0
81001, 105216, 0, 0, 0
82000, 88408, 0, 0, 0
83000, 100352, 0, 0, 0
84001, 101632, 0, 0, 0
85000, 87895, 0, 0, 0
86000, 91392, 0, 0, 0
87001, 103424, 0, 0, 0
88000, 90202, 0, 0, 0
89001, 92672, 0, 0, 0
90001, 99584, 0, 0, 0
91000, 100196, 0, 0, 0
92001, 107776, 0, 0, 0
93001, 95744, 0, 0, 0
94000, 95583, 0, 0, 0
95000, 97280, 0, 0, 0
96001, 94976, 0, 0, 0
97000, 98914, 0, 0, 0
98000, 89856, 0, 0, 0
99001, 98560, 0, 0, 0
100000, 93789, 0, 0, 0
101000, 82432, 0, 0, 0
102001, 104704, 0, 0, 0
103000, 103783, 0, 0, 0
104000, 102912, 0, 0, 0
105001, 101888, 0, 0, 0
106000, 100708, 0, 0, 0
107001, 100608, 0, 0, 0
108000, 97633, 0, 0, 0
109000, 96000, 0, 0, 0
110001, 102656, 0, 0, 0
111000, 99683, 0, 0, 0
112000, 100096, 0, 0, 0
113001, 98560, 0, 0, 0
114000, 98658, 0, 0, 0
115000, 92928, 0, 0, 0
116001, 99840, 0, 0, 0
117000, 87383, 0, 0, 0
118000, 104448, 0, 0, 0
119001, 92416, 0, 0, 0
120000, 92508, 0, 0, 0
121000, 89344, 0, 0, 0
122001, 97792, 0, 0, 0
123000, 89177, 0, 0, 0
124001, 101888, 0, 0, 0
125000, 91483, 0, 0, 0
126000, 98816, 0, 0, 0
127001, 105216, 0, 0, 0
128000, 94814, 0, 0, 0
129000, 97280, 0, 0, 0
130001, 94976, 0, 0, 0
131000, 91483, 0, 0, 0
132000, 105984, 0, 0, 0
133001, 100352, 0, 0, 0
134000, 97889, 0, 0, 0
135000, 104192, 0, 0, 0
136001, 87808, 0, 0, 0
137000, 98146, 0, 0, 0
138000, 99328, 0, 0, 0
139001, 99072, 0, 0, 0
140000, 93533, 0, 0, 0
141000, 86784, 0, 0, 0
142001, 104704, 0, 0, 0
143000, 99939, 0, 0, 0
144000, 109056, 0, 0, 0
145001, 98048, 0, 0, 0
146000, 104296, 0, 0, 0
147001, 92928, 0, 0, 0
148001, 89600, 0, 0, 0
149000, 95327, 0, 0, 0
150001, 97792, 0, 0, 0
151000, 100196, 0, 0, 0
152000, 94464, 0, 0, 0
153001, 105984, 0, 0, 0
154000, 89945, 0, 0, 0
155000, 90368, 0, 0, 0
156001, 104192, 0, 0, 0
157000, 93533, 0, 0, 0
158000, 98304, 0, 0, 0
159001, 84224, 0, 0, 0
160000, 87127, 0, 0, 0
161000, 95744, 0, 0, 0
162001, 109824, 0, 0, 0
163000, 93789, 0, 0, 0
164000, 89600, 0, 0, 0
165001, 97024, 0, 0, 0
166000, 88664, 0, 0, 0
167000, 99840, 0, 0, 0
168001, 93184, 0, 0, 0
169000, 107627, 0, 0, 0
170000, 93184, 0, 0, 0
171001, 95744, 0, 0, 0
172000, 90202, 0, 0, 0
173001, 93952, 0, 0, 0
174001, 96000, 0, 0, 0
175000, 100708, 0, 0, 0
176001, 102912, 0, 0, 0
177001, 94976, 0, 0, 0
178000, 93021, 0, 0, 0
179001, 95744, 0, 0, 0
