1000, 22272, 0, 0, 0
2001, 44288, 0, 0, 0
3000, 45869, 0, 0, 0
4000, 47872, 0, 0, 0
5000, 50226, 0, 0, 0
6000, 44544, 0, 0, 0
7000, 48896, 0, 0, 0
8000, 52276, 0, 0, 0
9000, 54016, 0, 0, 0
10000, 48896, 0, 0, 0
11000, 42538, 0, 0, 0
12000, 42752, 0, 0, 0
13000, 46336, 0, 0, 0
14000, 48688, 0, 0, 0
15000, 41984, 0, 0, 0
16001, 36864, 0, 0, 0
17000, 47663, 0, 0, 0
18000, 42496, 0, 0, 0
19000, 39207, 0, 0, 0
20000, 50688, 0, 0, 0
21000, 44032, 0, 0, 0
22000, 45869, 0, 0, 0
23000, 54016, 0, 0, 0
24000, 48640, 0, 0, 0
25000, 48432, 0, 0, 0
26000, 47616, 0, 0, 0
27000, 46080, 0, 0, 0
28000, 47407, 0, 0, 0
29000, 45824, 0, 0, 0
30000, 49201, 0, 0, 0
31000, 49920, 0, 0, 0
32000, 49664, 0, 0, 0
33000, 48688, 0, 0, 0
34000, 47616, 0, 0, 0
35000, 54016, 0, 0, 0
36000, 58938, 0, 0, 0
37000, 47360, 0, 0, 0
38000, 48128, 0, 0, 0
39001, 43264, 0, 0, 0
40000, 44076, 0, 0, 0
41000, 43520, 0, 0, 0
42001, 51200, 0, 0, 0
43000, 43051, 0, 0, 0
44000, 51200, 0, 0, 0
45000, 37669, 0, 0, 0
46000, 55040, 0, 0, 0
47000, 51712, 0, 0, 0
48001, 45056, 0, 0, 0
49000, 43819, 0, 0, 0
50000, 38912, 0, 0, 0
51001, 43264, 0, 0, 0
52000, 46126, 0, 0, 0
53000, 59648, 0, 0, 0
54000, 47872, 0, 0, 0
55000, 49201, 0, 0, 0
56000, 51712, 0, 0, 0
57000, 40192, 0, 0, 0
58000, 42026, 0, 0, 0
59000, 50432, 0, 0, 0
60000, 49408, 0, 0, 0
61000, 45101, 0, 0, 0
62000, 39168, 0, 0, 0
63000, 48128, 0, 0, 0
64000, 46638, 0, 0, 0
65000, 42752, 0, 0, 0
66000, 48640, 0, 0, 0
67000, 40232, 0, 0, 0
68000, 50432, 0, 0, 0
69000, 55296, 0, 0, 0
70000, 53045, 0, 0, 0
71000, 48640, 0, 0, 0
72000, 54016, 0, 0, 0
73000, 47919, 0, 0, 0
74000, 44288, 0, 0, 0
75000, 41216, 0, 0, 0
76000, 40232, 0, 0, 0
77000, 39936, 0, 0, 0
78000, 45568, 0, 0, 0
79000, 46382, 0, 0, 0
80000, 51456, 0, 0, 0
81000, 51968, 0, 0, 0
82000, 56888, 0, 0, 0
83000, 44544, 0, 0, 0
84000, 44032, 0, 0, 0
85000, 45357, 0, 0, 0
86000, 45312, 0, 0, 0
87000, 40960, 0, 0, 0
88000, 48176, 0, 0, 0
89000, 46848, 0, 0, 0
90000, 44032, 0, 0, 0
91000, 49713, 0, 0, 0
92000, 41984, 0, 0, 0
93000, 45312, 0, 0, 0
94000, 42026, 0, 0, 0
95000, 51712, 0, 0, 0
96000, 48896, 0, 0, 0
97000, 42026, 0, 0, 0
98000, 44544, 0, 0, 0
99000, 47360, 0, 0, 0
100000, 43563, 0, 0, 0
101000, 60416, 0, 0, 0
102000, 49408, 0, 0, 0
103000, 52276, 0, 0, 0
104000, 45568, 0, 0, 0
105000, 57344, 0, 0, 0
106000, 41513, 0, 0, 0
107000, 49152, 0, 0, 0
108000, 49201, 0, 0, 0
109000, 63744, 0, 0, 0
110000, 47616, 0, 0, 0
111000, 51763, 0, 0, 0
112000, 48896, 0, 0, 0
113000, 45056, 0, 0, 0
114000, 48176, 0, 0, 0
115000, 46592, 0, 0, 0
116000, 45312, 0, 0, 0
117000, 56888, 0, 0, 0
118000, 39680, 0, 0, 0
119000, 44288, 0, 0, 0
120000, 49457, 0, 0, 0
121000, 46848, 0, 0, 0
122000, 40960, 0, 0, 0
123000, 47663, 0, 0, 0
124000, 47872, 0, 0, 0
125000, 50738, 0, 0, 0
126000, 47616, 0, 0, 0
127000, 52224, 0, 0, 0
128000, 46894, 0, 0, 0
129000, 46080, 0, 0, 0
130000, 46336, 0, 0, 0
131000, 51507, 0, 0, 0
132000, 42240, 0, 0, 0
133000, 59136, 0, 0, 0
134000, 49201, 0, 0, 0
135000, 45824, 0, 0, 0
136000, 52224, 0, 0, 0
137000, 51763, 0, 0, 0
138000, 49664, 0, 0, 0
139000, 44800, 0, 0, 0
140000, 47663, 0, 0, 0
141000, 45824, 0, 0, 0
142000, 52736, 0, 0, 0
143000, 48176, 0, 0, 0
144000, 44544, 0, 0, 0
145001, 49152, 0, 0, 0
146000, 44332, 0, 0, 0
147000, 36352, 0, 0, 0
148001, 44288, 0, 0, 0
149000, 41513, 0, 0, 0
150000, 43520, 0, 0, 0
151000, 42026, 0, 0, 0
152000, 45312, 0, 0, 0
153000, 41728, 0, 0, 0
154000, 55863, 0, 0, 0
155000, 43008, 0, 0, 0
156000, 52992, 0, 0, 0
157000, 51507, 0, 0, 0
158000, 46848, 0, 0, 0
159000, 47104, 0, 0, 0
160000, 51251, 0, 0, 0
161000, 46080, 0, 0, 0
162000, 43520, 0, 0, 0
163000, 50738, 0, 0, 0
164000, 55296, 0, 0, 0
165000, 56064, 0, 0, 0
166000, 49457, 0, 0, 0
167000, 50432, 0, 0, 0
168000, 44032, 0, 0, 0
169000, 43563, 0, 0, 0
170000, 46336, 0, 0, 0
171000, 48384, 0, 0, 0
172000, 40232, 0, 0, 0
173000, 49920, 0, 0, 0
174001, 42240, 0, 0, 0
175000, 41001, 0, 0, 0
176000, 35584, 0, 0, 0
177001, 43776, 0, 0, 0
178000, 50226, 0, 0, 0
179000, 50944, 0, 0, 0
180001, 41984, 0, 0, 0
