1000, 75264, 0, 0, 0
2001, 100608, 0, 0, 0
3000, 83027, 0, 0, 0
4001, 100864, 0, 0, 0
5000, 92508, 0, 0, 0
6000, 103680, 0, 0, 0
7001, 94720, 0, 0, 0
8000, 82514, 0, 0, 0
9000, 90368, 0, 0, 0
10001, 76544, 0, 0, 0
11000, 99171, 0, 0, 0
12000, 94464, 0, 0, 0
13001, 84736, 0, 0, 0
14000, 97889, 0, 0, 0
15000, 103680, 0, 0, 0
16001, 102912, 0, 0, 0
17000, 101221, 0, 0, 0
18001, 98560, 0, 0, 0
19000, 92508, 0, 0, 0
20000, 92928, 0, 0, 0
21001, 88320, 0, 0, 0
22000, 100196, 0, 0, 0
23000, 97792, 0, 0, 0
24001, 103424, 0, 0, 0
25000, 103015, 0, 0, 0
26000, 85760, 0, 0, 0
27001, 90624, 0, 0, 0
28000, 99171, 0, 0, 0
29001, 100864, 0, 0, 0
30000, 97889, 0, 0, 0
31000, 94208, 0, 0, 0
32001, 102912, 0, 0, 0
33000, 90714, 0, 0, 0
34000, 100352, 0, 0, 0
35001, 91392, 0, 0, 0
36000, 89433, 0, 0, 0
37000, 89344, 0, 0, 0
38001, 94464, 0, 0, 0
39001, 99840, 0, 0, 0
40000, 93533, 0, 0, 0
41001, 95232, 0, 0, 0
42001, 97536, 0, 0, 0
43000, 99171, 0, 0, 0
44001, 93184, 0, 0, 0
45000, 89945, 0, 0, 0
46000, 91648, 0, 0, 0
47001, 88320, 0, 0, 0
48001, 103168, 0, 0, 0
49000, 98914, 0, 0, 0
50001, 102400, 0, 0, 0
51001, 102400, 0, 0, 0
52000, 87127, 0, 0, 0
53000, 94464, 0, 0, 0
54001, 104192, 0, 0, 0
55000, 99683, 0, 0, 0
56000, 82944, 0, 0, 0
57001, 95744, 0, 0, 0
58000, 101733, 0, 0, 0
59000, 93696, 0, 0, 0
60001, 97536, 0, 0, 0
61000, 99683, 0, 0, 0
62000, 93184, 0, 0, 0
63001, 89600, 0, 0, 0
64000, 99427, 0, 0, 0
65000, 93440, 0, 0, 0
66001, 90368, 0, 0, 0
67000, 111983, 0, 0, 0
68000, 100864, 0, 0, 0
69001, 94464, 0, 0, 0
70000, 94558, 0, 0, 0
71000, 103936, 0, 0, 0
72001, 90368, 0, 0, 0
73000, 94558, 0, 0, 0
74000, 87552, 0, 0, 0
75001, 98560, 0, 0, 0
76000, 94302, 0, 0, 0
77000, 99840, 0, 0, 0
78001, 101120, 0, 0, 0
79000, 93021, 0, 0, 0
80000, 92160, 0, 0, 0
81001, 95744, 0, 0, 0
82000, 95583, 0, 0, 0
83000, 96000, 0, 0, 0
84001, 98816, 0, 0, 0
85000, 94558, 0, 0, 0
86000, 97280, 0, 0, 0
87001, 104960, 0, 0, 0
88000, 99171, 0, 0, 0
89000, 95488, 0, 0, 0
90001, 95488, 0, 0, 0
91000, 99427, 0, 0, 0
92000, 96768, 0, 0, 0
93001, 95488, 0, 0, 0
94000, 91995, 0, 0, 0
95000, 91136, 0, 0, 0
96001, 104448, 0, 0, 0
97000, 93021, 0, 0, 0
98000, 94720, 0, 0, 0
99001, 101632, 0, 0, 0
100000, 93533, 0, 0, 0
101000, 94720, 0, 0, 0
102001, 99584, 0, 0, 0
103000, 90458, 0, 0, 0
104000, 100096, 0, 0, 0
105001, 97792, 0, 0, 0
106000, 95839, 0, 0, 0
107001, 89344, 0, 0, 0
108000, 92508, 0, 0, 0
109000, 86784, 0, 0, 0
110001, 96512, 0, 0, 0
111000, 93021, 0, 0, 0
112000, 97024, 0, 0, 0
113001, 94464, 0, 0, 0
114000, 97889, 0, 0, 0
115000, 99584, 0, 0, 0
116001, 91136, 0, 0, 0
117000, 96864, 0, 0, 0
118000, 101888, 0, 0, 0
119001, 90112, 0, 0, 0
120000, 101477, 0, 0, 0
121000, 109056, 0, 0, 0
122001, 89344, 0, 0, 0
123000, 107627, 0, 0, 0
124001, 113664, 0, 0, 0
125000, 100964, 0, 0, 0
126000, 100864, 0, 0, 0
127001, 90624, 0, 0, 0
128000, 94558, 0, 0, 0
129000, 94208, 0, 0, 0
130001, 93440, 0, 0, 0
131000, 101989, 0, 0, 0
132000, 92160, 0, 0, 0
133001, 96768, 0, 0, 0
134000, 104552, 0, 0, 0
135000, 89600, 0, 0, 0
136001, 99840, 0, 0, 0
137000, 94046, 0, 0, 0
138000, 102144, 0, 0, 0
139001, 101376, 0, 0, 0
140000, 99171, 0, 0, 0
141000, 95488, 0, 0, 0
142001, 88320, 0, 0, 0
143000, 97121, 0, 0, 0
144000, 97792, 0, 0, 0
145001, 110080, 0, 0, 0
146000, 93021, 0, 0, 0
147001, 89088, 0, 0, 0
148001, 94976, 0, 0, 0
149000, 86614, 0, 0, 0
150001, 105216, 0, 0, 0
151000, 90202, 0, 0, 0
152000, 102656, 0, 0, 0
153001, 91136, 0, 0, 0
154000, 111727, 0, 0, 0
155000, 93952, 0, 0, 0
156001, 100096, 0, 0, 0
157000, 94814, 0, 0, 0
158000, 99840, 0, 0, 0
159001, 92928, 0, 0, 0
160000, 98914, 0, 0, 0
161000, 97280, 0, 0, 0
162001, 96256, 0, 0, 0
163000, 86102, 0, 0, 0
164000, 103936, 0, 0, 0
165001, 93696, 0, 0, 0
166000, 94046, 0, 0, 0
167000, 99072, 0, 0, 0
168001, 100096, 0, 0, 0
169000, 99171, 0, 0, 0
170000, 102656, 0, 0, 0
171001, 90112, 0, 0, 0
172000, 104296, 0, 0, 0
173000, 104192, 0, 0, 0
174001, 96000, 0, 0, 0
175000, 102758, 0, 0, 0
176000, 91904, 0, 0, 0
177001, 103680, 0, 0, 0
178000, 96096, 0, 0, 0
179001, 103680, 0, 0, 0
180001, 102656, 0, 0, 0
