1000, 62208, 0, 0, 0
2001, 114688, 0, 0, 0
3000, 98914, 0, 0, 0
4001, 88576, 0, 0, 0
5000, 100196, 0, 0, 0
6000, 97024, 0, 0, 0
7001, 91136, 0, 0, 0
8000, 85589, 0, 0, 0
9000, 96000, 0, 0, 0
10001, 103680, 0, 0, 0
11000, 93021, 0, 0, 0
12000, 93184, 0, 0, 0
13001, 105984, 0, 0, 0
14000, 101989, 0, 0, 0
15000, 97024, 0, 0, 0
16001, 88320, 0, 0, 0
17000, 100708, 0, 0, 0
18001, 91136, 0, 0, 0
19000, 103783, 0, 0, 0
20000, 96768, 0, 0, 0
21001, 99328, 0, 0, 0
22000, 95327, 0, 0, 0
23000, 102144, 0, 0, 0
24001, 93440, 0, 0, 0
25000, 92508, 0, 0, 0
26001, 107520, 0, 0, 0
27001, 103424, 0, 0, 0
28000, 104296, 0, 0, 0
29001, 101120, 0, 0, 0
30000, 110702, 0, 0, 0
31000, 97280, 0, 0, 0
32001, 107776, 0, 0, 0
33000, 88664, 0, 0, 0
34000, 89856, 0, 0, 0
35001, 97792, 0, 0, 0
36000, 91995, 0, 0, 0
37000, 92928, 0, 0, 0
38001, 101120, 0, 0, 0
39001, 103168, 0, 0, 0
40000, 97633, 0, 0, 0
41001, 102144, 0, 0, 0
42001, 93952, 0, 0, 0
43000, 100196, 0, 0, 0
44001, 90368, 0, 0, 0
45000, 105577, 0, 0, 0
46000, 93184, 0, 0, 0
47001, 97280, 0, 0, 0
48001, 102656, 0, 0, 0
49000, 85077, 0, 0, 0
50001, 92416, 0, 0, 0
51001, 95744, 0, 0, 0
52000, 93789, 0, 0, 0
53001, 92928, 0, 0, 0
54001, 109056, 0, 0, 0
55000, 101221, 0, 0, 0
56001, 100608, 0, 0, 0
57001, 101888, 0, 0, 0
58000, 90714, 0, 0, 0
59000, 96512, 0, 0, 0
60001, 89600, 0, 0, 0
61000, 98914, 0, 0, 0
62000, 100864, 0, 0, 0
63001, 100352, 0, 0, 0
64000, 91483, 0, 0, 0
65000, 96512, 0, 0, 0
66001, 89600, 0, 0, 0
67000, 97121, 0, 0, 0
68000, 108544, 0, 0, 0
69001, 96000, 0, 0, 0
70000, 97633, 0, 0, 0
71000, 99072, 0, 0, 0
72001, 96256, 0, 0, 0
73000, 100452, 0, 0, 0
74000, 88064, 0, 0, 0
75001, 98048, 0, 0, 0
76000, 95583, 0, 0, 0
77000, 99328, 0, 0, 0
78001, 97792, 0, 0, 0
79000, 98402, 0, 0, 0
80000, 104960, 0, 0, 0
81001, 85504, 0, 0, 0
82000, 101221, 0, 0, 0
83000, 101376, 0, 0, 0
84001, 97792, 0, 0, 0
85000, 93277, 0, 0, 0
86000, 104192, 0, 0, 0
87001, 97024, 0, 0, 0
88000, 106346, 0, 0, 0
89001, 91904, 0, 0, 0
90001, 96512, 0, 0, 0
91000, 87383, 0, 0, 0
92001, 79616, 0, 0, 0
93001, 88576, 0, 0, 0
94000, 105577, 0, 0, 0
95000, 93184, 0, 0, 0
96001, 98304, 0, 0, 0
97000, 97633, 0, 0, 0
98000, 97536, 0, 0, 0
99001, 99584, 0, 0, 0
100000, 101477, 0, 0, 0
101000, 100608, 0, 0, 0
102001, 98816, 0, 0, 0
103000, 101733, 0, 0, 0
104001, 98816, 0, 0, 0
105001, 95232, 0, 0, 0
106000, 100964, 0, 0, 0
107001, 86016, 0, 0, 0
108000, 101221, 0, 0, 0
109000, 92672, 0, 0, 0
110001, 97536, 0, 0, 0
111000, 88152, 0, 0, 0
112000, 86784, 0, 0, 0
113001, 93696, 0, 0, 0
114000, 98658, 0, 0, 0
115000, 98304, 0, 0, 0
116001, 108544, 0, 0, 0
117000, 102758, 0, 0, 0
118000, 94208, 0, 0, 0
119001, 91648, 0, 0, 0
120000, 87127, 0, 0, 0
121000, 88064, 0, 0, 0
122001, 85760, 0, 0, 0
123000, 105321, 0, 0, 0
124001, 92160, 0, 0, 0
125000, 83539, 0, 0, 0
126000, 99840, 0, 0, 0
127001, 105728, 0, 0, 0
128000, 98914, 0, 0, 0
129000, 101376, 0, 0, 0
130001, 97536, 0, 0, 0
131000, 96096, 0, 0, 0
132000, 97536, 0, 0, 0
133001, 90880, 0, 0, 0
134000, 113009, 0, 0, 0
135000, 88832, 0, 0, 0
136001, 87040, 0, 0, 0
137000, 103783, 0, 0, 0
138000, 101120, 0, 0, 0
139001, 94208, 0, 0, 0
140000, 90202, 0, 0, 0
141000, 93952, 0, 0, 0
142001, 87040, 0, 0, 0
143000, 92252, 0, 0, 0
144000, 98304, 0, 0, 0
145001, 86784, 0, 0, 0
146000, 101989, 0, 0, 0
147001, 99328, 0, 0, 0
148001, 97280, 0, 0, 0
149000, 98402, 0, 0, 0
150001, 99840, 0, 0, 0
151000, 93533, 0, 0, 0
152000, 102400, 0, 0, 0
153001, 91904, 0, 0, 0
154000, 95839, 0, 0, 0
155000, 105472, 0, 0, 0
156001, 91136, 0, 0, 0
157000, 104040, 0, 0, 0
158000, 92928, 0, 0, 0
159001, 96256, 0, 0, 0
160000, 99171, 0, 0, 0
161000, 98048, 0, 0, 0
162001, 91392, 0, 0, 0
163000, 99683, 0, 0, 0
164000, 107008, 0, 0, 0
165001, 94464, 0, 0, 0
166000, 100196, 0, 0, 0
167000, 102144, 0, 0, 0
168001, 103680, 0, 0, 0
169000, 90970, 0, 0, 0
170000, 101120, 0, 0, 0
171001, 98816, 0, 0, 0
172000, 95839, 0, 0, 0
173001, 94464, 0, 0, 0
174001, 96768, 0, 0, 0
175000, 97377, 0, 0, 0
176000, 94464, 0, 0, 0
177001, 96256, 0, 0, 0
178000, 100964, 0, 0, 0
179001, 100608, 0, 0, 0
