1000, 14592, 0, 0, 0
2001, 48640, 0, 0, 0
3000, 47407, 0, 0, 0
4000, 51712, 0, 0, 0
5000, 49457, 0, 0, 0
6000, 41216, 0, 0, 0
7001, 49664, 0, 0, 0
8000, 45357, 0, 0, 0
9000, 49408, 0, 0, 0
10001, 50176, 0, 0, 0
11000, 45869, 0, 0, 0
12000, 52992, 0, 0, 0
13001, 56320, 0, 0, 0
14000, 50226, 0, 0, 0
15000, 54272, 0, 0, 0
16001, 41984, 0, 0, 0
17000, 47663, 0, 0, 0
18000, 50432, 0, 0, 0
19000, 54070, 0, 0, 0
20000, 47872, 0, 0, 0
21001, 43520, 0, 0, 0
22000, 53813, 0, 0, 0
23000, 41984, 0, 0, 0
24001, 50688, 0, 0, 0
25000, 47151, 0, 0, 0
26000, 47872, 0, 0, 0
27001, 43776, 0, 0, 0
28000, 46382, 0, 0, 0
29000, 48384, 0, 0, 0
30000, 44844, 0, 0, 0
31000, 45056, 0, 0, 0
32000, 41472, 0, 0, 0
33000, 52276, 0, 0, 0
34000, 40448, 0, 0, 0
35000, 54016, 0, 0, 0
36000, 48688, 0, 0, 0
37000, 46848, 0, 0, 0
38000, 51712, 0, 0, 0
39001, 48896, 0, 0, 0
40000, 41001, 0, 0, 0
41000, 47616, 0, 0, 0
42001, 46848, 0, 0, 0
43000, 53557, 0, 0, 0
44000, 43520, 0, 0, 0
45000, 50226, 0, 0, 0
46000, 47104, 0, 0, 0
47000, 45312, 0, 0, 0
48001, 48128, 0, 0, 0
49000, 35875, 0, 0, 0
50000, 55296, 0, 0, 0
51001, 49152, 0, 0, 0
52000, 49457, 0, 0, 0
53000, 49664, 0, 0, 0
54001, 47872, 0, 0, 0
55000, 48688, 0, 0, 0
56000, 48128, 0, 0, 0
57001, 46336, 0, 0, 0
58000, 50738, 0, 0, 0
59000, 52480, 0, 0, 0
60001, 51456, 0, 0, 0
61000, 51251, 0, 0, 0
62000, 53504, 0, 0, 0
63000, 43776, 0, 0, 0
64000, 44332, 0, 0, 0
65000, 43008, 0, 0, 0
66000, 40448, 0, 0, 0
67000, 45613, 0, 0, 0
68000, 53504, 0, 0, 0
69000, 47872, 0, 0, 0
70000, 49713, 0, 0, 0
71000, 51200, 0, 0, 0
72001, 45824, 0, 0, 0
73000, 52532, 0, 0, 0
74000, 45056, 0, 0, 0
75000, 45056, 0, 0, 0
76000, 50738, 0, 0, 0
77000, 48128, 0, 0, 0
78001, 53248, 0, 0, 0
79000, 46382, 0, 0, 0
80000, 46592, 0, 0, 0
81001, 47360, 0, 0, 0
82000, 51763, 0, 0, 0
83000, 41216, 0, 0, 0
84001, 59392, 0, 0, 0
85000, 53045, 0, 0, 0
86000, 50432, 0, 0, 0
87001, 51456, 0, 0, 0
88000, 38438, 0, 0, 0
89000, 47616, 0, 0, 0
90001, 46080, 0, 0, 0
91000, 44332, 0, 0, 0
92000, 45568, 0, 0, 0
93001, 42496, 0, 0, 0
94000, 51763, 0, 0, 0
95000, 43520, 0, 0, 0
96001, 44800, 0, 0, 0
97000, 46126, 0, 0, 0
98000, 48896, 0, 0, 0
99001, 51456, 0, 0, 0
100000, 44844, 0, 0, 0
101000, 52992, 0, 0, 0
102001, 50432, 0, 0, 0
103000, 44844, 0, 0, 0
104000, 53248, 0, 0, 0
105001, 50944, 0, 0, 0
106000, 44844, 0, 0, 0
107000, 44544, 0, 0, 0
108000, 47151, 0, 0, 0
109000, 51712, 0, 0, 0
110000, 51968, 0, 0, 0
111000, 43051, 0, 0, 0
112000, 51712, 0, 0, 0
113000, 53760, 0, 0, 0
114000, 38438, 0, 0, 0
115000, 49408, 0, 0, 0
116001, 45568, 0, 0, 0
117000, 46638, 0, 0, 0
118000, 45568, 0, 0, 0
119001, 39680, 0, 0, 0
120000, 44588, 0, 0, 0
121000, 48896, 0, 0, 0
122001, 47616, 0, 0, 0
123000, 44076, 0, 0, 0
124000, 50944, 0, 0, 0
125000, 47919, 0, 0, 0
126000, 52224, 0, 0, 0
127001, 46592, 0, 0, 0
128000, 51507, 0, 0, 0
129000, 48384, 0, 0, 0
130001, 49664, 0, 0, 0
131000, 48432, 0, 0, 0
132000, 51200, 0, 0, 0
133000, 59392, 0, 0, 0
134000, 47663, 0, 0, 0
135000, 45824, 0, 0, 0
136001, 52224, 0, 0, 0
137000, 46894, 0, 0, 0
138000, 47104, 0, 0, 0
139001, 49408, 0, 0, 0
140000, 47407, 0, 0, 0
141000, 40192, 0, 0, 0
142001, 47616, 0, 0, 0
143000, 48688, 0, 0, 0
144000, 44032, 0, 0, 0
145001, 43264, 0, 0, 0
146000, 48432, 0, 0, 0
147000, 43008, 0, 0, 0
148001, 45312, 0, 0, 0
149000, 38694, 0, 0, 0
150000, 46080, 0, 0, 0
151000, 47919, 0, 0, 0
152000, 47872, 0, 0, 0
153001, 52736, 0, 0, 0
154000, 44332, 0, 0, 0
155000, 41216, 0, 0, 0
156001, 47872, 0, 0, 0
157000, 46126, 0, 0, 0
158000, 51712, 0, 0, 0
159001, 44800, 0, 0, 0
160000, 44588, 0, 0, 0
161000, 39168, 0, 0, 0
162001, 46592, 0, 0, 0
163000, 53301, 0, 0, 0
164000, 48896, 0, 0, 0
165001, 48384, 0, 0, 0
166000, 48688, 0, 0, 0
167000, 49664, 0, 0, 0
168000, 43264, 0, 0, 0
169000, 50482, 0, 0, 0
170000, 52224, 0, 0, 0
171001, 56576, 0, 0, 0
172000, 51251, 0, 0, 0
173000, 49664, 0, 0, 0
174001, 49408, 0, 0, 0
175000, 48944, 0, 0, 0
176000, 43520, 0, 0, 0
177001, 41984, 0, 0, 0
178000, 54838, 0, 0, 0
179000, 51712, 0, 0, 0
