1000, 27648, 0, 0, 0
2001, 149504, 0, 0, 0
3000, 121977, 0, 0, 0
4000, 98304, 0, 0, 0
5001, 113664, 0, 0, 0
6000, 113777, 0, 0, 0
7000, 137216, 0, 0, 0
8001, 124928, 0, 0, 0
9000, 135303, 0, 0, 0
10000, 153600, 0, 0, 0
11001, 131072, 0, 0, 0
12000, 128128, 0, 0, 0
13000, 129024, 0, 0, 0
14001, 126976, 0, 0, 0
15000, 120952, 0, 0, 0
16000, 146432, 0, 0, 0
17001, 141312, 0, 0, 0
18000, 121977, 0, 0, 0
19000, 153600, 0, 0, 0
20001, 98304, 0, 0, 0
21001, 108544, 0, 0, 0
22000, 166054, 0, 0, 0
23000, 121856, 0, 0, 0
24001, 140288, 0, 0, 0
25000, 93277, 0, 0, 0
26001, 144384, 0, 0, 0
27000, 145553, 0, 0, 0
28000, 162816, 0, 0, 0
29001, 135168, 0, 0, 0
30001, 110592, 0, 0, 0
31000, 125053, 0, 0, 0
32000, 92160, 0, 0, 0
33001, 131072, 0, 0, 0
34000, 127103, 0, 0, 0
35000, 163840, 0, 0, 0
36001, 109568, 0, 0, 0
37000, 118902, 0, 0, 0
38000, 109568, 0, 0, 0
39001, 154624, 0, 0, 0
40000, 125053, 0, 0, 0
41000, 115712, 0, 0, 0
42001, 129024, 0, 0, 0
43001, 129024, 0, 0, 0
44000, 102502, 0, 0, 0
45000, 160768, 0, 0, 0
46001, 129024, 0, 0, 0
47000, 117877, 0, 0, 0
48001, 114688, 0, 0, 0
49001, 149504, 0, 0, 0
50000, 99427, 0, 0, 0
51000, 118784, 0, 0, 0
52001, 126976, 0, 0, 0
53000, 141453, 0, 0, 0
54000, 130048, 0, 0, 0
55001, 138240, 0, 0, 0
56000, 140428, 0, 0, 0
57000, 142336, 0, 0, 0
58001, 161792, 0, 0, 0
59000, 108652, 0, 0, 0
60000, 145408, 0, 0, 0
61001, 147456, 0, 0, 0
62000, 134278, 0, 0, 0
63000, 149504, 0, 0, 0
64001, 123904, 0, 0, 0
65000, 136328, 0, 0, 0
66001, 109568, 0, 0, 0
67000, 100452, 0, 0, 0
68000, 104448, 0, 0, 0
69001, 121856, 0, 0, 0
70000, 129153, 0, 0, 0
71000, 163840, 0, 0, 0
72001, 124928, 0, 0, 0
73000, 126078, 0, 0, 0
74000, 121856, 0, 0, 0
75001, 114688, 0, 0, 0
76000, 110702, 0, 0, 0
77000, 140288, 0, 0, 0
78001, 109568, 0, 0, 0
79000, 135303, 0, 0, 0
80000, 132096, 0, 0, 0
81001, 128000, 0, 0, 0
82000, 159903, 0, 0, 0
83001, 114688, 0, 0, 0
84000, 125053, 0, 0, 0
85000, 120832, 0, 0, 0
86001, 137216, 0, 0, 0
87000, 133253, 0, 0, 0
88000, 142336, 0, 0, 0
89001, 138240, 0, 0, 0
90000, 135303, 0, 0, 0
91001, 136192, 0, 0, 0
92000, 106602, 0, 0, 0
93000, 134144, 0, 0, 0
94001, 108544, 0, 0, 0
95000, 136328, 0, 0, 0
96000, 131072, 0, 0, 0
97001, 146432, 0, 0, 0
98000, 156828, 0, 0, 0
99000, 138240, 0, 0, 0
100001, 111616, 0, 0, 0
101000, 124028, 0, 0, 0
102000, 134144, 0, 0, 0
103001, 152576, 0, 0, 0
104000, 139403, 0, 0, 0
105000, 144384, 0, 0, 0
106001, 121856, 0, 0, 0
107000, 144528, 0, 0, 0
108001, 109568, 0, 0, 0
109001, 144384, 0, 0, 0
110000, 111727, 0, 0, 0
111001, 102400, 0, 0, 0
112000, 153753, 0, 0, 0
113000, 134144, 0, 0, 0
114001, 116736, 0, 0, 0
115000, 121977, 0, 0, 0
116001, 121856, 0, 0, 0
117000, 144528, 0, 0, 0
118000, 129024, 0, 0, 0
119001, 118784, 0, 0, 0
120000, 134278, 0, 0, 0
121000, 126976, 0, 0, 0
122001, 145408, 0, 0, 0
123000, 129153, 0, 0, 0
124000, 148480, 0, 0, 0
125001, 111616, 0, 0, 0
126000, 157853, 0, 0, 0
127001, 103424, 0, 0, 0
128000, 102502, 0, 0, 0
129000, 135168, 0, 0, 0
130001, 122880, 0, 0, 0
131000, 115827, 0, 0, 0
132000, 145408, 0, 0, 0
133001, 150528, 0, 0, 0
134000, 135303, 0, 0, 0
135000, 101376, 0, 0, 0
136001, 130048, 0, 0, 0
137000, 138378, 0, 0, 0
138000, 121856, 0, 0, 0
139001, 129024, 0, 0, 0
140000, 147603, 0, 0, 0
141000, 114688, 0, 0, 0
142001, 134144, 0, 0, 0
143000, 139403, 0, 0, 0
144000, 137216, 0, 0, 0
145001, 136192, 0, 0, 0
146000, 112752, 0, 0, 0
147000, 98304, 0, 0, 0
148001, 150528, 0, 0, 0
149000, 152728, 0, 0, 0
150000, 130048, 0, 0, 0
151001, 144384, 0, 0, 0
152000, 121977, 0, 0, 0
153000, 144384, 0, 0, 0
154000, 137353, 0, 0, 0
155000, 144384, 0, 0, 0
156001, 143360, 0, 0, 0
157000, 115827, 0, 0, 0
158000, 119808, 0, 0, 0
159001, 118784, 0, 0, 0
160000, 124028, 0, 0, 0
161000, 128000, 0, 0, 0
162001, 120832, 0, 0, 0
163000, 96352, 0, 0, 0
164002, 132987, 0, 0, 0
165002, 135168, 0, 0, 0
166003, 123904, 0, 0, 0
167003, 135168, 0, 0, 0
168003, 110592, 0, 0, 0
169004, 163840, 0, 0, 0
170004, 121856, 0, 0, 0
171005, 125952, 0, 0, 0
172005, 138240, 0, 0, 0
173005, 118784, 0, 0, 0
174006, 131072, 0, 0, 0
175006, 132096, 0, 0, 0
176006, 134144, 0, 0, 0
177007, 128000, 0, 0, 0
178007, 117760, 0, 0, 0
179008, 93184, 0, 0, 0
