2001, 107520, 0, 0, 0
3000, 101477, 0, 0, 0
4001, 110592, 0, 0, 0
5001, 161792, 0, 0, 0
6000, 149653, 0, 0, 0
7001, 145408, 0, 0, 0
8001, 130048, 0, 0, 0
9000, 129153, 0, 0, 0
10001, 147456, 0, 0, 0
11001, 118784, 0, 0, 0
12000, 136328, 0, 0, 0
13000, 122880, 0, 0, 0
14001, 135168, 0, 0, 0
15000, 123003, 0, 0, 0
16000, 126976, 0, 0, 0
17001, 114688, 0, 0, 0
18000, 155803, 0, 0, 0
19000, 113664, 0, 0, 0
20001, 104448, 0, 0, 0
21001, 148480, 0, 0, 0
22000, 134278, 0, 0, 0
23001, 146432, 0, 0, 0
24001, 141312, 0, 0, 0
25000, 121977, 0, 0, 0
26001, 121856, 0, 0, 0
27000, 144528, 0, 0, 0
28000, 140288, 0, 0, 0
29001, 113664, 0, 0, 0
30001, 166912, 0, 0, 0
31000, 126078, 0, 0, 0
32001, 116736, 0, 0, 0
33001, 106496, 0, 0, 0
34000, 133253, 0, 0, 0
35001, 122880, 0, 0, 0
36001, 116736, 0, 0, 0
37000, 128128, 0, 0, 0
38000, 111616, 0, 0, 0
39001, 107520, 0, 0, 0
40000, 125053, 0, 0, 0
41000, 142336, 0, 0, 0
42001, 105472, 0, 0, 0
43001, 110592, 0, 0, 0
44000, 124028, 0, 0, 0
45001, 136192, 0, 0, 0
46001, 132096, 0, 0, 0
47000, 154778, 0, 0, 0
48001, 129024, 0, 0, 0
49001, 143360, 0, 0, 0
50000, 98402, 0, 0, 0
51001, 138240, 0, 0, 0
52001, 128000, 0, 0, 0
53000, 118902, 0, 0, 0
54001, 117760, 0, 0, 0
55001, 101376, 0, 0, 0
56000, 132228, 0, 0, 0
57001, 137216, 0, 0, 0
58001, 130048, 0, 0, 0
59000, 110702, 0, 0, 0
60001, 125952, 0, 0, 0
61001, 117760, 0, 0, 0
62000, 117877, 0, 0, 0
63001, 120832, 0, 0, 0
64001, 130048, 0, 0, 0
65000, 145553, 0, 0, 0
66001, 134144, 0, 0, 0
67000, 135303, 0, 0, 0
68000, 122880, 0, 0, 0
69001, 120832, 0, 0, 0
70000, 155803, 0, 0, 0
71000, 104448, 0, 0, 0
72001, 179200, 0, 0, 0
73000, 138378, 0, 0, 0
74001, 138240, 0, 0, 0
75001, 154624, 0, 0, 0
76000, 119927, 0, 0, 0
77001, 130048, 0, 0, 0
78001, 124928, 0, 0, 0
79000, 121977, 0, 0, 0
80001, 125952, 0, 0, 0
81001, 112640, 0, 0, 0
82000, 113777, 0, 0, 0
83001, 153600, 0, 0, 0
84000, 102502, 0, 0, 0
85000, 126976, 0, 0, 0
86001, 166912, 0, 0, 0
87000, 137353, 0, 0, 0
88001, 112640, 0, 0, 0
89001, 165888, 0, 0, 0
90000, 143503, 0, 0, 0
91001, 141312, 0, 0, 0
92000, 112752, 0, 0, 0
93000, 122880, 0, 0, 0
94001, 138240, 0, 0, 0
95000, 139403, 0, 0, 0
96000, 90112, 0, 0, 0
97001, 117760, 0, 0, 0
98000, 117877, 0, 0, 0
99000, 151552, 0, 0, 0
100001, 118784, 0, 0, 0
101000, 145553, 0, 0, 0
102000, 119808, 0, 0, 0
103001, 144384, 0, 0, 0
104000, 145553, 0, 0, 0
105000, 105472, 0, 0, 0
106001, 102400, 0, 0, 0
107000, 112752, 0, 0, 0
108001, 152576, 0, 0, 0
109001, 125952, 0, 0, 0
110000, 123003, 0, 0, 0
111001, 129024, 0, 0, 0
112000, 118902, 0, 0, 0
113001, 131072, 0, 0, 0
114001, 139264, 0, 0, 0
115000, 112752, 0, 0, 0
116001, 132096, 0, 0, 0
117000, 109677, 0, 0, 0
118001, 143360, 0, 0, 0
119001, 110592, 0, 0, 0
120000, 144528, 0, 0, 0
121001, 130048, 0, 0, 0
122001, 129024, 0, 0, 0
123000, 135303, 0, 0, 0
124001, 139264, 0, 0, 0
125001, 113664, 0, 0, 0
126000, 137353, 0, 0, 0
127001, 126976, 0, 0, 0
128000, 124028, 0, 0, 0
129000, 143360, 0, 0, 0
130001, 144384, 0, 0, 0
131000, 131203, 0, 0, 0
132001, 148480, 0, 0, 0
133001, 147456, 0, 0, 0
134000, 136328, 0, 0, 0
135001, 114688, 0, 0, 0
136001, 147456, 0, 0, 0
137000, 118902, 0, 0, 0
138001, 125952, 0, 0, 0
139001, 131072, 0, 0, 0
140000, 118902, 0, 0, 0
141001, 140288, 0, 0, 0
142001, 144384, 0, 0, 0
143000, 140428, 0, 0, 0
144001, 131072, 0, 0, 0
145001, 129024, 0, 0, 0
146000, 126078, 0, 0, 0
147001, 136192, 0, 0, 0
148001, 143360, 0, 0, 0
149000, 106602, 0, 0, 0
150001, 136192, 0, 0, 0
151001, 145408, 0, 0, 0
152000, 149653, 0, 0, 0
153001, 134144, 0, 0, 0
154000, 136328, 0, 0, 0
155000, 112640, 0, 0, 0
156001, 131072, 0, 0, 0
157000, 138378, 0, 0, 0
158000, 142336, 0, 0, 0
159001, 119808, 0, 0, 0
160000, 180404, 0, 0, 0
161001, 152576, 0, 0, 0
162001, 108544, 0, 0, 0
163000, 139403, 0, 0, 0
164002, 98205, 0, 0, 0
165002, 117760, 0, 0, 0
166003, 130048, 0, 0, 0
167003, 119808, 0, 0, 0
168004, 159744, 0, 0, 0
169004, 146432, 0, 0, 0
170004, 131072, 0, 0, 0
171005, 99328, 0, 0, 0
172005, 123904, 0, 0, 0
173005, 154624, 0, 0, 0
174006, 120832, 0, 0, 0
175006, 129024, 0, 0, 0
176007, 108544, 0, 0, 0
177007, 131072, 0, 0, 0
178007, 151552, 0, 0, 0
179008, 115712, 0, 0, 0
