4000, 2048, 0, 0, 0
5000, 30720, 0, 0, 0
6000, 18450, 0, 0, 0
7000, 22528, 0, 0, 0
8000, 25600, 0, 0, 0
9000, 18450, 0, 0, 0
10000, 36864, 0, 0, 0
11000, 25600, 0, 0, 0
12000, 31775, 0, 0, 0
13000, 22528, 0, 0, 0
14000, 13312, 0, 0, 0
15000, 52276, 0, 0, 0
16000, 18432, 0, 0, 0
17000, 19456, 0, 0, 0
18000, 26650, 0, 0, 0
19000, 21504, 0, 0, 0
20000, 39936, 0, 0, 0
21001, 22528, 0, 0, 0
22000, 26650, 0, 0, 0
23000, 15360, 0, 0, 0
24001, 18432, 0, 0, 0
25000, 50226, 0, 0, 0
26000, 33792, 0, 0, 0
27000, 30750, 0, 0, 0
28000, 24576, 0, 0, 0
29000, 20480, 0, 0, 0
30001, 45056, 0, 0, 0
31000, 46126, 0, 0, 0
32000, 53248, 0, 0, 0
33000, 57344, 0, 0, 0
34000, 29725, 0, 0, 0
35000, 20480, 0, 0, 0
36000, 10240, 0, 0, 0
37000, 29725, 0, 0, 0
38000, 24576, 0, 0, 0
39000, 28672, 0, 0, 0
40000, 15375, 0, 0, 0
41000, 23552, 0, 0, 0
42000, 18432, 0, 0, 0
43001, 15360, 0, 0, 0
44000, 52276, 0, 0, 0
45000, 51200, 0, 0, 0
46001, 43008, 0, 0, 0
47000, 12300, 0, 0, 0
48000, 33792, 0, 0, 0
49001, 31744, 0, 0, 0
50000, 15375, 0, 0, 0
51000, 29696, 0, 0, 0
52001, 25600, 0, 0, 0
53000, 20500, 0, 0, 0
54000, 14336, 0, 0, 0
55000, 10240, 0, 0, 0
56000, 38950, 0, 0, 0
57000, 18432, 0, 0, 0
58001, 24576, 0, 0, 0
59000, 9225, 0, 0, 0
60000, 17408, 0, 0, 0
61001, 30720, 0, 0, 0
62000, 31775, 0, 0, 0
63000, 17408, 0, 0, 0
64001, 13312, 0, 0, 0
65000, 55351, 0, 0, 0
66000, 38912, 0, 0, 0
67000, 56376, 0, 0, 0
68000, 41984, 0, 0, 0
69000, 27648, 0, 0, 0
70000, 14350, 0, 0, 0
71000, 17408, 0, 0, 0
72000, 40960, 0, 0, 0
73000, 31775, 0, 0, 0
74000, 45056, 0, 0, 0
75000, 51200, 0, 0, 0
76000, 55351, 0, 0, 0
77000, 62464, 0, 0, 0
78000, 39936, 0, 0, 0
79000, 20500, 0, 0, 0
80000, 20480, 0, 0, 0
81001, 27648, 0, 0, 0
82000, 21525, 0, 0, 0
83000, 20480, 0, 0, 0
84000, 6150, 0, 0, 0
85000, 27648, 0, 0, 0
86000, 6144, 0, 0, 0
87000, 20500, 0, 0, 0
88000, 31744, 0, 0, 0
89001, 31744, 0, 0, 0
90000, 18450, 0, 0, 0
91000, 16384, 0, 0, 0
92000, 18450, 0, 0, 0
93000, 21504, 0, 0, 0
94000, 18432, 0, 0, 0
95000, 33825, 0, 0, 0
96000, 43008, 0, 0, 0
97000, 18432, 0, 0, 0
98000, 23575, 0, 0, 0
99000, 16384, 0, 0, 0
100000, 22528, 0, 0, 0
101000, 15375, 0, 0, 0
102000, 24576, 0, 0, 0
103000, 26624, 0, 0, 0
104000, 20500, 0, 0, 0
105000, 19456, 0, 0, 0
106000, 24576, 0, 0, 0
107000, 26650, 0, 0, 0
108000, 24576, 0, 0, 0
109001, 25600, 0, 0, 0
110000, 19475, 0, 0, 0
111000, 23552, 0, 0, 0
112000, 11275, 0, 0, 0
113000, 28672, 0, 0, 0
114001, 30720, 0, 0, 0
115000, 21525, 0, 0, 0
116000, 32768, 0, 0, 0
117000, 19475, 0, 0, 0
118000, 33792, 0, 0, 0
119000, 26624, 0, 0, 0
120000, 22550, 0, 0, 0
121000, 12288, 0, 0, 0
122000, 46080, 0, 0, 0
123000, 47151, 0, 0, 0
124000, 37888, 0, 0, 0
125000, 56320, 0, 0, 0
126000, 25625, 0, 0, 0
127000, 20480, 0, 0, 0
128000, 14350, 0, 0, 0
129000, 22528, 0, 0, 0
130000, 26624, 0, 0, 0
131000, 21525, 0, 0, 0
132000, 39936, 0, 0, 0
133000, 55296, 0, 0, 0
134000, 53301, 0, 0, 0
135000, 54272, 0, 0, 0
136000, 50176, 0, 0, 0
137000, 59451, 0, 0, 0
138000, 17408, 0, 0, 0
139000, 33792, 0, 0, 0
140000, 48176, 0, 0, 0
141000, 60416, 0, 0, 0
142000, 46080, 0, 0, 0
143000, 26650, 0, 0, 0
144000, 43008, 0, 0, 0
145001, 64512, 0, 0, 0
146000, 49201, 0, 0, 0
147000, 46080, 0, 0, 0
148001, 43008, 0, 0, 0
149000, 27675, 0, 0, 0
150000, 45056, 0, 0, 0
151001, 49152, 0, 0, 0
152000, 44076, 0, 0, 0
153000, 33792, 0, 0, 0
154000, 12300, 0, 0, 0
155000, 13312, 0, 0, 0
156000, 39936, 0, 0, 0
157000, 37925, 0, 0, 0
158000, 64512, 0, 0, 0
159000, 50176, 0, 0, 0
160000, 55351, 0, 0, 0
161000, 36864, 0, 0, 0
162001, 36864, 0, 0, 0
163000, 14350, 0, 0, 0
164002, 13298, 0, 0, 0
165002, 11264, 0, 0, 0
166002, 28672, 0, 0, 0
167003, 17408, 0, 0, 0
168003, 19456, 0, 0, 0
169004, 36864, 0, 0, 0
170004, 22528, 0, 0, 0
171004, 27648, 0, 0, 0
172005, 11264, 0, 0, 0
173005, 13312, 0, 0, 0
174005, 18432, 0, 0, 0
175006, 25600, 0, 0, 0
176006, 48128, 0, 0, 0
177007, 43008, 0, 0, 0
178007, 29696, 0, 0, 0
179007, 51200, 0, 0, 0
180009, 21482, 0, 0, 0
