1000, 11264, 0, 0, 0
2001, 141312, 0, 0, 0
3000, 109677, 0, 0, 0
4000, 112640, 0, 0, 0
5001, 123904, 0, 0, 0
6000, 132228, 0, 0, 0
7000, 140288, 0, 0, 0
8001, 120832, 0, 0, 0
9000, 97377, 0, 0, 0
10000, 114688, 0, 0, 0
11001, 132096, 0, 0, 0
12000, 133253, 0, 0, 0
13000, 103424, 0, 0, 0
14001, 143360, 0, 0, 0
15000, 156828, 0, 0, 0
16000, 135168, 0, 0, 0
17001, 141312, 0, 0, 0
18000, 126078, 0, 0, 0
19000, 159744, 0, 0, 0
20000, 132096, 0, 0, 0
21001, 133120, 0, 0, 0
22000, 128128, 0, 0, 0
23000, 122880, 0, 0, 0
24001, 108544, 0, 0, 0
25000, 146578, 0, 0, 0
26001, 132096, 0, 0, 0
27000, 137353, 0, 0, 0
28000, 125952, 0, 0, 0
29000, 121856, 0, 0, 0
30001, 118784, 0, 0, 0
31000, 114802, 0, 0, 0
32000, 111616, 0, 0, 0
33001, 130048, 0, 0, 0
34000, 138378, 0, 0, 0
35000, 123904, 0, 0, 0
36001, 156672, 0, 0, 0
37000, 135303, 0, 0, 0
38000, 123904, 0, 0, 0
39001, 117760, 0, 0, 0
40000, 136328, 0, 0, 0
41000, 119808, 0, 0, 0
42000, 148480, 0, 0, 0
43001, 139264, 0, 0, 0
44000, 128128, 0, 0, 0
45000, 165888, 0, 0, 0
46001, 119808, 0, 0, 0
47000, 146578, 0, 0, 0
48000, 89088, 0, 0, 0
49001, 125952, 0, 0, 0
50000, 150678, 0, 0, 0
51000, 124928, 0, 0, 0
52001, 114688, 0, 0, 0
53000, 123003, 0, 0, 0
54000, 130048, 0, 0, 0
55001, 121856, 0, 0, 0
56000, 123003, 0, 0, 0
57000, 123904, 0, 0, 0
58001, 146432, 0, 0, 0
59000, 152728, 0, 0, 0
60000, 122880, 0, 0, 0
61001, 109568, 0, 0, 0
62000, 120952, 0, 0, 0
63000, 113664, 0, 0, 0
64001, 142336, 0, 0, 0
65000, 164004, 0, 0, 0
66001, 111616, 0, 0, 0
67000, 120952, 0, 0, 0
68000, 113664, 0, 0, 0
69001, 115712, 0, 0, 0
70000, 123003, 0, 0, 0
71000, 147456, 0, 0, 0
72001, 133120, 0, 0, 0
73000, 130178, 0, 0, 0
74000, 103424, 0, 0, 0
75001, 154624, 0, 0, 0
76000, 133253, 0, 0, 0
77000, 147456, 0, 0, 0
78001, 151552, 0, 0, 0
79000, 121977, 0, 0, 0
80000, 117760, 0, 0, 0
81001, 121856, 0, 0, 0
82000, 133253, 0, 0, 0
83001, 126976, 0, 0, 0
84000, 113777, 0, 0, 0
85000, 128000, 0, 0, 0
86001, 134144, 0, 0, 0
87000, 106602, 0, 0, 0
88000, 143360, 0, 0, 0
89001, 114688, 0, 0, 0
90000, 146578, 0, 0, 0
91001, 150528, 0, 0, 0
92000, 123003, 0, 0, 0
93000, 113664, 0, 0, 0
94001, 146432, 0, 0, 0
95000, 129153, 0, 0, 0
96000, 143360, 0, 0, 0
97001, 117760, 0, 0, 0
98000, 137353, 0, 0, 0
99000, 130048, 0, 0, 0
100000, 129024, 0, 0, 0
101000, 118902, 0, 0, 0
102000, 140288, 0, 0, 0
103001, 156672, 0, 0, 0
104000, 99427, 0, 0, 0
105000, 109568, 0, 0, 0
106001, 144384, 0, 0, 0
107000, 127103, 0, 0, 0
108000, 137216, 0, 0, 0
109001, 138240, 0, 0, 0
110000, 150678, 0, 0, 0
111001, 142336, 0, 0, 0
112000, 149653, 0, 0, 0
113000, 110592, 0, 0, 0
114001, 93184, 0, 0, 0
115000, 113777, 0, 0, 0
116001, 121856, 0, 0, 0
117000, 116852, 0, 0, 0
118000, 103424, 0, 0, 0
119001, 146432, 0, 0, 0
120000, 154778, 0, 0, 0
121000, 107520, 0, 0, 0
122001, 136192, 0, 0, 0
123000, 131203, 0, 0, 0
124000, 140288, 0, 0, 0
125001, 126976, 0, 0, 0
126000, 104552, 0, 0, 0
127001, 151552, 0, 0, 0
128000, 124028, 0, 0, 0
129000, 132096, 0, 0, 0
130001, 123904, 0, 0, 0
131000, 127103, 0, 0, 0
132000, 149504, 0, 0, 0
133001, 116736, 0, 0, 0
134000, 118902, 0, 0, 0
135000, 138240, 0, 0, 0
136001, 120832, 0, 0, 0
137000, 115827, 0, 0, 0
138000, 115712, 0, 0, 0
139001, 147456, 0, 0, 0
140000, 100452, 0, 0, 0
141000, 123904, 0, 0, 0
142001, 123904, 0, 0, 0
143000, 137353, 0, 0, 0
144000, 135168, 0, 0, 0
145001, 116736, 0, 0, 0
146000, 135303, 0, 0, 0
147000, 116736, 0, 0, 0
148001, 131072, 0, 0, 0
149000, 133253, 0, 0, 0
150000, 93184, 0, 0, 0
151001, 119808, 0, 0, 0
152000, 130178, 0, 0, 0
153000, 143360, 0, 0, 0
154000, 127103, 0, 0, 0
155000, 160768, 0, 0, 0
156001, 116736, 0, 0, 0
157000, 135303, 0, 0, 0
158000, 121856, 0, 0, 0
159001, 114688, 0, 0, 0
160000, 127103, 0, 0, 0
161000, 130048, 0, 0, 0
162001, 133120, 0, 0, 0
163000, 105577, 0, 0, 0
164002, 102297, 0, 0, 0
165002, 112640, 0, 0, 0
166003, 125952, 0, 0, 0
167003, 122880, 0, 0, 0
168003, 136192, 0, 0, 0
169004, 142336, 0, 0, 0
170004, 145408, 0, 0, 0
171005, 106496, 0, 0, 0
172005, 141312, 0, 0, 0
173005, 115712, 0, 0, 0
174006, 116736, 0, 0, 0
175006, 130048, 0, 0, 0
176006, 158720, 0, 0, 0
177007, 150528, 0, 0, 0
178007, 112640, 0, 0, 0
179007, 112640, 0, 0, 0
