1000, 3072, 0, 0, 0
2001, 130048, 0, 0, 0
3000, 151703, 0, 0, 0
4001, 119808, 0, 0, 0
5001, 110592, 0, 0, 0
6000, 142478, 0, 0, 0
7001, 146432, 0, 0, 0
8001, 134144, 0, 0, 0
9000, 110702, 0, 0, 0
10001, 132096, 0, 0, 0
11001, 117760, 0, 0, 0
12000, 118902, 0, 0, 0
13000, 143360, 0, 0, 0
14001, 131072, 0, 0, 0
15000, 126078, 0, 0, 0
16000, 168960, 0, 0, 0
17001, 154624, 0, 0, 0
18000, 134278, 0, 0, 0
19000, 108544, 0, 0, 0
20001, 125952, 0, 0, 0
21001, 140288, 0, 0, 0
22000, 127103, 0, 0, 0
23001, 124928, 0, 0, 0
24001, 107520, 0, 0, 0
25000, 135303, 0, 0, 0
26001, 107520, 0, 0, 0
27000, 143503, 0, 0, 0
28000, 107520, 0, 0, 0
29001, 135168, 0, 0, 0
30001, 137216, 0, 0, 0
31000, 121977, 0, 0, 0
32001, 142336, 0, 0, 0
33001, 134144, 0, 0, 0
34000, 129153, 0, 0, 0
35001, 112640, 0, 0, 0
36001, 134144, 0, 0, 0
37000, 166054, 0, 0, 0
38000, 154624, 0, 0, 0
39001, 148480, 0, 0, 0
40000, 145553, 0, 0, 0
41000, 116736, 0, 0, 0
42001, 166912, 0, 0, 0
43001, 122880, 0, 0, 0
44000, 137353, 0, 0, 0
45001, 142336, 0, 0, 0
46001, 120832, 0, 0, 0
47000, 123003, 0, 0, 0
48001, 131072, 0, 0, 0
49001, 104448, 0, 0, 0
50000, 134278, 0, 0, 0
51001, 124928, 0, 0, 0
52001, 157696, 0, 0, 0
53000, 113777, 0, 0, 0
54001, 134144, 0, 0, 0
55001, 71680, 0, 0, 0
56000, 158878, 0, 0, 0
57001, 142336, 0, 0, 0
58001, 141312, 0, 0, 0
59000, 118902, 0, 0, 0
60001, 152576, 0, 0, 0
61001, 108544, 0, 0, 0
62000, 165029, 0, 0, 0
63001, 134144, 0, 0, 0
64001, 136192, 0, 0, 0
65000, 129153, 0, 0, 0
66001, 128000, 0, 0, 0
67000, 133253, 0, 0, 0
68000, 119808, 0, 0, 0
69001, 118784, 0, 0, 0
70000, 133253, 0, 0, 0
71000, 142336, 0, 0, 0
72001, 116736, 0, 0, 0
73000, 123003, 0, 0, 0
74001, 128000, 0, 0, 0
75001, 93184, 0, 0, 0
76000, 120952, 0, 0, 0
77001, 161792, 0, 0, 0
78001, 129024, 0, 0, 0
79000, 127103, 0, 0, 0
80001, 131072, 0, 0, 0
81001, 132096, 0, 0, 0
82000, 153753, 0, 0, 0
83001, 126976, 0, 0, 0
84000, 138378, 0, 0, 0
85000, 149504, 0, 0, 0
86001, 143360, 0, 0, 0
87000, 116852, 0, 0, 0
88001, 124928, 0, 0, 0
89001, 158720, 0, 0, 0
90000, 108652, 0, 0, 0
91001, 133120, 0, 0, 0
92000, 97377, 0, 0, 0
93000, 106496, 0, 0, 0
94001, 118784, 0, 0, 0
95000, 117877, 0, 0, 0
96000, 148480, 0, 0, 0
97001, 133120, 0, 0, 0
98000, 106602, 0, 0, 0
99000, 177152, 0, 0, 0
100001, 133120, 0, 0, 0
101000, 131203, 0, 0, 0
102000, 131072, 0, 0, 0
103001, 112640, 0, 0, 0
104000, 127103, 0, 0, 0
105000, 122880, 0, 0, 0
106001, 158720, 0, 0, 0
107000, 141453, 0, 0, 0
108001, 123904, 0, 0, 0
109001, 130048, 0, 0, 0
110000, 124028, 0, 0, 0
111001, 116736, 0, 0, 0
112000, 145553, 0, 0, 0
113001, 129024, 0, 0, 0
114001, 145408, 0, 0, 0
115000, 161953, 0, 0, 0
116001, 121856, 0, 0, 0
117000, 134278, 0, 0, 0
118001, 107520, 0, 0, 0
119001, 154624, 0, 0, 0
120000, 136328, 0, 0, 0
121001, 111616, 0, 0, 0
122001, 146432, 0, 0, 0
123000, 129153, 0, 0, 0
124001, 129024, 0, 0, 0
125001, 121856, 0, 0, 0
126000, 143503, 0, 0, 0
127001, 133120, 0, 0, 0
128000, 167079, 0, 0, 0
129000, 114688, 0, 0, 0
130001, 158720, 0, 0, 0
131000, 126078, 0, 0, 0
132001, 99328, 0, 0, 0
133001, 126976, 0, 0, 0
134000, 158878, 0, 0, 0
135001, 143360, 0, 0, 0
136001, 131072, 0, 0, 0
137000, 153753, 0, 0, 0
138001, 152576, 0, 0, 0
139001, 129024, 0, 0, 0
140000, 147603, 0, 0, 0
141001, 113664, 0, 0, 0
142001, 131072, 0, 0, 0
143000, 132228, 0, 0, 0
144001, 154624, 0, 0, 0
145001, 132096, 0, 0, 0
146000, 109677, 0, 0, 0
147001, 117760, 0, 0, 0
148001, 110592, 0, 0, 0
149000, 155803, 0, 0, 0
150001, 105472, 0, 0, 0
151001, 111616, 0, 0, 0
152000, 132228, 0, 0, 0
153001, 114688, 0, 0, 0
154000, 115827, 0, 0, 0
155000, 121856, 0, 0, 0
156001, 105472, 0, 0, 0
157000, 158878, 0, 0, 0
158000, 120832, 0, 0, 0
159001, 148480, 0, 0, 0
160000, 121977, 0, 0, 0
161001, 141312, 0, 0, 0
162001, 138240, 0, 0, 0
163000, 98402, 0, 0, 0
164002, 152423, 0, 0, 0
165002, 156672, 0, 0, 0
166003, 122880, 0, 0, 0
167003, 148480, 0, 0, 0
168004, 128000, 0, 0, 0
169004, 129024, 0, 0, 0
170004, 161792, 0, 0, 0
171005, 151552, 0, 0, 0
172005, 119808, 0, 0, 0
173005, 148480, 0, 0, 0
174006, 123904, 0, 0, 0
175006, 92160, 0, 0, 0
176007, 125952, 0, 0, 0
177007, 119808, 0, 0, 0
178007, 133120, 0, 0, 0
179008, 111616, 0, 0, 0
