1000, 9216, 0, 0, 0
2000, 115712, 0, 0, 0
3000, 149653, 0, 0, 0
4000, 138240, 0, 0, 0
5000, 134144, 0, 0, 0
6000, 129153, 0, 0, 0
7000, 139264, 0, 0, 0
8000, 155648, 0, 0, 0
9000, 150678, 0, 0, 0
10000, 162816, 0, 0, 0
11000, 139264, 0, 0, 0
12000, 134278, 0, 0, 0
13000, 145408, 0, 0, 0
14000, 132096, 0, 0, 0
15000, 133253, 0, 0, 0
16000, 131072, 0, 0, 0
17000, 94208, 0, 0, 0
18000, 129153, 0, 0, 0
19000, 125952, 0, 0, 0
20000, 119808, 0, 0, 0
21001, 122880, 0, 0, 0
22000, 115827, 0, 0, 0
23000, 139264, 0, 0, 0
24001, 126976, 0, 0, 0
25000, 147603, 0, 0, 0
26000, 110592, 0, 0, 0
27000, 128128, 0, 0, 0
28000, 125952, 0, 0, 0
29000, 149504, 0, 0, 0
30001, 143360, 0, 0, 0
31000, 136328, 0, 0, 0
32000, 107520, 0, 0, 0
33000, 131072, 0, 0, 0
34000, 120952, 0, 0, 0
35000, 154624, 0, 0, 0
36000, 139264, 0, 0, 0
37000, 111727, 0, 0, 0
38000, 112640, 0, 0, 0
39000, 94208, 0, 0, 0
40000, 112752, 0, 0, 0
41000, 107520, 0, 0, 0
42000, 113664, 0, 0, 0
43001, 106496, 0, 0, 0
44000, 141453, 0, 0, 0
45000, 146432, 0, 0, 0
46001, 140288, 0, 0, 0
47000, 114802, 0, 0, 0
48000, 86016, 0, 0, 0
49001, 126976, 0, 0, 0
50000, 131203, 0, 0, 0
51000, 140288, 0, 0, 0
52001, 112640, 0, 0, 0
53000, 124028, 0, 0, 0
54000, 115712, 0, 0, 0
55001, 152576, 0, 0, 0
56000, 110702, 0, 0, 0
57000, 136192, 0, 0, 0
58001, 103424, 0, 0, 0
59000, 136328, 0, 0, 0
60000, 115712, 0, 0, 0
61001, 129024, 0, 0, 0
62000, 168104, 0, 0, 0
63000, 111616, 0, 0, 0
64001, 140288, 0, 0, 0
65000, 116852, 0, 0, 0
66000, 142336, 0, 0, 0
67000, 87127, 0, 0, 0
68000, 114688, 0, 0, 0
69000, 129024, 0, 0, 0
70000, 129153, 0, 0, 0
71000, 150528, 0, 0, 0
72000, 105472, 0, 0, 0
73000, 114802, 0, 0, 0
74000, 116736, 0, 0, 0
75000, 125952, 0, 0, 0
76000, 126078, 0, 0, 0
77000, 144384, 0, 0, 0
78000, 156672, 0, 0, 0
79000, 142478, 0, 0, 0
80000, 114688, 0, 0, 0
81001, 132096, 0, 0, 0
82000, 110702, 0, 0, 0
83000, 126976, 0, 0, 0
84000, 113777, 0, 0, 0
85000, 147456, 0, 0, 0
86000, 120832, 0, 0, 0
87000, 149653, 0, 0, 0
88000, 113664, 0, 0, 0
89001, 150528, 0, 0, 0
90000, 151703, 0, 0, 0
91000, 101376, 0, 0, 0
92000, 115827, 0, 0, 0
93000, 161792, 0, 0, 0
94000, 116736, 0, 0, 0
95000, 121977, 0, 0, 0
96000, 97280, 0, 0, 0
97000, 145408, 0, 0, 0
98000, 130178, 0, 0, 0
99000, 131072, 0, 0, 0
100000, 133120, 0, 0, 0
101000, 143503, 0, 0, 0
102000, 144384, 0, 0, 0
103000, 117760, 0, 0, 0
104000, 136328, 0, 0, 0
105000, 133120, 0, 0, 0
106000, 123904, 0, 0, 0
107000, 118902, 0, 0, 0
108000, 141312, 0, 0, 0
109001, 131072, 0, 0, 0
110000, 158878, 0, 0, 0
111000, 167936, 0, 0, 0
112000, 124028, 0, 0, 0
113000, 140288, 0, 0, 0
114001, 111616, 0, 0, 0
115000, 146578, 0, 0, 0
116000, 120832, 0, 0, 0
117000, 132228, 0, 0, 0
118000, 149504, 0, 0, 0
119000, 113664, 0, 0, 0
120000, 107627, 0, 0, 0
121000, 103424, 0, 0, 0
122000, 137216, 0, 0, 0
123000, 141453, 0, 0, 0
124000, 137216, 0, 0, 0
125001, 157696, 0, 0, 0
126000, 141453, 0, 0, 0
127000, 108544, 0, 0, 0
128000, 112752, 0, 0, 0
129000, 107520, 0, 0, 0
130000, 149504, 0, 0, 0
131000, 131203, 0, 0, 0
132000, 159744, 0, 0, 0
133000, 146432, 0, 0, 0
134000, 124028, 0, 0, 0
135000, 141312, 0, 0, 0
136001, 136192, 0, 0, 0
137000, 150678, 0, 0, 0
138000, 109568, 0, 0, 0
139000, 148480, 0, 0, 0
140000, 135303, 0, 0, 0
141000, 101376, 0, 0, 0
142000, 167936, 0, 0, 0
143000, 151703, 0, 0, 0
144000, 143360, 0, 0, 0
145001, 110592, 0, 0, 0
146000, 103527, 0, 0, 0
147000, 165888, 0, 0, 0
148001, 156672, 0, 0, 0
149000, 139403, 0, 0, 0
150000, 102400, 0, 0, 0
151001, 126976, 0, 0, 0
152000, 118902, 0, 0, 0
153000, 135168, 0, 0, 0
154000, 105577, 0, 0, 0
155000, 143360, 0, 0, 0
156000, 132096, 0, 0, 0
157000, 121977, 0, 0, 0
158000, 136192, 0, 0, 0
159000, 144384, 0, 0, 0
160000, 114802, 0, 0, 0
161000, 121856, 0, 0, 0
162001, 141312, 0, 0, 0
163000, 114802, 0, 0, 0
164002, 134009, 0, 0, 0
165002, 153600, 0, 0, 0
166002, 162816, 0, 0, 0
167003, 136192, 0, 0, 0
168003, 114688, 0, 0, 0
169004, 128000, 0, 0, 0
170004, 160768, 0, 0, 0
171004, 140288, 0, 0, 0
172005, 128000, 0, 0, 0
173005, 114688, 0, 0, 0
174005, 93184, 0, 0, 0
175006, 124928, 0, 0, 0
176006, 149504, 0, 0, 0
177007, 119808, 0, 0, 0
178007, 114688, 0, 0, 0
179007, 130048, 0, 0, 0
180009, 136055, 0, 0, 0
