2001, 112640, 0, 0, 0
3000, 153753, 0, 0, 0
4000, 165888, 0, 0, 0
5001, 119808, 0, 0, 0
6000, 132228, 0, 0, 0
7000, 169984, 0, 0, 0
8001, 152576, 0, 0, 0
9000, 108652, 0, 0, 0
10000, 117760, 0, 0, 0
11001, 88064, 0, 0, 0
12000, 123003, 0, 0, 0
13000, 161792, 0, 0, 0
14001, 100352, 0, 0, 0
15000, 145553, 0, 0, 0
16000, 139264, 0, 0, 0
17001, 138240, 0, 0, 0
18000, 176304, 0, 0, 0
19000, 96256, 0, 0, 0
20000, 105472, 0, 0, 0
21001, 134144, 0, 0, 0
22000, 147603, 0, 0, 0
23000, 123904, 0, 0, 0
24001, 138240, 0, 0, 0
25000, 138378, 0, 0, 0
26001, 122880, 0, 0, 0
27000, 133253, 0, 0, 0
28000, 141312, 0, 0, 0
29000, 146432, 0, 0, 0
30001, 91136, 0, 0, 0
31000, 148628, 0, 0, 0
32000, 136192, 0, 0, 0
33001, 116736, 0, 0, 0
34000, 145553, 0, 0, 0
35000, 112640, 0, 0, 0
36001, 129024, 0, 0, 0
37000, 123003, 0, 0, 0
38000, 155648, 0, 0, 0
39001, 119808, 0, 0, 0
40000, 110702, 0, 0, 0
41000, 146432, 0, 0, 0
42001, 138240, 0, 0, 0
43001, 120832, 0, 0, 0
44000, 148628, 0, 0, 0
45000, 143360, 0, 0, 0
46001, 142336, 0, 0, 0
47000, 105577, 0, 0, 0
48000, 106496, 0, 0, 0
49001, 116736, 0, 0, 0
50000, 110702, 0, 0, 0
51000, 102400, 0, 0, 0
52001, 133120, 0, 0, 0
53000, 113777, 0, 0, 0
54000, 146432, 0, 0, 0
55001, 144384, 0, 0, 0
56000, 118902, 0, 0, 0
57000, 121856, 0, 0, 0
58001, 108544, 0, 0, 0
59000, 134278, 0, 0, 0
60000, 137216, 0, 0, 0
61001, 108544, 0, 0, 0
62000, 108652, 0, 0, 0
63000, 105472, 0, 0, 0
64001, 116736, 0, 0, 0
65000, 113777, 0, 0, 0
66001, 112640, 0, 0, 0
67000, 132228, 0, 0, 0
68000, 119808, 0, 0, 0
69001, 106496, 0, 0, 0
70000, 85077, 0, 0, 0
71000, 148480, 0, 0, 0
72001, 124928, 0, 0, 0
73000, 128128, 0, 0, 0
74000, 123904, 0, 0, 0
75001, 140288, 0, 0, 0
76000, 135303, 0, 0, 0
77000, 124928, 0, 0, 0
78001, 139264, 0, 0, 0
79000, 132228, 0, 0, 0
80000, 148480, 0, 0, 0
81001, 132096, 0, 0, 0
82000, 136328, 0, 0, 0
83001, 130048, 0, 0, 0
84000, 135303, 0, 0, 0
85000, 108544, 0, 0, 0
86001, 152576, 0, 0, 0
87000, 130178, 0, 0, 0
88000, 124928, 0, 0, 0
89001, 111616, 0, 0, 0
90000, 129153, 0, 0, 0
91001, 156672, 0, 0, 0
92000, 131203, 0, 0, 0
93000, 129024, 0, 0, 0
94001, 105472, 0, 0, 0
95000, 116852, 0, 0, 0
96000, 108544, 0, 0, 0
97001, 131072, 0, 0, 0
98000, 134278, 0, 0, 0
99000, 115712, 0, 0, 0
100001, 115712, 0, 0, 0
101000, 124028, 0, 0, 0
102000, 120832, 0, 0, 0
103001, 122880, 0, 0, 0
104000, 102502, 0, 0, 0
105000, 120832, 0, 0, 0
106001, 115712, 0, 0, 0
107000, 112752, 0, 0, 0
108000, 141312, 0, 0, 0
109001, 139264, 0, 0, 0
110000, 135303, 0, 0, 0
111001, 144384, 0, 0, 0
112000, 112752, 0, 0, 0
113000, 128000, 0, 0, 0
114001, 102400, 0, 0, 0
115000, 141453, 0, 0, 0
116001, 122880, 0, 0, 0
117000, 121977, 0, 0, 0
118000, 126976, 0, 0, 0
119001, 143360, 0, 0, 0
120000, 119927, 0, 0, 0
121000, 152576, 0, 0, 0
122001, 113664, 0, 0, 0
123000, 104552, 0, 0, 0
124000, 146432, 0, 0, 0
125001, 130048, 0, 0, 0
126000, 120952, 0, 0, 0
127001, 101376, 0, 0, 0
128000, 134278, 0, 0, 0
129000, 129024, 0, 0, 0
130001, 101376, 0, 0, 0
131000, 139403, 0, 0, 0
132000, 148480, 0, 0, 0
133001, 135168, 0, 0, 0
134000, 148628, 0, 0, 0
135000, 133120, 0, 0, 0
136001, 143360, 0, 0, 0
137000, 114802, 0, 0, 0
138000, 109568, 0, 0, 0
139001, 101376, 0, 0, 0
140000, 157853, 0, 0, 0
141000, 112640, 0, 0, 0
142001, 151552, 0, 0, 0
143000, 123003, 0, 0, 0
144000, 140288, 0, 0, 0
145001, 121856, 0, 0, 0
146000, 155803, 0, 0, 0
147000, 119808, 0, 0, 0
148001, 121856, 0, 0, 0
149000, 130178, 0, 0, 0
150000, 145408, 0, 0, 0
151001, 144384, 0, 0, 0
152000, 137353, 0, 0, 0
153000, 95232, 0, 0, 0
154000, 118902, 0, 0, 0
155000, 141312, 0, 0, 0
156001, 106496, 0, 0, 0
157000, 145553, 0, 0, 0
158000, 106496, 0, 0, 0
159001, 133120, 0, 0, 0
160000, 138378, 0, 0, 0
161000, 146432, 0, 0, 0
162001, 154624, 0, 0, 0
163000, 144528, 0, 0, 0
164002, 110481, 0, 0, 0
165002, 122880, 0, 0, 0
166003, 128000, 0, 0, 0
167003, 128000, 0, 0, 0
168003, 130048, 0, 0, 0
169004, 120832, 0, 0, 0
170004, 167936, 0, 0, 0
171005, 119808, 0, 0, 0
172005, 97280, 0, 0, 0
173005, 114688, 0, 0, 0
174006, 101376, 0, 0, 0
175006, 140288, 0, 0, 0
176006, 111616, 0, 0, 0
177007, 165888, 0, 0, 0
178007, 148480, 0, 0, 0
179008, 137216, 0, 0, 0
