1000, 22528, 0, 0, 0
2001, 126976, 0, 0, 0
3000, 131203, 0, 0, 0
4000, 112640, 0, 0, 0
5001, 124928, 0, 0, 0
6000, 120952, 0, 0, 0
7000, 114688, 0, 0, 0
8001, 126976, 0, 0, 0
9000, 131203, 0, 0, 0
10000, 137216, 0, 0, 0
11001, 161792, 0, 0, 0
12000, 158878, 0, 0, 0
13000, 137216, 0, 0, 0
14001, 165888, 0, 0, 0
15000, 130178, 0, 0, 0
16000, 145408, 0, 0, 0
17001, 136192, 0, 0, 0
18000, 153753, 0, 0, 0
19000, 131072, 0, 0, 0
20001, 143360, 0, 0, 0
21001, 110592, 0, 0, 0
22000, 136328, 0, 0, 0
23000, 128000, 0, 0, 0
24001, 182272, 0, 0, 0
25000, 133253, 0, 0, 0
26001, 138240, 0, 0, 0
27000, 151703, 0, 0, 0
28000, 109568, 0, 0, 0
29001, 130048, 0, 0, 0
30001, 150528, 0, 0, 0
31000, 121977, 0, 0, 0
32000, 119808, 0, 0, 0
33001, 136192, 0, 0, 0
34000, 142478, 0, 0, 0
35000, 132096, 0, 0, 0
36001, 125952, 0, 0, 0
37000, 100452, 0, 0, 0
38000, 148480, 0, 0, 0
39001, 114688, 0, 0, 0
40000, 149653, 0, 0, 0
41000, 145408, 0, 0, 0
42001, 126976, 0, 0, 0
43001, 142336, 0, 0, 0
44000, 140428, 0, 0, 0
45000, 140288, 0, 0, 0
46001, 122880, 0, 0, 0
47000, 144528, 0, 0, 0
48001, 128000, 0, 0, 0
49001, 144384, 0, 0, 0
50000, 144528, 0, 0, 0
51000, 151552, 0, 0, 0
52001, 126976, 0, 0, 0
53000, 99427, 0, 0, 0
54000, 129024, 0, 0, 0
55001, 118784, 0, 0, 0
56000, 100452, 0, 0, 0
57000, 121856, 0, 0, 0
58001, 114688, 0, 0, 0
59000, 110702, 0, 0, 0
60000, 174080, 0, 0, 0
61001, 115712, 0, 0, 0
62000, 133253, 0, 0, 0
63000, 139264, 0, 0, 0
64001, 122880, 0, 0, 0
65000, 137353, 0, 0, 0
66001, 144384, 0, 0, 0
67000, 151703, 0, 0, 0
68000, 135168, 0, 0, 0
69001, 133120, 0, 0, 0
70000, 131203, 0, 0, 0
71000, 144384, 0, 0, 0
72001, 156672, 0, 0, 0
73000, 141453, 0, 0, 0
74000, 152576, 0, 0, 0
75001, 128000, 0, 0, 0
76000, 146578, 0, 0, 0
77000, 116736, 0, 0, 0
78001, 140288, 0, 0, 0
79000, 143503, 0, 0, 0
80000, 135168, 0, 0, 0
81001, 121856, 0, 0, 0
82000, 114802, 0, 0, 0
83001, 130048, 0, 0, 0
84000, 148628, 0, 0, 0
85000, 110592, 0, 0, 0
86001, 122880, 0, 0, 0
87000, 108652, 0, 0, 0
88000, 148480, 0, 0, 0
89001, 136192, 0, 0, 0
90000, 128128, 0, 0, 0
91001, 173056, 0, 0, 0
92000, 139403, 0, 0, 0
93000, 145408, 0, 0, 0
94001, 143360, 0, 0, 0
95000, 154778, 0, 0, 0
96000, 150528, 0, 0, 0
97001, 114688, 0, 0, 0
98000, 99427, 0, 0, 0
99000, 147456, 0, 0, 0
100001, 136192, 0, 0, 0
101000, 159903, 0, 0, 0
102000, 120832, 0, 0, 0
103001, 152576, 0, 0, 0
104000, 143503, 0, 0, 0
105000, 135168, 0, 0, 0
106001, 140288, 0, 0, 0
107000, 127103, 0, 0, 0
108001, 125952, 0, 0, 0
109001, 113664, 0, 0, 0
110000, 126078, 0, 0, 0
111001, 122880, 0, 0, 0
112000, 118902, 0, 0, 0
113000, 134144, 0, 0, 0
114001, 159744, 0, 0, 0
115000, 140428, 0, 0, 0
116001, 132096, 0, 0, 0
117000, 94302, 0, 0, 0
118000, 91136, 0, 0, 0
119001, 110592, 0, 0, 0
120000, 124028, 0, 0, 0
121000, 121856, 0, 0, 0
122001, 126976, 0, 0, 0
123000, 131203, 0, 0, 0
124000, 106496, 0, 0, 0
125001, 165888, 0, 0, 0
126000, 151703, 0, 0, 0
127001, 159744, 0, 0, 0
128000, 176304, 0, 0, 0
129000, 122880, 0, 0, 0
130001, 121856, 0, 0, 0
131000, 113777, 0, 0, 0
132000, 125952, 0, 0, 0
133001, 138240, 0, 0, 0
134000, 126078, 0, 0, 0
135000, 103424, 0, 0, 0
136001, 144384, 0, 0, 0
137000, 99427, 0, 0, 0
138000, 116736, 0, 0, 0
139001, 144384, 0, 0, 0
140000, 118902, 0, 0, 0
141000, 104448, 0, 0, 0
142001, 125952, 0, 0, 0
143000, 137353, 0, 0, 0
144000, 140288, 0, 0, 0
145001, 136192, 0, 0, 0
146000, 130178, 0, 0, 0
147000, 121856, 0, 0, 0
148001, 108544, 0, 0, 0
149000, 130178, 0, 0, 0
150000, 144384, 0, 0, 0
151001, 148480, 0, 0, 0
152000, 139403, 0, 0, 0
153000, 118784, 0, 0, 0
154000, 156828, 0, 0, 0
155000, 150528, 0, 0, 0
156001, 124928, 0, 0, 0
157000, 106602, 0, 0, 0
158000, 133120, 0, 0, 0
159001, 160768, 0, 0, 0
160000, 147603, 0, 0, 0
161000, 132096, 0, 0, 0
162001, 107520, 0, 0, 0
163000, 107627, 0, 0, 0
164002, 116619, 0, 0, 0
165002, 147456, 0, 0, 0
166003, 134144, 0, 0, 0
167003, 162816, 0, 0, 0
168003, 118784, 0, 0, 0
169004, 131072, 0, 0, 0
170004, 161792, 0, 0, 0
171005, 108544, 0, 0, 0
172005, 164864, 0, 0, 0
173005, 134144, 0, 0, 0
174006, 138240, 0, 0, 0
175006, 163840, 0, 0, 0
176006, 123904, 0, 0, 0
177007, 132096, 0, 0, 0
178007, 142336, 0, 0, 0
179008, 177152, 0, 0, 0
