2001, 87040, 0, 0, 0
3000, 144528, 0, 0, 0
4000, 139264, 0, 0, 0
5001, 142336, 0, 0, 0
6000, 138378, 0, 0, 0
7000, 133120, 0, 0, 0
8001, 125952, 0, 0, 0
9000, 156828, 0, 0, 0
10000, 145408, 0, 0, 0
11001, 114688, 0, 0, 0
12000, 121977, 0, 0, 0
13000, 162816, 0, 0, 0
14001, 100352, 0, 0, 0
15000, 134278, 0, 0, 0
16000, 138240, 0, 0, 0
17001, 129024, 0, 0, 0
18000, 139403, 0, 0, 0
19000, 114688, 0, 0, 0
20000, 119808, 0, 0, 0
21001, 105472, 0, 0, 0
22000, 126078, 0, 0, 0
23000, 129024, 0, 0, 0
24001, 158720, 0, 0, 0
25000, 141453, 0, 0, 0
26001, 86016, 0, 0, 0
27000, 129153, 0, 0, 0
28000, 125952, 0, 0, 0
29001, 137216, 0, 0, 0
30001, 129024, 0, 0, 0
31000, 147603, 0, 0, 0
32000, 134144, 0, 0, 0
33001, 122880, 0, 0, 0
34000, 145553, 0, 0, 0
35000, 120832, 0, 0, 0
36001, 128000, 0, 0, 0
37000, 119927, 0, 0, 0
38000, 96256, 0, 0, 0
39001, 131072, 0, 0, 0
40000, 101477, 0, 0, 0
41000, 161792, 0, 0, 0
42001, 120832, 0, 0, 0
43001, 156672, 0, 0, 0
44000, 121977, 0, 0, 0
45000, 125952, 0, 0, 0
46001, 152576, 0, 0, 0
47000, 116852, 0, 0, 0
48001, 147456, 0, 0, 0
49001, 141312, 0, 0, 0
50000, 143503, 0, 0, 0
51000, 118784, 0, 0, 0
52001, 150528, 0, 0, 0
53000, 110702, 0, 0, 0
54000, 134144, 0, 0, 0
55001, 121856, 0, 0, 0
56000, 136328, 0, 0, 0
57000, 114688, 0, 0, 0
58001, 119808, 0, 0, 0
59000, 142478, 0, 0, 0
60000, 107520, 0, 0, 0
61001, 128000, 0, 0, 0
62000, 140428, 0, 0, 0
63000, 91136, 0, 0, 0
64001, 128000, 0, 0, 0
65000, 178354, 0, 0, 0
66001, 103424, 0, 0, 0
67000, 140428, 0, 0, 0
68000, 113664, 0, 0, 0
69001, 154624, 0, 0, 0
70000, 103527, 0, 0, 0
71000, 125952, 0, 0, 0
72001, 147456, 0, 0, 0
73000, 120952, 0, 0, 0
74000, 149504, 0, 0, 0
75001, 119808, 0, 0, 0
76000, 144528, 0, 0, 0
77000, 133120, 0, 0, 0
78001, 138240, 0, 0, 0
79000, 117877, 0, 0, 0
80000, 112640, 0, 0, 0
81001, 123904, 0, 0, 0
82000, 114802, 0, 0, 0
83001, 109568, 0, 0, 0
84000, 155803, 0, 0, 0
85000, 154624, 0, 0, 0
86001, 124928, 0, 0, 0
87000, 128128, 0, 0, 0
88000, 141312, 0, 0, 0
89001, 128000, 0, 0, 0
90000, 129153, 0, 0, 0
91001, 102400, 0, 0, 0
92000, 120952, 0, 0, 0
93000, 125952, 0, 0, 0
94001, 122880, 0, 0, 0
95000, 105577, 0, 0, 0
96000, 139264, 0, 0, 0
97001, 129024, 0, 0, 0
98000, 108652, 0, 0, 0
99000, 138240, 0, 0, 0
100001, 106496, 0, 0, 0
101000, 108652, 0, 0, 0
102000, 129024, 0, 0, 0
103001, 129024, 0, 0, 0
104000, 138378, 0, 0, 0
105000, 115712, 0, 0, 0
106001, 104448, 0, 0, 0
107000, 137353, 0, 0, 0
108000, 131072, 0, 0, 0
109001, 123904, 0, 0, 0
110000, 153753, 0, 0, 0
111001, 108544, 0, 0, 0
112000, 130178, 0, 0, 0
113000, 144384, 0, 0, 0
114001, 125952, 0, 0, 0
115000, 133253, 0, 0, 0
116001, 123904, 0, 0, 0
117000, 99427, 0, 0, 0
118000, 145408, 0, 0, 0
119001, 130048, 0, 0, 0
120000, 137353, 0, 0, 0
121000, 97280, 0, 0, 0
122001, 148480, 0, 0, 0
123000, 166054, 0, 0, 0
124000, 92160, 0, 0, 0
125001, 117760, 0, 0, 0
126000, 125053, 0, 0, 0
127001, 129024, 0, 0, 0
128000, 120952, 0, 0, 0
129000, 149504, 0, 0, 0
130001, 125952, 0, 0, 0
131000, 125053, 0, 0, 0
132000, 122880, 0, 0, 0
133001, 117760, 0, 0, 0
134000, 137353, 0, 0, 0
135000, 131072, 0, 0, 0
136001, 132096, 0, 0, 0
137000, 138378, 0, 0, 0
138000, 101376, 0, 0, 0
139001, 139264, 0, 0, 0
140000, 107627, 0, 0, 0
141000, 125952, 0, 0, 0
142001, 134144, 0, 0, 0
143000, 151703, 0, 0, 0
144000, 112640, 0, 0, 0
145001, 131072, 0, 0, 0
146000, 144528, 0, 0, 0
147000, 118784, 0, 0, 0
148001, 97280, 0, 0, 0
149000, 123003, 0, 0, 0
150000, 111616, 0, 0, 0
151001, 114688, 0, 0, 0
152000, 142478, 0, 0, 0
153000, 122880, 0, 0, 0
154000, 187579, 0, 0, 0
155000, 112640, 0, 0, 0
156001, 120832, 0, 0, 0
157000, 123003, 0, 0, 0
158000, 148480, 0, 0, 0
159001, 104448, 0, 0, 0
160000, 113777, 0, 0, 0
161000, 149504, 0, 0, 0
162001, 125952, 0, 0, 0
163000, 114802, 0, 0, 0
164002, 124803, 0, 0, 0
165002, 104448, 0, 0, 0
166003, 126976, 0, 0, 0
167003, 161792, 0, 0, 0
168003, 139264, 0, 0, 0
169004, 124928, 0, 0, 0
170004, 117760, 0, 0, 0
171005, 119808, 0, 0, 0
172005, 133120, 0, 0, 0
173005, 119808, 0, 0, 0
174006, 152576, 0, 0, 0
175006, 155648, 0, 0, 0
176006, 130048, 0, 0, 0
177007, 105472, 0, 0, 0
178007, 106496, 0, 0, 0
179008, 99328, 0, 0, 0
