5001, 5120, 0, 0, 0
6000, 42026, 0, 0, 0
7001, 10240, 0, 0, 0
8001, 15360, 0, 0, 0
9000, 14350, 0, 0, 0
10001, 24576, 0, 0, 0
11001, 22528, 0, 0, 0
12000, 15375, 0, 0, 0
13001, 13312, 0, 0, 0
14001, 29696, 0, 0, 0
15000, 14350, 0, 0, 0
16001, 24576, 0, 0, 0
17001, 31744, 0, 0, 0
18000, 13325, 0, 0, 0
19000, 26624, 0, 0, 0
20001, 27648, 0, 0, 0
21001, 32768, 0, 0, 0
22000, 24600, 0, 0, 0
23001, 31744, 0, 0, 0
24001, 29696, 0, 0, 0
25000, 49201, 0, 0, 0
26001, 48128, 0, 0, 0
27000, 18450, 0, 0, 0
28000, 16384, 0, 0, 0
29001, 16384, 0, 0, 0
30001, 30720, 0, 0, 0
31000, 52276, 0, 0, 0
32001, 59392, 0, 0, 0
33001, 43008, 0, 0, 0
34000, 59451, 0, 0, 0
35001, 41984, 0, 0, 0
36001, 15360, 0, 0, 0
37000, 33825, 0, 0, 0
38000, 16384, 0, 0, 0
39001, 16384, 0, 0, 0
40000, 39975, 0, 0, 0
41000, 18432, 0, 0, 0
42001, 23552, 0, 0, 0
43001, 43008, 0, 0, 0
44000, 18450, 0, 0, 0
45001, 24576, 0, 0, 0
46001, 33792, 0, 0, 0
47000, 39975, 0, 0, 0
48001, 18432, 0, 0, 0
49001, 50176, 0, 0, 0
50000, 53301, 0, 0, 0
51001, 50176, 0, 0, 0
52001, 46080, 0, 0, 0
53000, 31775, 0, 0, 0
54001, 37888, 0, 0, 0
55001, 31744, 0, 0, 0
56000, 13325, 0, 0, 0
57001, 19456, 0, 0, 0
58001, 24576, 0, 0, 0
59000, 44076, 0, 0, 0
60001, 34816, 0, 0, 0
61001, 11264, 0, 0, 0
62000, 35875, 0, 0, 0
63001, 43008, 0, 0, 0
64001, 39936, 0, 0, 0
65000, 57401, 0, 0, 0
66001, 36864, 0, 0, 0
67000, 29725, 0, 0, 0
68000, 17408, 0, 0, 0
69001, 13312, 0, 0, 0
70000, 37925, 0, 0, 0
71001, 28672, 0, 0, 0
72001, 24576, 0, 0, 0
73000, 21525, 0, 0, 0
74001, 36864, 0, 0, 0
75001, 25600, 0, 0, 0
76000, 37925, 0, 0, 0
77001, 25600, 0, 0, 0
78001, 18432, 0, 0, 0
79000, 26650, 0, 0, 0
80001, 14336, 0, 0, 0
81001, 25600, 0, 0, 0
82000, 38950, 0, 0, 0
83001, 20480, 0, 0, 0
84000, 26650, 0, 0, 0
85000, 37888, 0, 0, 0
86001, 33792, 0, 0, 0
87000, 15375, 0, 0, 0
88001, 26624, 0, 0, 0
89001, 23552, 0, 0, 0
90000, 15375, 0, 0, 0
91001, 46080, 0, 0, 0
92000, 24600, 0, 0, 0
93000, 25600, 0, 0, 0
94001, 27648, 0, 0, 0
95000, 15375, 0, 0, 0
96000, 8192, 0, 0, 0
97001, 29696, 0, 0, 0
98000, 25625, 0, 0, 0
99000, 53248, 0, 0, 0
100001, 60416, 0, 0, 0
101000, 31775, 0, 0, 0
102000, 28672, 0, 0, 0
103001, 70656, 0, 0, 0
104000, 36900, 0, 0, 0
105001, 32768, 0, 0, 0
106001, 11264, 0, 0, 0
107000, 20500, 0, 0, 0
108001, 10240, 0, 0, 0
109001, 23552, 0, 0, 0
110000, 29725, 0, 0, 0
111001, 24576, 0, 0, 0
112000, 9225, 0, 0, 0
113001, 13312, 0, 0, 0
114001, 32768, 0, 0, 0
115000, 34850, 0, 0, 0
116001, 16384, 0, 0, 0
117000, 14350, 0, 0, 0
118001, 30720, 0, 0, 0
119001, 56320, 0, 0, 0
120000, 43051, 0, 0, 0
121001, 22528, 0, 0, 0
122001, 38912, 0, 0, 0
123000, 25625, 0, 0, 0
124001, 28672, 0, 0, 0
125001, 21504, 0, 0, 0
126000, 36900, 0, 0, 0
127001, 35840, 0, 0, 0
128000, 27675, 0, 0, 0
129001, 10240, 0, 0, 0
130001, 9216, 0, 0, 0
131000, 23575, 0, 0, 0
132001, 25600, 0, 0, 0
133001, 48128, 0, 0, 0
134000, 24600, 0, 0, 0
135001, 33792, 0, 0, 0
136001, 39936, 0, 0, 0
137000, 48176, 0, 0, 0
138001, 49152, 0, 0, 0
139001, 23552, 0, 0, 0
140000, 25625, 0, 0, 0
141001, 27648, 0, 0, 0
142001, 39936, 0, 0, 0
143000, 45101, 0, 0, 0
144001, 49152, 0, 0, 0
145001, 14336, 0, 0, 0
146000, 27675, 0, 0, 0
147001, 36864, 0, 0, 0
148001, 45056, 0, 0, 0
149000, 39975, 0, 0, 0
150001, 12288, 0, 0, 0
151001, 34816, 0, 0, 0
152000, 8200, 0, 0, 0
153001, 14336, 0, 0, 0
154000, 25625, 0, 0, 0
155000, 16384, 0, 0, 0
156001, 16384, 0, 0, 0
157000, 16400, 0, 0, 0
158000, 23552, 0, 0, 0
159001, 32768, 0, 0, 0
160000, 16400, 0, 0, 0
161001, 44032, 0, 0, 0
162001, 53248, 0, 0, 0
163000, 47151, 0, 0, 0
164002, 37850, 0, 0, 0
165002, 30720, 0, 0, 0
166003, 31744, 0, 0, 0
167003, 24576, 0, 0, 0
168004, 10240, 0, 0, 0
169004, 18432, 0, 0, 0
170004, 17408, 0, 0, 0
171005, 33792, 0, 0, 0
172005, 30720, 0, 0, 0
173006, 47104, 0, 0, 0
174006, 51200, 0, 0, 0
175006, 24576, 0, 0, 0
176007, 45056, 0, 0, 0
177007, 29696, 0, 0, 0
178007, 6144, 0, 0, 0
179008, 30720, 0, 0, 0
180010, 7160, 0, 0, 0
