38020, 2560, 1, 0, 0
39020, 2304, 1, 0, 0
40021, 256, 1, 0, 0
41021, 1024, 1, 0, 0
42022, 256, 1, 0, 0
43022, 768, 1, 0, 0
44022, 2048, 1, 0, 0
45023, 2048, 1, 0, 0
46023, 1280, 1, 0, 0
48024, 512, 1, 0, 0
49025, 1280, 1, 0, 0
50025, 1536, 1, 0, 0
51026, 256, 1, 0, 0
52026, 256, 1, 0, 0
53026, 512, 1, 0, 0
54027, 1024, 1, 0, 0
55027, 512, 1, 0, 0
56027, 768, 1, 0, 0
59029, 512, 1, 0, 0
60029, 256, 1, 0, 0
61029, 1024, 1, 0, 0
62030, 768, 1, 0, 0
63030, 512, 1, 0, 0
64030, 1536, 1, 0, 0
65031, 1024, 1, 0, 0
66031, 256, 1, 0, 0
68032, 512, 1, 0, 0
70033, 1536, 1, 0, 0
71033, 1536, 1, 0, 0
72033, 512, 1, 0, 0
73034, 2560, 1, 0, 0
74034, 1536, 1, 0, 0
75035, 1024, 1, 0, 0
76035, 1792, 1, 0, 0
78036, 1792, 1, 0, 0
79036, 768, 1, 0, 0
80037, 1280, 1, 0, 0
81037, 512, 1, 0, 0
82037, 1024, 1, 0, 0
83038, 256, 1, 0, 0
84038, 256, 1, 0, 0
85038, 768, 1, 0, 0
86039, 1280, 1, 0, 0
87039, 2304, 1, 0, 0
88039, 1792, 1, 0, 0
89040, 1536, 1, 0, 0
90040, 512, 1, 0, 0
91041, 768, 1, 0, 0
92041, 1792, 1, 0, 0
93041, 256, 1, 0, 0
94042, 1024, 1, 0, 0
95042, 512, 1, 0, 0
96043, 1792, 1, 0, 0
97043, 1024, 1, 0, 0
98043, 2560, 1, 0, 0
99044, 2560, 1, 0, 0
101045, 512, 1, 0, 0
102045, 2304, 1, 0, 0
104046, 1280, 1, 0, 0
105046, 256, 1, 0, 0
109047, 512, 1, 0, 0
110048, 512, 1, 0, 0
112048, 1536, 1, 0, 0
113049, 512, 1, 0, 0
114049, 2304, 1, 0, 0
115050, 1536, 1, 0, 0
116050, 2048, 1, 0, 0
117050, 1280, 1, 0, 0
118051, 1536, 1, 0, 0
119051, 768, 1, 0, 0
120052, 256, 1, 0, 0
122053, 1280, 1, 0, 0
123053, 256, 1, 0, 0
124053, 1536, 1, 0, 0
125054, 512, 1, 0, 0
127054, 256, 1, 0, 0
128055, 512, 1, 0, 0
129055, 512, 1, 0, 0
130056, 1024, 1, 0, 0
131056, 768, 1, 0, 0
132056, 2048, 1, 0, 0
135057, 1536, 1, 0, 0
136058, 2304, 1, 0, 0
137058, 1280, 1, 0, 0
138059, 2048, 1, 0, 0
139059, 1024, 1, 0, 0
140059, 2048, 1, 0, 0
141060, 1024, 1, 0, 0
142060, 512, 1, 0, 0
143060, 512, 1, 0, 0
144061, 768, 1, 0, 0
145061, 1536, 1, 0, 0
146061, 1536, 1, 0, 0
147062, 1536, 1, 0, 0
148062, 1536, 1, 0, 0
149062, 512, 1, 0, 0
150063, 1536, 1, 0, 0
151063, 256, 1, 0, 0
153064, 768, 1, 0, 0
155064, 256, 1, 0, 0
156065, 256, 1, 0, 0
157065, 1280, 1, 0, 0
158065, 2304, 1, 0, 0
161067, 512, 1, 0, 0
162067, 512, 1, 0, 0
163067, 512, 1, 0, 0
165068, 256, 1, 0, 0
166069, 2304, 1, 0, 0
167069, 256, 1, 0, 0
169070, 768, 1, 0, 0
170070, 1536, 1, 0, 0
173071, 2048, 1, 0, 0
174072, 1536, 1, 0, 0
175072, 768, 1, 0, 0
176072, 512, 1, 0, 0
177073, 256, 1, 0, 0
179074, 512, 1, 0, 0
180074, 256, 1, 0, 0
