40021, 768, 1, 0, 0
41021, 2560, 1, 0, 0
42022, 2560, 1, 0, 0
43022, 256, 1, 0, 0
44023, 256, 1, 0, 0
45023, 256, 1, 0, 0
47024, 256, 1, 0, 0
48024, 1024, 1, 0, 0
49025, 1024, 1, 0, 0
50025, 1024, 1, 0, 0
51026, 1792, 1, 0, 0
52026, 2048, 1, 0, 0
53026, 2304, 1, 0, 0
54027, 256, 1, 0, 0
55027, 1024, 1, 0, 0
57028, 256, 1, 0, 0
58028, 512, 1, 0, 0
60029, 2048, 1, 0, 0
62030, 2048, 1, 0, 0
63030, 768, 1, 0, 0
64030, 1792, 1, 0, 0
65031, 768, 1, 0, 0
67032, 512, 1, 0, 0
68032, 768, 1, 0, 0
69032, 768, 1, 0, 0
70033, 1024, 1, 0, 0
71033, 1024, 1, 0, 0
72034, 1280, 1, 0, 0
74034, 1536, 1, 0, 0
75035, 1024, 1, 0, 0
76035, 768, 1, 0, 0
77035, 1280, 1, 0, 0
78036, 256, 1, 0, 0
79036, 256, 1, 0, 0
80037, 2048, 1, 0, 0
82037, 1536, 1, 0, 0
84038, 256, 1, 0, 0
85038, 512, 1, 0, 0
86039, 1536, 1, 0, 0
88039, 512, 1, 0, 0
90040, 768, 1, 0, 0
91041, 512, 1, 0, 0
93041, 256, 1, 0, 0
94042, 1024, 1, 0, 0
95042, 512, 1, 0, 0
97043, 768, 1, 0, 0
98043, 1280, 1, 0, 0
99044, 768, 1, 0, 0
103045, 512, 1, 0, 0
104046, 512, 1, 0, 0
106046, 1280, 1, 0, 0
107047, 512, 1, 0, 0
108047, 1280, 1, 0, 0
109047, 256, 1, 0, 0
110048, 2560, 1, 0, 0
111048, 768, 1, 0, 0
112048, 768, 1, 0, 0
113049, 2304, 1, 0, 0
114049, 256, 1, 0, 0
115050, 512, 1, 0, 0
116050, 1280, 1, 0, 0
118051, 256, 1, 0, 0
119051, 1024, 1, 0, 0
120052, 256, 1, 0, 0
121052, 256, 1, 0, 0
123053, 2048, 1, 0, 0
124053, 1024, 1, 0, 0
125054, 256, 1, 0, 0
126054, 768, 1, 0, 0
129055, 1024, 1, 0, 0
130056, 768, 1, 0, 0
131056, 1024, 1, 0, 0
132056, 256, 1, 0, 0
133057, 256, 1, 0, 0
134057, 1792, 1, 0, 0
135058, 512, 1, 0, 0
136058, 1280, 1, 0, 0
138059, 256, 1, 0, 0
139059, 256, 1, 0, 0
140059, 1280, 1, 0, 0
141060, 1280, 1, 0, 0
142060, 1024, 1, 0, 0
143060, 512, 1, 0, 0
144061, 1024, 1, 0, 0
145061, 512, 1, 0, 0
146061, 1024, 1, 0, 0
147062, 1024, 1, 0, 0
149062, 512, 1, 0, 0
150063, 512, 1, 0, 0
152063, 1536, 1, 0, 0
153064, 256, 1, 0, 0
154064, 2304, 1, 0, 0
155064, 1024, 1, 0, 0
156065, 1536, 1, 0, 0
157065, 768, 1, 0, 0
158065, 768, 1, 0, 0
159066, 1280, 1, 0, 0
160066, 256, 1, 0, 0
161067, 256, 1, 0, 0
163067, 2560, 1, 0, 0
164068, 256, 1, 0, 0
165068, 1792, 1, 0, 0
166069, 512, 1, 0, 0
168069, 768, 1, 0, 0
169070, 768, 1, 0, 0
170070, 512, 1, 0, 0
171071, 768, 1, 0, 0
172071, 768, 1, 0, 0
173071, 1280, 1, 0, 0
174072, 1280, 1, 0, 0
175072, 2816, 1, 0, 0
176073, 2304, 1, 0, 0
179074, 768, 1, 0, 0
