36004, 1280, 1, 0, 0
38003, 512, 1, 0, 0
41004, 512, 1, 0, 0
42003, 1537, 1, 0, 0
43003, 1536, 1, 0, 0
45004, 1024, 1, 0, 0
46004, 1025, 1, 0, 0
47003, 768, 1, 0, 0
49004, 1024, 1, 0, 0
50004, 2562, 1, 0, 0
51003, 3587, 1, 0, 0
52003, 1024, 1, 0, 0
53004, 1792, 1, 0, 0
54004, 1024, 1, 0, 0
55004, 256, 1, 0, 0
56003, 768, 1, 0, 0
57003, 1024, 1, 0, 0
58004, 768, 1, 0, 0
59004, 768, 1, 0, 0
60004, 256, 1, 0, 0
61004, 256, 1, 0, 0
62004, 1024, 1, 0, 0
63003, 1025, 1, 0, 0
64004, 512, 1, 0, 0
65004, 512, 1, 0, 0
66004, 256, 1, 0, 0
67004, 768, 1, 0, 0
68004, 768, 1, 0, 0
69004, 2050, 1, 0, 0
70004, 1024, 1, 0, 0
71004, 768, 1, 0, 0
74004, 512, 1, 0, 0
75004, 256, 1, 0, 0
76003, 512, 1, 0, 0
77004, 2048, 1, 0, 0
80004, 512, 1, 0, 0
81003, 1281, 1, 0, 0
82004, 1024, 1, 0, 0
83004, 1024, 1, 0, 0
84003, 512, 1, 0, 0
86004, 512, 1, 0, 0
87004, 1025, 1, 0, 0
88004, 1536, 1, 0, 0
90004, 512, 1, 0, 0
91004, 2816, 1, 0, 0
92003, 256, 1, 0, 0
94004, 256, 1, 0, 0
96004, 256, 1, 0, 0
97003, 1537, 1, 0, 0
99004, 1280, 1, 0, 0
101004, 1792, 1, 0, 0
103004, 1537, 1, 0, 0
104004, 1024, 1, 0, 0
105004, 256, 1, 0, 0
106004, 1281, 1, 0, 0
107004, 3072, 1, 0, 0
108004, 512, 1, 0, 0
109004, 256, 1, 0, 0
110004, 256, 1, 0, 0
111003, 768, 1, 0, 0
112004, 768, 1, 0, 0
113004, 512, 1, 0, 0
116004, 512, 1, 0, 0
117004, 512, 1, 0, 0
118004, 1536, 1, 0, 0
119004, 512, 1, 0, 0
120004, 768, 1, 0, 0
121004, 1281, 1, 0, 0
122004, 1792, 1, 0, 0
123004, 512, 1, 0, 0
124004, 768, 1, 0, 0
125004, 256, 1, 0, 0
126003, 512, 1, 0, 0
127004, 1024, 1, 0, 0
128004, 768, 1, 0, 0
129004, 768, 1, 0, 0
130004, 1792, 1, 0, 0
131004, 512, 1, 0, 0
133004, 1280, 1, 0, 0
134003, 1537, 1, 0, 0
135004, 2304, 1, 0, 0
136004, 768, 1, 0, 0
137004, 256, 1, 0, 0
138004, 1280, 1, 0, 0
139004, 1280, 1, 0, 0
140004, 256, 1, 0, 0
144004, 256, 1, 0, 0
146004, 512, 1, 0, 0
147004, 1536, 1, 0, 0
148004, 512, 1, 0, 0
150004, 256, 1, 0, 0
151003, 1281, 1, 0, 0
152004, 256, 1, 0, 0
153004, 256, 1, 0, 0
154003, 512, 1, 0, 0
155004, 256, 1, 0, 0
156004, 1024, 1, 0, 0
158004, 768, 1, 0, 0
159004, 2304, 1, 0, 0
160004, 256, 1, 0, 0
161004, 512, 1, 0, 0
162003, 1537, 1, 0, 0
163004, 512, 1, 0, 0
165004, 256, 1, 0, 0
166004, 1536, 1, 0, 0
167003, 256, 1, 0, 0
168004, 1536, 1, 0, 0
170004, 256, 1, 0, 0
171004, 1280, 1, 0, 0
172004, 1536, 1, 0, 0
173004, 1537, 1, 0, 0
175003, 512, 1, 0, 0
177004, 256, 1, 0, 0
178004, 1537, 1, 0, 0
179004, 768, 1, 0, 0
180003, 4868, 1, 0, 0
