29014, 768, 1, 0, 0
30013, 13325, 1, 0, 0
31012, 5893, 1, 0, 0
32013, 1792, 1, 0, 0
33013, 2048, 1, 0, 0
34014, 256, 1, 0, 0
35013, 768, 1, 0, 0
36014, 5888, 1, 0, 0
37013, 1025, 1, 0, 0
38013, 1281, 1, 0, 0
39013, 512, 1, 0, 0
40013, 1280, 1, 0, 0
41013, 1025, 1, 0, 0
42012, 256, 1, 0, 0
43013, 256, 1, 0, 0
44013, 1536, 1, 0, 0
45014, 256, 1, 0, 0
46013, 256, 1, 0, 0
47013, 768, 1, 0, 0
49014, 1792, 1, 0, 0
50013, 512, 1, 0, 0
51012, 768, 1, 0, 0
52013, 1024, 1, 0, 0
53013, 1280, 1, 0, 0
54014, 2048, 1, 0, 0
56012, 2050, 1, 0, 0
57013, 512, 1, 0, 0
58013, 512, 1, 0, 0
59013, 1536, 1, 0, 0
60014, 768, 1, 0, 0
61013, 2562, 1, 0, 0
62013, 1792, 1, 0, 0
63013, 3587, 1, 0, 0
64013, 2304, 1, 0, 0
66013, 1281, 1, 0, 0
67013, 512, 1, 0, 0
69013, 512, 1, 0, 0
70013, 1024, 1, 0, 0
71013, 1537, 1, 0, 0
72013, 1024, 1, 0, 0
73014, 512, 1, 0, 0
74013, 1025, 1, 0, 0
75013, 1024, 1, 0, 0
76013, 256, 1, 0, 0
77013, 3328, 1, 0, 0
78014, 256, 1, 0, 0
81013, 1281, 1, 0, 0
82013, 1280, 1, 0, 0
83013, 1024, 1, 0, 0
84013, 1537, 1, 0, 0
85013, 256, 1, 0, 0
87013, 256, 1, 0, 0
88013, 1536, 1, 0, 0
89014, 512, 1, 0, 0
91013, 768, 1, 0, 0
92013, 1537, 1, 0, 0
93013, 3328, 1, 0, 0
94014, 256, 1, 0, 0
96013, 1792, 1, 0, 0
97013, 768, 1, 0, 0
98013, 512, 1, 0, 0
99014, 512, 1, 0, 0
101013, 768, 1, 0, 0
102014, 256, 1, 0, 0
103013, 1025, 1, 0, 0
104013, 1536, 1, 0, 0
107013, 1024, 1, 0, 0
109013, 3331, 1, 0, 0
110013, 1536, 1, 0, 0
111013, 256, 1, 0, 0
112013, 768, 1, 0, 0
113014, 256, 1, 0, 0
114013, 256, 1, 0, 0
115013, 256, 1, 0, 0
117013, 1537, 1, 0, 0
118014, 1280, 1, 0, 0
119013, 2306, 1, 0, 0
121013, 2050, 1, 0, 0
122013, 512, 1, 0, 0
123014, 1536, 1, 0, 0
124013, 512, 1, 0, 0
126013, 2818, 1, 0, 0
127013, 512, 1, 0, 0
128014, 3584, 1, 0, 0
129013, 1025, 1, 0, 0
130013, 768, 1, 0, 0
131014, 1536, 1, 0, 0
132013, 512, 1, 0, 0
133013, 256, 1, 0, 0
134013, 768, 1, 0, 0
135013, 512, 1, 0, 0
136014, 1536, 1, 0, 0
137013, 768, 1, 0, 0
139014, 4352, 1, 0, 0
142013, 1537, 1, 0, 0
143013, 2560, 1, 0, 0
144013, 512, 1, 0, 0
145013, 512, 1, 0, 0
146013, 1280, 1, 0, 0
147013, 2048, 1, 0, 0
148014, 2048, 1, 0, 0
149013, 2306, 1, 0, 0
150013, 2560, 1, 0, 0
151013, 1281, 1, 0, 0
152013, 512, 1, 0, 0
153014, 2304, 1, 0, 0
154013, 1281, 1, 0, 0
155013, 2560, 1, 0, 0
156014, 1536, 1, 0, 0
158013, 768, 1, 0, 0
159014, 1536, 1, 0, 0
160013, 1025, 1, 0, 0
161013, 1024, 1, 0, 0
163013, 512, 1, 0, 0
164014, 512, 1, 0, 0
165013, 768, 1, 0, 0
166013, 1792, 1, 0, 0
167013, 2306, 1, 0, 0
168013, 256, 1, 0, 0
169014, 1280, 1, 0, 0
170013, 256, 1, 0, 0
171013, 1024, 1, 0, 0
172014, 1280, 1, 0, 0
175013, 2050, 1, 0, 0
176013, 512, 1, 0, 0
177014, 768, 1, 0, 0
179013, 512, 1, 0, 0
