41003, 1537, 1, 0, 0
42003, 1537, 1, 0, 0
45004, 512, 1, 0, 0
46004, 256, 1, 0, 0
47003, 1537, 1, 0, 0
50003, 1281, 1, 0, 0
51003, 1025, 1, 0, 0
52003, 1280, 1, 0, 0
53004, 1536, 1, 0, 0
55003, 1281, 1, 0, 0
56003, 2306, 1, 0, 0
59004, 1024, 1, 0, 0
61003, 256, 1, 0, 0
62004, 1280, 1, 0, 0
63003, 2818, 1, 0, 0
64004, 768, 1, 0, 0
65004, 3584, 1, 0, 0
66003, 768, 1, 0, 0
67004, 1792, 1, 0, 0
68004, 512, 1, 0, 0
70004, 768, 1, 0, 0
73004, 256, 1, 0, 0
74003, 1281, 1, 0, 0
75004, 1024, 1, 0, 0
76003, 256, 1, 0, 0
77003, 1280, 1, 0, 0
78004, 1024, 1, 0, 0
79003, 512, 1, 0, 0
80004, 256, 1, 0, 0
81003, 1025, 1, 0, 0
82003, 768, 1, 0, 0
84003, 256, 1, 0, 0
85003, 512, 1, 0, 0
86004, 256, 1, 0, 0
87003, 1281, 1, 0, 0
89004, 1024, 1, 0, 0
90003, 2306, 1, 0, 0
91004, 1280, 1, 0, 0
92003, 512, 1, 0, 0
94004, 1024, 1, 0, 0
96004, 512, 1, 0, 0
97003, 256, 1, 0, 0
98003, 256, 1, 0, 0
100003, 256, 1, 0, 0
102004, 768, 1, 0, 0
103003, 512, 1, 0, 0
104004, 512, 1, 0, 0
106003, 1793, 1, 0, 0
107004, 512, 1, 0, 0
108004, 1536, 1, 0, 0
109003, 1537, 1, 0, 0
110004, 768, 1, 0, 0
111003, 1281, 1, 0, 0
113004, 512, 1, 0, 0
114003, 1281, 1, 0, 0
115004, 256, 1, 0, 0
118004, 1280, 1, 0, 0
119004, 512, 1, 0, 0
120004, 1280, 1, 0, 0
121003, 1537, 1, 0, 0
122004, 1024, 1, 0, 0
127003, 2048, 1, 0, 0
128004, 256, 1, 0, 0
129003, 1025, 1, 0, 0
130004, 2560, 1, 0, 0
131004, 1536, 1, 0, 0
132003, 2562, 1, 0, 0
133004, 1024, 1, 0, 0
134003, 512, 1, 0, 0
135004, 256, 1, 0, 0
136004, 512, 1, 0, 0
138004, 2048, 1, 0, 0
139004, 1024, 1, 0, 0
140003, 256, 1, 0, 0
141004, 1792, 1, 0, 0
142003, 1025, 1, 0, 0
143003, 512, 1, 0, 0
144004, 1280, 1, 0, 0
145003, 4100, 1, 0, 0
146003, 1280, 1, 0, 0
147004, 512, 1, 0, 0
148004, 1792, 1, 0, 0
149003, 256, 1, 0, 0
152003, 768, 1, 0, 0
153004, 1536, 1, 0, 0
154003, 512, 1, 0, 0
155004, 768, 1, 0, 0
156004, 1792, 1, 0, 0
157003, 768, 1, 0, 0
158004, 1792, 1, 0, 0
159004, 2048, 1, 0, 0
160003, 1537, 1, 0, 0
161004, 1024, 1, 0, 0
162003, 1281, 1, 0, 0
163004, 1536, 1, 0, 0
164004, 256, 1, 0, 0
165003, 1281, 1, 0, 0
166004, 256, 1, 0, 0
167003, 768, 1, 0, 0
168004, 1536, 1, 0, 0
169004, 2304, 1, 0, 0
170003, 256, 1, 0, 0
171004, 1280, 1, 0, 0
172004, 768, 1, 0, 0
173003, 2050, 1, 0, 0
174004, 512, 1, 0, 0
175003, 512, 1, 0, 0
176004, 1024, 1, 0, 0
178003, 768, 1, 0, 0
180003, 1025, 1, 0, 0
