59006, 1281, 1, 0, 0
60006, 256, 1, 0, 0
61006, 512, 1, 0, 0
63007, 512, 1, 0, 0
64006, 512, 1, 0, 0
65006, 256, 1, 0, 0
66006, 256, 1, 0, 0
67006, 1024, 1, 0, 0
69006, 2562, 1, 0, 0
70007, 1792, 1, 0, 0
71006, 2306, 1, 0, 0
72006, 2048, 1, 0, 0
73007, 512, 1, 0, 0
74006, 256, 1, 0, 0
76007, 512, 1, 0, 0
78005, 256, 1, 0, 0
79006, 768, 1, 0, 0
80006, 1536, 1, 0, 0
81006, 256, 1, 0, 0
82007, 256, 1, 0, 0
83006, 1537, 1, 0, 0
84006, 2560, 1, 0, 0
86006, 512, 1, 0, 0
88007, 2304, 1, 0, 0
89006, 512, 1, 0, 0
90006, 256, 1, 0, 0
91006, 512, 1, 0, 0
93007, 256, 1, 0, 0
94006, 1025, 1, 0, 0
95006, 768, 1, 0, 0
96007, 768, 1, 0, 0
98006, 256, 1, 0, 0
99007, 512, 1, 0, 0
102007, 768, 1, 0, 0
103007, 256, 1, 0, 0
104006, 512, 1, 0, 0
105006, 256, 1, 0, 0
107006, 1281, 1, 0, 0
108007, 512, 1, 0, 0
109006, 512, 1, 0, 0
110006, 1024, 1, 0, 0
111006, 256, 1, 0, 0
112007, 2560, 1, 0, 0
113006, 2050, 1, 0, 0
114006, 2048, 1, 0, 0
115007, 256, 1, 0, 0
116007, 1280, 1, 0, 0
117006, 256, 1, 0, 0
118006, 1024, 1, 0, 0
119007, 4096, 1, 0, 0
122007, 1280, 1, 0, 0
123006, 1281, 1, 0, 0
124005, 256, 1, 0, 0
125006, 1280, 1, 0, 0
126006, 512, 1, 0, 0
127006, 1792, 1, 0, 0
128007, 1536, 1, 0, 0
129007, 1536, 1, 0, 0
130006, 768, 1, 0, 0
131005, 512, 1, 0, 0
132006, 4096, 1, 0, 0
133006, 2048, 1, 0, 0
134006, 768, 1, 0, 0
135007, 512, 1, 0, 0
136007, 2304, 1, 0, 0
137006, 768, 1, 0, 0
138006, 512, 1, 0, 0
139007, 2560, 1, 0, 0
142007, 768, 1, 0, 0
144006, 512, 1, 0, 0
145006, 256, 1, 0, 0
146007, 256, 1, 0, 0
147007, 1792, 1, 0, 0
148006, 2306, 1, 0, 0
149006, 1024, 1, 0, 0
150007, 2048, 1, 0, 0
151007, 256, 1, 0, 0
152006, 1025, 1, 0, 0
153006, 256, 1, 0, 0
154007, 1024, 1, 0, 0
155007, 1024, 1, 0, 0
156006, 512, 1, 0, 0
157006, 256, 1, 0, 0
158007, 768, 1, 0, 0
159006, 768, 1, 0, 0
161006, 1536, 1, 0, 0
162007, 1280, 1, 0, 0
163006, 512, 1, 0, 0
165007, 512, 1, 0, 0
166007, 1280, 1, 0, 0
167006, 1281, 1, 0, 0
168006, 1280, 1, 0, 0
169007, 2816, 1, 0, 0
170006, 1025, 1, 0, 0
171006, 1536, 1, 0, 0
172006, 256, 1, 0, 0
174007, 768, 1, 0, 0
175006, 2818, 1, 0, 0
177007, 768, 1, 0, 0
178006, 768, 1, 0, 0
179006, 768, 1, 0, 0
180007, 256, 1, 0, 0
