47021, 2560, 1, 0, 0
48021, 4864, 1, 0, 0
49021, 3587, 1, 0, 0
50020, 1793, 1, 0, 0
51020, 2816, 1, 0, 0
52021, 1792, 1, 0, 0
53021, 256, 1, 0, 0
54021, 1025, 1, 0, 0
55020, 768, 1, 0, 0
57021, 1280, 1, 0, 0
58021, 256, 1, 0, 0
59021, 1537, 1, 0, 0
60020, 768, 1, 0, 0
61021, 1280, 1, 0, 0
63021, 1280, 1, 0, 0
64021, 1281, 1, 0, 0
65020, 1025, 1, 0, 0
66021, 768, 1, 0, 0
67021, 1280, 1, 0, 0
69021, 768, 1, 0, 0
70021, 1024, 1, 0, 0
71021, 2562, 1, 0, 0
72021, 2304, 1, 0, 0
73021, 256, 1, 0, 0
74021, 512, 1, 0, 0
76021, 1536, 1, 0, 0
77021, 256, 1, 0, 0
78020, 768, 1, 0, 0
79020, 1280, 1, 0, 0
80021, 2048, 1, 0, 0
81021, 1024, 1, 0, 0
82021, 256, 1, 0, 0
83021, 256, 1, 0, 0
84021, 768, 1, 0, 0
85021, 1536, 1, 0, 0
86021, 1537, 1, 0, 0
87021, 3328, 1, 0, 0
88021, 256, 1, 0, 0
89021, 2050, 1, 0, 0
91021, 256, 1, 0, 0
92021, 2816, 1, 0, 0
93021, 256, 1, 0, 0
94021, 1793, 1, 0, 0
95021, 256, 1, 0, 0
96021, 1536, 1, 0, 0
97021, 1537, 1, 0, 0
98021, 768, 1, 0, 0
99021, 1536, 1, 0, 0
100021, 768, 1, 0, 0
101021, 768, 1, 0, 0
102021, 1024, 1, 0, 0
103021, 1024, 1, 0, 0
104021, 512, 1, 0, 0
105021, 1024, 1, 0, 0
106021, 2048, 1, 0, 0
107021, 3075, 1, 0, 0
108021, 2560, 1, 0, 0
109021, 2050, 1, 0, 0
111021, 1536, 1, 0, 0
112021, 512, 1, 0, 0
113021, 2562, 1, 0, 0
115021, 256, 1, 0, 0
116021, 1024, 1, 0, 0
117021, 768, 1, 0, 0
119021, 512, 1, 0, 0
120021, 1025, 1, 0, 0
121021, 1024, 1, 0, 0
122021, 1024, 1, 0, 0
123021, 1025, 1, 0, 0
125020, 512, 1, 0, 0
126021, 512, 1, 0, 0
127021, 512, 1, 0, 0
128021, 768, 1, 0, 0
129022, 1280, 1, 0, 0
130021, 2562, 1, 0, 0
132020, 1536, 1, 0, 0
133021, 2560, 1, 0, 0
134021, 768, 1, 0, 0
136021, 2560, 1, 0, 0
137021, 512, 1, 0, 0
138021, 2560, 1, 0, 0
140022, 1280, 1, 0, 0
141021, 768, 1, 0, 0
142021, 1024, 1, 0, 0
143021, 512, 1, 0, 0
144021, 256, 1, 0, 0
146021, 1536, 1, 0, 0
147022, 256, 1, 0, 0
148021, 256, 1, 0, 0
149021, 512, 1, 0, 0
150021, 1280, 1, 0, 0
151022, 768, 1, 0, 0
152021, 768, 1, 0, 0
153021, 1536, 1, 0, 0
154021, 2560, 1, 0, 0
155022, 512, 1, 0, 0
156021, 512, 1, 0, 0
157021, 256, 1, 0, 0
158021, 1280, 1, 0, 0
159021, 1281, 1, 0, 0
160021, 1536, 1, 0, 0
161021, 768, 1, 0, 0
162021, 768, 1, 0, 0
163021, 2562, 1, 0, 0
164021, 1024, 1, 0, 0
165021, 1024, 1, 0, 0
166022, 1536, 1, 0, 0
167021, 768, 1, 0, 0
168021, 512, 1, 0, 0
169021, 256, 1, 0, 0
170021, 1025, 1, 0, 0
171021, 256, 1, 0, 0
172021, 768, 1, 0, 0
173021, 512, 1, 0, 0
174021, 1280, 1, 0, 0
175021, 512, 1, 0, 0
176021, 768, 1, 0, 0
178021, 512, 1, 0, 0
179021, 256, 1, 0, 0
180021, 768, 1, 0, 0
