54019, 1025, 1, 0, 0
55018, 512, 1, 0, 0
56019, 1024, 1, 0, 0
57019, 768, 1, 0, 0
58019, 256, 1, 0, 0
59019, 512, 1, 0, 0
60018, 2562, 1, 0, 0
61019, 1024, 1, 0, 0
62019, 2048, 1, 0, 0
63020, 768, 1, 0, 0
64019, 512, 1, 0, 0
65018, 256, 1, 0, 0
66019, 1024, 1, 0, 0
68019, 768, 1, 0, 0
70019, 512, 1, 0, 0
71019, 256, 1, 0, 0
73019, 1024, 1, 0, 0
74019, 1281, 1, 0, 0
75019, 768, 1, 0, 0
78018, 2306, 1, 0, 0
79018, 768, 1, 0, 0
80019, 1024, 1, 0, 0
81019, 1024, 1, 0, 0
83019, 256, 1, 0, 0
84019, 1280, 1, 0, 0
86019, 256, 1, 0, 0
87019, 256, 1, 0, 0
89019, 512, 1, 0, 0
90018, 1537, 1, 0, 0
91019, 1280, 1, 0, 0
92019, 256, 1, 0, 0
93019, 1792, 1, 0, 0
94019, 512, 1, 0, 0
95019, 512, 1, 0, 0
96019, 768, 1, 0, 0
97019, 1281, 1, 0, 0
98019, 512, 1, 0, 0
100019, 256, 1, 0, 0
101019, 512, 1, 0, 0
102019, 768, 1, 0, 0
104019, 1025, 1, 0, 0
105019, 2560, 1, 0, 0
106020, 512, 1, 0, 0
107019, 1281, 1, 0, 0
108019, 2304, 1, 0, 0
110019, 256, 1, 0, 0
111019, 1536, 1, 0, 0
112019, 1792, 1, 0, 0
113019, 1537, 1, 0, 0
114019, 256, 1, 0, 0
115019, 2560, 1, 0, 0
116020, 512, 1, 0, 0
117019, 512, 1, 0, 0
118019, 512, 1, 0, 0
119019, 512, 1, 0, 0
120019, 1793, 1, 0, 0
121019, 1024, 1, 0, 0
122020, 1536, 1, 0, 0
123019, 1281, 1, 0, 0
124018, 768, 1, 0, 0
125019, 512, 1, 0, 0
126019, 1024, 1, 0, 0
127019, 512, 1, 0, 0
128019, 1024, 1, 0, 0
129020, 512, 1, 0, 0
130019, 768, 1, 0, 0
131018, 2050, 1, 0, 0
132019, 1536, 1, 0, 0
133019, 1024, 1, 0, 0
134019, 768, 1, 0, 0
135019, 512, 1, 0, 0
136020, 768, 1, 0, 0
137019, 1793, 1, 0, 0
138019, 768, 1, 0, 0
139019, 512, 1, 0, 0
140020, 768, 1, 0, 0
141019, 2818, 1, 0, 0
142019, 512, 1, 0, 0
143020, 256, 1, 0, 0
144019, 256, 1, 0, 0
145019, 256, 1, 0, 0
146019, 256, 1, 0, 0
149019, 768, 1, 0, 0
150019, 512, 1, 0, 0
151020, 1024, 1, 0, 0
152019, 1793, 1, 0, 0
153019, 1792, 1, 0, 0
154019, 2560, 1, 0, 0
155020, 768, 1, 0, 0
156019, 2306, 1, 0, 0
157019, 1792, 1, 0, 0
158019, 1792, 1, 0, 0
159019, 512, 1, 0, 0
161019, 512, 1, 0, 0
162019, 1280, 1, 0, 0
163019, 1537, 1, 0, 0
164019, 512, 1, 0, 0
166020, 1024, 1, 0, 0
167019, 2562, 1, 0, 0
168019, 1280, 1, 0, 0
170019, 768, 1, 0, 0
172019, 1024, 1, 0, 0
173019, 512, 1, 0, 0
174020, 768, 1, 0, 0
175019, 1281, 1, 0, 0
176019, 1280, 1, 0, 0
177019, 768, 1, 0, 0
178019, 256, 1, 0, 0
179019, 512, 1, 0, 0
180019, 768, 1, 0, 0
