56019, 1024, 1, 0, 0
57019, 1792, 1, 0, 0
58020, 512, 1, 0, 0
59019, 1281, 1, 0, 0
60019, 1281, 1, 0, 0
62019, 1536, 1, 0, 0
63020, 768, 1, 0, 0
64019, 256, 1, 0, 0
67019, 2048, 1, 0, 0
68020, 2304, 1, 0, 0
69019, 512, 1, 0, 0
70020, 1536, 1, 0, 0
71019, 768, 1, 0, 0
72019, 256, 1, 0, 0
74019, 256, 1, 0, 0
76020, 512, 1, 0, 0
77019, 1281, 1, 0, 0
78018, 256, 1, 0, 0
79019, 1536, 1, 0, 0
82020, 1792, 1, 0, 0
83019, 1537, 1, 0, 0
84020, 512, 1, 0, 0
85020, 768, 1, 0, 0
86019, 1537, 1, 0, 0
88020, 512, 1, 0, 0
89019, 1281, 1, 0, 0
90019, 768, 1, 0, 0
91019, 1792, 1, 0, 0
93020, 1280, 1, 0, 0
94019, 512, 1, 0, 0
95019, 256, 1, 0, 0
96020, 256, 1, 0, 0
99020, 256, 1, 0, 0
100019, 512, 1, 0, 0
101019, 1024, 1, 0, 0
103020, 512, 1, 0, 0
105020, 512, 1, 0, 0
106020, 512, 1, 0, 0
107019, 1281, 1, 0, 0
108020, 512, 1, 0, 0
109019, 256, 1, 0, 0
111020, 768, 1, 0, 0
112020, 768, 1, 0, 0
113019, 768, 1, 0, 0
114019, 1280, 1, 0, 0
115020, 256, 1, 0, 0
116020, 1280, 1, 0, 0
117019, 768, 1, 0, 0
118020, 256, 1, 0, 0
119020, 512, 1, 0, 0
120019, 1281, 1, 0, 0
122020, 1024, 1, 0, 0
123019, 768, 1, 0, 0
124019, 256, 1, 0, 0
126019, 2048, 1, 0, 0
128020, 768, 1, 0, 0
129020, 256, 1, 0, 0
130019, 1281, 1, 0, 0
131019, 1281, 1, 0, 0
132019, 768, 1, 0, 0
133019, 512, 1, 0, 0
134019, 1280, 1, 0, 0
137019, 1793, 1, 0, 0
138019, 3840, 1, 0, 0
139020, 512, 1, 0, 0
140020, 512, 1, 0, 0
141019, 1793, 1, 0, 0
142020, 1024, 1, 0, 0
143020, 1024, 1, 0, 0
144019, 256, 1, 0, 0
145019, 1024, 1, 0, 0
147020, 2048, 1, 0, 0
148019, 512, 1, 0, 0
149019, 768, 1, 0, 0
150020, 2304, 1, 0, 0
152019, 512, 1, 0, 0
153019, 1280, 1, 0, 0
154020, 2304, 1, 0, 0
156019, 1793, 1, 0, 0
157019, 2304, 1, 0, 0
158020, 1024, 1, 0, 0
159019, 1025, 1, 0, 0
162020, 768, 1, 0, 0
163019, 2050, 1, 0, 0
164019, 256, 1, 0, 0
165020, 1536, 1, 0, 0
166020, 512, 1, 0, 0
167019, 1537, 1, 0, 0
169020, 512, 1, 0, 0
171019, 768, 1, 0, 0
172019, 256, 1, 0, 0
173020, 512, 1, 0, 0
174020, 2048, 1, 0, 0
175019, 1793, 1, 0, 0
176019, 2304, 1, 0, 0
177020, 512, 1, 0, 0
178019, 1793, 1, 0, 0
179019, 1792, 1, 0, 0
180020, 768, 1, 0, 0
