52023, 768, 1, 0, 0
53023, 1280, 1, 0, 0
55024, 1280, 1, 0, 0
56024, 768, 1, 0, 0
57025, 512, 1, 0, 0
58025, 1536, 1, 0, 0
60024, 1025, 1, 0, 0
62025, 1024, 1, 0, 0
65024, 512, 1, 0, 0
66024, 512, 1, 0, 0
68025, 2560, 1, 0, 0
69025, 1025, 1, 0, 0
70025, 512, 1, 0, 0
71024, 2306, 1, 0, 0
72025, 512, 1, 0, 0
73025, 1536, 1, 0, 0
74024, 3075, 1, 0, 0
75025, 2560, 1, 0, 0
76025, 768, 1, 0, 0
77024, 1537, 1, 0, 0
78024, 1793, 1, 0, 0
79024, 256, 1, 0, 0
80024, 1536, 1, 0, 0
81025, 2304, 1, 0, 0
82025, 2048, 1, 0, 0
83025, 1793, 1, 0, 0
84025, 1536, 1, 0, 0
85025, 256, 1, 0, 0
87025, 256, 1, 0, 0
88025, 256, 1, 0, 0
89025, 256, 1, 0, 0
90024, 512, 1, 0, 0
91024, 1536, 1, 0, 0
92025, 1280, 1, 0, 0
94024, 512, 1, 0, 0
95025, 512, 1, 0, 0
96025, 256, 1, 0, 0
97024, 512, 1, 0, 0
98025, 1536, 1, 0, 0
100024, 512, 1, 0, 0
101025, 768, 1, 0, 0
102025, 1280, 1, 0, 0
103025, 256, 1, 0, 0
104024, 1281, 1, 0, 0
105025, 1024, 1, 0, 0
106025, 1280, 1, 0, 0
109024, 1281, 1, 0, 0
110025, 1024, 1, 0, 0
111025, 256, 1, 0, 0
112025, 2816, 1, 0, 0
113024, 2818, 1, 0, 0
115025, 512, 1, 0, 0
116025, 512, 1, 0, 0
117025, 256, 1, 0, 0
119025, 1024, 1, 0, 0
121025, 2048, 1, 0, 0
122025, 768, 1, 0, 0
123025, 768, 1, 0, 0
124024, 1025, 1, 0, 0
125024, 2816, 1, 0, 0
126024, 256, 1, 0, 0
127025, 1280, 1, 0, 0
128025, 768, 1, 0, 0
129025, 256, 1, 0, 0
130025, 1281, 1, 0, 0
131024, 256, 1, 0, 0
132024, 256, 1, 0, 0
133024, 1792, 1, 0, 0
134025, 768, 1, 0, 0
135025, 1024, 1, 0, 0
136025, 2048, 1, 0, 0
137024, 768, 1, 0, 0
138025, 2816, 1, 0, 0
139025, 256, 1, 0, 0
140025, 1280, 1, 0, 0
142025, 1280, 1, 0, 0
143025, 768, 1, 0, 0
145025, 768, 1, 0, 0
146025, 1024, 1, 0, 0
147025, 512, 1, 0, 0
148025, 768, 1, 0, 0
149025, 1536, 1, 0, 0
150025, 2560, 1, 0, 0
151025, 1280, 1, 0, 0
153025, 256, 1, 0, 0
154025, 256, 1, 0, 0
156024, 256, 1, 0, 0
158025, 256, 1, 0, 0
161025, 256, 1, 0, 0
162025, 256, 1, 0, 0
164025, 1280, 1, 0, 0
166025, 256, 1, 0, 0
167024, 768, 1, 0, 0
168025, 512, 1, 0, 0
169025, 1536, 1, 0, 0
170024, 1537, 1, 0, 0
171024, 512, 1, 0, 0
172025, 1024, 1, 0, 0
173025, 512, 1, 0, 0
174025, 2560, 1, 0, 0
175024, 1537, 1, 0, 0
176025, 1792, 1, 0, 0
177025, 512, 1, 0, 0
178024, 1281, 1, 0, 0
179025, 3840, 1, 0, 0
180025, 768, 1, 0, 0
