49004, 256, 1, 0, 0
50004, 2818, 1, 0, 0
51004, 512, 1, 0, 0
52004, 1280, 1, 0, 0
53005, 1280, 1, 0, 0
54004, 768, 1, 0, 0
55004, 256, 1, 0, 0
56004, 2304, 1, 0, 0
57005, 1024, 1, 0, 0
58005, 768, 1, 0, 0
59004, 768, 1, 0, 0
60004, 768, 1, 0, 0
61004, 1024, 1, 0, 0
62005, 1024, 1, 0, 0
63005, 2048, 1, 0, 0
64004, 256, 1, 0, 0
65004, 768, 1, 0, 0
66004, 2304, 1, 0, 0
67005, 2048, 1, 0, 0
68005, 2048, 1, 0, 0
69004, 512, 1, 0, 0
70005, 1024, 1, 0, 0
71004, 256, 1, 0, 0
73005, 256, 1, 0, 0
74004, 1025, 1, 0, 0
75004, 256, 1, 0, 0
76005, 768, 1, 0, 0
77004, 1537, 1, 0, 0
78004, 256, 1, 0, 0
79004, 1792, 1, 0, 0
81005, 256, 1, 0, 0
82005, 1024, 1, 0, 0
83004, 2050, 1, 0, 0
84005, 1536, 1, 0, 0
85005, 1536, 1, 0, 0
86004, 768, 1, 0, 0
87005, 512, 1, 0, 0
88005, 768, 1, 0, 0
89004, 768, 1, 0, 0
91004, 256, 1, 0, 0
93005, 256, 1, 0, 0
94004, 256, 1, 0, 0
95004, 512, 1, 0, 0
96005, 3072, 1, 0, 0
97004, 1537, 1, 0, 0
98004, 256, 1, 0, 0
99005, 256, 1, 0, 0
100004, 512, 1, 0, 0
101004, 3584, 1, 0, 0
102005, 256, 1, 0, 0
104004, 512, 1, 0, 0
105005, 1280, 1, 0, 0
106005, 768, 1, 0, 0
107004, 1025, 1, 0, 0
108005, 2304, 1, 0, 0
109004, 1025, 1, 0, 0
110004, 1280, 1, 0, 0
112005, 256, 1, 0, 0
113004, 256, 1, 0, 0
114004, 512, 1, 0, 0
115005, 1024, 1, 0, 0
117004, 3075, 1, 0, 0
118005, 1280, 1, 0, 0
119005, 1024, 1, 0, 0
120004, 256, 1, 0, 0
122005, 1280, 1, 0, 0
125004, 1024, 1, 0, 0
126004, 512, 1, 0, 0
127005, 2048, 1, 0, 0
129005, 1024, 1, 0, 0
130004, 1793, 1, 0, 0
131004, 512, 1, 0, 0
132004, 512, 1, 0, 0
133004, 256, 1, 0, 0
134004, 1792, 1, 0, 0
136005, 1024, 1, 0, 0
137004, 1025, 1, 0, 0
139005, 1536, 1, 0, 0
141004, 256, 1, 0, 0
143005, 768, 1, 0, 0
144004, 2306, 1, 0, 0
146005, 768, 1, 0, 0
147005, 1792, 1, 0, 0
149005, 768, 1, 0, 0
150005, 768, 1, 0, 0
151005, 1792, 1, 0, 0
152004, 512, 1, 0, 0
153005, 1536, 1, 0, 0
154005, 2048, 1, 0, 0
155005, 1024, 1, 0, 0
159004, 1793, 1, 0, 0
160004, 256, 1, 0, 0
161005, 512, 1, 0, 0
162005, 512, 1, 0, 0
163004, 256, 1, 0, 0
164004, 512, 1, 0, 0
165005, 1024, 1, 0, 0
166005, 512, 1, 0, 0
168005, 1024, 1, 0, 0
169005, 4096, 1, 0, 0
171004, 1792, 1, 0, 0
176005, 768, 1, 0, 0
178004, 1537, 1, 0, 0
180005, 1536, 1, 0, 0
