53005, 2048, 1, 0, 0
54005, 3075, 1, 0, 0
55004, 512, 1, 0, 0
56005, 256, 1, 0, 0
58005, 1024, 1, 0, 0
59005, 512, 1, 0, 0
60004, 768, 1, 0, 0
61005, 1792, 1, 0, 0
62005, 256, 1, 0, 0
63005, 2048, 1, 0, 0
64005, 256, 1, 0, 0
65004, 256, 1, 0, 0
66005, 768, 1, 0, 0
67005, 1024, 1, 0, 0
70005, 256, 1, 0, 0
73005, 1792, 1, 0, 0
74005, 512, 1, 0, 0
75005, 1792, 1, 0, 0
76005, 512, 1, 0, 0
77005, 512, 1, 0, 0
78004, 1025, 1, 0, 0
79004, 256, 1, 0, 0
80005, 1280, 1, 0, 0
82005, 1024, 1, 0, 0
83005, 512, 1, 0, 0
84005, 2048, 1, 0, 0
85005, 2560, 1, 0, 0
86005, 768, 1, 0, 0
87005, 512, 1, 0, 0
89005, 2050, 1, 0, 0
90004, 512, 1, 0, 0
91005, 512, 1, 0, 0
94005, 768, 1, 0, 0
96005, 2304, 1, 0, 0
97005, 1281, 1, 0, 0
98005, 512, 1, 0, 0
99005, 512, 1, 0, 0
100005, 1793, 1, 0, 0
101005, 1536, 1, 0, 0
102005, 2048, 1, 0, 0
103005, 1280, 1, 0, 0
104005, 768, 1, 0, 0
105005, 768, 1, 0, 0
106005, 2304, 1, 0, 0
107005, 256, 1, 0, 0
109005, 256, 1, 0, 0
110005, 512, 1, 0, 0
111005, 768, 1, 0, 0
112005, 1280, 1, 0, 0
114005, 768, 1, 0, 0
115005, 3072, 1, 0, 0
116006, 4096, 1, 0, 0
117005, 256, 1, 0, 0
118005, 512, 1, 0, 0
120005, 1025, 1, 0, 0
121005, 512, 1, 0, 0
122006, 512, 1, 0, 0
123005, 3331, 1, 0, 0
124004, 256, 1, 0, 0
127005, 1280, 1, 0, 0
128005, 512, 1, 0, 0
129006, 1024, 1, 0, 0
130005, 1025, 1, 0, 0
131004, 2562, 1, 0, 0
132004, 256, 1, 0, 0
133005, 256, 1, 0, 0
134005, 768, 1, 0, 0
135005, 1792, 1, 0, 0
137005, 2050, 1, 0, 0
138005, 256, 1, 0, 0
140006, 256, 1, 0, 0
141005, 1793, 1, 0, 0
142005, 2048, 1, 0, 0
143005, 768, 1, 0, 0
144005, 256, 1, 0, 0
145005, 256, 1, 0, 0
147006, 2560, 1, 0, 0
148005, 1537, 1, 0, 0
149005, 1792, 1, 0, 0
150005, 3328, 1, 0, 0
151006, 256, 1, 0, 0
152005, 1281, 1, 0, 0
154005, 768, 1, 0, 0
155006, 2048, 1, 0, 0
156005, 1281, 1, 0, 0
158005, 1536, 1, 0, 0
159005, 1537, 1, 0, 0
160005, 1024, 1, 0, 0
161005, 256, 1, 0, 0
162005, 1024, 1, 0, 0
164005, 1280, 1, 0, 0
165005, 4608, 1, 0, 0
166006, 1024, 1, 0, 0
167005, 768, 1, 0, 0
169005, 512, 1, 0, 0
170005, 1025, 1, 0, 0
171005, 1792, 1, 0, 0
172005, 1280, 1, 0, 0
173005, 1536, 1, 0, 0
174006, 1024, 1, 0, 0
175005, 1537, 1, 0, 0
176005, 512, 1, 0, 0
177005, 2048, 1, 0, 0
178005, 1025, 1, 0, 0
179005, 512, 1, 0, 0
180005, 512, 1, 0, 0
