24011, 512, 1, 0, 0
26012, 1280, 1, 0, 0
27012, 768, 1, 0, 0
28013, 2048, 1, 0, 0
29013, 1536, 1, 0, 0
30014, 2304, 1, 0, 0
31014, 1792, 1, 0, 0
32015, 768, 1, 0, 0
33015, 256, 0, 0, 0
33015, 1280, 1, 0, 0
34016, 3072, 1, 0, 0
35016, 768, 0, 0, 0
35016, 768, 1, 0, 0
36017, 256, 0, 0, 0
36017, 256, 1, 0, 0
37017, 1024, 0, 0, 0
37017, 512, 1, 0, 0
38017, 256, 0, 0, 0
38017, 512, 1, 0, 0
39018, 768, 0, 0, 0
39018, 2048, 1, 0, 0
40018, 256, 0, 0, 0
40018, 768, 1, 0, 0
41019, 1280, 1, 0, 0
42019, 768, 1, 0, 0
43019, 1536, 1, 0, 0
44020, 1024, 1, 0, 0
45020, 256, 1, 0, 0
46021, 256, 0, 0, 0
46021, 768, 1, 0, 0
47021, 512, 0, 0, 0
47021, 512, 1, 0, 0
48022, 512, 0, 0, 0
48022, 768, 1, 0, 0
49022, 768, 0, 0, 0
49022, 512, 1, 0, 0
50022, 512, 0, 0, 0
50022, 512, 1, 0, 0
51023, 512, 0, 0, 0
51023, 512, 1, 0, 0
52023, 768, 1, 0, 0
53023, 256, 0, 0, 0
53023, 256, 1, 0, 0
54024, 512, 0, 0, 0
55024, 256, 0, 0, 0
55024, 1024, 1, 0, 0
56025, 256, 1, 0, 0
57025, 512, 0, 0, 0
57025, 1280, 1, 0, 0
58025, 1536, 0, 0, 0
58025, 512, 1, 0, 0
59026, 512, 0, 0, 0
59026, 1024, 1, 0, 0
60026, 512, 0, 0, 0
60026, 1024, 1, 0, 0
61026, 768, 1, 0, 0
62027, 256, 1, 0, 0
63027, 768, 1, 0, 0
64027, 2304, 1, 0, 0
65028, 768, 1, 0, 0
66028, 1280, 1, 0, 0
67028, 1280, 1, 0, 0
69029, 1024, 1, 0, 0
70029, 1024, 1, 0, 0
71029, 256, 0, 0, 0
71029, 1024, 1, 0, 0
72030, 1536, 1, 0, 0
73030, 512, 1, 0, 0
74030, 512, 0, 0, 0
74030, 512, 1, 0, 0
75031, 512, 0, 0, 0
75031, 1280, 1, 0, 0
76031, 768, 0, 0, 0
76031, 512, 1, 0, 0
77032, 512, 0, 0, 0
77032, 1024, 1, 0, 0
79032, 512, 0, 0, 0
79032, 1024, 1, 0, 0
80033, 512, 0, 0, 0
80033, 768, 1, 0, 0
81033, 768, 1, 0, 0
82034, 768, 0, 0, 0
82034, 1024, 1, 0, 0
83034, 256, 1, 0, 0
84034, 512, 0, 0, 0
84034, 512, 1, 0, 0
85035, 256, 1, 0, 0
86035, 256, 0, 0, 0
86035, 768, 1, 0, 0
87035, 256, 0, 0, 0
87035, 1024, 1, 0, 0
88036, 512, 0, 0, 0
88036, 512, 1, 0, 0
89036, 768, 0, 0, 0
89036, 768, 1, 0, 0
90036, 256, 0, 0, 0
90036, 768, 1, 0, 0
91037, 768, 1, 0, 0
92037, 256, 0, 0, 0
92037, 256, 1, 0, 0
93037, 256, 0, 0, 0
94038, 1280, 1, 0, 0
95038, 256, 0, 0, 0
95038, 1280, 1, 0, 0
96038, 512, 0, 0, 0
96038, 256, 1, 0, 0
97039, 256, 0, 0, 0
97039, 768, 1, 0, 0
98039, 768, 0, 0, 0
98039, 1536, 1, 0, 0
99039, 768, 1, 0, 0
100040, 256, 0, 0, 0
100040, 256, 1, 0, 0
101040, 768, 0, 0, 0
101040, 768, 1, 0, 0
104041, 1024, 0, 0, 0
104041, 2560, 1, 0, 0
105042, 1280, 0, 0, 0
105042, 1280, 1, 0, 0
107042, 256, 0, 0, 0
107042, 256, 1, 0, 0
108042, 512, 0, 0, 0
108042, 1792, 1, 0, 0
110043, 1536, 0, 0, 0
110043, 768, 1, 0, 0
111044, 768, 0, 0, 0
111044, 2560, 1, 0, 0
112044, 1024, 0, 0, 0
112044, 768, 1, 0, 0
113044, 512, 0, 0, 0
113044, 1024, 1, 0, 0
114044, 512, 0, 0, 0
114044, 1792, 1, 0, 0
115045, 256, 1, 0, 0
116045, 256, 0, 0, 0
116045, 256, 1, 0, 0
117046, 256, 0, 0, 0
117046, 1024, 1, 0, 0
118046, 768, 0, 0, 0
118046, 256, 1, 0, 0
119046, 512, 0, 0, 0
119046, 1536, 1, 0, 0
120047, 768, 0, 0, 0
120047, 1024, 1, 0, 0
121047, 256, 0, 0, 0
121047, 1280, 1, 0, 0
122047, 256, 0, 0, 0
123048, 256, 0, 0, 0
123048, 512, 1, 0, 0
124048, 512, 0, 0, 0
124048, 256, 1, 0, 0
125048, 1024, 0, 0, 0
126049, 512, 0, 0, 0
127049, 256, 0, 0, 0
128050, 1792, 1, 0, 0
129050, 1280, 1, 0, 0
130050, 512, 0, 0, 0
130050, 2048, 1, 0, 0
131051, 512, 0, 0, 0
131051, 256, 1, 0, 0
132051, 256, 0, 0, 0
132051, 2048, 1, 0, 0
133051, 1024, 0, 0, 0
134052, 768, 0, 0, 0
134052, 512, 1, 0, 0
135052, 1024, 1, 0, 0
136052, 256, 0, 0, 0
136052, 1792, 1, 0, 0
137053, 256, 0, 0, 0
137053, 1024, 1, 0, 0
138053, 768, 0, 0, 0
138053, 1024, 1, 0, 0
139053, 256, 0, 0, 0
139053, 1024, 1, 0, 0
140054, 1024, 0, 0, 0
140054, 256, 1, 0, 0
141054, 256, 0, 0, 0
141054, 768, 1, 0, 0
142054, 256, 0, 0, 0
142054, 1280, 1, 0, 0
143055, 1024, 0, 0, 0
143055, 2048, 1, 0, 0
144055, 512, 0, 0, 0
144055, 512, 1, 0, 0
145055, 768, 0, 0, 0
145055, 512, 1, 0, 0
146056, 512, 0, 0, 0
147056, 512, 1, 0, 0
148056, 256, 1, 0, 0
149057, 768, 0, 0, 0
149057, 768, 1, 0, 0
150057, 512, 0, 0, 0
150057, 768, 1, 0, 0
151057, 1792, 0, 0, 0
151057, 2048, 1, 0, 0
152058, 256, 1, 0, 0
153058, 256, 1, 0, 0
154058, 1024, 0, 0, 0
154058, 2048, 1, 0, 0
155059, 1024, 0, 0, 0
155059, 512, 1, 0, 0
156059, 768, 0, 0, 0
156059, 1792, 1, 0, 0
157059, 256, 0, 0, 0
157059, 1536, 1, 0, 0
158060, 768, 0, 0, 0
158060, 768, 1, 0, 0
159060, 256, 0, 0, 0
160061, 512, 0, 0, 0
160061, 1024, 1, 0, 0
161061, 768, 0, 0, 0
161061, 1536, 1, 0, 0
162061, 768, 0, 0, 0
162061, 1024, 1, 0, 0
163062, 1280, 1, 0, 0
164062, 256, 0, 0, 0
164062, 1280, 1, 0, 0
165062, 768, 0, 0, 0
166063, 512, 0, 0, 0
166063, 1024, 1, 0, 0
167063, 512, 1, 0, 0
168063, 256, 0, 0, 0
168063, 1536, 1, 0, 0
169064, 768, 1, 0, 0
170064, 1024, 0, 0, 0
170064, 512, 1, 0, 0
171064, 768, 1, 0, 0
172065, 768, 0, 0, 0
172065, 512, 1, 0, 0
173065, 512, 0, 0, 0
173065, 2560, 1, 0, 0
174066, 256, 0, 0, 0
175066, 256, 0, 0, 0
175066, 768, 1, 0, 0
176066, 512, 0, 0, 0
176066, 512, 1, 0, 0
177067, 512, 0, 0, 0
177067, 1536, 1, 0, 0
178067, 1024, 0, 0, 0
179067, 256, 0, 0, 0
179067, 1280, 1, 0, 0
