23009, 256, 1, 0, 0
24009, 1536, 1, 0, 0
25010, 768, 1, 0, 0
26010, 2048, 1, 0, 0
27011, 5888, 1, 0, 0
28011, 1792, 1, 0, 0
29011, 768, 1, 0, 0
30012, 256, 0, 0, 0
30012, 768, 1, 0, 0
31012, 768, 0, 0, 0
31012, 2816, 1, 0, 0
32013, 1280, 0, 0, 0
32013, 768, 1, 0, 0
33013, 1024, 0, 0, 0
33013, 1024, 1, 0, 0
34014, 1280, 1, 0, 0
35014, 512, 0, 0, 0
35014, 512, 1, 0, 0
36015, 256, 0, 0, 0
36015, 1792, 1, 0, 0
37015, 256, 0, 0, 0
37015, 1536, 1, 0, 0
38016, 768, 1, 0, 0
39016, 768, 0, 0, 0
39016, 2304, 1, 0, 0
40016, 512, 1, 0, 0
41017, 512, 0, 0, 0
42017, 256, 0, 0, 0
42017, 256, 1, 0, 0
43018, 512, 1, 0, 0
44018, 256, 0, 0, 0
44018, 256, 1, 0, 0
45019, 512, 0, 0, 0
45019, 512, 1, 0, 0
46018, 512, 0, 0, 0
46018, 256, 1, 0, 0
47018, 768, 0, 0, 0
47018, 1280, 1, 0, 0
48019, 512, 0, 0, 0
48019, 768, 1, 0, 0
49018, 1025, 0, 0, 0
50018, 256, 0, 0, 0
51018, 256, 1, 0, 0
52017, 1281, 0, 0, 0
52017, 1025, 1, 0, 0
55018, 256, 0, 0, 0
55018, 512, 1, 0, 0
56019, 768, 0, 0, 0
58018, 256, 0, 0, 0
59019, 512, 1, 0, 0
61018, 1024, 0, 0, 0
61018, 512, 1, 0, 0
62019, 256, 0, 0, 0
62019, 1024, 1, 0, 0
63018, 512, 0, 0, 0
63018, 1025, 1, 0, 0
64018, 256, 0, 0, 0
64018, 2304, 1, 0, 0
65019, 512, 0, 0, 0
65019, 1024, 1, 0, 0
67018, 512, 1, 0, 0
68019, 256, 0, 0, 0
68019, 1024, 1, 0, 0
70018, 256, 0, 0, 0
70018, 768, 1, 0, 0
72018, 1025, 1, 0, 0
73018, 256, 1, 0, 0
74019, 768, 1, 0, 0
75018, 768, 1, 0, 0
76018, 2048, 1, 0, 0
77018, 1281, 1, 0, 0
78018, 256, 1, 0, 0
79019, 1024, 0, 0, 0
79019, 2560, 1, 0, 0
81018, 512, 0, 0, 0
81018, 1792, 1, 0, 0
82019, 256, 0, 0, 0
82019, 768, 1, 0, 0
83018, 1793, 0, 0, 0
83018, 512, 1, 0, 0
84018, 256, 1, 0, 0
85019, 768, 0, 0, 0
85019, 1536, 1, 0, 0
86018, 1537, 0, 0, 0
86018, 768, 1, 0, 0
87018, 512, 0, 0, 0
87018, 768, 1, 0, 0
88019, 1024, 1, 0, 0
89018, 512, 0, 0, 0
89018, 2050, 1, 0, 0
90018, 512, 0, 0, 0
90018, 768, 1, 0, 0
92018, 512, 1, 0, 0
93019, 768, 0, 0, 0
93019, 2048, 1, 0, 0
94018, 512, 1, 0, 0
95018, 256, 0, 0, 0
95018, 1280, 1, 0, 0
96019, 256, 0, 0, 0
96019, 1280, 1, 0, 0
98018, 768, 0, 0, 0
98018, 2048, 1, 0, 0
100018, 768, 0, 0, 0
100018, 1025, 1, 0, 0
101018, 1024, 0, 0, 0
101018, 1024, 1, 0, 0
102019, 512, 0, 0, 0
102019, 1536, 1, 0, 0
103018, 256, 0, 0, 0
103018, 256, 1, 0, 0
104018, 512, 0, 0, 0
104018, 1024, 1, 0, 0
105019, 1280, 0, 0, 0
105019, 1280, 1, 0, 0
106018, 2562, 0, 0, 0
106018, 1793, 1, 0, 0
107018, 256, 0, 0, 0
107018, 1280, 1, 0, 0
108019, 256, 0, 0, 0
108019, 512, 1, 0, 0
109018, 768, 0, 0, 0
109018, 1793, 1, 0, 0
110018, 1024, 0, 0, 0
110018, 768, 1, 0, 0
111019, 512, 0, 0, 0
111019, 1536, 1, 0, 0
112018, 256, 0, 0, 0
112018, 1537, 1, 0, 0
113018, 256, 0, 0, 0
113018, 768, 1, 0, 0
114019, 512, 0, 0, 0
114019, 512, 1, 0, 0
115018, 1281, 0, 0, 0
115018, 1537, 1, 0, 0
116018, 1024, 0, 0, 0
116018, 512, 1, 0, 0
117019, 512, 0, 0, 0
117019, 1280, 1, 0, 0
118018, 1281, 0, 0, 0
118018, 2306, 1, 0, 0
119018, 1792, 0, 0, 0
119018, 1280, 1, 0, 0
120019, 256, 0, 0, 0
120019, 2048, 1, 0, 0
121018, 512, 0, 0, 0
121018, 1537, 1, 0, 0
122019, 1792, 0, 0, 0
122019, 2304, 1, 0, 0
123018, 256, 0, 0, 0
123018, 512, 1, 0, 0
124018, 512, 0, 0, 0
124018, 512, 1, 0, 0
125019, 256, 0, 0, 0
125019, 1792, 1, 0, 0
126018, 1281, 1, 0, 0
127018, 512, 0, 0, 0
127018, 512, 1, 0, 0
128019, 768, 0, 0, 0
128019, 256, 1, 0, 0
129018, 1281, 0, 0, 0
129018, 1793, 1, 0, 0
130018, 1024, 1, 0, 0
131019, 1024, 0, 0, 0
131019, 1280, 1, 0, 0
133018, 256, 0, 0, 0
133018, 512, 1, 0, 0
134019, 1536, 1, 0, 0
136018, 1024, 1, 0, 0
137019, 1024, 0, 0, 0
137019, 1536, 1, 0, 0
138018, 512, 0, 0, 0
138018, 768, 1, 0, 0
139018, 1024, 0, 0, 0
139018, 2304, 1, 0, 0
140019, 512, 1, 0, 0
141018, 256, 0, 0, 0
141018, 512, 1, 0, 0
142018, 768, 0, 0, 0
142018, 1280, 1, 0, 0
143019, 1280, 0, 0, 0
143019, 1024, 1, 0, 0
144018, 256, 0, 0, 0
144018, 256, 1, 0, 0
145018, 256, 1, 0, 0
146019, 256, 0, 0, 0
146019, 1024, 1, 0, 0
148018, 768, 0, 0, 0
148018, 1024, 1, 0, 0
149019, 512, 0, 0, 0
149019, 1280, 1, 0, 0
150018, 1025, 1, 0, 0
151018, 1280, 0, 0, 0
151018, 1280, 1, 0, 0
152019, 512, 0, 0, 0
152019, 512, 1, 0, 0
153018, 256, 0, 0, 0
153018, 512, 1, 0, 0
154019, 768, 0, 0, 0
155018, 256, 0, 0, 0
155018, 1793, 1, 0, 0
156018, 768, 0, 0, 0
156018, 1024, 1, 0, 0
157019, 512, 0, 0, 0
157019, 2048, 1, 0, 0
158018, 768, 0, 0, 0
158018, 768, 1, 0, 0
159018, 256, 0, 0, 0
159018, 1280, 1, 0, 0
160019, 768, 1, 0, 0
161018, 256, 0, 0, 0
161018, 768, 1, 0, 0
163018, 256, 0, 0, 0
163018, 1025, 1, 0, 0
164018, 512, 0, 0, 0
164018, 512, 1, 0, 0
165019, 1280, 0, 0, 0
165019, 1280, 1, 0, 0
166018, 1025, 1, 0, 0
167018, 512, 0, 0, 0
167018, 1280, 1, 0, 0
168018, 256, 0, 0, 0
168018, 768, 1, 0, 0
169018, 1281, 0, 0, 0
169018, 1025, 1, 0, 0
170018, 1024, 1, 0, 0
171019, 256, 0, 0, 0
171019, 512, 1, 0, 0
172018, 768, 0, 0, 0
172018, 768, 1, 0, 0
173018, 768, 0, 0, 0
173018, 256, 1, 0, 0
174018, 256, 0, 0, 0
175018, 256, 0, 0, 0
177018, 512, 1, 0, 0
178018, 256, 1, 0, 0
179018, 1280, 1, 0, 0
180019, 512, 0, 0, 0
180019, 2048, 1, 0, 0
