21008, 256, 1, 0, 0
22009, 1280, 1, 0, 0
24010, 1024, 1, 0, 0
25010, 768, 1, 0, 0
26011, 3840, 1, 0, 0
27011, 2048, 1, 0, 0
28011, 1280, 1, 0, 0
29012, 1792, 1, 0, 0
30012, 768, 0, 0, 0
30012, 1792, 1, 0, 0
31013, 256, 0, 0, 0
31013, 1280, 1, 0, 0
32013, 2560, 1, 0, 0
33014, 512, 0, 0, 0
33014, 1024, 1, 0, 0
35015, 1024, 0, 0, 0
35015, 512, 1, 0, 0
36015, 512, 0, 0, 0
36015, 1024, 1, 0, 0
37016, 1536, 1, 0, 0
38016, 1792, 1, 0, 0
39016, 768, 1, 0, 0
40017, 512, 0, 0, 0
40017, 1280, 1, 0, 0
41017, 512, 0, 0, 0
41017, 2304, 1, 0, 0
42018, 1024, 1, 0, 0
43018, 256, 0, 0, 0
43018, 256, 1, 0, 0
44019, 1024, 0, 0, 0
44019, 1024, 1, 0, 0
45019, 512, 0, 0, 0
45019, 1536, 1, 0, 0
46018, 1281, 0, 0, 0
46018, 1281, 1, 0, 0
47019, 512, 0, 0, 0
47019, 1024, 1, 0, 0
48019, 512, 0, 0, 0
48019, 512, 1, 0, 0
49019, 768, 0, 0, 0
49019, 256, 1, 0, 0
50019, 256, 0, 0, 0
51018, 512, 0, 0, 0
51018, 512, 1, 0, 0
52018, 1537, 0, 0, 0
52018, 512, 1, 0, 0
53018, 512, 0, 0, 0
54018, 512, 0, 0, 0
54018, 2560, 1, 0, 0
55019, 768, 1, 0, 0
56019, 1280, 1, 0, 0
57018, 256, 0, 0, 0
57018, 1537, 1, 0, 0
58019, 512, 0, 0, 0
58019, 256, 1, 0, 0
59019, 768, 1, 0, 0
60018, 768, 1, 0, 0
61019, 512, 0, 0, 0
62019, 256, 1, 0, 0
63018, 1025, 1, 0, 0
64019, 1280, 1, 0, 0
65019, 256, 0, 0, 0
65019, 1024, 1, 0, 0
66018, 256, 1, 0, 0
67019, 512, 0, 0, 0
67019, 1024, 1, 0, 0
68019, 512, 0, 0, 0
68019, 1024, 1, 0, 0
69018, 256, 0, 0, 0
69018, 1025, 1, 0, 0
70019, 256, 0, 0, 0
70019, 2048, 1, 0, 0
71019, 512, 0, 0, 0
71019, 512, 1, 0, 0
72018, 512, 1, 0, 0
73019, 2048, 0, 0, 0
73019, 1536, 1, 0, 0
74019, 256, 0, 0, 0
74019, 768, 1, 0, 0
75018, 256, 0, 0, 0
75018, 1025, 1, 0, 0
76019, 1792, 0, 0, 0
76019, 1280, 1, 0, 0
77018, 256, 0, 0, 0
77018, 256, 1, 0, 0
78019, 768, 0, 0, 0
78019, 256, 1, 0, 0
79019, 256, 0, 0, 0
79019, 512, 1, 0, 0
80018, 512, 0, 0, 0
80018, 1281, 1, 0, 0
81019, 256, 0, 0, 0
81019, 1024, 1, 0, 0
82019, 256, 0, 0, 0
82019, 512, 1, 0, 0
83018, 256, 0, 0, 0
83018, 1025, 1, 0, 0
84019, 512, 0, 0, 0
84019, 1280, 1, 0, 0
85019, 1536, 0, 0, 0
85019, 1024, 1, 0, 0
86018, 768, 0, 0, 0
86018, 1793, 1, 0, 0
87019, 256, 0, 0, 0
87019, 512, 1, 0, 0
88019, 512, 0, 0, 0
88019, 1024, 1, 0, 0
89018, 3075, 0, 0, 0
89018, 1793, 1, 0, 0
90019, 256, 0, 0, 0
90019, 1024, 1, 0, 0
91018, 1537, 0, 0, 0
91018, 2050, 1, 0, 0
92019, 256, 1, 0, 0
93019, 256, 0, 0, 0
93019, 1024, 1, 0, 0
94018, 768, 0, 0, 0
94018, 768, 1, 0, 0
95019, 256, 0, 0, 0
95019, 1792, 1, 0, 0
96019, 1280, 1, 0, 0
97018, 2818, 0, 0, 0
97018, 3075, 1, 0, 0
98019, 1024, 0, 0, 0
98019, 512, 1, 0, 0
99019, 1280, 0, 0, 0
99019, 1280, 1, 0, 0
100018, 1025, 0, 0, 0
100018, 1281, 1, 0, 0
101019, 512, 0, 0, 0
101019, 512, 1, 0, 0
103018, 512, 1, 0, 0
104019, 768, 0, 0, 0
104019, 256, 1, 0, 0
105019, 256, 0, 0, 0
105019, 512, 1, 0, 0
106018, 512, 0, 0, 0
106018, 768, 1, 0, 0
107019, 1536, 0, 0, 0
107019, 1280, 1, 0, 0
108019, 256, 0, 0, 0
108019, 512, 1, 0, 0
109018, 1025, 0, 0, 0
109018, 1537, 1, 0, 0
110019, 1792, 0, 0, 0
110019, 1536, 1, 0, 0
111019, 2304, 0, 0, 0
111019, 1280, 1, 0, 0
112018, 512, 0, 0, 0
112018, 1025, 1, 0, 0
113019, 512, 0, 0, 0
114019, 1280, 0, 0, 0
114019, 1280, 1, 0, 0
115018, 768, 0, 0, 0
115018, 3075, 1, 0, 0
116019, 1280, 1, 0, 0
117019, 512, 0, 0, 0
117019, 768, 1, 0, 0
118018, 1025, 0, 0, 0
118018, 1025, 1, 0, 0
119019, 768, 0, 0, 0
119019, 1280, 1, 0, 0
120019, 1536, 0, 0, 0
120019, 1792, 1, 0, 0
121018, 256, 0, 0, 0
121018, 1537, 1, 0, 0
122019, 768, 0, 0, 0
122019, 256, 1, 0, 0
123018, 1281, 0, 0, 0
123018, 1025, 1, 0, 0
124019, 1536, 0, 0, 0
124019, 768, 1, 0, 0
125019, 512, 0, 0, 0
125019, 1024, 1, 0, 0
126018, 512, 0, 0, 0
126018, 1025, 1, 0, 0
127019, 1536, 0, 0, 0
127019, 2048, 1, 0, 0
129018, 1793, 0, 0, 0
129018, 2050, 1, 0, 0
130019, 768, 0, 0, 0
130019, 768, 1, 0, 0
131019, 256, 0, 0, 0
132018, 1025, 0, 0, 0
132018, 1793, 1, 0, 0
133019, 256, 0, 0, 0
133019, 2560, 1, 0, 0
134019, 1280, 0, 0, 0
134019, 768, 1, 0, 0
135018, 256, 0, 0, 0
135018, 256, 1, 0, 0
136019, 768, 0, 0, 0
136019, 256, 1, 0, 0
137019, 1024, 0, 0, 0
137019, 1280, 1, 0, 0
138018, 256, 0, 0, 0
138018, 256, 1, 0, 0
139019, 768, 0, 0, 0
139019, 2560, 1, 0, 0
140019, 1536, 0, 0, 0
140019, 3328, 1, 0, 0
141018, 768, 0, 0, 0
141018, 768, 1, 0, 0
142019, 256, 0, 0, 0
142019, 256, 1, 0, 0
143019, 256, 0, 0, 0
144019, 768, 0, 0, 0
144019, 512, 1, 0, 0
145019, 1024, 0, 0, 0
145019, 2048, 1, 0, 0
146019, 1280, 0, 0, 0
146019, 2304, 1, 0, 0
147018, 256, 0, 0, 0
147018, 1281, 1, 0, 0
148019, 512, 0, 0, 0
148019, 256, 1, 0, 0
149019, 256, 0, 0, 0
149019, 1792, 1, 0, 0
150018, 1281, 0, 0, 0
150018, 1793, 1, 0, 0
151019, 512, 0, 0, 0
151019, 1280, 1, 0, 0
152019, 256, 0, 0, 0
152019, 512, 1, 0, 0
153019, 256, 0, 0, 0
153019, 768, 1, 0, 0
154019, 256, 0, 0, 0
154019, 256, 1, 0, 0
155018, 768, 0, 0, 0
155018, 512, 1, 0, 0
156019, 512, 0, 0, 0
156019, 512, 1, 0, 0
157019, 256, 1, 0, 0
158018, 768, 0, 0, 0
158018, 256, 1, 0, 0
159019, 2560, 0, 0, 0
160019, 768, 0, 0, 0
160019, 1280, 1, 0, 0
161019, 512, 0, 0, 0
161019, 768, 1, 0, 0
162019, 768, 0, 0, 0
162019, 1024, 1, 0, 0
163018, 512, 0, 0, 0
164019, 512, 0, 0, 0
164019, 1280, 1, 0, 0
165019, 1280, 0, 0, 0
165019, 512, 1, 0, 0
166018, 256, 0, 0, 0
166018, 256, 1, 0, 0
167019, 1024, 1, 0, 0
168019, 1024, 1, 0, 0
169018, 1281, 0, 0, 0
169018, 1793, 1, 0, 0
170019, 1280, 0, 0, 0
170019, 1536, 1, 0, 0
171019, 512, 0, 0, 0
171019, 512, 1, 0, 0
172018, 768, 0, 0, 0
172018, 1281, 1, 0, 0
173019, 768, 0, 0, 0
173019, 1536, 1, 0, 0
174018, 512, 0, 0, 0
174018, 768, 1, 0, 0
175019, 256, 0, 0, 0
175019, 256, 1, 0, 0
176019, 1024, 0, 0, 0
176019, 1024, 1, 0, 0
177018, 512, 0, 0, 0
177018, 768, 1, 0, 0
178019, 512, 0, 0, 0
178019, 2048, 1, 0, 0
179019, 512, 0, 0, 0
179019, 512, 1, 0, 0
180019, 512, 0, 0, 0
180019, 1280, 1, 0, 0
