19007, 2304, 1, 0, 0
20007, 512, 1, 0, 0
22007, 1025, 1, 0, 0
23007, 2048, 1, 0, 0
24008, 2304, 1, 0, 0
25008, 1024, 1, 0, 0
26009, 3072, 1, 0, 0
27009, 1792, 1, 0, 0
28010, 256, 0, 0, 0
28010, 1024, 1, 0, 0
29010, 1024, 0, 0, 0
29010, 1024, 1, 0, 0
30011, 768, 0, 0, 0
30011, 1792, 1, 0, 0
31011, 768, 0, 0, 0
31011, 512, 1, 0, 0
32012, 512, 1, 0, 0
33012, 512, 0, 0, 0
33012, 768, 1, 0, 0
34012, 256, 0, 0, 0
34012, 1024, 1, 0, 0
35013, 256, 0, 0, 0
35013, 1280, 1, 0, 0
36013, 256, 0, 0, 0
36013, 512, 1, 0, 0
37014, 1280, 1, 0, 0
38014, 1280, 0, 0, 0
38014, 1280, 1, 0, 0
39015, 256, 0, 0, 0
39015, 512, 1, 0, 0
40015, 512, 1, 0, 0
41015, 768, 0, 0, 0
41015, 256, 1, 0, 0
42016, 512, 0, 0, 0
43016, 512, 0, 0, 0
44017, 512, 1, 0, 0
45017, 256, 1, 0, 0
46018, 512, 0, 0, 0
46018, 1024, 1, 0, 0
47018, 512, 0, 0, 0
47018, 768, 1, 0, 0
48018, 256, 1, 0, 0
49019, 768, 0, 0, 0
49019, 512, 1, 0, 0
50019, 768, 0, 0, 0
50019, 1024, 1, 0, 0
51019, 768, 0, 0, 0
51019, 1536, 1, 0, 0
52020, 512, 0, 0, 0
52020, 512, 1, 0, 0
53020, 512, 0, 0, 0
53020, 512, 1, 0, 0
54020, 256, 1, 0, 0
55021, 512, 1, 0, 0
57021, 256, 1, 0, 0
58021, 256, 1, 0, 0
59021, 1792, 1, 0, 0
60021, 1281, 1, 0, 0
61021, 256, 1, 0, 0
62021, 512, 1, 0, 0
63021, 256, 0, 0, 0
63021, 1537, 1, 0, 0
64021, 1024, 1, 0, 0
65021, 2304, 1, 0, 0
67021, 1792, 1, 0, 0
68021, 1280, 0, 0, 0
68021, 1536, 1, 0, 0
69021, 256, 1, 0, 0
70021, 512, 0, 0, 0
71021, 256, 0, 0, 0
71021, 768, 1, 0, 0
72021, 256, 0, 0, 0
73021, 768, 0, 0, 0
73021, 512, 1, 0, 0
74021, 1024, 0, 0, 0
74021, 1536, 1, 0, 0
75021, 256, 0, 0, 0
75021, 1025, 1, 0, 0
76021, 512, 0, 0, 0
76021, 1024, 1, 0, 0
77021, 768, 0, 0, 0
77021, 1281, 1, 0, 0
78021, 1536, 0, 0, 0
78021, 1536, 1, 0, 0
79021, 1024, 0, 0, 0
79021, 2048, 1, 0, 0
80021, 768, 0, 0, 0
80021, 1537, 1, 0, 0
81021, 512, 1, 0, 0
82021, 768, 0, 0, 0
82021, 1024, 1, 0, 0
83021, 256, 0, 0, 0
83021, 512, 1, 0, 0
84021, 1024, 0, 0, 0
84021, 1280, 1, 0, 0
85021, 1280, 0, 0, 0
85021, 1280, 1, 0, 0
86021, 512, 1, 0, 0
87021, 512, 1, 0, 0
88021, 512, 1, 0, 0
89021, 1281, 0, 0, 0
89021, 1793, 1, 0, 0
90021, 1792, 0, 0, 0
90021, 512, 1, 0, 0
91021, 512, 0, 0, 0
93021, 512, 0, 0, 0
93021, 1280, 1, 0, 0
94021, 512, 0, 0, 0
94021, 512, 1, 0, 0
95021, 512, 1, 0, 0
96021, 768, 0, 0, 0
96021, 512, 1, 0, 0
97021, 512, 0, 0, 0
97021, 256, 1, 0, 0
98021, 768, 0, 0, 0
98021, 512, 1, 0, 0
99021, 512, 0, 0, 0
99021, 768, 1, 0, 0
100021, 512, 0, 0, 0
100021, 1537, 1, 0, 0
101021, 512, 0, 0, 0
101021, 512, 1, 0, 0
102021, 768, 1, 0, 0
103021, 512, 0, 0, 0
103021, 2050, 1, 0, 0
104021, 512, 0, 0, 0
104021, 1280, 1, 0, 0
105021, 1536, 0, 0, 0
105021, 1792, 1, 0, 0
106021, 768, 0, 0, 0
106021, 1025, 1, 0, 0
107021, 512, 1, 0, 0
108021, 768, 0, 0, 0
108021, 512, 1, 0, 0
109021, 256, 0, 0, 0
109021, 256, 1, 0, 0
110021, 256, 0, 0, 0
110021, 256, 1, 0, 0
111021, 512, 0, 0, 0
111021, 256, 1, 0, 0
112021, 768, 1, 0, 0
113021, 256, 0, 0, 0
113021, 512, 1, 0, 0
114021, 1280, 0, 0, 0
114021, 768, 1, 0, 0
115021, 768, 0, 0, 0
115021, 1025, 1, 0, 0
116021, 512, 1, 0, 0
117021, 768, 0, 0, 0
117021, 256, 1, 0, 0
118021, 1025, 0, 0, 0
118021, 1025, 1, 0, 0
119021, 768, 0, 0, 0
119021, 512, 1, 0, 0
120021, 768, 0, 0, 0
120021, 1792, 1, 0, 0
121021, 768, 0, 0, 0
121021, 256, 1, 0, 0
122021, 256, 0, 0, 0
122021, 2304, 1, 0, 0
123021, 512, 0, 0, 0
123021, 512, 1, 0, 0
124021, 768, 0, 0, 0
124021, 512, 1, 0, 0
125021, 1024, 0, 0, 0
125021, 1024, 1, 0, 0
126021, 512, 0, 0, 0
126021, 768, 1, 0, 0
127021, 512, 1, 0, 0
128021, 1536, 0, 0, 0
128021, 1792, 1, 0, 0
129021, 1025, 0, 0, 0
129021, 1025, 1, 0, 0
130021, 768, 1, 0, 0
131021, 512, 0, 0, 0
131021, 1024, 1, 0, 0
132021, 512, 0, 0, 0
132021, 2050, 1, 0, 0
133021, 768, 0, 0, 0
133021, 1024, 1, 0, 0
134021, 256, 0, 0, 0
134021, 512, 1, 0, 0
135021, 512, 0, 0, 0
135021, 512, 1, 0, 0
136021, 768, 1, 0, 0
137021, 512, 0, 0, 0
137021, 768, 1, 0, 0
138021, 256, 0, 0, 0
139021, 512, 0, 0, 0
139021, 1792, 1, 0, 0
140021, 256, 0, 0, 0
140021, 1280, 1, 0, 0
141021, 256, 1, 0, 0
142021, 256, 1, 0, 0
143021, 256, 0, 0, 0
143021, 1024, 1, 0, 0
144021, 256, 0, 0, 0
144021, 256, 1, 0, 0
145021, 1024, 0, 0, 0
145021, 1024, 1, 0, 0
146021, 768, 0, 0, 0
146021, 768, 1, 0, 0
147021, 512, 0, 0, 0
147021, 1793, 1, 0, 0
148021, 1792, 0, 0, 0
148021, 2304, 1, 0, 0
150021, 512, 0, 0, 0
150021, 2050, 1, 0, 0
151021, 1280, 0, 0, 0
151021, 1536, 1, 0, 0
152021, 1536, 0, 0, 0
152021, 1792, 1, 0, 0
153021, 768, 0, 0, 0
153021, 1793, 1, 0, 0
154021, 768, 1, 0, 0
155021, 1537, 1, 0, 0
156021, 1280, 0, 0, 0
156021, 1792, 1, 0, 0
157021, 512, 0, 0, 0
157021, 256, 1, 0, 0
158021, 1281, 1, 0, 0
159021, 512, 0, 0, 0
159021, 768, 1, 0, 0
160021, 256, 0, 0, 0
160021, 256, 1, 0, 0
161021, 256, 0, 0, 0
161021, 256, 1, 0, 0
162021, 256, 0, 0, 0
162021, 768, 1, 0, 0
163021, 768, 0, 0, 0
163021, 2050, 1, 0, 0
164021, 512, 0, 0, 0
164021, 768, 1, 0, 0
165021, 512, 1, 0, 0
166021, 256, 0, 0, 0
166021, 256, 1, 0, 0
167021, 256, 1, 0, 0
168021, 256, 1, 0, 0
169021, 512, 0, 0, 0
170021, 256, 1, 0, 0
171021, 512, 0, 0, 0
171021, 512, 1, 0, 0
172021, 768, 1, 0, 0
173021, 512, 0, 0, 0
173021, 1536, 1, 0, 0
174021, 1025, 0, 0, 0
174021, 512, 1, 0, 0
175021, 512, 0, 0, 0
175021, 1792, 1, 0, 0
176021, 256, 0, 0, 0
176021, 768, 1, 0, 0
177021, 768, 0, 0, 0
177021, 1537, 1, 0, 0
178021, 256, 0, 0, 0
178021, 768, 1, 0, 0
180021, 256, 0, 0, 0
180021, 1280, 1, 0, 0
