22001, 2050, 1, 0, 0
23001, 1537, 1, 0, 0
24001, 1280, 1, 0, 0
25002, 3328, 1, 0, 0
26001, 2306, 1, 0, 0
27002, 1280, 1, 0, 0
28001, 256, 0, 0, 0
28001, 1537, 1, 0, 0
29000, 256, 0, 0, 0
29000, 1025, 1, 0, 0
30001, 512, 0, 0, 0
30001, 1792, 1, 0, 0
31001, 768, 0, 0, 0
31001, 1792, 1, 0, 0
32001, 256, 0, 0, 0
33000, 2050, 0, 0, 0
33000, 2562, 1, 0, 0
34001, 512, 0, 0, 0
34001, 1024, 1, 0, 0
35001, 256, 0, 0, 0
35001, 768, 1, 0, 0
36002, 768, 1, 0, 0
37001, 512, 1, 0, 0
38000, 768, 0, 0, 0
38000, 1281, 1, 0, 0
39001, 768, 0, 0, 0
39001, 1024, 1, 0, 0
41001, 768, 0, 0, 0
41001, 1537, 1, 0, 0
42000, 512, 0, 0, 0
42000, 768, 1, 0, 0
43001, 512, 0, 0, 0
43001, 512, 1, 0, 0
44001, 512, 0, 0, 0
44001, 2048, 1, 0, 0
45001, 768, 0, 0, 0
45001, 2048, 1, 0, 0
46001, 1793, 0, 0, 0
46001, 256, 1, 0, 0
47001, 256, 0, 0, 0
47001, 768, 1, 0, 0
48002, 512, 0, 0, 0
48002, 768, 1, 0, 0
49001, 768, 1, 0, 0
50001, 1024, 1, 0, 0
51001, 768, 1, 0, 0
52000, 256, 0, 0, 0
52000, 1793, 1, 0, 0
53000, 768, 1, 0, 0
54001, 1280, 1, 0, 0
55001, 768, 1, 0, 0
57001, 768, 1, 0, 0
58001, 256, 1, 0, 0
59002, 1280, 1, 0, 0
61001, 512, 0, 0, 0
61001, 1024, 1, 0, 0
62002, 1024, 0, 0, 0
62002, 1024, 1, 0, 0
63001, 256, 0, 0, 0
63001, 1281, 1, 0, 0
64001, 1792, 0, 0, 0
64001, 2304, 1, 0, 0
65002, 256, 1, 0, 0
66001, 512, 0, 0, 0
67001, 768, 0, 0, 0
67001, 1024, 1, 0, 0
68001, 512, 0, 0, 0
68001, 768, 1, 0, 0
69001, 1025, 0, 0, 0
69001, 2562, 1, 0, 0
70001, 512, 1, 0, 0
71002, 1792, 0, 0, 0
71002, 256, 1, 0, 0
72001, 256, 0, 0, 0
72001, 1281, 1, 0, 0
73001, 1536, 1, 0, 0
74002, 3328, 1, 0, 0
75001, 256, 0, 0, 0
75001, 256, 1, 0, 0
77001, 2050, 1, 0, 0
78001, 256, 1, 0, 0
80001, 1025, 0, 0, 0
80001, 256, 1, 0, 0
82002, 1024, 0, 0, 0
82002, 1792, 1, 0, 0
83001, 1537, 1, 0, 0
84001, 512, 0, 0, 0
84001, 1280, 1, 0, 0
85002, 1280, 0, 0, 0
85002, 1536, 1, 0, 0
86001, 768, 0, 0, 0
86001, 1793, 1, 0, 0
87001, 768, 0, 0, 0
87001, 1024, 1, 0, 0
88002, 512, 1, 0, 0
89001, 1025, 0, 0, 0
89001, 512, 1, 0, 0
90001, 256, 0, 0, 0
90001, 768, 1, 0, 0
91001, 512, 0, 0, 0
91001, 2050, 1, 0, 0
92001, 1280, 0, 0, 0
92001, 1024, 1, 0, 0
93001, 512, 0, 0, 0
93001, 1536, 1, 0, 0
94001, 512, 0, 0, 0
95001, 1024, 1, 0, 0
96002, 768, 0, 0, 0
96002, 1024, 1, 0, 0
97001, 768, 0, 0, 0
97001, 768, 1, 0, 0
98001, 768, 0, 0, 0
98001, 2560, 1, 0, 0
99002, 768, 0, 0, 0
99002, 1280, 1, 0, 0
100001, 2050, 0, 0, 0
100001, 1537, 1, 0, 0
101001, 768, 0, 0, 0
101001, 512, 1, 0, 0
102002, 768, 0, 0, 0
102002, 1024, 1, 0, 0
103001, 256, 0, 0, 0
103001, 512, 1, 0, 0
104001, 256, 0, 0, 0
104001, 512, 1, 0, 0
105002, 512, 0, 0, 0
105002, 256, 1, 0, 0
106001, 1025, 1, 0, 0
107001, 256, 1, 0, 0
108002, 256, 0, 0, 0
108002, 256, 1, 0, 0
109001, 1793, 0, 0, 0
109001, 1537, 1, 0, 0
110001, 256, 0, 0, 0
110001, 512, 1, 0, 0
111002, 512, 0, 0, 0
111002, 1280, 1, 0, 0
112001, 512, 0, 0, 0
112001, 2050, 1, 0, 0
113001, 1536, 0, 0, 0
113001, 1536, 1, 0, 0
114002, 512, 0, 0, 0
114002, 2048, 1, 0, 0
115001, 256, 0, 0, 0
115001, 1281, 1, 0, 0
116001, 768, 0, 0, 0
117002, 768, 0, 0, 0
117002, 768, 1, 0, 0
118001, 256, 0, 0, 0
118001, 768, 1, 0, 0
119001, 768, 0, 0, 0
119001, 1536, 1, 0, 0
120002, 1024, 0, 0, 0
120002, 1024, 1, 0, 0
121001, 768, 0, 0, 0
122001, 1280, 0, 0, 0
122001, 512, 1, 0, 0
123001, 768, 1, 0, 0
124001, 256, 0, 0, 0
124001, 2304, 1, 0, 0
125001, 1792, 0, 0, 0
125001, 1280, 1, 0, 0
126001, 1281, 1, 0, 0
127001, 512, 0, 0, 0
127001, 512, 1, 0, 0
128002, 512, 0, 0, 0
128002, 1024, 1, 0, 0
129001, 256, 0, 0, 0
129001, 1025, 1, 0, 0
130001, 256, 0, 0, 0
130001, 768, 1, 0, 0
131002, 512, 1, 0, 0
132001, 512, 0, 0, 0
132001, 256, 1, 0, 0
133001, 512, 1, 0, 0
134002, 768, 0, 0, 0
134002, 1536, 1, 0, 0
135001, 768, 0, 0, 0
135001, 1281, 1, 0, 0
136001, 1280, 0, 0, 0
136001, 1280, 1, 0, 0
137002, 512, 0, 0, 0
138001, 512, 0, 0, 0
138001, 1537, 1, 0, 0
139001, 256, 0, 0, 0
139001, 256, 1, 0, 0
140002, 256, 0, 0, 0
140002, 512, 1, 0, 0
142001, 1536, 1, 0, 0
143002, 768, 0, 0, 0
143002, 1280, 1, 0, 0
144001, 768, 0, 0, 0
144001, 1025, 1, 0, 0
145001, 256, 0, 0, 0
145001, 1024, 1, 0, 0
146002, 768, 0, 0, 0
146002, 768, 1, 0, 0
147001, 512, 0, 0, 0
147001, 768, 1, 0, 0
148001, 256, 0, 0, 0
148001, 1536, 1, 0, 0
149002, 768, 0, 0, 0
149002, 1280, 1, 0, 0
150001, 512, 0, 0, 0
151001, 1280, 1, 0, 0
153001, 256, 1, 0, 0
154001, 256, 0, 0, 0
154001, 256, 1, 0, 0
155001, 256, 1, 0, 0
156001, 512, 0, 0, 0
156001, 512, 1, 0, 0
157002, 1024, 0, 0, 0
157002, 768, 1, 0, 0
158001, 256, 0, 0, 0
158001, 2562, 1, 0, 0
159001, 512, 1, 0, 0
160002, 512, 0, 0, 0
160002, 256, 1, 0, 0
161001, 512, 1, 0, 0
162001, 512, 0, 0, 0
162001, 1280, 1, 0, 0
163001, 1281, 0, 0, 0
163001, 768, 1, 0, 0
164001, 256, 0, 0, 0
164001, 1792, 1, 0, 0
165002, 256, 0, 0, 0
165002, 768, 1, 0, 0
166001, 768, 1, 0, 0
167001, 256, 0, 0, 0
167001, 256, 1, 0, 0
168001, 768, 0, 0, 0
168001, 256, 1, 0, 0
169001, 256, 0, 0, 0
169001, 256, 1, 0, 0
170001, 512, 0, 0, 0
170001, 1024, 1, 0, 0
171001, 256, 0, 0, 0
171001, 1024, 1, 0, 0
172001, 512, 0, 0, 0
172001, 1025, 1, 0, 0
173001, 512, 0, 0, 0
173001, 512, 1, 0, 0
174001, 256, 0, 0, 0
174001, 1281, 1, 0, 0
175001, 256, 0, 0, 0
175001, 768, 1, 0, 0
176001, 512, 0, 0, 0
177001, 768, 0, 0, 0
177001, 512, 1, 0, 0
178001, 1280, 0, 0, 0
178001, 1024, 1, 0, 0
179001, 768, 0, 0, 0
179001, 2304, 1, 0, 0
180002, 512, 1, 0, 0
