22010, 2816, 1, 0, 0
23010, 1024, 1, 0, 0
24011, 256, 1, 0, 0
25011, 2816, 1, 0, 0
26012, 1280, 1, 0, 0
27012, 1792, 1, 0, 0
28013, 512, 1, 0, 0
29013, 256, 1, 0, 0
30014, 1280, 1, 0, 0
31014, 256, 0, 0, 0
31014, 3584, 1, 0, 0
32015, 256, 0, 0, 0
32015, 512, 1, 0, 0
33015, 1024, 0, 0, 0
33015, 3072, 1, 0, 0
34016, 256, 0, 0, 0
35016, 256, 0, 0, 0
35016, 1280, 1, 0, 0
36016, 1280, 0, 0, 0
36016, 1280, 1, 0, 0
37017, 256, 0, 0, 0
37017, 256, 1, 0, 0
38017, 512, 0, 0, 0
38017, 1536, 1, 0, 0
39018, 256, 0, 0, 0
39018, 1536, 1, 0, 0
40018, 256, 0, 0, 0
40018, 768, 1, 0, 0
41019, 512, 0, 0, 0
41019, 2560, 1, 0, 0
42019, 768, 0, 0, 0
42019, 256, 1, 0, 0
43019, 512, 0, 0, 0
43019, 1280, 1, 0, 0
44020, 512, 0, 0, 0
44020, 1280, 1, 0, 0
45020, 256, 0, 0, 0
46021, 256, 1, 0, 0
47021, 1280, 0, 0, 0
47021, 768, 1, 0, 0
48021, 1024, 0, 0, 0
48021, 512, 1, 0, 0
49022, 512, 0, 0, 0
49022, 768, 1, 0, 0
50022, 256, 0, 0, 0
50022, 512, 1, 0, 0
51022, 256, 0, 0, 0
52023, 512, 0, 0, 0
53023, 512, 0, 0, 0
53023, 2304, 1, 0, 0
54023, 1024, 0, 0, 0
54023, 1280, 1, 0, 0
55024, 256, 0, 0, 0
55024, 1024, 1, 0, 0
57025, 256, 0, 0, 0
57025, 256, 1, 0, 0
58025, 256, 0, 0, 0
58025, 256, 1, 0, 0
59025, 512, 1, 0, 0
60026, 1280, 1, 0, 0
61026, 256, 1, 0, 0
63027, 2304, 1, 0, 0
64027, 256, 1, 0, 0
65027, 1792, 1, 0, 0
66028, 1024, 1, 0, 0
67028, 768, 0, 0, 0
67028, 1280, 1, 0, 0
68028, 1280, 0, 0, 0
68028, 512, 1, 0, 0
69029, 512, 0, 0, 0
69029, 256, 1, 0, 0
70029, 256, 1, 0, 0
71029, 1280, 0, 0, 0
71029, 1280, 1, 0, 0
72030, 1792, 0, 0, 0
72030, 1024, 1, 0, 0
73030, 512, 0, 0, 0
73030, 256, 1, 0, 0
74030, 1536, 1, 0, 0
75031, 1280, 1, 0, 0
76031, 256, 0, 0, 0
76031, 2048, 1, 0, 0
77032, 512, 0, 0, 0
77032, 256, 1, 0, 0
78032, 2048, 1, 0, 0
79032, 256, 0, 0, 0
79032, 3328, 1, 0, 0
80033, 1536, 1, 0, 0
81033, 256, 0, 0, 0
81033, 512, 1, 0, 0
82033, 256, 0, 0, 0
82033, 256, 1, 0, 0
84034, 256, 0, 0, 0
84034, 2304, 1, 0, 0
85034, 1536, 0, 0, 0
85034, 2816, 1, 0, 0
86035, 1024, 0, 0, 0
86035, 2560, 1, 0, 0
87035, 256, 0, 0, 0
87035, 256, 1, 0, 0
88035, 256, 0, 0, 0
88035, 1024, 1, 0, 0
89036, 512, 0, 0, 0
89036, 1536, 1, 0, 0
90036, 1024, 0, 0, 0
90036, 2304, 1, 0, 0
91037, 1280, 0, 0, 0
91037, 1280, 1, 0, 0
92037, 1024, 0, 0, 0
92037, 1280, 1, 0, 0
93037, 512, 0, 0, 0
93037, 1280, 1, 0, 0
94038, 1536, 0, 0, 0
94038, 2816, 1, 0, 0
95038, 1792, 0, 0, 0
95038, 768, 1, 0, 0
96038, 1024, 0, 0, 0
96038, 1792, 1, 0, 0
97039, 512, 0, 0, 0
97039, 512, 1, 0, 0
98039, 256, 0, 0, 0
98039, 256, 1, 0, 0
99039, 1280, 0, 0, 0
99039, 1024, 1, 0, 0
100040, 256, 0, 0, 0
100040, 512, 1, 0, 0
101040, 1024, 0, 0, 0
101040, 1536, 1, 0, 0
102040, 512, 0, 0, 0
102040, 1024, 1, 0, 0
103041, 256, 0, 0, 0
103041, 256, 1, 0, 0
104041, 768, 1, 0, 0
105041, 1792, 0, 0, 0
105041, 3072, 1, 0, 0
106042, 256, 1, 0, 0
107042, 1536, 0, 0, 0
107042, 1280, 1, 0, 0
108042, 1280, 0, 0, 0
108042, 768, 1, 0, 0
109043, 768, 0, 0, 0
109043, 512, 1, 0, 0
110043, 768, 0, 0, 0
110043, 768, 1, 0, 0
111043, 768, 0, 0, 0
111043, 256, 1, 0, 0
112044, 512, 0, 0, 0
112044, 256, 1, 0, 0
113044, 1280, 0, 0, 0
114044, 512, 1, 0, 0
115045, 768, 0, 0, 0
115045, 2560, 1, 0, 0
116045, 512, 0, 0, 0
116045, 1536, 1, 0, 0
117045, 768, 0, 0, 0
117045, 1280, 1, 0, 0
118046, 768, 0, 0, 0
118046, 256, 1, 0, 0
119046, 256, 0, 0, 0
119046, 1792, 1, 0, 0
120046, 768, 0, 0, 0
120046, 1536, 1, 0, 0
121047, 256, 0, 0, 0
121047, 512, 1, 0, 0
122047, 768, 0, 0, 0
122047, 256, 1, 0, 0
123048, 768, 0, 0, 0
123048, 1280, 1, 0, 0
124048, 1792, 1, 0, 0
125048, 256, 0, 0, 0
125048, 1536, 1, 0, 0
126049, 512, 0, 0, 0
126049, 256, 1, 0, 0
127049, 2816, 0, 0, 0
127049, 768, 1, 0, 0
128049, 256, 0, 0, 0
128049, 2048, 1, 0, 0
129050, 256, 0, 0, 0
129050, 512, 1, 0, 0
130050, 256, 1, 0, 0
131050, 512, 0, 0, 0
132051, 512, 1, 0, 0
133051, 1024, 0, 0, 0
133051, 512, 1, 0, 0
134051, 768, 0, 0, 0
134051, 256, 1, 0, 0
135052, 1792, 1, 0, 0
136052, 512, 0, 0, 0
136052, 1024, 1, 0, 0
137052, 256, 0, 0, 0
137052, 256, 1, 0, 0
138053, 256, 0, 0, 0
138053, 1280, 1, 0, 0
139053, 512, 0, 0, 0
139053, 1536, 1, 0, 0
141054, 256, 0, 0, 0
141054, 1024, 1, 0, 0
142054, 1536, 0, 0, 0
142054, 1536, 1, 0, 0
143054, 1536, 0, 0, 0
143054, 2048, 1, 0, 0
144055, 512, 0, 0, 0
144055, 768, 1, 0, 0
145055, 1024, 0, 0, 0
145055, 512, 1, 0, 0
146055, 512, 0, 0, 0
146055, 1024, 1, 0, 0
147056, 768, 0, 0, 0
147056, 512, 1, 0, 0
148056, 512, 1, 0, 0
149056, 768, 0, 0, 0
149056, 2304, 1, 0, 0
150057, 256, 0, 0, 0
151057, 768, 0, 0, 0
151057, 256, 1, 0, 0
152057, 1792, 0, 0, 0
152057, 2304, 1, 0, 0
153058, 512, 0, 0, 0
153058, 1280, 1, 0, 0
154058, 1024, 0, 0, 0
154058, 2304, 1, 0, 0
155059, 768, 0, 0, 0
155059, 256, 1, 0, 0
156059, 1280, 1, 0, 0
157059, 256, 1, 0, 0
158060, 768, 0, 0, 0
158060, 768, 1, 0, 0
159060, 256, 0, 0, 0
160060, 768, 0, 0, 0
160060, 1024, 1, 0, 0
161061, 256, 1, 0, 0
162061, 256, 0, 0, 0
162061, 512, 1, 0, 0
163062, 256, 0, 0, 0
163062, 256, 1, 0, 0
164062, 768, 0, 0, 0
164062, 512, 1, 0, 0
165062, 1024, 1, 0, 0
166063, 256, 0, 0, 0
166063, 512, 1, 0, 0
167063, 512, 0, 0, 0
167063, 1536, 1, 0, 0
168063, 1024, 0, 0, 0
168063, 1792, 1, 0, 0
170064, 256, 1, 0, 0
172065, 512, 0, 0, 0
172065, 2304, 1, 0, 0
173065, 768, 0, 0, 0
173065, 256, 1, 0, 0
174066, 512, 0, 0, 0
174066, 768, 1, 0, 0
175066, 512, 0, 0, 0
175066, 1792, 1, 0, 0
176066, 512, 0, 0, 0
177067, 256, 0, 0, 0
177067, 1536, 1, 0, 0
178067, 1280, 0, 0, 0
178067, 1280, 1, 0, 0
179067, 256, 0, 0, 0
179067, 1792, 1, 0, 0
180067, 768, 1, 0, 0
