21000, 512, 1, 0, 0
22000, 2562, 1, 0, 0
22999, 1025, 1, 0, 0
24000, 2560, 1, 0, 0
25000, 1536, 1, 0, 0
26000, 1025, 1, 0, 0
27000, 2304, 1, 0, 0
27999, 256, 0, 0, 0
27999, 2562, 1, 0, 0
28999, 768, 1, 0, 0
29999, 512, 0, 0, 0
29999, 768, 1, 0, 0
31000, 512, 0, 0, 0
31000, 256, 1, 0, 0
31999, 512, 0, 0, 0
31999, 256, 1, 0, 0
32999, 768, 1, 0, 0
33999, 1024, 0, 0, 0
33999, 768, 1, 0, 0
35000, 256, 0, 0, 0
35000, 512, 1, 0, 0
36000, 2048, 1, 0, 0
36999, 512, 0, 0, 0
36999, 1281, 1, 0, 0
37999, 768, 1, 0, 0
38999, 256, 0, 0, 0
38999, 512, 1, 0, 0
40000, 256, 0, 0, 0
40000, 256, 1, 0, 0
40999, 1025, 1, 0, 0
41999, 256, 0, 0, 0
41999, 512, 1, 0, 0
42999, 256, 0, 0, 0
42999, 1536, 1, 0, 0
43999, 768, 0, 0, 0
43999, 256, 1, 0, 0
45000, 512, 0, 0, 0
45000, 1024, 1, 0, 0
45999, 768, 0, 0, 0
45999, 512, 1, 0, 0
47000, 256, 0, 0, 0
47000, 768, 1, 0, 0
48000, 2304, 1, 0, 0
48999, 768, 0, 0, 0
50000, 512, 1, 0, 0
50999, 256, 1, 0, 0
51998, 1025, 0, 0, 0
52999, 256, 0, 0, 0
53999, 512, 0, 0, 0
53999, 1280, 1, 0, 0
56000, 256, 0, 0, 0
56000, 256, 1, 0, 0
56999, 1025, 1, 0, 0
58000, 512, 1, 0, 0
59000, 768, 1, 0, 0
59999, 256, 1, 0, 0
61000, 2304, 1, 0, 0
62000, 1024, 1, 0, 0
62999, 768, 1, 0, 0
64000, 256, 0, 0, 0
64000, 1280, 1, 0, 0
65000, 512, 1, 0, 0
65999, 1025, 1, 0, 0
67000, 1024, 1, 0, 0
68999, 512, 0, 0, 0
68999, 512, 1, 0, 0
70000, 256, 0, 0, 0
71000, 1280, 1, 0, 0
74000, 256, 0, 0, 0
74000, 1024, 1, 0, 0
74999, 1025, 0, 0, 0
74999, 1025, 1, 0, 0
76000, 768, 0, 0, 0
76000, 512, 1, 0, 0
76999, 512, 0, 0, 0
76999, 1537, 1, 0, 0
78000, 512, 0, 0, 0
78000, 1280, 1, 0, 0
79000, 256, 0, 0, 0
79000, 256, 1, 0, 0
79999, 256, 0, 0, 0
79999, 1281, 1, 0, 0
81000, 768, 0, 0, 0
81000, 768, 1, 0, 0
82000, 1024, 0, 0, 0
82000, 512, 1, 0, 0
82999, 256, 1, 0, 0
84000, 1280, 0, 0, 0
84000, 1536, 1, 0, 0
85000, 1280, 0, 0, 0
85000, 1280, 1, 0, 0
85999, 1025, 1, 0, 0
87000, 1024, 0, 0, 0
87000, 1792, 1, 0, 0
88000, 512, 0, 0, 0
88000, 1024, 1, 0, 0
88999, 768, 0, 0, 0
88999, 1025, 1, 0, 0
90000, 512, 0, 0, 0
90000, 1024, 1, 0, 0
90999, 256, 0, 0, 0
90999, 512, 1, 0, 0
92000, 1792, 0, 0, 0
92000, 1024, 1, 0, 0
93000, 1280, 1, 0, 0
93999, 512, 0, 0, 0
93999, 2306, 1, 0, 0
95000, 1024, 1, 0, 0
96000, 512, 0, 0, 0
96000, 1024, 1, 0, 0
98000, 768, 0, 0, 0
98000, 768, 1, 0, 0
99000, 1024, 0, 0, 0
99000, 1280, 1, 0, 0
99999, 512, 0, 0, 0
99999, 1025, 1, 0, 0
101000, 1024, 0, 0, 0
101000, 1024, 1, 0, 0
102000, 512, 0, 0, 0
102000, 1536, 1, 0, 0
102999, 512, 0, 0, 0
104000, 256, 0, 0, 0
104000, 256, 1, 0, 0
105999, 512, 1, 0, 0
107000, 256, 0, 0, 0
107000, 512, 1, 0, 0
108000, 256, 0, 0, 0
108000, 1280, 1, 0, 0
108999, 512, 0, 0, 0
108999, 1537, 1, 0, 0
110000, 768, 0, 0, 0
110000, 2304, 1, 0, 0
111000, 256, 0, 0, 0
111000, 256, 1, 0, 0
111999, 1281, 0, 0, 0
111999, 512, 1, 0, 0
113000, 768, 0, 0, 0
113000, 256, 1, 0, 0
114000, 1280, 0, 0, 0
114000, 1024, 1, 0, 0
114999, 768, 0, 0, 0
114999, 256, 1, 0, 0
116000, 1280, 0, 0, 0
116000, 1792, 1, 0, 0
117000, 256, 0, 0, 0
117000, 768, 1, 0, 0
117999, 1025, 0, 0, 0
117999, 512, 1, 0, 0
119000, 256, 0, 0, 0
119000, 2048, 1, 0, 0
120000, 256, 0, 0, 0
120000, 256, 1, 0, 0
120999, 512, 0, 0, 0
120999, 1025, 1, 0, 0
122000, 256, 0, 0, 0
122000, 1280, 1, 0, 0
122999, 1281, 0, 0, 0
122999, 1025, 1, 0, 0
124000, 1280, 0, 0, 0
124000, 1024, 1, 0, 0
125000, 512, 0, 0, 0
125000, 1280, 1, 0, 0
125999, 512, 1, 0, 0
127000, 768, 1, 0, 0
128000, 2304, 0, 0, 0
128000, 1280, 1, 0, 0
128999, 256, 0, 0, 0
128999, 256, 1, 0, 0
130000, 1536, 1, 0, 0
131000, 768, 0, 0, 0
131000, 1024, 1, 0, 0
131999, 512, 0, 0, 0
131999, 1537, 1, 0, 0
133000, 1024, 0, 0, 0
133000, 256, 1, 0, 0
134000, 768, 0, 0, 0
134000, 1280, 1, 0, 0
134999, 768, 0, 0, 0
134999, 1793, 1, 0, 0
136000, 1024, 0, 0, 0
136000, 512, 1, 0, 0
137000, 512, 0, 0, 0
137000, 2048, 1, 0, 0
137999, 256, 0, 0, 0
137999, 256, 1, 0, 0
139000, 256, 0, 0, 0
139000, 1024, 1, 0, 0
140000, 256, 0, 0, 0
140000, 256, 1, 0, 0
140999, 512, 0, 0, 0
142000, 256, 0, 0, 0
142000, 256, 1, 0, 0
143000, 256, 0, 0, 0
143000, 768, 1, 0, 0
143999, 256, 0, 0, 0
143999, 1281, 1, 0, 0
145000, 512, 0, 0, 0
145000, 2048, 1, 0, 0
146999, 768, 0, 0, 0
146999, 1025, 1, 0, 0
148000, 256, 0, 0, 0
148000, 768, 1, 0, 0
149000, 256, 1, 0, 0
149999, 768, 1, 0, 0
151000, 1280, 0, 0, 0
151000, 512, 1, 0, 0
152000, 256, 0, 0, 0
152000, 512, 1, 0, 0
153000, 1537, 0, 0, 0
153000, 256, 1, 0, 0
154999, 256, 1, 0, 0
156000, 512, 0, 0, 0
156000, 512, 1, 0, 0
157000, 1024, 0, 0, 0
157000, 1280, 1, 0, 0
157999, 1281, 0, 0, 0
157999, 768, 1, 0, 0
159000, 256, 0, 0, 0
159000, 256, 1, 0, 0
160000, 256, 0, 0, 0
160999, 768, 0, 0, 0
160999, 768, 1, 0, 0
162000, 768, 0, 0, 0
162000, 768, 1, 0, 0
162999, 512, 0, 0, 0
162999, 768, 1, 0, 0
164000, 256, 0, 0, 0
164000, 256, 1, 0, 0
165000, 1280, 0, 0, 0
165000, 1024, 1, 0, 0
165999, 512, 0, 0, 0
165999, 1281, 1, 0, 0
167000, 256, 1, 0, 0
168000, 1536, 0, 0, 0
168000, 1024, 1, 0, 0
168999, 768, 0, 0, 0
168999, 1025, 1, 0, 0
170000, 768, 0, 0, 0
171000, 512, 1, 0, 0
171999, 512, 0, 0, 0
171999, 2050, 1, 0, 0
173000, 256, 0, 0, 0
173000, 1024, 1, 0, 0
173999, 512, 0, 0, 0
173999, 512, 1, 0, 0
174999, 1280, 0, 0, 0
174999, 768, 1, 0, 0
176000, 256, 0, 0, 0
176000, 1024, 1, 0, 0
176999, 768, 1, 0, 0
177999, 768, 0, 0, 0
177999, 512, 1, 0, 0
179000, 768, 0, 0, 0
179000, 1536, 1, 0, 0
180000, 512, 0, 0, 0
180000, 512, 1, 0, 0
