22999, 256, 1, 0, 0
24000, 4096, 1, 0, 0
25000, 512, 1, 0, 0
25999, 1537, 1, 0, 0
27000, 1280, 1, 0, 0
27999, 768, 1, 0, 0
28999, 768, 1, 0, 0
29999, 768, 1, 0, 0
31000, 512, 1, 0, 0
31999, 1793, 1, 0, 0
33999, 768, 0, 0, 0
33999, 2560, 1, 0, 0
35000, 256, 0, 0, 0
35000, 2048, 1, 0, 0
36000, 1280, 0, 0, 0
36000, 1536, 1, 0, 0
36999, 768, 0, 0, 0
36999, 2050, 1, 0, 0
37999, 256, 0, 0, 0
37999, 1537, 1, 0, 0
38999, 256, 0, 0, 0
38999, 256, 1, 0, 0
40000, 256, 0, 0, 0
40000, 512, 1, 0, 0
40999, 1025, 1, 0, 0
41999, 1025, 1, 0, 0
42999, 768, 1, 0, 0
43999, 1024, 1, 0, 0
45000, 512, 0, 0, 0
45000, 1024, 1, 0, 0
45999, 1025, 1, 0, 0
47000, 768, 1, 0, 0
48000, 512, 1, 0, 0
48999, 256, 0, 0, 0
48999, 256, 1, 0, 0
50000, 1024, 0, 0, 0
50999, 1537, 0, 0, 0
50999, 256, 1, 0, 0
51998, 512, 1, 0, 0
52999, 256, 1, 0, 0
53999, 512, 0, 0, 0
53999, 512, 1, 0, 0
55000, 256, 0, 0, 0
55000, 512, 1, 0, 0
56000, 256, 0, 0, 0
56000, 512, 1, 0, 0
56999, 768, 0, 0, 0
56999, 768, 1, 0, 0
59000, 768, 0, 0, 0
59999, 768, 0, 0, 0
59999, 768, 1, 0, 0
61000, 256, 0, 0, 0
61000, 1792, 1, 0, 0
62000, 768, 0, 0, 0
62000, 512, 1, 0, 0
62999, 256, 0, 0, 0
62999, 1281, 1, 0, 0
64000, 512, 0, 0, 0
64000, 1792, 1, 0, 0
65000, 512, 1, 0, 0
67000, 512, 0, 0, 0
67000, 512, 1, 0, 0
68000, 768, 1, 0, 0
68999, 1281, 1, 0, 0
70000, 768, 1, 0, 0
71999, 512, 1, 0, 0
73000, 1280, 1, 0, 0
74000, 1024, 1, 0, 0
74999, 1793, 1, 0, 0
76000, 1280, 1, 0, 0
76999, 512, 0, 0, 0
76999, 768, 1, 0, 0
77999, 256, 0, 0, 0
77999, 768, 1, 0, 0
79999, 1537, 0, 0, 0
79999, 1025, 1, 0, 0
81000, 1280, 0, 0, 0
81000, 1280, 1, 0, 0
82000, 512, 0, 0, 0
82000, 512, 1, 0, 0
82999, 1025, 0, 0, 0
82999, 1025, 1, 0, 0
85000, 256, 0, 0, 0
85999, 2050, 0, 0, 0
85999, 2562, 1, 0, 0
87000, 1024, 1, 0, 0
88000, 256, 0, 0, 0
88000, 1024, 1, 0, 0
88999, 256, 1, 0, 0
90000, 1024, 0, 0, 0
90000, 1792, 1, 0, 0
90999, 256, 0, 0, 0
90999, 256, 1, 0, 0
93000, 512, 0, 0, 0
93000, 768, 1, 0, 0
93999, 768, 0, 0, 0
93999, 1025, 1, 0, 0
95000, 512, 0, 0, 0
96000, 512, 1, 0, 0
96999, 256, 0, 0, 0
96999, 1025, 1, 0, 0
99000, 1280, 0, 0, 0
99000, 1280, 1, 0, 0
99999, 512, 0, 0, 0
99999, 512, 1, 0, 0
101000, 256, 1, 0, 0
102000, 256, 0, 0, 0
102000, 1536, 1, 0, 0
102999, 512, 0, 0, 0
102999, 768, 1, 0, 0
104000, 768, 0, 0, 0
104000, 768, 1, 0, 0
105000, 1280, 0, 0, 0
105000, 1536, 1, 0, 0
105999, 768, 1, 0, 0
107000, 1536, 0, 0, 0
107000, 1024, 1, 0, 0
108000, 256, 0, 0, 0
108999, 512, 0, 0, 0
108999, 1537, 1, 0, 0
110000, 1024, 0, 0, 0
110000, 2304, 1, 0, 0
111000, 512, 0, 0, 0
111000, 256, 1, 0, 0
111999, 2050, 0, 0, 0
111999, 768, 1, 0, 0
113000, 768, 0, 0, 0
113000, 1024, 1, 0, 0
114000, 256, 0, 0, 0
114000, 1024, 1, 0, 0
116000, 256, 0, 0, 0
116000, 1024, 1, 0, 0
117000, 1280, 0, 0, 0
117000, 2048, 1, 0, 0
117999, 1281, 1, 0, 0
119000, 1024, 0, 0, 0
119000, 512, 1, 0, 0
120000, 2304, 0, 0, 0
120000, 1536, 1, 0, 0
120999, 1025, 0, 0, 0
120999, 1281, 1, 0, 0
122000, 1792, 1, 0, 0
122999, 512, 0, 0, 0
122999, 1281, 1, 0, 0
125000, 512, 0, 0, 0
125000, 768, 1, 0, 0
125999, 256, 0, 0, 0
125999, 1025, 1, 0, 0
127000, 768, 0, 0, 0
127000, 2816, 1, 0, 0
128000, 512, 0, 0, 0
128000, 768, 1, 0, 0
128999, 768, 0, 0, 0
128999, 1025, 1, 0, 0
130000, 1024, 0, 0, 0
130000, 1792, 1, 0, 0
131000, 256, 0, 0, 0
131000, 1792, 1, 0, 0
131999, 512, 0, 0, 0
133000, 512, 0, 0, 0
134000, 1024, 1, 0, 0
134999, 512, 0, 0, 0
134999, 512, 1, 0, 0
137000, 768, 1, 0, 0
137999, 512, 0, 0, 0
137999, 2562, 1, 0, 0
139000, 256, 1, 0, 0
140000, 768, 0, 0, 0
140000, 2304, 1, 0, 0
140999, 256, 0, 0, 0
140999, 1537, 1, 0, 0
142000, 256, 0, 0, 0
142000, 1280, 1, 0, 0
143000, 1280, 0, 0, 0
143000, 1280, 1, 0, 0
143999, 256, 1, 0, 0
145000, 256, 0, 0, 0
145000, 256, 1, 0, 0
146000, 512, 1, 0, 0
148000, 256, 1, 0, 0
149000, 256, 1, 0, 0
149999, 1281, 0, 0, 0
149999, 512, 1, 0, 0
151000, 1024, 0, 0, 0
151000, 1024, 1, 0, 0
152000, 768, 0, 0, 0
152000, 2048, 1, 0, 0
152999, 512, 0, 0, 0
152999, 256, 1, 0, 0
154000, 512, 0, 0, 0
154000, 2048, 1, 0, 0
154999, 256, 0, 0, 0
154999, 768, 1, 0, 0
155999, 1024, 0, 0, 0
155999, 768, 1, 0, 0
157000, 768, 1, 0, 0
157999, 768, 1, 0, 0
159000, 256, 1, 0, 0
160000, 256, 0, 0, 0
160000, 512, 1, 0, 0
160999, 256, 0, 0, 0
160999, 1537, 1, 0, 0
162000, 1024, 1, 0, 0
162999, 1537, 1, 0, 0
164000, 256, 0, 0, 0
165000, 256, 0, 0, 0
165000, 1024, 1, 0, 0
165999, 1025, 0, 0, 0
165999, 1793, 1, 0, 0
167000, 1024, 0, 0, 0
167000, 2560, 1, 0, 0
168000, 1536, 0, 0, 0
168000, 256, 1, 0, 0
168999, 1281, 0, 0, 0
168999, 768, 1, 0, 0
170000, 256, 0, 0, 0
171000, 256, 0, 0, 0
171000, 512, 1, 0, 0
171999, 512, 1, 0, 0
173000, 1280, 1, 0, 0
173999, 1025, 1, 0, 0
174999, 256, 0, 0, 0
174999, 1536, 1, 0, 0
176000, 1280, 0, 0, 0
176000, 1536, 1, 0, 0
176999, 1025, 0, 0, 0
177999, 256, 0, 0, 0
177999, 1024, 1, 0, 0
179000, 768, 0, 0, 0
179000, 3072, 1, 0, 0
180000, 512, 0, 0, 0
180000, 512, 1, 0, 0
