22003, 1281, 1, 0, 0
23002, 3075, 1, 0, 0
24003, 1024, 1, 0, 0
25003, 512, 1, 0, 0
26003, 512, 1, 0, 0
28003, 2050, 1, 0, 0
29002, 2562, 1, 0, 0
30002, 2048, 1, 0, 0
31003, 768, 0, 0, 0
31003, 2048, 1, 0, 0
32003, 512, 0, 0, 0
32003, 1025, 1, 0, 0
33002, 768, 0, 0, 0
33002, 2050, 1, 0, 0
34002, 256, 1, 0, 0
35003, 512, 1, 0, 0
36003, 1536, 1, 0, 0
37003, 256, 1, 0, 0
38002, 512, 0, 0, 0
38002, 1025, 1, 0, 0
39003, 256, 1, 0, 0
40003, 1280, 1, 0, 0
42002, 256, 1, 0, 0
43002, 512, 1, 0, 0
44003, 256, 0, 0, 0
44003, 512, 1, 0, 0
46002, 256, 0, 0, 0
46002, 512, 1, 0, 0
47003, 512, 0, 0, 0
47003, 1024, 1, 0, 0
48003, 512, 0, 0, 0
49003, 512, 0, 0, 0
49003, 256, 1, 0, 0
50003, 1792, 0, 0, 0
50003, 512, 1, 0, 0
51002, 256, 0, 0, 0
51002, 2050, 1, 0, 0
52002, 512, 0, 0, 0
52002, 256, 1, 0, 0
53002, 512, 0, 0, 0
53002, 256, 1, 0, 0
54002, 256, 0, 0, 0
54002, 1024, 1, 0, 0
55003, 2048, 0, 0, 0
55003, 256, 1, 0, 0
56003, 1792, 0, 0, 0
56003, 768, 1, 0, 0
57003, 512, 0, 0, 0
57003, 512, 1, 0, 0
58003, 768, 1, 0, 0
59003, 512, 1, 0, 0
60003, 1537, 1, 0, 0
61003, 256, 0, 0, 0
61003, 2048, 1, 0, 0
62003, 1280, 1, 0, 0
63003, 1281, 1, 0, 0
64003, 1280, 1, 0, 0
65003, 256, 0, 0, 0
65003, 1024, 1, 0, 0
66003, 256, 0, 0, 0
66003, 1025, 1, 0, 0
67003, 256, 1, 0, 0
68003, 256, 0, 0, 0
68003, 1536, 1, 0, 0
69002, 256, 1, 0, 0
70003, 1280, 0, 0, 0
70003, 512, 1, 0, 0
71003, 512, 0, 0, 0
71003, 1024, 1, 0, 0
72002, 256, 1, 0, 0
73003, 1280, 0, 0, 0
73003, 1024, 1, 0, 0
74003, 256, 0, 0, 0
74003, 2048, 1, 0, 0
75003, 1025, 0, 0, 0
75003, 256, 1, 0, 0
76003, 1024, 0, 0, 0
76003, 3328, 1, 0, 0
77002, 1025, 0, 0, 0
77002, 1025, 1, 0, 0
78003, 256, 0, 0, 0
78003, 768, 1, 0, 0
79003, 768, 0, 0, 0
79003, 1024, 1, 0, 0
80002, 1025, 0, 0, 0
80002, 1025, 1, 0, 0
81003, 512, 0, 0, 0
81003, 1792, 1, 0, 0
82003, 512, 0, 0, 0
82003, 1280, 1, 0, 0
83003, 256, 0, 0, 0
83003, 512, 1, 0, 0
84003, 512, 0, 0, 0
84003, 1536, 1, 0, 0
85003, 256, 0, 0, 0
85003, 768, 1, 0, 0
86003, 512, 0, 0, 0
86003, 1537, 1, 0, 0
87003, 768, 0, 0, 0
87003, 2560, 1, 0, 0
88003, 256, 0, 0, 0
88003, 256, 1, 0, 0
89003, 512, 0, 0, 0
89003, 1793, 1, 0, 0
90003, 768, 0, 0, 0
90003, 1024, 1, 0, 0
91002, 512, 0, 0, 0
91002, 1281, 1, 0, 0
92003, 1280, 0, 0, 0
92003, 256, 1, 0, 0
93003, 1024, 0, 0, 0
93003, 512, 1, 0, 0
94002, 768, 0, 0, 0
94002, 1025, 1, 0, 0
95003, 1024, 0, 0, 0
95003, 768, 1, 0, 0
96003, 256, 0, 0, 0
97003, 512, 1, 0, 0
98003, 512, 0, 0, 0
98003, 2048, 1, 0, 0
100002, 512, 0, 0, 0
100002, 1025, 1, 0, 0
101003, 1024, 0, 0, 0
101003, 1280, 1, 0, 0
102003, 512, 0, 0, 0
103003, 768, 1, 0, 0
104003, 1024, 0, 0, 0
104003, 2304, 1, 0, 0
105003, 1024, 0, 0, 0
105003, 1280, 1, 0, 0
106003, 1025, 1, 0, 0
107003, 768, 0, 0, 0
107003, 1024, 1, 0, 0
108003, 1280, 0, 0, 0
108003, 768, 1, 0, 0
109002, 256, 1, 0, 0
110003, 1280, 1, 0, 0
111003, 256, 0, 0, 0
111003, 768, 1, 0, 0
112003, 512, 0, 0, 0
112003, 2050, 1, 0, 0
113003, 256, 1, 0, 0
114003, 1280, 0, 0, 0
114003, 768, 1, 0, 0
115003, 256, 0, 0, 0
115003, 256, 1, 0, 0
116003, 512, 0, 0, 0
116003, 1024, 1, 0, 0
117003, 768, 0, 0, 0
117003, 256, 1, 0, 0
118003, 256, 1, 0, 0
119003, 1024, 1, 0, 0
120003, 1024, 0, 0, 0
120003, 768, 1, 0, 0
121003, 768, 0, 0, 0
121003, 1025, 1, 0, 0
122003, 512, 0, 0, 0
122003, 1280, 1, 0, 0
123002, 256, 0, 0, 0
123002, 768, 1, 0, 0
124003, 768, 1, 0, 0
125003, 1024, 0, 0, 0
125003, 1536, 1, 0, 0
126002, 512, 0, 0, 0
127003, 512, 1, 0, 0
128003, 512, 0, 0, 0
128003, 3072, 1, 0, 0
129003, 768, 1, 0, 0
130003, 512, 0, 0, 0
130003, 512, 1, 0, 0
131003, 768, 0, 0, 0
131003, 1280, 1, 0, 0
132003, 768, 0, 0, 0
132003, 768, 1, 0, 0
133003, 256, 0, 0, 0
133003, 512, 1, 0, 0
134003, 768, 1, 0, 0
135003, 768, 0, 0, 0
135003, 1537, 1, 0, 0
136003, 768, 0, 0, 0
136003, 1792, 1, 0, 0
137003, 256, 0, 0, 0
138003, 1537, 0, 0, 0
138003, 2050, 1, 0, 0
139003, 256, 0, 0, 0
139003, 1536, 1, 0, 0
140003, 512, 0, 0, 0
141003, 256, 0, 0, 0
141003, 1537, 1, 0, 0
142003, 256, 0, 0, 0
142003, 768, 1, 0, 0
143003, 1792, 0, 0, 0
143003, 256, 1, 0, 0
144003, 512, 0, 0, 0
144003, 1281, 1, 0, 0
145003, 768, 0, 0, 0
145003, 256, 1, 0, 0
146003, 512, 0, 0, 0
147003, 256, 0, 0, 0
147003, 2050, 1, 0, 0
148003, 512, 0, 0, 0
148003, 1280, 1, 0, 0
149003, 256, 0, 0, 0
149003, 256, 1, 0, 0
150003, 768, 1, 0, 0
151003, 512, 1, 0, 0
152003, 768, 0, 0, 0
152003, 1792, 1, 0, 0
153003, 1025, 1, 0, 0
154003, 512, 0, 0, 0
154003, 512, 1, 0, 0
155002, 768, 0, 0, 0
155002, 1537, 1, 0, 0
156003, 512, 0, 0, 0
156003, 512, 1, 0, 0
157003, 256, 0, 0, 0
157003, 512, 1, 0, 0
158003, 768, 0, 0, 0
158003, 2050, 1, 0, 0
159003, 256, 0, 0, 0
159003, 512, 1, 0, 0
160003, 1024, 0, 0, 0
160003, 1280, 1, 0, 0
161003, 768, 0, 0, 0
161003, 512, 1, 0, 0
162003, 512, 0, 0, 0
162003, 2048, 1, 0, 0
164003, 1024, 0, 0, 0
164003, 1280, 1, 0, 0
165003, 768, 0, 0, 0
165003, 1024, 1, 0, 0
166002, 1537, 0, 0, 0
166002, 3587, 1, 0, 0
167003, 512, 0, 0, 0
168003, 768, 0, 0, 0
168003, 512, 1, 0, 0
169002, 256, 1, 0, 0
170003, 256, 1, 0, 0
171003, 256, 0, 0, 0
171003, 256, 1, 0, 0
172003, 2050, 0, 0, 0
172003, 768, 1, 0, 0
173003, 768, 0, 0, 0
173003, 1280, 1, 0, 0
174002, 1281, 0, 0, 0
174002, 2050, 1, 0, 0
175003, 512, 0, 0, 0
175003, 768, 1, 0, 0
176003, 256, 0, 0, 0
176003, 768, 1, 0, 0
177002, 256, 0, 0, 0
177002, 512, 1, 0, 0
178003, 256, 1, 0, 0
179003, 512, 0, 0, 0
179003, 1280, 1, 0, 0
180003, 1280, 0, 0, 0
180003, 2560, 1, 0, 0
