24001, 1280, 1, 0, 0
25002, 2560, 1, 0, 0
26001, 768, 1, 0, 0
27002, 768, 1, 0, 0
28001, 1281, 1, 0, 0
29001, 2818, 1, 0, 0
31001, 2048, 1, 0, 0
32001, 768, 1, 0, 0
33000, 1025, 0, 0, 0
33000, 1281, 1, 0, 0
34001, 1280, 0, 0, 0
34001, 2560, 1, 0, 0
35001, 768, 0, 0, 0
35001, 1536, 1, 0, 0
36002, 256, 0, 0, 0
36002, 1024, 1, 0, 0
37001, 768, 0, 0, 0
37001, 512, 1, 0, 0
38001, 1281, 0, 0, 0
38001, 768, 1, 0, 0
39001, 1280, 1, 0, 0
40001, 256, 0, 0, 0
40001, 512, 1, 0, 0
41001, 256, 0, 0, 0
41001, 1793, 1, 0, 0
42000, 1025, 0, 0, 0
42000, 1793, 1, 0, 0
43001, 256, 1, 0, 0
44001, 256, 1, 0, 0
45002, 256, 0, 0, 0
45002, 512, 1, 0, 0
46001, 256, 0, 0, 0
46001, 256, 1, 0, 0
47001, 256, 0, 0, 0
47001, 2048, 1, 0, 0
48002, 256, 1, 0, 0
49001, 512, 0, 0, 0
49001, 768, 1, 0, 0
50001, 1024, 0, 0, 0
50001, 1024, 1, 0, 0
51001, 256, 1, 0, 0
52000, 256, 0, 0, 0
52000, 512, 1, 0, 0
53001, 512, 0, 0, 0
53001, 768, 1, 0, 0
55001, 512, 1, 0, 0
56002, 1024, 0, 0, 0
56002, 1024, 1, 0, 0
57001, 768, 0, 0, 0
58001, 256, 0, 0, 0
58001, 512, 1, 0, 0
59002, 256, 0, 0, 0
60001, 1025, 0, 0, 0
60001, 1537, 1, 0, 0
61001, 512, 0, 0, 0
61001, 768, 1, 0, 0
62002, 256, 0, 0, 0
62002, 512, 1, 0, 0
63001, 512, 0, 0, 0
63001, 256, 1, 0, 0
64001, 256, 0, 0, 0
64001, 512, 1, 0, 0
65002, 1024, 0, 0, 0
65002, 1536, 1, 0, 0
66001, 512, 0, 0, 0
67001, 512, 0, 0, 0
67001, 1024, 1, 0, 0
68002, 256, 0, 0, 0
68002, 768, 1, 0, 0
69001, 768, 1, 0, 0
70001, 2048, 1, 0, 0
71002, 2048, 1, 0, 0
72001, 1025, 1, 0, 0
73001, 512, 1, 0, 0
74002, 256, 1, 0, 0
75001, 256, 0, 0, 0
75001, 1025, 1, 0, 0
77001, 512, 1, 0, 0
78001, 512, 0, 0, 0
78001, 2048, 1, 0, 0
79002, 768, 0, 0, 0
79002, 256, 1, 0, 0
80001, 512, 0, 0, 0
81001, 768, 0, 0, 0
81001, 1024, 1, 0, 0
82002, 256, 0, 0, 0
82002, 1280, 1, 0, 0
83001, 1025, 0, 0, 0
83001, 1281, 1, 0, 0
84001, 768, 0, 0, 0
84001, 512, 1, 0, 0
85002, 512, 0, 0, 0
85002, 1792, 1, 0, 0
86001, 1281, 0, 0, 0
86001, 1281, 1, 0, 0
87001, 768, 0, 0, 0
87001, 256, 1, 0, 0
88002, 1536, 0, 0, 0
88002, 3328, 1, 0, 0
89001, 768, 0, 0, 0
89001, 1025, 1, 0, 0
90002, 512, 0, 0, 0
90002, 256, 1, 0, 0
91001, 256, 0, 0, 0
91001, 768, 1, 0, 0
93002, 512, 0, 0, 0
93002, 1024, 1, 0, 0
94001, 768, 0, 0, 0
94001, 768, 1, 0, 0
95001, 512, 0, 0, 0
95001, 512, 1, 0, 0
96002, 256, 0, 0, 0
96002, 1280, 1, 0, 0
97001, 256, 0, 0, 0
97001, 1537, 1, 0, 0
98001, 768, 0, 0, 0
98001, 2304, 1, 0, 0
99002, 512, 0, 0, 0
99002, 512, 1, 0, 0
100001, 512, 0, 0, 0
100001, 768, 1, 0, 0
101001, 512, 0, 0, 0
101001, 1280, 1, 0, 0
102002, 1024, 0, 0, 0
102002, 768, 1, 0, 0
104001, 512, 0, 0, 0
105002, 512, 0, 0, 0
105002, 1280, 1, 0, 0
106001, 512, 0, 0, 0
106001, 1537, 1, 0, 0
107001, 768, 0, 0, 0
107001, 1280, 1, 0, 0
108002, 1536, 0, 0, 0
108002, 1024, 1, 0, 0
109001, 256, 0, 0, 0
109001, 768, 1, 0, 0
110001, 512, 0, 0, 0
110001, 1280, 1, 0, 0
111002, 1280, 0, 0, 0
111002, 512, 1, 0, 0
112001, 1025, 0, 0, 0
112001, 1537, 1, 0, 0
113001, 256, 0, 0, 0
113001, 256, 1, 0, 0
114002, 768, 0, 0, 0
116001, 768, 1, 0, 0
117002, 512, 1, 0, 0
118001, 512, 0, 0, 0
118001, 1537, 1, 0, 0
119001, 256, 1, 0, 0
120002, 512, 0, 0, 0
120002, 768, 1, 0, 0
121001, 1025, 0, 0, 0
121001, 768, 1, 0, 0
122002, 1024, 1, 0, 0
123001, 256, 0, 0, 0
123001, 1537, 1, 0, 0
124001, 1024, 0, 0, 0
124001, 2048, 1, 0, 0
125002, 768, 0, 0, 0
125002, 512, 1, 0, 0
126001, 768, 0, 0, 0
126001, 2306, 1, 0, 0
127001, 256, 0, 0, 0
129001, 768, 0, 0, 0
129001, 768, 1, 0, 0
130001, 512, 0, 0, 0
130001, 1536, 1, 0, 0
131002, 256, 0, 0, 0
131002, 1024, 1, 0, 0
132001, 512, 0, 0, 0
132001, 1537, 1, 0, 0
133001, 768, 0, 0, 0
133001, 1024, 1, 0, 0
134002, 1024, 0, 0, 0
134002, 1024, 1, 0, 0
135001, 512, 0, 0, 0
135001, 256, 1, 0, 0
136001, 512, 0, 0, 0
136001, 1536, 1, 0, 0
137002, 256, 1, 0, 0
138001, 768, 0, 0, 0
138001, 512, 1, 0, 0
139001, 768, 0, 0, 0
139001, 768, 1, 0, 0
140002, 768, 0, 0, 0
140002, 768, 1, 0, 0
141001, 768, 0, 0, 0
141001, 256, 1, 0, 0
142001, 1024, 1, 0, 0
143002, 512, 0, 0, 0
143002, 768, 1, 0, 0
144001, 768, 0, 0, 0
144001, 768, 1, 0, 0
145001, 1024, 0, 0, 0
145001, 2304, 1, 0, 0
146002, 1280, 0, 0, 0
146002, 2048, 1, 0, 0
147001, 2306, 1, 0, 0
148001, 768, 0, 0, 0
148001, 256, 1, 0, 0
149002, 1024, 0, 0, 0
149002, 1792, 1, 0, 0
150001, 512, 0, 0, 0
150001, 1537, 1, 0, 0
151001, 1792, 0, 0, 0
151001, 1536, 1, 0, 0
152002, 1536, 0, 0, 0
152002, 1024, 1, 0, 0
153001, 1025, 0, 0, 0
153001, 2818, 1, 0, 0
154002, 1536, 0, 0, 0
154002, 768, 1, 0, 0
155001, 512, 0, 0, 0
155001, 256, 1, 0, 0
156001, 1280, 0, 0, 0
156001, 512, 1, 0, 0
157002, 1280, 0, 0, 0
157002, 768, 1, 0, 0
158001, 512, 0, 0, 0
158001, 768, 1, 0, 0
159001, 1024, 1, 0, 0
160002, 1536, 0, 0, 0
160002, 1536, 1, 0, 0
161001, 256, 0, 0, 0
162001, 256, 0, 0, 0
162002, 512, 1, 0, 0
163001, 256, 1, 0, 0
164001, 512, 0, 0, 0
164001, 1280, 1, 0, 0
165002, 1792, 0, 0, 0
165002, 1280, 1, 0, 0
166001, 256, 0, 0, 0
166001, 512, 1, 0, 0
167001, 512, 0, 0, 0
167001, 2048, 1, 0, 0
169001, 1793, 0, 0, 0
169001, 768, 1, 0, 0
170001, 512, 0, 0, 0
170001, 2560, 1, 0, 0
171002, 768, 0, 0, 0
171002, 512, 1, 0, 0
172001, 256, 1, 0, 0
173001, 768, 0, 0, 0
173001, 768, 1, 0, 0
174001, 768, 0, 0, 0
174001, 1537, 1, 0, 0
175001, 768, 0, 0, 0
175001, 1536, 1, 0, 0
176001, 512, 0, 0, 0
176001, 256, 1, 0, 0
177001, 256, 0, 0, 0
178001, 1280, 0, 0, 0
178001, 1792, 1, 0, 0
179001, 768, 0, 0, 0
179001, 512, 1, 0, 0
180002, 768, 0, 0, 0
180002, 1280, 1, 0, 0
