22004, 2050, 1, 0, 0
23004, 1793, 1, 0, 0
24004, 1024, 1, 0, 0
25005, 1280, 1, 0, 0
26004, 4356, 1, 0, 0
27005, 1792, 1, 0, 0
28004, 512, 0, 0, 0
28004, 1281, 1, 0, 0
30004, 512, 0, 0, 0
30004, 1024, 1, 0, 0
31004, 768, 0, 0, 0
31004, 1280, 1, 0, 0
32004, 512, 0, 0, 0
32004, 768, 1, 0, 0
33003, 256, 0, 0, 0
33003, 256, 1, 0, 0
34004, 256, 0, 0, 0
34004, 1280, 1, 0, 0
35004, 256, 0, 0, 0
35004, 1280, 1, 0, 0
36005, 1280, 1, 0, 0
37004, 256, 0, 0, 0
37004, 1025, 1, 0, 0
38004, 256, 0, 0, 0
38004, 1537, 1, 0, 0
39004, 512, 0, 0, 0
39004, 1792, 1, 0, 0
40004, 512, 1, 0, 0
41004, 768, 0, 0, 0
41004, 256, 1, 0, 0
42003, 512, 0, 0, 0
42003, 2306, 1, 0, 0
43004, 768, 0, 0, 0
43004, 512, 1, 0, 0
44004, 512, 0, 0, 0
44004, 512, 1, 0, 0
45005, 512, 0, 0, 0
45005, 512, 1, 0, 0
46004, 512, 0, 0, 0
46004, 1537, 1, 0, 0
47004, 768, 0, 0, 0
48005, 2048, 0, 0, 0
48005, 2048, 1, 0, 0
49004, 256, 0, 0, 0
50005, 256, 0, 0, 0
50005, 256, 1, 0, 0
51004, 512, 1, 0, 0
52003, 2818, 1, 0, 0
53004, 256, 1, 0, 0
54004, 512, 1, 0, 0
55004, 1024, 1, 0, 0
56005, 2304, 1, 0, 0
57004, 1537, 1, 0, 0
58004, 768, 1, 0, 0
59005, 1536, 0, 0, 0
59005, 512, 1, 0, 0
60004, 512, 0, 0, 0
60004, 768, 1, 0, 0
61004, 1536, 0, 0, 0
61004, 1792, 1, 0, 0
62005, 1024, 0, 0, 0
62005, 1024, 1, 0, 0
63004, 768, 0, 0, 0
63004, 1025, 1, 0, 0
65005, 512, 0, 0, 0
65005, 1024, 1, 0, 0
66004, 256, 0, 0, 0
66004, 2050, 1, 0, 0
67004, 512, 1, 0, 0
68005, 256, 0, 0, 0
68005, 1024, 1, 0, 0
69004, 512, 0, 0, 0
69004, 1793, 1, 0, 0
70004, 1024, 1, 0, 0
71005, 512, 0, 0, 0
71005, 2048, 1, 0, 0
72004, 1025, 0, 0, 0
72004, 3331, 1, 0, 0
73004, 1024, 0, 0, 0
73004, 512, 1, 0, 0
74005, 256, 0, 0, 0
74005, 512, 1, 0, 0
75004, 256, 0, 0, 0
75004, 768, 1, 0, 0
76004, 1024, 0, 0, 0
76004, 1280, 1, 0, 0
77004, 512, 1, 0, 0
78004, 512, 0, 0, 0
78004, 2048, 1, 0, 0
79005, 512, 0, 0, 0
79005, 2048, 1, 0, 0
80004, 512, 0, 0, 0
80004, 1537, 1, 0, 0
81004, 512, 0, 0, 0
81004, 256, 1, 0, 0
82005, 1280, 0, 0, 0
82005, 1792, 1, 0, 0
83004, 768, 0, 0, 0
83004, 1025, 1, 0, 0
84004, 256, 0, 0, 0
84004, 512, 1, 0, 0
85005, 1280, 0, 0, 0
85005, 768, 1, 0, 0
86004, 256, 0, 0, 0
86004, 2562, 1, 0, 0
87004, 1536, 1, 0, 0
88005, 512, 0, 0, 0
88005, 1280, 1, 0, 0
89004, 256, 0, 0, 0
89004, 512, 1, 0, 0
90005, 512, 0, 0, 0
90005, 1536, 1, 0, 0
91004, 1281, 0, 0, 0
91004, 1025, 1, 0, 0
92004, 256, 0, 0, 0
92004, 256, 1, 0, 0
93005, 512, 0, 0, 0
93005, 1536, 1, 0, 0
94004, 1025, 0, 0, 0
94004, 1793, 1, 0, 0
95004, 256, 1, 0, 0
96005, 512, 0, 0, 0
96005, 1536, 1, 0, 0
97004, 1537, 0, 0, 0
97004, 1537, 1, 0, 0
98004, 1536, 0, 0, 0
98004, 2048, 1, 0, 0
99005, 512, 0, 0, 0
99005, 1536, 1, 0, 0
100004, 512, 0, 0, 0
100004, 1793, 1, 0, 0
101004, 256, 0, 0, 0
101004, 1024, 1, 0, 0
102005, 768, 0, 0, 0
102005, 512, 1, 0, 0
103004, 512, 0, 0, 0
103004, 1025, 1, 0, 0
104004, 512, 0, 0, 0
104004, 1792, 1, 0, 0
105005, 256, 0, 0, 0
105005, 1024, 1, 0, 0
106004, 256, 0, 0, 0
106004, 768, 1, 0, 0
107004, 1280, 0, 0, 0
107004, 1280, 1, 0, 0
108005, 1024, 0, 0, 0
108005, 2304, 1, 0, 0
109004, 768, 0, 0, 0
110004, 768, 0, 0, 0
110004, 2560, 1, 0, 0
111005, 1024, 0, 0, 0
111005, 1536, 1, 0, 0
112004, 512, 0, 0, 0
112004, 256, 1, 0, 0
113004, 768, 0, 0, 0
113004, 2048, 1, 0, 0
114005, 768, 0, 0, 0
114005, 768, 1, 0, 0
115004, 768, 0, 0, 0
115004, 512, 1, 0, 0
116004, 512, 0, 0, 0
116004, 1280, 1, 0, 0
117005, 256, 0, 0, 0
117005, 1024, 1, 0, 0
118004, 512, 0, 0, 0
118004, 1025, 1, 0, 0
119004, 512, 1, 0, 0
120005, 1280, 1, 0, 0
121004, 256, 0, 0, 0
121004, 1025, 1, 0, 0
122005, 256, 0, 0, 0
122005, 512, 1, 0, 0
123004, 1025, 0, 0, 0
123004, 1537, 1, 0, 0
124004, 2048, 0, 0, 0
124004, 2304, 1, 0, 0
125005, 512, 0, 0, 0
125005, 1280, 1, 0, 0
126004, 1025, 0, 0, 0
126004, 2562, 1, 0, 0
127004, 768, 1, 0, 0
128005, 768, 0, 0, 0
128005, 1792, 1, 0, 0
129004, 1281, 0, 0, 0
129004, 768, 1, 0, 0
131005, 256, 0, 0, 0
131005, 768, 1, 0, 0
132004, 2306, 0, 0, 0
132004, 2306, 1, 0, 0
133004, 512, 0, 0, 0
133004, 1280, 1, 0, 0
134005, 1280, 1, 0, 0
135004, 768, 0, 0, 0
135004, 1793, 1, 0, 0
136004, 256, 0, 0, 0
136004, 1792, 1, 0, 0
137005, 512, 0, 0, 0
137005, 1536, 1, 0, 0
138004, 256, 0, 0, 0
139004, 768, 0, 0, 0
140005, 256, 0, 0, 0
140005, 1024, 1, 0, 0
142004, 1024, 0, 0, 0
142004, 1280, 1, 0, 0
143005, 768, 0, 0, 0
143005, 1280, 1, 0, 0
144004, 256, 0, 0, 0
144004, 256, 1, 0, 0
145004, 256, 0, 0, 0
145004, 768, 1, 0, 0
146005, 256, 0, 0, 0
146005, 256, 1, 0, 0
147004, 1025, 0, 0, 0
147004, 1281, 1, 0, 0
148004, 512, 0, 0, 0
148004, 512, 1, 0, 0
149005, 1280, 1, 0, 0
150004, 512, 0, 0, 0
150004, 2562, 1, 0, 0
151004, 512, 0, 0, 0
151004, 512, 1, 0, 0
152005, 1280, 0, 0, 0
152005, 512, 1, 0, 0
153004, 1025, 0, 0, 0
154005, 512, 0, 0, 0
154005, 3328, 1, 0, 0
155004, 512, 0, 0, 0
155004, 256, 1, 0, 0
156004, 256, 0, 0, 0
156004, 1024, 1, 0, 0
157005, 1024, 0, 0, 0
157005, 512, 1, 0, 0
158004, 256, 0, 0, 0
158004, 1025, 1, 0, 0
159004, 512, 0, 0, 0
159004, 1024, 1, 0, 0
160005, 256, 0, 0, 0
161004, 256, 0, 0, 0
161004, 768, 1, 0, 0
162005, 256, 1, 0, 0
163004, 1537, 1, 0, 0
164004, 1536, 0, 0, 0
164004, 2304, 1, 0, 0
165005, 512, 0, 0, 0
165005, 256, 1, 0, 0
166004, 768, 0, 0, 0
166004, 768, 1, 0, 0
167004, 256, 0, 0, 0
167004, 2560, 1, 0, 0
168005, 1792, 0, 0, 0
168005, 2304, 1, 0, 0
169004, 768, 0, 0, 0
169004, 512, 1, 0, 0
170004, 768, 0, 0, 0
170004, 1536, 1, 0, 0
171005, 1024, 0, 0, 0
171005, 1792, 1, 0, 0
172004, 1025, 0, 0, 0
172004, 1025, 1, 0, 0
174004, 1281, 0, 0, 0
174004, 2050, 1, 0, 0
175004, 512, 1, 0, 0
176004, 768, 0, 0, 0
176004, 2560, 1, 0, 0
177004, 768, 0, 0, 0
177004, 1281, 1, 0, 0
178004, 1024, 0, 0, 0
178004, 1536, 1, 0, 0
179004, 1280, 0, 0, 0
179004, 1280, 1, 0, 0
180005, 768, 0, 0, 0
180005, 2048, 1, 0, 0
