20007, 2306, 1, 0, 0
21007, 2816, 1, 0, 0
22007, 2050, 1, 0, 0
23007, 1536, 1, 0, 0
24008, 4096, 1, 0, 0
25008, 2048, 1, 0, 0
26009, 768, 0, 0, 0
26009, 2048, 1, 0, 0
27009, 1280, 0, 0, 0
27009, 2048, 1, 0, 0
28009, 1024, 0, 0, 0
28009, 1280, 1, 0, 0
29010, 256, 0, 0, 0
29010, 1280, 1, 0, 0
30010, 1280, 0, 0, 0
30010, 2048, 1, 0, 0
31011, 512, 0, 0, 0
31011, 1280, 1, 0, 0
32011, 512, 0, 0, 0
32011, 1024, 1, 0, 0
33012, 2304, 1, 0, 0
34012, 1280, 0, 0, 0
34012, 1792, 1, 0, 0
35013, 1024, 0, 0, 0
35013, 1024, 1, 0, 0
36013, 768, 0, 0, 0
36013, 2304, 1, 0, 0
37014, 512, 0, 0, 0
37014, 512, 1, 0, 0
38014, 1024, 0, 0, 0
38014, 1536, 1, 0, 0
39014, 1280, 0, 0, 0
39014, 256, 1, 0, 0
40015, 1280, 0, 0, 0
40015, 512, 1, 0, 0
41015, 768, 0, 0, 0
41015, 768, 1, 0, 0
42016, 768, 0, 0, 0
42016, 512, 1, 0, 0
44017, 1024, 0, 0, 0
44017, 768, 1, 0, 0
45017, 512, 0, 0, 0
45017, 768, 1, 0, 0
46017, 256, 0, 0, 0
46017, 768, 1, 0, 0
47018, 256, 1, 0, 0
48018, 1280, 0, 0, 0
48018, 1024, 1, 0, 0
49019, 256, 1, 0, 0
50019, 512, 0, 0, 0
50019, 1280, 1, 0, 0
51019, 256, 0, 0, 0
51019, 256, 1, 0, 0
52020, 256, 0, 0, 0
52020, 1024, 1, 0, 0
53020, 512, 1, 0, 0
54020, 256, 0, 0, 0
54020, 768, 1, 0, 0
55021, 512, 0, 0, 0
55021, 512, 1, 0, 0
56021, 2048, 1, 0, 0
57021, 1025, 1, 0, 0
58021, 256, 0, 0, 0
58021, 1792, 1, 0, 0
59021, 1024, 1, 0, 0
60021, 256, 1, 0, 0
61021, 256, 1, 0, 0
62021, 512, 0, 0, 0
62021, 512, 1, 0, 0
63020, 2050, 1, 0, 0
64021, 256, 0, 0, 0
64021, 1280, 1, 0, 0
65021, 256, 0, 0, 0
65021, 512, 1, 0, 0
66020, 512, 0, 0, 0
66020, 768, 1, 0, 0
67021, 256, 0, 0, 0
67021, 512, 1, 0, 0
68021, 768, 0, 0, 0
68021, 3584, 1, 0, 0
69020, 1025, 0, 0, 0
69020, 1025, 1, 0, 0
70021, 2048, 1, 0, 0
73021, 768, 0, 0, 0
73021, 1280, 1, 0, 0
74021, 512, 0, 0, 0
74021, 1024, 1, 0, 0
75021, 1537, 1, 0, 0
76021, 512, 0, 0, 0
76021, 512, 1, 0, 0
77020, 512, 0, 0, 0
77020, 1793, 1, 0, 0
78021, 512, 0, 0, 0
78021, 1280, 1, 0, 0
79021, 768, 0, 0, 0
79021, 1536, 1, 0, 0
80020, 1793, 1, 0, 0
81021, 768, 0, 0, 0
81021, 1024, 1, 0, 0
82021, 768, 0, 0, 0
82021, 1536, 1, 0, 0
83020, 768, 0, 0, 0
83020, 768, 1, 0, 0
84021, 768, 1, 0, 0
85021, 512, 0, 0, 0
85021, 1024, 1, 0, 0
86021, 512, 0, 0, 0
86021, 1793, 1, 0, 0
87021, 256, 0, 0, 0
87021, 256, 1, 0, 0
88021, 1024, 0, 0, 0
88021, 1536, 1, 0, 0
89021, 1025, 0, 0, 0
89021, 2306, 1, 0, 0
90021, 256, 0, 0, 0
90021, 256, 1, 0, 0
91020, 768, 0, 0, 0
91020, 256, 1, 0, 0
92021, 2304, 1, 0, 0
93021, 256, 0, 0, 0
93021, 512, 1, 0, 0
94020, 768, 1, 0, 0
95021, 512, 0, 0, 0
95021, 1024, 1, 0, 0
96021, 256, 0, 0, 0
96021, 1024, 1, 0, 0
97020, 512, 0, 0, 0
97020, 256, 1, 0, 0
98021, 256, 0, 0, 0
98021, 768, 1, 0, 0
99021, 512, 0, 0, 0
99021, 1536, 1, 0, 0
100020, 1025, 0, 0, 0
100020, 768, 1, 0, 0
101021, 1024, 0, 0, 0
101021, 1536, 1, 0, 0
102021, 256, 0, 0, 0
102021, 512, 1, 0, 0
103020, 1281, 0, 0, 0
103020, 256, 1, 0, 0
104021, 256, 0, 0, 0
104021, 512, 1, 0, 0
105021, 1280, 1, 0, 0
106020, 256, 0, 0, 0
107021, 256, 1, 0, 0
108021, 512, 1, 0, 0
109020, 512, 0, 0, 0
109020, 512, 1, 0, 0
110021, 512, 0, 0, 0
110021, 2816, 1, 0, 0
111021, 1024, 0, 0, 0
111021, 512, 1, 0, 0
112020, 512, 0, 0, 0
113021, 1024, 0, 0, 0
113021, 1536, 1, 0, 0
114021, 1280, 1, 0, 0
115020, 256, 1, 0, 0
116021, 1024, 0, 0, 0
116021, 1280, 1, 0, 0
117021, 768, 0, 0, 0
117021, 1536, 1, 0, 0
118020, 1025, 0, 0, 0
118020, 768, 1, 0, 0
119021, 256, 0, 0, 0
119021, 1024, 1, 0, 0
120021, 1280, 0, 0, 0
120021, 256, 1, 0, 0
121021, 256, 0, 0, 0
121021, 2050, 1, 0, 0
122021, 1280, 0, 0, 0
122021, 1024, 1, 0, 0
123020, 512, 0, 0, 0
123020, 2306, 1, 0, 0
124021, 256, 0, 0, 0
124021, 768, 1, 0, 0
125021, 1024, 0, 0, 0
125021, 1536, 1, 0, 0
127021, 768, 0, 0, 0
127021, 1280, 1, 0, 0
128021, 1024, 0, 0, 0
128021, 1280, 1, 0, 0
129021, 512, 0, 0, 0
129021, 256, 1, 0, 0
130021, 256, 0, 0, 0
130021, 512, 1, 0, 0
131021, 512, 0, 0, 0
131021, 1024, 1, 0, 0
132021, 2306, 1, 0, 0
133021, 768, 0, 0, 0
133021, 1024, 1, 0, 0
134021, 512, 0, 0, 0
134021, 1536, 1, 0, 0
135021, 768, 0, 0, 0
135021, 512, 1, 0, 0
136021, 512, 0, 0, 0
136021, 1024, 1, 0, 0
137021, 512, 1, 0, 0
138020, 256, 0, 0, 0
138020, 256, 1, 0, 0
139021, 512, 0, 0, 0
140021, 256, 0, 0, 0
140021, 1024, 1, 0, 0
141020, 256, 0, 0, 0
142021, 1024, 0, 0, 0
142021, 1024, 1, 0, 0
143021, 1024, 0, 0, 0
143021, 512, 1, 0, 0
144021, 768, 0, 0, 0
144021, 1537, 1, 0, 0
145021, 256, 0, 0, 0
145021, 1792, 1, 0, 0
146021, 768, 0, 0, 0
146021, 1280, 1, 0, 0
147021, 1281, 0, 0, 0
147021, 1537, 1, 0, 0
148021, 256, 1, 0, 0
149021, 512, 0, 0, 0
149021, 1280, 1, 0, 0
150021, 512, 0, 0, 0
150021, 768, 1, 0, 0
151021, 256, 0, 0, 0
151021, 2048, 1, 0, 0
152021, 1024, 0, 0, 0
152021, 1792, 1, 0, 0
153021, 1281, 0, 0, 0
153021, 256, 1, 0, 0
154021, 1024, 1, 0, 0
155020, 512, 0, 0, 0
155020, 256, 1, 0, 0
156021, 1536, 0, 0, 0
156021, 1536, 1, 0, 0
157021, 512, 0, 0, 0
157021, 1280, 1, 0, 0
158020, 512, 0, 0, 0
158020, 1281, 1, 0, 0
159021, 512, 1, 0, 0
160021, 256, 0, 0, 0
160021, 512, 1, 0, 0
161021, 512, 0, 0, 0
161021, 1025, 1, 0, 0
162021, 512, 0, 0, 0
163020, 512, 0, 0, 0
163020, 1537, 1, 0, 0
164021, 256, 0, 0, 0
164021, 1024, 1, 0, 0
165021, 1280, 0, 0, 0
165021, 2304, 1, 0, 0
166020, 512, 0, 0, 0
166020, 1281, 1, 0, 0
168021, 1024, 0, 0, 0
168021, 1024, 1, 0, 0
169020, 1025, 0, 0, 0
169020, 1793, 1, 0, 0
170021, 256, 0, 0, 0
170021, 1024, 1, 0, 0
171021, 512, 0, 0, 0
171021, 768, 1, 0, 0
172020, 1025, 0, 0, 0
172020, 1281, 1, 0, 0
173021, 768, 1, 0, 0
174020, 512, 0, 0, 0
174020, 1281, 1, 0, 0
175021, 1024, 0, 0, 0
175021, 1792, 1, 0, 0
176021, 1792, 0, 0, 0
176021, 1792, 1, 0, 0
177020, 768, 0, 0, 0
177020, 256, 1, 0, 0
178021, 768, 0, 0, 0
178021, 1536, 1, 0, 0
179021, 512, 0, 0, 0
179021, 256, 1, 0, 0
