23010, 768, 1, 0, 0
24011, 1280, 1, 0, 0
25011, 2304, 1, 0, 0
26011, 1024, 1, 0, 0
27012, 256, 1, 0, 0
28012, 1536, 1, 0, 0
29013, 3840, 1, 0, 0
30013, 3072, 1, 0, 0
31014, 768, 1, 0, 0
32014, 1280, 0, 0, 0
32014, 512, 1, 0, 0
33015, 512, 1, 0, 0
34015, 768, 0, 0, 0
34015, 1280, 1, 0, 0
35016, 256, 0, 0, 0
35016, 256, 1, 0, 0
36016, 768, 1, 0, 0
37016, 768, 0, 0, 0
37016, 768, 1, 0, 0
38017, 256, 0, 0, 0
38017, 256, 1, 0, 0
39017, 256, 0, 0, 0
39017, 256, 1, 0, 0
40018, 256, 0, 0, 0
40018, 1024, 1, 0, 0
41018, 256, 0, 0, 0
41018, 1536, 1, 0, 0
42019, 1280, 1, 0, 0
43019, 768, 0, 0, 0
43019, 1024, 1, 0, 0
44020, 256, 1, 0, 0
45020, 768, 1, 0, 0
46019, 512, 0, 0, 0
46019, 512, 1, 0, 0
47020, 512, 1, 0, 0
48020, 512, 0, 0, 0
48020, 256, 1, 0, 0
49019, 256, 0, 0, 0
52018, 512, 0, 0, 0
52018, 768, 1, 0, 0
53019, 256, 0, 0, 0
53019, 256, 1, 0, 0
54019, 512, 0, 0, 0
54019, 1536, 1, 0, 0
55020, 1024, 1, 0, 0
56020, 256, 0, 0, 0
57019, 512, 0, 0, 0
57019, 1793, 1, 0, 0
58020, 512, 0, 0, 0
58020, 1024, 1, 0, 0
59020, 1280, 0, 0, 0
59020, 256, 1, 0, 0
60019, 1025, 0, 0, 0
60019, 1025, 1, 0, 0
61020, 768, 0, 0, 0
61020, 1280, 1, 0, 0
62020, 256, 1, 0, 0
63019, 256, 0, 0, 0
63019, 768, 1, 0, 0
64020, 256, 0, 0, 0
64020, 1024, 1, 0, 0
66019, 768, 1, 0, 0
67020, 768, 1, 0, 0
68020, 2560, 1, 0, 0
70020, 1024, 1, 0, 0
72019, 512, 0, 0, 0
72019, 512, 1, 0, 0
73020, 512, 1, 0, 0
74020, 1280, 1, 0, 0
75019, 256, 1, 0, 0
76020, 1024, 1, 0, 0
77019, 256, 0, 0, 0
78020, 256, 1, 0, 0
79020, 1024, 0, 0, 0
79020, 1536, 1, 0, 0
80019, 512, 0, 0, 0
80019, 512, 1, 0, 0
81020, 256, 0, 0, 0
81020, 768, 1, 0, 0
82020, 1280, 0, 0, 0
82020, 1024, 1, 0, 0
83019, 512, 0, 0, 0
83019, 1793, 1, 0, 0
84020, 512, 1, 0, 0
85020, 256, 0, 0, 0
86019, 512, 0, 0, 0
86019, 1025, 1, 0, 0
87020, 256, 0, 0, 0
87020, 512, 1, 0, 0
88020, 256, 0, 0, 0
88020, 512, 1, 0, 0
89019, 256, 0, 0, 0
89019, 1281, 1, 0, 0
90020, 256, 0, 0, 0
90020, 1536, 1, 0, 0
91019, 1025, 0, 0, 0
91019, 2050, 1, 0, 0
92020, 256, 0, 0, 0
92020, 2048, 1, 0, 0
93020, 256, 0, 0, 0
93020, 1024, 1, 0, 0
94019, 512, 1, 0, 0
95020, 1280, 0, 0, 0
95020, 768, 1, 0, 0
96020, 256, 0, 0, 0
96020, 1280, 1, 0, 0
97019, 256, 0, 0, 0
97019, 1025, 1, 0, 0
98020, 256, 1, 0, 0
99020, 1792, 0, 0, 0
99020, 2304, 1, 0, 0
100019, 256, 0, 0, 0
100019, 512, 1, 0, 0
101020, 1024, 0, 0, 0
101020, 1792, 1, 0, 0
102020, 256, 0, 0, 0
102020, 512, 1, 0, 0
103019, 768, 0, 0, 0
103019, 1537, 1, 0, 0
104020, 256, 0, 0, 0
104020, 512, 1, 0, 0
105020, 512, 0, 0, 0
105020, 512, 1, 0, 0
106019, 1281, 0, 0, 0
106019, 256, 1, 0, 0
107020, 256, 0, 0, 0
107020, 1792, 1, 0, 0
108020, 512, 0, 0, 0
108020, 1280, 1, 0, 0
109019, 256, 0, 0, 0
109019, 1281, 1, 0, 0
110020, 256, 0, 0, 0
110020, 768, 1, 0, 0
111020, 256, 0, 0, 0
111020, 512, 1, 0, 0
112019, 1025, 1, 0, 0
113020, 1280, 0, 0, 0
113020, 1024, 1, 0, 0
114020, 1024, 0, 0, 0
114020, 256, 1, 0, 0
115019, 512, 1, 0, 0
116020, 768, 0, 0, 0
116020, 512, 1, 0, 0
117020, 768, 0, 0, 0
117020, 1280, 1, 0, 0
118019, 512, 0, 0, 0
118019, 1025, 1, 0, 0
119020, 768, 0, 0, 0
119020, 1536, 1, 0, 0
120020, 256, 0, 0, 0
120020, 512, 1, 0, 0
121019, 768, 0, 0, 0
121019, 1537, 1, 0, 0
122020, 512, 0, 0, 0
122020, 1536, 1, 0, 0
123019, 768, 0, 0, 0
123019, 768, 1, 0, 0
124020, 512, 0, 0, 0
124020, 2048, 1, 0, 0
125020, 1792, 1, 0, 0
127020, 256, 0, 0, 0
127020, 768, 1, 0, 0
128020, 512, 0, 0, 0
128020, 256, 1, 0, 0
129019, 256, 0, 0, 0
129019, 512, 1, 0, 0
130020, 512, 0, 0, 0
130020, 1024, 1, 0, 0
131020, 256, 0, 0, 0
131020, 1024, 1, 0, 0
132019, 512, 1, 0, 0
133020, 512, 0, 0, 0
133020, 1280, 1, 0, 0
134020, 512, 1, 0, 0
135019, 256, 0, 0, 0
135019, 2050, 1, 0, 0
136020, 512, 0, 0, 0
136020, 512, 1, 0, 0
137020, 256, 0, 0, 0
137020, 512, 1, 0, 0
138019, 256, 0, 0, 0
139020, 256, 1, 0, 0
141019, 1025, 1, 0, 0
142020, 512, 0, 0, 0
142020, 768, 1, 0, 0
143020, 512, 0, 0, 0
143020, 1280, 1, 0, 0
144020, 512, 0, 0, 0
144020, 1537, 1, 0, 0
145020, 768, 0, 0, 0
145020, 512, 1, 0, 0
146020, 256, 1, 0, 0
148020, 1024, 0, 0, 0
148020, 1536, 1, 0, 0
149020, 256, 0, 0, 0
149020, 2816, 1, 0, 0
150019, 256, 0, 0, 0
150019, 1025, 1, 0, 0
151020, 512, 0, 0, 0
151020, 256, 1, 0, 0
152020, 1280, 0, 0, 0
152020, 512, 1, 0, 0
153020, 768, 1, 0, 0
154020, 1280, 0, 0, 0
154020, 1280, 1, 0, 0
155019, 256, 0, 0, 0
155019, 1025, 1, 0, 0
156020, 256, 0, 0, 0
157020, 1024, 0, 0, 0
157020, 1280, 1, 0, 0
158019, 1537, 0, 0, 0
158019, 1281, 1, 0, 0
159020, 768, 0, 0, 0
159020, 3584, 1, 0, 0
160020, 1024, 0, 0, 0
160020, 1024, 1, 0, 0
161020, 256, 0, 0, 0
161020, 768, 1, 0, 0
162020, 256, 0, 0, 0
162020, 512, 1, 0, 0
163019, 512, 0, 0, 0
163019, 1025, 1, 0, 0
164020, 1024, 0, 0, 0
164020, 512, 1, 0, 0
165020, 1280, 1, 0, 0
166019, 256, 0, 0, 0
166019, 1537, 1, 0, 0
167020, 1280, 0, 0, 0
167020, 2560, 1, 0, 0
168020, 1280, 0, 0, 0
168020, 1536, 1, 0, 0
169019, 1537, 0, 0, 0
169019, 3075, 1, 0, 0
170020, 1024, 0, 0, 0
170020, 512, 1, 0, 0
171020, 512, 0, 0, 0
171020, 1024, 1, 0, 0
172019, 256, 1, 0, 0
173020, 768, 1, 0, 0
174019, 768, 0, 0, 0
174019, 1025, 1, 0, 0
175019, 1280, 1, 0, 0
176020, 1024, 1, 0, 0
177019, 2050, 0, 0, 0
177019, 1537, 1, 0, 0
179020, 1024, 0, 0, 0
179020, 768, 1, 0, 0
180020, 512, 0, 0, 0
180020, 512, 1, 0, 0
