24007, 2048, 1, 0, 0
26008, 2048, 1, 0, 0
27008, 768, 1, 0, 0
28009, 768, 1, 0, 0
29009, 1536, 1, 0, 0
30010, 3072, 1, 0, 0
31010, 2304, 1, 0, 0
32011, 256, 0, 0, 0
32011, 1536, 1, 0, 0
33011, 256, 0, 0, 0
33011, 1536, 1, 0, 0
34011, 768, 0, 0, 0
34011, 768, 1, 0, 0
35012, 256, 0, 0, 0
35012, 1536, 1, 0, 0
36012, 768, 0, 0, 0
36012, 768, 1, 0, 0
37013, 1024, 0, 0, 0
37013, 1024, 1, 0, 0
38013, 512, 0, 0, 0
38013, 512, 1, 0, 0
39014, 1536, 1, 0, 0
40014, 512, 0, 0, 0
40014, 1536, 1, 0, 0
41014, 512, 0, 0, 0
41014, 2048, 1, 0, 0
42015, 1536, 1, 0, 0
43015, 256, 1, 0, 0
44016, 512, 0, 0, 0
44016, 1792, 1, 0, 0
45016, 1280, 1, 0, 0
46016, 768, 0, 0, 0
46016, 256, 1, 0, 0
47017, 512, 1, 0, 0
48017, 256, 1, 0, 0
50018, 768, 1, 0, 0
51018, 512, 0, 0, 0
51018, 768, 1, 0, 0
52019, 512, 0, 0, 0
52019, 768, 1, 0, 0
53019, 512, 0, 0, 0
53019, 1024, 1, 0, 0
54019, 1280, 0, 0, 0
54019, 768, 1, 0, 0
55020, 1024, 0, 0, 0
55020, 512, 1, 0, 0
56020, 256, 0, 0, 0
58020, 1280, 0, 0, 0
58020, 768, 1, 0, 0
59020, 256, 0, 0, 0
59020, 512, 1, 0, 0
60020, 256, 1, 0, 0
61020, 256, 0, 0, 0
62020, 256, 0, 0, 0
62020, 1792, 1, 0, 0
63020, 512, 1, 0, 0
64020, 1792, 1, 0, 0
65020, 768, 1, 0, 0
66020, 256, 0, 0, 0
66020, 1025, 1, 0, 0
67020, 512, 1, 0, 0
68020, 256, 1, 0, 0
69020, 1025, 1, 0, 0
70020, 512, 1, 0, 0
72020, 1281, 1, 0, 0
73020, 1536, 1, 0, 0
74020, 768, 0, 0, 0
74020, 1024, 1, 0, 0
75020, 512, 0, 0, 0
75020, 1025, 1, 0, 0
76020, 512, 1, 0, 0
77020, 256, 0, 0, 0
77020, 768, 1, 0, 0
78020, 256, 0, 0, 0
78020, 1536, 1, 0, 0
79020, 2048, 0, 0, 0
79020, 256, 1, 0, 0
80020, 1025, 0, 0, 0
80020, 768, 1, 0, 0
81020, 256, 0, 0, 0
81020, 768, 1, 0, 0
82020, 512, 1, 0, 0
83020, 768, 0, 0, 0
83020, 512, 1, 0, 0
84020, 256, 0, 0, 0
84020, 1536, 1, 0, 0
85020, 256, 0, 0, 0
85020, 1280, 1, 0, 0
86020, 1281, 1, 0, 0
87020, 1280, 1, 0, 0
88020, 512, 1, 0, 0
89020, 512, 0, 0, 0
89020, 1025, 1, 0, 0
90020, 256, 0, 0, 0
90020, 1792, 1, 0, 0
91020, 512, 0, 0, 0
91020, 1025, 1, 0, 0
92020, 512, 0, 0, 0
92020, 1024, 1, 0, 0
93020, 256, 0, 0, 0
93020, 1024, 1, 0, 0
94020, 512, 0, 0, 0
94020, 1281, 1, 0, 0
95020, 256, 0, 0, 0
97020, 256, 0, 0, 0
97020, 768, 1, 0, 0
98020, 512, 0, 0, 0
99020, 256, 0, 0, 0
99020, 768, 1, 0, 0
100020, 1025, 1, 0, 0
101020, 512, 0, 0, 0
102020, 768, 1, 0, 0
103020, 256, 1, 0, 0
104020, 256, 0, 0, 0
104020, 256, 1, 0, 0
105020, 512, 0, 0, 0
105020, 2048, 1, 0, 0
106020, 1025, 0, 0, 0
106020, 1025, 1, 0, 0
107020, 512, 0, 0, 0
107020, 256, 1, 0, 0
108020, 768, 0, 0, 0
108020, 1024, 1, 0, 0
109020, 768, 0, 0, 0
109020, 768, 1, 0, 0
110020, 768, 0, 0, 0
110020, 1024, 1, 0, 0
111020, 1536, 0, 0, 0
111020, 512, 1, 0, 0
112020, 1537, 0, 0, 0
112020, 1537, 1, 0, 0
113020, 256, 0, 0, 0
113020, 1280, 1, 0, 0
114020, 512, 1, 0, 0
115020, 1281, 1, 0, 0
116020, 512, 0, 0, 0
116020, 768, 1, 0, 0
117020, 1024, 0, 0, 0
117020, 1280, 1, 0, 0
118020, 256, 0, 0, 0
118020, 512, 1, 0, 0
119020, 256, 0, 0, 0
119020, 1024, 1, 0, 0
120020, 256, 0, 0, 0
120020, 256, 1, 0, 0
121020, 512, 0, 0, 0
121020, 768, 1, 0, 0
122020, 1024, 0, 0, 0
122020, 768, 1, 0, 0
123020, 512, 0, 0, 0
123020, 768, 1, 0, 0
124020, 1024, 1, 0, 0
125020, 512, 0, 0, 0
125020, 512, 1, 0, 0
126020, 1025, 0, 0, 0
126020, 1537, 1, 0, 0
127020, 512, 0, 0, 0
127020, 256, 1, 0, 0
128020, 256, 0, 0, 0
128020, 256, 1, 0, 0
129020, 512, 1, 0, 0
130020, 512, 1, 0, 0
131020, 512, 0, 0, 0
131020, 1024, 1, 0, 0
132020, 512, 0, 0, 0
132020, 1025, 1, 0, 0
133020, 512, 0, 0, 0
133020, 768, 1, 0, 0
134020, 768, 0, 0, 0
134020, 1792, 1, 0, 0
135020, 512, 0, 0, 0
135020, 1281, 1, 0, 0
136020, 1024, 0, 0, 0
136020, 768, 1, 0, 0
137020, 256, 1, 0, 0
138020, 1793, 0, 0, 0
138020, 1793, 1, 0, 0
139020, 256, 0, 0, 0
139020, 1280, 1, 0, 0
140020, 1280, 0, 0, 0
140020, 1280, 1, 0, 0
141020, 768, 0, 0, 0
141020, 2050, 1, 0, 0
142020, 768, 0, 0, 0
142020, 768, 1, 0, 0
143020, 512, 0, 0, 0
143020, 1536, 1, 0, 0
144020, 1281, 1, 0, 0
145020, 512, 0, 0, 0
145020, 1280, 1, 0, 0
147020, 768, 0, 0, 0
147020, 768, 1, 0, 0
148020, 768, 0, 0, 0
148020, 512, 1, 0, 0
149020, 768, 0, 0, 0
149020, 1280, 1, 0, 0
150020, 512, 0, 0, 0
150020, 512, 1, 0, 0
151020, 768, 0, 0, 0
151020, 512, 1, 0, 0
152020, 256, 0, 0, 0
152020, 256, 1, 0, 0
153020, 512, 0, 0, 0
153020, 512, 1, 0, 0
154020, 256, 0, 0, 0
154020, 1280, 1, 0, 0
155020, 512, 1, 0, 0
156020, 1536, 0, 0, 0
156020, 1280, 1, 0, 0
157020, 1280, 0, 0, 0
157020, 2560, 1, 0, 0
158020, 768, 0, 0, 0
158020, 2562, 1, 0, 0
159020, 512, 0, 0, 0
159020, 768, 1, 0, 0
160020, 768, 0, 0, 0
160020, 512, 1, 0, 0
161020, 1025, 0, 0, 0
161020, 1281, 1, 0, 0
162020, 768, 0, 0, 0
162020, 1024, 1, 0, 0
164020, 512, 0, 0, 0
164020, 768, 1, 0, 0
165020, 1024, 0, 0, 0
165020, 768, 1, 0, 0
166020, 512, 0, 0, 0
166020, 768, 1, 0, 0
167020, 512, 0, 0, 0
167020, 1024, 1, 0, 0
168020, 256, 0, 0, 0
168020, 512, 1, 0, 0
170020, 256, 1, 0, 0
171020, 256, 0, 0, 0
171020, 256, 1, 0, 0
172020, 1281, 0, 0, 0
172020, 512, 1, 0, 0
173020, 768, 1, 0, 0
174020, 512, 0, 0, 0
174020, 2050, 1, 0, 0
175020, 512, 0, 0, 0
175020, 1536, 1, 0, 0
176020, 1280, 0, 0, 0
176020, 1280, 1, 0, 0
177020, 256, 0, 0, 0
177020, 256, 1, 0, 0
178020, 1024, 1, 0, 0
179020, 768, 0, 0, 0
179020, 1024, 1, 0, 0
180020, 768, 0, 0, 0
180020, 512, 1, 0, 0
