21009, 256, 1, 0, 0
22009, 1280, 1, 0, 0
23010, 2816, 1, 0, 0
24010, 1024, 1, 0, 0
25011, 2304, 1, 0, 0
26011, 2048, 1, 0, 0
27012, 1280, 1, 0, 0
28012, 1792, 1, 0, 0
29013, 512, 0, 0, 0
29013, 1024, 1, 0, 0
30013, 1280, 0, 0, 0
30013, 3584, 1, 0, 0
31014, 512, 0, 0, 0
31014, 1024, 1, 0, 0
32014, 1280, 0, 0, 0
32014, 1792, 1, 0, 0
33015, 512, 0, 0, 0
33015, 2304, 1, 0, 0
34015, 256, 0, 0, 0
34015, 1024, 1, 0, 0
35015, 256, 0, 0, 0
35015, 1280, 1, 0, 0
36016, 256, 0, 0, 0
36016, 1280, 1, 0, 0
37015, 512, 0, 0, 0
37015, 1025, 1, 0, 0
38015, 256, 0, 0, 0
38015, 768, 1, 0, 0
39015, 512, 1, 0, 0
40016, 256, 0, 0, 0
40016, 256, 1, 0, 0
41015, 768, 0, 0, 0
41015, 512, 1, 0, 0
42014, 512, 0, 0, 0
42014, 1281, 1, 0, 0
43015, 256, 0, 0, 0
43015, 512, 1, 0, 0
44015, 256, 0, 0, 0
44015, 1024, 1, 0, 0
45016, 512, 0, 0, 0
45016, 256, 1, 0, 0
46015, 512, 0, 0, 0
46015, 512, 1, 0, 0
47015, 1024, 0, 0, 0
47015, 1536, 1, 0, 0
48016, 512, 0, 0, 0
48016, 256, 1, 0, 0
49015, 256, 0, 0, 0
49015, 768, 1, 0, 0
50016, 256, 1, 0, 0
51015, 512, 1, 0, 0
52014, 256, 1, 0, 0
53015, 512, 1, 0, 0
54015, 1280, 1, 0, 0
56016, 256, 0, 0, 0
56016, 512, 1, 0, 0
57015, 768, 1, 0, 0
58016, 512, 1, 0, 0
59016, 1280, 1, 0, 0
60015, 768, 1, 0, 0
62016, 256, 1, 0, 0
63015, 256, 1, 0, 0
65016, 256, 1, 0, 0
66015, 768, 1, 0, 0
67015, 768, 1, 0, 0
68016, 1024, 1, 0, 0
69015, 256, 1, 0, 0
70015, 1024, 1, 0, 0
72015, 256, 1, 0, 0
73015, 256, 0, 0, 0
74016, 1024, 0, 0, 0
74016, 256, 1, 0, 0
76016, 256, 0, 0, 0
76016, 1280, 1, 0, 0
77015, 512, 0, 0, 0
77015, 768, 1, 0, 0
78015, 512, 0, 0, 0
78015, 768, 1, 0, 0
79016, 256, 1, 0, 0
80015, 256, 1, 0, 0
81015, 256, 0, 0, 0
81015, 256, 1, 0, 0
82016, 1536, 0, 0, 0
82016, 512, 1, 0, 0
83015, 512, 0, 0, 0
83015, 1281, 1, 0, 0
84015, 768, 0, 0, 0
84015, 512, 1, 0, 0
86015, 256, 0, 0, 0
88016, 512, 0, 0, 0
88016, 256, 1, 0, 0
89015, 256, 0, 0, 0
89015, 256, 1, 0, 0
90016, 768, 0, 0, 0
90016, 1280, 1, 0, 0
92015, 512, 1, 0, 0
93016, 768, 0, 0, 0
93016, 768, 1, 0, 0
94015, 256, 0, 0, 0
94015, 1025, 1, 0, 0
96016, 256, 0, 0, 0
96016, 256, 1, 0, 0
98015, 256, 0, 0, 0
98015, 1536, 1, 0, 0
99016, 256, 1, 0, 0
100015, 256, 1, 0, 0
101015, 768, 1, 0, 0
102016, 256, 0, 0, 0
102016, 1792, 1, 0, 0
103015, 512, 1, 0, 0
104016, 256, 0, 0, 0
104016, 1536, 1, 0, 0
105016, 256, 0, 0, 0
105016, 512, 1, 0, 0
106015, 512, 0, 0, 0
106015, 1537, 1, 0, 0
107015, 768, 0, 0, 0
107015, 768, 1, 0, 0
108016, 2048, 0, 0, 0
108016, 1536, 1, 0, 0
110015, 768, 0, 0, 0
110015, 768, 1, 0, 0
111016, 768, 1, 0, 0
112015, 256, 0, 0, 0
113015, 512, 1, 0, 0
114016, 256, 0, 0, 0
114016, 512, 1, 0, 0
115015, 1025, 0, 0, 0
115015, 1025, 1, 0, 0
116016, 768, 1, 0, 0
117016, 256, 0, 0, 0
117016, 256, 1, 0, 0
118015, 1025, 0, 0, 0
118015, 1025, 1, 0, 0
119016, 256, 0, 0, 0
119016, 768, 1, 0, 0
120016, 512, 1, 0, 0
121015, 256, 0, 0, 0
121015, 512, 1, 0, 0
123015, 256, 0, 0, 0
124015, 768, 0, 0, 0
124015, 1024, 1, 0, 0
125016, 768, 0, 0, 0
125016, 1024, 1, 0, 0
127016, 512, 0, 0, 0
127016, 256, 1, 0, 0
128016, 256, 0, 0, 0
128016, 256, 1, 0, 0
129015, 256, 0, 0, 0
129015, 512, 1, 0, 0
130016, 512, 0, 0, 0
130016, 1536, 1, 0, 0
131016, 1024, 0, 0, 0
131016, 768, 1, 0, 0
132015, 256, 0, 0, 0
133016, 256, 0, 0, 0
133016, 256, 1, 0, 0
134016, 768, 0, 0, 0
134016, 1792, 1, 0, 0
136016, 768, 0, 0, 0
136016, 256, 1, 0, 0
137016, 512, 0, 0, 0
137016, 1024, 1, 0, 0
138015, 512, 1, 0, 0
139015, 1280, 0, 0, 0
139015, 1024, 1, 0, 0
140016, 256, 1, 0, 0
141015, 512, 0, 0, 0
141015, 1281, 1, 0, 0
142015, 512, 0, 0, 0
142015, 768, 1, 0, 0
143016, 1536, 0, 0, 0
143016, 2048, 1, 0, 0
144015, 768, 0, 0, 0
144015, 768, 1, 0, 0
145016, 256, 0, 0, 0
145016, 1024, 1, 0, 0
146016, 768, 0, 0, 0
147015, 512, 0, 0, 0
147015, 1281, 1, 0, 0
148016, 1024, 1, 0, 0
149016, 256, 1, 0, 0
150015, 256, 1, 0, 0
151016, 256, 1, 0, 0
152016, 768, 0, 0, 0
152016, 768, 1, 0, 0
153015, 512, 0, 0, 0
153015, 1025, 1, 0, 0
154016, 768, 0, 0, 0
154016, 768, 1, 0, 0
155015, 768, 0, 0, 0
155015, 768, 1, 0, 0
156015, 512, 0, 0, 0
156015, 768, 1, 0, 0
157016, 512, 0, 0, 0
157016, 1536, 1, 0, 0
158015, 1025, 0, 0, 0
158015, 2050, 1, 0, 0
159015, 256, 0, 0, 0
159015, 1536, 1, 0, 0
160016, 1280, 0, 0, 0
160016, 1024, 1, 0, 0
161015, 256, 1, 0, 0
162016, 256, 0, 0, 0
162016, 256, 1, 0, 0
163015, 512, 0, 0, 0
163015, 1281, 1, 0, 0
164015, 768, 0, 0, 0
164015, 1536, 1, 0, 0
166015, 768, 0, 0, 0
166015, 2050, 1, 0, 0
167015, 256, 0, 0, 0
167015, 512, 1, 0, 0
168016, 1024, 0, 0, 0
168016, 2048, 1, 0, 0
169015, 512, 0, 0, 0
169015, 1537, 1, 0, 0
170015, 256, 0, 0, 0
170015, 256, 1, 0, 0
171016, 1280, 0, 0, 0
171016, 1792, 1, 0, 0
172015, 256, 0, 0, 0
172015, 512, 1, 0, 0
173016, 256, 1, 0, 0
174015, 768, 1, 0, 0
175015, 1280, 0, 0, 0
175015, 768, 1, 0, 0
176016, 1024, 0, 0, 0
177015, 256, 0, 0, 0
177015, 2306, 1, 0, 0
178015, 512, 0, 0, 0
178015, 768, 1, 0, 0
179016, 512, 0, 0, 0
179016, 512, 1, 0, 0
180016, 512, 0, 0, 0
180016, 1024, 1, 0, 0
