21008, 512, 1, 0, 0
22008, 2304, 1, 0, 0
23009, 2816, 1, 0, 0
24009, 1280, 1, 0, 0
25010, 768, 1, 0, 0
26010, 2816, 1, 0, 0
27011, 256, 0, 0, 0
27011, 2048, 1, 0, 0
28011, 256, 0, 0, 0
28011, 1280, 1, 0, 0
29012, 256, 0, 0, 0
29012, 512, 1, 0, 0
30012, 512, 0, 0, 0
30012, 1536, 1, 0, 0
31012, 1024, 0, 0, 0
31012, 512, 1, 0, 0
32013, 512, 0, 0, 0
32013, 768, 1, 0, 0
34014, 256, 1, 0, 0
35014, 256, 0, 0, 0
35014, 512, 1, 0, 0
36015, 1280, 1, 0, 0
37015, 768, 0, 0, 0
37015, 1792, 1, 0, 0
38016, 512, 0, 0, 0
38016, 1536, 1, 0, 0
39016, 512, 1, 0, 0
40016, 512, 0, 0, 0
40016, 1792, 1, 0, 0
41017, 256, 0, 0, 0
41017, 256, 1, 0, 0
42017, 1024, 0, 0, 0
42017, 1536, 1, 0, 0
43018, 1024, 0, 0, 0
43018, 2816, 1, 0, 0
44018, 256, 0, 0, 0
44018, 512, 1, 0, 0
45019, 1024, 0, 0, 0
45019, 768, 1, 0, 0
46018, 768, 1, 0, 0
47018, 512, 0, 0, 0
47018, 256, 1, 0, 0
48019, 512, 1, 0, 0
49018, 512, 0, 0, 0
49018, 1537, 1, 0, 0
50019, 768, 1, 0, 0
51018, 256, 0, 0, 0
51018, 512, 1, 0, 0
52017, 1281, 1, 0, 0
53018, 1536, 1, 0, 0
54018, 2048, 1, 0, 0
55018, 256, 0, 0, 0
55018, 1280, 1, 0, 0
57018, 2050, 1, 0, 0
58018, 512, 0, 0, 0
58018, 1792, 1, 0, 0
59019, 2560, 0, 0, 0
59019, 768, 1, 0, 0
60018, 1537, 0, 0, 0
60018, 256, 1, 0, 0
61018, 2048, 0, 0, 0
61018, 2560, 1, 0, 0
62019, 1280, 0, 0, 0
62019, 256, 1, 0, 0
63018, 256, 0, 0, 0
63018, 1025, 1, 0, 0
64018, 1024, 0, 0, 0
64018, 2304, 1, 0, 0
65019, 1280, 1, 0, 0
66018, 1025, 0, 0, 0
66018, 512, 1, 0, 0
67018, 256, 0, 0, 0
67018, 1280, 1, 0, 0
68019, 512, 0, 0, 0
68019, 1792, 1, 0, 0
69018, 256, 1, 0, 0
70018, 768, 0, 0, 0
71019, 512, 1, 0, 0
72018, 768, 1, 0, 0
73018, 512, 0, 0, 0
73018, 1792, 1, 0, 0
74019, 768, 0, 0, 0
74019, 1280, 1, 0, 0
75018, 1025, 0, 0, 0
75018, 1793, 1, 0, 0
76018, 512, 1, 0, 0
77018, 1025, 0, 0, 0
77018, 1537, 1, 0, 0
78018, 768, 0, 0, 0
78018, 256, 1, 0, 0
79019, 768, 0, 0, 0
79019, 1280, 1, 0, 0
80018, 512, 0, 0, 0
80018, 256, 1, 0, 0
81018, 256, 0, 0, 0
81018, 256, 1, 0, 0
82019, 256, 0, 0, 0
83018, 768, 0, 0, 0
83018, 1537, 1, 0, 0
84018, 512, 1, 0, 0
85019, 1280, 1, 0, 0
86018, 1025, 0, 0, 0
86018, 1281, 1, 0, 0
87018, 1280, 1, 0, 0
88019, 1024, 0, 0, 0
88019, 768, 1, 0, 0
89018, 768, 0, 0, 0
89018, 512, 1, 0, 0
90019, 512, 0, 0, 0
90019, 1280, 1, 0, 0
91018, 512, 0, 0, 0
91018, 1025, 1, 0, 0
92018, 512, 1, 0, 0
93019, 1024, 0, 0, 0
93019, 512, 1, 0, 0
94018, 768, 0, 0, 0
94018, 1281, 1, 0, 0
95018, 512, 0, 0, 0
95018, 768, 1, 0, 0
96019, 256, 0, 0, 0
96019, 512, 1, 0, 0
98018, 768, 1, 0, 0
99019, 512, 0, 0, 0
99019, 1536, 1, 0, 0
100018, 1281, 0, 0, 0
100018, 1281, 1, 0, 0
101018, 1024, 0, 0, 0
101018, 1024, 1, 0, 0
102019, 256, 0, 0, 0
102019, 768, 1, 0, 0
103018, 512, 0, 0, 0
103018, 1025, 1, 0, 0
104018, 512, 0, 0, 0
104018, 1280, 1, 0, 0
106018, 256, 0, 0, 0
106018, 512, 1, 0, 0
107018, 512, 0, 0, 0
107018, 768, 1, 0, 0
108019, 512, 0, 0, 0
108019, 1280, 1, 0, 0
109018, 1281, 0, 0, 0
110018, 768, 0, 0, 0
110018, 256, 1, 0, 0
111019, 768, 0, 0, 0
111019, 1792, 1, 0, 0
112018, 256, 0, 0, 0
112018, 512, 1, 0, 0
113018, 512, 0, 0, 0
113018, 256, 1, 0, 0
114019, 1536, 0, 0, 0
114019, 768, 1, 0, 0
115018, 256, 0, 0, 0
115018, 2050, 1, 0, 0
116018, 512, 0, 0, 0
116018, 768, 1, 0, 0
117019, 1792, 0, 0, 0
117019, 1536, 1, 0, 0
118018, 1281, 0, 0, 0
118018, 2050, 1, 0, 0
119018, 1024, 0, 0, 0
119018, 512, 1, 0, 0
120019, 256, 0, 0, 0
120019, 768, 1, 0, 0
121018, 1025, 1, 0, 0
122019, 256, 0, 0, 0
123018, 1025, 0, 0, 0
123018, 768, 1, 0, 0
125019, 512, 0, 0, 0
125019, 1280, 1, 0, 0
126018, 256, 0, 0, 0
126018, 1281, 1, 0, 0
127018, 256, 0, 0, 0
127018, 1280, 1, 0, 0
128019, 1792, 0, 0, 0
128019, 768, 1, 0, 0
129018, 2050, 0, 0, 0
129018, 1793, 1, 0, 0
130018, 512, 0, 0, 0
130018, 1792, 1, 0, 0
131019, 1792, 0, 0, 0
131019, 1280, 1, 0, 0
132018, 256, 0, 0, 0
133018, 768, 0, 0, 0
133018, 512, 1, 0, 0
134019, 512, 0, 0, 0
134019, 1536, 1, 0, 0
135018, 2050, 0, 0, 0
135018, 2562, 1, 0, 0
136018, 1024, 0, 0, 0
136018, 256, 1, 0, 0
137019, 256, 0, 0, 0
138018, 256, 0, 0, 0
138018, 1281, 1, 0, 0
140019, 1024, 0, 0, 0
140019, 512, 1, 0, 0
141018, 512, 0, 0, 0
141018, 1793, 1, 0, 0
142018, 1536, 0, 0, 0
142018, 2304, 1, 0, 0
143019, 1024, 0, 0, 0
143019, 512, 1, 0, 0
144018, 768, 0, 0, 0
146019, 512, 0, 0, 0
146019, 1536, 1, 0, 0
147018, 512, 1, 0, 0
148018, 256, 0, 0, 0
148018, 512, 1, 0, 0
149019, 1536, 0, 0, 0
149019, 768, 1, 0, 0
150018, 256, 0, 0, 0
150018, 256, 1, 0, 0
151018, 768, 0, 0, 0
151018, 1792, 1, 0, 0
153018, 256, 0, 0, 0
153018, 1537, 1, 0, 0
154019, 768, 0, 0, 0
154019, 1536, 1, 0, 0
156018, 1024, 0, 0, 0
156018, 1280, 1, 0, 0
157019, 1280, 0, 0, 0
157019, 1024, 1, 0, 0
158018, 768, 0, 0, 0
158018, 512, 1, 0, 0
159018, 512, 0, 0, 0
159018, 1024, 1, 0, 0
160019, 2048, 0, 0, 0
160019, 1792, 1, 0, 0
161018, 1025, 0, 0, 0
161018, 1537, 1, 0, 0
162019, 512, 0, 0, 0
162019, 256, 1, 0, 0
163018, 1537, 1, 0, 0
164018, 1024, 0, 0, 0
164018, 512, 1, 0, 0
165019, 768, 0, 0, 0
165019, 1280, 1, 0, 0
166018, 768, 0, 0, 0
166018, 1793, 1, 0, 0
167018, 1280, 0, 0, 0
167018, 2048, 1, 0, 0
168019, 512, 0, 0, 0
168019, 512, 1, 0, 0
169018, 1537, 0, 0, 0
169018, 2306, 1, 0, 0
170018, 1024, 0, 0, 0
170018, 1024, 1, 0, 0
171019, 768, 0, 0, 0
171019, 1792, 1, 0, 0
172018, 256, 0, 0, 0
173018, 256, 0, 0, 0
173018, 256, 1, 0, 0
174018, 1281, 0, 0, 0
174018, 2050, 1, 0, 0
175018, 1536, 0, 0, 0
175018, 1280, 1, 0, 0
176019, 512, 0, 0, 0
176019, 1024, 1, 0, 0
177018, 1025, 0, 0, 0
177018, 512, 1, 0, 0
178018, 256, 0, 0, 0
178018, 512, 1, 0, 0
179019, 1280, 1, 0, 0
180019, 512, 0, 0, 0
180019, 1280, 1, 0, 0
