13000, 1793, 0, 0, 0
14000, 2560, 0, 0, 0
15000, 2304, 0, 0, 0
16000, 2818, 0, 0, 0
17000, 2304, 0, 0, 0
18000, 1536, 0, 0, 0
19000, 3328, 0, 0, 0
20000, 3843, 0, 0, 0
21000, 3072, 0, 0, 0
22000, 4864, 0, 0, 0
23000, 3072, 0, 0, 0
24000, 3840, 0, 0, 0
25000, 1537, 0, 0, 0
26000, 4096, 0, 0, 0
27000, 2048, 0, 0, 0
28000, 3072, 0, 0, 0
29001, 1024, 0, 0, 0
30000, 2562, 0, 0, 0
31000, 2560, 0, 0, 0
32000, 3840, 0, 0, 0
33000, 768, 0, 0, 0
34000, 512, 0, 0, 0
35000, 2048, 0, 0, 0
36000, 3840, 0, 0, 0
37000, 4096, 0, 0, 0
38001, 1280, 0, 0, 0
39000, 2306, 0, 0, 0
40000, 2048, 0, 0, 0
41000, 256, 0, 0, 0
42000, 2816, 0, 0, 0
43000, 2306, 0, 0, 0
44000, 1536, 0, 0, 0
45000, 512, 0, 0, 0
46000, 3072, 0, 0, 0
47000, 4096, 0, 0, 0
48000, 1793, 0, 0, 0
49000, 2304, 0, 0, 0
50000, 2304, 0, 0, 0
51000, 1024, 0, 0, 0
52001, 5120, 0, 0, 0
53000, 2306, 0, 0, 0
54000, 2304, 0, 0, 0
55000, 1792, 0, 0, 0
56000, 2048, 0, 0, 0
57000, 1537, 0, 0, 0
58000, 2304, 0, 0, 0
59000, 1536, 0, 0, 0
60000, 3328, 0, 0, 0
61001, 2560, 0, 0, 0
62000, 2050, 0, 0, 0
63000, 2560, 0, 0, 0
64000, 1536, 0, 0, 0
65000, 2048, 0, 0, 0
66001, 2816, 0, 0, 0
67000, 2306, 0, 0, 0
68000, 2304, 0, 0, 0
69000, 3328, 0, 0, 0
70000, 4608, 0, 0, 0
71000, 1793, 0, 0, 0
72000, 3584, 0, 0, 0
73000, 1024, 0, 0, 0
74000, 1280, 0, 0, 0
75000, 3843, 0, 0, 0
76000, 3328, 0, 0, 0
77000, 768, 0, 0, 0
78000, 2048, 0, 0, 0
79000, 1792, 0, 0, 0
80000, 2562, 0, 0, 0
81000, 2304, 0, 0, 0
82000, 2816, 0, 0, 0
83000, 1280, 0, 0, 0
84000, 1281, 0, 0, 0
85000, 1536, 0, 0, 0
86000, 2816, 0, 0, 0
87000, 2304, 0, 0, 0
88001, 4352, 0, 0, 0
89000, 2562, 0, 0, 0
90000, 2304, 0, 0, 0
91000, 2304, 0, 0, 0
92000, 3072, 0, 0, 0
93000, 1793, 0, 0, 0
94000, 256, 0, 0, 0
95000, 3328, 0, 0, 0
96000, 5376, 0, 0, 0
97001, 4096, 0, 0, 0
98000, 1281, 0, 0, 0
99000, 3072, 0, 0, 0
100000, 3328, 0, 0, 0
101001, 4352, 0, 0, 0
102000, 2562, 0, 0, 0
103000, 768, 0, 0, 0
104000, 2560, 0, 0, 0
105001, 512, 0, 0, 0
106000, 3075, 0, 0, 0
107000, 5376, 0, 0, 0
108000, 256, 0, 0, 0
109000, 2560, 0, 0, 0
110000, 2562, 0, 0, 0
111000, 2304, 0, 0, 0
112000, 2816, 0, 0, 0
113000, 3072, 0, 0, 0
114001, 1024, 0, 0, 0
115000, 1793, 0, 0, 0
116000, 256, 0, 0, 0
117000, 1792, 0, 0, 0
118001, 2304, 0, 0, 0
119000, 1537, 0, 0, 0
120000, 2560, 0, 0, 0
121000, 768, 0, 0, 0
122000, 2304, 0, 0, 0
123000, 3331, 0, 0, 0
124000, 1024, 0, 0, 0
125000, 3072, 0, 0, 0
126000, 2816, 0, 0, 0
127000, 4612, 0, 0, 0
128000, 2304, 0, 0, 0
129000, 2304, 0, 0, 0
130000, 2304, 0, 0, 0
131000, 2306, 0, 0, 0
133000, 1792, 0, 0, 0
134000, 2816, 0, 0, 0
135000, 2562, 0, 0, 0
136000, 2816, 0, 0, 0
137000, 2816, 0, 0, 0
138000, 3072, 0, 0, 0
139000, 2306, 0, 0, 0
140000, 1792, 0, 0, 0
141000, 768, 0, 0, 0
142000, 4352, 0, 0, 0
143000, 1793, 0, 0, 0
144000, 3072, 0, 0, 0
145000, 256, 0, 0, 0
146000, 1536, 0, 0, 0
147000, 1793, 0, 0, 0
148000, 2560, 0, 0, 0
149000, 3072, 0, 0, 0
150000, 2304, 0, 0, 0
151000, 1025, 0, 0, 0
152000, 1792, 0, 0, 0
153000, 1792, 0, 0, 0
154000, 5120, 0, 0, 0
155001, 512, 0, 0, 0
156000, 4356, 0, 0, 0
157000, 2816, 0, 0, 0
158000, 2048, 0, 0, 0
159000, 3584, 0, 0, 0
160000, 3587, 0, 0, 0
161000, 768, 0, 0, 0
162000, 2560, 0, 0, 0
163000, 512, 0, 0, 0
164000, 4612, 0, 0, 0
165000, 2816, 0, 0, 0
166000, 2560, 0, 0, 0
167000, 2560, 0, 0, 0
168001, 4864, 0, 0, 0
169000, 3331, 0, 0, 0
170000, 3584, 0, 0, 0
171000, 1280, 0, 0, 0
172000, 3584, 0, 0, 0
173000, 3075, 0, 0, 0
174000, 2816, 0, 0, 0
175000, 2816, 0, 0, 0
176000, 2304, 0, 0, 0
177001, 3328, 0, 0, 0
178000, 2818, 0, 0, 0
179000, 2560, 0, 0, 0
180000, 3328, 0, 0, 0
