15000, 512, 0, 0, 0
16000, 3331, 0, 0, 0
17000, 2048, 0, 0, 0
18000, 2048, 0, 0, 0
19000, 3840, 0, 0, 0
20000, 6918, 0, 0, 0
21000, 768, 0, 0, 0
22000, 1792, 0, 0, 0
23000, 4352, 0, 0, 0
24001, 3072, 0, 0, 0
25000, 1793, 0, 0, 0
26000, 2560, 0, 0, 0
27000, 1280, 0, 0, 0
28000, 2048, 0, 0, 0
29001, 2304, 0, 0, 0
30000, 1281, 0, 0, 0
31000, 1536, 0, 0, 0
32000, 1280, 0, 0, 0
33000, 256, 0, 0, 0
35000, 4864, 0, 0, 0
36000, 3072, 0, 0, 0
37000, 1280, 0, 0, 0
38001, 1280, 0, 0, 0
39000, 768, 0, 0, 0
40000, 768, 0, 0, 0
41000, 1024, 0, 0, 0
42000, 3840, 0, 0, 0
43000, 2562, 0, 0, 0
44000, 3072, 0, 0, 0
46000, 2816, 0, 0, 0
47001, 3072, 0, 0, 0
48000, 1537, 0, 0, 0
49000, 1024, 0, 0, 0
50000, 1536, 0, 0, 0
51000, 1536, 0, 0, 0
52001, 2048, 0, 0, 0
53000, 2818, 0, 0, 0
54000, 2560, 0, 0, 0
55000, 1792, 0, 0, 0
56000, 1536, 0, 0, 0
57000, 2562, 0, 0, 0
58000, 1280, 0, 0, 0
59000, 1280, 0, 0, 0
60000, 2048, 0, 0, 0
61001, 2048, 0, 0, 0
62000, 1537, 0, 0, 0
63000, 2816, 0, 0, 0
64000, 3840, 0, 0, 0
65000, 3840, 0, 0, 0
66001, 2048, 0, 0, 0
67000, 2818, 0, 0, 0
68000, 1792, 0, 0, 0
69000, 2560, 0, 0, 0
70001, 512, 0, 0, 0
71000, 2562, 0, 0, 0
72000, 1024, 0, 0, 0
73000, 2560, 0, 0, 0
74000, 3840, 0, 0, 0
75000, 2818, 0, 0, 0
76000, 1280, 0, 0, 0
77000, 1280, 0, 0, 0
78000, 3328, 0, 0, 0
79001, 256, 0, 0, 0
80000, 768, 0, 0, 0
81000, 2560, 0, 0, 0
82000, 2304, 0, 0, 0
83000, 2816, 0, 0, 0
84000, 1025, 0, 0, 0
85000, 2048, 0, 0, 0
86000, 2560, 0, 0, 0
87000, 1536, 0, 0, 0
88001, 1024, 0, 0, 0
89000, 512, 0, 0, 0
90000, 768, 0, 0, 0
91000, 1280, 0, 0, 0
92000, 2560, 0, 0, 0
93000, 3587, 0, 0, 0
94000, 2048, 0, 0, 0
95000, 3840, 0, 0, 0
96000, 1280, 0, 0, 0
97001, 4096, 0, 0, 0
98000, 4100, 0, 0, 0
99000, 2560, 0, 0, 0
100000, 3584, 0, 0, 0
101001, 1792, 0, 0, 0
102000, 1793, 0, 0, 0
103000, 2816, 0, 0, 0
104000, 1792, 0, 0, 0
105001, 1280, 0, 0, 0
106000, 1793, 0, 0, 0
107000, 2816, 0, 0, 0
108000, 3072, 0, 0, 0
109001, 2560, 0, 0, 0
110000, 5125, 0, 0, 0
111000, 1792, 0, 0, 0
112000, 2560, 0, 0, 0
113000, 4608, 0, 0, 0
114001, 2304, 0, 0, 0
115000, 2818, 0, 0, 0
116000, 1024, 0, 0, 0
117000, 1280, 0, 0, 0
118001, 768, 0, 0, 0
119000, 1025, 0, 0, 0
120000, 3584, 0, 0, 0
121000, 2304, 0, 0, 0
122001, 1536, 0, 0, 0
123000, 2050, 0, 0, 0
124000, 3584, 0, 0, 0
125000, 2560, 0, 0, 0
126000, 1024, 0, 0, 0
127000, 2818, 0, 0, 0
128000, 1536, 0, 0, 0
129000, 3328, 0, 0, 0
130000, 2048, 0, 0, 0
131000, 4868, 0, 0, 0
132000, 512, 0, 0, 0
133000, 2816, 0, 0, 0
134000, 5120, 0, 0, 0
135000, 2050, 0, 0, 0
136000, 2560, 0, 0, 0
137000, 3840, 0, 0, 0
138000, 3584, 0, 0, 0
139000, 2562, 0, 0, 0
140000, 2048, 0, 0, 0
141000, 4352, 0, 0, 0
142000, 3840, 0, 0, 0
143000, 2818, 0, 0, 0
144000, 2816, 0, 0, 0
145000, 3584, 0, 0, 0
146000, 3584, 0, 0, 0
147000, 768, 0, 0, 0
148000, 3584, 0, 0, 0
149000, 2816, 0, 0, 0
150000, 3584, 0, 0, 0
151000, 2562, 0, 0, 0
152000, 1792, 0, 0, 0
153000, 7680, 0, 0, 0
154000, 5376, 0, 0, 0
155001, 2048, 0, 0, 0
156000, 4612, 0, 0, 0
157000, 7680, 0, 0, 0
158000, 512, 0, 0, 0
159001, 2560, 0, 0, 0
160000, 2818, 0, 0, 0
161000, 1280, 0, 0, 0
162000, 2560, 0, 0, 0
163000, 2304, 0, 0, 0
164000, 2818, 0, 0, 0
165000, 2048, 0, 0, 0
166000, 2560, 0, 0, 0
167000, 2304, 0, 0, 0
168001, 1792, 0, 0, 0
169000, 3587, 0, 0, 0
170000, 3072, 0, 0, 0
171000, 1536, 0, 0, 0
172000, 3584, 0, 0, 0
173000, 512, 0, 0, 0
174000, 1280, 0, 0, 0
175000, 4352, 0, 0, 0
176000, 2560, 0, 0, 0
177001, 1280, 0, 0, 0
178000, 2306, 0, 0, 0
179000, 1792, 0, 0, 0
180000, 2816, 0, 0, 0
