9000, 2048, 0, 0, 0
10000, 3328, 0, 0, 0
11000, 7424, 0, 0, 0
12001, 4352, 0, 0, 0
13000, 2562, 0, 0, 0
14000, 256, 0, 0, 0
15000, 4096, 0, 0, 0
16000, 5381, 0, 0, 0
17000, 5376, 0, 0, 0
18000, 4352, 0, 0, 0
19000, 3840, 0, 0, 0
20000, 768, 0, 0, 0
21000, 512, 0, 0, 0
22000, 2304, 0, 0, 0
23000, 1280, 0, 0, 0
24001, 3072, 0, 0, 0
25000, 4356, 0, 0, 0
26000, 3840, 0, 0, 0
27000, 2816, 0, 0, 0
28000, 3072, 0, 0, 0
29001, 2048, 0, 0, 0
30000, 3331, 0, 0, 0
31000, 5632, 0, 0, 0
32000, 3328, 0, 0, 0
33001, 6400, 0, 0, 0
34000, 2306, 0, 0, 0
35000, 2816, 0, 0, 0
36000, 3328, 0, 0, 0
37000, 3840, 0, 0, 0
38001, 3840, 0, 0, 0
39000, 3331, 0, 0, 0
40000, 2816, 0, 0, 0
41000, 2816, 0, 0, 0
42001, 3328, 0, 0, 0
43000, 2562, 0, 0, 0
44000, 3072, 0, 0, 0
45000, 14336, 0, 0, 0
46000, 4608, 0, 0, 0
47001, 3584, 0, 0, 0
48000, 4356, 0, 0, 0
49000, 2304, 0, 0, 0
50000, 1536, 0, 0, 0
51000, 3072, 0, 0, 0
52001, 2048, 0, 0, 0
53000, 3331, 0, 0, 0
54000, 2048, 0, 0, 0
55000, 2304, 0, 0, 0
56001, 4096, 0, 0, 0
57000, 2306, 0, 0, 0
58000, 2304, 0, 0, 0
59000, 3840, 0, 0, 0
60000, 3328, 0, 0, 0
61001, 2816, 0, 0, 0
62000, 3331, 0, 0, 0
63000, 2816, 0, 0, 0
64000, 4096, 0, 0, 0
65000, 2304, 0, 0, 0
66001, 1792, 0, 0, 0
67000, 2306, 0, 0, 0
68000, 2816, 0, 0, 0
69000, 1536, 0, 0, 0
70001, 3840, 0, 0, 0
71000, 3587, 0, 0, 0
72000, 4352, 0, 0, 0
73000, 4096, 0, 0, 0
74000, 2816, 0, 0, 0
75000, 3331, 0, 0, 0
76000, 2816, 0, 0, 0
77000, 3840, 0, 0, 0
78000, 2816, 0, 0, 0
79001, 4352, 0, 0, 0
80000, 3843, 0, 0, 0
81000, 4608, 0, 0, 0
82000, 4096, 0, 0, 0
83000, 2304, 0, 0, 0
84000, 4100, 0, 0, 0
85000, 3584, 0, 0, 0
86000, 2048, 0, 0, 0
87000, 3840, 0, 0, 0
88001, 1536, 0, 0, 0
89000, 1793, 0, 0, 0
90000, 2048, 0, 0, 0
91000, 4096, 0, 0, 0
92001, 3072, 0, 0, 0
93000, 3587, 0, 0, 0
94000, 6912, 0, 0, 0
95000, 768, 0, 0, 0
96000, 768, 0, 0, 0
97001, 3584, 0, 0, 0
98000, 2050, 0, 0, 0
99000, 3840, 0, 0, 0
100000, 3072, 0, 0, 0
101001, 2816, 0, 0, 0
102000, 3587, 0, 0, 0
103000, 2048, 0, 0, 0
104000, 2816, 0, 0, 0
105001, 2560, 0, 0, 0
106000, 2050, 0, 0, 0
107000, 2048, 0, 0, 0
108000, 5632, 0, 0, 0
109001, 4864, 0, 0, 0
110000, 768, 0, 0, 0
111000, 3840, 0, 0, 0
114001, 1792, 0, 0, 0
115000, 1537, 0, 0, 0
116000, 5120, 0, 0, 0
117000, 2560, 0, 0, 0
118001, 768, 0, 0, 0
119000, 2306, 0, 0, 0
120000, 3328, 0, 0, 0
121000, 256, 0, 0, 0
122001, 4352, 0, 0, 0
123000, 6150, 0, 0, 0
124000, 4096, 0, 0, 0
125000, 2816, 0, 0, 0
127000, 4100, 0, 0, 0
128000, 1536, 0, 0, 0
129000, 256, 0, 0, 0
130000, 1280, 0, 0, 0
131000, 1281, 0, 0, 0
132000, 1536, 0, 0, 0
133000, 3072, 0, 0, 0
134000, 3840, 0, 0, 0
135000, 2050, 0, 0, 0
136000, 3584, 0, 0, 0
137000, 2816, 0, 0, 0
138001, 2816, 0, 0, 0
139000, 3331, 0, 0, 0
140000, 1792, 0, 0, 0
141000, 4096, 0, 0, 0
142001, 1792, 0, 0, 0
143000, 256, 0, 0, 0
144000, 5632, 0, 0, 0
145000, 2048, 0, 0, 0
146000, 1024, 0, 0, 0
147000, 3587, 0, 0, 0
148000, 3840, 0, 0, 0
149000, 4864, 0, 0, 0
150000, 1792, 0, 0, 0
151000, 4100, 0, 0, 0
152000, 512, 0, 0, 0
153000, 5632, 0, 0, 0
154000, 1280, 0, 0, 0
155001, 2048, 0, 0, 0
156000, 2818, 0, 0, 0
157000, 2816, 0, 0, 0
158000, 3072, 0, 0, 0
159001, 1536, 0, 0, 0
160000, 4356, 0, 0, 0
161000, 4096, 0, 0, 0
162000, 2816, 0, 0, 0
163000, 2816, 0, 0, 0
164000, 2818, 0, 0, 0
165000, 3328, 0, 0, 0
166000, 2816, 0, 0, 0
167000, 2048, 0, 0, 0
168001, 4864, 0, 0, 0
169000, 2306, 0, 0, 0
170000, 4352, 0, 0, 0
171000, 1024, 0, 0, 0
172001, 1792, 0, 0, 0
173000, 1281, 0, 0, 0
174000, 3072, 0, 0, 0
175000, 4352, 0, 0, 0
176000, 3328, 0, 0, 0
177001, 3840, 0, 0, 0
178000, 2818, 0, 0, 0
179000, 2048, 0, 0, 0
180000, 4096, 0, 0, 0
