13000, 768, 0, 0, 0
15001, 1024, 0, 0, 0
16000, 2306, 0, 0, 0
17000, 2304, 0, 0, 0
18000, 2816, 0, 0, 0
19001, 3584, 0, 0, 0
20000, 1025, 0, 0, 0
21000, 2560, 0, 0, 0
22000, 4096, 0, 0, 0
23001, 2304, 0, 0, 0
24001, 2304, 0, 0, 0
25000, 3075, 0, 0, 0
26000, 1280, 0, 0, 0
27001, 3840, 0, 0, 0
28001, 2304, 0, 0, 0
29001, 4608, 0, 0, 0
30000, 3587, 0, 0, 0
31000, 4352, 0, 0, 0
32001, 3328, 0, 0, 0
33001, 1792, 0, 0, 0
34000, 1793, 0, 0, 0
35000, 3072, 0, 0, 0
36000, 768, 0, 0, 0
37001, 3328, 0, 0, 0
38001, 3072, 0, 0, 0
39000, 2818, 0, 0, 0
40000, 3072, 0, 0, 0
41001, 2560, 0, 0, 0
42001, 1792, 0, 0, 0
43000, 3075, 0, 0, 0
44000, 2816, 0, 0, 0
45000, 3072, 0, 0, 0
46001, 3840, 0, 0, 0
47001, 1536, 0, 0, 0
48000, 3075, 0, 0, 0
49000, 2048, 0, 0, 0
50000, 3072, 0, 0, 0
51001, 2048, 0, 0, 0
52001, 2304, 0, 0, 0
53000, 5125, 0, 0, 0
54000, 2048, 0, 0, 0
55001, 1280, 0, 0, 0
56001, 5888, 0, 0, 0
57000, 2562, 0, 0, 0
58000, 1280, 0, 0, 0
59000, 2560, 0, 0, 0
60001, 256, 0, 0, 0
61001, 2304, 0, 0, 0
62000, 2050, 0, 0, 0
63000, 2816, 0, 0, 0
64001, 1024, 0, 0, 0
65001, 2560, 0, 0, 0
66001, 2560, 0, 0, 0
67000, 2050, 0, 0, 0
68000, 4864, 0, 0, 0
69001, 1536, 0, 0, 0
70001, 3840, 0, 0, 0
71000, 2050, 0, 0, 0
72000, 256, 0, 0, 0
73000, 2304, 0, 0, 0
74001, 2816, 0, 0, 0
75000, 2050, 0, 0, 0
76000, 1536, 0, 0, 0
77000, 3328, 0, 0, 0
78001, 1792, 0, 0, 0
79001, 1536, 0, 0, 0
80000, 3075, 0, 0, 0
81000, 2816, 0, 0, 0
82001, 1792, 0, 0, 0
83001, 3584, 0, 0, 0
84000, 1793, 0, 0, 0
85000, 1536, 0, 0, 0
86000, 512, 0, 0, 0
87001, 2816, 0, 0, 0
88001, 1536, 0, 0, 0
89000, 2306, 0, 0, 0
90000, 2304, 0, 0, 0
91001, 1536, 0, 0, 0
92001, 3328, 0, 0, 0
93000, 1793, 0, 0, 0
94000, 1280, 0, 0, 0
95001, 5376, 0, 0, 0
96001, 5376, 0, 0, 0
97001, 2816, 0, 0, 0
98000, 3843, 0, 0, 0
99000, 1024, 0, 0, 0
100001, 3584, 0, 0, 0
101001, 768, 0, 0, 0
102000, 2306, 0, 0, 0
103000, 1280, 0, 0, 0
104001, 2048, 0, 0, 0
105001, 4096, 0, 0, 0
106000, 5381, 0, 0, 0
107000, 2048, 0, 0, 0
108001, 1792, 0, 0, 0
109001, 1024, 0, 0, 0
110000, 4612, 0, 0, 0
111000, 4608, 0, 0, 0
112001, 3840, 0, 0, 0
113001, 1536, 0, 0, 0
114001, 4096, 0, 0, 0
115000, 3331, 0, 0, 0
116000, 2560, 0, 0, 0
117001, 5632, 0, 0, 0
118001, 1024, 0, 0, 0
119000, 1281, 0, 0, 0
120000, 2048, 0, 0, 0
121001, 3840, 0, 0, 0
122001, 3072, 0, 0, 0
123000, 2818, 0, 0, 0
124000, 2304, 0, 0, 0
125001, 3840, 0, 0, 0
126001, 3840, 0, 0, 0
127000, 4356, 0, 0, 0
128000, 2048, 0, 0, 0
129000, 1536, 0, 0, 0
130001, 768, 0, 0, 0
131000, 1025, 0, 0, 0
132000, 1536, 0, 0, 0
133000, 4096, 0, 0, 0
134001, 3328, 0, 0, 0
135000, 2562, 0, 0, 0
136000, 2560, 0, 0, 0
137001, 3584, 0, 0, 0
138001, 2560, 0, 0, 0
139000, 2562, 0, 0, 0
140000, 2304, 0, 0, 0
141001, 1024, 0, 0, 0
142001, 4096, 0, 0, 0
143000, 768, 0, 0, 0
144000, 2304, 0, 0, 0
145001, 1536, 0, 0, 0
146001, 512, 0, 0, 0
147000, 1025, 0, 0, 0
148000, 2560, 0, 0, 0
149000, 3328, 0, 0, 0
150001, 2560, 0, 0, 0
151000, 3843, 0, 0, 0
152000, 1280, 0, 0, 0
153000, 4096, 0, 0, 0
155001, 1792, 0, 0, 0
156000, 2050, 0, 0, 0
157000, 1280, 0, 0, 0
158001, 3328, 0, 0, 0
159001, 2304, 0, 0, 0
160000, 2562, 0, 0, 0
161000, 4096, 0, 0, 0
162001, 3328, 0, 0, 0
163001, 768, 0, 0, 0
164000, 2562, 0, 0, 0
165000, 2560, 0, 0, 0
166000, 3072, 0, 0, 0
167001, 2560, 0, 0, 0
168001, 1792, 0, 0, 0
169000, 3075, 0, 0, 0
170000, 512, 0, 0, 0
171001, 512, 0, 0, 0
172001, 1792, 0, 0, 0
173000, 3843, 0, 0, 0
174000, 4352, 0, 0, 0
175000, 2560, 0, 0, 0
176001, 1536, 0, 0, 0
177001, 2560, 0, 0, 0
178000, 2562, 0, 0, 0
179000, 1280, 0, 0, 0
180001, 2048, 0, 0, 0
