14002, 768, 1, 0, 0
15002, 1280, 0, 0, 0
15002, 1024, 1, 0, 0
16003, 2304, 0, 0, 0
16003, 1792, 1, 0, 0
17002, 1281, 0, 0, 0
17002, 1281, 1, 0, 0
18002, 1025, 0, 0, 0
18002, 1025, 1, 0, 0
19002, 2048, 0, 0, 0
19002, 1536, 1, 0, 0
20003, 256, 0, 0, 0
20003, 256, 1, 0, 0
21003, 256, 0, 0, 0
21003, 768, 1, 0, 0
22003, 512, 0, 0, 0
22003, 768, 1, 0, 0
23003, 768, 0, 0, 0
23003, 256, 1, 0, 0
24002, 512, 0, 0, 0
24002, 256, 1, 0, 0
25003, 2304, 0, 0, 0
25003, 3072, 1, 0, 0
26003, 512, 1, 0, 0
27003, 1793, 0, 0, 0
27003, 1025, 1, 0, 0
28002, 256, 0, 0, 0
29003, 768, 0, 0, 0
29003, 512, 1, 0, 0
30002, 1281, 0, 0, 0
30002, 3331, 1, 0, 0
31002, 1025, 0, 0, 0
31002, 1025, 1, 0, 0
32002, 1024, 0, 0, 0
32002, 256, 1, 0, 0
34002, 1281, 0, 0, 0
34002, 1793, 1, 0, 0
35002, 1025, 0, 0, 0
35002, 2818, 1, 0, 0
36002, 1792, 0, 0, 0
36002, 2304, 1, 0, 0
38003, 512, 0, 0, 0
38003, 1280, 1, 0, 0
39002, 1025, 0, 0, 0
39002, 1537, 1, 0, 0
40003, 1024, 0, 0, 0
40003, 256, 1, 0, 0
41002, 1793, 0, 0, 0
41002, 3331, 1, 0, 0
42002, 768, 0, 0, 0
42002, 1793, 1, 0, 0
44002, 2560, 0, 0, 0
44002, 1024, 1, 0, 0
45003, 3840, 0, 0, 0
45003, 2560, 1, 0, 0
46002, 1281, 0, 0, 0
46002, 1793, 1, 0, 0
47002, 1793, 0, 0, 0
47002, 2050, 1, 0, 0
48002, 3584, 0, 0, 0
48002, 1792, 1, 0, 0
49002, 2560, 0, 0, 0
49002, 1792, 1, 0, 0
50003, 1792, 0, 0, 0
50003, 1792, 1, 0, 0
51002, 768, 1, 0, 0
53002, 256, 1, 0, 0
54002, 1024, 0, 0, 0
54002, 2304, 1, 0, 0
55003, 256, 1, 0, 0
56003, 1536, 0, 0, 0
56003, 512, 1, 0, 0
57002, 1281, 0, 0, 0
57002, 1537, 1, 0, 0
58002, 1537, 0, 0, 0
58002, 2306, 1, 0, 0
59002, 1024, 0, 0, 0
59002, 256, 1, 0, 0
61003, 1792, 0, 0, 0
61003, 2048, 1, 0, 0
62003, 1792, 0, 0, 0
62003, 1792, 1, 0, 0
63002, 4612, 0, 0, 0
63002, 1537, 1, 0, 0
64003, 2048, 0, 0, 0
64003, 512, 1, 0, 0
65003, 512, 0, 0, 0
66002, 1025, 0, 0, 0
67003, 768, 0, 0, 0
67003, 2560, 1, 0, 0
68003, 2560, 0, 0, 0
68003, 3840, 1, 0, 0
69002, 256, 0, 0, 0
70003, 512, 0, 0, 0
70003, 512, 1, 0, 0
71003, 512, 1, 0, 0
72002, 1025, 1, 0, 0
73003, 4352, 0, 0, 0
73003, 2560, 1, 0, 0
74003, 768, 0, 0, 0
74003, 1792, 1, 0, 0
75002, 1281, 0, 0, 0
75002, 1025, 1, 0, 0
76003, 1536, 0, 0, 0
76003, 512, 1, 0, 0
77003, 512, 0, 0, 0
78002, 1025, 0, 0, 0
78002, 1281, 1, 0, 0
79003, 256, 0, 0, 0
79003, 512, 1, 0, 0
80003, 1280, 0, 0, 0
80003, 2304, 1, 0, 0
82003, 768, 0, 0, 0
82003, 1280, 1, 0, 0
83003, 512, 0, 0, 0
83003, 512, 1, 0, 0
84002, 1281, 0, 0, 0
84002, 768, 1, 0, 0
85003, 256, 0, 0, 0
85003, 768, 1, 0, 0
86003, 512, 0, 0, 0
86003, 768, 1, 0, 0
87002, 1025, 0, 0, 0
87002, 2818, 1, 0, 0
88003, 256, 1, 0, 0
89003, 1280, 0, 0, 0
89003, 1792, 1, 0, 0
90002, 1025, 0, 0, 0
90002, 1025, 1, 0, 0
91003, 2816, 0, 0, 0
91003, 2560, 1, 0, 0
92003, 1024, 0, 0, 0
92003, 1792, 1, 0, 0
93002, 1281, 0, 0, 0
93002, 2818, 1, 0, 0
94003, 1280, 0, 0, 0
94003, 2816, 1, 0, 0
95003, 2560, 0, 0, 0
95003, 3072, 1, 0, 0
96002, 3331, 0, 0, 0
96002, 1281, 1, 0, 0
97003, 1024, 0, 0, 0
97003, 1024, 1, 0, 0
98003, 768, 0, 0, 0
98003, 768, 1, 0, 0
100003, 2304, 0, 0, 0
100003, 1792, 1, 0, 0
101003, 512, 0, 0, 0
101003, 768, 1, 0, 0
102002, 2306, 0, 0, 0
102002, 2562, 1, 0, 0
103003, 3072, 0, 0, 0
103003, 1792, 1, 0, 0
104003, 2304, 0, 0, 0
104003, 2048, 1, 0, 0
105003, 768, 0, 0, 0
105003, 1536, 1, 0, 0
106002, 1281, 0, 0, 0
106002, 1025, 1, 0, 0
107003, 2816, 0, 0, 0
107003, 2048, 1, 0, 0
108003, 1280, 0, 0, 0
108003, 2304, 1, 0, 0
109002, 256, 1, 0, 0
110003, 1792, 0, 0, 0
110003, 2816, 1, 0, 0
111003, 2304, 0, 0, 0
111003, 3840, 1, 0, 0
112002, 1281, 0, 0, 0
112002, 1025, 1, 0, 0
113003, 1024, 0, 0, 0
113003, 1536, 1, 0, 0
114003, 2304, 0, 0, 0
114003, 768, 1, 0, 0
116003, 1025, 1, 0, 0
117003, 1280, 0, 0, 0
117003, 1280, 1, 0, 0
118002, 1281, 0, 0, 0
118002, 512, 1, 0, 0
119003, 3072, 0, 0, 0
119003, 2048, 1, 0, 0
120003, 256, 0, 0, 0
121003, 768, 0, 0, 0
121003, 768, 1, 0, 0
122003, 2818, 0, 0, 0
122003, 3075, 1, 0, 0
123003, 2304, 0, 0, 0
123003, 1024, 1, 0, 0
124002, 256, 0, 0, 0
124002, 256, 1, 0, 0
125003, 768, 0, 0, 0
125003, 256, 1, 0, 0
126003, 1536, 0, 0, 0
126003, 2816, 1, 0, 0
127003, 1280, 0, 0, 0
127003, 2816, 1, 0, 0
128002, 3075, 0, 0, 0
128002, 3331, 1, 0, 0
129003, 768, 0, 0, 0
129003, 256, 1, 0, 0
130003, 3328, 0, 0, 0
130003, 1792, 1, 0, 0
131002, 1281, 0, 0, 0
131002, 2306, 1, 0, 0
132003, 1024, 0, 0, 0
132003, 768, 1, 0, 0
133003, 1792, 0, 0, 0
133003, 1536, 1, 0, 0
134002, 2050, 0, 0, 0
134002, 2562, 1, 0, 0
135003, 3072, 0, 0, 0
135003, 2560, 1, 0, 0
136003, 256, 0, 0, 0
136003, 512, 1, 0, 0
137002, 1793, 0, 0, 0
137002, 2818, 1, 0, 0
138003, 1792, 0, 0, 0
138003, 3584, 1, 0, 0
139003, 2048, 0, 0, 0
139003, 256, 1, 0, 0
140002, 512, 0, 0, 0
140002, 768, 1, 0, 0
141003, 2304, 0, 0, 0
141003, 1280, 1, 0, 0
142003, 1024, 0, 0, 0
142003, 1024, 1, 0, 0
143002, 2562, 0, 0, 0
143002, 3075, 1, 0, 0
144003, 2560, 0, 0, 0
144003, 1280, 1, 0, 0
145003, 1280, 0, 0, 0
145003, 768, 1, 0, 0
146002, 256, 1, 0, 0
148003, 512, 0, 0, 0
148003, 1280, 1, 0, 0
149002, 256, 1, 0, 0
150003, 2304, 0, 0, 0
150003, 1792, 1, 0, 0
151003, 1024, 0, 0, 0
151003, 1024, 1, 0, 0
152003, 2050, 0, 0, 0
152003, 1025, 1, 0, 0
153003, 2304, 0, 0, 0
153003, 3072, 1, 0, 0
155003, 2816, 0, 0, 0
155003, 2048, 1, 0, 0
156003, 1792, 0, 0, 0
156003, 2560, 1, 0, 0
157002, 3075, 0, 0, 0
157002, 2050, 1, 0, 0
158003, 4352, 0, 0, 0
158003, 4096, 1, 0, 0
159003, 1792, 0, 0, 0
159003, 1536, 1, 0, 0
160002, 256, 0, 0, 0
161003, 4864, 0, 0, 0
161003, 2304, 1, 0, 0
162003, 1024, 0, 0, 0
162003, 256, 1, 0, 0
167003, 2560, 0, 0, 0
167003, 1792, 1, 0, 0
168002, 512, 0, 0, 0
168002, 256, 1, 0, 0
169003, 768, 0, 0, 0
169003, 256, 1, 0, 0
170003, 256, 0, 0, 0
170003, 768, 1, 0, 0
171003, 1536, 0, 0, 0
172002, 3075, 0, 0, 0
172002, 2306, 1, 0, 0
173003, 512, 1, 0, 0
174003, 1536, 0, 0, 0
174003, 512, 1, 0, 0
175002, 2562, 0, 0, 0
175002, 2306, 1, 0, 0
176003, 1024, 0, 0, 0
177003, 1280, 0, 0, 0
177003, 1792, 1, 0, 0
178002, 768, 0, 0, 0
178002, 256, 1, 0, 0
179003, 1280, 0, 0, 0
179003, 1536, 1, 0, 0
180003, 1536, 0, 0, 0
180003, 1024, 1, 0, 0
