15004, 1792, 0, 0, 0
15004, 1792, 1, 0, 0
16005, 2560, 0, 0, 0
16005, 1280, 1, 0, 0
17004, 1025, 0, 0, 0
17004, 2050, 1, 0, 0
18004, 1281, 0, 0, 0
18004, 1025, 1, 0, 0
19004, 3072, 0, 0, 0
19004, 768, 1, 0, 0
20005, 768, 1, 0, 0
21004, 768, 0, 0, 0
21004, 512, 1, 0, 0
22005, 256, 1, 0, 0
23005, 256, 0, 0, 0
23005, 256, 1, 0, 0
25005, 1024, 0, 0, 0
25005, 512, 1, 0, 0
27005, 256, 0, 0, 0
27005, 1281, 1, 0, 0
28004, 4100, 0, 0, 0
28004, 3331, 1, 0, 0
29005, 768, 0, 0, 0
29005, 1536, 1, 0, 0
30004, 1025, 0, 0, 0
30004, 256, 1, 0, 0
31004, 1025, 0, 0, 0
31004, 1025, 1, 0, 0
32004, 1024, 0, 0, 0
32004, 256, 1, 0, 0
33005, 1280, 0, 0, 0
33005, 2048, 1, 0, 0
34004, 1281, 0, 0, 0
34004, 2306, 1, 0, 0
35004, 512, 0, 0, 0
35004, 256, 1, 0, 0
36004, 768, 0, 0, 0
36004, 1024, 1, 0, 0
37004, 1024, 0, 0, 0
37004, 768, 1, 0, 0
38005, 1280, 0, 0, 0
38005, 1280, 1, 0, 0
39004, 256, 1, 0, 0
40005, 2304, 0, 0, 0
40005, 1536, 1, 0, 0
41004, 256, 0, 0, 0
41004, 256, 1, 0, 0
42004, 1025, 0, 0, 0
42004, 768, 1, 0, 0
43004, 4096, 0, 0, 0
43004, 3072, 1, 0, 0
45005, 2304, 0, 0, 0
45005, 2816, 1, 0, 0
46004, 256, 0, 0, 0
46004, 1025, 1, 0, 0
47004, 1025, 0, 0, 0
47004, 3075, 1, 0, 0
48004, 512, 0, 0, 0
48004, 1280, 1, 0, 0
49004, 512, 0, 0, 0
49004, 768, 1, 0, 0
50005, 256, 1, 0, 0
51004, 256, 0, 0, 0
51004, 256, 1, 0, 0
52004, 1025, 0, 0, 0
52004, 1537, 1, 0, 0
53004, 1280, 0, 0, 0
53004, 2048, 1, 0, 0
54004, 3840, 0, 0, 0
54004, 2560, 1, 0, 0
55005, 1536, 0, 0, 0
55005, 512, 1, 0, 0
56005, 512, 0, 0, 0
57004, 2050, 0, 0, 0
57004, 2306, 1, 0, 0
58004, 256, 1, 0, 0
59004, 768, 0, 0, 0
59004, 256, 1, 0, 0
62005, 256, 0, 0, 0
63004, 4100, 0, 0, 0
63004, 4100, 1, 0, 0
64005, 512, 0, 0, 0
64005, 768, 1, 0, 0
66004, 256, 0, 0, 0
67005, 256, 0, 0, 0
67005, 1280, 1, 0, 0
70005, 3072, 0, 0, 0
70005, 2560, 1, 0, 0
71005, 256, 0, 0, 0
71005, 512, 1, 0, 0
72004, 256, 1, 0, 0
73005, 2560, 0, 0, 0
73005, 1280, 1, 0, 0
74005, 1536, 0, 0, 0
74005, 512, 1, 0, 0
75004, 1793, 0, 0, 0
75004, 2562, 1, 0, 0
76005, 1280, 0, 0, 0
76005, 512, 1, 0, 0
77005, 512, 0, 0, 0
77005, 768, 1, 0, 0
78004, 256, 0, 0, 0
78004, 512, 1, 0, 0
79005, 1792, 0, 0, 0
79005, 1024, 1, 0, 0
80005, 2560, 0, 0, 0
80005, 1024, 1, 0, 0
81004, 512, 0, 0, 0
82005, 768, 0, 0, 0
82005, 256, 1, 0, 0
83005, 1024, 0, 0, 0
83005, 2048, 1, 0, 0
84004, 1537, 0, 0, 0
84004, 1793, 1, 0, 0
85005, 2304, 0, 0, 0
85005, 2560, 1, 0, 0
86005, 1280, 0, 0, 0
86005, 1024, 1, 0, 0
87004, 1025, 0, 0, 0
87004, 1281, 1, 0, 0
88005, 256, 1, 0, 0
89005, 1792, 0, 0, 0
89005, 2560, 1, 0, 0
90004, 1537, 0, 0, 0
90004, 3587, 1, 0, 0
93004, 1281, 0, 0, 0
93004, 1025, 1, 0, 0
94005, 3072, 0, 0, 0
94005, 2816, 1, 0, 0
95005, 1024, 0, 0, 0
95005, 768, 1, 0, 0
96004, 1537, 0, 0, 0
96004, 2818, 1, 0, 0
97005, 768, 0, 0, 0
97005, 768, 1, 0, 0
98005, 768, 0, 0, 0
98005, 1536, 1, 0, 0
99004, 256, 0, 0, 0
99004, 512, 1, 0, 0
100004, 1536, 0, 0, 0
100004, 1024, 1, 0, 0
101005, 256, 0, 0, 0
101005, 256, 1, 0, 0
103004, 1536, 0, 0, 0
103004, 2048, 1, 0, 0
104005, 2048, 0, 0, 0
104005, 768, 1, 0, 0
105005, 512, 0, 0, 0
105005, 512, 1, 0, 0
106004, 3331, 0, 0, 0
106004, 2050, 1, 0, 0
107005, 768, 0, 0, 0
107005, 256, 1, 0, 0
108005, 3072, 0, 0, 0
108005, 2560, 1, 0, 0
109004, 1025, 0, 0, 0
109004, 1537, 1, 0, 0
110005, 256, 0, 0, 0
110005, 256, 1, 0, 0
111005, 1536, 0, 0, 0
111005, 1536, 1, 0, 0
112004, 256, 1, 0, 0
113004, 256, 0, 0, 0
113004, 256, 1, 0, 0
114005, 1280, 0, 0, 0
114005, 1280, 1, 0, 0
116005, 256, 0, 0, 0
116005, 256, 1, 0, 0
118004, 1793, 0, 0, 0
118004, 2050, 1, 0, 0
119005, 2816, 0, 0, 0
119005, 2304, 1, 0, 0
120005, 1024, 0, 0, 0
120005, 2048, 1, 0, 0
121005, 3072, 0, 0, 0
121005, 1024, 1, 0, 0
122004, 3331, 0, 0, 0
122004, 2818, 1, 0, 0
123005, 256, 0, 0, 0
123005, 512, 1, 0, 0
124004, 2050, 0, 0, 0
124004, 1793, 1, 0, 0
125004, 256, 0, 0, 0
125004, 1024, 1, 0, 0
126005, 256, 0, 0, 0
126005, 512, 1, 0, 0
127005, 1024, 0, 0, 0
127005, 256, 1, 0, 0
128004, 1537, 0, 0, 0
128004, 1025, 1, 0, 0
129005, 1792, 0, 0, 0
129005, 3328, 1, 0, 0
130005, 256, 1, 0, 0
132005, 2560, 0, 0, 0
132005, 2048, 1, 0, 0
133005, 2304, 0, 0, 0
133005, 2048, 1, 0, 0
135005, 2304, 0, 0, 0
135005, 1024, 1, 0, 0
136005, 1024, 0, 0, 0
136005, 512, 1, 0, 0
137004, 768, 0, 0, 0
137004, 256, 1, 0, 0
138005, 3328, 0, 0, 0
138005, 3584, 1, 0, 0
139005, 2304, 0, 0, 0
139005, 4352, 1, 0, 0
140004, 1025, 0, 0, 0
140004, 256, 1, 0, 0
142005, 2816, 0, 0, 0
142005, 3072, 1, 0, 0
143004, 4100, 0, 0, 0
143004, 3843, 1, 0, 0
144005, 1792, 0, 0, 0
144005, 1280, 1, 0, 0
145005, 1024, 0, 0, 0
145005, 1024, 1, 0, 0
146004, 1025, 0, 0, 0
146004, 768, 1, 0, 0
147005, 1792, 0, 0, 0
147005, 1280, 1, 0, 0
148005, 256, 0, 0, 0
148005, 256, 1, 0, 0
149004, 1793, 0, 0, 0
149004, 1281, 1, 0, 0
150005, 2560, 0, 0, 0
150005, 1792, 1, 0, 0
151005, 256, 0, 0, 0
151005, 512, 1, 0, 0
152005, 1025, 0, 0, 0
152005, 512, 1, 0, 0
153005, 256, 1, 0, 0
154004, 768, 0, 0, 0
154004, 768, 1, 0, 0
155005, 256, 0, 0, 0
155005, 768, 1, 0, 0
156005, 2304, 0, 0, 0
156005, 3072, 1, 0, 0
157004, 256, 0, 0, 0
157004, 512, 1, 0, 0
158005, 768, 0, 0, 0
158005, 512, 1, 0, 0
159005, 2048, 0, 0, 0
159005, 1792, 1, 0, 0
160004, 1537, 0, 0, 0
160004, 3075, 1, 0, 0
161005, 2048, 0, 0, 0
161005, 512, 1, 0, 0
162005, 1792, 0, 0, 0
162005, 1792, 1, 0, 0
163004, 512, 1, 0, 0
164005, 1024, 0, 0, 0
164005, 1536, 1, 0, 0
165004, 1537, 0, 0, 0
165004, 1281, 1, 0, 0
166005, 256, 0, 0, 0
166005, 768, 1, 0, 0
167005, 1024, 0, 0, 0
167005, 2048, 1, 0, 0
168004, 1537, 0, 0, 0
168004, 768, 1, 0, 0
169004, 1792, 0, 0, 0
169004, 1536, 1, 0, 0
170005, 512, 1, 0, 0
171005, 512, 0, 0, 0
171005, 1024, 1, 0, 0
172004, 1537, 0, 0, 0
172004, 2306, 1, 0, 0
173005, 1792, 0, 0, 0
173005, 1024, 1, 0, 0
174005, 768, 0, 0, 0
174005, 512, 1, 0, 0
175004, 3587, 0, 0, 0
175004, 2562, 1, 0, 0
177005, 1280, 0, 0, 0
177005, 2048, 1, 0, 0
178004, 768, 0, 0, 0
178004, 1793, 1, 0, 0
179005, 1024, 0, 0, 0
179005, 1280, 1, 0, 0
180005, 256, 0, 0, 0
180005, 2304, 1, 0, 0
