33998, 256, 1, 0, 0
34998, 512, 0, 0, 0
36998, 512, 0, 0, 0
36998, 256, 1, 0, 0
37999, 1536, 0, 0, 0
37999, 1536, 1, 0, 0
38998, 256, 1, 0, 0
39999, 256, 0, 0, 0
39999, 256, 1, 0, 0
40998, 256, 0, 0, 0
40998, 512, 1, 0, 0
43998, 256, 0, 0, 0
44999, 256, 0, 0, 0
44999, 256, 1, 0, 0
45998, 256, 0, 0, 0
45998, 512, 1, 0, 0
46998, 1793, 0, 0, 0
46998, 2818, 1, 0, 0
47998, 256, 0, 0, 0
47998, 512, 1, 0, 0
49999, 768, 0, 0, 0
50998, 768, 0, 0, 0
51998, 256, 1, 0, 0
53998, 256, 1, 0, 0
54999, 256, 0, 0, 0
55999, 768, 0, 0, 0
56998, 768, 0, 0, 0
56998, 768, 1, 0, 0
57998, 512, 1, 0, 0
58998, 768, 0, 0, 0
58998, 256, 1, 0, 0
59998, 768, 0, 0, 0
59998, 1024, 1, 0, 0
60999, 1024, 0, 0, 0
60999, 2048, 1, 0, 0
61999, 256, 0, 0, 0
61999, 256, 1, 0, 0
62998, 256, 0, 0, 0
62998, 1025, 1, 0, 0
63999, 256, 0, 0, 0
65998, 2050, 0, 0, 0
65998, 1025, 1, 0, 0
66999, 512, 0, 0, 0
66999, 1280, 1, 0, 0
67999, 768, 1, 0, 0
68998, 256, 1, 0, 0
69999, 512, 0, 0, 0
69999, 256, 1, 0, 0
70999, 512, 0, 0, 0
70999, 512, 1, 0, 0
71998, 1281, 1, 0, 0
72999, 1280, 0, 0, 0
72999, 1024, 1, 0, 0
74998, 512, 0, 0, 0
76999, 512, 1, 0, 0
78999, 256, 0, 0, 0
78999, 256, 1, 0, 0
79999, 1024, 0, 0, 0
79999, 1280, 1, 0, 0
80998, 512, 0, 0, 0
80998, 256, 1, 0, 0
81999, 256, 1, 0, 0
82999, 1280, 0, 0, 0
82999, 1280, 1, 0, 0
85999, 512, 0, 0, 0
85999, 256, 1, 0, 0
87999, 1536, 0, 0, 0
87999, 1280, 1, 0, 0
88999, 1280, 0, 0, 0
88999, 256, 1, 0, 0
89998, 768, 1, 0, 0
90999, 1280, 0, 0, 0
90999, 1536, 1, 0, 0
91999, 256, 0, 0, 0
91999, 512, 1, 0, 0
92998, 256, 1, 0, 0
93999, 256, 0, 0, 0
95998, 256, 1, 0, 0
96999, 1024, 0, 0, 0
96999, 1280, 1, 0, 0
97999, 256, 1, 0, 0
98998, 1793, 0, 0, 0
98998, 768, 1, 0, 0
99999, 256, 0, 0, 0
101998, 256, 1, 0, 0
102998, 768, 0, 0, 0
102998, 768, 1, 0, 0
103999, 768, 0, 0, 0
103999, 256, 1, 0, 0
105998, 512, 0, 0, 0
105998, 256, 1, 0, 0
107999, 256, 0, 0, 0
108998, 1281, 0, 0, 0
108998, 256, 1, 0, 0
109999, 512, 1, 0, 0
110999, 768, 0, 0, 0
110999, 512, 1, 0, 0
111998, 512, 1, 0, 0
112999, 256, 0, 0, 0
114999, 512, 0, 0, 0
115999, 1793, 0, 0, 0
115999, 1281, 1, 0, 0
116999, 256, 0, 0, 0
117998, 512, 0, 0, 0
117998, 1025, 1, 0, 0
118999, 256, 0, 0, 0
119999, 512, 0, 0, 0
119999, 768, 1, 0, 0
120999, 512, 0, 0, 0
121999, 512, 0, 0, 0
121999, 768, 1, 0, 0
122999, 1536, 0, 0, 0
122999, 512, 1, 0, 0
123998, 256, 0, 0, 0
123998, 512, 1, 0, 0
124999, 768, 0, 0, 0
124999, 1024, 1, 0, 0
125999, 256, 0, 0, 0
125999, 256, 1, 0, 0
126999, 256, 0, 0, 0
127998, 256, 0, 0, 0
128999, 2048, 0, 0, 0
128999, 512, 1, 0, 0
129999, 256, 0, 0, 0
129999, 512, 1, 0, 0
130998, 512, 0, 0, 0
131999, 256, 0, 0, 0
132999, 2048, 0, 0, 0
132999, 1280, 1, 0, 0
133998, 512, 1, 0, 0
134999, 256, 0, 0, 0
134999, 768, 1, 0, 0
135999, 768, 0, 0, 0
135999, 1024, 1, 0, 0
136998, 1793, 0, 0, 0
136998, 1025, 1, 0, 0
138999, 512, 0, 0, 0
138999, 768, 1, 0, 0
139998, 512, 0, 0, 0
139998, 768, 1, 0, 0
140999, 256, 0, 0, 0
141999, 768, 0, 0, 0
141999, 512, 1, 0, 0
142998, 1025, 0, 0, 0
142998, 768, 1, 0, 0
143999, 512, 0, 0, 0
145998, 512, 0, 0, 0
145998, 512, 1, 0, 0
146999, 768, 0, 0, 0
146999, 1792, 1, 0, 0
147999, 256, 0, 0, 0
147999, 256, 1, 0, 0
148998, 512, 0, 0, 0
148998, 768, 1, 0, 0
149999, 768, 0, 0, 0
149999, 512, 1, 0, 0
150999, 1280, 0, 0, 0
150999, 1280, 1, 0, 0
151999, 256, 0, 0, 0
151999, 768, 1, 0, 0
152999, 256, 1, 0, 0
153998, 768, 0, 0, 0
153998, 256, 1, 0, 0
154999, 768, 0, 0, 0
154999, 256, 1, 0, 0
155999, 1024, 0, 0, 0
155999, 1536, 1, 0, 0
156998, 768, 0, 0, 0
156998, 1025, 1, 0, 0
157999, 1280, 0, 0, 0
157999, 512, 1, 0, 0
158999, 768, 0, 0, 0
158999, 1280, 1, 0, 0
159998, 512, 0, 0, 0
159998, 256, 1, 0, 0
160999, 256, 1, 0, 0
161999, 512, 0, 0, 0
162998, 256, 0, 0, 0
162998, 256, 1, 0, 0
163999, 512, 0, 0, 0
163999, 1536, 1, 0, 0
164998, 256, 1, 0, 0
165999, 256, 0, 0, 0
165999, 768, 1, 0, 0
168999, 256, 1, 0, 0
169999, 512, 0, 0, 0
169999, 768, 1, 0, 0
170999, 1024, 0, 0, 0
170999, 512, 1, 0, 0
171998, 256, 0, 0, 0
173999, 1792, 0, 0, 0
173999, 768, 1, 0, 0
174998, 512, 0, 0, 0
174998, 256, 1, 0, 0
175999, 512, 0, 0, 0
175999, 512, 1, 0, 0
176999, 512, 0, 0, 0
176999, 1280, 1, 0, 0
177998, 256, 0, 0, 0
178999, 256, 0, 0, 0
178999, 256, 1, 0, 0
179999, 768, 0, 0, 0
179999, 256, 1, 0, 0
