16008, 1536, 0, 0, 0
16008, 1280, 1, 0, 0
17008, 3072, 0, 0, 0
17008, 3584, 1, 0, 0
18009, 2304, 0, 0, 0
18009, 768, 1, 0, 0
19009, 1024, 0, 0, 0
19009, 2304, 1, 0, 0
20010, 1280, 0, 0, 0
21009, 1025, 0, 0, 0
21009, 1793, 1, 0, 0
22010, 768, 0, 0, 0
22010, 1024, 1, 0, 0
23009, 1537, 1, 0, 0
24009, 1025, 0, 0, 0
24009, 3587, 1, 0, 0
25009, 1792, 0, 0, 0
25009, 2304, 1, 0, 0
26010, 2048, 0, 0, 0
26010, 768, 1, 0, 0
27009, 768, 0, 0, 0
27009, 1025, 1, 0, 0
28009, 3587, 0, 0, 0
28009, 2306, 1, 0, 0
29009, 1792, 0, 0, 0
29009, 2816, 1, 0, 0
30009, 1281, 0, 0, 0
30009, 768, 1, 0, 0
31008, 256, 1, 0, 0
32009, 512, 0, 0, 0
32009, 1280, 1, 0, 0
33010, 256, 0, 0, 0
33010, 768, 1, 0, 0
34009, 512, 0, 0, 0
34009, 512, 1, 0, 0
35008, 512, 0, 0, 0
35008, 1281, 1, 0, 0
36009, 2304, 0, 0, 0
36009, 2304, 1, 0, 0
37009, 4096, 0, 0, 0
37009, 3072, 1, 0, 0
38010, 768, 1, 0, 0
39009, 3331, 0, 0, 0
39009, 3075, 1, 0, 0
40010, 1280, 0, 0, 0
40010, 1024, 1, 0, 0
41009, 1793, 0, 0, 0
41009, 1537, 1, 0, 0
42008, 256, 0, 0, 0
42008, 1281, 1, 0, 0
44009, 512, 0, 0, 0
44009, 2304, 1, 0, 0
45010, 1024, 1, 0, 0
47008, 1281, 0, 0, 0
47008, 768, 1, 0, 0
48009, 1792, 0, 0, 0
48009, 1536, 1, 0, 0
50010, 768, 0, 0, 0
50010, 256, 1, 0, 0
51009, 256, 1, 0, 0
52008, 1537, 0, 0, 0
52008, 512, 1, 0, 0
53009, 3072, 0, 0, 0
53009, 1536, 1, 0, 0
54009, 768, 0, 0, 0
54009, 768, 1, 0, 0
55009, 256, 0, 0, 0
55009, 256, 1, 0, 0
56010, 1024, 0, 0, 0
56010, 1024, 1, 0, 0
57009, 2050, 0, 0, 0
57009, 1793, 1, 0, 0
59009, 1280, 0, 0, 0
59009, 1280, 1, 0, 0
60009, 768, 0, 0, 0
60009, 256, 1, 0, 0
61009, 512, 1, 0, 0
62010, 256, 0, 0, 0
63009, 256, 1, 0, 0
64009, 1024, 0, 0, 0
64009, 768, 1, 0, 0
65010, 1280, 0, 0, 0
65010, 5120, 1, 0, 0
66009, 512, 0, 0, 0
66009, 512, 1, 0, 0
67010, 1024, 0, 0, 0
67010, 1280, 1, 0, 0
68010, 512, 0, 0, 0
68010, 2304, 1, 0, 0
69009, 256, 1, 0, 0
70010, 256, 0, 0, 0
70010, 256, 1, 0, 0
72009, 768, 0, 0, 0
72009, 1537, 1, 0, 0
73010, 1280, 0, 0, 0
73010, 1280, 1, 0, 0
74010, 512, 0, 0, 0
74010, 2816, 1, 0, 0
75009, 2818, 0, 0, 0
75009, 2562, 1, 0, 0
76009, 768, 0, 0, 0
76009, 1536, 1, 0, 0
77010, 1280, 0, 0, 0
77010, 2048, 1, 0, 0
78009, 2306, 0, 0, 0
78009, 2050, 1, 0, 0
79010, 512, 0, 0, 0
79010, 1536, 1, 0, 0
80010, 512, 0, 0, 0
80010, 512, 1, 0, 0
81009, 2050, 0, 0, 0
81009, 2050, 1, 0, 0
82010, 512, 0, 0, 0
82010, 256, 1, 0, 0
83010, 1536, 0, 0, 0
83010, 1536, 1, 0, 0
84009, 1025, 1, 0, 0
85009, 1280, 0, 0, 0
85009, 256, 1, 0, 0
86010, 1792, 0, 0, 0
86010, 2048, 1, 0, 0
87009, 1537, 0, 0, 0
87009, 1281, 1, 0, 0
89010, 1536, 0, 0, 0
89010, 1280, 1, 0, 0
90009, 256, 0, 0, 0
91009, 512, 0, 0, 0
91009, 1536, 1, 0, 0
93009, 768, 0, 0, 0
93009, 1025, 1, 0, 0
94009, 1024, 0, 0, 0
94009, 1536, 1, 0, 0
95010, 1536, 0, 0, 0
95010, 1280, 1, 0, 0
96009, 1793, 0, 0, 0
96009, 3075, 1, 0, 0
99009, 512, 0, 0, 0
99009, 512, 1, 0, 0
100009, 4352, 0, 0, 0
100009, 3072, 1, 0, 0
101010, 1792, 0, 0, 0
101010, 2304, 1, 0, 0
102009, 1025, 0, 0, 0
102009, 1281, 1, 0, 0
103009, 768, 0, 0, 0
103009, 512, 1, 0, 0
105010, 512, 0, 0, 0
105010, 1024, 1, 0, 0
106009, 2818, 0, 0, 0
106009, 2818, 1, 0, 0
107010, 3328, 0, 0, 0
107010, 2816, 1, 0, 0
108010, 1024, 0, 0, 0
108010, 768, 1, 0, 0
109009, 3331, 0, 0, 0
109009, 3075, 1, 0, 0
110009, 1280, 0, 0, 0
110009, 1024, 1, 0, 0
111010, 1792, 0, 0, 0
111010, 1792, 1, 0, 0
113009, 1280, 0, 0, 0
113009, 1024, 1, 0, 0
114010, 2816, 0, 0, 0
114010, 4352, 1, 0, 0
115010, 1024, 0, 0, 0
115010, 768, 1, 0, 0
116009, 3843, 0, 0, 0
116009, 3587, 1, 0, 0
117010, 1792, 0, 0, 0
117010, 1024, 1, 0, 0
118009, 2050, 0, 0, 0
118009, 768, 1, 0, 0
119009, 1024, 0, 0, 0
119009, 2048, 1, 0, 0
120010, 4352, 0, 0, 0
120010, 768, 1, 0, 0
121010, 1024, 0, 0, 0
121010, 1280, 1, 0, 0
122009, 512, 0, 0, 0
122009, 768, 1, 0, 0
123010, 256, 0, 0, 0
124009, 256, 1, 0, 0
125009, 2048, 0, 0, 0
125009, 1280, 1, 0, 0
126010, 1792, 0, 0, 0
126010, 2560, 1, 0, 0
127010, 1024, 0, 0, 0
127010, 1024, 1, 0, 0
128009, 2818, 0, 0, 0
128009, 2050, 1, 0, 0
130010, 2048, 0, 0, 0
130010, 768, 1, 0, 0
131009, 2306, 0, 0, 0
131009, 2818, 1, 0, 0
133010, 2048, 0, 0, 0
133010, 1792, 1, 0, 0
134009, 768, 0, 0, 0
134009, 1025, 1, 0, 0
135010, 1280, 0, 0, 0
135010, 2048, 1, 0, 0
136010, 512, 0, 0, 0
137009, 4100, 0, 0, 0
137009, 3843, 1, 0, 0
138010, 2048, 0, 0, 0
138010, 2304, 1, 0, 0
139010, 768, 0, 0, 0
139010, 2304, 1, 0, 0
140009, 1537, 0, 0, 0
140009, 512, 1, 0, 0
142010, 2304, 0, 0, 0
142010, 2816, 1, 0, 0
143009, 3331, 0, 0, 0
143009, 3075, 1, 0, 0
144010, 512, 0, 0, 0
144010, 768, 1, 0, 0
145010, 1024, 0, 0, 0
145010, 768, 1, 0, 0
146009, 256, 0, 0, 0
146009, 256, 1, 0, 0
147010, 1536, 0, 0, 0
147010, 1536, 1, 0, 0
148010, 768, 0, 0, 0
148010, 256, 1, 0, 0
149009, 1537, 0, 0, 0
149009, 1025, 1, 0, 0
150010, 3072, 0, 0, 0
150010, 1280, 1, 0, 0
151010, 1792, 0, 0, 0
151010, 3328, 1, 0, 0
152009, 3843, 0, 0, 0
152009, 3331, 1, 0, 0
153010, 4352, 0, 0, 0
153010, 4608, 1, 0, 0
154009, 3587, 0, 0, 0
154009, 3075, 1, 0, 0
155009, 512, 0, 0, 0
155009, 1024, 1, 0, 0
156010, 2048, 0, 0, 0
156010, 2048, 1, 0, 0
157009, 2306, 0, 0, 0
157009, 1281, 1, 0, 0
158010, 1792, 0, 0, 0
158010, 3072, 1, 0, 0
159010, 2304, 0, 0, 0
159010, 1792, 1, 0, 0
160009, 512, 0, 0, 0
160009, 768, 1, 0, 0
161009, 2560, 0, 0, 0
161009, 1024, 1, 0, 0
162010, 1536, 0, 0, 0
162010, 768, 1, 0, 0
163009, 2050, 0, 0, 0
163009, 2562, 1, 0, 0
164010, 2304, 0, 0, 0
164010, 1536, 1, 0, 0
165009, 1025, 0, 0, 0
165009, 1025, 1, 0, 0
166009, 768, 0, 0, 0
166009, 1024, 1, 0, 0
168009, 512, 0, 0, 0
169009, 1536, 0, 0, 0
169009, 2816, 1, 0, 0
170010, 256, 1, 0, 0
171010, 2816, 0, 0, 0
171010, 1280, 1, 0, 0
174010, 2816, 0, 0, 0
174010, 768, 1, 0, 0
175009, 512, 1, 0, 0
176010, 2816, 0, 0, 0
176010, 1536, 1, 0, 0
177010, 1280, 0, 0, 0
177010, 768, 1, 0, 0
178009, 256, 0, 0, 0
178009, 512, 1, 0, 0
180010, 256, 0, 0, 0
