28999, 512, 0, 0, 0
28999, 1024, 1, 0, 0
29998, 512, 0, 0, 0
29998, 256, 1, 0, 0
31998, 512, 0, 0, 0
31998, 768, 1, 0, 0
32999, 512, 0, 0, 0
32999, 512, 1, 0, 0
33998, 256, 0, 0, 0
34998, 1025, 0, 0, 0
34998, 768, 1, 0, 0
35998, 768, 0, 0, 0
35998, 1280, 1, 0, 0
36998, 768, 0, 0, 0
36998, 512, 1, 0, 0
37999, 1536, 0, 0, 0
37999, 2048, 1, 0, 0
38998, 256, 1, 0, 0
39999, 256, 1, 0, 0
41998, 1281, 0, 0, 0
41998, 768, 1, 0, 0
42998, 1536, 0, 0, 0
42998, 1536, 1, 0, 0
43998, 768, 0, 0, 0
43998, 768, 1, 0, 0
44999, 256, 1, 0, 0
45998, 1793, 0, 0, 0
45998, 1537, 1, 0, 0
46998, 1537, 0, 0, 0
46998, 512, 1, 0, 0
47998, 768, 0, 0, 0
47998, 256, 1, 0, 0
48998, 512, 0, 0, 0
48998, 1024, 1, 0, 0
49999, 512, 0, 0, 0
49999, 1536, 1, 0, 0
50998, 1025, 0, 0, 0
50998, 768, 1, 0, 0
51998, 512, 0, 0, 0
51998, 512, 1, 0, 0
52998, 768, 0, 0, 0
52998, 768, 1, 0, 0
53998, 512, 0, 0, 0
53998, 1280, 1, 0, 0
54999, 512, 0, 0, 0
54999, 2304, 1, 0, 0
55999, 256, 0, 0, 0
55999, 256, 1, 0, 0
56998, 768, 0, 0, 0
56998, 1281, 1, 0, 0
57998, 1537, 0, 0, 0
57998, 1025, 1, 0, 0
58998, 768, 0, 0, 0
58998, 1280, 1, 0, 0
59998, 512, 1, 0, 0
60999, 768, 1, 0, 0
61999, 1536, 0, 0, 0
61999, 256, 1, 0, 0
62998, 256, 0, 0, 0
63999, 256, 0, 0, 0
63999, 1024, 1, 0, 0
64999, 1280, 0, 0, 0
64999, 768, 1, 0, 0
65998, 768, 1, 0, 0
66999, 1024, 0, 0, 0
66999, 512, 1, 0, 0
67999, 256, 0, 0, 0
68998, 256, 0, 0, 0
69999, 256, 0, 0, 0
69999, 256, 1, 0, 0
70999, 256, 1, 0, 0
71998, 768, 0, 0, 0
72999, 512, 0, 0, 0
73999, 2048, 0, 0, 0
73999, 1792, 1, 0, 0
74998, 512, 0, 0, 0
74998, 1537, 1, 0, 0
75999, 512, 0, 0, 0
76999, 1536, 0, 0, 0
76999, 512, 1, 0, 0
77998, 256, 1, 0, 0
78999, 1280, 0, 0, 0
78999, 768, 1, 0, 0
79999, 512, 1, 0, 0
80998, 2306, 0, 0, 0
80998, 1025, 1, 0, 0
81999, 256, 1, 0, 0
82999, 512, 1, 0, 0
83998, 768, 0, 0, 0
83998, 768, 1, 0, 0
84999, 256, 0, 0, 0
85999, 512, 0, 0, 0
85999, 512, 1, 0, 0
86998, 512, 0, 0, 0
86998, 768, 1, 0, 0
87999, 512, 0, 0, 0
87999, 256, 1, 0, 0
88999, 256, 0, 0, 0
88999, 1280, 1, 0, 0
89998, 1281, 0, 0, 0
89998, 2050, 1, 0, 0
90999, 256, 0, 0, 0
90999, 1280, 1, 0, 0
91999, 256, 0, 0, 0
91999, 768, 1, 0, 0
92998, 512, 0, 0, 0
92998, 512, 1, 0, 0
93999, 256, 1, 0, 0
94999, 512, 0, 0, 0
94999, 1024, 1, 0, 0
96999, 256, 0, 0, 0
97999, 256, 1, 0, 0
98998, 256, 0, 0, 0
98998, 512, 1, 0, 0
99999, 1792, 0, 0, 0
99999, 1792, 1, 0, 0
100999, 768, 1, 0, 0
101998, 512, 0, 0, 0
102999, 256, 0, 0, 0
102999, 1280, 1, 0, 0
103999, 512, 0, 0, 0
103999, 512, 1, 0, 0
104999, 768, 0, 0, 0
104999, 1024, 1, 0, 0
105998, 512, 0, 0, 0
105998, 256, 1, 0, 0
109999, 1792, 0, 0, 0
109999, 512, 1, 0, 0
110999, 256, 0, 0, 0
110999, 256, 1, 0, 0
111998, 1025, 0, 0, 0
111998, 512, 1, 0, 0
112999, 1280, 0, 0, 0
112999, 1792, 1, 0, 0
113999, 1280, 0, 0, 0
113999, 2048, 1, 0, 0
114999, 256, 0, 0, 0
115999, 512, 0, 0, 0
116999, 768, 0, 0, 0
116999, 256, 1, 0, 0
117998, 768, 0, 0, 0
117998, 1537, 1, 0, 0
118999, 1280, 1, 0, 0
119999, 768, 0, 0, 0
119999, 1024, 1, 0, 0
120999, 256, 0, 0, 0
120999, 256, 1, 0, 0
121999, 256, 0, 0, 0
122999, 1280, 1, 0, 0
124999, 1024, 0, 0, 0
124999, 1024, 1, 0, 0
125999, 512, 0, 0, 0
125999, 512, 1, 0, 0
126999, 1024, 0, 0, 0
126999, 768, 1, 0, 0
127998, 512, 0, 0, 0
127998, 1537, 1, 0, 0
128999, 768, 0, 0, 0
128999, 512, 1, 0, 0
129999, 256, 0, 0, 0
129999, 256, 1, 0, 0
130998, 1281, 0, 0, 0
130998, 1281, 1, 0, 0
131999, 256, 1, 0, 0
132999, 512, 0, 0, 0
133998, 512, 1, 0, 0
134999, 1024, 0, 0, 0
134999, 256, 1, 0, 0
135999, 256, 0, 0, 0
135999, 256, 1, 0, 0
136998, 256, 0, 0, 0
137999, 768, 0, 0, 0
137999, 1280, 1, 0, 0
138999, 1024, 0, 0, 0
138999, 1024, 1, 0, 0
139998, 512, 0, 0, 0
139998, 768, 1, 0, 0
140999, 768, 0, 0, 0
140999, 768, 1, 0, 0
141999, 768, 0, 0, 0
141999, 1024, 1, 0, 0
143999, 256, 0, 0, 0
143999, 1536, 1, 0, 0
144999, 1024, 0, 0, 0
144999, 768, 1, 0, 0
145998, 512, 0, 0, 0
145998, 1025, 1, 0, 0
146999, 512, 0, 0, 0
146999, 1024, 1, 0, 0
147999, 512, 1, 0, 0
149999, 3072, 0, 0, 0
149999, 1280, 1, 0, 0
150999, 1792, 0, 0, 0
150999, 1024, 1, 0, 0
151999, 512, 0, 0, 0
151999, 512, 1, 0, 0
152999, 1024, 0, 0, 0
154999, 512, 0, 0, 0
155999, 768, 0, 0, 0
155999, 256, 1, 0, 0
156998, 256, 1, 0, 0
158999, 512, 1, 0, 0
159998, 768, 0, 0, 0
159998, 512, 1, 0, 0
160999, 1024, 0, 0, 0
160999, 1792, 1, 0, 0
161999, 1024, 0, 0, 0
161999, 256, 1, 0, 0
164998, 256, 0, 0, 0
166999, 1280, 0, 0, 0
166999, 768, 1, 0, 0
167998, 256, 0, 0, 0
167998, 768, 1, 0, 0
168999, 768, 0, 0, 0
168999, 256, 1, 0, 0
169999, 512, 0, 0, 0
169999, 1536, 1, 0, 0
170999, 512, 0, 0, 0
171998, 256, 1, 0, 0
172999, 1792, 0, 0, 0
172999, 2304, 1, 0, 0
173999, 512, 0, 0, 0
173999, 512, 1, 0, 0
174998, 256, 0, 0, 0
175999, 256, 0, 0, 0
175999, 256, 1, 0, 0
176999, 768, 0, 0, 0
176999, 768, 1, 0, 0
177998, 768, 0, 0, 0
177998, 256, 1, 0, 0
178999, 256, 0, 0, 0
178999, 768, 1, 0, 0
179999, 256, 0, 0, 0
179999, 512, 1, 0, 0
