36007, 768, 0, 0, 0
36007, 768, 1, 0, 0
37008, 512, 0, 0, 0
37008, 256, 1, 0, 0
38008, 768, 0, 0, 0
38008, 512, 1, 0, 0
39008, 1281, 0, 0, 0
39008, 1281, 1, 0, 0
40008, 256, 0, 0, 0
40008, 768, 1, 0, 0
41008, 512, 0, 0, 0
41008, 1281, 1, 0, 0
42007, 1025, 0, 0, 0
42007, 1281, 1, 0, 0
43007, 256, 0, 0, 0
44008, 768, 0, 0, 0
44008, 1792, 1, 0, 0
45008, 256, 0, 0, 0
46008, 512, 0, 0, 0
46008, 1793, 1, 0, 0
47007, 768, 1, 0, 0
48007, 512, 0, 0, 0
48007, 256, 1, 0, 0
50008, 256, 0, 0, 0
51008, 256, 0, 0, 0
51008, 1025, 1, 0, 0
52007, 256, 0, 0, 0
53007, 512, 0, 0, 0
53007, 512, 1, 0, 0
54008, 768, 0, 0, 0
54008, 256, 1, 0, 0
55008, 512, 0, 0, 0
55008, 256, 1, 0, 0
56008, 256, 0, 0, 0
56008, 256, 1, 0, 0
57008, 256, 0, 0, 0
57008, 768, 1, 0, 0
58007, 1537, 0, 0, 0
58007, 1025, 1, 0, 0
59007, 1792, 0, 0, 0
59007, 768, 1, 0, 0
60008, 512, 0, 0, 0
60008, 768, 1, 0, 0
61008, 768, 0, 0, 0
61008, 768, 1, 0, 0
62008, 768, 0, 0, 0
62008, 768, 1, 0, 0
63008, 512, 0, 0, 0
63008, 1025, 1, 0, 0
64008, 768, 0, 0, 0
64008, 1792, 1, 0, 0
65008, 1280, 0, 0, 0
65008, 1792, 1, 0, 0
66008, 768, 0, 0, 0
66008, 1281, 1, 0, 0
67008, 768, 0, 0, 0
67008, 256, 1, 0, 0
68008, 512, 0, 0, 0
68008, 1024, 1, 0, 0
69008, 768, 0, 0, 0
69008, 768, 1, 0, 0
70008, 256, 0, 0, 0
70008, 768, 1, 0, 0
71008, 512, 0, 0, 0
71008, 512, 1, 0, 0
72008, 1025, 0, 0, 0
72008, 1537, 1, 0, 0
73008, 1024, 0, 0, 0
73008, 1536, 1, 0, 0
74008, 1280, 0, 0, 0
74008, 768, 1, 0, 0
75008, 1281, 0, 0, 0
75008, 1793, 1, 0, 0
76008, 256, 0, 0, 0
76008, 256, 1, 0, 0
77008, 1280, 0, 0, 0
77008, 1024, 1, 0, 0
78008, 512, 0, 0, 0
78008, 512, 1, 0, 0
79008, 512, 0, 0, 0
80008, 1024, 0, 0, 0
80008, 768, 1, 0, 0
81008, 256, 0, 0, 0
81008, 256, 1, 0, 0
82008, 256, 0, 0, 0
82008, 512, 1, 0, 0
83008, 256, 0, 0, 0
83008, 768, 1, 0, 0
85008, 1536, 0, 0, 0
85008, 1792, 1, 0, 0
86008, 1536, 1, 0, 0
87008, 1281, 0, 0, 0
87008, 1537, 1, 0, 0
88008, 256, 0, 0, 0
88008, 256, 1, 0, 0
89008, 768, 0, 0, 0
89008, 512, 1, 0, 0
90008, 512, 0, 0, 0
91008, 256, 0, 0, 0
91008, 256, 1, 0, 0
92008, 256, 1, 0, 0
93008, 512, 0, 0, 0
94008, 768, 1, 0, 0
95008, 2048, 0, 0, 0
95008, 1536, 1, 0, 0
96008, 768, 0, 0, 0
96008, 1281, 1, 0, 0
97008, 256, 0, 0, 0
97008, 512, 1, 0, 0
98008, 512, 0, 0, 0
98008, 1536, 1, 0, 0
99008, 256, 0, 0, 0
100008, 256, 0, 0, 0
100008, 512, 1, 0, 0
101008, 256, 0, 0, 0
101008, 256, 1, 0, 0
102008, 768, 0, 0, 0
102008, 1281, 1, 0, 0
103008, 768, 0, 0, 0
103008, 768, 1, 0, 0
105009, 1024, 1, 0, 0
106008, 512, 0, 0, 0
107008, 1280, 0, 0, 0
107008, 768, 1, 0, 0
108008, 256, 0, 0, 0
108008, 512, 1, 0, 0
109008, 256, 1, 0, 0
110008, 512, 0, 0, 0
110008, 512, 1, 0, 0
111008, 768, 0, 0, 0
111008, 768, 1, 0, 0
112008, 256, 0, 0, 0
112008, 768, 1, 0, 0
113008, 256, 0, 0, 0
113008, 256, 1, 0, 0
114008, 512, 0, 0, 0
114008, 256, 1, 0, 0
115009, 512, 0, 0, 0
115009, 768, 1, 0, 0
116008, 256, 0, 0, 0
116008, 256, 1, 0, 0
117008, 512, 0, 0, 0
117008, 768, 1, 0, 0
118008, 768, 0, 0, 0
118008, 1025, 1, 0, 0
119008, 1024, 1, 0, 0
121009, 1280, 0, 0, 0
121009, 1280, 1, 0, 0
122008, 2562, 0, 0, 0
122008, 1793, 1, 0, 0
123008, 256, 0, 0, 0
123008, 512, 1, 0, 0
124008, 768, 0, 0, 0
124008, 512, 1, 0, 0
125008, 256, 0, 0, 0
126008, 256, 1, 0, 0
127009, 512, 0, 0, 0
127009, 512, 1, 0, 0
128008, 768, 0, 0, 0
128008, 768, 1, 0, 0
130008, 512, 0, 0, 0
130008, 768, 1, 0, 0
132008, 768, 0, 0, 0
132008, 1792, 1, 0, 0
133008, 512, 0, 0, 0
133008, 256, 1, 0, 0
134008, 512, 0, 0, 0
134008, 1281, 1, 0, 0
135008, 256, 0, 0, 0
136008, 1280, 0, 0, 0
136008, 768, 1, 0, 0
137008, 256, 0, 0, 0
137008, 1281, 1, 0, 0
138008, 768, 0, 0, 0
138008, 256, 1, 0, 0
139008, 768, 0, 0, 0
139008, 256, 1, 0, 0
140008, 512, 0, 0, 0
140008, 512, 1, 0, 0
141008, 768, 0, 0, 0
141008, 512, 1, 0, 0
142008, 256, 0, 0, 0
142008, 256, 1, 0, 0
143008, 768, 0, 0, 0
143008, 768, 1, 0, 0
144008, 768, 0, 0, 0
144008, 1536, 1, 0, 0
145008, 512, 0, 0, 0
145008, 768, 1, 0, 0
146008, 1537, 0, 0, 0
146008, 1281, 1, 0, 0
147008, 1280, 0, 0, 0
147008, 1792, 1, 0, 0
149008, 1537, 0, 0, 0
149008, 1025, 1, 0, 0
150008, 1536, 0, 0, 0
150008, 1024, 1, 0, 0
151009, 1024, 0, 0, 0
151009, 768, 1, 0, 0
152008, 1281, 0, 0, 0
152008, 768, 1, 0, 0
153008, 1536, 0, 0, 0
154008, 768, 0, 0, 0
154008, 768, 1, 0, 0
155008, 1024, 0, 0, 0
155008, 256, 1, 0, 0
156008, 512, 0, 0, 0
156008, 256, 1, 0, 0
157008, 1025, 0, 0, 0
157008, 512, 1, 0, 0
158008, 1792, 0, 0, 0
158008, 1280, 1, 0, 0
160008, 2050, 0, 0, 0
160008, 1793, 1, 0, 0
161008, 256, 0, 0, 0
161008, 256, 1, 0, 0
162008, 256, 0, 0, 0
163008, 768, 0, 0, 0
163008, 512, 1, 0, 0
164008, 1024, 0, 0, 0
164008, 512, 1, 0, 0
165008, 256, 0, 0, 0
165008, 256, 1, 0, 0
166008, 1792, 0, 0, 0
166008, 1792, 1, 0, 0
167008, 1280, 0, 0, 0
167008, 1024, 1, 0, 0
168008, 768, 0, 0, 0
168008, 1281, 1, 0, 0
169008, 1024, 0, 0, 0
169008, 1280, 1, 0, 0
170008, 768, 0, 0, 0
170008, 768, 1, 0, 0
171009, 1280, 0, 0, 0
171009, 1280, 1, 0, 0
172008, 768, 0, 0, 0
173008, 256, 0, 0, 0
173008, 512, 1, 0, 0
174008, 512, 0, 0, 0
174008, 256, 1, 0, 0
175008, 512, 1, 0, 0
176008, 256, 0, 0, 0
177008, 256, 1, 0, 0
179008, 256, 1, 0, 0
180008, 256, 0, 0, 0
