13006, 256, 0, 0, 0
13006, 512, 1, 0, 0
14006, 2304, 0, 0, 0
14006, 2048, 1, 0, 0
16007, 1536, 0, 0, 0
16007, 1280, 1, 0, 0
17008, 1024, 0, 0, 0
17008, 2304, 1, 0, 0
18008, 3328, 0, 0, 0
18008, 2816, 1, 0, 0
19009, 512, 1, 0, 0
21010, 1792, 0, 0, 0
21010, 768, 1, 0, 0
22011, 256, 0, 0, 0
23011, 256, 0, 0, 0
24012, 256, 0, 0, 0
24012, 512, 1, 0, 0
25012, 1536, 0, 0, 0
25012, 1024, 1, 0, 0
26013, 3328, 0, 0, 0
26013, 5120, 1, 0, 0
27013, 1536, 0, 0, 0
27013, 2048, 1, 0, 0
28014, 1024, 0, 0, 0
29014, 3328, 0, 0, 0
29014, 2560, 1, 0, 0
30015, 256, 0, 0, 0
30015, 1536, 1, 0, 0
31015, 3072, 0, 0, 0
31015, 2560, 1, 0, 0
33016, 2048, 0, 0, 0
34017, 256, 1, 0, 0
35017, 1024, 0, 0, 0
35017, 1536, 1, 0, 0
37018, 4352, 0, 0, 0
37018, 1792, 1, 0, 0
38018, 512, 0, 0, 0
39019, 512, 0, 0, 0
39019, 512, 1, 0, 0
40019, 1280, 0, 0, 0
40019, 512, 1, 0, 0
41020, 1024, 0, 0, 0
41020, 2048, 1, 0, 0
43021, 2048, 0, 0, 0
43021, 2304, 1, 0, 0
44021, 512, 0, 0, 0
44021, 1024, 1, 0, 0
45021, 3072, 0, 0, 0
45021, 3328, 1, 0, 0
46022, 2048, 0, 0, 0
46022, 2048, 1, 0, 0
47022, 1536, 0, 0, 0
47022, 1024, 1, 0, 0
48023, 1024, 0, 0, 0
49023, 1536, 0, 0, 0
49023, 2304, 1, 0, 0
50023, 1536, 0, 0, 0
50023, 1280, 1, 0, 0
51023, 1793, 0, 0, 0
51023, 1281, 1, 0, 0
53023, 256, 0, 0, 0
53023, 256, 1, 0, 0
54023, 256, 0, 0, 0
55023, 1792, 0, 0, 0
55023, 2560, 1, 0, 0
56024, 2560, 0, 0, 0
56024, 3840, 1, 0, 0
58022, 1793, 0, 0, 0
58022, 1025, 1, 0, 0
59023, 3584, 0, 0, 0
59023, 2304, 1, 0, 0
60023, 2560, 0, 0, 0
60023, 3328, 1, 0, 0
61023, 1792, 0, 0, 0
61023, 3584, 1, 0, 0
62024, 1024, 0, 0, 0
62024, 1024, 1, 0, 0
63023, 2562, 0, 0, 0
63023, 1281, 1, 0, 0
64023, 768, 1, 0, 0
65024, 1024, 0, 0, 0
65024, 768, 1, 0, 0
66023, 3075, 0, 0, 0
66023, 1793, 1, 0, 0
67023, 2816, 0, 0, 0
67023, 1792, 1, 0, 0
68024, 1280, 0, 0, 0
68024, 1280, 1, 0, 0
69023, 1793, 0, 0, 0
69023, 3075, 1, 0, 0
70023, 256, 1, 0, 0
71024, 768, 1, 0, 0
72023, 1793, 0, 0, 0
72023, 1793, 1, 0, 0
73023, 1024, 0, 0, 0
73023, 1024, 1, 0, 0
74024, 512, 0, 0, 0
74024, 768, 1, 0, 0
78023, 2562, 0, 0, 0
78023, 1281, 1, 0, 0
79023, 512, 0, 0, 0
79023, 256, 1, 0, 0
80024, 2560, 0, 0, 0
80024, 2048, 1, 0, 0
81023, 3587, 0, 0, 0
81023, 1793, 1, 0, 0
82023, 256, 1, 0, 0
83024, 768, 0, 0, 0
83024, 512, 1, 0, 0
84023, 512, 0, 0, 0
84023, 3075, 1, 0, 0
85023, 1280, 0, 0, 0
85023, 1024, 1, 0, 0
86024, 512, 0, 0, 0
86024, 256, 1, 0, 0
87023, 256, 0, 0, 0
87023, 1025, 1, 0, 0
89024, 256, 0, 0, 0
90023, 256, 0, 0, 0
90023, 256, 1, 0, 0
92024, 512, 0, 0, 0
92024, 768, 1, 0, 0
93023, 1537, 0, 0, 0
93023, 2306, 1, 0, 0
94023, 1024, 0, 0, 0
94023, 768, 1, 0, 0
95024, 1792, 0, 0, 0
95024, 1024, 1, 0, 0
96023, 2818, 0, 0, 0
96023, 3843, 1, 0, 0
97023, 1280, 0, 0, 0
97023, 1024, 1, 0, 0
98024, 2560, 0, 0, 0
98024, 2560, 1, 0, 0
100023, 2048, 0, 0, 0
100023, 2048, 1, 0, 0
101024, 3328, 0, 0, 0
101024, 4608, 1, 0, 0
102023, 256, 0, 0, 0
103023, 768, 0, 0, 0
103023, 1280, 1, 0, 0
106023, 1793, 0, 0, 0
106023, 1281, 1, 0, 0
107023, 1536, 0, 0, 0
107023, 768, 1, 0, 0
108024, 256, 0, 0, 0
109023, 256, 0, 0, 0
109023, 512, 1, 0, 0
110023, 768, 0, 0, 0
111024, 2816, 0, 0, 0
111024, 2560, 1, 0, 0
112023, 1793, 0, 0, 0
112023, 1281, 1, 0, 0
113023, 512, 0, 0, 0
113023, 1280, 1, 0, 0
114024, 256, 1, 0, 0
115024, 2560, 0, 0, 0
115024, 1536, 1, 0, 0
118023, 1025, 0, 0, 0
118023, 1537, 1, 0, 0
119023, 2048, 0, 0, 0
119023, 1280, 1, 0, 0
120024, 1024, 0, 0, 0
120024, 512, 1, 0, 0
121024, 256, 1, 0, 0
122023, 1281, 0, 0, 0
122023, 2050, 1, 0, 0
123023, 1024, 0, 0, 0
123023, 256, 1, 0, 0
124023, 256, 0, 0, 0
124023, 512, 1, 0, 0
125023, 1536, 0, 0, 0
125023, 1536, 1, 0, 0
126023, 3328, 0, 0, 0
126023, 3840, 1, 0, 0
127024, 1024, 0, 0, 0
127024, 2304, 1, 0, 0
128023, 1281, 0, 0, 0
128023, 256, 1, 0, 0
129023, 2048, 0, 0, 0
129023, 3584, 1, 0, 0
130024, 256, 0, 0, 0
131023, 256, 0, 0, 0
131023, 768, 1, 0, 0
132023, 2048, 0, 0, 0
132023, 1280, 1, 0, 0
133024, 2560, 0, 0, 0
133024, 3584, 1, 0, 0
134023, 512, 0, 0, 0
134023, 1537, 1, 0, 0
135023, 256, 0, 0, 0
135023, 768, 1, 0, 0
138023, 512, 0, 0, 0
138023, 512, 1, 0, 0
139024, 1024, 0, 0, 0
139024, 512, 1, 0, 0
140023, 1793, 0, 0, 0
140023, 1025, 1, 0, 0
141023, 1792, 0, 0, 0
141023, 1792, 1, 0, 0
143023, 1025, 0, 0, 0
143023, 512, 1, 0, 0
144023, 1280, 0, 0, 0
144023, 1792, 1, 0, 0
145024, 2560, 0, 0, 0
145024, 1280, 1, 0, 0
147023, 256, 0, 0, 0
148024, 1280, 0, 0, 0
148024, 2048, 1, 0, 0
149023, 512, 1, 0, 0
150023, 1536, 0, 0, 0
150023, 2560, 1, 0, 0
152023, 256, 0, 0, 0
152023, 768, 1, 0, 0
153024, 512, 0, 0, 0
153024, 256, 1, 0, 0
154023, 512, 0, 0, 0
155023, 768, 0, 0, 0
155023, 1280, 1, 0, 0
156024, 512, 0, 0, 0
156024, 2048, 1, 0, 0
157023, 768, 0, 0, 0
157023, 1281, 1, 0, 0
158023, 512, 0, 0, 0
158023, 768, 1, 0, 0
159024, 1536, 0, 0, 0
159024, 1024, 1, 0, 0
161023, 2048, 0, 0, 0
161023, 1280, 1, 0, 0
162024, 768, 0, 0, 0
162024, 768, 1, 0, 0
163023, 256, 1, 0, 0
164023, 1024, 0, 0, 0
164023, 1024, 1, 0, 0
165023, 1793, 0, 0, 0
165023, 1281, 1, 0, 0
166023, 2304, 0, 0, 0
166023, 2304, 1, 0, 0
167024, 256, 0, 0, 0
167024, 512, 1, 0, 0
168023, 1537, 0, 0, 0
168023, 1281, 1, 0, 0
169023, 256, 0, 0, 0
169023, 1280, 1, 0, 0
170023, 1024, 0, 0, 0
170023, 768, 1, 0, 0
171024, 512, 0, 0, 0
171024, 768, 1, 0, 0
172023, 512, 0, 0, 0
172023, 1537, 1, 0, 0
173023, 2048, 0, 0, 0
173023, 2816, 1, 0, 0
174024, 768, 0, 0, 0
174024, 512, 1, 0, 0
175023, 512, 0, 0, 0
175023, 768, 1, 0, 0
176023, 2048, 0, 0, 0
176023, 1280, 1, 0, 0
177024, 768, 0, 0, 0
177024, 768, 1, 0, 0
178023, 2050, 0, 0, 0
178023, 2306, 1, 0, 0
179023, 1536, 0, 0, 0
179023, 512, 1, 0, 0
180024, 768, 0, 0, 0
180024, 512, 1, 0, 0
