30004, 256, 0, 0, 0
31003, 256, 0, 0, 0
31003, 256, 1, 0, 0
32004, 256, 1, 0, 0
33004, 256, 1, 0, 0
34004, 512, 0, 0, 0
35003, 1537, 0, 0, 0
35003, 256, 1, 0, 0
36004, 256, 0, 0, 0
36004, 256, 1, 0, 0
37004, 512, 0, 0, 0
37004, 256, 1, 0, 0
38004, 256, 0, 0, 0
39004, 768, 0, 0, 0
39004, 512, 1, 0, 0
40004, 1280, 0, 0, 0
40004, 256, 1, 0, 0
41004, 512, 0, 0, 0
41004, 512, 1, 0, 0
42003, 256, 0, 0, 0
42003, 256, 1, 0, 0
43004, 256, 1, 0, 0
44004, 256, 1, 0, 0
45004, 256, 0, 0, 0
45004, 256, 1, 0, 0
46004, 768, 0, 0, 0
46004, 512, 1, 0, 0
47003, 256, 0, 0, 0
47003, 256, 1, 0, 0
48004, 1536, 0, 0, 0
48004, 768, 1, 0, 0
49004, 1280, 0, 0, 0
49004, 512, 1, 0, 0
50004, 512, 0, 0, 0
50004, 1024, 1, 0, 0
51004, 256, 1, 0, 0
52003, 768, 0, 0, 0
52003, 256, 1, 0, 0
53004, 512, 1, 0, 0
54004, 256, 0, 0, 0
54004, 256, 1, 0, 0
56005, 256, 0, 0, 0
57004, 256, 1, 0, 0
58003, 256, 0, 0, 0
58003, 1025, 1, 0, 0
59004, 512, 0, 0, 0
59004, 768, 1, 0, 0
60004, 256, 1, 0, 0
61004, 1280, 0, 0, 0
61004, 512, 1, 0, 0
62005, 1024, 0, 0, 0
62005, 1280, 1, 0, 0
63004, 256, 0, 0, 0
63004, 512, 1, 0, 0
64004, 256, 0, 0, 0
64004, 256, 1, 0, 0
65005, 768, 0, 0, 0
65005, 1024, 1, 0, 0
66004, 256, 0, 0, 0
66004, 768, 1, 0, 0
67004, 256, 0, 0, 0
67004, 256, 1, 0, 0
68005, 256, 1, 0, 0
69004, 256, 0, 0, 0
69004, 256, 1, 0, 0
71005, 1024, 1, 0, 0
72004, 512, 0, 0, 0
72004, 512, 1, 0, 0
73004, 512, 0, 0, 0
73004, 256, 1, 0, 0
74005, 1280, 0, 0, 0
74005, 2304, 1, 0, 0
75004, 1025, 0, 0, 0
75004, 2050, 1, 0, 0
76004, 512, 0, 0, 0
76004, 256, 1, 0, 0
77005, 256, 0, 0, 0
79004, 1024, 0, 0, 0
79004, 1024, 1, 0, 0
81004, 768, 0, 0, 0
81004, 512, 1, 0, 0
82004, 1024, 0, 0, 0
82004, 512, 1, 0, 0
84004, 768, 0, 0, 0
84004, 256, 1, 0, 0
85004, 768, 0, 0, 0
85004, 768, 1, 0, 0
86005, 512, 1, 0, 0
87004, 256, 0, 0, 0
87004, 512, 1, 0, 0
88004, 512, 0, 0, 0
88004, 256, 1, 0, 0
89005, 256, 0, 0, 0
89005, 1024, 1, 0, 0
90004, 1281, 0, 0, 0
90004, 1025, 1, 0, 0
91004, 256, 1, 0, 0
92005, 256, 0, 0, 0
92005, 512, 1, 0, 0
93004, 256, 0, 0, 0
95005, 512, 0, 0, 0
95005, 512, 1, 0, 0
96004, 256, 0, 0, 0
97004, 512, 0, 0, 0
97004, 512, 1, 0, 0
98005, 1024, 1, 0, 0
99004, 256, 0, 0, 0
100004, 256, 0, 0, 0
101004, 256, 1, 0, 0
102004, 256, 0, 0, 0
102004, 256, 1, 0, 0
103004, 512, 0, 0, 0
104004, 1792, 0, 0, 0
104004, 1024, 1, 0, 0
105005, 768, 0, 0, 0
105005, 256, 1, 0, 0
106004, 768, 0, 0, 0
106004, 512, 1, 0, 0
108005, 256, 0, 0, 0
108005, 512, 1, 0, 0
109004, 2562, 1, 0, 0
110004, 1024, 0, 0, 0
110004, 1024, 1, 0, 0
111005, 256, 1, 0, 0
112004, 256, 0, 0, 0
112004, 512, 1, 0, 0
113004, 256, 0, 0, 0
113004, 1280, 1, 0, 0
114004, 256, 1, 0, 0
116004, 1025, 0, 0, 0
116004, 1793, 1, 0, 0
117005, 512, 1, 0, 0
118004, 1025, 0, 0, 0
118004, 1025, 1, 0, 0
119004, 1536, 0, 0, 0
119004, 1024, 1, 0, 0
120004, 512, 0, 0, 0
120004, 256, 1, 0, 0
121005, 512, 1, 0, 0
122004, 512, 0, 0, 0
123004, 1024, 0, 0, 0
124004, 1537, 0, 0, 0
124004, 1025, 1, 0, 0
125004, 512, 0, 0, 0
125004, 768, 1, 0, 0
126004, 768, 0, 0, 0
126004, 1536, 1, 0, 0
127005, 256, 0, 0, 0
127005, 512, 1, 0, 0
128004, 1025, 0, 0, 0
128004, 1281, 1, 0, 0
129004, 512, 0, 0, 0
129004, 1024, 1, 0, 0
131004, 1281, 0, 0, 0
131004, 512, 1, 0, 0
132004, 256, 0, 0, 0
132004, 256, 1, 0, 0
133005, 512, 0, 0, 0
133005, 256, 1, 0, 0
134004, 256, 1, 0, 0
135004, 768, 0, 0, 0
136005, 768, 0, 0, 0
136005, 1536, 1, 0, 0
137004, 256, 0, 0, 0
137004, 768, 1, 0, 0
138004, 1024, 0, 0, 0
138004, 1536, 1, 0, 0
139005, 512, 0, 0, 0
139005, 768, 1, 0, 0
140004, 256, 0, 0, 0
140004, 512, 1, 0, 0
141004, 1280, 0, 0, 0
141004, 768, 1, 0, 0
142005, 768, 0, 0, 0
142005, 1280, 1, 0, 0
143004, 768, 0, 0, 0
143004, 768, 1, 0, 0
144004, 1024, 0, 0, 0
145005, 256, 0, 0, 0
145005, 512, 1, 0, 0
146004, 768, 0, 0, 0
146004, 3331, 1, 0, 0
147004, 256, 0, 0, 0
148005, 256, 0, 0, 0
148005, 256, 1, 0, 0
149004, 512, 0, 0, 0
149004, 256, 1, 0, 0
150004, 512, 0, 0, 0
150004, 512, 1, 0, 0
151005, 512, 0, 0, 0
151005, 512, 1, 0, 0
154004, 256, 1, 0, 0
155004, 1024, 0, 0, 0
155004, 256, 1, 0, 0
157004, 1025, 0, 0, 0
157004, 2306, 1, 0, 0
158004, 512, 0, 0, 0
158004, 512, 1, 0, 0
159005, 1280, 0, 0, 0
159005, 768, 1, 0, 0
160004, 512, 0, 0, 0
161004, 1536, 0, 0, 0
161004, 1792, 1, 0, 0
162005, 512, 1, 0, 0
163004, 512, 0, 0, 0
163004, 1025, 1, 0, 0
166004, 1280, 0, 0, 0
166004, 1024, 1, 0, 0
167005, 256, 0, 0, 0
167005, 256, 1, 0, 0
168004, 512, 0, 0, 0
168004, 512, 1, 0, 0
169004, 256, 1, 0, 0
170004, 1792, 0, 0, 0
170004, 512, 1, 0, 0
171005, 1536, 0, 0, 0
171005, 768, 1, 0, 0
172004, 1537, 0, 0, 0
172004, 256, 1, 0, 0
173004, 256, 0, 0, 0
174005, 256, 0, 0, 0
174005, 512, 1, 0, 0
176004, 1536, 0, 0, 0
176004, 512, 1, 0, 0
177005, 512, 0, 0, 0
177005, 512, 1, 0, 0
178004, 512, 1, 0, 0
179004, 1024, 0, 0, 0
179004, 512, 1, 0, 0
