37018, 512, 0, 0, 0
37018, 512, 1, 0, 0
38018, 256, 0, 0, 0
38018, 256, 1, 0, 0
39019, 256, 1, 0, 0
40019, 768, 0, 0, 0
40019, 1024, 1, 0, 0
41020, 256, 0, 0, 0
41020, 256, 1, 0, 0
42020, 256, 0, 0, 0
44021, 512, 1, 0, 0
45021, 1280, 0, 0, 0
45021, 1280, 1, 0, 0
46022, 256, 0, 0, 0
46022, 768, 1, 0, 0
47022, 256, 0, 0, 0
47022, 512, 1, 0, 0
48023, 256, 0, 0, 0
48023, 256, 1, 0, 0
49023, 1024, 0, 0, 0
49023, 1024, 1, 0, 0
50023, 512, 0, 0, 0
50023, 768, 1, 0, 0
51024, 1792, 0, 0, 0
51024, 512, 1, 0, 0
52024, 768, 0, 0, 0
52024, 1280, 1, 0, 0
53025, 512, 0, 0, 0
53025, 512, 1, 0, 0
54025, 256, 0, 0, 0
54025, 1536, 1, 0, 0
57025, 1537, 0, 0, 0
57025, 256, 1, 0, 0
58024, 512, 0, 0, 0
58024, 256, 1, 0, 0
59025, 1280, 0, 0, 0
59025, 1536, 1, 0, 0
60025, 1536, 0, 0, 0
60025, 1536, 1, 0, 0
61025, 1536, 0, 0, 0
61025, 512, 1, 0, 0
62026, 256, 0, 0, 0
63025, 1281, 0, 0, 0
63025, 512, 1, 0, 0
64025, 1280, 0, 0, 0
64025, 256, 1, 0, 0
65026, 1280, 0, 0, 0
65026, 512, 1, 0, 0
66025, 256, 0, 0, 0
68026, 512, 0, 0, 0
70025, 768, 0, 0, 0
70025, 1024, 1, 0, 0
71026, 512, 0, 0, 0
72025, 256, 0, 0, 0
72025, 512, 1, 0, 0
73025, 768, 0, 0, 0
73025, 256, 1, 0, 0
74026, 256, 0, 0, 0
74026, 256, 1, 0, 0
75025, 1025, 0, 0, 0
75025, 1281, 1, 0, 0
76025, 512, 0, 0, 0
76025, 768, 1, 0, 0
77026, 768, 0, 0, 0
77026, 1024, 1, 0, 0
78025, 256, 0, 0, 0
78025, 256, 1, 0, 0
79025, 256, 1, 0, 0
81025, 768, 0, 0, 0
81025, 768, 1, 0, 0
82025, 1024, 0, 0, 0
82025, 256, 1, 0, 0
84025, 768, 0, 0, 0
84025, 768, 1, 0, 0
85025, 512, 0, 0, 0
85025, 256, 1, 0, 0
87025, 512, 1, 0, 0
88025, 512, 0, 0, 0
88025, 512, 1, 0, 0
89026, 256, 1, 0, 0
90025, 512, 0, 0, 0
90025, 256, 1, 0, 0
92026, 512, 0, 0, 0
92026, 1024, 1, 0, 0
93025, 768, 0, 0, 0
95026, 512, 1, 0, 0
96025, 1281, 1, 0, 0
97025, 768, 0, 0, 0
97025, 512, 1, 0, 0
98026, 1792, 0, 0, 0
98026, 768, 1, 0, 0
99025, 1281, 0, 0, 0
99025, 1025, 1, 0, 0
100025, 1024, 0, 0, 0
100025, 2560, 1, 0, 0
101026, 1024, 0, 0, 0
101026, 256, 1, 0, 0
102025, 256, 0, 0, 0
102025, 1793, 1, 0, 0
103025, 256, 0, 0, 0
104026, 256, 0, 0, 0
104026, 256, 1, 0, 0
105026, 256, 0, 0, 0
106025, 512, 1, 0, 0
107025, 256, 0, 0, 0
108026, 1024, 0, 0, 0
108026, 512, 1, 0, 0
109025, 768, 1, 0, 0
110025, 1024, 0, 0, 0
112025, 256, 0, 0, 0
113025, 256, 0, 0, 0
113025, 256, 1, 0, 0
114026, 512, 0, 0, 0
115026, 1280, 0, 0, 0
115026, 512, 1, 0, 0
116025, 256, 1, 0, 0
117026, 512, 1, 0, 0
118025, 512, 0, 0, 0
118025, 768, 1, 0, 0
120026, 512, 1, 0, 0
121026, 1024, 0, 0, 0
121026, 768, 1, 0, 0
122025, 256, 0, 0, 0
122025, 1025, 1, 0, 0
123026, 2048, 0, 0, 0
123026, 1280, 1, 0, 0
124025, 256, 0, 0, 0
124025, 768, 1, 0, 0
125025, 256, 0, 0, 0
125025, 768, 1, 0, 0
126026, 1280, 0, 0, 0
126026, 1792, 1, 0, 0
128025, 1025, 0, 0, 0
128025, 1281, 1, 0, 0
129025, 256, 0, 0, 0
130026, 768, 0, 0, 0
131025, 256, 0, 0, 0
131025, 1793, 1, 0, 0
132025, 1280, 0, 0, 0
132025, 1536, 1, 0, 0
133026, 512, 0, 0, 0
133026, 256, 1, 0, 0
134025, 768, 1, 0, 0
135025, 1280, 0, 0, 0
135025, 1280, 1, 0, 0
136026, 2048, 0, 0, 0
136026, 768, 1, 0, 0
137025, 768, 0, 0, 0
137025, 1793, 1, 0, 0
138025, 512, 1, 0, 0
139026, 768, 0, 0, 0
140025, 1537, 0, 0, 0
140025, 768, 1, 0, 0
141025, 512, 0, 0, 0
141025, 768, 1, 0, 0
142026, 256, 0, 0, 0
143025, 512, 0, 0, 0
143025, 1537, 1, 0, 0
144025, 256, 0, 0, 0
144025, 512, 1, 0, 0
145026, 512, 0, 0, 0
145026, 512, 1, 0, 0
147025, 256, 0, 0, 0
147025, 256, 1, 0, 0
148026, 1536, 0, 0, 0
148026, 1280, 1, 0, 0
149025, 256, 0, 0, 0
150025, 1280, 0, 0, 0
150025, 1792, 1, 0, 0
151026, 256, 0, 0, 0
152025, 512, 0, 0, 0
152025, 256, 1, 0, 0
153026, 512, 1, 0, 0
154025, 256, 1, 0, 0
156026, 1280, 0, 0, 0
156026, 256, 1, 0, 0
157025, 512, 0, 0, 0
157025, 1281, 1, 0, 0
158025, 1280, 0, 0, 0
158025, 256, 1, 0, 0
159026, 512, 0, 0, 0
159026, 512, 1, 0, 0
160025, 768, 0, 0, 0
161025, 512, 0, 0, 0
161025, 1024, 1, 0, 0
162026, 1024, 0, 0, 0
162026, 1280, 1, 0, 0
163025, 1025, 0, 0, 0
164026, 256, 1, 0, 0
165025, 1025, 0, 0, 0
166025, 512, 1, 0, 0
167026, 1024, 0, 0, 0
167026, 1024, 1, 0, 0
168025, 512, 0, 0, 0
168025, 768, 1, 0, 0
169025, 768, 0, 0, 0
169025, 512, 1, 0, 0
170025, 512, 0, 0, 0
170025, 512, 1, 0, 0
171026, 1536, 0, 0, 0
171026, 768, 1, 0, 0
172025, 256, 0, 0, 0
172025, 512, 1, 0, 0
173025, 512, 0, 0, 0
173025, 256, 1, 0, 0
175025, 1025, 0, 0, 0
176025, 512, 0, 0, 0
177026, 256, 0, 0, 0
177026, 256, 1, 0, 0
178025, 256, 0, 0, 0
178025, 768, 1, 0, 0
179025, 512, 1, 0, 0
180026, 1280, 0, 0, 0
180026, 512, 1, 0, 0
