22010, 256, 0, 0, 0
22010, 512, 1, 0, 0
23011, 768, 0, 0, 0
23011, 768, 1, 0, 0
24011, 256, 0, 0, 0
24011, 512, 1, 0, 0
25012, 256, 0, 0, 0
25012, 256, 1, 0, 0
26012, 1280, 0, 0, 0
26012, 1024, 1, 0, 0
27013, 1024, 0, 0, 0
27013, 1024, 1, 0, 0
28013, 512, 0, 0, 0
28013, 256, 1, 0, 0
32015, 256, 0, 0, 0
32015, 256, 1, 0, 0
33016, 512, 0, 0, 0
33016, 256, 1, 0, 0
34016, 256, 1, 0, 0
37018, 256, 0, 0, 0
38018, 256, 0, 0, 0
38018, 768, 1, 0, 0
39019, 1024, 0, 0, 0
39019, 1280, 1, 0, 0
40019, 512, 0, 0, 0
40019, 256, 1, 0, 0
41019, 256, 0, 0, 0
42020, 512, 0, 0, 0
43020, 512, 1, 0, 0
44021, 512, 1, 0, 0
45021, 1024, 0, 0, 0
45021, 768, 1, 0, 0
46022, 512, 0, 0, 0
46022, 256, 1, 0, 0
47022, 256, 1, 0, 0
48022, 768, 0, 0, 0
48022, 1024, 1, 0, 0
49023, 256, 0, 0, 0
49023, 768, 1, 0, 0
50023, 512, 0, 0, 0
50023, 1024, 1, 0, 0
51024, 256, 0, 0, 0
51024, 512, 1, 0, 0
52024, 1280, 0, 0, 0
52024, 768, 1, 0, 0
53024, 768, 0, 0, 0
53024, 512, 1, 0, 0
54025, 1024, 0, 0, 0
54025, 256, 1, 0, 0
56025, 512, 0, 0, 0
56025, 512, 1, 0, 0
57025, 256, 0, 0, 0
57025, 256, 1, 0, 0
58024, 768, 0, 0, 0
58024, 512, 1, 0, 0
59024, 512, 0, 0, 0
59024, 768, 1, 0, 0
60025, 512, 0, 0, 0
60025, 512, 1, 0, 0
61025, 256, 0, 0, 0
61025, 512, 1, 0, 0
62025, 1024, 0, 0, 0
62025, 1792, 1, 0, 0
63025, 256, 0, 0, 0
63025, 768, 1, 0, 0
64025, 1280, 0, 0, 0
64025, 768, 1, 0, 0
65025, 1024, 0, 0, 0
65025, 1280, 1, 0, 0
67025, 1536, 0, 0, 0
67025, 1280, 1, 0, 0
68025, 512, 0, 0, 0
68025, 256, 1, 0, 0
69025, 1537, 0, 0, 0
69025, 1281, 1, 0, 0
70025, 768, 0, 0, 0
70025, 512, 1, 0, 0
71025, 768, 0, 0, 0
71025, 512, 1, 0, 0
73025, 768, 0, 0, 0
73025, 512, 1, 0, 0
74025, 1792, 0, 0, 0
74025, 1280, 1, 0, 0
75025, 1025, 0, 0, 0
75025, 768, 1, 0, 0
76025, 256, 1, 0, 0
77025, 512, 1, 0, 0
78025, 256, 1, 0, 0
79025, 512, 0, 0, 0
80025, 256, 1, 0, 0
81025, 1025, 0, 0, 0
81025, 512, 1, 0, 0
82025, 768, 0, 0, 0
82025, 1536, 1, 0, 0
83025, 1024, 0, 0, 0
83025, 1024, 1, 0, 0
84025, 512, 1, 0, 0
85025, 768, 0, 0, 0
85025, 512, 1, 0, 0
86025, 768, 0, 0, 0
86025, 768, 1, 0, 0
87025, 1281, 0, 0, 0
87025, 1025, 1, 0, 0
88025, 512, 0, 0, 0
89025, 256, 0, 0, 0
89025, 1024, 1, 0, 0
90025, 256, 0, 0, 0
90025, 512, 1, 0, 0
91025, 256, 0, 0, 0
92025, 768, 0, 0, 0
92025, 768, 1, 0, 0
93025, 512, 0, 0, 0
93025, 512, 1, 0, 0
94025, 256, 0, 0, 0
95025, 256, 0, 0, 0
96025, 256, 0, 0, 0
97025, 1536, 0, 0, 0
97025, 1536, 1, 0, 0
98025, 512, 0, 0, 0
98025, 768, 1, 0, 0
99025, 768, 0, 0, 0
99025, 768, 1, 0, 0
100025, 1792, 0, 0, 0
100025, 1280, 1, 0, 0
101025, 1024, 0, 0, 0
102025, 768, 1, 0, 0
103025, 512, 0, 0, 0
105025, 512, 0, 0, 0
105025, 512, 1, 0, 0
106025, 512, 1, 0, 0
107025, 512, 0, 0, 0
107025, 512, 1, 0, 0
108025, 768, 0, 0, 0
108025, 1280, 1, 0, 0
109025, 512, 0, 0, 0
109025, 256, 1, 0, 0
112025, 256, 0, 0, 0
113025, 256, 0, 0, 0
113025, 256, 1, 0, 0
114025, 256, 1, 0, 0
115026, 512, 0, 0, 0
115026, 256, 1, 0, 0
116025, 256, 0, 0, 0
116025, 512, 1, 0, 0
117025, 256, 0, 0, 0
118025, 512, 0, 0, 0
118025, 256, 1, 0, 0
119025, 768, 0, 0, 0
119025, 1024, 1, 0, 0
120025, 256, 1, 0, 0
121025, 256, 0, 0, 0
121025, 512, 1, 0, 0
122025, 1793, 0, 0, 0
122025, 1025, 1, 0, 0
123025, 1024, 0, 0, 0
123025, 1536, 1, 0, 0
124025, 768, 0, 0, 0
124025, 1025, 1, 0, 0
125025, 256, 0, 0, 0
125025, 512, 1, 0, 0
126025, 768, 0, 0, 0
126025, 768, 1, 0, 0
127025, 256, 0, 0, 0
127025, 1280, 1, 0, 0
128025, 1025, 0, 0, 0
128025, 1793, 1, 0, 0
129025, 768, 0, 0, 0
129025, 768, 1, 0, 0
130025, 512, 0, 0, 0
130025, 512, 1, 0, 0
131025, 2562, 0, 0, 0
131025, 1281, 1, 0, 0
132025, 512, 0, 0, 0
133025, 1024, 0, 0, 0
133025, 512, 1, 0, 0
134025, 768, 0, 0, 0
134025, 768, 1, 0, 0
135025, 256, 0, 0, 0
135025, 1280, 1, 0, 0
136025, 256, 1, 0, 0
137025, 512, 0, 0, 0
137025, 512, 1, 0, 0
139025, 768, 0, 0, 0
139025, 512, 1, 0, 0
140025, 1281, 0, 0, 0
140025, 512, 1, 0, 0
141025, 512, 1, 0, 0
142025, 512, 0, 0, 0
142025, 256, 1, 0, 0
143025, 512, 0, 0, 0
143025, 1025, 1, 0, 0
144025, 512, 0, 0, 0
144025, 256, 1, 0, 0
145025, 1792, 0, 0, 0
145025, 1792, 1, 0, 0
146025, 512, 0, 0, 0
146025, 512, 1, 0, 0
147025, 1280, 0, 0, 0
147025, 768, 1, 0, 0
148025, 1280, 0, 0, 0
148025, 1024, 1, 0, 0
149025, 512, 0, 0, 0
149025, 768, 1, 0, 0
150025, 1280, 0, 0, 0
150025, 1280, 1, 0, 0
151025, 768, 0, 0, 0
151025, 1024, 1, 0, 0
152025, 1025, 0, 0, 0
152025, 1537, 1, 0, 0
154025, 512, 0, 0, 0
155025, 1280, 0, 0, 0
155025, 768, 1, 0, 0
156025, 256, 1, 0, 0
158025, 768, 0, 0, 0
158025, 256, 1, 0, 0
159025, 512, 0, 0, 0
159025, 1280, 1, 0, 0
160025, 768, 0, 0, 0
160025, 512, 1, 0, 0
161025, 512, 0, 0, 0
161025, 768, 1, 0, 0
162025, 256, 0, 0, 0
162025, 768, 1, 0, 0
163025, 512, 1, 0, 0
164025, 512, 0, 0, 0
164025, 256, 1, 0, 0
165025, 256, 0, 0, 0
165025, 1025, 1, 0, 0
166025, 256, 0, 0, 0
166025, 768, 1, 0, 0
167025, 2560, 0, 0, 0
167025, 1280, 1, 0, 0
168025, 1025, 0, 0, 0
168025, 256, 1, 0, 0
170025, 768, 0, 0, 0
170025, 1024, 1, 0, 0
171025, 768, 0, 0, 0
172025, 1025, 0, 0, 0
172025, 768, 1, 0, 0
173025, 256, 1, 0, 0
174025, 512, 0, 0, 0
174025, 256, 1, 0, 0
176025, 1280, 0, 0, 0
176025, 1024, 1, 0, 0
177025, 1280, 0, 0, 0
177025, 512, 1, 0, 0
178025, 256, 0, 0, 0
178025, 512, 1, 0, 0
179025, 768, 0, 0, 0
179025, 768, 1, 0, 0
180025, 768, 0, 0, 0
180025, 512, 1, 0, 0
