33017, 768, 1, 0, 0
34017, 1537, 0, 0, 0
34017, 768, 1, 0, 0
35016, 1793, 0, 0, 0
35016, 1537, 1, 0, 0
36017, 768, 1, 0, 0
37017, 512, 0, 0, 0
37017, 768, 1, 0, 0
38017, 1280, 0, 0, 0
38017, 1024, 1, 0, 0
39017, 256, 0, 0, 0
39017, 1025, 1, 0, 0
40017, 1024, 0, 0, 0
40017, 768, 1, 0, 0
41017, 512, 0, 0, 0
41017, 768, 1, 0, 0
42016, 512, 0, 0, 0
42016, 1025, 1, 0, 0
44017, 1024, 0, 0, 0
44017, 256, 1, 0, 0
46017, 512, 0, 0, 0
46017, 1025, 1, 0, 0
47016, 512, 1, 0, 0
48017, 512, 0, 0, 0
48017, 512, 1, 0, 0
49017, 768, 0, 0, 0
49017, 1024, 1, 0, 0
50017, 256, 0, 0, 0
51017, 512, 0, 0, 0
51017, 256, 1, 0, 0
52016, 256, 0, 0, 0
52016, 768, 1, 0, 0
53016, 512, 0, 0, 0
53016, 768, 1, 0, 0
54017, 256, 1, 0, 0
55017, 256, 0, 0, 0
55017, 768, 1, 0, 0
56018, 512, 0, 0, 0
56018, 512, 1, 0, 0
57017, 256, 1, 0, 0
58016, 512, 0, 0, 0
59017, 1536, 0, 0, 0
59017, 1024, 1, 0, 0
60017, 512, 0, 0, 0
60017, 256, 1, 0, 0
61017, 2304, 0, 0, 0
61017, 512, 1, 0, 0
62017, 512, 0, 0, 0
62018, 1536, 1, 0, 0
63017, 1281, 0, 0, 0
63017, 768, 1, 0, 0
64017, 768, 0, 0, 0
64017, 512, 1, 0, 0
65017, 512, 0, 0, 0
65017, 1280, 1, 0, 0
66017, 1025, 0, 0, 0
66017, 512, 1, 0, 0
67017, 256, 0, 0, 0
68018, 256, 0, 0, 0
68018, 256, 1, 0, 0
70017, 256, 0, 0, 0
71018, 1024, 0, 0, 0
71018, 2048, 1, 0, 0
72017, 1281, 0, 0, 0
72017, 1025, 1, 0, 0
73017, 512, 0, 0, 0
73017, 1024, 1, 0, 0
74018, 256, 0, 0, 0
74018, 256, 1, 0, 0
76017, 768, 0, 0, 0
77018, 768, 0, 0, 0
78017, 768, 1, 0, 0
79017, 512, 0, 0, 0
79017, 1024, 1, 0, 0
80018, 1024, 0, 0, 0
80018, 1280, 1, 0, 0
81017, 768, 0, 0, 0
81017, 1537, 1, 0, 0
82017, 768, 0, 0, 0
82017, 1024, 1, 0, 0
83018, 512, 0, 0, 0
83018, 256, 1, 0, 0
84017, 256, 0, 0, 0
84017, 256, 1, 0, 0
85017, 256, 0, 0, 0
85017, 512, 1, 0, 0
86018, 768, 0, 0, 0
86018, 768, 1, 0, 0
87017, 256, 0, 0, 0
88017, 1024, 1, 0, 0
90017, 1025, 0, 0, 0
90017, 1025, 1, 0, 0
91017, 256, 0, 0, 0
91017, 512, 1, 0, 0
92018, 512, 0, 0, 0
92018, 1024, 1, 0, 0
93017, 1537, 0, 0, 0
93017, 1793, 1, 0, 0
94017, 1024, 0, 0, 0
94017, 512, 1, 0, 0
95018, 512, 0, 0, 0
96017, 1025, 0, 0, 0
96017, 1537, 1, 0, 0
97017, 512, 0, 0, 0
97017, 256, 1, 0, 0
98017, 256, 0, 0, 0
98017, 1024, 1, 0, 0
99017, 256, 0, 0, 0
99017, 1025, 1, 0, 0
100017, 256, 1, 0, 0
101017, 256, 0, 0, 0
101017, 512, 1, 0, 0
102017, 1025, 1, 0, 0
103017, 256, 0, 0, 0
103017, 256, 1, 0, 0
104017, 768, 0, 0, 0
104017, 512, 1, 0, 0
106017, 256, 0, 0, 0
106017, 256, 1, 0, 0
107017, 768, 0, 0, 0
107017, 256, 1, 0, 0
108018, 1280, 0, 0, 0
108018, 256, 1, 0, 0
109017, 512, 1, 0, 0
110017, 1280, 1, 0, 0
111018, 1024, 0, 0, 0
111018, 1536, 1, 0, 0
112017, 256, 0, 0, 0
113017, 512, 0, 0, 0
113017, 512, 1, 0, 0
114017, 1024, 0, 0, 0
114017, 256, 1, 0, 0
115018, 1024, 0, 0, 0
115018, 512, 1, 0, 0
116017, 256, 0, 0, 0
116017, 256, 1, 0, 0
117017, 1536, 0, 0, 0
117017, 1536, 1, 0, 0
118017, 768, 0, 0, 0
118017, 512, 1, 0, 0
120017, 1024, 1, 0, 0
121018, 512, 0, 0, 0
121018, 256, 1, 0, 0
122017, 256, 0, 0, 0
122017, 1537, 1, 0, 0
123017, 256, 0, 0, 0
123017, 256, 1, 0, 0
124017, 256, 0, 0, 0
125017, 2048, 0, 0, 0
125017, 1536, 1, 0, 0
126017, 256, 0, 0, 0
126017, 256, 1, 0, 0
129017, 768, 0, 0, 0
129017, 1536, 1, 0, 0
130018, 512, 1, 0, 0
131017, 1281, 0, 0, 0
131017, 256, 1, 0, 0
132017, 1280, 0, 0, 0
132017, 256, 1, 0, 0
133018, 512, 0, 0, 0
133018, 768, 1, 0, 0
134017, 512, 0, 0, 0
134017, 768, 1, 0, 0
135017, 768, 0, 0, 0
135017, 1024, 1, 0, 0
136018, 1280, 0, 0, 0
136018, 768, 1, 0, 0
138017, 1024, 0, 0, 0
138017, 1280, 1, 0, 0
139018, 256, 0, 0, 0
140017, 256, 0, 0, 0
142018, 512, 1, 0, 0
143017, 512, 0, 0, 0
143017, 512, 1, 0, 0
144017, 256, 0, 0, 0
144017, 512, 1, 0, 0
145018, 768, 0, 0, 0
145018, 768, 1, 0, 0
148018, 256, 0, 0, 0
149017, 512, 0, 0, 0
149017, 256, 1, 0, 0
150017, 256, 0, 0, 0
151018, 512, 1, 0, 0
152017, 512, 0, 0, 0
152017, 768, 1, 0, 0
153017, 512, 0, 0, 0
153017, 512, 1, 0, 0
157017, 768, 0, 0, 0
157017, 768, 1, 0, 0
158017, 256, 0, 0, 0
158017, 256, 1, 0, 0
159018, 512, 0, 0, 0
159018, 256, 1, 0, 0
160017, 256, 0, 0, 0
160017, 256, 1, 0, 0
161017, 512, 0, 0, 0
163017, 512, 0, 0, 0
163017, 512, 1, 0, 0
164017, 512, 1, 0, 0
165017, 768, 0, 0, 0
165017, 512, 1, 0, 0
166017, 256, 0, 0, 0
167017, 768, 0, 0, 0
167017, 512, 1, 0, 0
168017, 768, 0, 0, 0
168017, 768, 1, 0, 0
169017, 512, 0, 0, 0
169017, 768, 1, 0, 0
170017, 256, 1, 0, 0
171018, 512, 0, 0, 0
171018, 1024, 1, 0, 0
172017, 768, 0, 0, 0
172017, 256, 1, 0, 0
173017, 256, 0, 0, 0
173017, 512, 1, 0, 0
174018, 1024, 0, 0, 0
174018, 1280, 1, 0, 0
175017, 256, 1, 0, 0
176017, 768, 0, 0, 0
176017, 512, 1, 0, 0
177018, 768, 0, 0, 0
178017, 256, 1, 0, 0
179017, 1024, 0, 0, 0
179017, 1024, 1, 0, 0
180018, 768, 0, 0, 0
180018, 2048, 1, 0, 0
