24011, 768, 0, 0, 0
24011, 1280, 1, 0, 0
25012, 512, 0, 0, 0
26012, 512, 0, 0, 0
26012, 768, 1, 0, 0
27013, 256, 0, 0, 0
27013, 512, 1, 0, 0
28013, 1024, 0, 0, 0
28013, 1024, 1, 0, 0
29014, 256, 0, 0, 0
30015, 512, 0, 0, 0
30015, 256, 1, 0, 0
33016, 2048, 0, 0, 0
33016, 1280, 1, 0, 0
34017, 512, 0, 0, 0
34017, 512, 1, 0, 0
35017, 256, 0, 0, 0
36017, 256, 0, 0, 0
36017, 256, 1, 0, 0
37018, 512, 0, 0, 0
37018, 512, 1, 0, 0
38018, 1024, 0, 0, 0
38018, 1280, 1, 0, 0
39019, 2048, 0, 0, 0
39019, 1536, 1, 0, 0
41020, 768, 0, 0, 0
41020, 768, 1, 0, 0
42020, 768, 0, 0, 0
42020, 1536, 1, 0, 0
43020, 512, 0, 0, 0
43020, 512, 1, 0, 0
44021, 512, 0, 0, 0
44021, 512, 1, 0, 0
45021, 512, 0, 0, 0
45021, 512, 1, 0, 0
46022, 768, 0, 0, 0
46022, 256, 1, 0, 0
47022, 768, 0, 0, 0
48022, 256, 0, 0, 0
49023, 256, 0, 0, 0
50023, 256, 0, 0, 0
50023, 512, 1, 0, 0
51024, 512, 0, 0, 0
51024, 768, 1, 0, 0
52024, 768, 0, 0, 0
52024, 512, 1, 0, 0
53024, 512, 0, 0, 0
53024, 1536, 1, 0, 0
54025, 1024, 0, 0, 0
54025, 512, 1, 0, 0
55025, 768, 0, 0, 0
56025, 1024, 0, 0, 0
56025, 768, 1, 0, 0
57026, 768, 0, 0, 0
57026, 1024, 1, 0, 0
58026, 512, 0, 0, 0
58026, 256, 1, 0, 0
59026, 1024, 0, 0, 0
59026, 1280, 1, 0, 0
60027, 1280, 0, 0, 0
60027, 1792, 1, 0, 0
61027, 256, 0, 0, 0
61027, 512, 1, 0, 0
62027, 1024, 0, 0, 0
62027, 512, 1, 0, 0
63028, 256, 0, 0, 0
63028, 256, 1, 0, 0
64028, 768, 0, 0, 0
64028, 1280, 1, 0, 0
65028, 512, 0, 0, 0
65028, 1024, 1, 0, 0
66029, 512, 0, 0, 0
66029, 256, 1, 0, 0
67029, 512, 0, 0, 0
67029, 512, 1, 0, 0
68029, 1024, 0, 0, 0
69030, 256, 0, 0, 0
69030, 256, 1, 0, 0
70030, 256, 1, 0, 0
71030, 256, 0, 0, 0
72031, 512, 0, 0, 0
72031, 1024, 1, 0, 0
73031, 256, 0, 0, 0
74031, 256, 0, 0, 0
75032, 256, 0, 0, 0
75032, 1024, 1, 0, 0
76032, 256, 0, 0, 0
76032, 512, 1, 0, 0
77032, 256, 1, 0, 0
78033, 256, 0, 0, 0
78033, 512, 1, 0, 0
79033, 512, 0, 0, 0
79033, 1280, 1, 0, 0
80033, 1280, 0, 0, 0
81034, 768, 0, 0, 0
81034, 768, 1, 0, 0
83034, 768, 1, 0, 0
84035, 512, 0, 0, 0
84035, 512, 1, 0, 0
85035, 1280, 0, 0, 0
85035, 768, 1, 0, 0
86035, 1280, 0, 0, 0
86035, 1792, 1, 0, 0
87036, 1024, 0, 0, 0
87036, 256, 1, 0, 0
88036, 256, 0, 0, 0
89036, 2304, 0, 0, 0
89036, 1024, 1, 0, 0
90037, 1024, 0, 0, 0
90037, 256, 1, 0, 0
91037, 256, 0, 0, 0
92037, 512, 0, 0, 0
92037, 1280, 1, 0, 0
93038, 1024, 0, 0, 0
93038, 768, 1, 0, 0
94038, 512, 1, 0, 0
95038, 768, 0, 0, 0
95038, 256, 1, 0, 0
96039, 512, 1, 0, 0
97039, 256, 0, 0, 0
98039, 512, 1, 0, 0
99040, 1024, 0, 0, 0
99040, 256, 1, 0, 0
100040, 1536, 0, 0, 0
100040, 1536, 1, 0, 0
101040, 512, 0, 0, 0
101040, 768, 1, 0, 0
102041, 256, 0, 0, 0
102041, 512, 1, 0, 0
104041, 768, 0, 0, 0
104041, 2816, 1, 0, 0
105042, 512, 1, 0, 0
106042, 256, 0, 0, 0
106042, 512, 1, 0, 0
107042, 1024, 0, 0, 0
107042, 1280, 1, 0, 0
108042, 256, 0, 0, 0
108042, 1024, 1, 0, 0
109043, 1024, 0, 0, 0
109043, 256, 1, 0, 0
110043, 256, 0, 0, 0
111043, 512, 0, 0, 0
112044, 1024, 1, 0, 0
113044, 1792, 0, 0, 0
113044, 1024, 1, 0, 0
114044, 1024, 0, 0, 0
114044, 1536, 1, 0, 0
115045, 512, 0, 0, 0
115045, 1024, 1, 0, 0
116045, 512, 0, 0, 0
116045, 1024, 1, 0, 0
117045, 512, 0, 0, 0
117045, 768, 1, 0, 0
118046, 256, 1, 0, 0
119046, 256, 0, 0, 0
120046, 1024, 0, 0, 0
120046, 1024, 1, 0, 0
121047, 1024, 0, 0, 0
121047, 256, 1, 0, 0
122047, 256, 0, 0, 0
123047, 256, 0, 0, 0
123047, 1024, 1, 0, 0
124048, 256, 0, 0, 0
124048, 512, 1, 0, 0
125048, 256, 0, 0, 0
125048, 256, 1, 0, 0
126048, 768, 0, 0, 0
126048, 256, 1, 0, 0
127049, 768, 0, 0, 0
127049, 768, 1, 0, 0
130049, 1280, 0, 0, 0
130049, 512, 1, 0, 0
132050, 512, 1, 0, 0
133050, 512, 0, 0, 0
133050, 2048, 1, 0, 0
134051, 3328, 0, 0, 0
134051, 1536, 1, 0, 0
135051, 256, 1, 0, 0
136051, 2560, 0, 0, 0
136051, 1536, 1, 0, 0
137052, 768, 0, 0, 0
137052, 256, 1, 0, 0
138052, 512, 0, 0, 0
138052, 1280, 1, 0, 0
139052, 512, 0, 0, 0
139052, 512, 1, 0, 0
140053, 1024, 0, 0, 0
140053, 256, 1, 0, 0
141053, 512, 0, 0, 0
142053, 512, 0, 0, 0
142053, 1280, 1, 0, 0
143054, 1280, 0, 0, 0
143054, 768, 1, 0, 0
144054, 512, 0, 0, 0
144054, 256, 1, 0, 0
145054, 768, 0, 0, 0
145054, 512, 1, 0, 0
146055, 1280, 0, 0, 0
146055, 768, 1, 0, 0
147055, 512, 0, 0, 0
147055, 1280, 1, 0, 0
149056, 1536, 0, 0, 0
149056, 2048, 1, 0, 0
150056, 256, 0, 0, 0
150056, 1280, 1, 0, 0
151057, 1024, 0, 0, 0
151057, 1024, 1, 0, 0
152057, 256, 0, 0, 0
152057, 512, 1, 0, 0
153057, 768, 1, 0, 0
154058, 256, 0, 0, 0
154058, 256, 1, 0, 0
155058, 512, 0, 0, 0
155058, 768, 1, 0, 0
156058, 768, 0, 0, 0
156058, 1280, 1, 0, 0
157059, 1280, 0, 0, 0
157059, 768, 1, 0, 0
158059, 768, 0, 0, 0
158059, 512, 1, 0, 0
159059, 256, 0, 0, 0
159059, 1024, 1, 0, 0
160060, 1536, 0, 0, 0
160060, 512, 1, 0, 0
161060, 768, 0, 0, 0
161060, 1024, 1, 0, 0
162060, 256, 0, 0, 0
162060, 1024, 1, 0, 0
163061, 256, 0, 0, 0
163061, 256, 1, 0, 0
164061, 1536, 0, 0, 0
164061, 768, 1, 0, 0
165062, 512, 0, 0, 0
165062, 768, 1, 0, 0
166062, 512, 0, 0, 0
167062, 1536, 0, 0, 0
167062, 256, 1, 0, 0
168063, 1024, 0, 0, 0
168063, 768, 1, 0, 0
169063, 768, 1, 0, 0
171064, 256, 1, 0, 0
172064, 256, 0, 0, 0
173064, 256, 0, 0, 0
173064, 256, 1, 0, 0
174064, 768, 0, 0, 0
175065, 1280, 0, 0, 0
175065, 1536, 1, 0, 0
176065, 512, 0, 0, 0
176065, 768, 1, 0, 0
177065, 768, 0, 0, 0
177065, 512, 1, 0, 0
178066, 256, 1, 0, 0
179066, 512, 1, 0, 0
180166, 465, 0, 0, 0
180166, 232, 1, 0, 0
