26013, 256, 1, 0, 0
27013, 256, 0, 0, 0
27013, 768, 1, 0, 0
28014, 1280, 0, 0, 0
28014, 512, 1, 0, 0
29014, 768, 0, 0, 0
29014, 768, 1, 0, 0
30015, 768, 0, 0, 0
30015, 512, 1, 0, 0
31015, 512, 0, 0, 0
31015, 1024, 1, 0, 0
32016, 256, 1, 0, 0
34017, 1280, 0, 0, 0
34017, 1024, 1, 0, 0
35017, 256, 0, 0, 0
35017, 512, 1, 0, 0
36018, 256, 0, 0, 0
36018, 512, 1, 0, 0
37018, 512, 0, 0, 0
37018, 1280, 1, 0, 0
38019, 256, 0, 0, 0
39019, 256, 0, 0, 0
39019, 512, 1, 0, 0
40019, 512, 0, 0, 0
40019, 256, 1, 0, 0
41020, 256, 1, 0, 0
42020, 256, 0, 0, 0
42020, 1024, 1, 0, 0
43021, 256, 1, 0, 0
44021, 512, 0, 0, 0
44021, 512, 1, 0, 0
45022, 512, 0, 0, 0
45022, 256, 1, 0, 0
46022, 256, 0, 0, 0
46022, 768, 1, 0, 0
47022, 512, 0, 0, 0
47022, 512, 1, 0, 0
48023, 256, 0, 0, 0
48023, 1024, 1, 0, 0
49023, 2304, 0, 0, 0
49023, 2048, 1, 0, 0
50024, 768, 0, 0, 0
50024, 256, 1, 0, 0
51024, 1024, 0, 0, 0
51024, 1536, 1, 0, 0
52024, 1280, 0, 0, 0
52024, 1536, 1, 0, 0
53025, 256, 0, 0, 0
53025, 512, 1, 0, 0
54025, 768, 0, 0, 0
54025, 768, 1, 0, 0
55025, 768, 0, 0, 0
55025, 512, 1, 0, 0
56026, 256, 0, 0, 0
56026, 1280, 1, 0, 0
57025, 256, 1, 0, 0
58024, 256, 0, 0, 0
58024, 1025, 1, 0, 0
59025, 768, 0, 0, 0
59025, 256, 1, 0, 0
60025, 256, 0, 0, 0
61025, 512, 0, 0, 0
61025, 1024, 1, 0, 0
62026, 512, 0, 0, 0
62026, 512, 1, 0, 0
63025, 1025, 0, 0, 0
63025, 768, 1, 0, 0
64025, 512, 0, 0, 0
64025, 768, 1, 0, 0
65026, 768, 0, 0, 0
65026, 1792, 1, 0, 0
66025, 256, 0, 0, 0
66025, 512, 1, 0, 0
67025, 1280, 0, 0, 0
67025, 256, 1, 0, 0
68026, 1792, 0, 0, 0
68026, 1536, 1, 0, 0
69025, 1025, 0, 0, 0
69025, 256, 1, 0, 0
70025, 1280, 0, 0, 0
70025, 1024, 1, 0, 0
71026, 512, 0, 0, 0
72025, 1025, 0, 0, 0
72025, 768, 1, 0, 0
73025, 256, 0, 0, 0
73025, 1280, 1, 0, 0
74026, 512, 0, 0, 0
74026, 512, 1, 0, 0
75025, 512, 0, 0, 0
75025, 256, 1, 0, 0
76025, 2560, 0, 0, 0
76025, 1792, 1, 0, 0
77026, 256, 0, 0, 0
77026, 256, 1, 0, 0
78025, 1537, 0, 0, 0
78025, 256, 1, 0, 0
79025, 512, 0, 0, 0
79025, 768, 1, 0, 0
80026, 1280, 0, 0, 0
80026, 768, 1, 0, 0
81025, 512, 0, 0, 0
81025, 256, 1, 0, 0
82025, 256, 0, 0, 0
83026, 256, 0, 0, 0
83026, 1792, 1, 0, 0
84025, 512, 0, 0, 0
84025, 256, 1, 0, 0
85025, 1792, 0, 0, 0
85025, 1024, 1, 0, 0
86026, 256, 0, 0, 0
86026, 256, 1, 0, 0
87025, 1281, 0, 0, 0
87025, 1281, 1, 0, 0
88025, 512, 0, 0, 0
88025, 256, 1, 0, 0
89026, 512, 0, 0, 0
89026, 768, 1, 0, 0
90025, 256, 0, 0, 0
92026, 256, 0, 0, 0
92026, 1024, 1, 0, 0
93025, 256, 0, 0, 0
93025, 768, 1, 0, 0
94025, 768, 0, 0, 0
95026, 256, 0, 0, 0
96025, 512, 0, 0, 0
96025, 1025, 1, 0, 0
97025, 768, 0, 0, 0
97025, 768, 1, 0, 0
98026, 256, 0, 0, 0
99025, 512, 0, 0, 0
99025, 1025, 1, 0, 0
100025, 1024, 0, 0, 0
100025, 256, 1, 0, 0
102025, 1025, 0, 0, 0
102025, 768, 1, 0, 0
103025, 768, 0, 0, 0
103025, 768, 1, 0, 0
104026, 768, 0, 0, 0
104026, 512, 1, 0, 0
105026, 1024, 0, 0, 0
105026, 512, 1, 0, 0
106025, 1793, 0, 0, 0
106025, 2050, 1, 0, 0
108026, 512, 0, 0, 0
108026, 768, 1, 0, 0
109025, 512, 0, 0, 0
110025, 512, 1, 0, 0
111026, 768, 0, 0, 0
111026, 1024, 1, 0, 0
112025, 1281, 0, 0, 0
112025, 768, 1, 0, 0
113025, 256, 1, 0, 0
114026, 1280, 0, 0, 0
114026, 1024, 1, 0, 0
115026, 256, 1, 0, 0
116025, 256, 0, 0, 0
116025, 512, 1, 0, 0
118025, 256, 0, 0, 0
118025, 256, 1, 0, 0
119025, 256, 0, 0, 0
120026, 768, 0, 0, 0
120026, 256, 1, 0, 0
121026, 256, 0, 0, 0
122025, 256, 0, 0, 0
122025, 1281, 1, 0, 0
123026, 768, 0, 0, 0
124025, 256, 1, 0, 0
125025, 768, 0, 0, 0
125025, 768, 1, 0, 0
126026, 1280, 0, 0, 0
126026, 1536, 1, 0, 0
127026, 2304, 0, 0, 0
127026, 1792, 1, 0, 0
128025, 1025, 0, 0, 0
128025, 1793, 1, 0, 0
129025, 512, 1, 0, 0
130026, 1024, 0, 0, 0
130026, 1536, 1, 0, 0
131025, 256, 0, 0, 0
131025, 256, 1, 0, 0
132026, 256, 1, 0, 0
133026, 256, 0, 0, 0
134025, 512, 0, 0, 0
134025, 512, 1, 0, 0
136026, 256, 1, 0, 0
137025, 1537, 0, 0, 0
137025, 1537, 1, 0, 0
138025, 256, 0, 0, 0
138025, 256, 1, 0, 0
139026, 256, 0, 0, 0
139026, 256, 1, 0, 0
140025, 1025, 0, 0, 0
140025, 2306, 1, 0, 0
141025, 512, 0, 0, 0
141025, 1792, 1, 0, 0
143025, 256, 1, 0, 0
145026, 1280, 0, 0, 0
145026, 768, 1, 0, 0
146025, 256, 1, 0, 0
147025, 512, 0, 0, 0
147025, 1024, 1, 0, 0
148026, 256, 0, 0, 0
148026, 768, 1, 0, 0
149025, 1025, 0, 0, 0
149025, 256, 1, 0, 0
151026, 1024, 0, 0, 0
151026, 768, 1, 0, 0
152025, 768, 0, 0, 0
152025, 256, 1, 0, 0
153026, 256, 0, 0, 0
153026, 256, 1, 0, 0
154025, 1537, 0, 0, 0
154025, 256, 1, 0, 0
155025, 256, 0, 0, 0
157025, 256, 1, 0, 0
158025, 256, 1, 0, 0
159026, 256, 1, 0, 0
160025, 256, 0, 0, 0
161025, 512, 0, 0, 0
161025, 512, 1, 0, 0
162026, 256, 0, 0, 0
162026, 256, 1, 0, 0
163025, 256, 1, 0, 0
165025, 1537, 0, 0, 0
165025, 1281, 1, 0, 0
166025, 1280, 0, 0, 0
166025, 1792, 1, 0, 0
167026, 512, 0, 0, 0
168025, 512, 0, 0, 0
168025, 512, 1, 0, 0
169025, 1536, 0, 0, 0
169025, 768, 1, 0, 0
170026, 1536, 0, 0, 0
170026, 1280, 1, 0, 0
171026, 1280, 0, 0, 0
171026, 768, 1, 0, 0
172025, 2050, 0, 0, 0
172025, 1025, 1, 0, 0
173025, 256, 0, 0, 0
173025, 768, 1, 0, 0
174026, 1024, 1, 0, 0
176026, 1536, 0, 0, 0
176026, 768, 1, 0, 0
177026, 512, 0, 0, 0
178025, 1281, 0, 0, 0
178025, 1793, 1, 0, 0
179026, 256, 0, 0, 0
180026, 256, 0, 0, 0
180026, 512, 1, 0, 0
