13002, 2306, 0, 0, 0
13002, 1537, 1, 0, 0
14002, 3075, 0, 0, 0
14002, 2818, 1, 0, 0
15002, 2560, 0, 0, 0
15002, 1024, 1, 0, 0
16003, 1792, 0, 0, 0
16003, 512, 1, 0, 0
17002, 256, 1, 0, 0
19002, 256, 0, 0, 0
19002, 256, 1, 0, 0
20003, 1536, 0, 0, 0
20003, 2816, 1, 0, 0
21003, 1793, 0, 0, 0
21003, 512, 1, 0, 0
22003, 2560, 0, 0, 0
22003, 1792, 1, 0, 0
23003, 768, 0, 0, 0
24002, 1025, 0, 0, 0
24002, 512, 1, 0, 0
25003, 768, 0, 0, 0
25003, 768, 1, 0, 0
26003, 768, 0, 0, 0
27003, 3331, 0, 0, 0
27003, 1281, 1, 0, 0
28002, 4612, 0, 0, 0
28002, 3331, 1, 0, 0
29003, 1280, 0, 0, 0
29003, 2304, 1, 0, 0
30002, 256, 0, 0, 0
30002, 1537, 1, 0, 0
31002, 2562, 0, 0, 0
31002, 2306, 1, 0, 0
32002, 1792, 0, 0, 0
32002, 1536, 1, 0, 0
35002, 512, 0, 0, 0
35002, 768, 1, 0, 0
36002, 1536, 0, 0, 0
36002, 2304, 1, 0, 0
37002, 512, 0, 0, 0
38003, 1536, 0, 0, 0
38003, 3072, 1, 0, 0
39002, 256, 1, 0, 0
40003, 768, 0, 0, 0
40003, 1024, 1, 0, 0
41002, 512, 0, 0, 0
41002, 512, 1, 0, 0
42002, 512, 0, 0, 0
42002, 768, 1, 0, 0
44002, 768, 0, 0, 0
44002, 256, 1, 0, 0
45003, 768, 0, 0, 0
45003, 1024, 1, 0, 0
46002, 1793, 0, 0, 0
46002, 1793, 1, 0, 0
47002, 3587, 0, 0, 0
47002, 2050, 1, 0, 0
48002, 1536, 0, 0, 0
48002, 256, 1, 0, 0
49002, 512, 0, 0, 0
49002, 1024, 1, 0, 0
50003, 2560, 0, 0, 0
50003, 1792, 1, 0, 0
51002, 1281, 0, 0, 0
51002, 1025, 1, 0, 0
52002, 512, 0, 0, 0
52002, 256, 1, 0, 0
54002, 2048, 0, 0, 0
54002, 1792, 1, 0, 0
55003, 256, 1, 0, 0
56003, 256, 0, 0, 0
56003, 256, 1, 0, 0
57002, 768, 0, 0, 0
57002, 256, 1, 0, 0
58002, 2818, 0, 0, 0
58002, 3587, 1, 0, 0
59002, 512, 0, 0, 0
59002, 1280, 1, 0, 0
63002, 1025, 0, 0, 0
63002, 1281, 1, 0, 0
64003, 2048, 0, 0, 0
64003, 1280, 1, 0, 0
65003, 3584, 0, 0, 0
65003, 3072, 1, 0, 0
66002, 1537, 0, 0, 0
66002, 1281, 1, 0, 0
68003, 2816, 0, 0, 0
68003, 2048, 1, 0, 0
70003, 1024, 0, 0, 0
70003, 2560, 1, 0, 0
71003, 2304, 0, 0, 0
71003, 2048, 1, 0, 0
72002, 3331, 0, 0, 0
72002, 3331, 1, 0, 0
73003, 256, 0, 0, 0
74003, 2560, 0, 0, 0
74003, 1536, 1, 0, 0
76003, 1536, 0, 0, 0
76003, 1024, 1, 0, 0
77003, 1536, 0, 0, 0
77003, 1280, 1, 0, 0
78002, 768, 0, 0, 0
78002, 1537, 1, 0, 0
79003, 4608, 0, 0, 0
79003, 3840, 1, 0, 0
80003, 1536, 0, 0, 0
80003, 1024, 1, 0, 0
81002, 1793, 0, 0, 0
81002, 2562, 1, 0, 0
82003, 512, 0, 0, 0
82003, 256, 1, 0, 0
83003, 512, 0, 0, 0
84002, 1025, 0, 0, 0
84002, 1025, 1, 0, 0
85003, 256, 0, 0, 0
85003, 1024, 1, 0, 0
86003, 1536, 0, 0, 0
86003, 1536, 1, 0, 0
87002, 512, 0, 0, 0
87002, 1025, 1, 0, 0
88003, 2816, 0, 0, 0
88003, 2560, 1, 0, 0
89003, 512, 0, 0, 0
89003, 1024, 1, 0, 0
90002, 256, 0, 0, 0
91003, 2560, 0, 0, 0
91003, 2048, 1, 0, 0
92003, 512, 0, 0, 0
92003, 512, 1, 0, 0
93002, 256, 0, 0, 0
93002, 512, 1, 0, 0
94003, 1792, 0, 0, 0
94003, 2304, 1, 0, 0
95003, 512, 0, 0, 0
95003, 512, 1, 0, 0
96002, 768, 0, 0, 0
96002, 512, 1, 0, 0
97003, 1024, 0, 0, 0
97003, 3328, 1, 0, 0
98003, 1792, 0, 0, 0
98003, 3584, 1, 0, 0
99002, 512, 0, 0, 0
99002, 1281, 1, 0, 0
100003, 4352, 0, 0, 0
100003, 2560, 1, 0, 0
101003, 1536, 0, 0, 0
101003, 2304, 1, 0, 0
103003, 1792, 0, 0, 0
103003, 768, 1, 0, 0
105003, 768, 0, 0, 0
105003, 1536, 1, 0, 0
106002, 1537, 0, 0, 0
106002, 1537, 1, 0, 0
107003, 256, 1, 0, 0
108003, 768, 0, 0, 0
109002, 768, 0, 0, 0
109002, 1537, 1, 0, 0
111003, 256, 0, 0, 0
111003, 768, 1, 0, 0
112002, 1793, 0, 0, 0
112002, 512, 1, 0, 0
113003, 1024, 0, 0, 0
113003, 512, 1, 0, 0
114003, 512, 0, 0, 0
114003, 256, 1, 0, 0
115003, 768, 0, 0, 0
115003, 1536, 1, 0, 0
116003, 768, 0, 0, 0
116003, 256, 1, 0, 0
117003, 1792, 0, 0, 0
117003, 1024, 1, 0, 0
118002, 1281, 0, 0, 0
118002, 1793, 1, 0, 0
119003, 2560, 0, 0, 0
119003, 2816, 1, 0, 0
120003, 1280, 0, 0, 0
120003, 512, 1, 0, 0
121003, 768, 0, 0, 0
121003, 1536, 1, 0, 0
122003, 512, 0, 0, 0
122003, 1537, 1, 0, 0
123003, 1280, 0, 0, 0
124002, 512, 1, 0, 0
125003, 256, 1, 0, 0
126003, 256, 0, 0, 0
127003, 256, 1, 0, 0
128002, 2050, 0, 0, 0
128002, 2818, 1, 0, 0
129003, 256, 0, 0, 0
129003, 1536, 1, 0, 0
130003, 2560, 0, 0, 0
130003, 5120, 1, 0, 0
131002, 512, 0, 0, 0
131002, 512, 1, 0, 0
132003, 256, 0, 0, 0
132003, 512, 1, 0, 0
134002, 512, 0, 0, 0
134002, 512, 1, 0, 0
135003, 768, 0, 0, 0
135003, 1792, 1, 0, 0
136003, 3328, 0, 0, 0
136003, 2048, 1, 0, 0
137002, 1793, 0, 0, 0
137002, 1281, 1, 0, 0
138003, 256, 0, 0, 0
138003, 256, 1, 0, 0
139003, 512, 0, 0, 0
139003, 256, 1, 0, 0
140002, 2050, 0, 0, 0
140002, 2306, 1, 0, 0
141003, 1792, 0, 0, 0
141003, 2560, 1, 0, 0
142003, 2304, 0, 0, 0
142003, 1024, 1, 0, 0
143002, 1025, 0, 0, 0
143002, 512, 1, 0, 0
144003, 3328, 0, 0, 0
144003, 1024, 1, 0, 0
145003, 1024, 0, 0, 0
145003, 1024, 1, 0, 0
146002, 512, 0, 0, 0
146002, 1281, 1, 0, 0
147003, 768, 0, 0, 0
147003, 1280, 1, 0, 0
148003, 2560, 0, 0, 0
148003, 2560, 1, 0, 0
149002, 512, 1, 0, 0
150003, 1792, 0, 0, 0
150003, 2304, 1, 0, 0
151003, 1024, 0, 0, 0
151003, 1024, 1, 0, 0
153003, 1536, 0, 0, 0
153003, 1024, 1, 0, 0
154002, 2050, 0, 0, 0
154002, 1537, 1, 0, 0
155003, 3328, 0, 0, 0
155003, 2304, 1, 0, 0
156003, 512, 0, 0, 0
156003, 512, 1, 0, 0
157002, 256, 1, 0, 0
158003, 1536, 0, 0, 0
158003, 1280, 1, 0, 0
160002, 1281, 0, 0, 0
160002, 1537, 1, 0, 0
161003, 768, 0, 0, 0
161003, 768, 1, 0, 0
162003, 512, 0, 0, 0
162003, 1280, 1, 0, 0
163003, 1025, 0, 0, 0
163003, 1025, 1, 0, 0
164003, 512, 0, 0, 0
164003, 1024, 1, 0, 0
165002, 3587, 0, 0, 0
165002, 2562, 1, 0, 0
166003, 2048, 0, 0, 0
166003, 2304, 1, 0, 0
167003, 1536, 0, 0, 0
167003, 2048, 1, 0, 0
168002, 2050, 0, 0, 0
168002, 3075, 1, 0, 0
169003, 1280, 0, 0, 0
169003, 2304, 1, 0, 0
170003, 2048, 0, 0, 0
170003, 1024, 1, 0, 0
172002, 2050, 0, 0, 0
172002, 5893, 1, 0, 0
173003, 768, 0, 0, 0
173003, 768, 1, 0, 0
174003, 2816, 0, 0, 0
174003, 1280, 1, 0, 0
175002, 768, 0, 0, 0
175002, 512, 1, 0, 0
176003, 2304, 0, 0, 0
176003, 1536, 1, 0, 0
177003, 3584, 0, 0, 0
177003, 3328, 1, 0, 0
178002, 1793, 0, 0, 0
178002, 1537, 1, 0, 0
179003, 768, 0, 0, 0
179003, 768, 1, 0, 0
180003, 2304, 0, 0, 0
180003, 1536, 1, 0, 0
