34004, 512, 1, 0, 0
35004, 256, 1, 0, 0
36004, 1024, 0, 0, 0
36004, 256, 1, 0, 0
38005, 256, 0, 0, 0
38005, 768, 1, 0, 0
39004, 256, 0, 0, 0
39004, 256, 1, 0, 0
40005, 256, 0, 0, 0
40005, 256, 1, 0, 0
41004, 256, 0, 0, 0
41004, 256, 1, 0, 0
42004, 512, 0, 0, 0
42004, 1537, 1, 0, 0
43004, 512, 0, 0, 0
43004, 512, 1, 0, 0
44004, 512, 0, 0, 0
45005, 512, 0, 0, 0
45005, 512, 1, 0, 0
46004, 1025, 0, 0, 0
46004, 256, 1, 0, 0
47004, 256, 0, 0, 0
47004, 768, 1, 0, 0
48004, 256, 0, 0, 0
49004, 1024, 0, 0, 0
49004, 256, 1, 0, 0
50005, 768, 0, 0, 0
50005, 512, 1, 0, 0
51004, 768, 0, 0, 0
51004, 512, 1, 0, 0
55005, 256, 0, 0, 0
55005, 512, 1, 0, 0
56005, 1024, 0, 0, 0
56005, 768, 1, 0, 0
57004, 768, 0, 0, 0
58004, 768, 0, 0, 0
58004, 1025, 1, 0, 0
59004, 768, 0, 0, 0
59004, 1792, 1, 0, 0
60004, 1024, 0, 0, 0
60004, 1536, 1, 0, 0
61005, 768, 0, 0, 0
61005, 1536, 1, 0, 0
62005, 768, 0, 0, 0
62005, 768, 1, 0, 0
63004, 768, 0, 0, 0
63004, 256, 1, 0, 0
65005, 512, 0, 0, 0
65005, 768, 1, 0, 0
66004, 256, 0, 0, 0
66004, 768, 1, 0, 0
68005, 768, 0, 0, 0
68005, 1024, 1, 0, 0
69004, 768, 0, 0, 0
69004, 768, 1, 0, 0
70005, 768, 0, 0, 0
70005, 256, 1, 0, 0
71005, 256, 0, 0, 0
72004, 512, 0, 0, 0
72004, 768, 1, 0, 0
73005, 256, 0, 0, 0
73005, 1536, 1, 0, 0
74005, 512, 1, 0, 0
75004, 256, 0, 0, 0
75004, 256, 1, 0, 0
76005, 1024, 0, 0, 0
76005, 1536, 1, 0, 0
77005, 512, 1, 0, 0
78004, 256, 0, 0, 0
78004, 768, 1, 0, 0
79005, 256, 0, 0, 0
79005, 768, 1, 0, 0
80005, 1024, 0, 0, 0
80005, 768, 1, 0, 0
81004, 1281, 0, 0, 0
81004, 1025, 1, 0, 0
82005, 1280, 0, 0, 0
82005, 256, 1, 0, 0
83005, 768, 0, 0, 0
83005, 768, 1, 0, 0
84004, 512, 0, 0, 0
84004, 256, 1, 0, 0
85005, 1280, 0, 0, 0
85005, 768, 1, 0, 0
86005, 256, 1, 0, 0
87004, 512, 0, 0, 0
87004, 768, 1, 0, 0
89005, 512, 0, 0, 0
89005, 1024, 1, 0, 0
90004, 768, 0, 0, 0
90004, 768, 1, 0, 0
91005, 1024, 0, 0, 0
91005, 256, 1, 0, 0
93004, 512, 0, 0, 0
93004, 512, 1, 0, 0
94005, 256, 0, 0, 0
94005, 1024, 1, 0, 0
95005, 1024, 0, 0, 0
97004, 768, 0, 0, 0
97005, 768, 1, 0, 0
98005, 768, 0, 0, 0
99004, 256, 1, 0, 0
100004, 512, 0, 0, 0
100004, 512, 1, 0, 0
101005, 256, 0, 0, 0
101005, 512, 1, 0, 0
102004, 512, 0, 0, 0
102004, 1025, 1, 0, 0
103004, 256, 0, 0, 0
104005, 256, 0, 0, 0
104005, 256, 1, 0, 0
105005, 512, 0, 0, 0
105005, 1280, 1, 0, 0
106004, 768, 0, 0, 0
106004, 768, 1, 0, 0
107005, 512, 0, 0, 0
107005, 256, 1, 0, 0
108005, 512, 0, 0, 0
109004, 256, 0, 0, 0
109004, 256, 1, 0, 0
110005, 512, 0, 0, 0
110005, 1024, 1, 0, 0
111005, 256, 0, 0, 0
111005, 256, 1, 0, 0
112004, 256, 0, 0, 0
112004, 768, 1, 0, 0
113004, 512, 0, 0, 0
113004, 1280, 1, 0, 0
114005, 256, 0, 0, 0
115005, 2048, 0, 0, 0
115005, 1280, 1, 0, 0
117005, 512, 0, 0, 0
117005, 512, 1, 0, 0
118004, 512, 0, 0, 0
118004, 256, 1, 0, 0
120005, 256, 0, 0, 0
120005, 256, 1, 0, 0
121005, 512, 0, 0, 0
121005, 512, 1, 0, 0
123005, 1024, 0, 0, 0
123005, 1536, 1, 0, 0
124004, 256, 0, 0, 0
124004, 768, 1, 0, 0
125004, 1024, 0, 0, 0
125004, 2304, 1, 0, 0
126005, 768, 0, 0, 0
126005, 512, 1, 0, 0
127005, 768, 0, 0, 0
128004, 256, 0, 0, 0
128004, 1025, 1, 0, 0
129005, 1280, 0, 0, 0
129005, 768, 1, 0, 0
130005, 1024, 0, 0, 0
130005, 1792, 1, 0, 0
131004, 768, 0, 0, 0
131004, 512, 1, 0, 0
132005, 512, 0, 0, 0
132005, 512, 1, 0, 0
133005, 768, 0, 0, 0
133005, 768, 1, 0, 0
134004, 512, 0, 0, 0
134004, 256, 1, 0, 0
135005, 256, 0, 0, 0
135005, 512, 1, 0, 0
136005, 256, 1, 0, 0
137004, 256, 1, 0, 0
138005, 768, 0, 0, 0
138005, 512, 1, 0, 0
139005, 256, 0, 0, 0
139005, 256, 1, 0, 0
140004, 2050, 0, 0, 0
140004, 1793, 1, 0, 0
141005, 768, 1, 0, 0
142005, 256, 0, 0, 0
142005, 256, 1, 0, 0
143004, 256, 0, 0, 0
144005, 512, 0, 0, 0
144005, 512, 1, 0, 0
145005, 256, 1, 0, 0
146004, 768, 0, 0, 0
146004, 256, 1, 0, 0
147005, 1024, 0, 0, 0
147005, 256, 1, 0, 0
148005, 256, 0, 0, 0
148005, 1024, 1, 0, 0
149004, 256, 0, 0, 0
149004, 512, 1, 0, 0
150005, 256, 1, 0, 0
151005, 1536, 0, 0, 0
151005, 1280, 1, 0, 0
152005, 1025, 0, 0, 0
152005, 512, 1, 0, 0
153005, 768, 0, 0, 0
153005, 1280, 1, 0, 0
154004, 256, 0, 0, 0
154004, 1281, 1, 0, 0
156005, 256, 0, 0, 0
156005, 256, 1, 0, 0
158005, 768, 1, 0, 0
159005, 512, 0, 0, 0
159005, 1280, 1, 0, 0
160004, 1025, 0, 0, 0
160004, 1281, 1, 0, 0
161005, 1792, 0, 0, 0
161005, 768, 1, 0, 0
162005, 256, 0, 0, 0
162005, 256, 1, 0, 0
164005, 256, 0, 0, 0
165004, 768, 0, 0, 0
165004, 1537, 1, 0, 0
166005, 256, 0, 0, 0
166005, 512, 1, 0, 0
167005, 1280, 0, 0, 0
167005, 1536, 1, 0, 0
169004, 768, 0, 0, 0
169004, 1280, 1, 0, 0
170005, 256, 1, 0, 0
171005, 256, 1, 0, 0
172004, 256, 0, 0, 0
172004, 768, 1, 0, 0
173005, 256, 0, 0, 0
173005, 512, 1, 0, 0
174005, 512, 0, 0, 0
174005, 256, 1, 0, 0
176005, 256, 1, 0, 0
177005, 1280, 0, 0, 0
177005, 256, 1, 0, 0
178004, 256, 0, 0, 0
178004, 256, 1, 0, 0
179005, 256, 0, 0, 0
179005, 256, 1, 0, 0
180005, 768, 0, 0, 0
180005, 256, 1, 0, 0
