32016, 512, 0, 0, 0
32016, 768, 1, 0, 0
33017, 768, 0, 0, 0
33017, 256, 1, 0, 0
34016, 256, 0, 0, 0
34016, 256, 1, 0, 0
35016, 1793, 0, 0, 0
35016, 1537, 1, 0, 0
36016, 1024, 1, 0, 0
37016, 1536, 0, 0, 0
37016, 768, 1, 0, 0
38017, 512, 0, 0, 0
39016, 512, 0, 0, 0
39016, 768, 1, 0, 0
40017, 256, 1, 0, 0
41016, 1281, 0, 0, 0
41016, 512, 1, 0, 0
42016, 768, 0, 0, 0
42016, 1281, 1, 0, 0
43016, 1792, 0, 0, 0
43016, 2048, 1, 0, 0
44016, 256, 0, 0, 0
45017, 256, 0, 0, 0
45017, 256, 1, 0, 0
46016, 1025, 0, 0, 0
47016, 1793, 0, 0, 0
47016, 2562, 1, 0, 0
49016, 512, 0, 0, 0
49016, 1024, 1, 0, 0
50017, 1024, 0, 0, 0
50017, 256, 1, 0, 0
52016, 512, 0, 0, 0
52016, 768, 1, 0, 0
53016, 256, 1, 0, 0
54016, 1280, 0, 0, 0
55017, 512, 0, 0, 0
55017, 512, 1, 0, 0
56017, 2560, 0, 0, 0
56017, 1024, 1, 0, 0
57016, 512, 0, 0, 0
57016, 512, 1, 0, 0
58016, 512, 0, 0, 0
58016, 512, 1, 0, 0
59016, 768, 0, 0, 0
59016, 1280, 1, 0, 0
60016, 1792, 0, 0, 0
60016, 1024, 1, 0, 0
61017, 256, 0, 0, 0
61017, 256, 1, 0, 0
62017, 256, 0, 0, 0
62017, 256, 1, 0, 0
63016, 256, 0, 0, 0
63016, 768, 1, 0, 0
64017, 768, 0, 0, 0
64017, 768, 1, 0, 0
65017, 768, 0, 0, 0
65017, 768, 1, 0, 0
66016, 256, 1, 0, 0
68017, 256, 0, 0, 0
68017, 768, 1, 0, 0
69016, 512, 0, 0, 0
69016, 768, 1, 0, 0
70017, 512, 0, 0, 0
71017, 256, 0, 0, 0
72016, 1025, 0, 0, 0
72016, 1025, 1, 0, 0
73017, 256, 0, 0, 0
73017, 1024, 1, 0, 0
74017, 512, 0, 0, 0
74017, 512, 1, 0, 0
75016, 256, 0, 0, 0
75016, 256, 1, 0, 0
76017, 512, 0, 0, 0
76017, 1536, 1, 0, 0
77017, 512, 1, 0, 0
79017, 768, 0, 0, 0
79017, 256, 1, 0, 0
81016, 1025, 0, 0, 0
81016, 512, 1, 0, 0
82017, 512, 0, 0, 0
82017, 768, 1, 0, 0
83017, 768, 0, 0, 0
83017, 1536, 1, 0, 0
84016, 1537, 0, 0, 0
84016, 1537, 1, 0, 0
85017, 1024, 0, 0, 0
85017, 1024, 1, 0, 0
87016, 768, 0, 0, 0
87016, 1281, 1, 0, 0
88017, 512, 0, 0, 0
88017, 256, 1, 0, 0
89017, 1024, 0, 0, 0
89017, 1536, 1, 0, 0
90016, 512, 0, 0, 0
92017, 256, 1, 0, 0
93016, 256, 0, 0, 0
94017, 256, 0, 0, 0
95017, 768, 0, 0, 0
95017, 256, 1, 0, 0
96016, 1281, 0, 0, 0
96016, 1025, 1, 0, 0
97017, 256, 0, 0, 0
98017, 1024, 1, 0, 0
99016, 1793, 0, 0, 0
99016, 768, 1, 0, 0
100017, 256, 0, 0, 0
100017, 256, 1, 0, 0
101017, 1280, 0, 0, 0
101017, 256, 1, 0, 0
102016, 256, 1, 0, 0
103017, 512, 0, 0, 0
103017, 1024, 1, 0, 0
104017, 256, 1, 0, 0
105017, 1536, 0, 0, 0
105017, 768, 1, 0, 0
107017, 1024, 0, 0, 0
107017, 1024, 1, 0, 0
109016, 1281, 0, 0, 0
109016, 512, 1, 0, 0
110017, 2048, 0, 0, 0
110017, 1536, 1, 0, 0
111017, 512, 0, 0, 0
111017, 512, 1, 0, 0
112016, 512, 0, 0, 0
112016, 512, 1, 0, 0
113017, 256, 1, 0, 0
114017, 256, 0, 0, 0
114017, 1024, 1, 0, 0
115017, 512, 0, 0, 0
116017, 512, 1, 0, 0
117017, 1280, 0, 0, 0
117017, 768, 1, 0, 0
118016, 512, 0, 0, 0
118016, 2050, 1, 0, 0
119017, 768, 0, 0, 0
119017, 512, 1, 0, 0
120017, 512, 1, 0, 0
121017, 768, 0, 0, 0
121017, 256, 1, 0, 0
122017, 1025, 0, 0, 0
122017, 256, 1, 0, 0
123017, 512, 0, 0, 0
123017, 512, 1, 0, 0
124016, 512, 1, 0, 0
125017, 256, 0, 0, 0
125017, 256, 1, 0, 0
126017, 1024, 0, 0, 0
126017, 256, 1, 0, 0
128016, 512, 0, 0, 0
128016, 1281, 1, 0, 0
129017, 256, 0, 0, 0
130017, 256, 0, 0, 0
130017, 768, 1, 0, 0
131016, 256, 0, 0, 0
131016, 512, 1, 0, 0
133017, 1792, 0, 0, 0
133017, 1280, 1, 0, 0
134016, 512, 0, 0, 0
135017, 512, 1, 0, 0
136017, 256, 0, 0, 0
136017, 1536, 1, 0, 0
138017, 256, 0, 0, 0
138017, 256, 1, 0, 0
139017, 512, 1, 0, 0
140016, 1281, 1, 0, 0
141017, 768, 0, 0, 0
141017, 512, 1, 0, 0
143016, 512, 0, 0, 0
143016, 768, 1, 0, 0
144017, 256, 0, 0, 0
145017, 512, 1, 0, 0
146016, 768, 0, 0, 0
146016, 1793, 1, 0, 0
147017, 2560, 0, 0, 0
147017, 1280, 1, 0, 0
148017, 256, 0, 0, 0
148017, 1024, 1, 0, 0
149016, 256, 0, 0, 0
149016, 512, 1, 0, 0
150017, 1792, 0, 0, 0
150017, 1280, 1, 0, 0
151017, 256, 0, 0, 0
151017, 512, 1, 0, 0
152017, 256, 0, 0, 0
153017, 1280, 0, 0, 0
153017, 1280, 1, 0, 0
154016, 1025, 1, 0, 0
155017, 768, 0, 0, 0
155017, 768, 1, 0, 0
156017, 256, 0, 0, 0
157016, 1025, 0, 0, 0
157016, 768, 1, 0, 0
158017, 512, 0, 0, 0
158017, 768, 1, 0, 0
159017, 512, 0, 0, 0
159017, 768, 1, 0, 0
160016, 256, 0, 0, 0
160016, 256, 1, 0, 0
161017, 1536, 0, 0, 0
161017, 2560, 1, 0, 0
162017, 256, 0, 0, 0
162017, 256, 1, 0, 0
164017, 768, 0, 0, 0
164017, 512, 1, 0, 0
165016, 1281, 0, 0, 0
165016, 512, 1, 0, 0
166017, 256, 0, 0, 0
166017, 256, 1, 0, 0
167017, 512, 1, 0, 0
168016, 1537, 0, 0, 0
168016, 1025, 1, 0, 0
170017, 256, 0, 0, 0
170017, 256, 1, 0, 0
171017, 512, 0, 0, 0
171017, 256, 1, 0, 0
172016, 1281, 0, 0, 0
172016, 1793, 1, 0, 0
173017, 256, 1, 0, 0
174017, 768, 0, 0, 0
174017, 768, 1, 0, 0
175016, 256, 0, 0, 0
175016, 1281, 1, 0, 0
176017, 768, 0, 0, 0
176017, 2560, 1, 0, 0
177017, 512, 0, 0, 0
177017, 512, 1, 0, 0
178016, 256, 0, 0, 0
178016, 1025, 1, 0, 0
179017, 256, 1, 0, 0
180017, 1024, 1, 0, 0
