22007, 256, 1, 0, 0
26007, 256, 0, 0, 0
26007, 512, 1, 0, 0
27007, 256, 0, 0, 0
27007, 1025, 1, 0, 0
28006, 256, 1, 0, 0
29007, 256, 0, 0, 0
30006, 256, 0, 0, 0
30006, 512, 1, 0, 0
31006, 768, 0, 0, 0
31006, 1281, 1, 0, 0
32006, 512, 0, 0, 0
32006, 768, 1, 0, 0
33007, 768, 0, 0, 0
33007, 512, 1, 0, 0
34006, 1025, 0, 0, 0
34006, 1281, 1, 0, 0
37006, 256, 0, 0, 0
37006, 512, 1, 0, 0
39006, 1281, 0, 0, 0
39006, 512, 1, 0, 0
40007, 512, 0, 0, 0
40007, 256, 1, 0, 0
41006, 2050, 0, 0, 0
41006, 1281, 1, 0, 0
42006, 768, 0, 0, 0
42006, 1025, 1, 0, 0
43006, 512, 0, 0, 0
43006, 1024, 1, 0, 0
44006, 512, 0, 0, 0
44006, 256, 1, 0, 0
45007, 1024, 0, 0, 0
45007, 512, 1, 0, 0
46006, 768, 0, 0, 0
47006, 512, 0, 0, 0
48006, 768, 0, 0, 0
48006, 512, 1, 0, 0
49006, 768, 0, 0, 0
49006, 512, 1, 0, 0
50007, 512, 0, 0, 0
50007, 512, 1, 0, 0
51006, 512, 0, 0, 0
51006, 256, 1, 0, 0
52006, 512, 0, 0, 0
52006, 256, 1, 0, 0
53006, 1024, 0, 0, 0
53006, 256, 1, 0, 0
55007, 256, 0, 0, 0
55007, 256, 1, 0, 0
56007, 1792, 0, 0, 0
56007, 1024, 1, 0, 0
57006, 1025, 0, 0, 0
58006, 512, 0, 0, 0
58006, 256, 1, 0, 0
60006, 256, 1, 0, 0
61007, 512, 0, 0, 0
61007, 256, 1, 0, 0
62007, 256, 0, 0, 0
63006, 256, 1, 0, 0
64007, 768, 0, 0, 0
64007, 256, 1, 0, 0
65007, 512, 0, 0, 0
65007, 768, 1, 0, 0
66006, 1281, 0, 0, 0
66006, 1793, 1, 0, 0
67007, 256, 1, 0, 0
68007, 768, 1, 0, 0
69006, 1281, 0, 0, 0
69006, 512, 1, 0, 0
71007, 1792, 0, 0, 0
71007, 1280, 1, 0, 0
72006, 1025, 0, 0, 0
72006, 256, 1, 0, 0
73007, 1536, 0, 0, 0
73007, 512, 1, 0, 0
74007, 1024, 0, 0, 0
74007, 1280, 1, 0, 0
76007, 512, 0, 0, 0
76007, 256, 1, 0, 0
78006, 256, 1, 0, 0
81006, 768, 0, 0, 0
84006, 768, 0, 0, 0
84006, 1025, 1, 0, 0
85007, 256, 0, 0, 0
86007, 1024, 0, 0, 0
86007, 1280, 1, 0, 0
87006, 1025, 0, 0, 0
87006, 768, 1, 0, 0
88007, 768, 0, 0, 0
88007, 512, 1, 0, 0
89007, 2048, 0, 0, 0
89007, 768, 1, 0, 0
90006, 256, 0, 0, 0
91007, 512, 0, 0, 0
91007, 512, 1, 0, 0
92007, 512, 0, 0, 0
92007, 1280, 1, 0, 0
93006, 1025, 0, 0, 0
93006, 1025, 1, 0, 0
94007, 256, 0, 0, 0
94007, 512, 1, 0, 0
95007, 256, 1, 0, 0
97007, 256, 0, 0, 0
97007, 512, 1, 0, 0
98007, 512, 0, 0, 0
98007, 256, 1, 0, 0
99006, 2050, 0, 0, 0
99006, 3331, 1, 0, 0
100007, 256, 0, 0, 0
101007, 256, 0, 0, 0
101007, 512, 1, 0, 0
102006, 512, 0, 0, 0
103007, 1024, 0, 0, 0
103007, 1280, 1, 0, 0
104007, 256, 0, 0, 0
104007, 1024, 1, 0, 0
105007, 768, 0, 0, 0
105007, 1536, 1, 0, 0
106006, 256, 0, 0, 0
106006, 256, 1, 0, 0
107007, 256, 1, 0, 0
108007, 1024, 0, 0, 0
108007, 1280, 1, 0, 0
109006, 256, 0, 0, 0
109006, 768, 1, 0, 0
110007, 512, 1, 0, 0
111007, 512, 0, 0, 0
111007, 512, 1, 0, 0
112006, 512, 0, 0, 0
112006, 256, 1, 0, 0
113007, 256, 0, 0, 0
113007, 1280, 1, 0, 0
114007, 2048, 0, 0, 0
114007, 2560, 1, 0, 0
115007, 1280, 0, 0, 0
115007, 1024, 1, 0, 0
116007, 256, 0, 0, 0
117007, 768, 0, 0, 0
118006, 768, 0, 0, 0
118006, 1281, 1, 0, 0
119007, 256, 0, 0, 0
119007, 768, 1, 0, 0
120007, 768, 0, 0, 0
120007, 256, 1, 0, 0
121007, 768, 0, 0, 0
121007, 1280, 1, 0, 0
122007, 512, 0, 0, 0
122007, 512, 1, 0, 0
125007, 768, 0, 0, 0
125007, 256, 1, 0, 0
126007, 256, 0, 0, 0
126007, 256, 1, 0, 0
127007, 1792, 1, 0, 0
128006, 768, 0, 0, 0
128006, 768, 1, 0, 0
129007, 512, 0, 0, 0
129007, 512, 1, 0, 0
130007, 768, 0, 0, 0
130007, 2048, 1, 0, 0
131006, 768, 0, 0, 0
131006, 1025, 1, 0, 0
132007, 1024, 1, 0, 0
134006, 256, 1, 0, 0
135007, 256, 0, 0, 0
135007, 256, 1, 0, 0
136007, 1024, 0, 0, 0
136007, 768, 1, 0, 0
137006, 768, 0, 0, 0
137006, 512, 1, 0, 0
138007, 768, 0, 0, 0
138007, 256, 1, 0, 0
139007, 2560, 0, 0, 0
139007, 768, 1, 0, 0
140006, 768, 0, 0, 0
140006, 256, 1, 0, 0
141007, 256, 0, 0, 0
141007, 768, 1, 0, 0
142007, 1024, 0, 0, 0
142007, 256, 1, 0, 0
143006, 512, 1, 0, 0
144007, 256, 0, 0, 0
144007, 768, 1, 0, 0
146006, 256, 1, 0, 0
147007, 1280, 0, 0, 0
147007, 1024, 1, 0, 0
148007, 2048, 0, 0, 0
148007, 1536, 1, 0, 0
149006, 512, 0, 0, 0
149006, 256, 1, 0, 0
150007, 256, 0, 0, 0
150007, 768, 1, 0, 0
151007, 1024, 0, 0, 0
151007, 1024, 1, 0, 0
152007, 512, 0, 0, 0
152007, 2306, 1, 0, 0
153007, 2048, 0, 0, 0
153007, 1280, 1, 0, 0
154006, 512, 0, 0, 0
154006, 512, 1, 0, 0
155007, 1024, 0, 0, 0
155007, 768, 1, 0, 0
156007, 256, 0, 0, 0
156007, 1024, 1, 0, 0
157006, 512, 0, 0, 0
158007, 256, 0, 0, 0
159007, 256, 0, 0, 0
160006, 1281, 0, 0, 0
160006, 1537, 1, 0, 0
161007, 768, 1, 0, 0
162007, 256, 0, 0, 0
163006, 512, 0, 0, 0
164007, 256, 0, 0, 0
164007, 512, 1, 0, 0
165006, 256, 0, 0, 0
165006, 256, 1, 0, 0
166007, 512, 0, 0, 0
167007, 256, 1, 0, 0
170007, 1792, 0, 0, 0
170007, 512, 1, 0, 0
171007, 256, 1, 0, 0
172006, 512, 0, 0, 0
173007, 768, 0, 0, 0
173007, 512, 1, 0, 0
174007, 768, 0, 0, 0
174007, 256, 1, 0, 0
175006, 768, 0, 0, 0
175006, 1025, 1, 0, 0
176007, 256, 0, 0, 0
176007, 256, 1, 0, 0
177007, 256, 1, 0, 0
178006, 768, 0, 0, 0
178006, 1025, 1, 0, 0
179007, 1024, 0, 0, 0
179007, 768, 1, 0, 0
180007, 1280, 0, 0, 0
180007, 256, 1, 0, 0
