19009, 1280, 0, 0, 0
19009, 1280, 1, 0, 0
20009, 1024, 0, 0, 0
20009, 512, 1, 0, 0
21010, 256, 0, 0, 0
21010, 256, 1, 0, 0
25012, 1024, 0, 0, 0
25012, 512, 1, 0, 0
26013, 768, 0, 0, 0
26013, 512, 1, 0, 0
27013, 768, 0, 0, 0
27013, 256, 1, 0, 0
28014, 256, 1, 0, 0
29014, 256, 0, 0, 0
29014, 256, 1, 0, 0
30015, 768, 0, 0, 0
30015, 768, 1, 0, 0
31015, 256, 0, 0, 0
31015, 256, 1, 0, 0
32016, 256, 1, 0, 0
33016, 256, 0, 0, 0
33016, 256, 1, 0, 0
34017, 1024, 0, 0, 0
34017, 2816, 1, 0, 0
35017, 512, 0, 0, 0
35017, 512, 1, 0, 0
36018, 512, 1, 0, 0
37018, 512, 0, 0, 0
38018, 512, 0, 0, 0
39019, 512, 0, 0, 0
39019, 256, 1, 0, 0
42020, 512, 0, 0, 0
42020, 256, 1, 0, 0
43021, 768, 0, 0, 0
43021, 1536, 1, 0, 0
44021, 256, 0, 0, 0
44021, 768, 1, 0, 0
45021, 1024, 0, 0, 0
45021, 768, 1, 0, 0
46021, 512, 0, 0, 0
46021, 256, 1, 0, 0
47020, 256, 0, 0, 0
47020, 1025, 1, 0, 0
48021, 1024, 0, 0, 0
48021, 256, 1, 0, 0
49021, 768, 0, 0, 0
49021, 1024, 1, 0, 0
50021, 768, 0, 0, 0
50021, 1024, 1, 0, 0
51021, 1281, 0, 0, 0
51021, 256, 1, 0, 0
52020, 512, 0, 0, 0
52020, 256, 1, 0, 0
53021, 1024, 0, 0, 0
53021, 256, 1, 0, 0
56022, 1024, 0, 0, 0
56022, 768, 1, 0, 0
58020, 768, 0, 0, 0
58020, 1537, 1, 0, 0
59021, 512, 0, 0, 0
59021, 1536, 1, 0, 0
60021, 1536, 0, 0, 0
60021, 768, 1, 0, 0
61021, 512, 0, 0, 0
61021, 512, 1, 0, 0
62022, 256, 0, 0, 0
63021, 768, 1, 0, 0
64021, 1792, 0, 0, 0
64021, 512, 1, 0, 0
65022, 768, 0, 0, 0
65022, 512, 1, 0, 0
66021, 256, 1, 0, 0
67021, 256, 1, 0, 0
68022, 768, 0, 0, 0
68022, 256, 1, 0, 0
69021, 768, 0, 0, 0
69021, 512, 1, 0, 0
70021, 1280, 0, 0, 0
70021, 512, 1, 0, 0
71022, 256, 0, 0, 0
71022, 512, 1, 0, 0
72021, 768, 1, 0, 0
74022, 768, 0, 0, 0
74022, 1536, 1, 0, 0
75021, 2306, 0, 0, 0
75021, 1281, 1, 0, 0
76021, 1024, 0, 0, 0
76021, 1280, 1, 0, 0
77022, 2560, 0, 0, 0
77022, 1792, 1, 0, 0
78021, 256, 0, 0, 0
80022, 1280, 0, 0, 0
80022, 512, 1, 0, 0
81021, 768, 0, 0, 0
81021, 256, 1, 0, 0
83022, 768, 1, 0, 0
84021, 512, 0, 0, 0
84021, 768, 1, 0, 0
85021, 2048, 0, 0, 0
85021, 256, 1, 0, 0
86022, 256, 0, 0, 0
86022, 1024, 1, 0, 0
87021, 512, 1, 0, 0
88021, 1280, 0, 0, 0
88021, 256, 1, 0, 0
90021, 256, 0, 0, 0
90021, 512, 1, 0, 0
91021, 512, 0, 0, 0
91021, 256, 1, 0, 0
92022, 1024, 0, 0, 0
92022, 768, 1, 0, 0
93021, 256, 0, 0, 0
93021, 1025, 1, 0, 0
94021, 512, 0, 0, 0
94021, 1024, 1, 0, 0
95022, 256, 0, 0, 0
96021, 1025, 0, 0, 0
96021, 512, 1, 0, 0
97021, 512, 0, 0, 0
97021, 768, 1, 0, 0
98022, 256, 0, 0, 0
98022, 256, 1, 0, 0
99021, 1793, 0, 0, 0
99021, 1537, 1, 0, 0
100021, 1024, 1, 0, 0
102021, 768, 0, 0, 0
102021, 512, 1, 0, 0
103021, 512, 1, 0, 0
104021, 512, 0, 0, 0
104021, 256, 1, 0, 0
105022, 512, 0, 0, 0
105022, 512, 1, 0, 0
106021, 256, 0, 0, 0
106021, 256, 1, 0, 0
107021, 256, 0, 0, 0
107021, 256, 1, 0, 0
109021, 256, 0, 0, 0
109021, 768, 1, 0, 0
111022, 1280, 0, 0, 0
111022, 768, 1, 0, 0
112021, 1025, 0, 0, 0
112021, 256, 1, 0, 0
114022, 512, 0, 0, 0
114022, 512, 1, 0, 0
115022, 768, 0, 0, 0
115022, 512, 1, 0, 0
117022, 256, 0, 0, 0
117022, 768, 1, 0, 0
118021, 1793, 0, 0, 0
118021, 1537, 1, 0, 0
119021, 256, 1, 0, 0
120022, 256, 0, 0, 0
120022, 256, 1, 0, 0
121022, 1024, 0, 0, 0
121022, 512, 1, 0, 0
122021, 256, 0, 0, 0
122021, 256, 1, 0, 0
123021, 256, 0, 0, 0
123021, 1536, 1, 0, 0
124021, 768, 0, 0, 0
124021, 1281, 1, 0, 0
125021, 256, 0, 0, 0
126021, 1536, 0, 0, 0
126021, 768, 1, 0, 0
127022, 1536, 0, 0, 0
127022, 768, 1, 0, 0
128021, 256, 1, 0, 0
129021, 256, 1, 0, 0
130022, 512, 0, 0, 0
131021, 768, 0, 0, 0
131021, 1025, 1, 0, 0
132021, 256, 1, 0, 0
133022, 512, 0, 0, 0
133022, 768, 1, 0, 0
134021, 256, 0, 0, 0
134021, 1025, 1, 0, 0
135021, 512, 0, 0, 0
135021, 256, 1, 0, 0
136022, 512, 0, 0, 0
136022, 256, 1, 0, 0
137021, 256, 0, 0, 0
137021, 256, 1, 0, 0
138021, 1536, 0, 0, 0
138021, 768, 1, 0, 0
139022, 2560, 0, 0, 0
139022, 1280, 1, 0, 0
140021, 512, 1, 0, 0
141021, 1280, 0, 0, 0
141021, 512, 1, 0, 0
142022, 1280, 0, 0, 0
142022, 256, 1, 0, 0
143021, 256, 0, 0, 0
144021, 512, 0, 0, 0
144021, 768, 1, 0, 0
145022, 512, 0, 0, 0
146021, 1025, 0, 0, 0
146021, 768, 1, 0, 0
147021, 512, 0, 0, 0
148022, 512, 0, 0, 0
148022, 1024, 1, 0, 0
149021, 256, 0, 0, 0
149021, 768, 1, 0, 0
151022, 1536, 0, 0, 0
152021, 256, 0, 0, 0
152021, 256, 1, 0, 0
153022, 1536, 0, 0, 0
153022, 1536, 1, 0, 0
154021, 768, 0, 0, 0
154021, 512, 1, 0, 0
155021, 256, 0, 0, 0
155021, 1024, 1, 0, 0
156022, 768, 0, 0, 0
156022, 1024, 1, 0, 0
157021, 1025, 0, 0, 0
157021, 256, 1, 0, 0
158021, 1536, 0, 0, 0
158021, 1024, 1, 0, 0
159022, 768, 0, 0, 0
159022, 768, 1, 0, 0
160021, 768, 0, 0, 0
161021, 256, 0, 0, 0
161021, 1280, 1, 0, 0
162022, 768, 0, 0, 0
162022, 1024, 1, 0, 0
163021, 1025, 0, 0, 0
163021, 1793, 1, 0, 0
164021, 512, 0, 0, 0
164021, 256, 1, 0, 0
165021, 1025, 0, 0, 0
165021, 256, 1, 0, 0
166021, 512, 0, 0, 0
166021, 1792, 1, 0, 0
167022, 256, 0, 0, 0
167022, 256, 1, 0, 0
168021, 1537, 0, 0, 0
168021, 256, 1, 0, 0
169021, 1536, 0, 0, 0
169021, 2048, 1, 0, 0
171022, 256, 0, 0, 0
171022, 512, 1, 0, 0
172021, 1025, 1, 0, 0
173021, 768, 0, 0, 0
173021, 512, 1, 0, 0
174022, 1024, 0, 0, 0
174022, 768, 1, 0, 0
175021, 1025, 0, 0, 0
175021, 768, 1, 0, 0
176021, 768, 0, 0, 0
176021, 1024, 1, 0, 0
177022, 256, 0, 0, 0
177022, 768, 1, 0, 0
178021, 768, 0, 0, 0
180022, 256, 1, 0, 0
