4000, 3331, 0, 0, 0
4000, 22806, 1, 0, 0
5001, 8704, 0, 0, 0
5001, 21248, 1, 0, 0
6000, 7175, 0, 0, 0
6000, 23575, 1, 0, 0
6999, 17169, 0, 0, 0
6999, 35619, 1, 0, 0
8000, 17134, 0, 0, 0
8000, 29666, 1, 0, 0
9002, 15856, 0, 0, 0
9002, 31712, 1, 0, 0
10003, 9462, 0, 0, 0
10003, 26853, 1, 0, 0
11004, 12531, 0, 0, 0
11004, 30689, 1, 0, 0
12005, 13810, 0, 0, 0
12005, 23528, 1, 0, 0
13006, 17134, 0, 0, 0
13006, 26085, 1, 0, 0
14007, 16111, 0, 0, 0
14007, 31456, 1, 0, 0
15008, 14065, 0, 0, 0
15008, 28131, 1, 0, 0
16010, 19436, 0, 0, 0
16010, 29154, 1, 0, 0
17011, 18669, 0, 0, 0
17011, 33246, 1, 0, 0
18012, 19968, 0, 0, 0
18012, 33024, 1, 0, 0
19013, 18432, 0, 0, 0
19013, 31744, 1, 0, 0
20014, 21226, 0, 0, 0
20014, 33246, 1, 0, 0
21015, 19180, 0, 0, 0
21015, 35804, 1, 0, 0
22016, 18432, 0, 0, 0
22016, 36864, 1, 0, 0
23017, 13810, 0, 0, 0
23017, 31456, 1, 0, 0
24018, 13056, 0, 0, 0
24018, 35840, 1, 0, 0
25019, 14592, 0, 0, 0
25019, 31744, 1, 0, 0
26020, 14592, 0, 0, 0
26020, 30208, 1, 0, 0
27020, 15616, 0, 0, 0
27020, 31744, 1, 0, 0
28021, 18944, 0, 0, 0
28021, 35840, 1, 0, 0
29022, 22784, 0, 0, 0
29022, 36352, 1, 0, 0
30023, 20736, 0, 0, 0
30023, 31232, 1, 0, 0
31024, 19200, 0, 0, 0
31024, 31232, 1, 0, 0
32024, 20224, 0, 0, 0
32024, 32512, 1, 0, 0
33025, 18432, 0, 0, 0
33025, 31488, 1, 0, 0
34026, 18176, 0, 0, 0
34026, 34304, 1, 0, 0
35027, 17408, 0, 0, 0
35027, 31232, 1, 0, 0
36028, 17664, 0, 0, 0
36028, 33024, 1, 0, 0
37028, 16640, 0, 0, 0
37028, 31488, 1, 0, 0
38029, 17408, 0, 0, 0
38029, 36608, 1, 0, 0
39030, 15616, 0, 0, 0
39030, 37120, 1, 0, 0
40030, 13312, 0, 0, 0
40030, 29696, 1, 0, 0
41031, 14848, 0, 0, 0
41031, 36352, 1, 0, 0
42032, 16128, 0, 0, 0
42032, 29184, 1, 0, 0
43032, 19200, 0, 0, 0
43032, 32512, 1, 0, 0
44033, 17920, 0, 0, 0
44033, 29952, 1, 0, 0
45033, 20736, 0, 0, 0
45033, 35072, 1, 0, 0
46034, 14336, 0, 0, 0
46034, 30464, 1, 0, 0
47034, 16896, 0, 0, 0
47034, 37120, 1, 0, 0
48035, 16128, 0, 0, 0
48035, 35328, 1, 0, 0
49034, 14094, 0, 0, 0
49034, 34850, 1, 0, 0
50035, 15360, 0, 0, 0
50035, 36608, 1, 0, 0
51034, 15887, 0, 0, 0
51034, 34850, 1, 0, 0
52035, 14336, 0, 0, 0
52035, 30976, 1, 0, 0
53035, 12300, 0, 0, 0
53035, 30238, 1, 0, 0
54035, 13312, 0, 0, 0
54035, 32768, 1, 0, 0
55034, 14606, 0, 0, 0
55034, 32288, 1, 0, 0
56035, 13824, 0, 0, 0
56035, 33280, 1, 0, 0
57034, 14350, 0, 0, 0
57034, 32288, 1, 0, 0
58035, 16128, 0, 0, 0
58035, 33792, 1, 0, 0
59034, 15119, 0, 0, 0
59034, 30750, 1, 0, 0
60035, 21248, 0, 0, 0
60035, 38656, 1, 0, 0
61034, 17169, 0, 0, 0
61034, 32544, 1, 0, 0
62035, 18432, 0, 0, 0
62035, 34816, 1, 0, 0
63034, 18962, 0, 0, 0
63034, 31519, 1, 0, 0
64035, 20736, 0, 0, 0
64035, 34048, 1, 0, 0
65035, 17169, 0, 0, 0
65035, 30494, 1, 0, 0
66035, 16128, 0, 0, 0
66035, 30208, 1, 0, 0
67034, 17937, 0, 0, 0
67034, 34850, 1, 0, 0
68035, 15872, 0, 0, 0
68035, 28672, 1, 0, 0
69034, 21269, 0, 0, 0
69034, 36132, 1, 0, 0
70035, 18176, 0, 0, 0
70035, 32000, 1, 0, 0
71034, 18962, 0, 0, 0
71034, 34850, 1, 0, 0
72035, 19200, 0, 0, 0
72035, 37632, 1, 0, 0
73035, 17937, 0, 0, 0
73035, 31007, 1, 0, 0
74035, 19200, 0, 0, 0
74035, 35584, 1, 0, 0
75035, 18706, 0, 0, 0
75035, 32800, 1, 0, 0
76035, 17152, 0, 0, 0
76035, 32000, 1, 0, 0
77034, 17169, 0, 0, 0
77034, 32544, 1, 0, 0
78035, 17152, 0, 0, 0
78035, 30976, 1, 0, 0
79034, 19475, 0, 0, 0
79034, 32800, 1, 0, 0
80035, 22016, 0, 0, 0
80035, 33536, 1, 0, 0
81034, 22294, 0, 0, 0
81034, 37925, 1, 0, 0
82035, 23040, 0, 0, 0
82035, 35584, 1, 0, 0
83034, 21013, 0, 0, 0
83034, 31775, 1, 0, 0
84035, 19456, 0, 0, 0
84035, 33792, 1, 0, 0
85035, 16128, 0, 0, 0
85035, 29696, 1, 0, 0
86035, 19475, 0, 0, 0
86035, 32288, 1, 0, 0
87035, 19712, 0, 0, 0
87035, 33280, 1, 0, 0
88035, 17937, 0, 0, 0
88035, 31007, 1, 0, 0
89035, 22528, 0, 0, 0
89035, 39424, 1, 0, 0
90034, 20756, 0, 0, 0
90034, 34338, 1, 0, 0
91035, 21504, 0, 0, 0
91035, 38400, 1, 0, 0
92034, 19219, 0, 0, 0
92034, 31263, 1, 0, 0
93035, 22016, 0, 0, 0
93035, 34816, 1, 0, 0
94034, 18706, 0, 0, 0
94034, 30750, 1, 0, 0
95035, 22528, 0, 0, 0
95035, 35328, 1, 0, 0
96034, 20500, 0, 0, 0
96034, 33313, 1, 0, 0
97035, 25344, 0, 0, 0
97035, 37632, 1, 0, 0
98035, 22016, 0, 0, 0
98035, 38912, 1, 0, 0
99035, 17425, 0, 0, 0
99035, 29981, 1, 0, 0
100035, 18944, 0, 0, 0
100035, 33280, 1, 0, 0
101035, 19731, 0, 0, 0
101035, 36132, 1, 0, 0
102035, 19712, 0, 0, 0
102035, 34560, 1, 0, 0
103035, 16144, 0, 0, 0
103035, 30494, 1, 0, 0
104035, 16896, 0, 0, 0
104035, 29696, 1, 0, 0
105035, 17937, 0, 0, 0
105035, 33057, 1, 0, 0
106035, 16640, 0, 0, 0
106035, 33536, 1, 0, 0
107034, 18706, 0, 0, 0
107034, 34594, 1, 0, 0
108035, 16896, 0, 0, 0
108035, 31744, 1, 0, 0
109034, 14350, 0, 0, 0
109034, 31519, 1, 0, 0
110035, 20224, 0, 0, 0
110035, 40192, 1, 0, 0
111034, 19219, 0, 0, 0
111034, 38438, 1, 0, 0
112035, 18944, 0, 0, 0
112035, 35584, 1, 0, 0
113034, 20756, 0, 0, 0
113034, 34594, 1, 0, 0
114035, 17152, 0, 0, 0
114035, 32256, 1, 0, 0
115034, 21013, 0, 0, 0
115034, 39719, 1, 0, 0
116035, 17920, 0, 0, 0
116035, 32768, 1, 0, 0
117034, 20500, 0, 0, 0
117034, 36644, 1, 0, 0
118035, 20992, 0, 0, 0
118035, 36352, 1, 0, 0
119034, 19219, 0, 0, 0
119034, 31775, 1, 0, 0
120035, 19200, 0, 0, 0
120035, 38400, 1, 0, 0
121034, 19475, 0, 0, 0
121034, 32288, 1, 0, 0
122035, 21504, 0, 0, 0
122035, 35328, 1, 0, 0
123034, 16656, 0, 0, 0
123034, 32032, 1, 0, 0
124035, 20224, 0, 0, 0
124035, 36864, 1, 0, 0
125035, 19200, 0, 0, 0
125035, 38400, 1, 0, 0
126035, 17425, 0, 0, 0
126035, 34594, 1, 0, 0
127035, 15104, 0, 0, 0
127035, 25344, 1, 0, 0
128035, 16400, 0, 0, 0
128035, 32800, 1, 0, 0
129035, 16384, 0, 0, 0
129035, 32000, 1, 0, 0
130035, 16144, 0, 0, 0
130035, 37669, 1, 0, 0
131035, 16384, 0, 0, 0
131035, 33280, 1, 0, 0
132035, 17937, 0, 0, 0
132035, 36644, 1, 0, 0
133035, 15104, 0, 0, 0
133035, 35328, 1, 0, 0
134035, 15119, 0, 0, 0
134035, 31519, 1, 0, 0
135035, 14336, 0, 0, 0
135035, 32000, 1, 0, 0
136034, 15887, 0, 0, 0
136034, 30238, 1, 0, 0
137035, 14592, 0, 0, 0
137035, 30720, 1, 0, 0
138034, 17937, 0, 0, 0
138034, 33057, 1, 0, 0
139035, 15616, 0, 0, 0
139035, 36352, 1, 0, 0
140034, 18450, 0, 0, 0
140034, 33057, 1, 0, 0
141035, 16640, 0, 0, 0
141035, 33536, 1, 0, 0
142034, 16656, 0, 0, 0
142034, 34338, 1, 0, 0
143035, 14336, 0, 0, 0
143035, 29184, 1, 0, 0
144034, 15119, 0, 0, 0
144034, 29725, 1, 0, 0
145035, 19456, 0, 0, 0
145035, 39424, 1, 0, 0
146034, 14350, 0, 0, 0
146034, 32032, 1, 0, 0
147035, 15360, 0, 0, 0
147035, 32256, 1, 0, 0
148035, 13312, 0, 0, 0
148035, 34560, 1, 0, 0
149035, 17681, 0, 0, 0
149035, 35619, 1, 0, 0
150035, 14080, 0, 0, 0
150035, 32256, 1, 0, 0
151035, 17425, 0, 0, 0
151035, 35107, 1, 0, 0
152035, 15872, 0, 0, 0
152035, 38144, 1, 0, 0
153035, 14094, 0, 0, 0
153035, 32800, 1, 0, 0
154035, 13824, 0, 0, 0
154035, 33792, 1, 0, 0
155035, 14862, 0, 0, 0
155035, 34082, 1, 0, 0
156035, 14592, 0, 0, 0
156035, 33024, 1, 0, 0
157035, 13069, 0, 0, 0
157035, 31007, 1, 0, 0
158035, 13312, 0, 0, 0
158035, 34816, 1, 0, 0
159035, 16144, 0, 0, 0
159035, 38182, 1, 0, 0
160035, 15360, 0, 0, 0
160035, 34816, 1, 0, 0
161034, 13325, 0, 0, 0
161034, 34082, 1, 0, 0
162035, 15616, 0, 0, 0
162035, 35584, 1, 0, 0
163034, 15887, 0, 0, 0
163034, 33313, 1, 0, 0
164035, 18432, 0, 0, 0
164035, 35072, 1, 0, 0
165034, 16144, 0, 0, 0
165034, 32288, 1, 0, 0
166035, 16384, 0, 0, 0
166035, 32768, 1, 0, 0
167034, 15375, 0, 0, 0
167034, 32288, 1, 0, 0
168035, 15616, 0, 0, 0
168035, 33536, 1, 0, 0
169034, 17681, 0, 0, 0
169034, 36388, 1, 0, 0
170035, 17152, 0, 0, 0
170035, 35840, 1, 0, 0
171034, 16400, 0, 0, 0
171034, 35363, 1, 0, 0
172035, 14592, 0, 0, 0
172035, 30208, 1, 0, 0
173034, 16144, 0, 0, 0
173034, 35875, 1, 0, 0
174035, 15872, 0, 0, 0
174035, 35328, 1, 0, 0
175035, 13824, 0, 0, 0
175035, 29184, 1, 0, 0
176035, 14606, 0, 0, 0
176035, 33569, 1, 0, 0
177035, 17408, 0, 0, 0
177035, 34048, 1, 0, 0
178035, 16400, 0, 0, 0
178035, 31263, 1, 0, 0
179035, 16896, 0, 0, 0
179035, 35840, 1, 0, 0
