4000, 4356, 0, 0, 0
4000, 24600, 1, 0, 0
4999, 13837, 0, 0, 0
4999, 22294, 1, 0, 0
5998, 9481, 0, 0, 0
5998, 26394, 1, 0, 0
6997, 15375, 0, 0, 0
6997, 27419, 1, 0, 0
7996, 18706, 0, 0, 0
7996, 35875, 1, 0, 0
8996, 20244, 0, 0, 0
8996, 35363, 1, 0, 0
9995, 14606, 0, 0, 0
9995, 28188, 1, 0, 0
10994, 18962, 0, 0, 0
10994, 32032, 1, 0, 0
11993, 14862, 0, 0, 0
11993, 27163, 1, 0, 0
12994, 16896, 0, 0, 0
12994, 30976, 1, 0, 0
13993, 16400, 0, 0, 0
13993, 30750, 1, 0, 0
14994, 23528, 0, 0, 0
14994, 29410, 1, 0, 0
15996, 22761, 0, 0, 0
15996, 26597, 1, 0, 0
16997, 23016, 0, 0, 0
16997, 32735, 1, 0, 0
17998, 20224, 0, 0, 0
17998, 29696, 1, 0, 0
18999, 19968, 0, 0, 0
18999, 34304, 1, 0, 0
20000, 20459, 0, 0, 0
20000, 33502, 1, 0, 0
21001, 16879, 0, 0, 0
21001, 30689, 1, 0, 0
22002, 16384, 0, 0, 0
22002, 31744, 1, 0, 0
23003, 19948, 0, 0, 0
23003, 33246, 1, 0, 0
24004, 19456, 0, 0, 0
24004, 30976, 1, 0, 0
25005, 20224, 0, 0, 0
25005, 29696, 1, 0, 0
26005, 18944, 0, 0, 0
26005, 34304, 1, 0, 0
27006, 23040, 0, 0, 0
27006, 31488, 1, 0, 0
28007, 16640, 0, 0, 0
28007, 29696, 1, 0, 0
29008, 17408, 0, 0, 0
29008, 33536, 1, 0, 0
30009, 19456, 0, 0, 0
30009, 35584, 1, 0, 0
31010, 16128, 0, 0, 0
31010, 32256, 1, 0, 0
32009, 13069, 0, 0, 0
32009, 27675, 1, 0, 0
33009, 14350, 0, 0, 0
33009, 27163, 1, 0, 0
34009, 15375, 0, 0, 0
34009, 29981, 1, 0, 0
35010, 16384, 0, 0, 0
35010, 31744, 1, 0, 0
36009, 16656, 0, 0, 0
36009, 33825, 1, 0, 0
37009, 16144, 0, 0, 0
37009, 32032, 1, 0, 0
38010, 15872, 0, 0, 0
38010, 28928, 1, 0, 0
39009, 18194, 0, 0, 0
39009, 33825, 1, 0, 0
40009, 19219, 0, 0, 0
40009, 34082, 1, 0, 0
41010, 15360, 0, 0, 0
41010, 26368, 1, 0, 0
42009, 21013, 0, 0, 0
42009, 31775, 1, 0, 0
43009, 14350, 0, 0, 0
43009, 29469, 1, 0, 0
44009, 17408, 0, 0, 0
44009, 29696, 1, 0, 0
45009, 16912, 0, 0, 0
45009, 30750, 1, 0, 0
46009, 15119, 0, 0, 0
46009, 28444, 1, 0, 0
47009, 16128, 0, 0, 0
47009, 31744, 1, 0, 0
48010, 14848, 0, 0, 0
48010, 29696, 1, 0, 0
49009, 16912, 0, 0, 0
49009, 33313, 1, 0, 0
50010, 17920, 0, 0, 0
50010, 36352, 1, 0, 0
51009, 14862, 0, 0, 0
51009, 26138, 1, 0, 0
52010, 15104, 0, 0, 0
52010, 31744, 1, 0, 0
53009, 17681, 0, 0, 0
53009, 30750, 1, 0, 0
54010, 19456, 0, 0, 0
54010, 31488, 1, 0, 0
55009, 21525, 0, 0, 0
55009, 33057, 1, 0, 0
56010, 21504, 0, 0, 0
56010, 36352, 1, 0, 0
57009, 15631, 0, 0, 0
57009, 27675, 1, 0, 0
58010, 19712, 0, 0, 0
58010, 33536, 1, 0, 0
59009, 22038, 0, 0, 0
59009, 38438, 1, 0, 0
60009, 18432, 0, 0, 0
60009, 32000, 1, 0, 0
61009, 19731, 0, 0, 0
61009, 39975, 1, 0, 0
62010, 18176, 0, 0, 0
62010, 32000, 1, 0, 0
63009, 26138, 0, 0, 0
63009, 37413, 1, 0, 0
64010, 20224, 0, 0, 0
64010, 34560, 1, 0, 0
65009, 19987, 0, 0, 0
65009, 33313, 1, 0, 0
66010, 18688, 0, 0, 0
66010, 31744, 1, 0, 0
67009, 19731, 0, 0, 0
67009, 36388, 1, 0, 0
68010, 20224, 0, 0, 0
68010, 34048, 1, 0, 0
69009, 16656, 0, 0, 0
69009, 32032, 1, 0, 0
70009, 18432, 0, 0, 0
70009, 33536, 1, 0, 0
71009, 17937, 0, 0, 0
71009, 33057, 1, 0, 0
72010, 16128, 0, 0, 0
72010, 36352, 1, 0, 0
73009, 13837, 0, 0, 0
73009, 31775, 1, 0, 0
74010, 13312, 0, 0, 0
74010, 30720, 1, 0, 0
75009, 15375, 0, 0, 0
75009, 34082, 1, 0, 0
76010, 15616, 0, 0, 0
76010, 36352, 1, 0, 0
77009, 17425, 0, 0, 0
77009, 34594, 1, 0, 0
78010, 14336, 0, 0, 0
78010, 33792, 1, 0, 0
79009, 14606, 0, 0, 0
79009, 37925, 1, 0, 0
80009, 14848, 0, 0, 0
80009, 34304, 1, 0, 0
81009, 15887, 0, 0, 0
81009, 34082, 1, 0, 0
82009, 15104, 0, 0, 0
82009, 35584, 1, 0, 0
83009, 13325, 0, 0, 0
83009, 29469, 1, 0, 0
84009, 15360, 0, 0, 0
84009, 33792, 1, 0, 0
85010, 12800, 0, 0, 0
85010, 29952, 1, 0, 0
86009, 13837, 0, 0, 0
86009, 37413, 1, 0, 0
87010, 12800, 0, 0, 0
87010, 32512, 1, 0, 0
88009, 13069, 0, 0, 0
88009, 34338, 1, 0, 0
89010, 12288, 0, 0, 0
89010, 31744, 1, 0, 0
90009, 12300, 0, 0, 0
90009, 33569, 1, 0, 0
91010, 12800, 0, 0, 0
91010, 35328, 1, 0, 0
92009, 13069, 0, 0, 0
92009, 36132, 1, 0, 0
93009, 11008, 0, 0, 0
93009, 32768, 1, 0, 0
94009, 13069, 0, 0, 0
94009, 36900, 1, 0, 0
95009, 12800, 0, 0, 0
95009, 34560, 1, 0, 0
96009, 12300, 0, 0, 0
96009, 34850, 1, 0, 0
97009, 12544, 0, 0, 0
97009, 36864, 1, 0, 0
98010, 11520, 0, 0, 0
98010, 28928, 1, 0, 0
99009, 12300, 0, 0, 0
99009, 36132, 1, 0, 0
100010, 14336, 0, 0, 0
100010, 36608, 1, 0, 0
101009, 13325, 0, 0, 0
101009, 32800, 1, 0, 0
102010, 14848, 0, 0, 0
102010, 33792, 1, 0, 0
103009, 15887, 0, 0, 0
103009, 38182, 1, 0, 0
104010, 17664, 0, 0, 0
104010, 38656, 1, 0, 0
105009, 16144, 0, 0, 0
105009, 33825, 1, 0, 0
106010, 16384, 0, 0, 0
106010, 36096, 1, 0, 0
107009, 16400, 0, 0, 0
107009, 37413, 1, 0, 0
108010, 14336, 0, 0, 0
108010, 32512, 1, 0, 0
109009, 15631, 0, 0, 0
109009, 35875, 1, 0, 0
110010, 18176, 0, 0, 0
110010, 40192, 1, 0, 0
111009, 12812, 0, 0, 0
111009, 32800, 1, 0, 0
112010, 14848, 0, 0, 0
112010, 36608, 1, 0, 0
113009, 15631, 0, 0, 0
113009, 42026, 1, 0, 0
114010, 14848, 0, 0, 0
114010, 35072, 1, 0, 0
115009, 16400, 0, 0, 0
115009, 45357, 1, 0, 0
116010, 14848, 0, 0, 0
116010, 40704, 1, 0, 0
117009, 9481, 0, 0, 0
117009, 34850, 1, 0, 0
118010, 11520, 0, 0, 0
118010, 40448, 1, 0, 0
119009, 10762, 0, 0, 0
119009, 37669, 1, 0, 0
120010, 10752, 0, 0, 0
120010, 38656, 1, 0, 0
121009, 14606, 0, 0, 0
121009, 39975, 1, 0, 0
122009, 14336, 0, 0, 0
122009, 35584, 1, 0, 0
123009, 13581, 0, 0, 0
123009, 35363, 1, 0, 0
124009, 13312, 0, 0, 0
124009, 35072, 1, 0, 0
125010, 14080, 0, 0, 0
125010, 32256, 1, 0, 0
126009, 12556, 0, 0, 0
126009, 35107, 1, 0, 0
127010, 15104, 0, 0, 0
127010, 34048, 1, 0, 0
128009, 17425, 0, 0, 0
128009, 41001, 1, 0, 0
129010, 15104, 0, 0, 0
129010, 33792, 1, 0, 0
130009, 18194, 0, 0, 0
130009, 41001, 1, 0, 0
131010, 16640, 0, 0, 0
131010, 37120, 1, 0, 0
132009, 14350, 0, 0, 0
132009, 30750, 1, 0, 0
133010, 15104, 0, 0, 0
133010, 32512, 1, 0, 0
134009, 15887, 0, 0, 0
134009, 39207, 1, 0, 0
135010, 13312, 0, 0, 0
135010, 32768, 1, 0, 0
136009, 15887, 0, 0, 0
136009, 38950, 1, 0, 0
137010, 13568, 0, 0, 0
137010, 35840, 1, 0, 0
138009, 16400, 0, 0, 0
138009, 38438, 1, 0, 0
139010, 13824, 0, 0, 0
139010, 33280, 1, 0, 0
140009, 13581, 0, 0, 0
140009, 33057, 1, 0, 0
141010, 13312, 0, 0, 0
141010, 33536, 1, 0, 0
142009, 14606, 0, 0, 0
142009, 37413, 1, 0, 0
143009, 14592, 0, 0, 0
143009, 34304, 1, 0, 0
144009, 12300, 0, 0, 0
144009, 32288, 1, 0, 0
145009, 15360, 0, 0, 0
145009, 35840, 1, 0, 0
146009, 11787, 0, 0, 0
146009, 31263, 1, 0, 0
147009, 14848, 0, 0, 0
147009, 35328, 1, 0, 0
148010, 14848, 0, 0, 0
148010, 33536, 1, 0, 0
149009, 15375, 0, 0, 0
149009, 42282, 1, 0, 0
150010, 13056, 0, 0, 0
150010, 35328, 1, 0, 0
151009, 14862, 0, 0, 0
151009, 38950, 1, 0, 0
152010, 14080, 0, 0, 0
152010, 36352, 1, 0, 0
153009, 13069, 0, 0, 0
153009, 37157, 1, 0, 0
154010, 14336, 0, 0, 0
154010, 33024, 1, 0, 0
155009, 14606, 0, 0, 0
155009, 38182, 1, 0, 0
156010, 13056, 0, 0, 0
156010, 34304, 1, 0, 0
157009, 12300, 0, 0, 0
157009, 32032, 1, 0, 0
158010, 13824, 0, 0, 0
158010, 36864, 1, 0, 0
159009, 15631, 0, 0, 0
159009, 37413, 1, 0, 0
160010, 12800, 0, 0, 0
160010, 35328, 1, 0, 0
161009, 12556, 0, 0, 0
161009, 34594, 1, 0, 0
162010, 13056, 0, 0, 0
162010, 35840, 1, 0, 0
163009, 14094, 0, 0, 0
163009, 33057, 1, 0, 0
164010, 17408, 0, 0, 0
164010, 32512, 1, 0, 0
165009, 14350, 0, 0, 0
165009, 32032, 1, 0, 0
166010, 13312, 0, 0, 0
166010, 32256, 1, 0, 0
167009, 14862, 0, 0, 0
167009, 33313, 1, 0, 0
168010, 15104, 0, 0, 0
168010, 31488, 1, 0, 0
169009, 15375, 0, 0, 0
169009, 34082, 1, 0, 0
170010, 14592, 0, 0, 0
170010, 32000, 1, 0, 0
171009, 15375, 0, 0, 0
171009, 34594, 1, 0, 0
172009, 15360, 0, 0, 0
172009, 32256, 1, 0, 0
173009, 14094, 0, 0, 0
173009, 32288, 1, 0, 0
174009, 15872, 0, 0, 0
174009, 34816, 1, 0, 0
175010, 14848, 0, 0, 0
175010, 35072, 1, 0, 0
176009, 13837, 0, 0, 0
176009, 27419, 1, 0, 0
177010, 13824, 0, 0, 0
177010, 31232, 1, 0, 0
178009, 14606, 0, 0, 0
178009, 32032, 1, 0, 0
179010, 16384, 0, 0, 0
179010, 35072, 1, 0, 0
