4000, 3331, 0, 0, 0
4000, 23319, 1, 0, 0
4999, 8456, 0, 0, 0
4999, 22806, 1, 0, 0
5998, 16912, 0, 0, 0
5998, 32800, 1, 0, 0
6997, 14606, 0, 0, 0
6997, 32800, 1, 0, 0
7999, 13042, 0, 0, 0
7999, 32223, 1, 0, 0
9000, 23272, 0, 0, 0
9000, 38361, 1, 0, 0
10001, 19180, 0, 0, 0
10001, 31968, 1, 0, 0
11002, 17646, 0, 0, 0
11002, 32735, 1, 0, 0
12003, 23016, 0, 0, 0
12003, 29666, 1, 0, 0
13004, 22528, 0, 0, 0
13004, 32000, 1, 0, 0
14005, 20203, 0, 0, 0
14005, 29922, 1, 0, 0
15007, 18669, 0, 0, 0
15007, 29666, 1, 0, 0
16008, 17646, 0, 0, 0
16008, 36827, 1, 0, 0
17009, 19948, 0, 0, 0
17009, 33246, 1, 0, 0
18010, 18944, 0, 0, 0
18010, 33024, 1, 0, 0
19011, 18176, 0, 0, 0
19011, 33280, 1, 0, 0
20012, 18925, 0, 0, 0
20012, 30689, 1, 0, 0
21013, 17646, 0, 0, 0
21013, 31200, 1, 0, 0
22014, 18944, 0, 0, 0
22014, 32512, 1, 0, 0
23015, 20715, 0, 0, 0
23015, 37082, 1, 0, 0
24016, 19456, 0, 0, 0
24016, 33792, 1, 0, 0
25017, 21504, 0, 0, 0
25017, 38400, 1, 0, 0
26018, 21248, 0, 0, 0
26018, 35840, 1, 0, 0
27019, 22016, 0, 0, 0
27019, 34048, 1, 0, 0
28020, 21504, 0, 0, 0
28020, 36864, 1, 0, 0
29020, 20224, 0, 0, 0
29020, 37376, 1, 0, 0
30021, 19968, 0, 0, 0
30021, 34560, 1, 0, 0
31022, 17408, 0, 0, 0
31022, 33792, 1, 0, 0
32022, 17937, 0, 0, 0
32022, 35875, 1, 0, 0
33022, 15887, 0, 0, 0
33022, 32032, 1, 0, 0
34021, 17425, 0, 0, 0
34021, 39975, 1, 0, 0
35022, 17408, 0, 0, 0
35022, 37120, 1, 0, 0
36022, 19731, 0, 0, 0
36022, 39719, 1, 0, 0
37022, 14862, 0, 0, 0
37022, 33825, 1, 0, 0
38022, 14336, 0, 0, 0
38022, 29952, 1, 0, 0
39022, 17425, 0, 0, 0
39022, 35619, 1, 0, 0
40022, 14862, 0, 0, 0
40022, 31519, 1, 0, 0
41022, 15616, 0, 0, 0
41022, 34304, 1, 0, 0
42022, 16912, 0, 0, 0
42022, 32288, 1, 0, 0
43021, 24088, 0, 0, 0
43021, 36644, 1, 0, 0
44022, 18432, 0, 0, 0
44022, 32768, 1, 0, 0
45021, 17425, 0, 0, 0
45021, 32544, 1, 0, 0
46021, 19731, 0, 0, 0
46021, 33569, 1, 0, 0
47021, 18432, 0, 0, 0
47021, 33536, 1, 0, 0
48022, 19200, 0, 0, 0
48022, 30720, 1, 0, 0
49022, 21013, 0, 0, 0
49022, 33825, 1, 0, 0
50022, 20480, 0, 0, 0
50022, 32512, 1, 0, 0
51022, 20756, 0, 0, 0
51022, 34338, 1, 0, 0
52022, 18432, 0, 0, 0
52022, 30976, 1, 0, 0
53022, 18194, 0, 0, 0
53022, 31007, 1, 0, 0
54022, 21248, 0, 0, 0
54022, 29952, 1, 0, 0
55022, 20756, 0, 0, 0
55022, 34850, 1, 0, 0
56022, 24064, 0, 0, 0
56022, 34560, 1, 0, 0
57021, 18194, 0, 0, 0
57021, 30750, 1, 0, 0
58022, 20480, 0, 0, 0
58022, 32512, 1, 0, 0
59021, 17937, 0, 0, 0
59021, 32032, 1, 0, 0
60022, 19712, 0, 0, 0
60022, 33024, 1, 0, 0
61021, 17169, 0, 0, 0
61021, 29725, 1, 0, 0
62022, 19200, 0, 0, 0
62022, 34560, 1, 0, 0
63021, 21781, 0, 0, 0
63021, 34594, 1, 0, 0
64022, 19712, 0, 0, 0
64022, 33024, 1, 0, 0
65022, 16912, 0, 0, 0
65022, 31519, 1, 0, 0
66022, 21504, 0, 0, 0
66022, 33536, 1, 0, 0
67022, 21525, 0, 0, 0
67022, 33313, 1, 0, 0
68022, 19968, 0, 0, 0
68022, 28672, 1, 0, 0
69021, 21013, 0, 0, 0
69021, 31519, 1, 0, 0
70022, 25344, 0, 0, 0
70022, 31232, 1, 0, 0
71021, 23063, 0, 0, 0
71021, 37157, 1, 0, 0
72022, 22528, 0, 0, 0
72022, 28416, 1, 0, 0
73022, 21525, 0, 0, 0
73022, 29981, 1, 0, 0
74022, 22272, 0, 0, 0
74022, 30464, 1, 0, 0
75022, 19987, 0, 0, 0
75022, 31007, 1, 0, 0
76022, 21504, 0, 0, 0
76022, 35328, 1, 0, 0
77022, 18706, 0, 0, 0
77022, 30494, 1, 0, 0
78022, 16384, 0, 0, 0
78022, 26112, 1, 0, 0
79021, 18194, 0, 0, 0
79021, 29213, 1, 0, 0
80022, 18432, 0, 0, 0
80022, 30976, 1, 0, 0
81021, 17937, 0, 0, 0
81021, 33569, 1, 0, 0
82022, 18944, 0, 0, 0
82022, 32768, 1, 0, 0
83021, 15887, 0, 0, 0
83021, 29981, 1, 0, 0
84022, 18688, 0, 0, 0
84022, 28672, 1, 0, 0
85022, 20992, 0, 0, 0
85022, 32000, 1, 0, 0
86022, 19987, 0, 0, 0
86022, 30238, 1, 0, 0
87022, 15616, 0, 0, 0
87022, 26112, 1, 0, 0
88022, 18706, 0, 0, 0
88022, 31007, 1, 0, 0
89022, 19968, 0, 0, 0
89022, 33024, 1, 0, 0
90022, 18194, 0, 0, 0
90022, 33057, 1, 0, 0
91022, 17664, 0, 0, 0
91022, 29696, 1, 0, 0
92021, 17937, 0, 0, 0
92021, 29725, 1, 0, 0
93022, 19712, 0, 0, 0
93022, 32256, 1, 0, 0
94021, 23063, 0, 0, 0
94021, 31775, 1, 0, 0
95022, 19456, 0, 0, 0
95022, 29696, 1, 0, 0
96021, 19475, 0, 0, 0
96021, 27675, 1, 0, 0
97022, 17920, 0, 0, 0
97022, 29440, 1, 0, 0
98022, 20480, 0, 0, 0
98022, 28672, 1, 0, 0
99022, 22550, 0, 0, 0
99022, 32032, 1, 0, 0
100022, 19200, 0, 0, 0
100022, 24832, 1, 0, 0
101022, 22806, 0, 0, 0
101022, 31263, 1, 0, 0
102022, 24576, 0, 0, 0
102022, 33536, 1, 0, 0
103022, 20244, 0, 0, 0
103022, 28700, 1, 0, 0
104022, 23552, 0, 0, 0
104022, 31232, 1, 0, 0
105022, 19219, 0, 0, 0
105022, 25625, 1, 0, 0
106022, 21504, 0, 0, 0
106022, 32256, 1, 0, 0
107022, 18962, 0, 0, 0
107022, 32288, 1, 0, 0
108022, 19712, 0, 0, 0
108022, 31744, 1, 0, 0
109021, 21269, 0, 0, 0
109021, 32800, 1, 0, 0
110022, 20224, 0, 0, 0
110022, 33792, 1, 0, 0
111021, 19475, 0, 0, 0
111021, 33057, 1, 0, 0
112022, 16384, 0, 0, 0
112022, 28416, 1, 0, 0
113021, 14094, 0, 0, 0
113021, 26650, 1, 0, 0
114022, 19200, 0, 0, 0
114022, 30976, 1, 0, 0
115022, 16656, 0, 0, 0
115022, 30750, 1, 0, 0
116022, 18944, 0, 0, 0
116022, 30464, 1, 0, 0
117021, 19219, 0, 0, 0
117021, 31519, 1, 0, 0
118022, 17408, 0, 0, 0
118022, 29440, 1, 0, 0
119021, 20756, 0, 0, 0
119021, 28188, 1, 0, 0
120022, 21248, 0, 0, 0
120022, 35584, 1, 0, 0
121021, 20756, 0, 0, 0
121021, 33825, 1, 0, 0
122022, 18432, 0, 0, 0
122022, 28160, 1, 0, 0
123021, 14094, 0, 0, 0
123021, 27931, 1, 0, 0
124022, 20480, 0, 0, 0
124022, 34560, 1, 0, 0
125022, 20480, 0, 0, 0
125022, 30464, 1, 0, 0
126022, 22550, 0, 0, 0
126022, 34850, 1, 0, 0
127022, 20992, 0, 0, 0
127022, 31232, 1, 0, 0
128022, 22294, 0, 0, 0
128022, 32544, 1, 0, 0
129022, 23040, 0, 0, 0
129022, 31232, 1, 0, 0
130022, 19731, 0, 0, 0
130022, 27163, 1, 0, 0
131022, 21504, 0, 0, 0
131022, 30720, 1, 0, 0
132022, 18194, 0, 0, 0
132022, 28700, 1, 0, 0
133022, 20736, 0, 0, 0
133022, 30976, 1, 0, 0
134022, 20500, 0, 0, 0
134022, 29725, 1, 0, 0
135022, 19456, 0, 0, 0
135022, 32000, 1, 0, 0
136022, 19987, 0, 0, 0
136022, 31007, 1, 0, 0
137022, 18688, 0, 0, 0
137022, 34816, 1, 0, 0
138021, 21013, 0, 0, 0
138021, 29725, 1, 0, 0
139022, 19456, 0, 0, 0
139022, 32768, 1, 0, 0
140021, 21269, 0, 0, 0
140021, 32800, 1, 0, 0
141022, 24320, 0, 0, 0
141022, 33024, 1, 0, 0
142021, 21781, 0, 0, 0
142021, 30494, 1, 0, 0
143022, 21248, 0, 0, 0
143022, 27136, 1, 0, 0
144021, 20244, 0, 0, 0
144021, 29469, 1, 0, 0
145022, 19200, 0, 0, 0
145022, 24064, 1, 0, 0
146021, 23319, 0, 0, 0
146021, 31519, 1, 0, 0
147022, 26112, 0, 0, 0
147022, 33792, 1, 0, 0
148022, 21760, 0, 0, 0
148022, 30208, 1, 0, 0
149022, 24088, 0, 0, 0
149022, 31263, 1, 0, 0
150022, 24320, 0, 0, 0
150022, 30464, 1, 0, 0
151022, 25881, 0, 0, 0
151022, 35875, 1, 0, 0
152022, 27136, 0, 0, 0
152022, 33536, 1, 0, 0
153022, 23063, 0, 0, 0
153022, 29725, 1, 0, 0
154022, 25856, 0, 0, 0
154022, 33792, 1, 0, 0
155022, 26138, 0, 0, 0
155022, 38182, 1, 0, 0
156022, 26112, 0, 0, 0
156022, 34560, 1, 0, 0
157022, 26650, 0, 0, 0
157022, 31519, 1, 0, 0
158022, 22784, 0, 0, 0
158022, 30720, 1, 0, 0
159022, 24600, 0, 0, 0
159022, 32800, 1, 0, 0
160022, 20480, 0, 0, 0
160022, 30976, 1, 0, 0
161022, 25113, 0, 0, 0
161022, 34082, 1, 0, 0
162022, 26112, 0, 0, 0
162022, 30720, 1, 0, 0
163022, 24856, 0, 0, 0
163022, 33569, 1, 0, 0
164022, 23296, 0, 0, 0
164022, 30464, 1, 0, 0
165022, 21781, 0, 0, 0
165022, 33825, 1, 0, 0
166022, 22272, 0, 0, 0
166022, 29184, 1, 0, 0
167022, 22038, 0, 0, 0
167022, 32800, 1, 0, 0
168022, 21504, 0, 0, 0
168022, 28928, 1, 0, 0
169021, 24600, 0, 0, 0
169021, 34338, 1, 0, 0
170022, 23296, 0, 0, 0
170022, 34560, 1, 0, 0
171021, 22550, 0, 0, 0
171021, 34338, 1, 0, 0
172022, 20992, 0, 0, 0
172022, 32512, 1, 0, 0
173021, 22550, 0, 0, 0
173021, 32544, 1, 0, 0
174022, 22784, 0, 0, 0
174022, 35072, 1, 0, 0
175022, 25088, 0, 0, 0
175022, 36096, 1, 0, 0
176022, 27163, 0, 0, 0
176022, 36900, 1, 0, 0
177022, 23552, 0, 0, 0
177022, 33024, 1, 0, 0
178022, 24856, 0, 0, 0
178022, 35619, 1, 0, 0
179022, 21760, 0, 0, 0
179022, 29184, 1, 0, 0
