4001, 4096, 0, 0, 0
4001, 21504, 1, 0, 0
5002, 10496, 0, 0, 0
5002, 26112, 1, 0, 0
6001, 17681, 0, 0, 0
6001, 33313, 1, 0, 0
7002, 15856, 0, 0, 0
7002, 36571, 1, 0, 0
8003, 17134, 0, 0, 0
8003, 36827, 1, 0, 0
9004, 14065, 0, 0, 0
9004, 32223, 1, 0, 0
10005, 24039, 0, 0, 0
10005, 38105, 1, 0, 0
11007, 21226, 0, 0, 0
11007, 36571, 1, 0, 0
12008, 25830, 0, 0, 0
12008, 34525, 1, 0, 0
13009, 19436, 0, 0, 0
13009, 32735, 1, 0, 0
14010, 20203, 0, 0, 0
14010, 35292, 1, 0, 0
15011, 21482, 0, 0, 0
15011, 35036, 1, 0, 0
16012, 23784, 0, 0, 0
16012, 38617, 1, 0, 0
17014, 15088, 0, 0, 0
17014, 34781, 1, 0, 0
18015, 16640, 0, 0, 0
18015, 35072, 1, 0, 0
19016, 22272, 0, 0, 0
19016, 38144, 1, 0, 0
20017, 15344, 0, 0, 0
20017, 30433, 1, 0, 0
21018, 21482, 0, 0, 0
21018, 36059, 1, 0, 0
22019, 14848, 0, 0, 0
22019, 27136, 1, 0, 0
23020, 17902, 0, 0, 0
23020, 31712, 1, 0, 0
24021, 16128, 0, 0, 0
24021, 30464, 1, 0, 0
25021, 18944, 0, 0, 0
25021, 32000, 1, 0, 0
26022, 17920, 0, 0, 0
26022, 30720, 1, 0, 0
27023, 15872, 0, 0, 0
27023, 30464, 1, 0, 0
28024, 15616, 0, 0, 0
28024, 32256, 1, 0, 0
29025, 18944, 0, 0, 0
29025, 32768, 1, 0, 0
30025, 17152, 0, 0, 0
30025, 31744, 1, 0, 0
31026, 18944, 0, 0, 0
31026, 33024, 1, 0, 0
32027, 17152, 0, 0, 0
32027, 32512, 1, 0, 0
33028, 19712, 0, 0, 0
33028, 33024, 1, 0, 0
34029, 24576, 0, 0, 0
34029, 35840, 1, 0, 0
35030, 20224, 0, 0, 0
35030, 34048, 1, 0, 0
36030, 21760, 0, 0, 0
36030, 32512, 1, 0, 0
37031, 19968, 0, 0, 0
37031, 32256, 1, 0, 0
38032, 21248, 0, 0, 0
38032, 34304, 1, 0, 0
39032, 20224, 0, 0, 0
39032, 33280, 1, 0, 0
40033, 20224, 0, 0, 0
40033, 32256, 1, 0, 0
41034, 16896, 0, 0, 0
41034, 31488, 1, 0, 0
42034, 17152, 0, 0, 0
42034, 32512, 1, 0, 0
43035, 17408, 0, 0, 0
43035, 33536, 1, 0, 0
44035, 16640, 0, 0, 0
44035, 37376, 1, 0, 0
45036, 16896, 0, 0, 0
45036, 34560, 1, 0, 0
46036, 16896, 0, 0, 0
46036, 36352, 1, 0, 0
47037, 16128, 0, 0, 0
47037, 33024, 1, 0, 0
48038, 18688, 0, 0, 0
48038, 36352, 1, 0, 0
49037, 17937, 0, 0, 0
49037, 35619, 1, 0, 0
50038, 16896, 0, 0, 0
50038, 33536, 1, 0, 0
51037, 23063, 0, 0, 0
51037, 36644, 1, 0, 0
52038, 20992, 0, 0, 0
52038, 37888, 1, 0, 0
53037, 21781, 0, 0, 0
53037, 36900, 1, 0, 0
54038, 17664, 0, 0, 0
54038, 33280, 1, 0, 0
55037, 16912, 0, 0, 0
55037, 34850, 1, 0, 0
56038, 17664, 0, 0, 0
56038, 36352, 1, 0, 0
57037, 22294, 0, 0, 0
57037, 38950, 1, 0, 0
58038, 19200, 0, 0, 0
58038, 34048, 1, 0, 0
59037, 19219, 0, 0, 0
59037, 34082, 1, 0, 0
60037, 18432, 0, 0, 0
60037, 36352, 1, 0, 0
61037, 19731, 0, 0, 0
61037, 38694, 1, 0, 0
62037, 17664, 0, 0, 0
62037, 34816, 1, 0, 0
63037, 19219, 0, 0, 0
63037, 42282, 1, 0, 0
64038, 18176, 0, 0, 0
64038, 40192, 1, 0, 0
65037, 16144, 0, 0, 0
65037, 38694, 1, 0, 0
66038, 19200, 0, 0, 0
66038, 37888, 1, 0, 0
67037, 16912, 0, 0, 0
67037, 34850, 1, 0, 0
68038, 16896, 0, 0, 0
68038, 39680, 1, 0, 0
69037, 17681, 0, 0, 0
69037, 38438, 1, 0, 0
70037, 18176, 0, 0, 0
70037, 46336, 1, 0, 0
71037, 13837, 0, 0, 0
71037, 38950, 1, 0, 0
72038, 15104, 0, 0, 0
72038, 38912, 1, 0, 0
73037, 16656, 0, 0, 0
73037, 35619, 1, 0, 0
74038, 17664, 0, 0, 0
74038, 37888, 1, 0, 0
75037, 16656, 0, 0, 0
75037, 36132, 1, 0, 0
76038, 20224, 0, 0, 0
76038, 43520, 1, 0, 0
77037, 19731, 0, 0, 0
77037, 37669, 1, 0, 0
78038, 20992, 0, 0, 0
78038, 43264, 1, 0, 0
79037, 15375, 0, 0, 0
79037, 36644, 1, 0, 0
80037, 16640, 0, 0, 0
80037, 35072, 1, 0, 0
81037, 14350, 0, 0, 0
81037, 34338, 1, 0, 0
82037, 15616, 0, 0, 0
82037, 36864, 1, 0, 0
83037, 16656, 0, 0, 0
83037, 43307, 1, 0, 0
84037, 15616, 0, 0, 0
84037, 33024, 1, 0, 0
85038, 15872, 0, 0, 0
85038, 35328, 1, 0, 0
86037, 17681, 0, 0, 0
86037, 37413, 1, 0, 0
87038, 19200, 0, 0, 0
87038, 37888, 1, 0, 0
88037, 19731, 0, 0, 0
88037, 35107, 1, 0, 0
89038, 20480, 0, 0, 0
89038, 39424, 1, 0, 0
90037, 18450, 0, 0, 0
90037, 39975, 1, 0, 0
91037, 17408, 0, 0, 0
91037, 37888, 1, 0, 0
92037, 15375, 0, 0, 0
92037, 35619, 1, 0, 0
93037, 20992, 0, 0, 0
93037, 37120, 1, 0, 0
94037, 18962, 0, 0, 0
94037, 35107, 1, 0, 0
95037, 20736, 0, 0, 0
95037, 35328, 1, 0, 0
96037, 22806, 0, 0, 0
96037, 37157, 1, 0, 0
97037, 19712, 0, 0, 0
97037, 35328, 1, 0, 0
98038, 19456, 0, 0, 0
98038, 36352, 1, 0, 0
99037, 21013, 0, 0, 0
99037, 38182, 1, 0, 0
100038, 21760, 0, 0, 0
100038, 40704, 1, 0, 0
101037, 17681, 0, 0, 0
101037, 33057, 1, 0, 0
102038, 19200, 0, 0, 0
102038, 34304, 1, 0, 0
103037, 17169, 0, 0, 0
103037, 34850, 1, 0, 0
104038, 22528, 0, 0, 0
104038, 42496, 1, 0, 0
105037, 17425, 0, 0, 0
105037, 33825, 1, 0, 0
106038, 20480, 0, 0, 0
106038, 35584, 1, 0, 0
107037, 22806, 0, 0, 0
107037, 41769, 1, 0, 0
108038, 21504, 0, 0, 0
108038, 37632, 1, 0, 0
109037, 22550, 0, 0, 0
109037, 38950, 1, 0, 0
110037, 23552, 0, 0, 0
110037, 42240, 1, 0, 0
111037, 18194, 0, 0, 0
111037, 35363, 1, 0, 0
112037, 19968, 0, 0, 0
112037, 39168, 1, 0, 0
113037, 21013, 0, 0, 0
113037, 38182, 1, 0, 0
114037, 22784, 0, 0, 0
114037, 38400, 1, 0, 0
115037, 18706, 0, 0, 0
115037, 33569, 1, 0, 0
116038, 19968, 0, 0, 0
116038, 38912, 1, 0, 0
117037, 19731, 0, 0, 0
117037, 35363, 1, 0, 0
118037, 17920, 0, 0, 0
118037, 36096, 1, 0, 0
119037, 19475, 0, 0, 0
119037, 37413, 1, 0, 0
120037, 20224, 0, 0, 0
120037, 40192, 1, 0, 0
121037, 19987, 0, 0, 0
121037, 40488, 1, 0, 0
122037, 16384, 0, 0, 0
122037, 34304, 1, 0, 0
123037, 19219, 0, 0, 0
123037, 41001, 1, 0, 0
124037, 19200, 0, 0, 0
124037, 37120, 1, 0, 0
125038, 19968, 0, 0, 0
125038, 43264, 1, 0, 0
126037, 17937, 0, 0, 0
126037, 36388, 1, 0, 0
127038, 19200, 0, 0, 0
127038, 38912, 1, 0, 0
128037, 18450, 0, 0, 0
128037, 35619, 1, 0, 0
129038, 21248, 0, 0, 0
129038, 39680, 1, 0, 0
130037, 19219, 0, 0, 0
130037, 36644, 1, 0, 0
131038, 17152, 0, 0, 0
131038, 35328, 1, 0, 0
132037, 21269, 0, 0, 0
132037, 41257, 1, 0, 0
133038, 18432, 0, 0, 0
133038, 38912, 1, 0, 0
134037, 17937, 0, 0, 0
134037, 33569, 1, 0, 0
135038, 18432, 0, 0, 0
135038, 38400, 1, 0, 0
136037, 18962, 0, 0, 0
136037, 36132, 1, 0, 0
137038, 18688, 0, 0, 0
137038, 38400, 1, 0, 0
138037, 17681, 0, 0, 0
138037, 34338, 1, 0, 0
139038, 16384, 0, 0, 0
139038, 35072, 1, 0, 0
140037, 17425, 0, 0, 0
140037, 36644, 1, 0, 0
141037, 17920, 0, 0, 0
141037, 39936, 1, 0, 0
142037, 19475, 0, 0, 0
142037, 43307, 1, 0, 0
143037, 19456, 0, 0, 0
143037, 38144, 1, 0, 0
144037, 16400, 0, 0, 0
144037, 36644, 1, 0, 0
145037, 17664, 0, 0, 0
145037, 38912, 1, 0, 0
146037, 20756, 0, 0, 0
146037, 43819, 1, 0, 0
147037, 15104, 0, 0, 0
147037, 34560, 1, 0, 0
148038, 16640, 0, 0, 0
148038, 39168, 1, 0, 0
149037, 19475, 0, 0, 0
149037, 44332, 1, 0, 0
150038, 16640, 0, 0, 0
150038, 38912, 1, 0, 0
151037, 15887, 0, 0, 0
151037, 34594, 1, 0, 0
152038, 17152, 0, 0, 0
152038, 36864, 1, 0, 0
153037, 18706, 0, 0, 0
153037, 37413, 1, 0, 0
154038, 19200, 0, 0, 0
154038, 38400, 1, 0, 0
155037, 18706, 0, 0, 0
155037, 39975, 1, 0, 0
156038, 19968, 0, 0, 0
156038, 38656, 1, 0, 0
157037, 22294, 0, 0, 0
157037, 40488, 1, 0, 0
158038, 21248, 0, 0, 0
158038, 39680, 1, 0, 0
159037, 21269, 0, 0, 0
159037, 37925, 1, 0, 0
160038, 26368, 0, 0, 0
160038, 47616, 1, 0, 0
161037, 21525, 0, 0, 0
161037, 44844, 1, 0, 0
162038, 19712, 0, 0, 0
162038, 37120, 1, 0, 0
163037, 19987, 0, 0, 0
163037, 38438, 1, 0, 0
164038, 16896, 0, 0, 0
164038, 30976, 1, 0, 0
165037, 22550, 0, 0, 0
165037, 41769, 1, 0, 0
166038, 22016, 0, 0, 0
166038, 36608, 1, 0, 0
167037, 24344, 0, 0, 0
167037, 41513, 1, 0, 0
168038, 21248, 0, 0, 0
168038, 37888, 1, 0, 0
169037, 21781, 0, 0, 0
169037, 34850, 1, 0, 0
170037, 21760, 0, 0, 0
170037, 36352, 1, 0, 0
171037, 20500, 0, 0, 0
171037, 35619, 1, 0, 0
172037, 26112, 0, 0, 0
172037, 46592, 1, 0, 0
173037, 24088, 0, 0, 0
173037, 41513, 1, 0, 0
174037, 25344, 0, 0, 0
174037, 43264, 1, 0, 0
175038, 24576, 0, 0, 0
175038, 39936, 1, 0, 0
176037, 22038, 0, 0, 0
176037, 37157, 1, 0, 0
177038, 23296, 0, 0, 0
177038, 39424, 1, 0, 0
178037, 27675, 0, 0, 0
178037, 46894, 1, 0, 0
179038, 23296, 0, 0, 0
179038, 42240, 1, 0, 0
