4000, 17169, 0, 0, 0
4000, 42538, 1, 0, 0
4999, 11019, 0, 0, 0
4999, 29469, 1, 0, 0
5998, 16656, 0, 0, 0
5998, 26394, 1, 0, 0
6997, 16400, 0, 0, 0
6997, 31519, 1, 0, 0
7996, 16400, 0, 0, 0
7996, 33825, 1, 0, 0
8996, 13325, 0, 0, 0
8996, 29981, 1, 0, 0
9995, 14350, 0, 0, 0
9995, 32800, 1, 0, 0
10994, 21269, 0, 0, 0
10994, 29981, 1, 0, 0
11993, 15887, 0, 0, 0
11993, 29981, 1, 0, 0
12994, 15872, 0, 0, 0
12994, 26624, 1, 0, 0
13993, 19475, 0, 0, 0
13993, 28444, 1, 0, 0
14992, 21269, 0, 0, 0
14992, 30750, 1, 0, 0
15994, 20203, 0, 0, 0
15994, 28643, 1, 0, 0
16995, 20715, 0, 0, 0
16995, 30689, 1, 0, 0
17996, 22272, 0, 0, 0
17996, 30720, 1, 0, 0
18997, 19968, 0, 0, 0
18997, 28416, 1, 0, 0
19998, 22505, 0, 0, 0
19998, 30945, 1, 0, 0
20999, 21994, 0, 0, 0
20999, 31968, 1, 0, 0
22000, 20992, 0, 0, 0
22000, 31232, 1, 0, 0
23001, 20715, 0, 0, 0
23001, 31200, 1, 0, 0
24002, 17920, 0, 0, 0
24002, 30464, 1, 0, 0
25003, 21504, 0, 0, 0
25003, 34560, 1, 0, 0
26003, 16640, 0, 0, 0
26003, 33280, 1, 0, 0
27004, 17920, 0, 0, 0
27004, 35584, 1, 0, 0
28005, 15360, 0, 0, 0
28005, 32768, 1, 0, 0
29006, 19712, 0, 0, 0
29006, 39936, 1, 0, 0
30007, 17408, 0, 0, 0
30007, 37888, 1, 0, 0
31008, 14848, 0, 0, 0
31008, 30976, 1, 0, 0
32007, 13581, 0, 0, 0
32007, 34082, 1, 0, 0
33007, 14350, 0, 0, 0
33007, 30750, 1, 0, 0
34007, 19987, 0, 0, 0
34007, 34850, 1, 0, 0
35008, 16128, 0, 0, 0
35008, 36096, 1, 0, 0
36007, 14862, 0, 0, 0
36007, 29213, 1, 0, 0
37007, 15119, 0, 0, 0
37007, 37157, 1, 0, 0
38008, 17152, 0, 0, 0
38008, 37632, 1, 0, 0
39007, 14094, 0, 0, 0
39007, 29469, 1, 0, 0
40007, 13581, 0, 0, 0
40007, 36388, 1, 0, 0
41008, 15360, 0, 0, 0
41008, 33024, 1, 0, 0
42007, 14350, 0, 0, 0
42007, 33057, 1, 0, 0
43007, 14606, 0, 0, 0
43007, 33825, 1, 0, 0
44007, 13312, 0, 0, 0
44007, 35328, 1, 0, 0
45007, 14350, 0, 0, 0
45007, 39463, 1, 0, 0
46007, 12556, 0, 0, 0
46007, 38438, 1, 0, 0
47007, 11008, 0, 0, 0
47007, 34816, 1, 0, 0
48008, 11776, 0, 0, 0
48008, 38400, 1, 0, 0
49007, 12044, 0, 0, 0
49007, 35107, 1, 0, 0
50008, 13568, 0, 0, 0
50008, 35072, 1, 0, 0
51007, 15375, 0, 0, 0
51007, 35363, 1, 0, 0
52008, 13568, 0, 0, 0
52008, 31744, 1, 0, 0
53007, 16912, 0, 0, 0
53007, 33825, 1, 0, 0
54008, 17152, 0, 0, 0
54008, 35328, 1, 0, 0
55007, 15887, 0, 0, 0
55007, 31775, 1, 0, 0
56008, 21760, 0, 0, 0
56008, 32768, 1, 0, 0
57007, 18450, 0, 0, 0
57007, 33825, 1, 0, 0
58008, 19712, 0, 0, 0
58008, 32768, 1, 0, 0
59007, 18706, 0, 0, 0
59007, 34338, 1, 0, 0
60007, 23552, 0, 0, 0
60007, 38400, 1, 0, 0
61007, 21781, 0, 0, 0
61007, 33313, 1, 0, 0
62008, 19456, 0, 0, 0
62008, 30720, 1, 0, 0
63007, 24856, 0, 0, 0
63007, 37157, 1, 0, 0
64008, 20736, 0, 0, 0
64008, 33280, 1, 0, 0
65007, 19475, 0, 0, 0
65007, 36644, 1, 0, 0
66008, 19200, 0, 0, 0
66008, 37376, 1, 0, 0
67007, 17681, 0, 0, 0
67007, 37669, 1, 0, 0
68008, 14080, 0, 0, 0
68008, 32512, 1, 0, 0
69007, 15887, 0, 0, 0
69007, 34850, 1, 0, 0
70007, 13568, 0, 0, 0
70007, 35072, 1, 0, 0
71007, 13325, 0, 0, 0
71007, 38182, 1, 0, 0
72008, 14848, 0, 0, 0
72008, 38144, 1, 0, 0
73007, 13325, 0, 0, 0
73007, 30238, 1, 0, 0
74008, 16384, 0, 0, 0
74008, 35584, 1, 0, 0
75007, 15887, 0, 0, 0
75007, 36644, 1, 0, 0
76008, 15872, 0, 0, 0
76008, 33792, 1, 0, 0
77007, 15631, 0, 0, 0
77007, 31519, 1, 0, 0
78008, 17408, 0, 0, 0
78008, 37632, 1, 0, 0
79007, 21269, 0, 0, 0
79007, 36644, 1, 0, 0
80007, 18688, 0, 0, 0
80007, 36864, 1, 0, 0
81007, 18194, 0, 0, 0
81007, 34338, 1, 0, 0
82007, 17408, 0, 0, 0
82007, 35584, 1, 0, 0
83007, 17937, 0, 0, 0
83007, 34850, 1, 0, 0
84007, 16384, 0, 0, 0
84007, 32000, 1, 0, 0
85008, 16896, 0, 0, 0
85008, 35072, 1, 0, 0
86007, 20500, 0, 0, 0
86007, 37669, 1, 0, 0
87008, 19968, 0, 0, 0
87008, 30208, 1, 0, 0
88007, 25113, 0, 0, 0
88007, 37157, 1, 0, 0
89008, 23296, 0, 0, 0
89008, 36352, 1, 0, 0
90007, 25369, 0, 0, 0
90007, 39975, 1, 0, 0
91008, 20224, 0, 0, 0
91008, 33280, 1, 0, 0
92007, 21781, 0, 0, 0
92007, 39207, 1, 0, 0
93007, 19200, 0, 0, 0
93007, 34304, 1, 0, 0
94007, 21269, 0, 0, 0
94007, 38950, 1, 0, 0
95007, 18176, 0, 0, 0
95007, 33536, 1, 0, 0
96007, 19731, 0, 0, 0
96007, 35875, 1, 0, 0
97007, 22016, 0, 0, 0
97007, 38656, 1, 0, 0
98008, 17664, 0, 0, 0
98008, 34304, 1, 0, 0
99007, 17169, 0, 0, 0
99007, 31775, 1, 0, 0
100008, 15360, 0, 0, 0
100008, 27648, 1, 0, 0
101007, 17937, 0, 0, 0
101007, 37157, 1, 0, 0
102008, 18944, 0, 0, 0
102008, 40192, 1, 0, 0
103007, 16144, 0, 0, 0
103007, 31775, 1, 0, 0
104008, 16896, 0, 0, 0
104008, 31488, 1, 0, 0
105007, 15119, 0, 0, 0
105007, 28956, 1, 0, 0
106008, 16640, 0, 0, 0
106008, 33280, 1, 0, 0
107007, 20244, 0, 0, 0
107007, 35363, 1, 0, 0
108008, 16896, 0, 0, 0
108008, 31744, 1, 0, 0
109007, 22806, 0, 0, 0
109007, 34082, 1, 0, 0
110008, 24832, 0, 0, 0
110008, 34304, 1, 0, 0
111007, 21269, 0, 0, 0
111007, 33569, 1, 0, 0
112008, 21760, 0, 0, 0
112008, 30464, 1, 0, 0
113007, 23831, 0, 0, 0
113007, 35363, 1, 0, 0
114008, 21248, 0, 0, 0
114008, 32000, 1, 0, 0
115007, 18194, 0, 0, 0
115007, 28188, 1, 0, 0
116008, 20224, 0, 0, 0
116008, 30464, 1, 0, 0
117007, 21013, 0, 0, 0
117007, 34850, 1, 0, 0
118008, 22784, 0, 0, 0
118008, 33280, 1, 0, 0
119007, 19219, 0, 0, 0
119007, 31007, 1, 0, 0
120008, 20480, 0, 0, 0
120008, 31744, 1, 0, 0
121007, 21781, 0, 0, 0
121007, 34594, 1, 0, 0
122007, 22016, 0, 0, 0
122007, 34048, 1, 0, 0
123007, 19475, 0, 0, 0
123007, 33057, 1, 0, 0
124007, 20992, 0, 0, 0
124007, 35840, 1, 0, 0
125008, 19456, 0, 0, 0
125008, 31488, 1, 0, 0
126007, 18706, 0, 0, 0
126007, 31263, 1, 0, 0
127008, 20480, 0, 0, 0
127008, 33024, 1, 0, 0
128007, 20244, 0, 0, 0
128007, 31263, 1, 0, 0
129008, 20480, 0, 0, 0
129008, 34048, 1, 0, 0
130007, 21525, 0, 0, 0
130007, 36644, 1, 0, 0
131008, 19200, 0, 0, 0
131008, 32512, 1, 0, 0
132007, 20756, 0, 0, 0
132007, 32544, 1, 0, 0
133008, 17152, 0, 0, 0
133008, 31488, 1, 0, 0
134007, 21525, 0, 0, 0
134007, 35875, 1, 0, 0
135008, 17664, 0, 0, 0
135008, 31744, 1, 0, 0
136007, 15887, 0, 0, 0
136007, 28956, 1, 0, 0
137008, 20992, 0, 0, 0
137008, 35072, 1, 0, 0
138007, 19475, 0, 0, 0
138007, 29213, 1, 0, 0
139008, 21760, 0, 0, 0
139008, 30976, 1, 0, 0
140007, 20244, 0, 0, 0
140007, 30494, 1, 0, 0
141008, 23808, 0, 0, 0
141008, 33536, 1, 0, 0
142007, 26394, 0, 0, 0
142007, 35107, 1, 0, 0
143007, 24064, 0, 0, 0
143007, 33792, 1, 0, 0
144007, 21525, 0, 0, 0
144007, 30494, 1, 0, 0
145007, 21760, 0, 0, 0
145007, 29696, 1, 0, 0
146007, 19475, 0, 0, 0
146007, 28956, 1, 0, 0
147007, 19456, 0, 0, 0
147007, 26880, 1, 0, 0
148008, 24576, 0, 0, 0
148008, 34048, 1, 0, 0
149007, 27419, 0, 0, 0
149007, 37669, 1, 0, 0
150008, 23040, 0, 0, 0
150008, 28672, 1, 0, 0
151007, 24088, 0, 0, 0
151007, 34850, 1, 0, 0
152008, 28928, 0, 0, 0
152008, 37120, 1, 0, 0
153007, 25369, 0, 0, 0
153007, 34594, 1, 0, 0
154008, 26368, 0, 0, 0
154008, 35328, 1, 0, 0
155007, 26138, 0, 0, 0
155007, 36132, 1, 0, 0
156008, 27648, 0, 0, 0
156008, 32512, 1, 0, 0
157007, 24344, 0, 0, 0
157007, 30238, 1, 0, 0
158008, 25600, 0, 0, 0
158008, 33792, 1, 0, 0
159007, 24856, 0, 0, 0
159007, 31263, 1, 0, 0
160008, 25856, 0, 0, 0
160008, 35328, 1, 0, 0
161007, 26138, 0, 0, 0
161007, 35363, 1, 0, 0
162008, 27392, 0, 0, 0
162008, 36608, 1, 0, 0
163007, 23831, 0, 0, 0
163007, 35619, 1, 0, 0
164008, 22272, 0, 0, 0
164008, 29952, 1, 0, 0
165007, 24344, 0, 0, 0
165007, 34594, 1, 0, 0
166008, 23296, 0, 0, 0
166008, 33280, 1, 0, 0
167007, 22550, 0, 0, 0
167007, 33057, 1, 0, 0
168008, 25600, 0, 0, 0
168008, 33792, 1, 0, 0
169007, 25881, 0, 0, 0
169007, 35875, 1, 0, 0
170008, 25600, 0, 0, 0
170008, 36864, 1, 0, 0
171007, 26394, 0, 0, 0
171007, 33057, 1, 0, 0
172007, 24064, 0, 0, 0
172007, 32000, 1, 0, 0
173007, 25625, 0, 0, 0
173007, 34082, 1, 0, 0
174007, 22528, 0, 0, 0
174007, 32000, 1, 0, 0
175008, 20224, 0, 0, 0
175008, 27136, 1, 0, 0
176007, 21013, 0, 0, 0
176007, 31007, 1, 0, 0
177008, 22528, 0, 0, 0
177008, 32512, 1, 0, 0
178007, 22038, 0, 0, 0
178007, 30238, 1, 0, 0
179008, 21248, 0, 0, 0
179008, 29952, 1, 0, 0
