4000, 5637, 0, 0, 0
4000, 21525, 1, 0, 0
4999, 9225, 0, 0, 0
4999, 24088, 1, 0, 0
5998, 14094, 0, 0, 0
5998, 23575, 1, 0, 0
6997, 16912, 0, 0, 0
6997, 27163, 1, 0, 0
7996, 19219, 0, 0, 0
7996, 28444, 1, 0, 0
8996, 22550, 0, 0, 0
8996, 36644, 1, 0, 0
9995, 20244, 0, 0, 0
9995, 34338, 1, 0, 0
10996, 21226, 0, 0, 0
10996, 36059, 1, 0, 0
11997, 22761, 0, 0, 0
11997, 29666, 1, 0, 0
12998, 25856, 0, 0, 0
12998, 36352, 1, 0, 0
13999, 25574, 0, 0, 0
13999, 33502, 1, 0, 0
15000, 20971, 0, 0, 0
15000, 31968, 1, 0, 0
16002, 31456, 0, 0, 0
16002, 35548, 1, 0, 0
17003, 23528, 0, 0, 0
17003, 32735, 1, 0, 0
18004, 19968, 0, 0, 0
18004, 31232, 1, 0, 0
19005, 22272, 0, 0, 0
19005, 37376, 1, 0, 0
20006, 19180, 0, 0, 0
20006, 40407, 1, 0, 0
21007, 23272, 0, 0, 0
21007, 40919, 1, 0, 0
22008, 16384, 0, 0, 0
22008, 35328, 1, 0, 0
23009, 19180, 0, 0, 0
23009, 33246, 1, 0, 0
24010, 17152, 0, 0, 0
24010, 33536, 1, 0, 0
25011, 16640, 0, 0, 0
25011, 34048, 1, 0, 0
26012, 15616, 0, 0, 0
26012, 33536, 1, 0, 0
27012, 12544, 0, 0, 0
27012, 28672, 1, 0, 0
28013, 14080, 0, 0, 0
28013, 32256, 1, 0, 0
29014, 13056, 0, 0, 0
29014, 33024, 1, 0, 0
30015, 12288, 0, 0, 0
30015, 32768, 1, 0, 0
31016, 15360, 0, 0, 0
31016, 38144, 1, 0, 0
32015, 18194, 0, 0, 0
32015, 31519, 1, 0, 0
33015, 18706, 0, 0, 0
33015, 35619, 1, 0, 0
34015, 16400, 0, 0, 0
34015, 31007, 1, 0, 0
35016, 15104, 0, 0, 0
35016, 29696, 1, 0, 0
36016, 17425, 0, 0, 0
36016, 29725, 1, 0, 0
37015, 18706, 0, 0, 0
37015, 29981, 1, 0, 0
38016, 16384, 0, 0, 0
38016, 30464, 1, 0, 0
39016, 14350, 0, 0, 0
39016, 29725, 1, 0, 0
40015, 16400, 0, 0, 0
40015, 30494, 1, 0, 0
41016, 14080, 0, 0, 0
41016, 28160, 1, 0, 0
42016, 11531, 0, 0, 0
42016, 27163, 1, 0, 0
43015, 14606, 0, 0, 0
43015, 32288, 1, 0, 0
44016, 11008, 0, 0, 0
44016, 25856, 1, 0, 0
45015, 12044, 0, 0, 0
45015, 26906, 1, 0, 0
46015, 16144, 0, 0, 0
46015, 35107, 1, 0, 0
47015, 13312, 0, 0, 0
47015, 30208, 1, 0, 0
48016, 13312, 0, 0, 0
48016, 25856, 1, 0, 0
49015, 16400, 0, 0, 0
49015, 32544, 1, 0, 0
50016, 17664, 0, 0, 0
50016, 31744, 1, 0, 0
51015, 16912, 0, 0, 0
51015, 26650, 1, 0, 0
52016, 17664, 0, 0, 0
52016, 33024, 1, 0, 0
53015, 17937, 0, 0, 0
53015, 32800, 1, 0, 0
54016, 15616, 0, 0, 0
54016, 28928, 1, 0, 0
55015, 14606, 0, 0, 0
55015, 29213, 1, 0, 0
56016, 18688, 0, 0, 0
56016, 32768, 1, 0, 0
57015, 14094, 0, 0, 0
57015, 29469, 1, 0, 0
58016, 18944, 0, 0, 0
58016, 32000, 1, 0, 0
59015, 19731, 0, 0, 0
59015, 32288, 1, 0, 0
60016, 16896, 0, 0, 0
60016, 29440, 1, 0, 0
61015, 20244, 0, 0, 0
61015, 32032, 1, 0, 0
62016, 18432, 0, 0, 0
62016, 28672, 1, 0, 0
63015, 19731, 0, 0, 0
63015, 32288, 1, 0, 0
64016, 18176, 0, 0, 0
64016, 30208, 1, 0, 0
65015, 19987, 0, 0, 0
65015, 29469, 1, 0, 0
66016, 18688, 0, 0, 0
66016, 29696, 1, 0, 0
67015, 19987, 0, 0, 0
67015, 28444, 1, 0, 0
68016, 19968, 0, 0, 0
68016, 33280, 1, 0, 0
69015, 20244, 0, 0, 0
69015, 32544, 1, 0, 0
70016, 20992, 0, 0, 0
70016, 37120, 1, 0, 0
71015, 17425, 0, 0, 0
71015, 33313, 1, 0, 0
72016, 17664, 0, 0, 0
72016, 33792, 1, 0, 0
73015, 14862, 0, 0, 0
73015, 30750, 1, 0, 0
74016, 15360, 0, 0, 0
74016, 33536, 1, 0, 0
75015, 16912, 0, 0, 0
75015, 33057, 1, 0, 0
76016, 17408, 0, 0, 0
76016, 32512, 1, 0, 0
77015, 16400, 0, 0, 0
77015, 32288, 1, 0, 0
78016, 16640, 0, 0, 0
78016, 35840, 1, 0, 0
79015, 16656, 0, 0, 0
79015, 36388, 1, 0, 0
80016, 16384, 0, 0, 0
80016, 35328, 1, 0, 0
81015, 18706, 0, 0, 0
81015, 36900, 1, 0, 0
82016, 14848, 0, 0, 0
82016, 29696, 1, 0, 0
83015, 16656, 0, 0, 0
83015, 31519, 1, 0, 0
84016, 16896, 0, 0, 0
84016, 33280, 1, 0, 0
85016, 17152, 0, 0, 0
85016, 35072, 1, 0, 0
86015, 19475, 0, 0, 0
86015, 35107, 1, 0, 0
87016, 18944, 0, 0, 0
87016, 32512, 1, 0, 0
88015, 16912, 0, 0, 0
88015, 34594, 1, 0, 0
89016, 16384, 0, 0, 0
89016, 27648, 1, 0, 0
90015, 20244, 0, 0, 0
90015, 36900, 1, 0, 0
91016, 15872, 0, 0, 0
91016, 31232, 1, 0, 0
92015, 16400, 0, 0, 0
92015, 31519, 1, 0, 0
93016, 17920, 0, 0, 0
93016, 32000, 1, 0, 0
94015, 14606, 0, 0, 0
94015, 31519, 1, 0, 0
95016, 15872, 0, 0, 0
95016, 32000, 1, 0, 0
96015, 14606, 0, 0, 0
96015, 30238, 1, 0, 0
97016, 13824, 0, 0, 0
97016, 35328, 1, 0, 0
98016, 11008, 0, 0, 0
98016, 30976, 1, 0, 0
99015, 14350, 0, 0, 0
99015, 37157, 1, 0, 0
100016, 15104, 0, 0, 0
100016, 34048, 1, 0, 0
101015, 15119, 0, 0, 0
101015, 33057, 1, 0, 0
102016, 15872, 0, 0, 0
102016, 36352, 1, 0, 0
103015, 14350, 0, 0, 0
103015, 31775, 1, 0, 0
104016, 14080, 0, 0, 0
104016, 29952, 1, 0, 0
105015, 13325, 0, 0, 0
105015, 30238, 1, 0, 0
106016, 16384, 0, 0, 0
106016, 32768, 1, 0, 0
107015, 12300, 0, 0, 0
107015, 26650, 1, 0, 0
108016, 13056, 0, 0, 0
108016, 28416, 1, 0, 0
109015, 12556, 0, 0, 0
109015, 32544, 1, 0, 0
110016, 12032, 0, 0, 0
110016, 29184, 1, 0, 0
111015, 12044, 0, 0, 0
111015, 30494, 1, 0, 0
112016, 14080, 0, 0, 0
112016, 35072, 1, 0, 0
113015, 11275, 0, 0, 0
113015, 30494, 1, 0, 0
114016, 11520, 0, 0, 0
114016, 33792, 1, 0, 0
115015, 13837, 0, 0, 0
115015, 33057, 1, 0, 0
116016, 12288, 0, 0, 0
116016, 32768, 1, 0, 0
117015, 11531, 0, 0, 0
117015, 31775, 1, 0, 0
118016, 12288, 0, 0, 0
118016, 32256, 1, 0, 0
119015, 11275, 0, 0, 0
119015, 29213, 1, 0, 0
120016, 12800, 0, 0, 0
120016, 32256, 1, 0, 0
121015, 12812, 0, 0, 0
121015, 34850, 1, 0, 0
122016, 11520, 0, 0, 0
122016, 30976, 1, 0, 0
123015, 14862, 0, 0, 0
123015, 33825, 1, 0, 0
124016, 13568, 0, 0, 0
124016, 33280, 1, 0, 0
125016, 13568, 0, 0, 0
125016, 32512, 1, 0, 0
126016, 15119, 0, 0, 0
126016, 35363, 1, 0, 0
127016, 11264, 0, 0, 0
127016, 30464, 1, 0, 0
128015, 14094, 0, 0, 0
128015, 34082, 1, 0, 0
129016, 14080, 0, 0, 0
129016, 34560, 1, 0, 0
130015, 13325, 0, 0, 0
130015, 34850, 1, 0, 0
131016, 13824, 0, 0, 0
131016, 35328, 1, 0, 0
132015, 13581, 0, 0, 0
132015, 29469, 1, 0, 0
133016, 13056, 0, 0, 0
133016, 30976, 1, 0, 0
134015, 17681, 0, 0, 0
134015, 34082, 1, 0, 0
135016, 17152, 0, 0, 0
135016, 34048, 1, 0, 0
136015, 17681, 0, 0, 0
136015, 36644, 1, 0, 0
137016, 17152, 0, 0, 0
137016, 35328, 1, 0, 0
138015, 18706, 0, 0, 0
138015, 35619, 1, 0, 0
139016, 18432, 0, 0, 0
139016, 38912, 1, 0, 0
140015, 17681, 0, 0, 0
140015, 35619, 1, 0, 0
141016, 16384, 0, 0, 0
141016, 30208, 1, 0, 0
142015, 16656, 0, 0, 0
142015, 33569, 1, 0, 0
143016, 17152, 0, 0, 0
143016, 33536, 1, 0, 0
144015, 20500, 0, 0, 0
144015, 36132, 1, 0, 0
145016, 20480, 0, 0, 0
145016, 35328, 1, 0, 0
146015, 18194, 0, 0, 0
146015, 31007, 1, 0, 0
147016, 20224, 0, 0, 0
147016, 35328, 1, 0, 0
148016, 19200, 0, 0, 0
148016, 34048, 1, 0, 0
149016, 22550, 0, 0, 0
149016, 36388, 1, 0, 0
150016, 20736, 0, 0, 0
150016, 41472, 1, 0, 0
151015, 22294, 0, 0, 0
151015, 35363, 1, 0, 0
152016, 18944, 0, 0, 0
152016, 32512, 1, 0, 0
153015, 20756, 0, 0, 0
153015, 36132, 1, 0, 0
154016, 21248, 0, 0, 0
154016, 36096, 1, 0, 0
155015, 18450, 0, 0, 0
155015, 33825, 1, 0, 0
156016, 20992, 0, 0, 0
156016, 36608, 1, 0, 0
157015, 17169, 0, 0, 0
157015, 32032, 1, 0, 0
158016, 17408, 0, 0, 0
158016, 31488, 1, 0, 0
159015, 18706, 0, 0, 0
159015, 34594, 1, 0, 0
160016, 18944, 0, 0, 0
160016, 33024, 1, 0, 0
161015, 15119, 0, 0, 0
161015, 30238, 1, 0, 0
162016, 19456, 0, 0, 0
162016, 34048, 1, 0, 0
163015, 16400, 0, 0, 0
163015, 29213, 1, 0, 0
164016, 20736, 0, 0, 0
164016, 33536, 1, 0, 0
165015, 22038, 0, 0, 0
165015, 35363, 1, 0, 0
166016, 19968, 0, 0, 0
166016, 29952, 1, 0, 0
167015, 19475, 0, 0, 0
167015, 31263, 1, 0, 0
168016, 21504, 0, 0, 0
168016, 33792, 1, 0, 0
169015, 19219, 0, 0, 0
169015, 30750, 1, 0, 0
170016, 20992, 0, 0, 0
170016, 35328, 1, 0, 0
171015, 19987, 0, 0, 0
171015, 28956, 1, 0, 0
172016, 19712, 0, 0, 0
172016, 34048, 1, 0, 0
173015, 18706, 0, 0, 0
173015, 30494, 1, 0, 0
174016, 17920, 0, 0, 0
174016, 29696, 1, 0, 0
175016, 18432, 0, 0, 0
175016, 32000, 1, 0, 0
176016, 20500, 0, 0, 0
176016, 34082, 1, 0, 0
177016, 18688, 0, 0, 0
177016, 35328, 1, 0, 0
178015, 17425, 0, 0, 0
178015, 33057, 1, 0, 0
179016, 15360, 0, 0, 0
179016, 28160, 1, 0, 0
