4002, 6393, 0, 0, 0
4002, 28387, 1, 0, 0
5002, 10752, 0, 0, 0
5002, 24832, 1, 0, 0
6002, 12556, 0, 0, 0
6002, 31775, 1, 0, 0
7001, 18450, 0, 0, 0
7001, 31775, 1, 0, 0
8002, 18925, 0, 0, 0
8002, 34525, 1, 0, 0
9003, 25062, 0, 0, 0
9003, 37082, 1, 0, 0
10004, 24039, 0, 0, 0
10004, 30689, 1, 0, 0
11005, 26085, 0, 0, 0
11005, 36315, 1, 0, 0
12007, 17902, 0, 0, 0
12007, 32223, 1, 0, 0
13008, 16367, 0, 0, 0
13008, 31200, 1, 0, 0
14009, 17646, 0, 0, 0
14009, 34013, 1, 0, 0
15010, 19180, 0, 0, 0
15010, 37338, 1, 0, 0
16011, 14065, 0, 0, 0
16011, 32991, 1, 0, 0
17012, 14577, 0, 0, 0
17012, 29922, 1, 0, 0
18013, 15872, 0, 0, 0
18013, 33536, 1, 0, 0
19014, 16128, 0, 0, 0
19014, 36608, 1, 0, 0
20015, 14065, 0, 0, 0
20015, 34781, 1, 0, 0
21016, 15600, 0, 0, 0
21016, 33502, 1, 0, 0
22017, 17920, 0, 0, 0
22017, 32000, 1, 0, 0
23018, 18669, 0, 0, 0
23018, 35036, 1, 0, 0
24019, 15104, 0, 0, 0
24019, 27904, 1, 0, 0
25020, 20480, 0, 0, 0
25020, 33280, 1, 0, 0
26021, 22016, 0, 0, 0
26021, 29440, 1, 0, 0
27022, 23040, 0, 0, 0
27022, 33536, 1, 0, 0
28023, 21504, 0, 0, 0
28023, 33280, 1, 0, 0
29024, 20224, 0, 0, 0
29024, 30976, 1, 0, 0
30024, 22784, 0, 0, 0
30024, 34304, 1, 0, 0
31025, 19712, 0, 0, 0
31025, 29696, 1, 0, 0
32026, 19968, 0, 0, 0
32026, 36096, 1, 0, 0
33027, 14336, 0, 0, 0
33027, 28416, 1, 0, 0
34028, 11776, 0, 0, 0
34028, 29440, 1, 0, 0
35028, 18688, 0, 0, 0
35028, 32768, 1, 0, 0
36029, 17408, 0, 0, 0
36029, 35328, 1, 0, 0
37030, 20480, 0, 0, 0
37030, 36352, 1, 0, 0
38030, 17408, 0, 0, 0
38030, 34560, 1, 0, 0
39031, 15360, 0, 0, 0
39031, 34816, 1, 0, 0
40032, 16640, 0, 0, 0
40032, 36096, 1, 0, 0
41032, 15872, 0, 0, 0
41032, 35584, 1, 0, 0
42033, 14336, 0, 0, 0
42033, 32512, 1, 0, 0
43034, 16640, 0, 0, 0
43034, 34560, 1, 0, 0
44034, 16896, 0, 0, 0
44034, 35584, 1, 0, 0
45035, 16896, 0, 0, 0
45035, 31744, 1, 0, 0
46035, 14848, 0, 0, 0
46035, 36352, 1, 0, 0
47036, 13056, 0, 0, 0
47036, 28160, 1, 0, 0
48036, 15616, 0, 0, 0
48036, 34048, 1, 0, 0
49036, 15375, 0, 0, 0
49036, 34338, 1, 0, 0
50036, 15616, 0, 0, 0
50036, 37632, 1, 0, 0
51036, 15375, 0, 0, 0
51036, 34850, 1, 0, 0
52036, 13568, 0, 0, 0
52036, 32256, 1, 0, 0
53036, 14606, 0, 0, 0
53036, 35107, 1, 0, 0
54036, 14080, 0, 0, 0
54036, 37632, 1, 0, 0
55036, 11531, 0, 0, 0
55036, 35363, 1, 0, 0
56036, 9472, 0, 0, 0
56036, 32256, 1, 0, 0
57036, 7687, 0, 0, 0
57036, 33313, 1, 0, 0
58036, 9472, 0, 0, 0
58036, 30464, 1, 0, 0
59036, 10506, 0, 0, 0
59036, 36900, 1, 0, 0
60036, 12288, 0, 0, 0
60036, 33536, 1, 0, 0
61036, 12044, 0, 0, 0
61036, 38182, 1, 0, 0
62036, 12032, 0, 0, 0
62036, 36608, 1, 0, 0
63036, 13837, 0, 0, 0
63036, 31007, 1, 0, 0
64036, 13056, 0, 0, 0
64036, 35328, 1, 0, 0
65036, 13069, 0, 0, 0
65036, 35107, 1, 0, 0
66036, 17152, 0, 0, 0
66036, 35328, 1, 0, 0
67036, 16400, 0, 0, 0
67036, 36900, 1, 0, 0
68036, 15616, 0, 0, 0
68036, 32768, 1, 0, 0
69036, 14350, 0, 0, 0
69036, 36388, 1, 0, 0
70036, 14336, 0, 0, 0
70036, 32768, 1, 0, 0
71036, 14094, 0, 0, 0
71036, 35875, 1, 0, 0
72037, 13568, 0, 0, 0
72037, 35584, 1, 0, 0
73036, 12812, 0, 0, 0
73036, 36900, 1, 0, 0
74037, 14848, 0, 0, 0
74037, 38144, 1, 0, 0
75036, 14862, 0, 0, 0
75036, 36644, 1, 0, 0
76037, 11776, 0, 0, 0
76037, 32512, 1, 0, 0
77036, 13837, 0, 0, 0
77036, 32800, 1, 0, 0
78036, 14336, 0, 0, 0
78036, 34816, 1, 0, 0
79036, 18194, 0, 0, 0
79036, 40232, 1, 0, 0
80036, 15616, 0, 0, 0
80036, 40704, 1, 0, 0
81036, 15375, 0, 0, 0
81036, 35875, 1, 0, 0
82036, 13312, 0, 0, 0
82036, 34560, 1, 0, 0
83036, 13069, 0, 0, 0
83036, 33825, 1, 0, 0
84036, 10752, 0, 0, 0
84036, 33280, 1, 0, 0
85037, 12800, 0, 0, 0
85037, 32768, 1, 0, 0
86036, 12812, 0, 0, 0
86036, 37925, 1, 0, 0
87037, 13568, 0, 0, 0
87037, 32512, 1, 0, 0
88036, 14094, 0, 0, 0
88036, 37413, 1, 0, 0
89036, 12544, 0, 0, 0
89036, 37632, 1, 0, 0
90036, 13837, 0, 0, 0
90036, 35619, 1, 0, 0
91036, 14848, 0, 0, 0
91036, 36096, 1, 0, 0
92036, 12044, 0, 0, 0
92036, 31519, 1, 0, 0
93036, 16896, 0, 0, 0
93036, 35584, 1, 0, 0
94036, 18194, 0, 0, 0
94036, 38438, 1, 0, 0
95036, 17920, 0, 0, 0
95036, 35584, 1, 0, 0
96036, 15119, 0, 0, 0
96036, 32544, 1, 0, 0
97036, 16128, 0, 0, 0
97036, 34304, 1, 0, 0
98037, 18432, 0, 0, 0
98037, 42240, 1, 0, 0
99036, 14862, 0, 0, 0
99036, 36644, 1, 0, 0
100037, 13568, 0, 0, 0
100037, 34304, 1, 0, 0
101036, 17681, 0, 0, 0
101036, 39719, 1, 0, 0
102037, 15360, 0, 0, 0
102037, 35584, 1, 0, 0
103036, 17425, 0, 0, 0
103036, 37413, 1, 0, 0
104037, 14592, 0, 0, 0
104037, 32512, 1, 0, 0
105036, 14094, 0, 0, 0
105036, 33313, 1, 0, 0
106036, 14592, 0, 0, 0
106036, 30976, 1, 0, 0
107036, 14094, 0, 0, 0
107036, 32288, 1, 0, 0
108036, 15360, 0, 0, 0
108036, 33280, 1, 0, 0
109036, 16400, 0, 0, 0
109036, 32800, 1, 0, 0
110036, 15616, 0, 0, 0
110036, 33280, 1, 0, 0
111036, 17425, 0, 0, 0
111036, 37669, 1, 0, 0
112036, 15872, 0, 0, 0
112036, 32000, 1, 0, 0
113036, 16144, 0, 0, 0
113036, 35363, 1, 0, 0
114036, 14080, 0, 0, 0
114036, 28928, 1, 0, 0
115036, 15631, 0, 0, 0
115036, 34082, 1, 0, 0
116036, 14336, 0, 0, 0
116036, 34304, 1, 0, 0
117036, 15887, 0, 0, 0
117036, 29725, 1, 0, 0
118036, 17152, 0, 0, 0
118036, 38656, 1, 0, 0
119036, 17425, 0, 0, 0
119036, 34082, 1, 0, 0
120036, 16896, 0, 0, 0
120036, 35072, 1, 0, 0
121036, 14606, 0, 0, 0
121036, 30494, 1, 0, 0
122036, 12032, 0, 0, 0
122036, 29696, 1, 0, 0
123036, 14094, 0, 0, 0
123036, 34594, 1, 0, 0
124036, 13824, 0, 0, 0
124036, 28160, 1, 0, 0
125037, 13824, 0, 0, 0
125037, 31744, 1, 0, 0
126036, 14862, 0, 0, 0
126036, 30238, 1, 0, 0
127037, 16384, 0, 0, 0
127037, 30208, 1, 0, 0
128036, 14094, 0, 0, 0
128036, 29213, 1, 0, 0
129037, 17664, 0, 0, 0
129037, 32000, 1, 0, 0
130036, 18450, 0, 0, 0
130036, 34850, 1, 0, 0
131037, 13824, 0, 0, 0
131037, 28416, 1, 0, 0
132036, 18962, 0, 0, 0
132036, 34594, 1, 0, 0
133037, 13312, 0, 0, 0
133037, 28672, 1, 0, 0
134036, 18194, 0, 0, 0
134036, 35107, 1, 0, 0
135036, 16896, 0, 0, 0
135036, 34560, 1, 0, 0
136036, 15119, 0, 0, 0
136036, 29725, 1, 0, 0
137036, 15616, 0, 0, 0
137036, 29184, 1, 0, 0
138036, 18450, 0, 0, 0
138036, 29725, 1, 0, 0
139036, 17664, 0, 0, 0
139036, 31232, 1, 0, 0
140036, 17681, 0, 0, 0
140036, 31263, 1, 0, 0
141036, 19200, 0, 0, 0
141036, 29952, 1, 0, 0
142036, 16656, 0, 0, 0
142036, 31775, 1, 0, 0
143036, 17408, 0, 0, 0
143036, 28672, 1, 0, 0
144036, 16656, 0, 0, 0
144036, 31263, 1, 0, 0
145036, 16384, 0, 0, 0
145036, 28672, 1, 0, 0
146036, 18706, 0, 0, 0
146036, 31519, 1, 0, 0
147036, 19712, 0, 0, 0
147036, 34816, 1, 0, 0
148037, 16896, 0, 0, 0
148037, 29696, 1, 0, 0
149036, 16144, 0, 0, 0
149036, 31519, 1, 0, 0
150037, 18944, 0, 0, 0
150037, 35584, 1, 0, 0
151036, 15631, 0, 0, 0
151036, 29981, 1, 0, 0
152037, 14848, 0, 0, 0
152037, 29952, 1, 0, 0
153036, 14350, 0, 0, 0
153036, 31007, 1, 0, 0
154037, 15104, 0, 0, 0
154037, 33280, 1, 0, 0
155036, 13325, 0, 0, 0
155036, 31263, 1, 0, 0
156036, 13312, 0, 0, 0
156036, 33536, 1, 0, 0
157036, 13069, 0, 0, 0
157036, 28956, 1, 0, 0
158037, 14848, 0, 0, 0
158037, 32000, 1, 0, 0
159036, 12556, 0, 0, 0
159036, 29469, 1, 0, 0
160036, 14080, 0, 0, 0
160036, 32256, 1, 0, 0
161036, 13837, 0, 0, 0
161036, 31007, 1, 0, 0
162036, 18688, 0, 0, 0
162036, 34560, 1, 0, 0
163036, 16144, 0, 0, 0
163036, 29725, 1, 0, 0
164036, 17664, 0, 0, 0
164036, 30720, 1, 0, 0
165036, 19219, 0, 0, 0
165036, 32032, 1, 0, 0
166036, 16128, 0, 0, 0
166036, 29952, 1, 0, 0
167036, 19219, 0, 0, 0
167036, 34850, 1, 0, 0
168036, 16384, 0, 0, 0
168036, 29952, 1, 0, 0
169036, 16400, 0, 0, 0
169036, 33569, 1, 0, 0
170036, 16384, 0, 0, 0
170036, 32000, 1, 0, 0
171036, 16912, 0, 0, 0
171036, 31775, 1, 0, 0
172036, 15104, 0, 0, 0
172036, 28928, 1, 0, 0
173036, 16912, 0, 0, 0
173036, 31775, 1, 0, 0
174036, 15360, 0, 0, 0
174036, 29440, 1, 0, 0
175037, 14592, 0, 0, 0
175037, 31232, 1, 0, 0
176036, 12300, 0, 0, 0
176036, 28188, 1, 0, 0
177037, 15872, 0, 0, 0
177037, 30464, 1, 0, 0
178036, 14862, 0, 0, 0
178036, 33057, 1, 0, 0
179037, 11520, 0, 0, 0
179037, 25344, 1, 0, 0
