4002, 4347, 0, 0, 0
4002, 20715, 1, 0, 0
5003, 6905, 0, 0, 0
5003, 25830, 1, 0, 0
6003, 16640, 0, 0, 0
6003, 24064, 1, 0, 0
7004, 22272, 0, 0, 0
7004, 29440, 1, 0, 0
8003, 17681, 0, 0, 0
8003, 26138, 1, 0, 0
9002, 15119, 0, 0, 0
9002, 25113, 1, 0, 0
10001, 18706, 0, 0, 0
10001, 29725, 1, 0, 0
11000, 20756, 0, 0, 0
11000, 29469, 1, 0, 0
11999, 20500, 0, 0, 0
11999, 32800, 1, 0, 0
13000, 18669, 0, 0, 0
13000, 30433, 1, 0, 0
13999, 17681, 0, 0, 0
13999, 31007, 1, 0, 0
14999, 15887, 0, 0, 0
14999, 29981, 1, 0, 0
15998, 14094, 0, 0, 0
15998, 28700, 1, 0, 0
16997, 20500, 0, 0, 0
16997, 33825, 1, 0, 0
17998, 14848, 0, 0, 0
17998, 26368, 1, 0, 0
18999, 14321, 0, 0, 0
18999, 25830, 1, 0, 0
19998, 15375, 0, 0, 0
19998, 29213, 1, 0, 0
20999, 12800, 0, 0, 0
20999, 28672, 1, 0, 0
22000, 19712, 0, 0, 0
22000, 29952, 1, 0, 0
22999, 19731, 0, 0, 0
22999, 30494, 1, 0, 0
24000, 19456, 0, 0, 0
24000, 31744, 1, 0, 0
25001, 20992, 0, 0, 0
25001, 31744, 1, 0, 0
26002, 20224, 0, 0, 0
26002, 33280, 1, 0, 0
27003, 18688, 0, 0, 0
27003, 30976, 1, 0, 0
28003, 20224, 0, 0, 0
28003, 32256, 1, 0, 0
29003, 17937, 0, 0, 0
29003, 25369, 1, 0, 0
30003, 19987, 0, 0, 0
30003, 29981, 1, 0, 0
31004, 18688, 0, 0, 0
31004, 29440, 1, 0, 0
32004, 20500, 0, 0, 0
32004, 25369, 1, 0, 0
33003, 21781, 0, 0, 0
33003, 31263, 1, 0, 0
34003, 20500, 0, 0, 0
34003, 28956, 1, 0, 0
35004, 21248, 0, 0, 0
35004, 24576, 1, 0, 0
36004, 26650, 0, 0, 0
36004, 29469, 1, 0, 0
37003, 24344, 0, 0, 0
37003, 33569, 1, 0, 0
38004, 23296, 0, 0, 0
38004, 28672, 1, 0, 0
39004, 30750, 0, 0, 0
39004, 27163, 1, 0, 0
40003, 24088, 0, 0, 0
40003, 31519, 1, 0, 0
41004, 23808, 0, 0, 0
41004, 28928, 1, 0, 0
42004, 26906, 0, 0, 0
42004, 30750, 1, 0, 0
43003, 23063, 0, 0, 0
43003, 30750, 1, 0, 0
44004, 20480, 0, 0, 0
44004, 32512, 1, 0, 0
45003, 17937, 0, 0, 0
45003, 27675, 1, 0, 0
46003, 20500, 0, 0, 0
46003, 31007, 1, 0, 0
47003, 21504, 0, 0, 0
47003, 30464, 1, 0, 0
48004, 17408, 0, 0, 0
48004, 26624, 1, 0, 0
49003, 19987, 0, 0, 0
49003, 29213, 1, 0, 0
50004, 19200, 0, 0, 0
50004, 31488, 1, 0, 0
51003, 16400, 0, 0, 0
51003, 31519, 1, 0, 0
52004, 16640, 0, 0, 0
52004, 27648, 1, 0, 0
53003, 16656, 0, 0, 0
53003, 29469, 1, 0, 0
54004, 18432, 0, 0, 0
54004, 31488, 1, 0, 0
55003, 19987, 0, 0, 0
55003, 29981, 1, 0, 0
56004, 16640, 0, 0, 0
56004, 25856, 1, 0, 0
57003, 18194, 0, 0, 0
57003, 28956, 1, 0, 0
58004, 20736, 0, 0, 0
58004, 29440, 1, 0, 0
59003, 13837, 0, 0, 0
59003, 25881, 1, 0, 0
60004, 18432, 0, 0, 0
60004, 29184, 1, 0, 0
61003, 18962, 0, 0, 0
61003, 32544, 1, 0, 0
62004, 17152, 0, 0, 0
62004, 30208, 1, 0, 0
63003, 17681, 0, 0, 0
63003, 29981, 1, 0, 0
64004, 15104, 0, 0, 0
64004, 32768, 1, 0, 0
65003, 15375, 0, 0, 0
65003, 27931, 1, 0, 0
66004, 17408, 0, 0, 0
66004, 31488, 1, 0, 0
67003, 15119, 0, 0, 0
67003, 28956, 1, 0, 0
68004, 19200, 0, 0, 0
68004, 31232, 1, 0, 0
69003, 19731, 0, 0, 0
69003, 34594, 1, 0, 0
70004, 17920, 0, 0, 0
70004, 32000, 1, 0, 0
71003, 17425, 0, 0, 0
71003, 27163, 1, 0, 0
72004, 19456, 0, 0, 0
72004, 30976, 1, 0, 0
73003, 18706, 0, 0, 0
73003, 27163, 1, 0, 0
74004, 19712, 0, 0, 0
74004, 30464, 1, 0, 0
75003, 19475, 0, 0, 0
75003, 28188, 1, 0, 0
76004, 19968, 0, 0, 0
76004, 30976, 1, 0, 0
77003, 24856, 0, 0, 0
77003, 30750, 1, 0, 0
78004, 26624, 0, 0, 0
78004, 32512, 1, 0, 0
79003, 29981, 0, 0, 0
79003, 35619, 1, 0, 0
80004, 31488, 0, 0, 0
80004, 33792, 1, 0, 0
81003, 26906, 0, 0, 0
81003, 27163, 1, 0, 0
82004, 33024, 0, 0, 0
82004, 33280, 1, 0, 0
83003, 28444, 0, 0, 0
83003, 31519, 1, 0, 0
84004, 29696, 0, 0, 0
84004, 32512, 1, 0, 0
85004, 22784, 0, 0, 0
85004, 26112, 1, 0, 0
86004, 30238, 0, 0, 0
86004, 35107, 1, 0, 0
87004, 28416, 0, 0, 0
87004, 33536, 1, 0, 0
88003, 31007, 0, 0, 0
88003, 31007, 1, 0, 0
89004, 28672, 0, 0, 0
89004, 35328, 1, 0, 0
90003, 34850, 0, 0, 0
90003, 34594, 1, 0, 0
91004, 28672, 0, 0, 0
91004, 31744, 1, 0, 0
92003, 31263, 0, 0, 0
92003, 31263, 1, 0, 0
93004, 26112, 0, 0, 0
93004, 28928, 1, 0, 0
94003, 29469, 0, 0, 0
94003, 30238, 1, 0, 0
95004, 31232, 0, 0, 0
95004, 32000, 1, 0, 0
96003, 28444, 0, 0, 0
96003, 33057, 1, 0, 0
97004, 23552, 0, 0, 0
97004, 31488, 1, 0, 0
98004, 32256, 0, 0, 0
98004, 32256, 1, 0, 0
99004, 24856, 0, 0, 0
99004, 30750, 1, 0, 0
100004, 26112, 0, 0, 0
100004, 32256, 1, 0, 0
101004, 28188, 0, 0, 0
101004, 31519, 1, 0, 0
102004, 22016, 0, 0, 0
102004, 27648, 1, 0, 0
103003, 24088, 0, 0, 0
103003, 31263, 1, 0, 0
104004, 26368, 0, 0, 0
104004, 34304, 1, 0, 0
105003, 25625, 0, 0, 0
105003, 31775, 1, 0, 0
106004, 21760, 0, 0, 0
106004, 32000, 1, 0, 0
107003, 23063, 0, 0, 0
107003, 31519, 1, 0, 0
108004, 18688, 0, 0, 0
108004, 28416, 1, 0, 0
109003, 21013, 0, 0, 0
109003, 27931, 1, 0, 0
110004, 19456, 0, 0, 0
110004, 27904, 1, 0, 0
111003, 21013, 0, 0, 0
111003, 27931, 1, 0, 0
112004, 22528, 0, 0, 0
112004, 32768, 1, 0, 0
113003, 23575, 0, 0, 0
113003, 30238, 1, 0, 0
114004, 23808, 0, 0, 0
114004, 28672, 1, 0, 0
115003, 23831, 0, 0, 0
115003, 32288, 1, 0, 0
116004, 24064, 0, 0, 0
116004, 30720, 1, 0, 0
117003, 21269, 0, 0, 0
117003, 29469, 1, 0, 0
118004, 23808, 0, 0, 0
118004, 33024, 1, 0, 0
119003, 25881, 0, 0, 0
119003, 27419, 1, 0, 0
120004, 25344, 0, 0, 0
120004, 34304, 1, 0, 0
121003, 24600, 0, 0, 0
121003, 29469, 1, 0, 0
122004, 22272, 0, 0, 0
122004, 31488, 1, 0, 0
123003, 22294, 0, 0, 0
123003, 29725, 1, 0, 0
124004, 21504, 0, 0, 0
124004, 27648, 1, 0, 0
125004, 20480, 0, 0, 0
125004, 28928, 1, 0, 0
126004, 19987, 0, 0, 0
126004, 29213, 1, 0, 0
127004, 18688, 0, 0, 0
127004, 30208, 1, 0, 0
128004, 17681, 0, 0, 0
128004, 27419, 1, 0, 0
129004, 17152, 0, 0, 0
129004, 29696, 1, 0, 0
130004, 15119, 0, 0, 0
130004, 27419, 1, 0, 0
131004, 16896, 0, 0, 0
131004, 29696, 1, 0, 0
132003, 14606, 0, 0, 0
132003, 25369, 1, 0, 0
133004, 16128, 0, 0, 0
133004, 26624, 1, 0, 0
134003, 15375, 0, 0, 0
134003, 28956, 1, 0, 0
135004, 15872, 0, 0, 0
135004, 29952, 1, 0, 0
136003, 16144, 0, 0, 0
136003, 29213, 1, 0, 0
137004, 12544, 0, 0, 0
137004, 28416, 1, 0, 0
138003, 12812, 0, 0, 0
138003, 23575, 1, 0, 0
139004, 17408, 0, 0, 0
139004, 31232, 1, 0, 0
140003, 15887, 0, 0, 0
140003, 28444, 1, 0, 0
141004, 15360, 0, 0, 0
141004, 32768, 1, 0, 0
142003, 17681, 0, 0, 0
142003, 29725, 1, 0, 0
143004, 15360, 0, 0, 0
143004, 30464, 1, 0, 0
144003, 12300, 0, 0, 0
144003, 24344, 1, 0, 0
145004, 14592, 0, 0, 0
145004, 25856, 1, 0, 0
146003, 14606, 0, 0, 0
146003, 27163, 1, 0, 0
147004, 14592, 0, 0, 0
147004, 24576, 1, 0, 0
148004, 17664, 0, 0, 0
148004, 30976, 1, 0, 0
149004, 13837, 0, 0, 0
149004, 26906, 1, 0, 0
150004, 17408, 0, 0, 0
150004, 29440, 1, 0, 0
151003, 14094, 0, 0, 0
151003, 27419, 1, 0, 0
152004, 16128, 0, 0, 0
152004, 28416, 1, 0, 0
153004, 17169, 0, 0, 0
153004, 31519, 1, 0, 0
154004, 13056, 0, 0, 0
154004, 24064, 1, 0, 0
155003, 14862, 0, 0, 0
155003, 27419, 1, 0, 0
156004, 17664, 0, 0, 0
156004, 30208, 1, 0, 0
157003, 16400, 0, 0, 0
157003, 32800, 1, 0, 0
158004, 15360, 0, 0, 0
158004, 29952, 1, 0, 0
159003, 17681, 0, 0, 0
159003, 30494, 1, 0, 0
160004, 13824, 0, 0, 0
160004, 30208, 1, 0, 0
161003, 14094, 0, 0, 0
161003, 28700, 1, 0, 0
162004, 14592, 0, 0, 0
162004, 27136, 1, 0, 0
163003, 11275, 0, 0, 0
163003, 28444, 1, 0, 0
164004, 17664, 0, 0, 0
164004, 27904, 1, 0, 0
165003, 13837, 0, 0, 0
165003, 28956, 1, 0, 0
166004, 13824, 0, 0, 0
166004, 25856, 1, 0, 0
167003, 13581, 0, 0, 0
167003, 26650, 1, 0, 0
168004, 14848, 0, 0, 0
168004, 26880, 1, 0, 0
169003, 15375, 0, 0, 0
169003, 32544, 1, 0, 0
170004, 14080, 0, 0, 0
170004, 24832, 1, 0, 0
171003, 13837, 0, 0, 0
171003, 25881, 1, 0, 0
172004, 14336, 0, 0, 0
172004, 27136, 1, 0, 0
173003, 13069, 0, 0, 0
173003, 28956, 1, 0, 0
174004, 13824, 0, 0, 0
174004, 31232, 1, 0, 0
175004, 15616, 0, 0, 0
175004, 31232, 1, 0, 0
176004, 14862, 0, 0, 0
176004, 27163, 1, 0, 0
177004, 14336, 0, 0, 0
177004, 28160, 1, 0, 0
178004, 14862, 0, 0, 0
178004, 28444, 1, 0, 0
179004, 15360, 0, 0, 0
179004, 30720, 1, 0, 0
