4000, 13581, 0, 0, 0
4000, 41769, 1, 0, 0
4999, 17937, 0, 0, 0
4999, 31007, 1, 0, 0
5998, 18706, 0, 0, 0
5998, 25369, 1, 0, 0
6997, 15375, 0, 0, 0
6997, 27675, 1, 0, 0
7999, 19692, 0, 0, 0
7999, 30689, 1, 0, 0
9000, 16367, 0, 0, 0
9000, 35292, 1, 0, 0
10001, 7928, 0, 0, 0
10001, 25830, 1, 0, 0
11002, 13042, 0, 0, 0
11002, 38361, 1, 0, 0
12003, 14065, 0, 0, 0
12003, 30945, 1, 0, 0
13004, 16384, 0, 0, 0
13004, 34048, 1, 0, 0
14005, 17134, 0, 0, 0
14005, 34525, 1, 0, 0
15007, 20459, 0, 0, 0
15007, 40407, 1, 0, 0
16008, 12275, 0, 0, 0
16008, 27620, 1, 0, 0
17009, 13298, 0, 0, 0
17009, 28643, 1, 0, 0
18010, 16128, 0, 0, 0
18010, 29952, 1, 0, 0
19011, 15360, 0, 0, 0
19011, 35584, 1, 0, 0
20012, 12275, 0, 0, 0
20012, 32735, 1, 0, 0
21013, 11764, 0, 0, 0
21013, 32223, 1, 0, 0
22014, 13056, 0, 0, 0
22014, 29184, 1, 0, 0
23015, 13042, 0, 0, 0
23015, 29922, 1, 0, 0
24016, 15360, 0, 0, 0
24016, 32000, 1, 0, 0
25017, 20224, 0, 0, 0
25017, 35584, 1, 0, 0
26018, 20480, 0, 0, 0
26018, 37376, 1, 0, 0
27019, 16128, 0, 0, 0
27019, 32512, 1, 0, 0
28020, 14592, 0, 0, 0
28020, 30208, 1, 0, 0
29020, 17664, 0, 0, 0
29020, 33280, 1, 0, 0
30021, 20736, 0, 0, 0
30021, 35840, 1, 0, 0
31022, 25088, 0, 0, 0
31022, 33536, 1, 0, 0
32022, 27675, 0, 0, 0
32022, 36388, 1, 0, 0
33022, 22550, 0, 0, 0
33022, 31263, 1, 0, 0
34021, 19475, 0, 0, 0
34021, 31775, 1, 0, 0
35022, 22016, 0, 0, 0
35022, 38912, 1, 0, 0
36022, 23063, 0, 0, 0
36022, 41513, 1, 0, 0
37022, 17425, 0, 0, 0
37022, 35107, 1, 0, 0
38022, 16128, 0, 0, 0
38022, 32256, 1, 0, 0
39022, 19987, 0, 0, 0
39022, 39975, 1, 0, 0
40022, 17937, 0, 0, 0
40022, 37157, 1, 0, 0
41022, 18176, 0, 0, 0
41022, 39680, 1, 0, 0
42022, 20500, 0, 0, 0
42022, 39463, 1, 0, 0
43021, 20756, 0, 0, 0
43021, 41001, 1, 0, 0
44022, 20480, 0, 0, 0
44022, 37376, 1, 0, 0
45021, 16144, 0, 0, 0
45021, 33569, 1, 0, 0
46021, 18450, 0, 0, 0
46021, 38438, 1, 0, 0
47022, 19456, 0, 0, 0
47022, 38912, 1, 0, 0
48022, 16896, 0, 0, 0
48022, 40448, 1, 0, 0
49022, 15887, 0, 0, 0
49022, 42538, 1, 0, 0
50022, 15360, 0, 0, 0
50022, 38144, 1, 0, 0
51022, 15631, 0, 0, 0
51022, 38438, 1, 0, 0
52022, 18432, 0, 0, 0
52022, 43776, 1, 0, 0
53022, 17425, 0, 0, 0
53022, 39207, 1, 0, 0
54022, 19712, 0, 0, 0
54022, 47360, 1, 0, 0
55022, 19987, 0, 0, 0
55022, 41257, 1, 0, 0
56022, 28416, 0, 0, 0
56022, 39424, 1, 0, 0
57022, 24600, 0, 0, 0
57022, 36644, 1, 0, 0
58022, 25344, 0, 0, 0
58022, 36864, 1, 0, 0
59021, 25625, 0, 0, 0
59021, 34338, 1, 0, 0
60022, 31488, 0, 0, 0
60022, 40704, 1, 0, 0
61021, 25881, 0, 0, 0
61021, 37925, 1, 0, 0
62022, 24832, 0, 0, 0
62022, 36608, 1, 0, 0
63021, 22294, 0, 0, 0
63021, 37413, 1, 0, 0
64022, 18688, 0, 0, 0
64022, 31744, 1, 0, 0
65022, 20244, 0, 0, 0
65022, 36900, 1, 0, 0
66022, 19200, 0, 0, 0
66022, 35840, 1, 0, 0
67022, 18962, 0, 0, 0
67022, 34594, 1, 0, 0
68022, 24832, 0, 0, 0
68022, 38144, 1, 0, 0
69021, 19475, 0, 0, 0
69021, 33825, 1, 0, 0
70022, 26112, 0, 0, 0
70022, 35840, 1, 0, 0
71021, 27675, 0, 0, 0
71021, 38182, 1, 0, 0
72022, 26624, 0, 0, 0
72022, 36864, 1, 0, 0
73022, 21269, 0, 0, 0
73022, 32288, 1, 0, 0
74022, 22272, 0, 0, 0
74022, 34560, 1, 0, 0
75022, 27163, 0, 0, 0
75022, 39463, 1, 0, 0
76022, 24832, 0, 0, 0
76022, 37632, 1, 0, 0
77022, 21013, 0, 0, 0
77022, 32544, 1, 0, 0
78022, 24576, 0, 0, 0
78022, 39168, 1, 0, 0
79021, 23319, 0, 0, 0
79021, 38182, 1, 0, 0
80022, 28416, 0, 0, 0
80022, 39424, 1, 0, 0
81021, 24344, 0, 0, 0
81021, 33825, 1, 0, 0
82022, 24576, 0, 0, 0
82022, 32256, 1, 0, 0
83021, 27675, 0, 0, 0
83021, 36900, 1, 0, 0
84022, 24832, 0, 0, 0
84022, 37888, 1, 0, 0
85022, 26112, 0, 0, 0
85022, 34816, 1, 0, 0
86022, 22038, 0, 0, 0
86022, 29469, 1, 0, 0
87022, 23808, 0, 0, 0
87022, 34304, 1, 0, 0
88022, 25625, 0, 0, 0
88022, 39463, 1, 0, 0
89022, 24576, 0, 0, 0
89022, 33792, 1, 0, 0
90022, 31263, 0, 0, 0
90022, 46638, 1, 0, 0
91022, 23040, 0, 0, 0
91022, 34304, 1, 0, 0
92021, 22038, 0, 0, 0
92021, 32032, 1, 0, 0
93022, 28672, 0, 0, 0
93022, 43264, 1, 0, 0
94021, 26906, 0, 0, 0
94021, 40488, 1, 0, 0
95022, 23552, 0, 0, 0
95022, 36096, 1, 0, 0
96021, 21269, 0, 0, 0
96021, 35107, 1, 0, 0
97022, 26112, 0, 0, 0
97022, 38656, 1, 0, 0
98022, 26368, 0, 0, 0
98022, 43776, 1, 0, 0
99022, 20756, 0, 0, 0
99022, 35363, 1, 0, 0
100022, 24576, 0, 0, 0
100022, 40192, 1, 0, 0
101022, 18194, 0, 0, 0
101022, 32032, 1, 0, 0
102022, 19712, 0, 0, 0
102022, 34304, 1, 0, 0
103022, 18450, 0, 0, 0
103022, 33569, 1, 0, 0
104022, 18688, 0, 0, 0
104022, 35328, 1, 0, 0
105022, 19731, 0, 0, 0
105022, 37669, 1, 0, 0
106022, 17152, 0, 0, 0
106022, 35072, 1, 0, 0
107022, 17169, 0, 0, 0
107022, 37669, 1, 0, 0
108022, 18176, 0, 0, 0
108022, 38912, 1, 0, 0
109021, 17681, 0, 0, 0
109021, 38182, 1, 0, 0
110022, 16896, 0, 0, 0
110022, 39680, 1, 0, 0
111021, 17937, 0, 0, 0
111021, 40232, 1, 0, 0
112022, 16384, 0, 0, 0
112022, 38144, 1, 0, 0
113021, 15631, 0, 0, 0
113021, 34338, 1, 0, 0
114022, 17664, 0, 0, 0
114022, 40192, 1, 0, 0
115022, 18450, 0, 0, 0
115022, 41513, 1, 0, 0
116022, 19200, 0, 0, 0
116022, 40960, 1, 0, 0
117021, 19731, 0, 0, 0
117021, 39463, 1, 0, 0
118022, 19200, 0, 0, 0
118022, 39424, 1, 0, 0
119021, 17425, 0, 0, 0
119021, 39719, 1, 0, 0
120022, 17664, 0, 0, 0
120022, 38656, 1, 0, 0
121021, 18962, 0, 0, 0
121021, 43051, 1, 0, 0
122022, 17408, 0, 0, 0
122022, 40704, 1, 0, 0
123021, 14350, 0, 0, 0
123021, 40488, 1, 0, 0
124022, 13312, 0, 0, 0
124022, 29184, 1, 0, 0
125022, 16384, 0, 0, 0
125022, 40960, 1, 0, 0
126022, 16144, 0, 0, 0
126022, 39975, 1, 0, 0
127022, 15616, 0, 0, 0
127022, 35840, 1, 0, 0
128022, 16144, 0, 0, 0
128022, 35619, 1, 0, 0
129022, 14080, 0, 0, 0
129022, 34560, 1, 0, 0
130022, 24856, 0, 0, 0
130022, 42282, 1, 0, 0
131022, 20736, 0, 0, 0
131022, 38656, 1, 0, 0
132022, 22806, 0, 0, 0
132022, 38950, 1, 0, 0
133022, 22784, 0, 0, 0
133022, 38144, 1, 0, 0
134022, 23831, 0, 0, 0
134022, 39975, 1, 0, 0
135022, 22784, 0, 0, 0
135022, 37888, 1, 0, 0
136022, 26906, 0, 0, 0
136022, 43819, 1, 0, 0
137022, 16896, 0, 0, 0
137022, 33792, 1, 0, 0
138022, 22806, 0, 0, 0
138022, 33825, 1, 0, 0
139022, 19968, 0, 0, 0
139022, 36608, 1, 0, 0
140021, 23575, 0, 0, 0
140021, 40488, 1, 0, 0
141022, 22528, 0, 0, 0
141022, 35840, 1, 0, 0
142021, 23575, 0, 0, 0
142021, 37413, 1, 0, 0
143022, 22528, 0, 0, 0
143022, 37888, 1, 0, 0
144021, 26138, 0, 0, 0
144021, 33057, 1, 0, 0
145022, 20992, 0, 0, 0
145022, 31744, 1, 0, 0
146021, 23575, 0, 0, 0
146021, 36644, 1, 0, 0
147022, 20736, 0, 0, 0
147022, 33792, 1, 0, 0
148022, 19712, 0, 0, 0
148022, 33280, 1, 0, 0
149022, 26138, 0, 0, 0
149022, 38694, 1, 0, 0
150022, 26624, 0, 0, 0
150022, 41216, 1, 0, 0
151022, 21525, 0, 0, 0
151022, 35107, 1, 0, 0
152022, 17408, 0, 0, 0
152022, 26880, 1, 0, 0
153022, 21013, 0, 0, 0
153022, 32288, 1, 0, 0
154022, 21248, 0, 0, 0
154022, 29184, 1, 0, 0
155022, 24088, 0, 0, 0
155022, 33313, 1, 0, 0
156022, 29440, 0, 0, 0
156022, 40960, 1, 0, 0
157022, 24856, 0, 0, 0
157022, 37157, 1, 0, 0
158022, 25344, 0, 0, 0
158022, 37120, 1, 0, 0
159022, 25369, 0, 0, 0
159022, 36900, 1, 0, 0
160022, 22528, 0, 0, 0
160022, 30976, 1, 0, 0
161022, 21269, 0, 0, 0
161022, 37157, 1, 0, 0
162022, 20992, 0, 0, 0
162022, 34816, 1, 0, 0
163022, 22550, 0, 0, 0
163022, 35107, 1, 0, 0
164022, 21504, 0, 0, 0
164022, 34816, 1, 0, 0
165022, 22294, 0, 0, 0
165022, 35363, 1, 0, 0
166022, 19456, 0, 0, 0
166022, 32256, 1, 0, 0
167022, 18962, 0, 0, 0
167022, 33313, 1, 0, 0
168022, 21248, 0, 0, 0
168022, 35584, 1, 0, 0
169021, 19987, 0, 0, 0
169021, 33825, 1, 0, 0
170022, 24576, 0, 0, 0
170022, 38400, 1, 0, 0
171021, 23319, 0, 0, 0
171021, 41001, 1, 0, 0
172022, 21248, 0, 0, 0
172022, 34048, 1, 0, 0
173021, 23575, 0, 0, 0
173021, 39207, 1, 0, 0
174022, 22016, 0, 0, 0
174022, 37632, 1, 0, 0
175022, 20480, 0, 0, 0
175022, 36608, 1, 0, 0
176022, 23319, 0, 0, 0
176022, 38950, 1, 0, 0
177022, 21504, 0, 0, 0
177022, 36864, 1, 0, 0
178022, 22550, 0, 0, 0
178022, 37157, 1, 0, 0
179022, 23552, 0, 0, 0
179022, 41728, 1, 0, 0
