4002, 22528, 0, 0, 0
4002, 59648, 1, 0, 0
5002, 19712, 0, 0, 0
5002, 29952, 1, 0, 0
6004, 13042, 0, 0, 0
6004, 24807, 1, 0, 0
7005, 9718, 0, 0, 0
7005, 29666, 1, 0, 0
8006, 15856, 0, 0, 0
8006, 32735, 1, 0, 0
9007, 15344, 0, 0, 0
9007, 30433, 1, 0, 0
10008, 20715, 0, 0, 0
10008, 32991, 1, 0, 0
11010, 18157, 0, 0, 0
11010, 31968, 1, 0, 0
12011, 20203, 0, 0, 0
12011, 33246, 1, 0, 0
13012, 19692, 0, 0, 0
13012, 28899, 1, 0, 0
14013, 17390, 0, 0, 0
14013, 27108, 1, 0, 0
15014, 20715, 0, 0, 0
15014, 28899, 1, 0, 0
16015, 17134, 0, 0, 0
16015, 28131, 1, 0, 0
17017, 18157, 0, 0, 0
17017, 27620, 1, 0, 0
18017, 17152, 0, 0, 0
18017, 29184, 1, 0, 0
19018, 18176, 0, 0, 0
19018, 33280, 1, 0, 0
20019, 20971, 0, 0, 0
20019, 32223, 1, 0, 0
21020, 21994, 0, 0, 0
21020, 36315, 1, 0, 0
22021, 20224, 0, 0, 0
22021, 33792, 1, 0, 0
23022, 17134, 0, 0, 0
23022, 30433, 1, 0, 0
24023, 19200, 0, 0, 0
24023, 31488, 1, 0, 0
25024, 17920, 0, 0, 0
25024, 30464, 1, 0, 0
26025, 21248, 0, 0, 0
26025, 34816, 1, 0, 0
27026, 14848, 0, 0, 0
27026, 27904, 1, 0, 0
28027, 16384, 0, 0, 0
28027, 30976, 1, 0, 0
29028, 18432, 0, 0, 0
29028, 34816, 1, 0, 0
30028, 17664, 0, 0, 0
30028, 34304, 1, 0, 0
31029, 14336, 0, 0, 0
31029, 27392, 1, 0, 0
32030, 15104, 0, 0, 0
32030, 35072, 1, 0, 0
33031, 17920, 0, 0, 0
33031, 33280, 1, 0, 0
34032, 15616, 0, 0, 0
34032, 34304, 1, 0, 0
35032, 15360, 0, 0, 0
35032, 35072, 1, 0, 0
36033, 11776, 0, 0, 0
36033, 31744, 1, 0, 0
37034, 16640, 0, 0, 0
37034, 34304, 1, 0, 0
38035, 13824, 0, 0, 0
38035, 32256, 1, 0, 0
39035, 16128, 0, 0, 0
39035, 36096, 1, 0, 0
40036, 17920, 0, 0, 0
40036, 35072, 1, 0, 0
41036, 16384, 0, 0, 0
41036, 33280, 1, 0, 0
42037, 19200, 0, 0, 0
42037, 34048, 1, 0, 0
43038, 18176, 0, 0, 0
43038, 32512, 1, 0, 0
44038, 19200, 0, 0, 0
44038, 36352, 1, 0, 0
45039, 19712, 0, 0, 0
45039, 38400, 1, 0, 0
46039, 15104, 0, 0, 0
46039, 31744, 1, 0, 0
47040, 17664, 0, 0, 0
47040, 35840, 1, 0, 0
48040, 17408, 0, 0, 0
48040, 34560, 1, 0, 0
49040, 17425, 0, 0, 0
49040, 30494, 1, 0, 0
50041, 19456, 0, 0, 0
50041, 36864, 1, 0, 0
51040, 11787, 0, 0, 0
51040, 33057, 1, 0, 0
52041, 13312, 0, 0, 0
52041, 31232, 1, 0, 0
53040, 15375, 0, 0, 0
53040, 29213, 1, 0, 0
54041, 16896, 0, 0, 0
54041, 37376, 1, 0, 0
55040, 15119, 0, 0, 0
55040, 30750, 1, 0, 0
56040, 13312, 0, 0, 0
56040, 30464, 1, 0, 0
57040, 15119, 0, 0, 0
57040, 31775, 1, 0, 0
58040, 15616, 0, 0, 0
58040, 33280, 1, 0, 0
59040, 16912, 0, 0, 0
59040, 31519, 1, 0, 0
60040, 16896, 0, 0, 0
60040, 32512, 1, 0, 0
61040, 18194, 0, 0, 0
61040, 34338, 1, 0, 0
62040, 14336, 0, 0, 0
62040, 30976, 1, 0, 0
63040, 15119, 0, 0, 0
63040, 24088, 1, 0, 0
64041, 18688, 0, 0, 0
64041, 33792, 1, 0, 0
65040, 20500, 0, 0, 0
65040, 31519, 1, 0, 0
66041, 16384, 0, 0, 0
66041, 28416, 1, 0, 0
67040, 16656, 0, 0, 0
67040, 29469, 1, 0, 0
68040, 16128, 0, 0, 0
68040, 31488, 1, 0, 0
69040, 19987, 0, 0, 0
69040, 28444, 1, 0, 0
70040, 20224, 0, 0, 0
70040, 30464, 1, 0, 0
71040, 22038, 0, 0, 0
71040, 32288, 1, 0, 0
72041, 21248, 0, 0, 0
72041, 34304, 1, 0, 0
73040, 24600, 0, 0, 0
73040, 31775, 1, 0, 0
74041, 24576, 0, 0, 0
74041, 31488, 1, 0, 0
75040, 25625, 0, 0, 0
75040, 32544, 1, 0, 0
76041, 22784, 0, 0, 0
76041, 30208, 1, 0, 0
77040, 21013, 0, 0, 0
77040, 28956, 1, 0, 0
78040, 25088, 0, 0, 0
78040, 34816, 1, 0, 0
79040, 19987, 0, 0, 0
79040, 27675, 1, 0, 0
80040, 26368, 0, 0, 0
80040, 38144, 1, 0, 0
81040, 23319, 0, 0, 0
81040, 33313, 1, 0, 0
82040, 19968, 0, 0, 0
82040, 33792, 1, 0, 0
83040, 23063, 0, 0, 0
83040, 35619, 1, 0, 0
84040, 18432, 0, 0, 0
84040, 28928, 1, 0, 0
85041, 20736, 0, 0, 0
85041, 33536, 1, 0, 0
86040, 16656, 0, 0, 0
86040, 31775, 1, 0, 0
87041, 17664, 0, 0, 0
87041, 33024, 1, 0, 0
88040, 19475, 0, 0, 0
88040, 35363, 1, 0, 0
89041, 17664, 0, 0, 0
89041, 34560, 1, 0, 0
90040, 17937, 0, 0, 0
90040, 36900, 1, 0, 0
91040, 21248, 0, 0, 0
91040, 35840, 1, 0, 0
92040, 25881, 0, 0, 0
92040, 34338, 1, 0, 0
93040, 24576, 0, 0, 0
93040, 35840, 1, 0, 0
94040, 21525, 0, 0, 0
94040, 32544, 1, 0, 0
95040, 20224, 0, 0, 0
95040, 34048, 1, 0, 0
96040, 21269, 0, 0, 0
96040, 32032, 1, 0, 0
97040, 26624, 0, 0, 0
97040, 39168, 1, 0, 0
98041, 22016, 0, 0, 0
98041, 34048, 1, 0, 0
99040, 23575, 0, 0, 0
99040, 37413, 1, 0, 0
100041, 18688, 0, 0, 0
100041, 32512, 1, 0, 0
101040, 27419, 0, 0, 0
101040, 38182, 1, 0, 0
102041, 25856, 0, 0, 0
102041, 34560, 1, 0, 0
103040, 23831, 0, 0, 0
103040, 33569, 1, 0, 0
104041, 23552, 0, 0, 0
104041, 32768, 1, 0, 0
105040, 25881, 0, 0, 0
105040, 33569, 1, 0, 0
106041, 25856, 0, 0, 0
106041, 34816, 1, 0, 0
107040, 25113, 0, 0, 0
107040, 34338, 1, 0, 0
108040, 22784, 0, 0, 0
108040, 28672, 1, 0, 0
109040, 25369, 0, 0, 0
109040, 35875, 1, 0, 0
110040, 30464, 0, 0, 0
110040, 34304, 1, 0, 0
111040, 29469, 0, 0, 0
111040, 38182, 1, 0, 0
112040, 28160, 0, 0, 0
112040, 38400, 1, 0, 0
113040, 24344, 0, 0, 0
113040, 35107, 1, 0, 0
114040, 24064, 0, 0, 0
114040, 36352, 1, 0, 0
115040, 24856, 0, 0, 0
115040, 35107, 1, 0, 0
116040, 22272, 0, 0, 0
116040, 30464, 1, 0, 0
117040, 26650, 0, 0, 0
117040, 36388, 1, 0, 0
118040, 28160, 0, 0, 0
118040, 36352, 1, 0, 0
119040, 24856, 0, 0, 0
119040, 33825, 1, 0, 0
120040, 26624, 0, 0, 0
120040, 35840, 1, 0, 0
121040, 26138, 0, 0, 0
121040, 37925, 1, 0, 0
122040, 25344, 0, 0, 0
122040, 39424, 1, 0, 0
123040, 24600, 0, 0, 0
123040, 34850, 1, 0, 0
124040, 17920, 0, 0, 0
124040, 32256, 1, 0, 0
125041, 24320, 0, 0, 0
125041, 37632, 1, 0, 0
126040, 23575, 0, 0, 0
126040, 34850, 1, 0, 0
127041, 22016, 0, 0, 0
127041, 35328, 1, 0, 0
128040, 19731, 0, 0, 0
128040, 33569, 1, 0, 0
129041, 21760, 0, 0, 0
129041, 35840, 1, 0, 0
130040, 20500, 0, 0, 0
130040, 34850, 1, 0, 0
131041, 20480, 0, 0, 0
131041, 35584, 1, 0, 0
132040, 22806, 0, 0, 0
132040, 33057, 1, 0, 0
133041, 21248, 0, 0, 0
133041, 33280, 1, 0, 0
134040, 23319, 0, 0, 0
134040, 34594, 1, 0, 0
135041, 24064, 0, 0, 0
135041, 33024, 1, 0, 0
136040, 19731, 0, 0, 0
136040, 29981, 1, 0, 0
137041, 27392, 0, 0, 0
137041, 36864, 1, 0, 0
138040, 28444, 0, 0, 0
138040, 40488, 1, 0, 0
139040, 24064, 0, 0, 0
139040, 33792, 1, 0, 0
140040, 27931, 0, 0, 0
140040, 43307, 1, 0, 0
141040, 23296, 0, 0, 0
141040, 35840, 1, 0, 0
142040, 21781, 0, 0, 0
142040, 33313, 1, 0, 0
143040, 26880, 0, 0, 0
143040, 40704, 1, 0, 0
144040, 20244, 0, 0, 0
144040, 31775, 1, 0, 0
145040, 20736, 0, 0, 0
145040, 35328, 1, 0, 0
146040, 22806, 0, 0, 0
146040, 34850, 1, 0, 0
147040, 20224, 0, 0, 0
147040, 34816, 1, 0, 0
148041, 20736, 0, 0, 0
148041, 35072, 1, 0, 0
149040, 22038, 0, 0, 0
149040, 36900, 1, 0, 0
150041, 26112, 0, 0, 0
150041, 37376, 1, 0, 0
151040, 25113, 0, 0, 0
151040, 36644, 1, 0, 0
152041, 24320, 0, 0, 0
152041, 39936, 1, 0, 0
153040, 26650, 0, 0, 0
153040, 36132, 1, 0, 0
154041, 26112, 0, 0, 0
154041, 38144, 1, 0, 0
155040, 27163, 0, 0, 0
155040, 35875, 1, 0, 0
156041, 23808, 0, 0, 0
156041, 31232, 1, 0, 0
157040, 31263, 0, 0, 0
157040, 40232, 1, 0, 0
158041, 26624, 0, 0, 0
158041, 37376, 1, 0, 0
159040, 27163, 0, 0, 0
159040, 37413, 1, 0, 0
160041, 21248, 0, 0, 0
160041, 32768, 1, 0, 0
161040, 29469, 0, 0, 0
161040, 37413, 1, 0, 0
162041, 26880, 0, 0, 0
162041, 34816, 1, 0, 0
163040, 22550, 0, 0, 0
163040, 33825, 1, 0, 0
164041, 24064, 0, 0, 0
164041, 35328, 1, 0, 0
165040, 25369, 0, 0, 0
165040, 32288, 1, 0, 0
166041, 31232, 0, 0, 0
166041, 43264, 1, 0, 0
167040, 28956, 0, 0, 0
167040, 35363, 1, 0, 0
168040, 23296, 0, 0, 0
168040, 34048, 1, 0, 0
169040, 30238, 0, 0, 0
169040, 43819, 1, 0, 0
170040, 25856, 0, 0, 0
170040, 35840, 1, 0, 0
171040, 23831, 0, 0, 0
171040, 36644, 1, 0, 0
172040, 24320, 0, 0, 0
172040, 33792, 1, 0, 0
173040, 23319, 0, 0, 0
173040, 34082, 1, 0, 0
174040, 24576, 0, 0, 0
174040, 35840, 1, 0, 0
175041, 24832, 0, 0, 0
175041, 34048, 1, 0, 0
176040, 26138, 0, 0, 0
176040, 39719, 1, 0, 0
177041, 25344, 0, 0, 0
177041, 37888, 1, 0, 0
178040, 21525, 0, 0, 0
178040, 34594, 1, 0, 0
179041, 19968, 0, 0, 0
179041, 29696, 1, 0, 0
