4002, 20736, 0, 0, 0
4002, 54272, 1, 0, 0
5002, 19712, 0, 0, 0
5002, 28160, 1, 0, 0
6001, 24088, 0, 0, 0
6001, 26906, 1, 0, 0
7003, 18413, 0, 0, 0
7003, 26341, 1, 0, 0
8004, 21226, 0, 0, 0
8004, 28643, 1, 0, 0
9005, 19180, 0, 0, 0
9005, 26597, 1, 0, 0
10006, 24807, 0, 0, 0
10006, 32991, 1, 0, 0
11007, 21738, 0, 0, 0
11007, 27876, 1, 0, 0
12009, 21738, 0, 0, 0
12009, 36059, 1, 0, 0
13010, 20203, 0, 0, 0
13010, 33502, 1, 0, 0
14011, 21482, 0, 0, 0
14011, 35548, 1, 0, 0
15012, 19180, 0, 0, 0
15012, 31456, 1, 0, 0
16013, 25830, 0, 0, 0
16013, 36827, 1, 0, 0
17014, 20715, 0, 0, 0
17014, 38361, 1, 0, 0
18015, 16384, 0, 0, 0
18015, 34560, 1, 0, 0
19016, 19200, 0, 0, 0
19016, 33280, 1, 0, 0
20017, 17390, 0, 0, 0
20017, 35292, 1, 0, 0
21018, 19180, 0, 0, 0
21018, 35036, 1, 0, 0
22019, 16640, 0, 0, 0
22019, 35072, 1, 0, 0
23020, 16879, 0, 0, 0
23020, 34013, 1, 0, 0
24021, 16896, 0, 0, 0
24021, 34816, 1, 0, 0
25022, 15360, 0, 0, 0
25022, 36352, 1, 0, 0
26023, 13568, 0, 0, 0
26023, 34304, 1, 0, 0
27024, 13056, 0, 0, 0
27024, 33024, 1, 0, 0
28025, 12288, 0, 0, 0
28025, 31488, 1, 0, 0
29026, 15872, 0, 0, 0
29026, 36608, 1, 0, 0
30026, 18176, 0, 0, 0
30026, 38656, 1, 0, 0
31027, 23040, 0, 0, 0
31027, 39680, 1, 0, 0
32028, 20736, 0, 0, 0
32028, 34560, 1, 0, 0
33029, 22016, 0, 0, 0
33029, 32512, 1, 0, 0
34030, 23040, 0, 0, 0
34030, 35328, 1, 0, 0
35030, 25344, 0, 0, 0
35030, 36352, 1, 0, 0
36031, 24320, 0, 0, 0
36031, 32768, 1, 0, 0
37032, 26112, 0, 0, 0
37032, 35584, 1, 0, 0
38032, 24064, 0, 0, 0
38032, 32768, 1, 0, 0
39033, 30720, 0, 0, 0
39033, 38400, 1, 0, 0
40034, 25600, 0, 0, 0
40034, 38656, 1, 0, 0
41034, 26112, 0, 0, 0
41034, 38144, 1, 0, 0
42035, 25856, 0, 0, 0
42035, 35584, 1, 0, 0
43036, 24064, 0, 0, 0
43036, 35072, 1, 0, 0
44036, 24832, 0, 0, 0
44036, 40192, 1, 0, 0
45037, 21248, 0, 0, 0
45037, 36608, 1, 0, 0
46037, 21760, 0, 0, 0
46037, 40448, 1, 0, 0
47038, 20224, 0, 0, 0
47038, 39680, 1, 0, 0
48038, 14848, 0, 0, 0
48038, 33024, 1, 0, 0
49038, 18706, 0, 0, 0
49038, 41001, 1, 0, 0
50038, 17920, 0, 0, 0
50038, 36096, 1, 0, 0
51038, 19219, 0, 0, 0
51038, 38694, 1, 0, 0
52038, 18688, 0, 0, 0
52038, 36864, 1, 0, 0
53038, 21269, 0, 0, 0
53038, 38182, 1, 0, 0
54038, 20736, 0, 0, 0
54038, 37120, 1, 0, 0
55038, 23063, 0, 0, 0
55038, 36900, 1, 0, 0
56038, 22016, 0, 0, 0
56038, 36352, 1, 0, 0
57038, 20500, 0, 0, 0
57038, 41513, 1, 0, 0
58038, 19456, 0, 0, 0
58038, 39680, 1, 0, 0
59038, 19731, 0, 0, 0
59038, 35363, 1, 0, 0
60038, 20224, 0, 0, 0
60038, 33536, 1, 0, 0
61038, 18194, 0, 0, 0
61038, 31775, 1, 0, 0
62038, 20224, 0, 0, 0
62038, 37120, 1, 0, 0
63038, 17937, 0, 0, 0
63038, 38950, 1, 0, 0
64038, 20224, 0, 0, 0
64038, 36096, 1, 0, 0
65038, 16144, 0, 0, 0
65038, 35619, 1, 0, 0
66038, 16896, 0, 0, 0
66038, 35840, 1, 0, 0
67038, 13581, 0, 0, 0
67038, 34594, 1, 0, 0
68038, 16128, 0, 0, 0
68038, 39680, 1, 0, 0
69038, 11019, 0, 0, 0
69038, 34338, 1, 0, 0
70038, 12288, 0, 0, 0
70038, 37888, 1, 0, 0
71038, 12044, 0, 0, 0
71038, 42794, 1, 0, 0
72039, 10240, 0, 0, 0
72039, 36864, 1, 0, 0
73038, 10250, 0, 0, 0
73038, 35619, 1, 0, 0
74039, 10496, 0, 0, 0
74039, 37632, 1, 0, 0
75038, 7943, 0, 0, 0
75038, 39719, 1, 0, 0
76039, 8448, 0, 0, 0
76039, 41216, 1, 0, 0
77038, 5893, 0, 0, 0
77038, 39463, 1, 0, 0
78038, 4864, 0, 0, 0
78038, 31744, 1, 0, 0
79038, 7175, 0, 0, 0
79038, 36388, 1, 0, 0
80038, 4864, 0, 0, 0
80038, 33792, 1, 0, 0
81038, 7943, 0, 0, 0
81038, 37925, 1, 0, 0
82038, 4864, 0, 0, 0
82038, 33536, 1, 0, 0
83038, 8968, 0, 0, 0
83038, 43307, 1, 0, 0
84038, 13056, 0, 0, 0
84038, 35840, 1, 0, 0
85039, 11520, 0, 0, 0
85039, 37376, 1, 0, 0
86038, 11787, 0, 0, 0
86038, 34594, 1, 0, 0
87039, 11776, 0, 0, 0
87039, 36096, 1, 0, 0
88038, 15887, 0, 0, 0
88038, 37413, 1, 0, 0
89038, 14080, 0, 0, 0
89038, 38912, 1, 0, 0
90038, 15375, 0, 0, 0
90038, 39975, 1, 0, 0
91038, 14336, 0, 0, 0
91038, 36608, 1, 0, 0
92038, 14094, 0, 0, 0
92038, 39719, 1, 0, 0
93038, 15104, 0, 0, 0
93038, 39168, 1, 0, 0
94038, 13069, 0, 0, 0
94038, 34850, 1, 0, 0
95038, 15360, 0, 0, 0
95038, 38656, 1, 0, 0
96038, 13581, 0, 0, 0
96038, 36900, 1, 0, 0
97038, 10752, 0, 0, 0
97038, 34560, 1, 0, 0
98039, 13568, 0, 0, 0
98039, 43008, 1, 0, 0
99038, 11275, 0, 0, 0
99038, 41257, 1, 0, 0
100039, 11008, 0, 0, 0
100039, 39936, 1, 0, 0
101038, 9993, 0, 0, 0
101038, 40744, 1, 0, 0
102039, 10240, 0, 0, 0
102039, 37632, 1, 0, 0
103038, 10506, 0, 0, 0
103038, 43051, 1, 0, 0
104039, 7424, 0, 0, 0
104039, 34816, 1, 0, 0
105038, 7943, 0, 0, 0
105038, 38694, 1, 0, 0
106038, 7680, 0, 0, 0
106038, 34560, 1, 0, 0
107038, 7175, 0, 0, 0
107038, 39719, 1, 0, 0
108038, 6912, 0, 0, 0
108038, 37120, 1, 0, 0
109038, 6662, 0, 0, 0
109038, 42538, 1, 0, 0
110038, 6912, 0, 0, 0
110038, 43264, 1, 0, 0
111038, 7687, 0, 0, 0
111038, 38182, 1, 0, 0
112038, 6400, 0, 0, 0
112038, 35840, 1, 0, 0
113038, 8968, 0, 0, 0
113038, 40232, 1, 0, 0
114038, 8960, 0, 0, 0
114038, 40704, 1, 0, 0
115038, 12812, 0, 0, 0
115038, 35875, 1, 0, 0
116038, 11264, 0, 0, 0
116038, 33792, 1, 0, 0
117038, 16144, 0, 0, 0
117038, 41001, 1, 0, 0
118038, 11776, 0, 0, 0
118038, 41216, 1, 0, 0
119038, 11275, 0, 0, 0
119038, 38694, 1, 0, 0
120038, 16640, 0, 0, 0
120038, 43520, 1, 0, 0
121038, 14350, 0, 0, 0
121038, 42538, 1, 0, 0
122038, 14336, 0, 0, 0
122038, 37120, 1, 0, 0
123038, 16912, 0, 0, 0
123038, 44076, 1, 0, 0
124038, 15360, 0, 0, 0
124038, 38400, 1, 0, 0
125039, 13824, 0, 0, 0
125039, 38912, 1, 0, 0
126038, 13581, 0, 0, 0
126038, 38438, 1, 0, 0
127039, 12288, 0, 0, 0
127039, 39168, 1, 0, 0
128038, 12812, 0, 0, 0
128038, 38438, 1, 0, 0
129039, 13824, 0, 0, 0
129039, 40448, 1, 0, 0
130038, 16400, 0, 0, 0
130038, 37669, 1, 0, 0
131039, 16640, 0, 0, 0
131039, 40960, 1, 0, 0
132038, 17937, 0, 0, 0
132038, 39975, 1, 0, 0
133039, 16384, 0, 0, 0
133039, 36864, 1, 0, 0
134038, 18706, 0, 0, 0
134038, 37157, 1, 0, 0
135038, 14080, 0, 0, 0
135038, 40448, 1, 0, 0
136038, 17681, 0, 0, 0
136038, 43563, 1, 0, 0
137038, 12032, 0, 0, 0
137038, 36608, 1, 0, 0
138038, 13581, 0, 0, 0
138038, 33825, 1, 0, 0
139038, 10752, 0, 0, 0
139038, 36864, 1, 0, 0
140038, 15887, 0, 0, 0
140038, 37669, 1, 0, 0
141038, 17152, 0, 0, 0
141038, 35584, 1, 0, 0
142038, 16400, 0, 0, 0
142038, 35363, 1, 0, 0
143038, 14592, 0, 0, 0
143038, 30976, 1, 0, 0
144038, 14862, 0, 0, 0
144038, 32032, 1, 0, 0
145038, 18176, 0, 0, 0
145038, 34304, 1, 0, 0
146038, 18962, 0, 0, 0
146038, 38950, 1, 0, 0
147038, 18432, 0, 0, 0
147038, 34816, 1, 0, 0
148039, 18176, 0, 0, 0
148039, 37632, 1, 0, 0
149038, 16912, 0, 0, 0
149038, 36132, 1, 0, 0
150039, 17920, 0, 0, 0
150039, 37120, 1, 0, 0
151038, 16912, 0, 0, 0
151038, 32544, 1, 0, 0
152039, 11776, 0, 0, 0
152039, 29696, 1, 0, 0
153038, 17681, 0, 0, 0
153038, 35875, 1, 0, 0
154039, 16896, 0, 0, 0
154039, 38400, 1, 0, 0
155038, 15631, 0, 0, 0
155038, 31775, 1, 0, 0
156038, 19712, 0, 0, 0
156038, 39936, 1, 0, 0
157038, 16656, 0, 0, 0
157038, 31775, 1, 0, 0
158039, 21248, 0, 0, 0
158039, 39424, 1, 0, 0
159038, 18706, 0, 0, 0
159038, 38694, 1, 0, 0
160038, 18176, 0, 0, 0
160038, 34304, 1, 0, 0
161038, 20756, 0, 0, 0
161038, 41001, 1, 0, 0
162038, 15104, 0, 0, 0
162038, 33536, 1, 0, 0
163038, 16144, 0, 0, 0
163038, 32288, 1, 0, 0
164038, 18944, 0, 0, 0
164038, 36096, 1, 0, 0
165038, 19219, 0, 0, 0
165038, 37925, 1, 0, 0
166038, 18688, 0, 0, 0
166038, 35840, 1, 0, 0
167038, 17937, 0, 0, 0
167038, 34850, 1, 0, 0
168038, 17920, 0, 0, 0
168038, 33024, 1, 0, 0
169038, 21013, 0, 0, 0
169038, 41513, 1, 0, 0
170038, 17152, 0, 0, 0
170038, 33024, 1, 0, 0
171038, 18194, 0, 0, 0
171038, 34338, 1, 0, 0
172038, 17408, 0, 0, 0
172038, 33792, 1, 0, 0
173038, 18450, 0, 0, 0
173038, 39207, 1, 0, 0
174038, 16896, 0, 0, 0
174038, 36864, 1, 0, 0
175039, 18432, 0, 0, 0
175039, 38400, 1, 0, 0
176038, 16656, 0, 0, 0
176038, 37157, 1, 0, 0
177039, 18176, 0, 0, 0
177039, 38144, 1, 0, 0
178038, 18450, 0, 0, 0
178038, 35363, 1, 0, 0
179039, 18688, 0, 0, 0
179039, 33024, 1, 0, 0
