4000, 2818, 0, 0, 0
4000, 27163, 1, 0, 0
4999, 14606, 0, 0, 0
4999, 28444, 1, 0, 0
5998, 16400, 0, 0, 0
5998, 26394, 1, 0, 0
6997, 18450, 0, 0, 0
6997, 29469, 1, 0, 0
7996, 19475, 0, 0, 0
7996, 27931, 1, 0, 0
8996, 18194, 0, 0, 0
8996, 32032, 1, 0, 0
9995, 20244, 0, 0, 0
9995, 34594, 1, 0, 0
10994, 16912, 0, 0, 0
10994, 36132, 1, 0, 0
11993, 14862, 0, 0, 0
11993, 30494, 1, 0, 0
12994, 15104, 0, 0, 0
12994, 31744, 1, 0, 0
13993, 13837, 0, 0, 0
13993, 30494, 1, 0, 0
14994, 10741, 0, 0, 0
14994, 31968, 1, 0, 0
15996, 12787, 0, 0, 0
15996, 28387, 1, 0, 0
16997, 12275, 0, 0, 0
16997, 31968, 1, 0, 0
17998, 10496, 0, 0, 0
17998, 27392, 1, 0, 0
18999, 18688, 0, 0, 0
18999, 40448, 1, 0, 0
20000, 16623, 0, 0, 0
20000, 35548, 1, 0, 0
21001, 13298, 0, 0, 0
21001, 35292, 1, 0, 0
22002, 14848, 0, 0, 0
22002, 35328, 1, 0, 0
23003, 14321, 0, 0, 0
23003, 31712, 1, 0, 0
24004, 14080, 0, 0, 0
24004, 33024, 1, 0, 0
25005, 17920, 0, 0, 0
25005, 34560, 1, 0, 0
26006, 17152, 0, 0, 0
26006, 34048, 1, 0, 0
27006, 19200, 0, 0, 0
27006, 35840, 1, 0, 0
28007, 20736, 0, 0, 0
28007, 34304, 1, 0, 0
29008, 20480, 0, 0, 0
29008, 35072, 1, 0, 0
30009, 19712, 0, 0, 0
30009, 32000, 1, 0, 0
31010, 22016, 0, 0, 0
31010, 34304, 1, 0, 0
32009, 19987, 0, 0, 0
32009, 34850, 1, 0, 0
33009, 21525, 0, 0, 0
33009, 32288, 1, 0, 0
34009, 25369, 0, 0, 0
34009, 32800, 1, 0, 0
35010, 27904, 0, 0, 0
35010, 34304, 1, 0, 0
36009, 23319, 0, 0, 0
36009, 30238, 1, 0, 0
37009, 21525, 0, 0, 0
37009, 31007, 1, 0, 0
38010, 23296, 0, 0, 0
38010, 27904, 1, 0, 0
39009, 25881, 0, 0, 0
39009, 32032, 1, 0, 0
40009, 29213, 0, 0, 0
40009, 34338, 1, 0, 0
41010, 26880, 0, 0, 0
41010, 35328, 1, 0, 0
42009, 33569, 0, 0, 0
42009, 29981, 1, 0, 0
43009, 31519, 0, 0, 0
43009, 34850, 1, 0, 0
44010, 30720, 0, 0, 0
44010, 33536, 1, 0, 0
45009, 27675, 0, 0, 0
45009, 32032, 1, 0, 0
46009, 26394, 0, 0, 0
46009, 30238, 1, 0, 0
47009, 24576, 0, 0, 0
47009, 32256, 1, 0, 0
48010, 23040, 0, 0, 0
48010, 26368, 1, 0, 0
49009, 30750, 0, 0, 0
49009, 34082, 1, 0, 0
50010, 29952, 0, 0, 0
50010, 34560, 1, 0, 0
51009, 31263, 0, 0, 0
51009, 37925, 1, 0, 0
52010, 28928, 0, 0, 0
52010, 34304, 1, 0, 0
53009, 26394, 0, 0, 0
53009, 36644, 1, 0, 0
54010, 26112, 0, 0, 0
54010, 33024, 1, 0, 0
55009, 25369, 0, 0, 0
55009, 33569, 1, 0, 0
56010, 25856, 0, 0, 0
56010, 34048, 1, 0, 0
57009, 23575, 0, 0, 0
57009, 34338, 1, 0, 0
58010, 28672, 0, 0, 0
58010, 40192, 1, 0, 0
59009, 24344, 0, 0, 0
59009, 36900, 1, 0, 0
60009, 26880, 0, 0, 0
60009, 33280, 1, 0, 0
61009, 23319, 0, 0, 0
61009, 35875, 1, 0, 0
62010, 22528, 0, 0, 0
62010, 27136, 1, 0, 0
63009, 23575, 0, 0, 0
63009, 34082, 1, 0, 0
64010, 25088, 0, 0, 0
64010, 35840, 1, 0, 0
65009, 22038, 0, 0, 0
65009, 32800, 1, 0, 0
66010, 21504, 0, 0, 0
66010, 32256, 1, 0, 0
67009, 22294, 0, 0, 0
67009, 36900, 1, 0, 0
68010, 24064, 0, 0, 0
68010, 35584, 1, 0, 0
69009, 19475, 0, 0, 0
69009, 32288, 1, 0, 0
70009, 22784, 0, 0, 0
70009, 39168, 1, 0, 0
71009, 20500, 0, 0, 0
71009, 36644, 1, 0, 0
72010, 21248, 0, 0, 0
72010, 37632, 1, 0, 0
73009, 18194, 0, 0, 0
73009, 37157, 1, 0, 0
74010, 17664, 0, 0, 0
74010, 34048, 1, 0, 0
75009, 17169, 0, 0, 0
75009, 33569, 1, 0, 0
76010, 19456, 0, 0, 0
76010, 35072, 1, 0, 0
77009, 18962, 0, 0, 0
77009, 34338, 1, 0, 0
78010, 17408, 0, 0, 0
78010, 37376, 1, 0, 0
79009, 19219, 0, 0, 0
79009, 36644, 1, 0, 0
80010, 16896, 0, 0, 0
80010, 34048, 1, 0, 0
81009, 17425, 0, 0, 0
81009, 35875, 1, 0, 0
82010, 14848, 0, 0, 0
82010, 35840, 1, 0, 0
83009, 14350, 0, 0, 0
83009, 29981, 1, 0, 0
84009, 17152, 0, 0, 0
84009, 38144, 1, 0, 0
85010, 13312, 0, 0, 0
85010, 34048, 1, 0, 0
86009, 11787, 0, 0, 0
86009, 26906, 1, 0, 0
87010, 16128, 0, 0, 0
87010, 35584, 1, 0, 0
88009, 15119, 0, 0, 0
88009, 33569, 1, 0, 0
89010, 14592, 0, 0, 0
89010, 37888, 1, 0, 0
90009, 14350, 0, 0, 0
90009, 35363, 1, 0, 0
91010, 12544, 0, 0, 0
91010, 30464, 1, 0, 0
92009, 12044, 0, 0, 0
92009, 36644, 1, 0, 0
93009, 11520, 0, 0, 0
93009, 29440, 1, 0, 0
94009, 12556, 0, 0, 0
94009, 36900, 1, 0, 0
95009, 13312, 0, 0, 0
95009, 33792, 1, 0, 0
96009, 12812, 0, 0, 0
96009, 31775, 1, 0, 0
97009, 18432, 0, 0, 0
97009, 37888, 1, 0, 0
98010, 12288, 0, 0, 0
98010, 30720, 1, 0, 0
99009, 14606, 0, 0, 0
99009, 34338, 1, 0, 0
100010, 15616, 0, 0, 0
100010, 32512, 1, 0, 0
101009, 15887, 0, 0, 0
101009, 31007, 1, 0, 0
102010, 15616, 0, 0, 0
102010, 33024, 1, 0, 0
103009, 15631, 0, 0, 0
103009, 28188, 1, 0, 0
104010, 15616, 0, 0, 0
104010, 29440, 1, 0, 0
105009, 14862, 0, 0, 0
105009, 31007, 1, 0, 0
106010, 15104, 0, 0, 0
106010, 30976, 1, 0, 0
107009, 17937, 0, 0, 0
107009, 34082, 1, 0, 0
108010, 17664, 0, 0, 0
108010, 34816, 1, 0, 0
109009, 17169, 0, 0, 0
109009, 34594, 1, 0, 0
110010, 16640, 0, 0, 0
110010, 32256, 1, 0, 0
111009, 17425, 0, 0, 0
111009, 34338, 1, 0, 0
112010, 17664, 0, 0, 0
112010, 32512, 1, 0, 0
113009, 15631, 0, 0, 0
113009, 30750, 1, 0, 0
114010, 16896, 0, 0, 0
114010, 31232, 1, 0, 0
115009, 19475, 0, 0, 0
115009, 33313, 1, 0, 0
116010, 18176, 0, 0, 0
116010, 34560, 1, 0, 0
117009, 18706, 0, 0, 0
117009, 33313, 1, 0, 0
118010, 17920, 0, 0, 0
118010, 29952, 1, 0, 0
119009, 15119, 0, 0, 0
119009, 29469, 1, 0, 0
120010, 19456, 0, 0, 0
120010, 34560, 1, 0, 0
121009, 16144, 0, 0, 0
121009, 33825, 1, 0, 0
122009, 15104, 0, 0, 0
122009, 30464, 1, 0, 0
123009, 15631, 0, 0, 0
123009, 31775, 1, 0, 0
124009, 15872, 0, 0, 0
124009, 32768, 1, 0, 0
125010, 14848, 0, 0, 0
125010, 30720, 1, 0, 0
126009, 16400, 0, 0, 0
126009, 34082, 1, 0, 0
127010, 17664, 0, 0, 0
127010, 35840, 1, 0, 0
128009, 14094, 0, 0, 0
128009, 27163, 1, 0, 0
129010, 15360, 0, 0, 0
129010, 31744, 1, 0, 0
130009, 18450, 0, 0, 0
130009, 36388, 1, 0, 0
131010, 16128, 0, 0, 0
131010, 33280, 1, 0, 0
132009, 13837, 0, 0, 0
132009, 29725, 1, 0, 0
133010, 13312, 0, 0, 0
133010, 29952, 1, 0, 0
134009, 13325, 0, 0, 0
134009, 32544, 1, 0, 0
135010, 11776, 0, 0, 0
135010, 33280, 1, 0, 0
136009, 14350, 0, 0, 0
136009, 32288, 1, 0, 0
137010, 14080, 0, 0, 0
137010, 35840, 1, 0, 0
138009, 16912, 0, 0, 0
138009, 37925, 1, 0, 0
139010, 14080, 0, 0, 0
139010, 31744, 1, 0, 0
140009, 14862, 0, 0, 0
140009, 30238, 1, 0, 0
141010, 17408, 0, 0, 0
141010, 33280, 1, 0, 0
142009, 16144, 0, 0, 0
142009, 34594, 1, 0, 0
143009, 15616, 0, 0, 0
143009, 27904, 1, 0, 0
144009, 15887, 0, 0, 0
144009, 33825, 1, 0, 0
145009, 20992, 0, 0, 0
145009, 36864, 1, 0, 0
146009, 15375, 0, 0, 0
146009, 29469, 1, 0, 0
147009, 18176, 0, 0, 0
147009, 33280, 1, 0, 0
148010, 19456, 0, 0, 0
148010, 32768, 1, 0, 0
149009, 18194, 0, 0, 0
149009, 33825, 1, 0, 0
150010, 19456, 0, 0, 0
150010, 35840, 1, 0, 0
151009, 16656, 0, 0, 0
151009, 34082, 1, 0, 0
152010, 16128, 0, 0, 0
152010, 31232, 1, 0, 0
153009, 14094, 0, 0, 0
153009, 27163, 1, 0, 0
154010, 14592, 0, 0, 0
154010, 30208, 1, 0, 0
155009, 16912, 0, 0, 0
155009, 31007, 1, 0, 0
156010, 16896, 0, 0, 0
156010, 30208, 1, 0, 0
157009, 18194, 0, 0, 0
157009, 34338, 1, 0, 0
158010, 16128, 0, 0, 0
158010, 33536, 1, 0, 0
159009, 17937, 0, 0, 0
159009, 32800, 1, 0, 0
160010, 19200, 0, 0, 0
160010, 37632, 1, 0, 0
161009, 15631, 0, 0, 0
161009, 30494, 1, 0, 0
162010, 15104, 0, 0, 0
162010, 30976, 1, 0, 0
163009, 15887, 0, 0, 0
163009, 31007, 1, 0, 0
164010, 16640, 0, 0, 0
164010, 33280, 1, 0, 0
165009, 15375, 0, 0, 0
165009, 33825, 1, 0, 0
166010, 15104, 0, 0, 0
166010, 34560, 1, 0, 0
167009, 13069, 0, 0, 0
167009, 29725, 1, 0, 0
168010, 13568, 0, 0, 0
168010, 30720, 1, 0, 0
169009, 13581, 0, 0, 0
169009, 31007, 1, 0, 0
170010, 14592, 0, 0, 0
170010, 31744, 1, 0, 0
171009, 13581, 0, 0, 0
171009, 30494, 1, 0, 0
172010, 15360, 0, 0, 0
172010, 32512, 1, 0, 0
173009, 14350, 0, 0, 0
173009, 30494, 1, 0, 0
174009, 13056, 0, 0, 0
174009, 29696, 1, 0, 0
175010, 13312, 0, 0, 0
175010, 27136, 1, 0, 0
176009, 14350, 0, 0, 0
176009, 31007, 1, 0, 0
177010, 13824, 0, 0, 0
177010, 28672, 1, 0, 0
178009, 13325, 0, 0, 0
178009, 31775, 1, 0, 0
179010, 14336, 0, 0, 0
179010, 30464, 1, 0, 0
