4001, 5125, 0, 0, 0
4001, 27931, 1, 0, 0
5001, 8968, 0, 0, 0
5001, 19987, 1, 0, 0
6000, 13069, 0, 0, 0
6000, 30494, 1, 0, 0
6999, 20756, 0, 0, 0
6999, 26906, 1, 0, 0
7998, 18706, 0, 0, 0
7998, 30238, 1, 0, 0
8997, 15631, 0, 0, 0
8997, 29981, 1, 0, 0
9996, 12044, 0, 0, 0
9996, 32800, 1, 0, 0
10996, 16912, 0, 0, 0
10996, 34082, 1, 0, 0
11995, 16400, 0, 0, 0
11995, 31007, 1, 0, 0
12996, 16384, 0, 0, 0
12996, 33536, 1, 0, 0
13995, 12556, 0, 0, 0
13995, 29213, 1, 0, 0
14994, 7431, 0, 0, 0
14994, 26906, 1, 0, 0
15993, 13325, 0, 0, 0
15993, 31263, 1, 0, 0
16994, 14833, 0, 0, 0
16994, 33502, 1, 0, 0
17995, 16384, 0, 0, 0
17995, 31488, 1, 0, 0
18996, 13568, 0, 0, 0
18996, 32256, 1, 0, 0
19997, 8183, 0, 0, 0
19997, 28899, 1, 0, 0
20998, 12787, 0, 0, 0
20998, 28899, 1, 0, 0
21999, 16896, 0, 0, 0
21999, 27904, 1, 0, 0
23000, 20203, 0, 0, 0
23000, 25318, 1, 0, 0
24001, 22016, 0, 0, 0
24001, 27648, 1, 0, 0
25002, 23552, 0, 0, 0
25002, 28160, 1, 0, 0
26003, 24576, 0, 0, 0
26003, 29952, 1, 0, 0
27004, 19712, 0, 0, 0
27004, 26624, 1, 0, 0
28005, 26112, 0, 0, 0
28005, 34048, 1, 0, 0
29005, 30208, 0, 0, 0
29005, 29440, 1, 0, 0
30006, 32256, 0, 0, 0
30006, 36608, 1, 0, 0
31007, 23808, 0, 0, 0
31007, 27648, 1, 0, 0
32007, 24856, 0, 0, 0
32007, 30750, 1, 0, 0
33007, 21781, 0, 0, 0
33007, 28188, 1, 0, 0
34007, 27419, 0, 0, 0
34007, 35363, 1, 0, 0
35007, 23808, 0, 0, 0
35007, 30208, 1, 0, 0
36007, 22550, 0, 0, 0
36007, 32032, 1, 0, 0
37007, 24600, 0, 0, 0
37007, 33057, 1, 0, 0
38007, 25088, 0, 0, 0
38007, 30464, 1, 0, 0
39007, 24600, 0, 0, 0
39007, 32800, 1, 0, 0
40007, 22294, 0, 0, 0
40007, 28956, 1, 0, 0
41007, 22784, 0, 0, 0
41007, 34304, 1, 0, 0
42007, 21013, 0, 0, 0
42007, 31263, 1, 0, 0
43006, 19987, 0, 0, 0
43006, 33825, 1, 0, 0
44007, 16640, 0, 0, 0
44007, 29696, 1, 0, 0
45006, 17425, 0, 0, 0
45006, 31007, 1, 0, 0
46006, 19475, 0, 0, 0
46006, 33057, 1, 0, 0
47007, 17920, 0, 0, 0
47007, 33280, 1, 0, 0
48007, 15616, 0, 0, 0
48007, 29696, 1, 0, 0
49007, 20500, 0, 0, 0
49007, 32032, 1, 0, 0
50007, 18176, 0, 0, 0
50007, 38144, 1, 0, 0
51007, 14350, 0, 0, 0
51007, 34338, 1, 0, 0
52007, 15616, 0, 0, 0
52007, 30208, 1, 0, 0
53007, 19731, 0, 0, 0
53007, 34082, 1, 0, 0
54007, 20224, 0, 0, 0
54007, 33280, 1, 0, 0
55007, 21013, 0, 0, 0
55007, 35619, 1, 0, 0
56007, 20992, 0, 0, 0
56007, 29440, 1, 0, 0
57007, 22550, 0, 0, 0
57007, 35875, 1, 0, 0
58007, 22528, 0, 0, 0
58007, 34304, 1, 0, 0
59007, 24088, 0, 0, 0
59007, 35363, 1, 0, 0
60007, 22272, 0, 0, 0
60007, 30208, 1, 0, 0
61006, 22038, 0, 0, 0
61006, 33569, 1, 0, 0
62007, 23296, 0, 0, 0
62007, 35584, 1, 0, 0
63006, 21781, 0, 0, 0
63006, 33569, 1, 0, 0
64007, 20480, 0, 0, 0
64007, 32256, 1, 0, 0
65007, 22806, 0, 0, 0
65007, 37925, 1, 0, 0
66007, 20736, 0, 0, 0
66007, 35840, 1, 0, 0
67007, 17425, 0, 0, 0
67007, 32800, 1, 0, 0
68007, 15616, 0, 0, 0
68007, 30720, 1, 0, 0
69007, 18194, 0, 0, 0
69007, 33825, 1, 0, 0
70007, 19968, 0, 0, 0
70007, 39680, 1, 0, 0
71006, 19475, 0, 0, 0
71006, 36388, 1, 0, 0
72007, 17920, 0, 0, 0
72007, 33024, 1, 0, 0
73007, 19987, 0, 0, 0
73007, 35107, 1, 0, 0
74007, 20736, 0, 0, 0
74007, 33792, 1, 0, 0
75007, 22294, 0, 0, 0
75007, 36132, 1, 0, 0
76007, 20480, 0, 0, 0
76007, 38400, 1, 0, 0
77007, 24088, 0, 0, 0
77007, 41513, 1, 0, 0
78007, 22272, 0, 0, 0
78007, 39424, 1, 0, 0
79007, 25113, 0, 0, 0
79007, 41257, 1, 0, 0
80007, 24576, 0, 0, 0
80007, 37376, 1, 0, 0
81006, 23063, 0, 0, 0
81006, 35363, 1, 0, 0
82007, 20736, 0, 0, 0
82007, 35072, 1, 0, 0
83006, 21525, 0, 0, 0
83006, 32288, 1, 0, 0
84007, 19200, 0, 0, 0
84007, 33536, 1, 0, 0
85007, 21248, 0, 0, 0
85007, 37632, 1, 0, 0
86007, 18450, 0, 0, 0
86007, 34850, 1, 0, 0
87007, 17920, 0, 0, 0
87007, 35584, 1, 0, 0
88007, 21013, 0, 0, 0
88007, 35107, 1, 0, 0
89007, 19200, 0, 0, 0
89007, 35328, 1, 0, 0
90007, 23831, 0, 0, 0
90007, 38694, 1, 0, 0
91007, 23040, 0, 0, 0
91007, 39168, 1, 0, 0
92006, 19475, 0, 0, 0
92006, 34082, 1, 0, 0
93007, 24832, 0, 0, 0
93007, 38656, 1, 0, 0
94006, 24856, 0, 0, 0
94006, 35875, 1, 0, 0
95007, 22528, 0, 0, 0
95007, 33792, 1, 0, 0
96006, 24344, 0, 0, 0
96006, 36132, 1, 0, 0
97007, 23296, 0, 0, 0
97007, 38912, 1, 0, 0
98007, 20480, 0, 0, 0
98007, 33536, 1, 0, 0
99007, 19219, 0, 0, 0
99007, 36388, 1, 0, 0
100007, 23552, 0, 0, 0
100007, 36096, 1, 0, 0
101007, 21781, 0, 0, 0
101007, 33057, 1, 0, 0
102007, 22016, 0, 0, 0
102007, 33024, 1, 0, 0
103007, 24856, 0, 0, 0
103007, 35107, 1, 0, 0
104007, 23296, 0, 0, 0
104007, 33024, 1, 0, 0
105007, 24344, 0, 0, 0
105007, 37669, 1, 0, 0
106007, 26624, 0, 0, 0
106007, 37888, 1, 0, 0
107007, 22550, 0, 0, 0
107007, 35363, 1, 0, 0
108007, 24832, 0, 0, 0
108007, 39424, 1, 0, 0
109007, 21269, 0, 0, 0
109007, 35363, 1, 0, 0
110007, 20224, 0, 0, 0
110007, 32768, 1, 0, 0
111006, 21269, 0, 0, 0
111006, 37669, 1, 0, 0
112007, 18688, 0, 0, 0
112007, 31488, 1, 0, 0
113007, 23319, 0, 0, 0
113007, 38438, 1, 0, 0
114007, 22528, 0, 0, 0
114007, 41472, 1, 0, 0
115007, 18962, 0, 0, 0
115007, 35107, 1, 0, 0
116007, 18432, 0, 0, 0
116007, 34048, 1, 0, 0
117007, 18194, 0, 0, 0
117007, 35107, 1, 0, 0
118007, 21504, 0, 0, 0
118007, 37376, 1, 0, 0
119007, 21269, 0, 0, 0
119007, 35875, 1, 0, 0
120007, 20736, 0, 0, 0
120007, 33536, 1, 0, 0
121006, 17937, 0, 0, 0
121006, 31007, 1, 0, 0
122007, 19968, 0, 0, 0
122007, 35584, 1, 0, 0
123006, 19219, 0, 0, 0
123006, 32544, 1, 0, 0
124007, 17664, 0, 0, 0
124007, 33024, 1, 0, 0
125007, 17152, 0, 0, 0
125007, 33792, 1, 0, 0
126007, 18962, 0, 0, 0
126007, 36388, 1, 0, 0
127007, 16384, 0, 0, 0
127007, 34048, 1, 0, 0
128007, 16912, 0, 0, 0
128007, 32800, 1, 0, 0
129007, 16128, 0, 0, 0
129007, 30976, 1, 0, 0
130007, 19987, 0, 0, 0
130007, 36900, 1, 0, 0
131007, 19712, 0, 0, 0
131007, 34560, 1, 0, 0
132007, 19219, 0, 0, 0
132007, 37157, 1, 0, 0
133007, 19968, 0, 0, 0
133007, 34816, 1, 0, 0
134007, 19475, 0, 0, 0
134007, 33569, 1, 0, 0
135007, 20224, 0, 0, 0
135007, 35584, 1, 0, 0
136007, 19731, 0, 0, 0
136007, 35107, 1, 0, 0
137007, 20736, 0, 0, 0
137007, 36096, 1, 0, 0
138007, 20244, 0, 0, 0
138007, 34594, 1, 0, 0
139007, 19456, 0, 0, 0
139007, 36096, 1, 0, 0
140007, 23575, 0, 0, 0
140007, 37925, 1, 0, 0
141007, 24064, 0, 0, 0
141007, 36864, 1, 0, 0
142006, 24088, 0, 0, 0
142006, 39463, 1, 0, 0
143007, 23552, 0, 0, 0
143007, 35840, 1, 0, 0
144006, 24088, 0, 0, 0
144006, 37157, 1, 0, 0
145007, 20224, 0, 0, 0
145007, 34816, 1, 0, 0
146006, 22806, 0, 0, 0
146006, 34594, 1, 0, 0
147007, 19712, 0, 0, 0
147007, 34048, 1, 0, 0
148007, 22784, 0, 0, 0
148007, 37120, 1, 0, 0
149007, 19987, 0, 0, 0
149007, 29981, 1, 0, 0
150007, 21504, 0, 0, 0
150007, 37888, 1, 0, 0
151007, 24088, 0, 0, 0
151007, 40744, 1, 0, 0
152007, 22016, 0, 0, 0
152007, 35328, 1, 0, 0
153007, 21781, 0, 0, 0
153007, 36644, 1, 0, 0
154007, 23808, 0, 0, 0
154007, 34560, 1, 0, 0
155007, 24088, 0, 0, 0
155007, 35875, 1, 0, 0
156007, 20480, 0, 0, 0
156007, 32768, 1, 0, 0
157007, 24344, 0, 0, 0
157007, 38694, 1, 0, 0
158007, 20736, 0, 0, 0
158007, 33792, 1, 0, 0
159007, 23831, 0, 0, 0
159007, 34338, 1, 0, 0
160007, 23552, 0, 0, 0
160007, 36352, 1, 0, 0
161007, 22806, 0, 0, 0
161007, 34082, 1, 0, 0
162007, 24832, 0, 0, 0
162007, 36096, 1, 0, 0
163007, 26650, 0, 0, 0
163007, 39207, 1, 0, 0
164007, 22528, 0, 0, 0
164007, 35840, 1, 0, 0
165007, 21269, 0, 0, 0
165007, 31519, 1, 0, 0
166007, 22528, 0, 0, 0
166007, 38400, 1, 0, 0
167007, 19219, 0, 0, 0
167007, 31775, 1, 0, 0
168007, 19968, 0, 0, 0
168007, 32768, 1, 0, 0
169007, 24856, 0, 0, 0
169007, 41001, 1, 0, 0
170007, 20224, 0, 0, 0
170007, 30208, 1, 0, 0
171006, 19219, 0, 0, 0
171006, 34082, 1, 0, 0
172007, 22272, 0, 0, 0
172007, 36864, 1, 0, 0
173006, 18450, 0, 0, 0
173006, 31263, 1, 0, 0
174007, 20736, 0, 0, 0
174007, 34560, 1, 0, 0
175007, 24832, 0, 0, 0
175007, 39168, 1, 0, 0
176007, 19219, 0, 0, 0
176007, 34594, 1, 0, 0
177007, 20224, 0, 0, 0
177007, 35584, 1, 0, 0
178007, 22294, 0, 0, 0
178007, 35363, 1, 0, 0
179007, 22528, 0, 0, 0
179007, 35328, 1, 0, 0
