4001, 5125, 0, 0, 0
4001, 27419, 1, 0, 0
5001, 9737, 0, 0, 0
5001, 22294, 1, 0, 0
6000, 11019, 0, 0, 0
6000, 30238, 1, 0, 0
6999, 17937, 0, 0, 0
6999, 37669, 1, 0, 0
7998, 17681, 0, 0, 0
7998, 30750, 1, 0, 0
8997, 25113, 0, 0, 0
8997, 31519, 1, 0, 0
9996, 26138, 0, 0, 0
9996, 33569, 1, 0, 0
10996, 25881, 0, 0, 0
10996, 31263, 1, 0, 0
11995, 18194, 0, 0, 0
11995, 29469, 1, 0, 0
12996, 18688, 0, 0, 0
12996, 32512, 1, 0, 0
13995, 24856, 0, 0, 0
13995, 32800, 1, 0, 0
14996, 25062, 0, 0, 0
14996, 36315, 1, 0, 0
15997, 21994, 0, 0, 0
15997, 32479, 1, 0, 0
16998, 23016, 0, 0, 0
16998, 33502, 1, 0, 0
17999, 19456, 0, 0, 0
17999, 31232, 1, 0, 0
19000, 24576, 0, 0, 0
19000, 37632, 1, 0, 0
20001, 18669, 0, 0, 0
20001, 31968, 1, 0, 0
21002, 23528, 0, 0, 0
21002, 35804, 1, 0, 0
22003, 19712, 0, 0, 0
22003, 26624, 1, 0, 0
23004, 17902, 0, 0, 0
23004, 27364, 1, 0, 0
24005, 20736, 0, 0, 0
24005, 32512, 1, 0, 0
25006, 20224, 0, 0, 0
25006, 31232, 1, 0, 0
26007, 18944, 0, 0, 0
26007, 30208, 1, 0, 0
27008, 16384, 0, 0, 0
27008, 26880, 1, 0, 0
28009, 16896, 0, 0, 0
28009, 29952, 1, 0, 0
29010, 21248, 0, 0, 0
29010, 36608, 1, 0, 0
30010, 15872, 0, 0, 0
30010, 28672, 1, 0, 0
31011, 15360, 0, 0, 0
31011, 34304, 1, 0, 0
32011, 13837, 0, 0, 0
32011, 27931, 1, 0, 0
33011, 15119, 0, 0, 0
33011, 29981, 1, 0, 0
34011, 17425, 0, 0, 0
34011, 29469, 1, 0, 0
35011, 23040, 0, 0, 0
35011, 33792, 1, 0, 0
36011, 22550, 0, 0, 0
36011, 34850, 1, 0, 0
37011, 18194, 0, 0, 0
37011, 28956, 1, 0, 0
38011, 22016, 0, 0, 0
38011, 38400, 1, 0, 0
39011, 17425, 0, 0, 0
39011, 32544, 1, 0, 0
40011, 19475, 0, 0, 0
40011, 38182, 1, 0, 0
41011, 22272, 0, 0, 0
41011, 34816, 1, 0, 0
42011, 21013, 0, 0, 0
42011, 34850, 1, 0, 0
43011, 22038, 0, 0, 0
43011, 32544, 1, 0, 0
44011, 22784, 0, 0, 0
44011, 37120, 1, 0, 0
45011, 17937, 0, 0, 0
45011, 31519, 1, 0, 0
46010, 17169, 0, 0, 0
46010, 28700, 1, 0, 0
47011, 19968, 0, 0, 0
47011, 30720, 1, 0, 0
48011, 19200, 0, 0, 0
48011, 28160, 1, 0, 0
49011, 22806, 0, 0, 0
49011, 27675, 1, 0, 0
50011, 25856, 0, 0, 0
50011, 37120, 1, 0, 0
51011, 22038, 0, 0, 0
51011, 32800, 1, 0, 0
52011, 23296, 0, 0, 0
52011, 33024, 1, 0, 0
53011, 22294, 0, 0, 0
53011, 33825, 1, 0, 0
54011, 19456, 0, 0, 0
54011, 30976, 1, 0, 0
55011, 22294, 0, 0, 0
55011, 33825, 1, 0, 0
56011, 22528, 0, 0, 0
56011, 34560, 1, 0, 0
57011, 17681, 0, 0, 0
57011, 29725, 1, 0, 0
58011, 19968, 0, 0, 0
58011, 32768, 1, 0, 0
59011, 20756, 0, 0, 0
59011, 32032, 1, 0, 0
60011, 21504, 0, 0, 0
60011, 33792, 1, 0, 0
61011, 19731, 0, 0, 0
61011, 32032, 1, 0, 0
62011, 23552, 0, 0, 0
62011, 36352, 1, 0, 0
63011, 23831, 0, 0, 0
63011, 39207, 1, 0, 0
64011, 18432, 0, 0, 0
64011, 29440, 1, 0, 0
65011, 18450, 0, 0, 0
65011, 34594, 1, 0, 0
66011, 20736, 0, 0, 0
66011, 33024, 1, 0, 0
67011, 17937, 0, 0, 0
67011, 31007, 1, 0, 0
68011, 15872, 0, 0, 0
68011, 31232, 1, 0, 0
69011, 18194, 0, 0, 0
69011, 36900, 1, 0, 0
70011, 15104, 0, 0, 0
70011, 35584, 1, 0, 0
71011, 15887, 0, 0, 0
71011, 33825, 1, 0, 0
72011, 16896, 0, 0, 0
72011, 31488, 1, 0, 0
73011, 15887, 0, 0, 0
73011, 28188, 1, 0, 0
74011, 17920, 0, 0, 0
74011, 35584, 1, 0, 0
75011, 19475, 0, 0, 0
75011, 34082, 1, 0, 0
76011, 18176, 0, 0, 0
76011, 34816, 1, 0, 0
77011, 18706, 0, 0, 0
77011, 32288, 1, 0, 0
78011, 19200, 0, 0, 0
78011, 38144, 1, 0, 0
79011, 18194, 0, 0, 0
79011, 30750, 1, 0, 0
80011, 20736, 0, 0, 0
80011, 34560, 1, 0, 0
81011, 18706, 0, 0, 0
81011, 32544, 1, 0, 0
82011, 19456, 0, 0, 0
82011, 33536, 1, 0, 0
83011, 19475, 0, 0, 0
83011, 34338, 1, 0, 0
84011, 19200, 0, 0, 0
84011, 35328, 1, 0, 0
85012, 16384, 0, 0, 0
85012, 30464, 1, 0, 0
86011, 18706, 0, 0, 0
86011, 34082, 1, 0, 0
87011, 16128, 0, 0, 0
87011, 31232, 1, 0, 0
88011, 16912, 0, 0, 0
88011, 31007, 1, 0, 0
89011, 18688, 0, 0, 0
89011, 37120, 1, 0, 0
90011, 21781, 0, 0, 0
90011, 33569, 1, 0, 0
91011, 18944, 0, 0, 0
91011, 35072, 1, 0, 0
92011, 18194, 0, 0, 0
92011, 30494, 1, 0, 0
93011, 19712, 0, 0, 0
93011, 38144, 1, 0, 0
94011, 15375, 0, 0, 0
94011, 27675, 1, 0, 0
95011, 17920, 0, 0, 0
95011, 34304, 1, 0, 0
96011, 18706, 0, 0, 0
96011, 31263, 1, 0, 0
97011, 20736, 0, 0, 0
97011, 37632, 1, 0, 0
98012, 18176, 0, 0, 0
98012, 33280, 1, 0, 0
99011, 19731, 0, 0, 0
99011, 37925, 1, 0, 0
100012, 18432, 0, 0, 0
100012, 32000, 1, 0, 0
101011, 20756, 0, 0, 0
101011, 32800, 1, 0, 0
102011, 20736, 0, 0, 0
102011, 35584, 1, 0, 0
103011, 24856, 0, 0, 0
103011, 37157, 1, 0, 0
104011, 18432, 0, 0, 0
104011, 31488, 1, 0, 0
105011, 20756, 0, 0, 0
105011, 33313, 1, 0, 0
106011, 21504, 0, 0, 0
106011, 35328, 1, 0, 0
107011, 19987, 0, 0, 0
107011, 30750, 1, 0, 0
108011, 24064, 0, 0, 0
108011, 36352, 1, 0, 0
109011, 19731, 0, 0, 0
109011, 31263, 1, 0, 0
110011, 22784, 0, 0, 0
110011, 37376, 1, 0, 0
111011, 21013, 0, 0, 0
111011, 35363, 1, 0, 0
112011, 21248, 0, 0, 0
112011, 34048, 1, 0, 0
113011, 18194, 0, 0, 0
113011, 32032, 1, 0, 0
114011, 18944, 0, 0, 0
114011, 34304, 1, 0, 0
115011, 19219, 0, 0, 0
115011, 31263, 1, 0, 0
116011, 17664, 0, 0, 0
116011, 33024, 1, 0, 0
117011, 19219, 0, 0, 0
117011, 33569, 1, 0, 0
118011, 18432, 0, 0, 0
118011, 30976, 1, 0, 0
119011, 16912, 0, 0, 0
119011, 28188, 1, 0, 0
120011, 21760, 0, 0, 0
120011, 35584, 1, 0, 0
121011, 21781, 0, 0, 0
121011, 37669, 1, 0, 0
122011, 19200, 0, 0, 0
122011, 33280, 1, 0, 0
123011, 17169, 0, 0, 0
123011, 31263, 1, 0, 0
124011, 18432, 0, 0, 0
124011, 30208, 1, 0, 0
125012, 18176, 0, 0, 0
125012, 33024, 1, 0, 0
126011, 16912, 0, 0, 0
126011, 33825, 1, 0, 0
127012, 21248, 0, 0, 0
127012, 37376, 1, 0, 0
128011, 14094, 0, 0, 0
128011, 27163, 1, 0, 0
129011, 19456, 0, 0, 0
129011, 32768, 1, 0, 0
130011, 20756, 0, 0, 0
130011, 36388, 1, 0, 0
131012, 17920, 0, 0, 0
131012, 32512, 1, 0, 0
132011, 18962, 0, 0, 0
132011, 35619, 1, 0, 0
133011, 20480, 0, 0, 0
133011, 35840, 1, 0, 0
134011, 16912, 0, 0, 0
134011, 29725, 1, 0, 0
135011, 18944, 0, 0, 0
135011, 35840, 1, 0, 0
136011, 17937, 0, 0, 0
136011, 33569, 1, 0, 0
137011, 16896, 0, 0, 0
137011, 33280, 1, 0, 0
138011, 15887, 0, 0, 0
138011, 31519, 1, 0, 0
139011, 17664, 0, 0, 0
139011, 36096, 1, 0, 0
140011, 17169, 0, 0, 0
140011, 37413, 1, 0, 0
141011, 13824, 0, 0, 0
141011, 31232, 1, 0, 0
142011, 17425, 0, 0, 0
142011, 37157, 1, 0, 0
143011, 14848, 0, 0, 0
143011, 33024, 1, 0, 0
144011, 13325, 0, 0, 0
144011, 29981, 1, 0, 0
145011, 14592, 0, 0, 0
145011, 32000, 1, 0, 0
146011, 15631, 0, 0, 0
146011, 34082, 1, 0, 0
147011, 14336, 0, 0, 0
147011, 29952, 1, 0, 0
148012, 16384, 0, 0, 0
148012, 34304, 1, 0, 0
149011, 16656, 0, 0, 0
149011, 33057, 1, 0, 0
150012, 16128, 0, 0, 0
150012, 34304, 1, 0, 0
151011, 12556, 0, 0, 0
151011, 28956, 1, 0, 0
152011, 17920, 0, 0, 0
152011, 36864, 1, 0, 0
153011, 15119, 0, 0, 0
153011, 29725, 1, 0, 0
154011, 15616, 0, 0, 0
154011, 34560, 1, 0, 0
155011, 15375, 0, 0, 0
155011, 31007, 1, 0, 0
156011, 14592, 0, 0, 0
156011, 30976, 1, 0, 0
157011, 13837, 0, 0, 0
157011, 31775, 1, 0, 0
158011, 14848, 0, 0, 0
158011, 30464, 1, 0, 0
159011, 13581, 0, 0, 0
159011, 29213, 1, 0, 0
160011, 14592, 0, 0, 0
160011, 32000, 1, 0, 0
161011, 17425, 0, 0, 0
161011, 33313, 1, 0, 0
162011, 15360, 0, 0, 0
162011, 29696, 1, 0, 0
163011, 17169, 0, 0, 0
163011, 31775, 1, 0, 0
164011, 15104, 0, 0, 0
164011, 28672, 1, 0, 0
165011, 14350, 0, 0, 0
165011, 28956, 1, 0, 0
166011, 16384, 0, 0, 0
166011, 28416, 1, 0, 0
167011, 16400, 0, 0, 0
167011, 33313, 1, 0, 0
168011, 15360, 0, 0, 0
168011, 29952, 1, 0, 0
169011, 16912, 0, 0, 0
169011, 31775, 1, 0, 0
170011, 15616, 0, 0, 0
170011, 27392, 1, 0, 0
171011, 18450, 0, 0, 0
171011, 33057, 1, 0, 0
172011, 18176, 0, 0, 0
172011, 31488, 1, 0, 0
173011, 16656, 0, 0, 0
173011, 28188, 1, 0, 0
174011, 15616, 0, 0, 0
174011, 25856, 1, 0, 0
175012, 16896, 0, 0, 0
175012, 29952, 1, 0, 0
176011, 17937, 0, 0, 0
176011, 30494, 1, 0, 0
177012, 18432, 0, 0, 0
177012, 30464, 1, 0, 0
178011, 17937, 0, 0, 0
178011, 31007, 1, 0, 0
179011, 19456, 0, 0, 0
179011, 31744, 1, 0, 0
