1000, 71424, 0, 0, 0
2000, 98560, 0, 0, 0
3001, 98048, 0, 0, 0
4000, 94302, 0, 0, 0
5000, 92672, 0, 0, 0
6001, 96000, 0, 0, 0
7000, 95327, 0, 0, 0
8000, 103168, 0, 0, 0
9001, 95744, 0, 0, 0
10000, 97377, 0, 0, 0
11000, 96256, 0, 0, 0
12000, 98658, 0, 0, 0
13000, 100096, 0, 0, 0
14001, 93696, 0, 0, 0
15000, 91483, 0, 0, 0
16000, 101120, 0, 0, 0
17001, 93952, 0, 0, 0
18000, 96352, 0, 0, 0
19000, 84224, 0, 0, 0
20001, 83200, 0, 0, 0
21000, 100964, 0, 0, 0
22000, 96512, 0, 0, 0
23000, 95488, 0, 0, 0
24000, 91227, 0, 0, 0
25000, 94208, 0, 0, 0
26000, 105472, 0, 0, 0
27000, 93533, 0, 0, 0
28000, 103424, 0, 0, 0
29000, 94976, 0, 0, 0
30000, 97377, 0, 0, 0
31000, 96512, 0, 0, 0
32001, 92672, 0, 0, 0
33000, 99939, 0, 0, 0
34000, 104704, 0, 0, 0
35001, 90368, 0, 0, 0
36000, 98402, 0, 0, 0
37000, 91648, 0, 0, 0
38001, 92416, 0, 0, 0
39000, 100964, 0, 0, 0
40000, 100608, 0, 0, 0
41001, 100352, 0, 0, 0
42000, 90458, 0, 0, 0
43000, 111616, 0, 0, 0
44001, 80640, 0, 0, 0
45000, 105833, 0, 0, 0
46000, 91392, 0, 0, 0
47001, 94720, 0, 0, 0
48000, 84820, 0, 0, 0
49000, 97280, 0, 0, 0
50001, 91904, 0, 0, 0
51000, 101477, 0, 0, 0
52000, 93696, 0, 0, 0
53001, 92416, 0, 0, 0
54000, 100708, 0, 0, 0
55000, 87808, 0, 0, 0
56000, 98816, 0, 0, 0
57000, 88664, 0, 0, 0
58000, 84992, 0, 0, 0
59001, 101376, 0, 0, 0
60000, 98658, 0, 0, 0
61000, 93184, 0, 0, 0
62000, 94464, 0, 0, 0
63000, 86870, 0, 0, 0
64000, 100608, 0, 0, 0
65001, 93696, 0, 0, 0
66000, 95327, 0, 0, 0
67000, 100608, 0, 0, 0
68001, 86272, 0, 0, 0
69000, 103015, 0, 0, 0
70000, 104448, 0, 0, 0
71001, 99072, 0, 0, 0
72000, 93533, 0, 0, 0
73000, 86784, 0, 0, 0
74000, 97633, 0, 0, 0
75000, 96512, 0, 0, 0
76000, 108288, 0, 0, 0
77001, 93184, 0, 0, 0
78000, 94558, 0, 0, 0
79000, 96256, 0, 0, 0
80001, 85504, 0, 0, 0
81000, 94558, 0, 0, 0
82000, 99840, 0, 0, 0
83001, 107008, 0, 0, 0
84000, 81489, 0, 0, 0
85000, 100352, 0, 0, 0
86001, 91392, 0, 0, 0
87000, 90970, 0, 0, 0
88000, 103424, 0, 0, 0
89001, 97536, 0, 0, 0
90000, 103271, 0, 0, 0
91000, 96256, 0, 0, 0
92000, 95839, 0, 0, 0
93000, 83456, 0, 0, 0
94000, 89344, 0, 0, 0
95000, 95327, 0, 0, 0
96000, 91392, 0, 0, 0
97000, 98304, 0, 0, 0
98000, 95327, 0, 0, 0
99000, 89856, 0, 0, 0
100000, 98304, 0, 0, 0
101001, 111616, 0, 0, 0
102000, 87127, 0, 0, 0
103000, 91136, 0, 0, 0
104001, 107776, 0, 0, 0
105000, 96352, 0, 0, 0
106000, 105728, 0, 0, 0
107001, 103424, 0, 0, 0
108000, 86870, 0, 0, 0
109000, 100608, 0, 0, 0
110001, 105984, 0, 0, 0
111000, 90714, 0, 0, 0
112000, 89344, 0, 0, 0
113000, 98146, 0, 0, 0
114000, 93952, 0, 0, 0
115000, 95488, 0, 0, 0
116000, 97377, 0, 0, 0
117000, 95744, 0, 0, 0
118000, 100608, 0, 0, 0
119000, 98914, 0, 0, 0
120000, 100096, 0, 0, 0
121001, 104448, 0, 0, 0
122000, 86870, 0, 0, 0
123000, 102400, 0, 0, 0
124001, 86016, 0, 0, 0
125000, 107371, 0, 0, 0
126000, 99584, 0, 0, 0
127000, 102246, 0, 0, 0
128000, 91904, 0, 0, 0
129000, 93440, 0, 0, 0
130000, 105321, 0, 0, 0
131000, 86272, 0, 0, 0
132001, 101632, 0, 0, 0
133000, 90714, 0, 0, 0
134000, 94464, 0, 0, 0
135001, 98048, 0, 0, 0
136000, 105321, 0, 0, 0
137000, 85504, 0, 0, 0
138000, 90970, 0, 0, 0
139000, 92672, 0, 0, 0
140000, 103680, 0, 0, 0
141000, 96864, 0, 0, 0
142000, 89088, 0, 0, 0
143000, 99584, 0, 0, 0
144000, 90458, 0, 0, 0
145000, 92672, 0, 0, 0
146001, 94464, 0, 0, 0
147000, 106858, 0, 0, 0
148000, 98048, 0, 0, 0
149000, 96608, 0, 0, 0
150000, 106496, 0, 0, 0
151001, 91904, 0, 0, 0
152000, 101989, 0, 0, 0
153000, 97024, 0, 0, 0
154001, 87808, 0, 0, 0
155000, 95839, 0, 0, 0
156001, 103168, 0, 0, 0
157000, 99171, 0, 0, 0
158000, 93696, 0, 0, 0
159000, 108140, 0, 0, 0
160000, 97792, 0, 0, 0
161000, 102144, 0, 0, 0
162000, 88920, 0, 0, 0
163000, 103680, 0, 0, 0
164001, 102912, 0, 0, 0
165000, 93277, 0, 0, 0
166000, 96768, 0, 0, 0
167001, 83968, 0, 0, 0
168000, 90714, 0, 0, 0
169000, 85248, 0, 0, 0
170001, 98816, 0, 0, 0
171000, 95071, 0, 0, 0
172000, 100096, 0, 0, 0
173001, 101376, 0, 0, 0
174000, 86614, 0, 0, 0
175000, 97792, 0, 0, 0
176001, 93952, 0, 0, 0
177000, 101221, 0, 0, 0
178000, 98560, 0, 0, 0
179000, 98816, 0, 0, 0
180000, 98658, 0, 0, 0
