1000, 18176, 0, 0, 0
2000, 47616, 0, 0, 0
3001, 50432, 0, 0, 0
4000, 42026, 0, 0, 0
5000, 46080, 0, 0, 0
6001, 49664, 0, 0, 0
7000, 51763, 0, 0, 0
8000, 44800, 0, 0, 0
9001, 44800, 0, 0, 0
10000, 52276, 0, 0, 0
11000, 52992, 0, 0, 0
12000, 48688, 0, 0, 0
13000, 46336, 0, 0, 0
14001, 49152, 0, 0, 0
15000, 49713, 0, 0, 0
16000, 51200, 0, 0, 0
17001, 48640, 0, 0, 0
18000, 38438, 0, 0, 0
19000, 43520, 0, 0, 0
20001, 39680, 0, 0, 0
21000, 46126, 0, 0, 0
22000, 54272, 0, 0, 0
23001, 36864, 0, 0, 0
24000, 54070, 0, 0, 0
25000, 53504, 0, 0, 0
26001, 42752, 0, 0, 0
27000, 48176, 0, 0, 0
28000, 52224, 0, 0, 0
29001, 43776, 0, 0, 0
30000, 41769, 0, 0, 0
31000, 40448, 0, 0, 0
32001, 48896, 0, 0, 0
33000, 46126, 0, 0, 0
34000, 49920, 0, 0, 0
35001, 38656, 0, 0, 0
36000, 45101, 0, 0, 0
37000, 51200, 0, 0, 0
38001, 43776, 0, 0, 0
39000, 44332, 0, 0, 0
40000, 48128, 0, 0, 0
41001, 45568, 0, 0, 0
42000, 47919, 0, 0, 0
43000, 44032, 0, 0, 0
44001, 48896, 0, 0, 0
45000, 50738, 0, 0, 0
46000, 50944, 0, 0, 0
47001, 48896, 0, 0, 0
48000, 48432, 0, 0, 0
49000, 40448, 0, 0, 0
50001, 45312, 0, 0, 0
51000, 46894, 0, 0, 0
52000, 50432, 0, 0, 0
53001, 50432, 0, 0, 0
54000, 49969, 0, 0, 0
55000, 52480, 0, 0, 0
56001, 47360, 0, 0, 0
57000, 52276, 0, 0, 0
58000, 41984, 0, 0, 0
59001, 52736, 0, 0, 0
60000, 42282, 0, 0, 0
61000, 44032, 0, 0, 0
62001, 53504, 0, 0, 0
63000, 49969, 0, 0, 0
64000, 52736, 0, 0, 0
65001, 44288, 0, 0, 0
66000, 41513, 0, 0, 0
67000, 50944, 0, 0, 0
68001, 44544, 0, 0, 0
69000, 50226, 0, 0, 0
70000, 43008, 0, 0, 0
71001, 50688, 0, 0, 0
72000, 54838, 0, 0, 0
73000, 46336, 0, 0, 0
74000, 45869, 0, 0, 0
75000, 53504, 0, 0, 0
76000, 49152, 0, 0, 0
77001, 43520, 0, 0, 0
78000, 48944, 0, 0, 0
79000, 48384, 0, 0, 0
80001, 45568, 0, 0, 0
81000, 40744, 0, 0, 0
82000, 51968, 0, 0, 0
83001, 38144, 0, 0, 0
84000, 52532, 0, 0, 0
85000, 46848, 0, 0, 0
86001, 46848, 0, 0, 0
87000, 45357, 0, 0, 0
88000, 47616, 0, 0, 0
89001, 51712, 0, 0, 0
90000, 48944, 0, 0, 0
91001, 53248, 0, 0, 0
92000, 56888, 0, 0, 0
93000, 44800, 0, 0, 0
94001, 43776, 0, 0, 0
95000, 50482, 0, 0, 0
96000, 48384, 0, 0, 0
97000, 48384, 0, 0, 0
98000, 46894, 0, 0, 0
99000, 48896, 0, 0, 0
100000, 49152, 0, 0, 0
101001, 44032, 0, 0, 0
102000, 49713, 0, 0, 0
103000, 46080, 0, 0, 0
104001, 49408, 0, 0, 0
105000, 55607, 0, 0, 0
106000, 47104, 0, 0, 0
107001, 45568, 0, 0, 0
108000, 52532, 0, 0, 0
109000, 45568, 0, 0, 0
110001, 49920, 0, 0, 0
111000, 50482, 0, 0, 0
112000, 55552, 0, 0, 0
113000, 50738, 0, 0, 0
114000, 53760, 0, 0, 0
115000, 51456, 0, 0, 0
116000, 45613, 0, 0, 0
117000, 48384, 0, 0, 0
118001, 47872, 0, 0, 0
119000, 48432, 0, 0, 0
120000, 45824, 0, 0, 0
121001, 37632, 0, 0, 0
122000, 42026, 0, 0, 0
123000, 44288, 0, 0, 0
124001, 44800, 0, 0, 0
125000, 41769, 0, 0, 0
126000, 47616, 0, 0, 0
127000, 44332, 0, 0, 0
128000, 48128, 0, 0, 0
129001, 50944, 0, 0, 0
130000, 54070, 0, 0, 0
131000, 40192, 0, 0, 0
132001, 45312, 0, 0, 0
133000, 39463, 0, 0, 0
134000, 43776, 0, 0, 0
135001, 47872, 0, 0, 0
136000, 46894, 0, 0, 0
137000, 53248, 0, 0, 0
138000, 46126, 0, 0, 0
139000, 49152, 0, 0, 0
140001, 54016, 0, 0, 0
141000, 52532, 0, 0, 0
142000, 45312, 0, 0, 0
143001, 37376, 0, 0, 0
144000, 47663, 0, 0, 0
145000, 50944, 0, 0, 0
146001, 47360, 0, 0, 0
147000, 50994, 0, 0, 0
148001, 37632, 0, 0, 0
149000, 36388, 0, 0, 0
150000, 53760, 0, 0, 0
151001, 50944, 0, 0, 0
152000, 50994, 0, 0, 0
153000, 43264, 0, 0, 0
154001, 42240, 0, 0, 0
155000, 50482, 0, 0, 0
156001, 44544, 0, 0, 0
157000, 41257, 0, 0, 0
158000, 48384, 0, 0, 0
159000, 52788, 0, 0, 0
160000, 42752, 0, 0, 0
161001, 51712, 0, 0, 0
162000, 47663, 0, 0, 0
163000, 51456, 0, 0, 0
164001, 55040, 0, 0, 0
165000, 50738, 0, 0, 0
166000, 47616, 0, 0, 0
167001, 51712, 0, 0, 0
168000, 43563, 0, 0, 0
169000, 55040, 0, 0, 0
170001, 52992, 0, 0, 0
171000, 50738, 0, 0, 0
172000, 56576, 0, 0, 0
173001, 52992, 0, 0, 0
174000, 55351, 0, 0, 0
175000, 47360, 0, 0, 0
176001, 44544, 0, 0, 0
177000, 55607, 0, 0, 0
178000, 45056, 0, 0, 0
179001, 47104, 0, 0, 0
180000, 47663, 0, 0, 0
