1000, 78336, 0, 0, 0
2001, 102144, 0, 0, 0
3001, 83200, 0, 0, 0
4000, 94814, 0, 0, 0
5001, 102912, 0, 0, 0
6001, 91648, 0, 0, 0
7000, 99427, 0, 0, 0
8001, 97536, 0, 0, 0
9001, 97536, 0, 0, 0
10000, 95327, 0, 0, 0
11001, 95744, 0, 0, 0
12000, 98146, 0, 0, 0
13001, 92160, 0, 0, 0
14001, 95744, 0, 0, 0
15000, 91483, 0, 0, 0
16001, 98560, 0, 0, 0
17001, 92928, 0, 0, 0
18000, 94558, 0, 0, 0
19001, 88832, 0, 0, 0
20001, 99584, 0, 0, 0
21000, 99171, 0, 0, 0
22001, 108032, 0, 0, 0
23001, 97024, 0, 0, 0
24000, 112496, 0, 0, 0
25000, 95744, 0, 0, 0
26001, 93696, 0, 0, 0
27000, 89945, 0, 0, 0
28000, 95488, 0, 0, 0
29001, 91136, 0, 0, 0
30000, 96096, 0, 0, 0
31001, 93952, 0, 0, 0
32001, 96512, 0, 0, 0
33000, 96864, 0, 0, 0
34001, 92416, 0, 0, 0
35001, 110336, 0, 0, 0
36000, 91227, 0, 0, 0
37001, 99328, 0, 0, 0
38001, 95488, 0, 0, 0
39000, 98914, 0, 0, 0
40001, 96512, 0, 0, 0
41001, 103680, 0, 0, 0
42000, 99171, 0, 0, 0
43001, 106496, 0, 0, 0
44001, 100096, 0, 0, 0
45000, 98402, 0, 0, 0
46001, 99584, 0, 0, 0
47001, 86016, 0, 0, 0
48000, 95071, 0, 0, 0
49001, 99072, 0, 0, 0
50001, 96000, 0, 0, 0
51000, 95327, 0, 0, 0
52001, 105728, 0, 0, 0
53001, 99840, 0, 0, 0
54000, 96864, 0, 0, 0
55000, 94464, 0, 0, 0
56001, 91392, 0, 0, 0
57000, 97377, 0, 0, 0
58001, 86528, 0, 0, 0
59001, 98304, 0, 0, 0
60000, 94046, 0, 0, 0
61001, 96000, 0, 0, 0
62001, 99328, 0, 0, 0
63000, 98402, 0, 0, 0
64001, 103680, 0, 0, 0
65001, 109824, 0, 0, 0
66000, 89433, 0, 0, 0
67001, 102400, 0, 0, 0
68001, 102656, 0, 0, 0
69000, 94558, 0, 0, 0
70001, 87296, 0, 0, 0
71001, 107520, 0, 0, 0
72000, 84564, 0, 0, 0
73001, 103168, 0, 0, 0
74000, 87895, 0, 0, 0
75000, 101376, 0, 0, 0
76001, 99584, 0, 0, 0
77001, 107520, 0, 0, 0
78000, 105577, 0, 0, 0
79001, 94720, 0, 0, 0
80001, 87552, 0, 0, 0
81000, 86614, 0, 0, 0
82001, 93696, 0, 0, 0
83001, 95488, 0, 0, 0
84000, 104808, 0, 0, 0
85001, 87808, 0, 0, 0
86001, 95488, 0, 0, 0
87000, 95327, 0, 0, 0
88001, 101888, 0, 0, 0
89001, 99584, 0, 0, 0
90000, 100196, 0, 0, 0
91001, 96256, 0, 0, 0
92000, 95839, 0, 0, 0
93000, 91648, 0, 0, 0
94001, 87040, 0, 0, 0
95000, 89177, 0, 0, 0
96000, 100864, 0, 0, 0
97001, 94976, 0, 0, 0
98000, 80720, 0, 0, 0
99000, 99584, 0, 0, 0
100001, 95232, 0, 0, 0
101001, 93440, 0, 0, 0
102000, 98658, 0, 0, 0
103001, 92928, 0, 0, 0
104001, 97792, 0, 0, 0
105000, 93277, 0, 0, 0
106000, 87808, 0, 0, 0
107001, 87040, 0, 0, 0
108000, 92252, 0, 0, 0
109001, 94208, 0, 0, 0
110001, 97536, 0, 0, 0
111000, 89945, 0, 0, 0
112001, 93440, 0, 0, 0
113000, 100196, 0, 0, 0
114000, 96256, 0, 0, 0
115001, 98816, 0, 0, 0
116000, 95583, 0, 0, 0
117000, 99584, 0, 0, 0
118001, 96256, 0, 0, 0
119000, 93021, 0, 0, 0
120000, 97536, 0, 0, 0
121001, 104448, 0, 0, 0
122000, 109677, 0, 0, 0
123001, 104448, 0, 0, 0
124001, 98560, 0, 0, 0
125000, 94302, 0, 0, 0
126001, 109056, 0, 0, 0
127000, 96096, 0, 0, 0
128000, 84992, 0, 0, 0
129001, 106240, 0, 0, 0
130000, 93021, 0, 0, 0
131001, 91648, 0, 0, 0
132001, 97280, 0, 0, 0
133000, 94558, 0, 0, 0
134001, 101888, 0, 0, 0
135001, 97024, 0, 0, 0
136000, 80976, 0, 0, 0
137001, 94208, 0, 0, 0
138000, 87127, 0, 0, 0
139000, 88064, 0, 0, 0
140001, 115968, 0, 0, 0
141000, 96352, 0, 0, 0
142000, 90112, 0, 0, 0
143001, 99584, 0, 0, 0
144000, 88920, 0, 0, 0
145001, 96768, 0, 0, 0
146001, 97280, 0, 0, 0
147000, 101989, 0, 0, 0
148001, 105216, 0, 0, 0
149000, 88152, 0, 0, 0
150001, 91392, 0, 0, 0
151001, 109568, 0, 0, 0
152000, 86870, 0, 0, 0
153001, 98816, 0, 0, 0
154001, 100352, 0, 0, 0
155000, 100708, 0, 0, 0
156001, 99840, 0, 0, 0
157000, 105321, 0, 0, 0
158001, 89344, 0, 0, 0
159000, 97377, 0, 0, 0
160000, 99840, 0, 0, 0
161001, 96256, 0, 0, 0
162000, 96096, 0, 0, 0
163000, 97792, 0, 0, 0
164001, 94208, 0, 0, 0
165000, 88920, 0, 0, 0
166001, 95744, 0, 0, 0
167001, 89088, 0, 0, 0
168000, 93277, 0, 0, 0
169001, 92160, 0, 0, 0
170001, 101632, 0, 0, 0
171000, 101989, 0, 0, 0
172001, 94464, 0, 0, 0
173001, 91648, 0, 0, 0
174000, 93533, 0, 0, 0
175001, 94464, 0, 0, 0
176001, 98816, 0, 0, 0
177000, 97889, 0, 0, 0
178000, 91904, 0, 0, 0
179001, 101120, 0, 0, 0
180000, 96608, 0, 0, 0
