1000, 66304, 0, 0, 0
2001, 103424, 0, 0, 0
3001, 92928, 0, 0, 0
4000, 100196, 0, 0, 0
5001, 89600, 0, 0, 0
6001, 101632, 0, 0, 0
7000, 90970, 0, 0, 0
8001, 98560, 0, 0, 0
9001, 96512, 0, 0, 0
10000, 93277, 0, 0, 0
11001, 96512, 0, 0, 0
12000, 107627, 0, 0, 0
13000, 89088, 0, 0, 0
14001, 88320, 0, 0, 0
15000, 89945, 0, 0, 0
16001, 102912, 0, 0, 0
17001, 108288, 0, 0, 0
18000, 92252, 0, 0, 0
19001, 81152, 0, 0, 0
20001, 95744, 0, 0, 0
21000, 96608, 0, 0, 0
22000, 96768, 0, 0, 0
23001, 103936, 0, 0, 0
24000, 97121, 0, 0, 0
25000, 104960, 0, 0, 0
26001, 91136, 0, 0, 0
27000, 107115, 0, 0, 0
28000, 90368, 0, 0, 0
29001, 98048, 0, 0, 0
30000, 87383, 0, 0, 0
31000, 96000, 0, 0, 0
32001, 99328, 0, 0, 0
33000, 105577, 0, 0, 0
34001, 95488, 0, 0, 0
35001, 107520, 0, 0, 0
36000, 83539, 0, 0, 0
37001, 103680, 0, 0, 0
38001, 92928, 0, 0, 0
39000, 100708, 0, 0, 0
40001, 95744, 0, 0, 0
41001, 86272, 0, 0, 0
42000, 93789, 0, 0, 0
43001, 92416, 0, 0, 0
44001, 89600, 0, 0, 0
45000, 92252, 0, 0, 0
46001, 103424, 0, 0, 0
47001, 102912, 0, 0, 0
48000, 90458, 0, 0, 0
49001, 104192, 0, 0, 0
50001, 96768, 0, 0, 0
51000, 96096, 0, 0, 0
52001, 97024, 0, 0, 0
53001, 103424, 0, 0, 0
54000, 89689, 0, 0, 0
55000, 91648, 0, 0, 0
56001, 97024, 0, 0, 0
57000, 94302, 0, 0, 0
58000, 96256, 0, 0, 0
59001, 106496, 0, 0, 0
60000, 96096, 0, 0, 0
61000, 103680, 0, 0, 0
62001, 97280, 0, 0, 0
63000, 87383, 0, 0, 0
64001, 93184, 0, 0, 0
65001, 101888, 0, 0, 0
66000, 86102, 0, 0, 0
67001, 106752, 0, 0, 0
68001, 100608, 0, 0, 0
69000, 100708, 0, 0, 0
70001, 100352, 0, 0, 0
71001, 90624, 0, 0, 0
72000, 91483, 0, 0, 0
73001, 101632, 0, 0, 0
74000, 98146, 0, 0, 0
75000, 92672, 0, 0, 0
76001, 89088, 0, 0, 0
77001, 90112, 0, 0, 0
78000, 111727, 0, 0, 0
79001, 89600, 0, 0, 0
80001, 97024, 0, 0, 0
81000, 102246, 0, 0, 0
82001, 96768, 0, 0, 0
83001, 106752, 0, 0, 0
84000, 100196, 0, 0, 0
85000, 99840, 0, 0, 0
86001, 107520, 0, 0, 0
87000, 93021, 0, 0, 0
88001, 99840, 0, 0, 0
89001, 90880, 0, 0, 0
90000, 93533, 0, 0, 0
91001, 110080, 0, 0, 0
92000, 98658, 0, 0, 0
93000, 108800, 0, 0, 0
94001, 91136, 0, 0, 0
95000, 96864, 0, 0, 0
96000, 102912, 0, 0, 0
97001, 92416, 0, 0, 0
98000, 88408, 0, 0, 0
99000, 85760, 0, 0, 0
100001, 100096, 0, 0, 0
101001, 99072, 0, 0, 0
102000, 90970, 0, 0, 0
103001, 93440, 0, 0, 0
104001, 113408, 0, 0, 0
105000, 86102, 0, 0, 0
106000, 92928, 0, 0, 0
107001, 87040, 0, 0, 0
108000, 91227, 0, 0, 0
109001, 95232, 0, 0, 0
110001, 103680, 0, 0, 0
111000, 101733, 0, 0, 0
112001, 94976, 0, 0, 0
113000, 105577, 0, 0, 0
114000, 102656, 0, 0, 0
115001, 98048, 0, 0, 0
116000, 92252, 0, 0, 0
117000, 98048, 0, 0, 0
118001, 99328, 0, 0, 0
119000, 93277, 0, 0, 0
120000, 93696, 0, 0, 0
121001, 99584, 0, 0, 0
122000, 98402, 0, 0, 0
123001, 107264, 0, 0, 0
124001, 94976, 0, 0, 0
125000, 80976, 0, 0, 0
126001, 91392, 0, 0, 0
127000, 102246, 0, 0, 0
128000, 93440, 0, 0, 0
129001, 104960, 0, 0, 0
130000, 101733, 0, 0, 0
131000, 93440, 0, 0, 0
132001, 94208, 0, 0, 0
133000, 108652, 0, 0, 0
134001, 104960, 0, 0, 0
135001, 101120, 0, 0, 0
136000, 101221, 0, 0, 0
137001, 105216, 0, 0, 0
138000, 97633, 0, 0, 0
139000, 90368, 0, 0, 0
140001, 96256, 0, 0, 0
141000, 94558, 0, 0, 0
142000, 98304, 0, 0, 0
143001, 89600, 0, 0, 0
144000, 94814, 0, 0, 0
145000, 100352, 0, 0, 0
146001, 104704, 0, 0, 0
147000, 100196, 0, 0, 0
148001, 102400, 0, 0, 0
149000, 99427, 0, 0, 0
150001, 91648, 0, 0, 0
151001, 97024, 0, 0, 0
152000, 90458, 0, 0, 0
153001, 90112, 0, 0, 0
154001, 97280, 0, 0, 0
155000, 115827, 0, 0, 0
156001, 88832, 0, 0, 0
157000, 106090, 0, 0, 0
158001, 100352, 0, 0, 0
159000, 93789, 0, 0, 0
160000, 92160, 0, 0, 0
161001, 101376, 0, 0, 0
162000, 93021, 0, 0, 0
163000, 99072, 0, 0, 0
164001, 93440, 0, 0, 0
165000, 95839, 0, 0, 0
166001, 101376, 0, 0, 0
167001, 108288, 0, 0, 0
168000, 97889, 0, 0, 0
169001, 106240, 0, 0, 0
170001, 89344, 0, 0, 0
171000, 106858, 0, 0, 0
172001, 87552, 0, 0, 0
173001, 96256, 0, 0, 0
174000, 93277, 0, 0, 0
175001, 100608, 0, 0, 0
176001, 100608, 0, 0, 0
177000, 96864, 0, 0, 0
178000, 101376, 0, 0, 0
179001, 110080, 0, 0, 0
180000, 98658, 0, 0, 0
