1000, 12812, 0, 0, 0
2000, 49408, 0, 0, 0
3000, 46848, 0, 0, 0
4000, 53045, 0, 0, 0
5000, 52736, 0, 0, 0
6000, 45056, 0, 0, 0
7000, 45869, 0, 0, 0
8000, 47104, 0, 0, 0
9001, 46080, 0, 0, 0
10000, 41001, 0, 0, 0
11000, 43520, 0, 0, 0
12000, 48176, 0, 0, 0
13000, 44032, 0, 0, 0
14000, 51712, 0, 0, 0
15000, 49713, 0, 0, 0
16000, 46080, 0, 0, 0
17000, 50944, 0, 0, 0
18000, 55607, 0, 0, 0
19000, 50688, 0, 0, 0
20000, 52736, 0, 0, 0
21000, 49457, 0, 0, 0
22000, 38144, 0, 0, 0
23000, 38400, 0, 0, 0
24000, 46382, 0, 0, 0
25000, 45824, 0, 0, 0
26000, 45056, 0, 0, 0
27000, 50226, 0, 0, 0
28000, 45824, 0, 0, 0
29000, 44288, 0, 0, 0
30000, 43563, 0, 0, 0
31000, 41472, 0, 0, 0
32000, 45312, 0, 0, 0
33000, 42794, 0, 0, 0
34000, 45056, 0, 0, 0
35000, 48128, 0, 0, 0
36000, 46638, 0, 0, 0
37000, 50176, 0, 0, 0
38000, 47872, 0, 0, 0
39000, 46126, 0, 0, 0
40000, 48640, 0, 0, 0
41000, 55552, 0, 0, 0
42000, 52020, 0, 0, 0
43000, 51968, 0, 0, 0
44000, 49920, 0, 0, 0
45000, 48432, 0, 0, 0
46000, 37632, 0, 0, 0
47000, 51712, 0, 0, 0
48000, 49457, 0, 0, 0
49000, 47104, 0, 0, 0
50000, 41216, 0, 0, 0
51000, 54582, 0, 0, 0
52000, 50688, 0, 0, 0
53000, 44032, 0, 0, 0
54000, 50482, 0, 0, 0
55000, 47104, 0, 0, 0
56000, 61952, 0, 0, 0
57000, 49713, 0, 0, 0
58000, 46848, 0, 0, 0
59000, 46592, 0, 0, 0
60000, 40488, 0, 0, 0
61000, 42752, 0, 0, 0
62000, 49408, 0, 0, 0
63000, 53813, 0, 0, 0
64000, 47872, 0, 0, 0
65000, 38144, 0, 0, 0
66000, 51763, 0, 0, 0
67000, 40448, 0, 0, 0
68000, 39936, 0, 0, 0
69000, 57145, 0, 0, 0
70000, 50432, 0, 0, 0
71001, 50176, 0, 0, 0
72000, 44332, 0, 0, 0
73000, 47360, 0, 0, 0
74000, 48176, 0, 0, 0
75000, 50176, 0, 0, 0
76000, 47872, 0, 0, 0
77001, 51968, 0, 0, 0
78000, 43563, 0, 0, 0
79000, 41472, 0, 0, 0
80000, 51456, 0, 0, 0
81000, 49457, 0, 0, 0
82000, 50944, 0, 0, 0
83000, 41472, 0, 0, 0
84000, 46382, 0, 0, 0
85000, 56576, 0, 0, 0
86000, 48640, 0, 0, 0
87000, 45101, 0, 0, 0
88000, 43008, 0, 0, 0
89001, 46080, 0, 0, 0
90000, 43819, 0, 0, 0
91000, 44032, 0, 0, 0
92000, 49713, 0, 0, 0
93000, 47104, 0, 0, 0
94000, 50944, 0, 0, 0
95000, 43819, 0, 0, 0
96000, 42240, 0, 0, 0
97000, 48896, 0, 0, 0
98000, 46382, 0, 0, 0
99000, 48896, 0, 0, 0
100000, 45568, 0, 0, 0
101000, 52480, 0, 0, 0
102000, 51763, 0, 0, 0
103000, 44800, 0, 0, 0
104000, 51456, 0, 0, 0
105000, 46126, 0, 0, 0
106000, 47104, 0, 0, 0
107000, 49152, 0, 0, 0
108000, 50482, 0, 0, 0
109000, 45824, 0, 0, 0
110001, 50432, 0, 0, 0
111000, 44076, 0, 0, 0
112000, 52992, 0, 0, 0
113000, 54070, 0, 0, 0
114000, 48640, 0, 0, 0
115000, 41216, 0, 0, 0
116000, 52788, 0, 0, 0
117000, 52736, 0, 0, 0
118000, 50176, 0, 0, 0
119000, 49713, 0, 0, 0
120000, 47360, 0, 0, 0
121000, 48640, 0, 0, 0
122000, 56376, 0, 0, 0
123000, 50432, 0, 0, 0
124001, 48896, 0, 0, 0
125000, 54070, 0, 0, 0
126000, 51712, 0, 0, 0
127000, 46382, 0, 0, 0
128000, 48640, 0, 0, 0
129000, 46080, 0, 0, 0
130000, 39719, 0, 0, 0
131000, 52480, 0, 0, 0
132000, 48640, 0, 0, 0
133000, 45613, 0, 0, 0
134000, 46080, 0, 0, 0
135001, 51712, 0, 0, 0
136000, 48432, 0, 0, 0
137000, 45312, 0, 0, 0
138000, 47663, 0, 0, 0
139000, 51456, 0, 0, 0
140000, 52736, 0, 0, 0
141000, 44076, 0, 0, 0
142000, 51968, 0, 0, 0
143000, 46592, 0, 0, 0
144000, 47663, 0, 0, 0
145000, 51968, 0, 0, 0
146001, 54528, 0, 0, 0
147000, 49969, 0, 0, 0
148000, 42496, 0, 0, 0
149000, 43819, 0, 0, 0
150000, 59392, 0, 0, 0
151000, 47872, 0, 0, 0
152000, 46638, 0, 0, 0
153000, 43776, 0, 0, 0
154001, 54016, 0, 0, 0
155000, 48688, 0, 0, 0
156000, 49920, 0, 0, 0
157000, 45357, 0, 0, 0
158000, 51968, 0, 0, 0
159000, 53813, 0, 0, 0
160000, 39424, 0, 0, 0
161000, 44800, 0, 0, 0
162000, 41769, 0, 0, 0
163000, 50688, 0, 0, 0
164000, 37632, 0, 0, 0
165000, 46638, 0, 0, 0
166000, 51968, 0, 0, 0
167000, 40960, 0, 0, 0
168000, 47407, 0, 0, 0
169000, 47104, 0, 0, 0
170000, 51712, 0, 0, 0
171000, 51507, 0, 0, 0
172000, 44800, 0, 0, 0
173000, 42752, 0, 0, 0
174000, 46382, 0, 0, 0
175000, 55296, 0, 0, 0
176000, 44800, 0, 0, 0
177000, 40232, 0, 0, 0
178000, 41984, 0, 0, 0
179000, 49152, 0, 0, 0
180000, 50482, 0, 0, 0
