1000, 15360, 0, 0, 0
2001, 50688, 0, 0, 0
3001, 45824, 0, 0, 0
4000, 45101, 0, 0, 0
5001, 54272, 0, 0, 0
6001, 45568, 0, 0, 0
7000, 52788, 0, 0, 0
8001, 48384, 0, 0, 0
9001, 49920, 0, 0, 0
10000, 49969, 0, 0, 0
11001, 53760, 0, 0, 0
12000, 53813, 0, 0, 0
13001, 39936, 0, 0, 0
14001, 49664, 0, 0, 0
15000, 48176, 0, 0, 0
16001, 47872, 0, 0, 0
17001, 38400, 0, 0, 0
18000, 45357, 0, 0, 0
19001, 41472, 0, 0, 0
20001, 50176, 0, 0, 0
21000, 53557, 0, 0, 0
22000, 47104, 0, 0, 0
23001, 49152, 0, 0, 0
24000, 52020, 0, 0, 0
25000, 47104, 0, 0, 0
26001, 38656, 0, 0, 0
27000, 40744, 0, 0, 0
28000, 43008, 0, 0, 0
29001, 54528, 0, 0, 0
30000, 47407, 0, 0, 0
31000, 47616, 0, 0, 0
32001, 49408, 0, 0, 0
33000, 48688, 0, 0, 0
34001, 38912, 0, 0, 0
35001, 48640, 0, 0, 0
36000, 50738, 0, 0, 0
37001, 48384, 0, 0, 0
38001, 50176, 0, 0, 0
39000, 44076, 0, 0, 0
40001, 54528, 0, 0, 0
41001, 43008, 0, 0, 0
42000, 58682, 0, 0, 0
43001, 57600, 0, 0, 0
44001, 44800, 0, 0, 0
45000, 46894, 0, 0, 0
46001, 49664, 0, 0, 0
47001, 50944, 0, 0, 0
48000, 49201, 0, 0, 0
49001, 48384, 0, 0, 0
50001, 53760, 0, 0, 0
51000, 45613, 0, 0, 0
52001, 50176, 0, 0, 0
53001, 43264, 0, 0, 0
54000, 49713, 0, 0, 0
55000, 44544, 0, 0, 0
56001, 46592, 0, 0, 0
57000, 49201, 0, 0, 0
58001, 42752, 0, 0, 0
59001, 41728, 0, 0, 0
60000, 49457, 0, 0, 0
61000, 49920, 0, 0, 0
62001, 44800, 0, 0, 0
63000, 47407, 0, 0, 0
64001, 44288, 0, 0, 0
65001, 51456, 0, 0, 0
66000, 49969, 0, 0, 0
67001, 42240, 0, 0, 0
68001, 53760, 0, 0, 0
69000, 44844, 0, 0, 0
70001, 43776, 0, 0, 0
71001, 42496, 0, 0, 0
72000, 54070, 0, 0, 0
73001, 42496, 0, 0, 0
74000, 47151, 0, 0, 0
75000, 45568, 0, 0, 0
76001, 45568, 0, 0, 0
77001, 43520, 0, 0, 0
78000, 48432, 0, 0, 0
79001, 49664, 0, 0, 0
80001, 48640, 0, 0, 0
81000, 45869, 0, 0, 0
82001, 44032, 0, 0, 0
83001, 51456, 0, 0, 0
84000, 43819, 0, 0, 0
85001, 51200, 0, 0, 0
86001, 45056, 0, 0, 0
87000, 52788, 0, 0, 0
88001, 47360, 0, 0, 0
89001, 48128, 0, 0, 0
90000, 52276, 0, 0, 0
91001, 37120, 0, 0, 0
92000, 38950, 0, 0, 0
93000, 48896, 0, 0, 0
94001, 52480, 0, 0, 0
95000, 50738, 0, 0, 0
96000, 45824, 0, 0, 0
97001, 49664, 0, 0, 0
98000, 48176, 0, 0, 0
99000, 47872, 0, 0, 0
100001, 37120, 0, 0, 0
101001, 45824, 0, 0, 0
102000, 48176, 0, 0, 0
103001, 54016, 0, 0, 0
104001, 50176, 0, 0, 0
105000, 50226, 0, 0, 0
106000, 47872, 0, 0, 0
107001, 44032, 0, 0, 0
108000, 57657, 0, 0, 0
109001, 48640, 0, 0, 0
110001, 39936, 0, 0, 0
111000, 47663, 0, 0, 0
112001, 44032, 0, 0, 0
113000, 39975, 0, 0, 0
114000, 52480, 0, 0, 0
115001, 51968, 0, 0, 0
116000, 45357, 0, 0, 0
117000, 58368, 0, 0, 0
118001, 49152, 0, 0, 0
119000, 50738, 0, 0, 0
120000, 53248, 0, 0, 0
121001, 43008, 0, 0, 0
122000, 57401, 0, 0, 0
123001, 47360, 0, 0, 0
124001, 48896, 0, 0, 0
125000, 45101, 0, 0, 0
126001, 50944, 0, 0, 0
127000, 48688, 0, 0, 0
128000, 49920, 0, 0, 0
129001, 45568, 0, 0, 0
130000, 47151, 0, 0, 0
131000, 48640, 0, 0, 0
132001, 45056, 0, 0, 0
133000, 48944, 0, 0, 0
134001, 41216, 0, 0, 0
135001, 44544, 0, 0, 0
136000, 54326, 0, 0, 0
137001, 44288, 0, 0, 0
138000, 43563, 0, 0, 0
139000, 49664, 0, 0, 0
140001, 56832, 0, 0, 0
141000, 46126, 0, 0, 0
142000, 50944, 0, 0, 0
143001, 43776, 0, 0, 0
144000, 45101, 0, 0, 0
145000, 50688, 0, 0, 0
146001, 52736, 0, 0, 0
147000, 46382, 0, 0, 0
148001, 44544, 0, 0, 0
149000, 48432, 0, 0, 0
150001, 40704, 0, 0, 0
151001, 51712, 0, 0, 0
152000, 41769, 0, 0, 0
153001, 38144, 0, 0, 0
154001, 42752, 0, 0, 0
155000, 45101, 0, 0, 0
156001, 41216, 0, 0, 0
157000, 46382, 0, 0, 0
158001, 55040, 0, 0, 0
159000, 48688, 0, 0, 0
160000, 52480, 0, 0, 0
161001, 46336, 0, 0, 0
162000, 53301, 0, 0, 0
163000, 47616, 0, 0, 0
164001, 50688, 0, 0, 0
165000, 49457, 0, 0, 0
166001, 44544, 0, 0, 0
167001, 46080, 0, 0, 0
168000, 44076, 0, 0, 0
169001, 47360, 0, 0, 0
170001, 50944, 0, 0, 0
171000, 53557, 0, 0, 0
172001, 49920, 0, 0, 0
173001, 50176, 0, 0, 0
174000, 44588, 0, 0, 0
175001, 50176, 0, 0, 0
176001, 48640, 0, 0, 0
177000, 49969, 0, 0, 0
178000, 40960, 0, 0, 0
179001, 39424, 0, 0, 0
180000, 46638, 0, 0, 0
