1000, 26624, 0, 0, 0
1000, 21760, 1, 0, 0
1999, 42794, 0, 0, 0
1999, 48176, 1, 0, 0
2999, 43563, 0, 0, 0
2999, 45357, 1, 0, 0
3998, 47919, 0, 0, 0
3998, 46894, 1, 0, 0
4997, 49713, 0, 0, 0
4997, 55863, 1, 0, 0
5997, 56632, 0, 0, 0
5997, 50994, 1, 0, 0
6996, 47663, 0, 0, 0
6996, 48688, 1, 0, 0
7995, 50994, 0, 0, 0
7995, 45869, 1, 0, 0
8996, 44755, 0, 0, 0
8996, 43476, 1, 0, 0
9998, 51660, 0, 0, 0
9998, 49870, 1, 0, 0
10999, 49870, 0, 0, 0
10999, 45778, 1, 0, 0
12000, 47360, 0, 0, 0
12000, 46336, 1, 0, 0
13001, 56519, 0, 0, 0
13001, 58053, 1, 0, 0
14003, 48591, 0, 0, 0
14003, 51660, 1, 0, 0
15004, 61122, 0, 0, 0
15004, 56007, 1, 0, 0
16005, 50381, 0, 0, 0
16005, 46545, 1, 0, 0
17007, 43732, 0, 0, 0
17007, 45522, 1, 0, 0
18008, 50125, 0, 0, 0
18008, 50893, 1, 0, 0
19009, 48847, 0, 0, 0
19009, 45778, 1, 0, 0
20011, 45778, 0, 0, 0
20011, 46801, 1, 0, 0
21012, 35292, 0, 0, 0
21012, 41942, 1, 0, 0
22014, 47056, 0, 0, 0
22014, 52683, 1, 0, 0
23015, 40151, 0, 0, 0
23015, 39128, 1, 0, 0
24016, 42197, 0, 0, 0
24016, 45266, 1, 0, 0
25017, 49870, 0, 0, 0
25017, 49870, 1, 0, 0
26019, 59332, 0, 0, 0
26019, 49870, 1, 0, 0
27020, 55240, 0, 0, 0
27020, 52427, 1, 0, 0
28021, 40663, 0, 0, 0
28021, 42197, 1, 0, 0
29023, 48847, 0, 0, 0
29023, 42197, 1, 0, 0
30024, 56263, 0, 0, 0
30024, 53450, 1, 0, 0
31025, 51916, 0, 0, 0
31025, 53194, 1, 0, 0
32027, 60867, 0, 0, 0
32027, 57030, 1, 0, 0
33028, 54985, 0, 0, 0
33028, 57030, 1, 0, 0
34030, 61890, 0, 0, 0
34030, 52171, 1, 0, 0
35031, 56263, 0, 0, 0
35031, 51660, 1, 0, 0
36033, 52683, 0, 0, 0
36033, 54217, 1, 0, 0
37034, 46033, 0, 0, 0
37034, 44755, 1, 0, 0
38035, 41686, 0, 0, 0
38035, 45778, 1, 0, 0
39037, 43732, 0, 0, 0
39037, 49870, 1, 0, 0
40038, 59588, 0, 0, 0
40038, 54729, 1, 0, 0
41039, 50125, 0, 0, 0
41039, 50637, 1, 0, 0
42041, 45266, 0, 0, 0
42041, 48591, 1, 0, 0
43042, 44243, 0, 0, 0
43042, 50125, 1, 0, 0
44043, 42453, 0, 0, 0
44043, 47312, 1, 0, 0
45044, 61378, 0, 0, 0
45044, 48079, 1, 0, 0
46046, 54729, 0, 0, 0
46046, 58821, 1, 0, 0
47047, 43988, 0, 0, 0
47047, 43988, 1, 0, 0
48048, 36827, 0, 0, 0
48048, 43476, 1, 0, 0
49050, 49614, 0, 0, 0
49050, 50125, 1, 0, 0
50051, 47568, 0, 0, 0
50051, 50637, 1, 0, 0
51053, 48591, 0, 0, 0
51053, 49870, 1, 0, 0
52054, 51148, 0, 0, 0
52054, 46545, 1, 0, 0
53055, 42453, 0, 0, 0
53055, 47824, 1, 0, 0
54056, 57286, 0, 0, 0
54056, 56263, 1, 0, 0
55057, 42453, 0, 0, 0
55057, 43732, 1, 0, 0
56058, 47616, 0, 0, 0
56058, 54272, 1, 0, 0
57060, 45266, 0, 0, 0
57060, 50637, 1, 0, 0
58061, 52427, 0, 0, 0
58061, 49358, 1, 0, 0
59062, 43732, 0, 0, 0
59062, 51148, 1, 0, 0
60064, 45778, 0, 0, 0
60064, 45778, 1, 0, 0
61065, 49102, 0, 0, 0
61065, 49358, 1, 0, 0
62067, 48847, 0, 0, 0
62067, 50125, 1, 0, 0
63068, 51404, 0, 0, 0
63068, 55240, 1, 0, 0
64070, 43988, 0, 0, 0
64070, 46289, 1, 0, 0
65071, 45522, 0, 0, 0
65071, 51916, 1, 0, 0
66072, 52939, 0, 0, 0
66072, 51148, 1, 0, 0
67074, 54473, 0, 0, 0
67074, 48591, 1, 0, 0
68075, 46801, 0, 0, 0
68075, 53450, 1, 0, 0
69076, 59844, 0, 0, 0
69076, 49358, 1, 0, 0
70078, 50637, 0, 0, 0
70078, 47824, 1, 0, 0
71079, 43732, 0, 0, 0
71079, 46545, 1, 0, 0
72081, 47312, 0, 0, 0
72081, 48847, 1, 0, 0
73082, 52683, 0, 0, 0
73082, 52939, 1, 0, 0
74084, 52939, 0, 0, 0
74084, 59844, 1, 0, 0
75085, 49614, 0, 0, 0
75085, 48847, 1, 0, 0
76086, 53450, 0, 0, 0
76086, 48847, 1, 0, 0
77088, 52171, 0, 0, 0
77088, 50637, 1, 0, 0
78089, 48847, 0, 0, 0
78089, 49870, 1, 0, 0
79090, 40919, 0, 0, 0
79090, 47056, 1, 0, 0
80092, 49358, 0, 0, 0
80092, 48079, 1, 0, 0
81093, 65470, 0, 0, 0
81093, 60611, 1, 0, 0
82095, 53706, 0, 0, 0
82095, 52939, 1, 0, 0
83096, 51404, 0, 0, 0
83096, 48847, 1, 0, 0
84098, 46033, 0, 0, 0
84098, 53706, 1, 0, 0
85099, 51148, 0, 0, 0
85099, 50893, 1, 0, 0
86100, 52171, 0, 0, 0
86100, 50893, 1, 0, 0
87102, 43476, 0, 0, 0
87102, 46801, 1, 0, 0
88103, 53194, 0, 0, 0
88103, 52171, 1, 0, 0
89104, 51660, 0, 0, 0
89104, 49358, 1, 0, 0
90106, 49614, 0, 0, 0
90106, 42965, 1, 0, 0
91107, 60867, 0, 0, 0
91107, 56775, 1, 0, 0
92108, 42709, 0, 0, 0
92108, 52939, 1, 0, 0
93110, 53194, 0, 0, 0
93110, 51660, 1, 0, 0
94111, 36059, 0, 0, 0
94111, 41686, 1, 0, 0
95112, 49358, 0, 0, 0
95112, 51660, 1, 0, 0
96114, 56775, 0, 0, 0
96114, 55752, 1, 0, 0
97116, 55496, 0, 0, 0
97116, 49870, 1, 0, 0
98117, 42965, 0, 0, 0
98117, 41430, 1, 0, 0
99119, 48847, 0, 0, 0
99119, 46289, 1, 0, 0
100120, 43732, 0, 0, 0
100120, 40663, 1, 0, 0
101121, 49358, 0, 0, 0
101121, 52683, 1, 0, 0
102122, 45010, 0, 0, 0
102122, 46801, 1, 0, 0
103124, 53962, 0, 0, 0
103124, 50125, 1, 0, 0
104125, 52683, 0, 0, 0
104125, 51404, 1, 0, 0
105126, 49102, 0, 0, 0
105126, 50125, 1, 0, 0
106127, 45266, 0, 0, 0
106127, 47568, 1, 0, 0
107129, 41430, 0, 0, 0
107129, 51148, 1, 0, 0
108130, 41686, 0, 0, 0
108130, 52171, 1, 0, 0
109132, 46545, 0, 0, 0
109132, 43732, 1, 0, 0
110133, 62401, 0, 0, 0
110133, 56775, 1, 0, 0
111135, 41686, 0, 0, 0
111135, 48847, 1, 0, 0
112136, 36827, 0, 0, 0
112136, 44755, 1, 0, 0
113137, 46801, 0, 0, 0
113137, 51660, 1, 0, 0
114139, 52939, 0, 0, 0
114139, 55240, 1, 0, 0
115140, 47824, 0, 0, 0
115140, 49614, 1, 0, 0
116141, 50893, 0, 0, 0
116141, 53706, 1, 0, 0
117142, 44755, 0, 0, 0
117142, 44499, 1, 0, 0
118143, 51148, 0, 0, 0
118143, 52939, 1, 0, 0
119145, 47056, 0, 0, 0
119145, 45522, 1, 0, 0
120146, 47056, 0, 0, 0
120147, 43732, 1, 0, 0
121148, 50637, 0, 0, 0
121148, 52939, 1, 0, 0
122149, 53194, 0, 0, 0
122149, 50381, 1, 0, 0
123150, 52171, 0, 0, 0
123150, 46289, 1, 0, 0
124151, 46545, 0, 0, 0
124151, 46033, 1, 0, 0
125152, 46289, 0, 0, 0
125152, 50893, 1, 0, 0
126154, 46801, 0, 0, 0
126154, 47568, 1, 0, 0
127155, 52171, 0, 0, 0
127155, 54473, 1, 0, 0
128156, 52427, 0, 0, 0
128156, 51404, 1, 0, 0
129158, 40919, 0, 0, 0
129158, 45522, 1, 0, 0
130159, 46545, 0, 0, 0
130159, 42965, 1, 0, 0
131161, 46289, 0, 0, 0
131161, 46033, 1, 0, 0
132162, 51148, 0, 0, 0
132162, 49358, 1, 0, 0
133164, 51148, 0, 0, 0
133164, 45010, 1, 0, 0
134165, 39384, 0, 0, 0
134165, 39128, 1, 0, 0
135166, 51660, 0, 0, 0
135166, 59076, 1, 0, 0
136167, 43988, 0, 0, 0
136167, 44243, 1, 0, 0
137168, 47312, 0, 0, 0
137168, 52427, 1, 0, 0
138170, 48847, 0, 0, 0
138170, 41686, 1, 0, 0
139171, 44499, 0, 0, 0
139171, 43476, 1, 0, 0
140172, 48847, 0, 0, 0
140172, 50125, 1, 0, 0
141174, 53450, 0, 0, 0
141174, 48847, 1, 0, 0
142175, 41686, 0, 0, 0
142175, 41942, 1, 0, 0
143176, 49102, 0, 0, 0
143176, 48335, 1, 0, 0
144178, 61378, 0, 0, 0
144178, 59076, 1, 0, 0
145179, 47568, 0, 0, 0
145179, 47568, 1, 0, 0
146180, 53450, 0, 0, 0
146180, 51660, 1, 0, 0
147182, 44755, 0, 0, 0
147182, 46545, 1, 0, 0
148183, 39384, 0, 0, 0
148183, 43476, 1, 0, 0
149185, 40151, 0, 0, 0
149185, 48591, 1, 0, 0
150186, 35548, 0, 0, 0
150186, 37594, 1, 0, 0
151187, 47824, 0, 0, 0
151187, 56007, 1, 0, 0
152188, 51148, 0, 0, 0
152188, 49870, 1, 0, 0
153189, 43476, 0, 0, 0
153189, 46033, 1, 0, 0
154190, 49102, 0, 0, 0
154190, 52427, 1, 0, 0
155192, 48847, 0, 0, 0
155192, 53706, 1, 0, 0
156193, 57542, 0, 0, 0
156193, 52939, 1, 0, 0
157194, 56519, 0, 0, 0
157194, 45778, 1, 0, 0
158195, 42453, 0, 0, 0
158195, 45266, 1, 0, 0
159196, 53194, 0, 0, 0
159196, 51916, 1, 0, 0
160197, 49102, 0, 0, 0
160197, 52427, 1, 0, 0
161198, 49870, 0, 0, 0
161198, 49358, 1, 0, 0
162200, 49358, 0, 0, 0
162200, 51148, 1, 0, 0
163201, 56007, 0, 0, 0
163201, 53450, 1, 0, 0
164202, 45010, 0, 0, 0
164202, 44755, 1, 0, 0
165203, 54729, 0, 0, 0
165203, 60355, 1, 0, 0
166204, 35292, 0, 0, 0
166204, 41430, 1, 0, 0
167205, 44499, 0, 0, 0
167205, 43732, 1, 0, 0
168207, 59332, 0, 0, 0
168207, 50125, 1, 0, 0
169208, 54217, 0, 0, 0
169208, 52427, 1, 0, 0
170209, 51148, 0, 0, 0
170209, 46289, 1, 0, 0
171210, 43220, 0, 0, 0
171210, 41430, 1, 0, 0
172211, 45522, 0, 0, 0
172211, 48079, 1, 0, 0
173213, 48335, 0, 0, 0
173213, 58565, 1, 0, 0
174214, 55296, 0, 0, 0
174214, 56576, 1, 0, 0
175214, 54272, 0, 0, 0
175214, 47360, 1, 0, 0
176215, 60672, 0, 0, 0
176215, 57088, 1, 0, 0
177216, 43264, 0, 0, 0
177216, 39936, 1, 0, 0
178218, 47056, 0, 0, 0
178218, 50125, 1, 0, 0
179218, 51200, 0, 0, 0
179218, 50432, 1, 0, 0
