999, 10506, 0, 0, 0
999, 9993, 1, 0, 0
1998, 29725, 0, 0, 0
1998, 30750, 1, 0, 0
3000, 20971, 0, 0, 0
3000, 25318, 1, 0, 0
4001, 27876, 0, 0, 0
4001, 26341, 1, 0, 0
5002, 26341, 0, 0, 0
5002, 29410, 1, 0, 0
6004, 26853, 0, 0, 0
6004, 26341, 1, 0, 0
7005, 30433, 0, 0, 0
7005, 28131, 1, 0, 0
8006, 26341, 0, 0, 0
8006, 24295, 1, 0, 0
9007, 26853, 0, 0, 0
9007, 26597, 1, 0, 0
10009, 32223, 0, 0, 0
10009, 30945, 1, 0, 0
11010, 26853, 0, 0, 0
11010, 28387, 1, 0, 0
12011, 25856, 0, 0, 0
12011, 30464, 1, 0, 0
13012, 25574, 0, 0, 0
13012, 27364, 1, 0, 0
14014, 29922, 0, 0, 0
14014, 32479, 1, 0, 0
15015, 20971, 0, 0, 0
15015, 20971, 1, 0, 0
16016, 29410, 0, 0, 0
16016, 30433, 1, 0, 0
17018, 24807, 0, 0, 0
17018, 28899, 1, 0, 0
18019, 22505, 0, 0, 0
18019, 32735, 1, 0, 0
19020, 25062, 0, 0, 0
19020, 25062, 1, 0, 0
20022, 27364, 0, 0, 0
20022, 21994, 1, 0, 0
21023, 31968, 0, 0, 0
21023, 31712, 1, 0, 0
22025, 22505, 0, 0, 0
22025, 30433, 1, 0, 0
23026, 29154, 0, 0, 0
23026, 29922, 1, 0, 0
24027, 27876, 0, 0, 0
24027, 24807, 1, 0, 0
25028, 25062, 0, 0, 0
25028, 27620, 1, 0, 0
26030, 27620, 0, 0, 0
26030, 28899, 1, 0, 0
27031, 36059, 0, 0, 0
27031, 34525, 1, 0, 0
28032, 30177, 0, 0, 0
28032, 27364, 1, 0, 0
29034, 28899, 0, 0, 0
29034, 26085, 1, 0, 0
30035, 29666, 0, 0, 0
30035, 26597, 1, 0, 0
31036, 21994, 0, 0, 0
31036, 30177, 1, 0, 0
32038, 23784, 0, 0, 0
32038, 29922, 1, 0, 0
33039, 25318, 0, 0, 0
33039, 24295, 1, 0, 0
34041, 31712, 0, 0, 0
34041, 30689, 1, 0, 0
35042, 24807, 0, 0, 0
35042, 39128, 1, 0, 0
36044, 33502, 0, 0, 0
36044, 26597, 1, 0, 0
37045, 24551, 0, 0, 0
37045, 29922, 1, 0, 0
38046, 29666, 0, 0, 0
38046, 27620, 1, 0, 0
39048, 28387, 0, 0, 0
39048, 27364, 1, 0, 0
40049, 29154, 0, 0, 0
40049, 28131, 1, 0, 0
41050, 27876, 0, 0, 0
41050, 30177, 1, 0, 0
42052, 24039, 0, 0, 0
42052, 25062, 1, 0, 0
43053, 25318, 0, 0, 0
43053, 29410, 1, 0, 0
44054, 27108, 0, 0, 0
44054, 28643, 1, 0, 0
45055, 27364, 0, 0, 0
45055, 27364, 1, 0, 0
46057, 27876, 0, 0, 0
46057, 31968, 1, 0, 0
47058, 31712, 0, 0, 0
47058, 27108, 1, 0, 0
48059, 30433, 0, 0, 0
48059, 25830, 1, 0, 0
49061, 28387, 0, 0, 0
49061, 26853, 1, 0, 0
50062, 23528, 0, 0, 0
50062, 31712, 1, 0, 0
51064, 31712, 0, 0, 0
51064, 27876, 1, 0, 0
52065, 27364, 0, 0, 0
52065, 23016, 1, 0, 0
53066, 26853, 0, 0, 0
53066, 28131, 1, 0, 0
54067, 30945, 0, 0, 0
54067, 18669, 1, 0, 0
55068, 28643, 0, 0, 0
55068, 31456, 1, 0, 0
56069, 28928, 0, 0, 0
56069, 32768, 1, 0, 0
57070, 28387, 0, 0, 0
57070, 27108, 1, 0, 0
58072, 27108, 0, 0, 0
58072, 32479, 1, 0, 0
59073, 31712, 0, 0, 0
59073, 29154, 1, 0, 0
60075, 28899, 0, 0, 0
60075, 23016, 1, 0, 0
61076, 23528, 0, 0, 0
61076, 32479, 1, 0, 0
62077, 27876, 0, 0, 0
62077, 30433, 1, 0, 0
63079, 34525, 0, 0, 0
63079, 30433, 1, 0, 0
64081, 28387, 0, 0, 0
64081, 24807, 1, 0, 0
65082, 25830, 0, 0, 0
65082, 29154, 1, 0, 0
66083, 31456, 0, 0, 0
66083, 26853, 1, 0, 0
67084, 24039, 0, 0, 0
67084, 20459, 1, 0, 0
68086, 25062, 0, 0, 0
68086, 33502, 1, 0, 0
69087, 20971, 0, 0, 0
69087, 29410, 1, 0, 0
70089, 26597, 0, 0, 0
70089, 22505, 1, 0, 0
71090, 28899, 0, 0, 0
71090, 26341, 1, 0, 0
72092, 30177, 0, 0, 0
72092, 33246, 1, 0, 0
73093, 28387, 0, 0, 0
73093, 28899, 1, 0, 0
74095, 28387, 0, 0, 0
74095, 35804, 1, 0, 0
75096, 34525, 0, 0, 0
75096, 24039, 1, 0, 0
76097, 25574, 0, 0, 0
76097, 27876, 1, 0, 0
77099, 21482, 0, 0, 0
77099, 27364, 1, 0, 0
78100, 25830, 0, 0, 0
78100, 24039, 1, 0, 0
79101, 25318, 0, 0, 0
79101, 27620, 1, 0, 0
80103, 28131, 0, 0, 0
80103, 29922, 1, 0, 0
81104, 27364, 0, 0, 0
81104, 27620, 1, 0, 0
82106, 29666, 0, 0, 0
82106, 27364, 1, 0, 0
83107, 25830, 0, 0, 0
83107, 24295, 1, 0, 0
84109, 24295, 0, 0, 0
84109, 29922, 1, 0, 0
85110, 30177, 0, 0, 0
85110, 32991, 1, 0, 0
86111, 21226, 0, 0, 0
86111, 26597, 1, 0, 0
87113, 28387, 0, 0, 0
87113, 25318, 1, 0, 0
88114, 31968, 0, 0, 0
88114, 30433, 1, 0, 0
89115, 31200, 0, 0, 0
89115, 27620, 1, 0, 0
90117, 27876, 0, 0, 0
90117, 31456, 1, 0, 0
91118, 26597, 0, 0, 0
91118, 31456, 1, 0, 0
92119, 30177, 0, 0, 0
92119, 23528, 1, 0, 0
93121, 24807, 0, 0, 0
93121, 28387, 1, 0, 0
94122, 21738, 0, 0, 0
94122, 25830, 1, 0, 0
95123, 24807, 0, 0, 0
95123, 23528, 1, 0, 0
96125, 27620, 0, 0, 0
96125, 30177, 1, 0, 0
97127, 24551, 0, 0, 0
97127, 24039, 1, 0, 0
98128, 29666, 0, 0, 0
98128, 25062, 1, 0, 0
99130, 27364, 0, 0, 0
99130, 21994, 1, 0, 0
100131, 24807, 0, 0, 0
100131, 25062, 1, 0, 0
101132, 32735, 0, 0, 0
101132, 31456, 1, 0, 0
102133, 26085, 0, 0, 0
102133, 28643, 1, 0, 0
103135, 28131, 0, 0, 0
103135, 29154, 1, 0, 0
104136, 27364, 0, 0, 0
104136, 34013, 1, 0, 0
105137, 28899, 0, 0, 0
105137, 27876, 1, 0, 0
106138, 27620, 0, 0, 0
106138, 24551, 1, 0, 0
107140, 29666, 0, 0, 0
107140, 21994, 1, 0, 0
108141, 26853, 0, 0, 0
108141, 28643, 1, 0, 0
109143, 29154, 0, 0, 0
109143, 25830, 1, 0, 0
110144, 23528, 0, 0, 0
110144, 23016, 1, 0, 0
111146, 22249, 0, 0, 0
111146, 28387, 1, 0, 0
112147, 30689, 0, 0, 0
112147, 27876, 1, 0, 0
113148, 23528, 0, 0, 0
113148, 30689, 1, 0, 0
114149, 25318, 0, 0, 0
114149, 23528, 1, 0, 0
115151, 33758, 0, 0, 0
115151, 29922, 1, 0, 0
116152, 27364, 0, 0, 0
116152, 34269, 1, 0, 0
117153, 28131, 0, 0, 0
117153, 29922, 1, 0, 0
118154, 28899, 0, 0, 0
118154, 25574, 1, 0, 0
119156, 34013, 0, 0, 0
119156, 30433, 1, 0, 0
120157, 31200, 0, 0, 0
120157, 29922, 1, 0, 0
121159, 26085, 0, 0, 0
121159, 27620, 1, 0, 0
122160, 27620, 0, 0, 0
122160, 28131, 1, 0, 0
123161, 29666, 0, 0, 0
123161, 24551, 1, 0, 0
124162, 24551, 0, 0, 0
124162, 25062, 1, 0, 0
125163, 32223, 0, 0, 0
125163, 31712, 1, 0, 0
126165, 25830, 0, 0, 0
126165, 24551, 1, 0, 0
127166, 20971, 0, 0, 0
127166, 24295, 1, 0, 0
128167, 21482, 0, 0, 0
128167, 21738, 1, 0, 0
129169, 28387, 0, 0, 0
129169, 32479, 1, 0, 0
130170, 23528, 0, 0, 0
130170, 27364, 1, 0, 0
131172, 26085, 0, 0, 0
131172, 28387, 1, 0, 0
132173, 27108, 0, 0, 0
132173, 26597, 1, 0, 0
133175, 26085, 0, 0, 0
133175, 22505, 1, 0, 0
134176, 27364, 0, 0, 0
134176, 27108, 1, 0, 0
135177, 28131, 0, 0, 0
135177, 23528, 1, 0, 0
136178, 27364, 0, 0, 0
136178, 29410, 1, 0, 0
137179, 25318, 0, 0, 0
137179, 27620, 1, 0, 0
138181, 23272, 0, 0, 0
138181, 26597, 1, 0, 0
139182, 25318, 0, 0, 0
139182, 30689, 1, 0, 0
140183, 25830, 0, 0, 0
140183, 29154, 1, 0, 0
141185, 25574, 0, 0, 0
141185, 28643, 1, 0, 0
142186, 23784, 0, 0, 0
142186, 24039, 1, 0, 0
143187, 26085, 0, 0, 0
143187, 31456, 1, 0, 0
144188, 30689, 0, 0, 0
144188, 32735, 1, 0, 0
145190, 27876, 0, 0, 0
145190, 27876, 1, 0, 0
146191, 26085, 0, 0, 0
146191, 26597, 1, 0, 0
147193, 24807, 0, 0, 0
147193, 33502, 1, 0, 0
148194, 27620, 0, 0, 0
148194, 27364, 1, 0, 0
149196, 23272, 0, 0, 0
149196, 33246, 1, 0, 0
150197, 29154, 0, 0, 0
150197, 17390, 1, 0, 0
151198, 21738, 0, 0, 0
151198, 21738, 1, 0, 0
152199, 25830, 0, 0, 0
152199, 28643, 1, 0, 0
153200, 25318, 0, 0, 0
153200, 29666, 1, 0, 0
154201, 27364, 0, 0, 0
154201, 26085, 1, 0, 0
155202, 28131, 0, 0, 0
155202, 27108, 1, 0, 0
156204, 25830, 0, 0, 0
156204, 26597, 1, 0, 0
157205, 28643, 0, 0, 0
157205, 24295, 1, 0, 0
158206, 27876, 0, 0, 0
158206, 26853, 1, 0, 0
159207, 27620, 0, 0, 0
159207, 26085, 1, 0, 0
160208, 30433, 0, 0, 0
160208, 26853, 1, 0, 0
161209, 26341, 0, 0, 0
161209, 29922, 1, 0, 0
162210, 29410, 0, 0, 0
162210, 25318, 1, 0, 0
163212, 24295, 0, 0, 0
163212, 28387, 1, 0, 0
164213, 28899, 0, 0, 0
164213, 26341, 1, 0, 0
165214, 25318, 0, 0, 0
165214, 28131, 1, 0, 0
166215, 25062, 0, 0, 0
166215, 29922, 1, 0, 0
167216, 33246, 0, 0, 0
167216, 29154, 1, 0, 0
168217, 24295, 0, 0, 0
168217, 24807, 1, 0, 0
169219, 22761, 0, 0, 0
169219, 27108, 1, 0, 0
170220, 21994, 0, 0, 0
170220, 23784, 1, 0, 0
171221, 24039, 0, 0, 0
171221, 29410, 1, 0, 0
172222, 21994, 0, 0, 0
172222, 28643, 1, 0, 0
173224, 31456, 0, 0, 0
173224, 29154, 1, 0, 0
174224, 26368, 0, 0, 0
174224, 27648, 1, 0, 0
175225, 25344, 0, 0, 0
175225, 27392, 1, 0, 0
176226, 22528, 0, 0, 0
176226, 24576, 1, 0, 0
177227, 30464, 0, 0, 0
177227, 30208, 1, 0, 0
178229, 27876, 0, 0, 0
178229, 28899, 1, 0, 0
179229, 26112, 0, 0, 0
179229, 25856, 1, 0, 0
