999, 40744, 0, 0, 0
999, 36900, 1, 0, 0
2000, 45312, 0, 0, 0
2000, 44032, 1, 0, 0
2999, 54326, 0, 0, 0
2999, 51507, 1, 0, 0
4000, 43220, 0, 0, 0
4000, 46545, 1, 0, 0
5002, 62401, 0, 0, 0
5002, 56775, 1, 0, 0
6001, 52788, 0, 0, 0
6001, 46638, 1, 0, 0
7001, 52736, 0, 0, 0
7001, 47872, 1, 0, 0
8002, 50688, 0, 0, 0
8002, 41472, 1, 0, 0
9001, 56888, 0, 0, 0
9001, 50482, 1, 0, 0
10001, 41216, 0, 0, 0
10001, 49152, 1, 0, 0
11001, 44032, 0, 0, 0
11001, 46336, 1, 0, 0
12001, 46638, 0, 0, 0
12001, 45101, 1, 0, 0
13002, 40192, 0, 0, 0
13002, 51200, 1, 0, 0
14001, 50226, 0, 0, 0
14001, 50994, 1, 0, 0
15001, 50688, 0, 0, 0
15001, 51712, 1, 0, 0
16002, 51968, 0, 0, 0
16002, 43520, 1, 0, 0
17001, 48432, 0, 0, 0
17001, 44588, 1, 0, 0
18000, 50482, 0, 0, 0
18000, 46894, 1, 0, 0
19001, 46801, 0, 0, 0
19001, 46289, 1, 0, 0
20002, 62208, 0, 0, 0
20002, 50176, 1, 0, 0
21001, 51763, 0, 0, 0
21001, 49457, 1, 0, 0
22002, 50688, 0, 0, 0
22002, 51200, 1, 0, 0
23001, 43307, 0, 0, 0
23001, 50994, 1, 0, 0
24001, 48384, 0, 0, 0
24001, 47360, 1, 0, 0
25001, 44032, 0, 0, 0
25001, 50176, 1, 0, 0
26002, 52736, 0, 0, 0
26002, 53760, 1, 0, 0
27001, 52020, 0, 0, 0
27001, 52788, 1, 0, 0
28002, 44032, 0, 0, 0
28002, 45824, 1, 0, 0
29001, 34850, 0, 0, 0
29001, 38694, 1, 0, 0
30001, 44800, 0, 0, 0
30001, 50176, 1, 0, 0
31002, 52736, 0, 0, 0
31002, 57344, 1, 0, 0
32001, 48688, 0, 0, 0
32001, 42794, 1, 0, 0
33001, 47360, 0, 0, 0
33001, 44544, 1, 0, 0
34001, 35328, 0, 0, 0
34001, 48128, 1, 0, 0
35002, 47104, 0, 0, 0
35002, 47872, 1, 0, 0
36001, 47919, 0, 0, 0
36001, 52020, 1, 0, 0
37001, 60416, 0, 0, 0
37001, 53504, 1, 0, 0
38001, 41216, 0, 0, 0
38001, 48128, 1, 0, 0
39002, 47360, 0, 0, 0
39002, 46080, 1, 0, 0
40001, 55607, 0, 0, 0
40001, 48944, 1, 0, 0
41001, 39680, 0, 0, 0
41001, 44288, 1, 0, 0
42002, 58880, 0, 0, 0
42002, 50176, 1, 0, 0
43001, 51507, 0, 0, 0
43001, 46126, 1, 0, 0
44001, 53248, 0, 0, 0
44001, 50688, 1, 0, 0
45002, 46080, 0, 0, 0
45002, 45568, 1, 0, 0
46002, 50688, 0, 0, 0
46002, 49408, 1, 0, 0
47001, 45869, 0, 0, 0
47001, 45869, 1, 0, 0
48001, 53248, 0, 0, 0
48001, 52992, 1, 0, 0
49002, 55552, 0, 0, 0
49002, 51200, 1, 0, 0
50001, 45869, 0, 0, 0
50001, 49457, 1, 0, 0
51002, 49408, 0, 0, 0
51002, 45824, 1, 0, 0
52001, 54838, 0, 0, 0
52001, 48944, 1, 0, 0
53001, 52480, 0, 0, 0
53001, 52480, 1, 0, 0
54001, 47104, 0, 0, 0
54001, 47872, 1, 0, 0
55002, 50688, 0, 0, 0
55002, 49664, 1, 0, 0
56001, 46638, 0, 0, 0
56001, 51251, 1, 0, 0
57002, 43520, 0, 0, 0
57002, 45056, 1, 0, 0
58001, 42538, 0, 0, 0
58001, 50738, 1, 0, 0
59001, 41984, 0, 0, 0
59001, 39680, 1, 0, 0
60002, 51712, 0, 0, 0
60002, 51712, 1, 0, 0
61001, 53045, 0, 0, 0
61001, 55351, 1, 0, 0
62002, 44288, 0, 0, 0
62002, 44032, 1, 0, 0
63001, 51507, 0, 0, 0
63001, 55351, 1, 0, 0
64002, 52480, 0, 0, 0
64002, 53248, 1, 0, 0
65001, 52276, 0, 0, 0
65001, 54582, 1, 0, 0
66001, 50176, 0, 0, 0
66001, 51712, 1, 0, 0
67002, 47872, 0, 0, 0
67002, 44288, 1, 0, 0
68001, 47919, 0, 0, 0
68001, 46894, 1, 0, 0
69002, 55296, 0, 0, 0
69002, 51968, 1, 0, 0
70001, 46382, 0, 0, 0
70001, 48176, 1, 0, 0
71001, 46592, 0, 0, 0
71001, 49408, 1, 0, 0
72001, 53045, 0, 0, 0
72001, 48944, 1, 0, 0
73001, 50176, 0, 0, 0
73001, 52736, 1, 0, 0
74002, 46848, 0, 0, 0
74002, 46336, 1, 0, 0
75001, 54326, 0, 0, 0
75001, 56376, 1, 0, 0
76001, 49664, 0, 0, 0
76001, 43008, 1, 0, 0
77002, 47104, 0, 0, 0
77002, 48128, 1, 0, 0
78001, 61245, 0, 0, 0
78001, 56120, 1, 0, 0
79001, 49920, 0, 0, 0
79001, 45312, 1, 0, 0
80002, 47104, 0, 0, 0
80002, 55040, 1, 0, 0
81001, 48688, 0, 0, 0
81001, 54326, 1, 0, 0
82002, 47616, 0, 0, 0
82002, 52480, 1, 0, 0
83002, 50738, 0, 0, 0
83002, 46382, 1, 0, 0
84002, 59904, 0, 0, 0
84002, 48640, 1, 0, 0
85001, 56632, 0, 0, 0
85001, 49969, 1, 0, 0
86002, 45568, 0, 0, 0
86002, 43776, 1, 0, 0
87002, 44544, 0, 0, 0
87002, 44544, 1, 0, 0
88001, 48688, 0, 0, 0
88001, 46894, 1, 0, 0
89002, 55040, 0, 0, 0
89002, 43264, 1, 0, 0
90002, 45568, 0, 0, 0
90002, 49664, 1, 0, 0
91001, 50226, 0, 0, 0
91001, 49713, 1, 0, 0
92001, 48640, 0, 0, 0
92001, 42496, 1, 0, 0
93002, 46080, 0, 0, 0
93002, 43264, 1, 0, 0
94001, 38950, 0, 0, 0
94001, 49713, 1, 0, 0
95001, 47616, 0, 0, 0
95001, 47104, 1, 0, 0
96001, 48944, 0, 0, 0
96001, 49457, 1, 0, 0
97001, 49457, 0, 0, 0
97001, 47663, 1, 0, 0
98002, 49920, 0, 0, 0
98002, 53504, 1, 0, 0
99002, 39936, 0, 0, 0
99002, 40448, 1, 0, 0
100001, 48176, 0, 0, 0
100001, 50994, 1, 0, 0
101001, 51968, 0, 0, 0
101001, 51712, 1, 0, 0
102002, 55296, 0, 0, 0
102002, 54784, 1, 0, 0
103002, 54528, 0, 0, 0
103002, 51456, 1, 0, 0
104001, 50482, 0, 0, 0
104001, 48176, 1, 0, 0
105001, 43520, 0, 0, 0
105001, 44800, 1, 0, 0
106001, 49664, 0, 0, 0
106001, 49152, 1, 0, 0
107001, 49713, 0, 0, 0
107001, 45869, 1, 0, 0
108001, 64768, 0, 0, 0
108001, 58112, 1, 0, 0
109001, 48176, 0, 0, 0
109001, 47663, 1, 0, 0
110002, 50688, 0, 0, 0
110002, 47872, 1, 0, 0
111002, 59904, 0, 0, 0
111002, 54272, 1, 0, 0
112001, 58682, 0, 0, 0
112001, 53813, 1, 0, 0
113001, 39936, 0, 0, 0
113001, 47360, 1, 0, 0
114002, 50176, 0, 0, 0
114002, 54016, 1, 0, 0
115001, 45357, 0, 0, 0
115001, 47663, 1, 0, 0
116001, 51200, 0, 0, 0
116001, 48896, 1, 0, 0
117001, 49408, 0, 0, 0
117001, 53248, 1, 0, 0
118002, 41216, 0, 0, 0
118002, 48128, 1, 0, 0
119001, 44332, 0, 0, 0
119001, 50738, 1, 0, 0
120001, 53248, 0, 0, 0
120001, 52992, 1, 0, 0
121002, 41728, 0, 0, 0
121002, 39168, 1, 0, 0
122001, 56888, 0, 0, 0
122001, 53557, 1, 0, 0
123001, 55808, 0, 0, 0
123001, 41984, 1, 0, 0
124001, 51712, 0, 0, 0
124001, 49408, 1, 0, 0
125001, 51712, 0, 0, 0
125001, 51456, 1, 0, 0
126002, 45312, 0, 0, 0
126002, 45056, 1, 0, 0
127001, 60476, 0, 0, 0
127001, 53301, 1, 0, 0
128001, 62720, 0, 0, 0
128001, 51200, 1, 0, 0
129001, 54326, 0, 0, 0
129001, 53301, 1, 0, 0
130001, 47616, 0, 0, 0
130001, 51200, 1, 0, 0
131002, 53504, 0, 0, 0
131002, 49408, 1, 0, 0
132001, 49713, 0, 0, 0
132001, 46638, 1, 0, 0
133002, 49408, 0, 0, 0
133002, 44288, 1, 0, 0
134001, 37669, 0, 0, 0
134001, 47151, 1, 0, 0
135001, 41728, 0, 0, 0
135001, 45568, 1, 0, 0
136001, 52224, 0, 0, 0
136001, 52480, 1, 0, 0
137002, 47616, 0, 0, 0
137002, 47616, 1, 0, 0
138002, 43008, 0, 0, 0
138002, 41984, 1, 0, 0
139002, 61696, 0, 0, 0
139002, 50688, 1, 0, 0
140001, 58938, 0, 0, 0
140001, 56120, 1, 0, 0
141002, 54528, 0, 0, 0
141002, 49408, 1, 0, 0
142001, 49457, 0, 0, 0
142001, 44844, 1, 0, 0
143002, 43264, 0, 0, 0
143002, 45056, 1, 0, 0
144002, 42752, 0, 0, 0
144002, 41216, 1, 0, 0
145002, 60928, 0, 0, 0
145002, 56832, 1, 0, 0
146002, 42538, 0, 0, 0
146002, 47407, 1, 0, 0
147001, 49201, 0, 0, 0
147001, 50226, 1, 0, 0
148001, 54528, 0, 0, 0
148001, 55296, 1, 0, 0
149002, 54272, 0, 0, 0
149002, 53248, 1, 0, 0
150001, 47407, 0, 0, 0
150001, 45357, 1, 0, 0
151001, 44288, 0, 0, 0
151001, 48384, 1, 0, 0
152001, 56832, 0, 0, 0
152001, 49152, 1, 0, 0
153001, 50688, 0, 0, 0
153001, 48640, 1, 0, 0
154002, 48384, 0, 0, 0
154002, 47104, 1, 0, 0
155002, 56832, 0, 0, 0
155002, 54016, 1, 0, 0
156002, 45568, 0, 0, 0
156002, 55040, 1, 0, 0
157001, 48432, 0, 0, 0
157001, 45869, 1, 0, 0
158001, 50688, 0, 0, 0
158001, 55296, 1, 0, 0
159001, 52480, 0, 0, 0
159001, 54272, 1, 0, 0
160001, 48640, 0, 0, 0
160001, 49152, 1, 0, 0
161002, 54528, 0, 0, 0
161002, 50688, 1, 0, 0
162002, 45824, 0, 0, 0
162002, 47616, 1, 0, 0
163002, 57145, 0, 0, 0
163002, 54070, 1, 0, 0
164001, 54326, 0, 0, 0
164001, 51763, 1, 0, 0
165001, 63232, 0, 0, 0
165001, 61696, 1, 0, 0
166001, 52992, 0, 0, 0
166001, 48896, 1, 0, 0
167001, 46336, 0, 0, 0
167001, 49920, 1, 0, 0
168002, 51712, 0, 0, 0
168002, 51968, 1, 0, 0
169002, 42496, 0, 0, 0
169002, 49152, 1, 0, 0
170002, 57088, 0, 0, 0
170002, 55296, 1, 0, 0
171001, 64320, 0, 0, 0
171001, 52532, 1, 0, 0
172001, 41216, 0, 0, 0
172001, 39680, 1, 0, 0
173002, 57088, 0, 0, 0
173002, 56064, 1, 0, 0
174002, 56120, 0, 0, 0
174002, 45613, 1, 0, 0
175002, 51712, 0, 0, 0
175002, 52224, 1, 0, 0
176002, 58682, 0, 0, 0
176002, 53557, 1, 0, 0
177001, 56632, 0, 0, 0
177001, 50738, 1, 0, 0
178001, 49408, 0, 0, 0
178001, 45056, 1, 0, 0
179002, 55040, 0, 0, 0
179002, 50944, 1, 0, 0
180002, 51712, 0, 0, 0
180002, 40448, 1, 0, 0
