999, 40488, 0, 0, 0
999, 31519, 1, 0, 0
2000, 49920, 0, 0, 0
2000, 48128, 1, 0, 0
3000, 53813, 0, 0, 0
3000, 56120, 1, 0, 0
4001, 54729, 0, 0, 0
4001, 50125, 1, 0, 0
5002, 57286, 0, 0, 0
5002, 51404, 1, 0, 0
6002, 48944, 0, 0, 0
6002, 46126, 1, 0, 0
7002, 42496, 0, 0, 0
7002, 44544, 1, 0, 0
8002, 54784, 0, 0, 0
8002, 53760, 1, 0, 0
9001, 41513, 0, 0, 0
9001, 43563, 1, 0, 0
10002, 51200, 0, 0, 0
10002, 41984, 1, 0, 0
11002, 45824, 0, 0, 0
11002, 40192, 1, 0, 0
12002, 45613, 0, 0, 0
12002, 57401, 1, 0, 0
13002, 56576, 0, 0, 0
13002, 46592, 1, 0, 0
14001, 46894, 0, 0, 0
14001, 47151, 1, 0, 0
15002, 39424, 0, 0, 0
15002, 41984, 1, 0, 0
16002, 51200, 0, 0, 0
16002, 55552, 1, 0, 0
17002, 57913, 0, 0, 0
17002, 58682, 1, 0, 0
18001, 43563, 0, 0, 0
18001, 44332, 1, 0, 0
19002, 44755, 0, 0, 0
19002, 49870, 1, 0, 0
20002, 50688, 0, 0, 0
20002, 50432, 1, 0, 0
21002, 60732, 0, 0, 0
21002, 48688, 1, 0, 0
22002, 52992, 0, 0, 0
22002, 54016, 1, 0, 0
23002, 48944, 0, 0, 0
23002, 45869, 1, 0, 0
24002, 48640, 0, 0, 0
24002, 44032, 1, 0, 0
25002, 57088, 0, 0, 0
25002, 49152, 1, 0, 0
26002, 44800, 0, 0, 0
26002, 48640, 1, 0, 0
27002, 47919, 0, 0, 0
27002, 52788, 1, 0, 0
28002, 38656, 0, 0, 0
28002, 43264, 1, 0, 0
29002, 50226, 0, 0, 0
29002, 51763, 1, 0, 0
30002, 42752, 0, 0, 0
30002, 52992, 1, 0, 0
31002, 56064, 0, 0, 0
31002, 49152, 1, 0, 0
32001, 47407, 0, 0, 0
32001, 46382, 1, 0, 0
33002, 42240, 0, 0, 0
33002, 46336, 1, 0, 0
34002, 39936, 0, 0, 0
34002, 38400, 1, 0, 0
35002, 51712, 0, 0, 0
35002, 50944, 1, 0, 0
36001, 60732, 0, 0, 0
36001, 55095, 1, 0, 0
37002, 46592, 0, 0, 0
37002, 47360, 1, 0, 0
38002, 43008, 0, 0, 0
38002, 48128, 1, 0, 0
39002, 44032, 0, 0, 0
39002, 47104, 1, 0, 0
40002, 38182, 0, 0, 0
40002, 48688, 1, 0, 0
41002, 56320, 0, 0, 0
41002, 55040, 1, 0, 0
42002, 54272, 0, 0, 0
42002, 50944, 1, 0, 0
43002, 48688, 0, 0, 0
43002, 40744, 1, 0, 0
44002, 47104, 0, 0, 0
44002, 48128, 1, 0, 0
45002, 46848, 0, 0, 0
45002, 48640, 1, 0, 0
46002, 50176, 0, 0, 0
46002, 52224, 1, 0, 0
47002, 49457, 0, 0, 0
47002, 52020, 1, 0, 0
48002, 48640, 0, 0, 0
48002, 47616, 1, 0, 0
49002, 44288, 0, 0, 0
49002, 44032, 1, 0, 0
50002, 47663, 0, 0, 0
50002, 44588, 1, 0, 0
51002, 60928, 0, 0, 0
51002, 57088, 1, 0, 0
52002, 39207, 0, 0, 0
52002, 46894, 1, 0, 0
53002, 45568, 0, 0, 0
53002, 59392, 1, 0, 0
54002, 50688, 0, 0, 0
54002, 46080, 1, 0, 0
55002, 58624, 0, 0, 0
55002, 51712, 1, 0, 0
56002, 41257, 0, 0, 0
56002, 45101, 1, 0, 0
57002, 54784, 0, 0, 0
57002, 55808, 1, 0, 0
58001, 49713, 0, 0, 0
58001, 48944, 1, 0, 0
59002, 52224, 0, 0, 0
59002, 46080, 1, 0, 0
60002, 40448, 0, 0, 0
60002, 51200, 1, 0, 0
61002, 62526, 0, 0, 0
61002, 59451, 1, 0, 0
62002, 45568, 0, 0, 0
62002, 50176, 1, 0, 0
63002, 42538, 0, 0, 0
63002, 42538, 1, 0, 0
64002, 45056, 0, 0, 0
64002, 47360, 1, 0, 0
65002, 61501, 0, 0, 0
65002, 50226, 1, 0, 0
66002, 53760, 0, 0, 0
66002, 56832, 1, 0, 0
67002, 55552, 0, 0, 0
67002, 54528, 1, 0, 0
68002, 49713, 0, 0, 0
68002, 51251, 1, 0, 0
69002, 46592, 0, 0, 0
69002, 47360, 1, 0, 0
70002, 45869, 0, 0, 0
70002, 47151, 1, 0, 0
71002, 46080, 0, 0, 0
71002, 48896, 1, 0, 0
72002, 46638, 0, 0, 0
72002, 53557, 1, 0, 0
73002, 46336, 0, 0, 0
73002, 51968, 1, 0, 0
74002, 58624, 0, 0, 0
74002, 53248, 1, 0, 0
75002, 52276, 0, 0, 0
75002, 57657, 1, 0, 0
76002, 67840, 0, 0, 0
76002, 52480, 1, 0, 0
77002, 56832, 0, 0, 0
77002, 49920, 1, 0, 0
78002, 50482, 0, 0, 0
78002, 45869, 1, 0, 0
79002, 41728, 0, 0, 0
79002, 45312, 1, 0, 0
80002, 54016, 0, 0, 0
80002, 50432, 1, 0, 0
81002, 42794, 0, 0, 0
81002, 51763, 1, 0, 0
82002, 44800, 0, 0, 0
82002, 48640, 1, 0, 0
83002, 43307, 0, 0, 0
83002, 50482, 1, 0, 0
84002, 49664, 0, 0, 0
84002, 45056, 1, 0, 0
85002, 54326, 0, 0, 0
85002, 53045, 1, 0, 0
86002, 56320, 0, 0, 0
86002, 45056, 1, 0, 0
87002, 56832, 0, 0, 0
87002, 57344, 1, 0, 0
88002, 47919, 0, 0, 0
88002, 48944, 1, 0, 0
89002, 48384, 0, 0, 0
89002, 39680, 1, 0, 0
90002, 37376, 0, 0, 0
90002, 43008, 1, 0, 0
91002, 54070, 0, 0, 0
91002, 53813, 1, 0, 0
92002, 51456, 0, 0, 0
92002, 48128, 1, 0, 0
93002, 48128, 0, 0, 0
93002, 48640, 1, 0, 0
94002, 47407, 0, 0, 0
94002, 44844, 1, 0, 0
95002, 48640, 0, 0, 0
95002, 47872, 1, 0, 0
96002, 55863, 0, 0, 0
96002, 44844, 1, 0, 0
97002, 51507, 0, 0, 0
97002, 46638, 1, 0, 0
98002, 48896, 0, 0, 0
98002, 41472, 1, 0, 0
99002, 52224, 0, 0, 0
99002, 54016, 1, 0, 0
100002, 50994, 0, 0, 0
100002, 47663, 1, 0, 0
101002, 47616, 0, 0, 0
101002, 49920, 1, 0, 0
102002, 44032, 0, 0, 0
102002, 40704, 1, 0, 0
103002, 49920, 0, 0, 0
103002, 48128, 1, 0, 0
104002, 47151, 0, 0, 0
104002, 54326, 1, 0, 0
105002, 49664, 0, 0, 0
105002, 51200, 1, 0, 0
106002, 62208, 0, 0, 0
106002, 58112, 1, 0, 0
107002, 52020, 0, 0, 0
107002, 46126, 1, 0, 0
108002, 40704, 0, 0, 0
108002, 48384, 1, 0, 0
109001, 46638, 0, 0, 0
109001, 50738, 1, 0, 0
110002, 55808, 0, 0, 0
110002, 43776, 1, 0, 0
111002, 55552, 0, 0, 0
111002, 50432, 1, 0, 0
112002, 53301, 0, 0, 0
112002, 46126, 1, 0, 0
113002, 58880, 0, 0, 0
113002, 46848, 1, 0, 0
114002, 59904, 0, 0, 0
114002, 49152, 1, 0, 0
115001, 39719, 0, 0, 0
115001, 40232, 1, 0, 0
116002, 47616, 0, 0, 0
116002, 46336, 1, 0, 0
117002, 48384, 0, 0, 0
117002, 46848, 1, 0, 0
118002, 48896, 0, 0, 0
118002, 53504, 1, 0, 0
119002, 45357, 0, 0, 0
119002, 49969, 1, 0, 0
120002, 46592, 0, 0, 0
120002, 44544, 1, 0, 0
121002, 55808, 0, 0, 0
121002, 43008, 1, 0, 0
122002, 50226, 0, 0, 0
122002, 52532, 1, 0, 0
123002, 49408, 0, 0, 0
123002, 49920, 1, 0, 0
124002, 49152, 0, 0, 0
124002, 44800, 1, 0, 0
125002, 55552, 0, 0, 0
125002, 51968, 1, 0, 0
126002, 55552, 0, 0, 0
126002, 50688, 1, 0, 0
127002, 45613, 0, 0, 0
127002, 42794, 1, 0, 0
128002, 42240, 0, 0, 0
128002, 37632, 1, 0, 0
129002, 37413, 0, 0, 0
129002, 46382, 1, 0, 0
130002, 60416, 0, 0, 0
130002, 50176, 1, 0, 0
131002, 36352, 0, 0, 0
131002, 45568, 1, 0, 0
132002, 75595, 0, 0, 0
132002, 54582, 1, 0, 0
133002, 38144, 0, 0, 0
133002, 38912, 1, 0, 0
134002, 50738, 0, 0, 0
134002, 53557, 1, 0, 0
135002, 52992, 0, 0, 0
135002, 55296, 1, 0, 0
136002, 43008, 0, 0, 0
136002, 44032, 1, 0, 0
137002, 57600, 0, 0, 0
137002, 51456, 1, 0, 0
138002, 38912, 0, 0, 0
138002, 47360, 1, 0, 0
139002, 45056, 0, 0, 0
139002, 45824, 1, 0, 0
140002, 44076, 0, 0, 0
140002, 48944, 1, 0, 0
141002, 44544, 0, 0, 0
141002, 55296, 1, 0, 0
142002, 47663, 0, 0, 0
142002, 47919, 1, 0, 0
143002, 48640, 0, 0, 0
143002, 56320, 1, 0, 0
144002, 47104, 0, 0, 0
144002, 40960, 1, 0, 0
145002, 32768, 0, 0, 0
145002, 43264, 1, 0, 0
146002, 39975, 0, 0, 0
146002, 45101, 1, 0, 0
147002, 44844, 0, 0, 0
147002, 46126, 1, 0, 0
148002, 51968, 0, 0, 0
148002, 45568, 1, 0, 0
149002, 46592, 0, 0, 0
149002, 49152, 1, 0, 0
150002, 52788, 0, 0, 0
150002, 38438, 1, 0, 0
151002, 54528, 0, 0, 0
151002, 50432, 1, 0, 0
152002, 53248, 0, 0, 0
152002, 46848, 1, 0, 0
153002, 49408, 0, 0, 0
153002, 44032, 1, 0, 0
154002, 51200, 0, 0, 0
154002, 50176, 1, 0, 0
155002, 55808, 0, 0, 0
155002, 52224, 1, 0, 0
156002, 44800, 0, 0, 0
156002, 48640, 1, 0, 0
157001, 54582, 0, 0, 0
157001, 48432, 1, 0, 0
158002, 58368, 0, 0, 0
158002, 56576, 1, 0, 0
159002, 42752, 0, 0, 0
159002, 41728, 1, 0, 0
160002, 38656, 0, 0, 0
160002, 43776, 1, 0, 0
161002, 54272, 0, 0, 0
161002, 53248, 1, 0, 0
162002, 54784, 0, 0, 0
162002, 54016, 1, 0, 0
163002, 50226, 0, 0, 0
163002, 48176, 1, 0, 0
164002, 55863, 0, 0, 0
164002, 50226, 1, 0, 0
165002, 46336, 0, 0, 0
165002, 51456, 1, 0, 0
166002, 64256, 0, 0, 0
166002, 55808, 1, 0, 0
167002, 55040, 0, 0, 0
167002, 47360, 1, 0, 0
168002, 45824, 0, 0, 0
168002, 44800, 1, 0, 0
169002, 49920, 0, 0, 0
169002, 49152, 1, 0, 0
170002, 48896, 0, 0, 0
170002, 42752, 1, 0, 0
171002, 58426, 0, 0, 0
171002, 52020, 1, 0, 0
172002, 51456, 0, 0, 0
172002, 46080, 1, 0, 0
173002, 59904, 0, 0, 0
173002, 50432, 1, 0, 0
174002, 50226, 0, 0, 0
174002, 53301, 1, 0, 0
175002, 57600, 0, 0, 0
175002, 48640, 1, 0, 0
176002, 48176, 0, 0, 0
176002, 49457, 1, 0, 0
177002, 49201, 0, 0, 0
177002, 48176, 1, 0, 0
178002, 46080, 0, 0, 0
178002, 47616, 1, 0, 0
179002, 44288, 0, 0, 0
179002, 50688, 1, 0, 0
180002, 38656, 0, 0, 0
180002, 42496, 1, 0, 0
