1001, 11252, 0, 0, 0
1001, 11252, 1, 0, 0
2002, 26624, 0, 0, 0
2002, 25344, 1, 0, 0
3003, 26341, 0, 0, 0
3003, 29154, 1, 0, 0
4005, 22761, 0, 0, 0
4005, 23272, 1, 0, 0
5006, 25830, 0, 0, 0
5006, 30177, 1, 0, 0
6005, 27931, 0, 0, 0
6005, 28188, 1, 0, 0
7006, 34304, 0, 0, 0
7006, 34304, 1, 0, 0
8006, 27904, 0, 0, 0
8006, 23552, 1, 0, 0
9005, 27419, 0, 0, 0
9005, 28956, 1, 0, 0
10006, 35328, 0, 0, 0
10006, 28928, 1, 0, 0
11006, 29184, 0, 0, 0
11006, 29696, 1, 0, 0
12006, 26650, 0, 0, 0
12006, 25625, 1, 0, 0
13006, 26880, 0, 0, 0
13006, 25344, 1, 0, 0
14005, 31007, 0, 0, 0
14005, 31775, 1, 0, 0
15006, 36096, 0, 0, 0
15006, 26368, 1, 0, 0
16006, 30464, 0, 0, 0
16006, 25344, 1, 0, 0
17005, 25881, 0, 0, 0
17005, 24344, 1, 0, 0
18004, 24344, 0, 0, 0
18004, 28700, 1, 0, 0
19006, 28387, 0, 0, 0
19006, 27620, 1, 0, 0
20006, 25344, 0, 0, 0
20006, 28928, 1, 0, 0
21006, 24600, 0, 0, 0
21006, 26650, 1, 0, 0
22006, 27392, 0, 0, 0
22006, 30976, 1, 0, 0
23005, 29981, 0, 0, 0
23005, 25881, 1, 0, 0
24005, 28416, 0, 0, 0
24005, 26880, 1, 0, 0
25006, 33280, 0, 0, 0
25006, 28672, 1, 0, 0
26006, 25088, 0, 0, 0
26006, 23040, 1, 0, 0
27006, 27675, 0, 0, 0
27006, 29981, 1, 0, 0
28006, 30720, 0, 0, 0
28006, 28416, 1, 0, 0
29005, 29981, 0, 0, 0
29005, 35107, 1, 0, 0
30006, 24576, 0, 0, 0
30006, 26880, 1, 0, 0
31006, 21248, 0, 0, 0
31006, 23552, 1, 0, 0
32005, 26650, 0, 0, 0
32005, 31007, 1, 0, 0
33006, 33280, 0, 0, 0
33006, 26880, 1, 0, 0
34006, 25856, 0, 0, 0
34006, 20992, 1, 0, 0
35006, 37632, 0, 0, 0
35006, 27136, 1, 0, 0
36005, 28700, 0, 0, 0
36005, 25369, 1, 0, 0
37006, 28160, 0, 0, 0
37006, 26624, 1, 0, 0
38006, 28928, 0, 0, 0
38006, 22016, 1, 0, 0
39006, 26624, 0, 0, 0
39006, 29696, 1, 0, 0
40006, 29213, 0, 0, 0
40006, 29981, 1, 0, 0
41006, 30208, 0, 0, 0
41006, 27136, 1, 0, 0
42006, 26368, 0, 0, 0
42006, 32000, 1, 0, 0
43005, 25369, 0, 0, 0
43005, 31263, 1, 0, 0
44006, 25344, 0, 0, 0
44006, 29440, 1, 0, 0
45006, 32768, 0, 0, 0
45006, 25600, 1, 0, 0
46006, 28416, 0, 0, 0
46006, 26368, 1, 0, 0
47006, 27931, 0, 0, 0
47006, 25625, 1, 0, 0
48006, 31744, 0, 0, 0
48006, 25856, 1, 0, 0
49006, 26624, 0, 0, 0
49006, 23552, 1, 0, 0
50005, 25625, 0, 0, 0
50005, 31775, 1, 0, 0
51006, 22784, 0, 0, 0
51006, 23296, 1, 0, 0
52005, 27931, 0, 0, 0
52005, 25113, 1, 0, 0
53006, 29696, 0, 0, 0
53006, 28672, 1, 0, 0
54006, 29696, 0, 0, 0
54006, 29952, 1, 0, 0
55006, 30208, 0, 0, 0
55006, 26112, 1, 0, 0
56005, 34082, 0, 0, 0
56005, 28444, 1, 0, 0
57006, 28416, 0, 0, 0
57006, 30720, 1, 0, 0
58005, 26138, 0, 0, 0
58005, 26138, 1, 0, 0
59005, 23296, 0, 0, 0
59005, 25600, 1, 0, 0
60006, 24576, 0, 0, 0
60006, 26624, 1, 0, 0
61006, 25369, 0, 0, 0
61006, 27675, 1, 0, 0
62006, 32768, 0, 0, 0
62006, 28160, 1, 0, 0
63005, 29981, 0, 0, 0
63005, 36132, 1, 0, 0
64006, 26368, 0, 0, 0
64006, 27648, 1, 0, 0
65005, 30750, 0, 0, 0
65005, 29981, 1, 0, 0
66006, 32768, 0, 0, 0
66006, 26624, 1, 0, 0
67006, 29696, 0, 0, 0
67006, 31488, 1, 0, 0
68006, 25369, 0, 0, 0
68006, 25625, 1, 0, 0
69006, 27392, 0, 0, 0
69006, 24576, 1, 0, 0
70005, 28444, 0, 0, 0
70005, 29981, 1, 0, 0
71006, 29696, 0, 0, 0
71006, 28672, 1, 0, 0
72006, 28444, 0, 0, 0
72006, 24344, 1, 0, 0
73006, 24320, 0, 0, 0
73006, 29696, 1, 0, 0
74006, 26112, 0, 0, 0
74006, 27136, 1, 0, 0
75005, 29213, 0, 0, 0
75005, 26650, 1, 0, 0
76006, 24320, 0, 0, 0
76006, 24064, 1, 0, 0
77006, 28416, 0, 0, 0
77006, 29696, 1, 0, 0
78005, 26138, 0, 0, 0
78005, 30750, 1, 0, 0
79006, 27392, 0, 0, 0
79006, 25088, 1, 0, 0
80006, 25600, 0, 0, 0
80006, 24064, 1, 0, 0
81006, 30494, 0, 0, 0
81006, 28700, 1, 0, 0
82006, 26112, 0, 0, 0
82006, 26112, 1, 0, 0
83006, 27419, 0, 0, 0
83006, 26650, 1, 0, 0
84006, 30720, 0, 0, 0
84006, 27136, 1, 0, 0
85006, 30750, 0, 0, 0
85006, 27931, 1, 0, 0
86006, 31488, 0, 0, 0
86006, 24832, 1, 0, 0
87006, 22016, 0, 0, 0
87006, 27392, 1, 0, 0
88005, 26138, 0, 0, 0
88005, 23831, 1, 0, 0
89006, 26368, 0, 0, 0
89006, 24832, 1, 0, 0
90006, 27648, 0, 0, 0
90006, 28160, 1, 0, 0
91006, 25881, 0, 0, 0
91006, 29981, 1, 0, 0
92006, 29440, 0, 0, 0
92006, 26368, 1, 0, 0
93006, 26624, 0, 0, 0
93006, 28160, 1, 0, 0
94005, 34594, 0, 0, 0
94005, 24344, 1, 0, 0
95006, 31744, 0, 0, 0
95006, 30464, 1, 0, 0
96005, 24088, 0, 0, 0
96005, 25881, 1, 0, 0
97005, 25113, 0, 0, 0
97005, 32800, 1, 0, 0
98006, 25088, 0, 0, 0
98006, 28928, 1, 0, 0
99006, 26624, 0, 0, 0
99006, 22784, 1, 0, 0
100005, 26650, 0, 0, 0
100005, 29981, 1, 0, 0
101006, 23552, 0, 0, 0
101006, 27648, 1, 0, 0
102006, 25600, 0, 0, 0
102006, 26368, 1, 0, 0
103006, 25856, 0, 0, 0
103006, 30208, 1, 0, 0
104005, 28188, 0, 0, 0
104005, 27675, 1, 0, 0
105006, 30208, 0, 0, 0
105006, 28160, 1, 0, 0
106006, 27904, 0, 0, 0
106006, 29184, 1, 0, 0
107005, 34082, 0, 0, 0
107005, 35619, 1, 0, 0
108006, 27648, 0, 0, 0
108006, 24320, 1, 0, 0
109005, 27419, 0, 0, 0
109005, 32288, 1, 0, 0
110006, 24576, 0, 0, 0
110006, 24832, 1, 0, 0
111006, 28160, 0, 0, 0
111006, 28672, 1, 0, 0
112006, 27675, 0, 0, 0
112006, 27163, 1, 0, 0
113006, 32000, 0, 0, 0
113006, 28928, 1, 0, 0
114006, 27904, 0, 0, 0
114006, 23808, 1, 0, 0
115005, 22550, 0, 0, 0
115005, 26906, 1, 0, 0
116005, 25600, 0, 0, 0
116005, 28416, 1, 0, 0
117006, 29440, 0, 0, 0
117006, 28416, 1, 0, 0
118006, 23296, 0, 0, 0
118006, 23808, 1, 0, 0
119006, 31775, 0, 0, 0
119006, 31519, 1, 0, 0
120006, 29952, 0, 0, 0
120006, 30464, 1, 0, 0
121006, 25856, 0, 0, 0
121006, 27136, 1, 0, 0
122005, 27163, 0, 0, 0
122005, 31775, 1, 0, 0
123005, 29952, 0, 0, 0
123005, 27648, 1, 0, 0
124006, 24576, 0, 0, 0
124006, 28160, 1, 0, 0
125006, 25088, 0, 0, 0
125006, 18176, 1, 0, 0
126006, 33280, 0, 0, 0
126006, 29952, 1, 0, 0
127005, 28188, 0, 0, 0
127005, 28444, 1, 0, 0
128006, 28672, 0, 0, 0
128006, 28928, 1, 0, 0
129006, 24600, 0, 0, 0
129006, 27419, 1, 0, 0
130006, 23040, 0, 0, 0
130006, 25088, 1, 0, 0
131006, 29952, 0, 0, 0
131006, 27136, 1, 0, 0
132006, 29213, 0, 0, 0
132006, 25369, 1, 0, 0
133006, 27648, 0, 0, 0
133006, 26368, 1, 0, 0
134005, 26906, 0, 0, 0
134005, 31263, 1, 0, 0
135006, 28672, 0, 0, 0
135006, 30976, 1, 0, 0
136006, 23808, 0, 0, 0
136006, 28928, 1, 0, 0
137006, 22528, 0, 0, 0
137006, 24832, 1, 0, 0
138006, 21504, 0, 0, 0
138006, 28416, 1, 0, 0
139006, 27648, 0, 0, 0
139006, 24064, 1, 0, 0
140006, 24600, 0, 0, 0
140006, 23575, 1, 0, 0
141006, 26624, 0, 0, 0
141006, 27392, 1, 0, 0
142006, 32288, 0, 0, 0
142006, 29981, 1, 0, 0
143006, 23552, 0, 0, 0
143006, 25344, 1, 0, 0
144006, 30720, 0, 0, 0
144006, 22784, 1, 0, 0
145006, 30720, 0, 0, 0
145006, 26112, 1, 0, 0
146006, 27931, 0, 0, 0
146006, 24856, 1, 0, 0
147006, 27931, 0, 0, 0
147006, 25881, 1, 0, 0
148006, 24576, 0, 0, 0
148006, 24320, 1, 0, 0
149006, 28928, 0, 0, 0
149006, 27648, 1, 0, 0
150005, 25625, 0, 0, 0
150005, 25625, 1, 0, 0
151006, 28928, 0, 0, 0
151006, 30976, 1, 0, 0
152006, 26624, 0, 0, 0
152006, 30464, 1, 0, 0
153006, 25088, 0, 0, 0
153006, 22016, 1, 0, 0
154006, 31744, 0, 0, 0
154006, 29440, 1, 0, 0
155006, 28160, 0, 0, 0
155006, 24576, 1, 0, 0
156006, 28672, 0, 0, 0
156006, 30464, 1, 0, 0
157005, 30238, 0, 0, 0
157005, 27675, 1, 0, 0
158006, 22528, 0, 0, 0
158006, 26368, 1, 0, 0
159006, 31232, 0, 0, 0
159006, 30720, 1, 0, 0
160006, 25600, 0, 0, 0
160006, 27392, 1, 0, 0
161006, 29696, 0, 0, 0
161006, 32512, 1, 0, 0
162006, 28928, 0, 0, 0
162006, 20992, 1, 0, 0
163006, 24856, 0, 0, 0
163006, 28444, 1, 0, 0
164006, 25881, 0, 0, 0
164006, 26138, 1, 0, 0
165006, 32512, 0, 0, 0
165006, 29440, 1, 0, 0
166006, 23296, 0, 0, 0
166006, 25856, 1, 0, 0
167006, 30464, 0, 0, 0
167006, 30720, 1, 0, 0
168006, 24576, 0, 0, 0
168006, 23808, 1, 0, 0
169006, 27392, 0, 0, 0
169006, 24576, 1, 0, 0
170006, 32000, 0, 0, 0
170006, 31232, 1, 0, 0
171005, 26138, 0, 0, 0
171005, 29469, 1, 0, 0
172006, 25344, 0, 0, 0
172006, 23296, 1, 0, 0
173006, 25088, 0, 0, 0
173006, 27904, 1, 0, 0
174006, 29725, 0, 0, 0
174006, 26906, 1, 0, 0
175006, 32000, 0, 0, 0
175006, 28928, 1, 0, 0
176006, 25625, 0, 0, 0
176006, 25113, 1, 0, 0
177006, 33825, 0, 0, 0
177006, 31775, 1, 0, 0
178006, 25088, 0, 0, 0
178006, 26880, 1, 0, 0
179006, 30208, 0, 0, 0
179006, 26112, 1, 0, 0
