1000, 11776, 0, 0, 0
1000, 11008, 1, 0, 0
2001, 29696, 0, 0, 0
2001, 24320, 1, 0, 0
3001, 26394, 0, 0, 0
3001, 23831, 1, 0, 0
4000, 27163, 0, 0, 0
4000, 26650, 1, 0, 0
5001, 34525, 0, 0, 0
5001, 27364, 1, 0, 0
6000, 25625, 0, 0, 0
6000, 25625, 1, 0, 0
7001, 26112, 0, 0, 0
7001, 28160, 1, 0, 0
8001, 27904, 0, 0, 0
8001, 31744, 1, 0, 0
9000, 24344, 0, 0, 0
9000, 28444, 1, 0, 0
10001, 26112, 0, 0, 0
10001, 29184, 1, 0, 0
11001, 25600, 0, 0, 0
11001, 28416, 1, 0, 0
12001, 27419, 0, 0, 0
12001, 25369, 1, 0, 0
13001, 22528, 0, 0, 0
13001, 26880, 1, 0, 0
14000, 26906, 0, 0, 0
14000, 25881, 1, 0, 0
15001, 27648, 0, 0, 0
15001, 30208, 1, 0, 0
16001, 23296, 0, 0, 0
16001, 28672, 1, 0, 0
17000, 28700, 0, 0, 0
17000, 30750, 1, 0, 0
18000, 32288, 0, 0, 0
18000, 29981, 1, 0, 0
19001, 24807, 0, 0, 0
19001, 28899, 1, 0, 0
20001, 29184, 0, 0, 0
20001, 27136, 1, 0, 0
21001, 23831, 0, 0, 0
21001, 27931, 1, 0, 0
22001, 26112, 0, 0, 0
22001, 27136, 1, 0, 0
23000, 27419, 0, 0, 0
23000, 27419, 1, 0, 0
24001, 26112, 0, 0, 0
24001, 28160, 1, 0, 0
25001, 29696, 0, 0, 0
25001, 26880, 1, 0, 0
26001, 26624, 0, 0, 0
26001, 26112, 1, 0, 0
27001, 23063, 0, 0, 0
27001, 27163, 1, 0, 0
28001, 26880, 0, 0, 0
28001, 31232, 1, 0, 0
29001, 31263, 0, 0, 0
29001, 32288, 1, 0, 0
30001, 27904, 0, 0, 0
30001, 24320, 1, 0, 0
31001, 26624, 0, 0, 0
31001, 27648, 1, 0, 0
32000, 28444, 0, 0, 0
32000, 29981, 1, 0, 0
33001, 25856, 0, 0, 0
33001, 27648, 1, 0, 0
34001, 31744, 0, 0, 0
34001, 31744, 1, 0, 0
35001, 25600, 0, 0, 0
35001, 30208, 1, 0, 0
36000, 25625, 0, 0, 0
36000, 28956, 1, 0, 0
37001, 29184, 0, 0, 0
37001, 26112, 1, 0, 0
38001, 27648, 0, 0, 0
38001, 31232, 1, 0, 0
39001, 26624, 0, 0, 0
39001, 28672, 1, 0, 0
40001, 20244, 0, 0, 0
40001, 27419, 1, 0, 0
41001, 22784, 0, 0, 0
41001, 26880, 1, 0, 0
42001, 29440, 0, 0, 0
42001, 27136, 1, 0, 0
43001, 27163, 0, 0, 0
43001, 25113, 1, 0, 0
44001, 23808, 0, 0, 0
44001, 25344, 1, 0, 0
45001, 30208, 0, 0, 0
45001, 30976, 1, 0, 0
46001, 31232, 0, 0, 0
46001, 35328, 1, 0, 0
47001, 27675, 0, 0, 0
47001, 28700, 1, 0, 0
48001, 18944, 0, 0, 0
48001, 23808, 1, 0, 0
49001, 32256, 0, 0, 0
49001, 31488, 1, 0, 0
50000, 25881, 0, 0, 0
50000, 27675, 1, 0, 0
51001, 25088, 0, 0, 0
51001, 29184, 1, 0, 0
52000, 30238, 0, 0, 0
52000, 33569, 1, 0, 0
53001, 29696, 0, 0, 0
53001, 34816, 1, 0, 0
54001, 24064, 0, 0, 0
54001, 27136, 1, 0, 0
55001, 29696, 0, 0, 0
55001, 31744, 1, 0, 0
56000, 29213, 0, 0, 0
56000, 25113, 1, 0, 0
57001, 22784, 0, 0, 0
57001, 33024, 1, 0, 0
58000, 24856, 0, 0, 0
58000, 23575, 1, 0, 0
59001, 25344, 0, 0, 0
59001, 28160, 1, 0, 0
60001, 27392, 0, 0, 0
60001, 33280, 1, 0, 0
61001, 24600, 0, 0, 0
61001, 26394, 1, 0, 0
62001, 31488, 0, 0, 0
62001, 28416, 1, 0, 0
63001, 26138, 0, 0, 0
63001, 25113, 1, 0, 0
64001, 33024, 0, 0, 0
64001, 32768, 1, 0, 0
65001, 23575, 0, 0, 0
65001, 23319, 1, 0, 0
66001, 32256, 0, 0, 0
66001, 27904, 1, 0, 0
67001, 22784, 0, 0, 0
67001, 24832, 1, 0, 0
68001, 26650, 0, 0, 0
68001, 31263, 1, 0, 0
69001, 30208, 0, 0, 0
69001, 23808, 1, 0, 0
70000, 26138, 0, 0, 0
70000, 25113, 1, 0, 0
71001, 19968, 0, 0, 0
71001, 24832, 1, 0, 0
72001, 31263, 0, 0, 0
72001, 31775, 1, 0, 0
73001, 27648, 0, 0, 0
73001, 32512, 1, 0, 0
74001, 23808, 0, 0, 0
74001, 27904, 1, 0, 0
75001, 25881, 0, 0, 0
75001, 28444, 1, 0, 0
76001, 33536, 0, 0, 0
76001, 32000, 1, 0, 0
77001, 27392, 0, 0, 0
77001, 26880, 1, 0, 0
78001, 31775, 0, 0, 0
78001, 29469, 1, 0, 0
79001, 29440, 0, 0, 0
79001, 30720, 1, 0, 0
80001, 26624, 0, 0, 0
80001, 27136, 1, 0, 0
81001, 31007, 0, 0, 0
81001, 22806, 1, 0, 0
82001, 28160, 0, 0, 0
82001, 25344, 1, 0, 0
83001, 28188, 0, 0, 0
83001, 23575, 1, 0, 0
84001, 29184, 0, 0, 0
84001, 29952, 1, 0, 0
85001, 25113, 0, 0, 0
85001, 27931, 1, 0, 0
86001, 29696, 0, 0, 0
86001, 24576, 1, 0, 0
87001, 27392, 0, 0, 0
87001, 24064, 1, 0, 0
88001, 26906, 0, 0, 0
88001, 25625, 1, 0, 0
89001, 24320, 0, 0, 0
89001, 29184, 1, 0, 0
90001, 27648, 0, 0, 0
90001, 26624, 1, 0, 0
91001, 26138, 0, 0, 0
91001, 24344, 1, 0, 0
92001, 24064, 0, 0, 0
92001, 29184, 1, 0, 0
93001, 30720, 0, 0, 0
93001, 29696, 1, 0, 0
94001, 29981, 0, 0, 0
94001, 21525, 1, 0, 0
95001, 27648, 0, 0, 0
95001, 26880, 1, 0, 0
96000, 28700, 0, 0, 0
96000, 28188, 1, 0, 0
97000, 27419, 0, 0, 0
97000, 25625, 1, 0, 0
98001, 26112, 0, 0, 0
98001, 24576, 1, 0, 0
99001, 25856, 0, 0, 0
99001, 25344, 1, 0, 0
100001, 26650, 0, 0, 0
100001, 29213, 1, 0, 0
101001, 28160, 0, 0, 0
101001, 27904, 1, 0, 0
102001, 21504, 0, 0, 0
102001, 23040, 1, 0, 0
103001, 23296, 0, 0, 0
103001, 29696, 1, 0, 0
104001, 27675, 0, 0, 0
104001, 24344, 1, 0, 0
105001, 26624, 0, 0, 0
105001, 34560, 1, 0, 0
106001, 24576, 0, 0, 0
106001, 28672, 1, 0, 0
107000, 30750, 0, 0, 0
107000, 25369, 1, 0, 0
108001, 27136, 0, 0, 0
108001, 23808, 1, 0, 0
109000, 25881, 0, 0, 0
109000, 28956, 1, 0, 0
110001, 29184, 0, 0, 0
110001, 29440, 1, 0, 0
111001, 32256, 0, 0, 0
111001, 26112, 1, 0, 0
112001, 26650, 0, 0, 0
112001, 21013, 1, 0, 0
113001, 29184, 0, 0, 0
113001, 28672, 1, 0, 0
114001, 30976, 0, 0, 0
114001, 25344, 1, 0, 0
115000, 28956, 0, 0, 0
115000, 25625, 1, 0, 0
116001, 27392, 0, 0, 0
116001, 28928, 1, 0, 0
117001, 27904, 0, 0, 0
117001, 28928, 1, 0, 0
118001, 30976, 0, 0, 0
118001, 26880, 1, 0, 0
119001, 22550, 0, 0, 0
119001, 21781, 1, 0, 0
120001, 28928, 0, 0, 0
120001, 26368, 1, 0, 0
121001, 30720, 0, 0, 0
121001, 26880, 1, 0, 0
122000, 27419, 0, 0, 0
122000, 31519, 1, 0, 0
123001, 25856, 0, 0, 0
123001, 28416, 1, 0, 0
124001, 31488, 0, 0, 0
124001, 32256, 1, 0, 0
125001, 25088, 0, 0, 0
125001, 24320, 1, 0, 0
126001, 24832, 0, 0, 0
126001, 24832, 1, 0, 0
127000, 26138, 0, 0, 0
127000, 26650, 1, 0, 0
128001, 26112, 0, 0, 0
128001, 24320, 1, 0, 0
129001, 22806, 0, 0, 0
129001, 19475, 1, 0, 0
130001, 26112, 0, 0, 0
130001, 24320, 1, 0, 0
131001, 24576, 0, 0, 0
131001, 24832, 1, 0, 0
132001, 24856, 0, 0, 0
132001, 24600, 1, 0, 0
133001, 26368, 0, 0, 0
133001, 26624, 1, 0, 0
134001, 27931, 0, 0, 0
134001, 31775, 1, 0, 0
135001, 30464, 0, 0, 0
135001, 30464, 1, 0, 0
136001, 26368, 0, 0, 0
136001, 23808, 1, 0, 0
137001, 21760, 0, 0, 0
137001, 28672, 1, 0, 0
138001, 28672, 0, 0, 0
138001, 25856, 1, 0, 0
139001, 26112, 0, 0, 0
139001, 24832, 1, 0, 0
140001, 27163, 0, 0, 0
140001, 30238, 1, 0, 0
141001, 25856, 0, 0, 0
141001, 26880, 1, 0, 0
142001, 23575, 0, 0, 0
142001, 25881, 1, 0, 0
143001, 26112, 0, 0, 0
143001, 27904, 1, 0, 0
144001, 29696, 0, 0, 0
144001, 24832, 1, 0, 0
145001, 30720, 0, 0, 0
145001, 23808, 1, 0, 0
146001, 26650, 0, 0, 0
146001, 21525, 1, 0, 0
147001, 26906, 0, 0, 0
147001, 30238, 1, 0, 0
148001, 29952, 0, 0, 0
148001, 27904, 1, 0, 0
149001, 28160, 0, 0, 0
149001, 29952, 1, 0, 0
150001, 29725, 0, 0, 0
150001, 31263, 1, 0, 0
151001, 26624, 0, 0, 0
151001, 32256, 1, 0, 0
152001, 31232, 0, 0, 0
152001, 31744, 1, 0, 0
153001, 28672, 0, 0, 0
153001, 29440, 1, 0, 0
154001, 26880, 0, 0, 0
154001, 23552, 1, 0, 0
155001, 26112, 0, 0, 0
155001, 25600, 1, 0, 0
156001, 31744, 0, 0, 0
156001, 29184, 1, 0, 0
157000, 23319, 0, 0, 0
157000, 28700, 1, 0, 0
158001, 29952, 0, 0, 0
158001, 32000, 1, 0, 0
159001, 31488, 0, 0, 0
159001, 30464, 1, 0, 0
160001, 26624, 0, 0, 0
160001, 25344, 1, 0, 0
161001, 26112, 0, 0, 0
161001, 31232, 1, 0, 0
162001, 30464, 0, 0, 0
162001, 22528, 1, 0, 0
163001, 29725, 0, 0, 0
163001, 24856, 1, 0, 0
164001, 32800, 0, 0, 0
164001, 29981, 1, 0, 0
165001, 23296, 0, 0, 0
165001, 27904, 1, 0, 0
166001, 27648, 0, 0, 0
166001, 30720, 1, 0, 0
167001, 27392, 0, 0, 0
167001, 26112, 1, 0, 0
168001, 23552, 0, 0, 0
168001, 30208, 1, 0, 0
169001, 26624, 0, 0, 0
169001, 30464, 1, 0, 0
170001, 30720, 0, 0, 0
170001, 28928, 1, 0, 0
171000, 28188, 0, 0, 0
171000, 22806, 1, 0, 0
172001, 26624, 0, 0, 0
172001, 25088, 1, 0, 0
173001, 29696, 0, 0, 0
173001, 26368, 1, 0, 0
174001, 26394, 0, 0, 0
174001, 27931, 1, 0, 0
175001, 26368, 0, 0, 0
175001, 27904, 1, 0, 0
176001, 29213, 0, 0, 0
176001, 26906, 1, 0, 0
177001, 23831, 0, 0, 0
177001, 29213, 1, 0, 0
178001, 26624, 0, 0, 0
178001, 27136, 1, 0, 0
179001, 21760, 0, 0, 0
179001, 29696, 1, 0, 0
