999, 11275, 0, 0, 0
999, 9993, 1, 0, 0
2000, 32512, 0, 0, 0
2000, 26880, 1, 0, 0
2999, 23319, 0, 0, 0
2999, 27163, 1, 0, 0
4000, 27364, 0, 0, 0
4000, 33758, 1, 0, 0
5002, 23272, 0, 0, 0
5002, 27108, 1, 0, 0
6001, 22038, 0, 0, 0
6001, 22294, 1, 0, 0
7001, 23808, 0, 0, 0
7001, 24832, 1, 0, 0
8002, 29184, 0, 0, 0
8002, 29184, 1, 0, 0
9001, 26906, 0, 0, 0
9001, 28188, 1, 0, 0
10001, 31488, 0, 0, 0
10001, 29952, 1, 0, 0
11002, 28928, 0, 0, 0
11002, 21504, 1, 0, 0
12002, 26906, 0, 0, 0
12002, 28188, 1, 0, 0
13002, 30976, 0, 0, 0
13002, 30976, 1, 0, 0
14001, 25881, 0, 0, 0
14001, 25881, 1, 0, 0
15002, 32000, 0, 0, 0
15002, 22784, 1, 0, 0
16002, 31232, 0, 0, 0
16002, 28928, 1, 0, 0
17001, 30238, 0, 0, 0
17001, 28188, 1, 0, 0
18000, 28188, 0, 0, 0
18000, 28700, 1, 0, 0
19002, 27876, 0, 0, 0
19002, 28387, 1, 0, 0
20002, 25600, 0, 0, 0
20002, 22784, 1, 0, 0
21002, 24088, 0, 0, 0
21002, 28188, 1, 0, 0
22002, 30976, 0, 0, 0
22002, 28672, 1, 0, 0
23001, 26906, 0, 0, 0
23001, 20756, 1, 0, 0
24001, 33792, 0, 0, 0
24001, 26368, 1, 0, 0
25002, 29952, 0, 0, 0
25002, 27904, 1, 0, 0
26002, 26368, 0, 0, 0
26002, 30976, 1, 0, 0
27001, 29725, 0, 0, 0
27001, 31775, 1, 0, 0
28002, 26112, 0, 0, 0
28002, 30720, 1, 0, 0
29001, 29725, 0, 0, 0
29001, 25369, 1, 0, 0
30001, 25856, 0, 0, 0
30001, 29952, 1, 0, 0
31002, 24320, 0, 0, 0
31002, 29184, 1, 0, 0
32001, 29981, 0, 0, 0
32001, 27675, 1, 0, 0
33001, 26368, 0, 0, 0
33001, 29952, 1, 0, 0
34002, 25344, 0, 0, 0
34002, 23552, 1, 0, 0
35002, 30208, 0, 0, 0
35002, 30976, 1, 0, 0
36001, 27163, 0, 0, 0
36001, 21525, 1, 0, 0
37001, 28416, 0, 0, 0
37001, 27392, 1, 0, 0
38002, 29952, 0, 0, 0
38002, 30720, 1, 0, 0
39002, 29952, 0, 0, 0
39002, 24832, 1, 0, 0
40001, 26138, 0, 0, 0
40001, 30238, 1, 0, 0
41002, 27904, 0, 0, 0
41002, 25600, 1, 0, 0
42002, 23552, 0, 0, 0
42002, 28672, 1, 0, 0
43001, 24088, 0, 0, 0
43001, 26906, 1, 0, 0
44002, 28416, 0, 0, 0
44002, 27648, 1, 0, 0
45002, 26112, 0, 0, 0
45002, 27392, 1, 0, 0
46002, 24064, 0, 0, 0
46002, 27136, 1, 0, 0
47001, 26138, 0, 0, 0
47001, 30494, 1, 0, 0
48002, 25600, 0, 0, 0
48002, 23040, 1, 0, 0
49002, 22528, 0, 0, 0
49002, 23040, 1, 0, 0
50001, 31263, 0, 0, 0
50001, 27163, 1, 0, 0
51002, 29184, 0, 0, 0
51002, 24576, 1, 0, 0
52001, 25881, 0, 0, 0
52001, 27163, 1, 0, 0
53001, 26880, 0, 0, 0
53001, 27392, 1, 0, 0
54001, 29184, 0, 0, 0
54001, 28672, 1, 0, 0
55002, 22016, 0, 0, 0
55002, 26624, 1, 0, 0
56001, 25625, 0, 0, 0
56001, 29213, 1, 0, 0
57002, 28672, 0, 0, 0
57002, 29696, 1, 0, 0
58001, 27419, 0, 0, 0
58001, 31519, 1, 0, 0
59001, 28672, 0, 0, 0
59001, 27648, 1, 0, 0
60002, 30464, 0, 0, 0
60002, 24064, 1, 0, 0
61001, 27931, 0, 0, 0
61001, 26394, 1, 0, 0
62002, 24320, 0, 0, 0
62002, 22784, 1, 0, 0
63001, 30750, 0, 0, 0
63001, 35619, 1, 0, 0
64002, 23552, 0, 0, 0
64002, 28672, 1, 0, 0
65001, 32032, 0, 0, 0
65001, 34850, 1, 0, 0
66001, 28160, 0, 0, 0
66002, 26112, 1, 0, 0
67002, 30976, 0, 0, 0
67002, 26624, 1, 0, 0
68001, 26138, 0, 0, 0
68001, 27675, 1, 0, 0
69002, 26368, 0, 0, 0
69002, 27136, 1, 0, 0
70001, 27163, 0, 0, 0
70001, 28444, 1, 0, 0
71001, 27648, 0, 0, 0
71001, 29440, 1, 0, 0
72001, 30750, 0, 0, 0
72001, 28188, 1, 0, 0
73002, 28160, 0, 0, 0
73002, 31488, 1, 0, 0
74002, 32256, 0, 0, 0
74002, 32512, 1, 0, 0
75001, 27163, 0, 0, 0
75001, 29213, 1, 0, 0
76002, 26112, 0, 0, 0
76002, 32000, 1, 0, 0
77002, 27392, 0, 0, 0
77002, 22528, 1, 0, 0
78001, 30494, 0, 0, 0
78001, 35363, 1, 0, 0
79002, 26368, 0, 0, 0
79002, 30464, 1, 0, 0
80002, 30464, 0, 0, 0
80002, 30976, 1, 0, 0
81002, 24856, 0, 0, 0
81002, 23063, 1, 0, 0
82002, 29696, 0, 0, 0
82002, 28160, 1, 0, 0
83002, 25113, 0, 0, 0
83002, 27419, 1, 0, 0
84002, 26368, 0, 0, 0
84002, 31488, 1, 0, 0
85001, 27163, 0, 0, 0
85001, 29981, 1, 0, 0
86002, 31744, 0, 0, 0
86002, 31232, 1, 0, 0
87002, 27392, 0, 0, 0
87002, 29696, 1, 0, 0
88001, 25369, 0, 0, 0
88001, 19219, 1, 0, 0
89002, 28672, 0, 0, 0
89002, 32000, 1, 0, 0
90002, 25856, 0, 0, 0
90002, 33280, 1, 0, 0
91001, 32800, 0, 0, 0
91001, 25113, 1, 0, 0
92002, 32256, 0, 0, 0
92002, 24832, 1, 0, 0
93002, 20224, 0, 0, 0
93002, 24064, 1, 0, 0
94001, 27163, 0, 0, 0
94001, 24856, 1, 0, 0
95001, 28928, 0, 0, 0
95001, 33280, 1, 0, 0
96001, 24088, 0, 0, 0
96001, 25625, 1, 0, 0
97001, 26650, 0, 0, 0
97001, 24344, 1, 0, 0
98002, 29952, 0, 0, 0
98002, 36096, 1, 0, 0
99002, 24064, 0, 0, 0
99002, 30208, 1, 0, 0
100001, 32032, 0, 0, 0
100001, 34594, 1, 0, 0
101002, 25856, 0, 0, 0
101002, 24320, 1, 0, 0
102002, 37120, 0, 0, 0
102002, 28672, 1, 0, 0
103002, 26880, 0, 0, 0
103002, 29184, 1, 0, 0
104001, 25625, 0, 0, 0
104001, 28444, 1, 0, 0
105001, 23552, 0, 0, 0
105001, 29440, 1, 0, 0
106002, 24064, 0, 0, 0
106002, 24576, 1, 0, 0
107001, 24344, 0, 0, 0
107001, 23319, 1, 0, 0
108001, 29184, 0, 0, 0
108001, 22016, 1, 0, 0
109001, 30494, 0, 0, 0
109001, 31775, 1, 0, 0
110002, 30976, 0, 0, 0
110002, 28160, 1, 0, 0
111002, 24832, 0, 0, 0
111002, 27648, 1, 0, 0
112001, 26138, 0, 0, 0
112001, 30750, 1, 0, 0
113002, 25344, 0, 0, 0
113002, 27392, 1, 0, 0
114002, 25600, 0, 0, 0
114002, 27392, 1, 0, 0
115001, 31775, 0, 0, 0
115001, 24344, 1, 0, 0
116001, 36608, 0, 0, 0
116001, 29440, 1, 0, 0
117001, 28928, 0, 0, 0
117001, 29696, 1, 0, 0
118002, 28928, 0, 0, 0
118002, 28672, 1, 0, 0
119001, 26394, 0, 0, 0
119001, 25369, 1, 0, 0
120002, 32768, 0, 0, 0
120002, 28160, 1, 0, 0
121002, 26880, 0, 0, 0
121002, 20992, 1, 0, 0
122001, 32032, 0, 0, 0
122001, 28188, 1, 0, 0
123001, 29952, 0, 0, 0
123001, 26880, 1, 0, 0
124001, 27904, 0, 0, 0
124001, 28416, 1, 0, 0
125002, 31232, 0, 0, 0
125002, 30208, 1, 0, 0
126002, 28416, 0, 0, 0
126002, 27392, 1, 0, 0
127001, 28188, 0, 0, 0
127001, 30494, 1, 0, 0
128002, 27136, 0, 0, 0
128002, 28160, 1, 0, 0
129001, 31263, 0, 0, 0
129001, 24856, 1, 0, 0
130002, 27648, 0, 0, 0
130002, 23552, 1, 0, 0
131002, 23296, 0, 0, 0
131002, 26624, 1, 0, 0
132002, 26650, 0, 0, 0
132002, 32544, 1, 0, 0
133002, 30464, 0, 0, 0
133002, 29440, 1, 0, 0
134001, 31007, 0, 0, 0
134001, 31007, 1, 0, 0
135001, 31744, 0, 0, 0
135001, 34560, 1, 0, 0
136002, 24064, 0, 0, 0
136002, 27392, 1, 0, 0
137002, 24064, 0, 0, 0
137002, 23552, 1, 0, 0
138002, 26624, 0, 0, 0
138002, 26624, 1, 0, 0
139002, 22528, 0, 0, 0
139002, 28672, 1, 0, 0
140002, 26394, 0, 0, 0
140002, 24856, 1, 0, 0
141002, 26368, 0, 0, 0
141002, 26112, 1, 0, 0
142002, 25625, 0, 0, 0
142002, 29469, 1, 0, 0
143002, 23552, 0, 0, 0
143002, 26112, 1, 0, 0
144002, 30464, 0, 0, 0
144002, 25856, 1, 0, 0
145002, 23552, 0, 0, 0
145002, 25600, 1, 0, 0
146002, 19475, 0, 0, 0
146002, 26394, 1, 0, 0
147002, 29213, 0, 0, 0
147002, 28444, 1, 0, 0
148002, 24832, 0, 0, 0
148002, 34304, 1, 0, 0
149002, 26880, 0, 0, 0
149002, 31744, 1, 0, 0
150001, 23063, 0, 0, 0
150001, 30238, 1, 0, 0
151001, 30208, 0, 0, 0
151001, 28928, 1, 0, 0
152001, 26112, 0, 0, 0
152001, 23552, 1, 0, 0
153002, 23808, 0, 0, 0
153002, 28416, 1, 0, 0
154002, 32000, 0, 0, 0
154002, 30208, 1, 0, 0
155002, 26368, 0, 0, 0
155002, 21504, 1, 0, 0
156002, 32512, 0, 0, 0
156002, 23040, 1, 0, 0
157001, 30494, 0, 0, 0
157001, 29213, 1, 0, 0
158001, 27648, 0, 0, 0
158001, 29440, 1, 0, 0
159002, 31232, 0, 0, 0
159002, 34560, 1, 0, 0
160002, 29952, 0, 0, 0
160002, 27648, 1, 0, 0
161002, 32000, 0, 0, 0
161002, 26880, 1, 0, 0
162002, 26624, 0, 0, 0
162002, 27392, 1, 0, 0
163002, 26906, 0, 0, 0
163002, 31263, 1, 0, 0
164001, 28700, 0, 0, 0
164001, 27163, 1, 0, 0
165001, 26624, 0, 0, 0
165001, 27648, 1, 0, 0
166002, 29184, 0, 0, 0
166002, 26368, 1, 0, 0
167002, 26624, 0, 0, 0
167002, 28928, 1, 0, 0
168002, 27392, 0, 0, 0
168002, 28672, 1, 0, 0
169002, 28672, 0, 0, 0
169002, 22784, 1, 0, 0
170002, 30208, 0, 0, 0
170002, 29440, 1, 0, 0
171001, 25625, 0, 0, 0
171001, 25881, 1, 0, 0
172002, 26368, 0, 0, 0
172002, 31232, 1, 0, 0
173002, 30464, 0, 0, 0
173002, 27904, 1, 0, 0
174002, 24600, 0, 0, 0
174002, 25881, 1, 0, 0
175002, 24832, 0, 0, 0
175002, 29952, 1, 0, 0
176002, 29725, 0, 0, 0
176002, 30494, 1, 0, 0
177002, 27675, 0, 0, 0
177002, 31519, 1, 0, 0
178002, 26624, 0, 0, 0
178002, 26368, 1, 0, 0
179002, 29952, 0, 0, 0
179002, 29952, 1, 0, 0
180002, 30208, 0, 0, 0
180002, 24832, 1, 0, 0
