1000, 11008, 0, 0, 0
1000, 12032, 1, 0, 0
2000, 30494, 0, 0, 0
2000, 25369, 1, 0, 0
2999, 26394, 0, 0, 0
2999, 26138, 1, 0, 0
3998, 30238, 0, 0, 0
3998, 27675, 1, 0, 0
4997, 31007, 0, 0, 0
4997, 30238, 1, 0, 0
5999, 21994, 0, 0, 0
5999, 22249, 1, 0, 0
7000, 23528, 0, 0, 0
7000, 23272, 1, 0, 0
8001, 24551, 0, 0, 0
8001, 29410, 1, 0, 0
9003, 30433, 0, 0, 0
9003, 25830, 1, 0, 0
10004, 27620, 0, 0, 0
10004, 25574, 1, 0, 0
11005, 27364, 0, 0, 0
11005, 27364, 1, 0, 0
12006, 25088, 0, 0, 0
12006, 29952, 1, 0, 0
13008, 31712, 0, 0, 0
13008, 32735, 1, 0, 0
14009, 29922, 0, 0, 0
14009, 25830, 1, 0, 0
15010, 25062, 0, 0, 0
15010, 28387, 1, 0, 0
16012, 27876, 0, 0, 0
16012, 27108, 1, 0, 0
17013, 29154, 0, 0, 0
17013, 30433, 1, 0, 0
18014, 27364, 0, 0, 0
18014, 32223, 1, 0, 0
19015, 25830, 0, 0, 0
19015, 32479, 1, 0, 0
20017, 35548, 0, 0, 0
20017, 26085, 1, 0, 0
21019, 34013, 0, 0, 0
21019, 32223, 1, 0, 0
22020, 24039, 0, 0, 0
22020, 23528, 1, 0, 0
23021, 29922, 0, 0, 0
23021, 26853, 1, 0, 0
24022, 27620, 0, 0, 0
24022, 31968, 1, 0, 0
25024, 29922, 0, 0, 0
25024, 29922, 1, 0, 0
26025, 25318, 0, 0, 0
26025, 28387, 1, 0, 0
27026, 28899, 0, 0, 0
27026, 34269, 1, 0, 0
28028, 29666, 0, 0, 0
28028, 28643, 1, 0, 0
29029, 29410, 0, 0, 0
29029, 29922, 1, 0, 0
30030, 21738, 0, 0, 0
30030, 30177, 1, 0, 0
31032, 29410, 0, 0, 0
31032, 28131, 1, 0, 0
32033, 22761, 0, 0, 0
32033, 30689, 1, 0, 0
33034, 30689, 0, 0, 0
33034, 31712, 1, 0, 0
34036, 26853, 0, 0, 0
34036, 28131, 1, 0, 0
35038, 31968, 0, 0, 0
35038, 30689, 1, 0, 0
36039, 27876, 0, 0, 0
36039, 26597, 1, 0, 0
37040, 28643, 0, 0, 0
37040, 23528, 1, 0, 0
38042, 27876, 0, 0, 0
38042, 26597, 1, 0, 0
39043, 34013, 0, 0, 0
39043, 33758, 1, 0, 0
40044, 29154, 0, 0, 0
40044, 27108, 1, 0, 0
41045, 30177, 0, 0, 0
41045, 23272, 1, 0, 0
42047, 27876, 0, 0, 0
42047, 26597, 1, 0, 0
43048, 29154, 0, 0, 0
43048, 22505, 1, 0, 0
44049, 30689, 0, 0, 0
44049, 33502, 1, 0, 0
45051, 29666, 0, 0, 0
45051, 26853, 1, 0, 0
46052, 24551, 0, 0, 0
46052, 25318, 1, 0, 0
47053, 30433, 0, 0, 0
47053, 23784, 1, 0, 0
48054, 27364, 0, 0, 0
48054, 27876, 1, 0, 0
49056, 28899, 0, 0, 0
49056, 28899, 1, 0, 0
50057, 25830, 0, 0, 0
50057, 23272, 1, 0, 0
51059, 28131, 0, 0, 0
51059, 23016, 1, 0, 0
52060, 27364, 0, 0, 0
52060, 28387, 1, 0, 0
53061, 28387, 0, 0, 0
53061, 29154, 1, 0, 0
54062, 28643, 0, 0, 0
54062, 26341, 1, 0, 0
55064, 25830, 0, 0, 0
55064, 24295, 1, 0, 0
56064, 28160, 0, 0, 0
56064, 27904, 1, 0, 0
57066, 20971, 0, 0, 0
57066, 25830, 1, 0, 0
58067, 26597, 0, 0, 0
58067, 24551, 1, 0, 0
59068, 31968, 0, 0, 0
59068, 25062, 1, 0, 0
60070, 30689, 0, 0, 0
60070, 25318, 1, 0, 0
61071, 27620, 0, 0, 0
61071, 23272, 1, 0, 0
62073, 27364, 0, 0, 0
62073, 27876, 1, 0, 0
63074, 32479, 0, 0, 0
63074, 30177, 1, 0, 0
64076, 23784, 0, 0, 0
64076, 23272, 1, 0, 0
65077, 33502, 0, 0, 0
65077, 26853, 1, 0, 0
66078, 28387, 0, 0, 0
66078, 25830, 1, 0, 0
67080, 31456, 0, 0, 0
67080, 29410, 1, 0, 0
68081, 26853, 0, 0, 0
68081, 28131, 1, 0, 0
69083, 28131, 0, 0, 0
69083, 32991, 1, 0, 0
70084, 27364, 0, 0, 0
70084, 28387, 1, 0, 0
71086, 24295, 0, 0, 0
71086, 27620, 1, 0, 0
72087, 28131, 0, 0, 0
72087, 27620, 1, 0, 0
73089, 31456, 0, 0, 0
73089, 25318, 1, 0, 0
74090, 28899, 0, 0, 0
74090, 31968, 1, 0, 0
75091, 31200, 0, 0, 0
75091, 23272, 1, 0, 0
76092, 32479, 0, 0, 0
76092, 27876, 1, 0, 0
77094, 28899, 0, 0, 0
77094, 25062, 1, 0, 0
78095, 26341, 0, 0, 0
78095, 31968, 1, 0, 0
79096, 28643, 0, 0, 0
79096, 27108, 1, 0, 0
80098, 20203, 0, 0, 0
80098, 25062, 1, 0, 0
81100, 26597, 0, 0, 0
81100, 29154, 1, 0, 0
82101, 29410, 0, 0, 0
82101, 26853, 1, 0, 0
83103, 23016, 0, 0, 0
83103, 24295, 1, 0, 0
84104, 26597, 0, 0, 0
84104, 26597, 1, 0, 0
85105, 24039, 0, 0, 0
85105, 27108, 1, 0, 0
86107, 24295, 0, 0, 0
86107, 28131, 1, 0, 0
87108, 28643, 0, 0, 0
87108, 25574, 1, 0, 0
88109, 26853, 0, 0, 0
88109, 27620, 1, 0, 0
89111, 26085, 0, 0, 0
89111, 22249, 1, 0, 0
90112, 27620, 0, 0, 0
90112, 28643, 1, 0, 0
91113, 29154, 0, 0, 0
91113, 36571, 1, 0, 0
92115, 29666, 0, 0, 0
92115, 28131, 1, 0, 0
93116, 29410, 0, 0, 0
93116, 25574, 1, 0, 0
94117, 32479, 0, 0, 0
94117, 27620, 1, 0, 0
95118, 24295, 0, 0, 0
95118, 22761, 1, 0, 0
96120, 30689, 0, 0, 0
96120, 34269, 1, 0, 0
97122, 24295, 0, 0, 0
97122, 21994, 1, 0, 0
98124, 25830, 0, 0, 0
98124, 26085, 1, 0, 0
99125, 24295, 0, 0, 0
99125, 26597, 1, 0, 0
100126, 30433, 0, 0, 0
100126, 31456, 1, 0, 0
101127, 25574, 0, 0, 0
101127, 27876, 1, 0, 0
102129, 29154, 0, 0, 0
102129, 24807, 1, 0, 0
103130, 27108, 0, 0, 0
103130, 30177, 1, 0, 0
104131, 31712, 0, 0, 0
104131, 28131, 1, 0, 0
105132, 32479, 0, 0, 0
105132, 28131, 1, 0, 0
106134, 31968, 0, 0, 0
106134, 27364, 1, 0, 0
107135, 28131, 0, 0, 0
107135, 34013, 1, 0, 0
108136, 23016, 0, 0, 0
108136, 24807, 1, 0, 0
109138, 33758, 0, 0, 0
109138, 24039, 1, 0, 0
110140, 27876, 0, 0, 0
110140, 34525, 1, 0, 0
111141, 26085, 0, 0, 0
111141, 24807, 1, 0, 0
112142, 27108, 0, 0, 0
112142, 24039, 1, 0, 0
113143, 27364, 0, 0, 0
113143, 28643, 1, 0, 0
114145, 29410, 0, 0, 0
114145, 31712, 1, 0, 0
115146, 23784, 0, 0, 0
115146, 29154, 1, 0, 0
116147, 29410, 0, 0, 0
116147, 27876, 1, 0, 0
117148, 20203, 0, 0, 0
117148, 25830, 1, 0, 0
118150, 25318, 0, 0, 0
118150, 26853, 1, 0, 0
119151, 27876, 0, 0, 0
119151, 28899, 1, 0, 0
120153, 26597, 0, 0, 0
120153, 22505, 1, 0, 0
121154, 28387, 0, 0, 0
121154, 22505, 1, 0, 0
122155, 28643, 0, 0, 0
122155, 30945, 1, 0, 0
123156, 28131, 0, 0, 0
123156, 28899, 1, 0, 0
124157, 26341, 0, 0, 0
124157, 26341, 1, 0, 0
125159, 23528, 0, 0, 0
125159, 25062, 1, 0, 0
126160, 25318, 0, 0, 0
126160, 28131, 1, 0, 0
127161, 27364, 0, 0, 0
127161, 29410, 1, 0, 0
128163, 30433, 0, 0, 0
128163, 28387, 1, 0, 0
129164, 28387, 0, 0, 0
129164, 26341, 1, 0, 0
130166, 25830, 0, 0, 0
130166, 33246, 1, 0, 0
131167, 24039, 0, 0, 0
131167, 31456, 1, 0, 0
132169, 24295, 0, 0, 0
132169, 20971, 1, 0, 0
133170, 28643, 0, 0, 0
133170, 28387, 1, 0, 0
134171, 21738, 0, 0, 0
134171, 29154, 1, 0, 0
135172, 27108, 0, 0, 0
135172, 29154, 1, 0, 0
136173, 29666, 0, 0, 0
136173, 29922, 1, 0, 0
137175, 24807, 0, 0, 0
137175, 25830, 1, 0, 0
138176, 28131, 0, 0, 0
138176, 24295, 1, 0, 0
139177, 26341, 0, 0, 0
139177, 29666, 1, 0, 0
140179, 31200, 0, 0, 0
140179, 26853, 1, 0, 0
141180, 27876, 0, 0, 0
141180, 22249, 1, 0, 0
142181, 22761, 0, 0, 0
142181, 26597, 1, 0, 0
143183, 29666, 0, 0, 0
143183, 29410, 1, 0, 0
144184, 25830, 0, 0, 0
144184, 27620, 1, 0, 0
145185, 25318, 0, 0, 0
145185, 21994, 1, 0, 0
146187, 27620, 0, 0, 0
146187, 27620, 1, 0, 0
147188, 26341, 0, 0, 0
147188, 30177, 1, 0, 0
148190, 36571, 0, 0, 0
148190, 29410, 1, 0, 0
149191, 26597, 0, 0, 0
149191, 27364, 1, 0, 0
150192, 32479, 0, 0, 0
150192, 23272, 1, 0, 0
151193, 27620, 0, 0, 0
151193, 26853, 1, 0, 0
152194, 28899, 0, 0, 0
152194, 30945, 1, 0, 0
153196, 26597, 0, 0, 0
153196, 26085, 1, 0, 0
154197, 30433, 0, 0, 0
154197, 29922, 1, 0, 0
155198, 25574, 0, 0, 0
155198, 29154, 1, 0, 0
156199, 25830, 0, 0, 0
156199, 30689, 1, 0, 0
157200, 28131, 0, 0, 0
157200, 32223, 1, 0, 0
158201, 29922, 0, 0, 0
158201, 31712, 1, 0, 0
159203, 24551, 0, 0, 0
159203, 34013, 1, 0, 0
160204, 27108, 0, 0, 0
160204, 24551, 1, 0, 0
161205, 27620, 0, 0, 0
161205, 28131, 1, 0, 0
162206, 21482, 0, 0, 0
162206, 25318, 1, 0, 0
163207, 26085, 0, 0, 0
163207, 28643, 1, 0, 0
164208, 30689, 0, 0, 0
164208, 32735, 1, 0, 0
165209, 29410, 0, 0, 0
165209, 29410, 1, 0, 0
166210, 30689, 0, 0, 0
166210, 28643, 1, 0, 0
167212, 28643, 0, 0, 0
167212, 25574, 1, 0, 0
168213, 22249, 0, 0, 0
168213, 25830, 1, 0, 0
169214, 26341, 0, 0, 0
169214, 24551, 1, 0, 0
170215, 27876, 0, 0, 0
170215, 34781, 1, 0, 0
171216, 26853, 0, 0, 0
171216, 29154, 1, 0, 0
172218, 28131, 0, 0, 0
172218, 24039, 1, 0, 0
173219, 27620, 0, 0, 0
173219, 29410, 1, 0, 0
174220, 30464, 0, 0, 0
174220, 33536, 1, 0, 0
175221, 30208, 0, 0, 0
175221, 33536, 1, 0, 0
176222, 25600, 0, 0, 0
176222, 24320, 1, 0, 0
177223, 27648, 0, 0, 0
177223, 31488, 1, 0, 0
178224, 25318, 0, 0, 0
178224, 27620, 1, 0, 0
179224, 28672, 0, 0, 0
179224, 26112, 1, 0, 0
