1000, 30784, 0, 0, 0
2000, 34944, 0, 0, 0
3000, 36388, 0, 0, 0
4000, 39488, 0, 0, 0
5000, 34048, 0, 0, 0
6000, 41001, 0, 0, 0
7000, 43904, 0, 0, 0
8000, 38336, 0, 0, 0
9000, 34722, 0, 0, 0
10000, 32832, 0, 0, 0
11000, 41856, 0, 0, 0
12000, 37733, 0, 0, 0
13000, 33344, 0, 0, 0
14000, 36608, 0, 0, 0
15000, 41129, 0, 0, 0
16000, 44352, 0, 0, 0
17000, 39168, 0, 0, 0
18000, 40424, 0, 0, 0
19000, 43136, 0, 0, 0
20000, 36288, 0, 0, 0
21000, 37925, 0, 0, 0
22000, 37568, 0, 0, 0
23000, 30848, 0, 0, 0
24000, 40872, 0, 0, 0
25000, 39040, 0, 0, 0
26000, 38592, 0, 0, 0
27000, 43819, 0, 0, 0
28000, 38656, 0, 0, 0
29000, 35136, 0, 0, 0
30000, 34658, 0, 0, 0
31000, 42304, 0, 0, 0
32000, 41705, 0, 0, 0
33000, 39360, 0, 0, 0
34000, 39232, 0, 0, 0
35000, 41321, 0, 0, 0
36000, 39616, 0, 0, 0
37000, 37120, 0, 0, 0
38000, 35683, 0, 0, 0
39000, 38272, 0, 0, 0
40000, 35264, 0, 0, 0
41000, 36708, 0, 0, 0
42000, 40384, 0, 0, 0
43000, 38592, 0, 0, 0
44000, 37221, 0, 0, 0
45000, 42368, 0, 0, 0
46000, 38080, 0, 0, 0
47000, 36388, 0, 0, 0
48000, 36992, 0, 0, 0
49000, 41280, 0, 0, 0
50000, 38374, 0, 0, 0
51000, 33856, 0, 0, 0
52000, 41129, 0, 0, 0
53000, 37504, 0, 0, 0
54000, 38976, 0, 0, 0
55000, 33569, 0, 0, 0
56000, 34368, 0, 0, 0
57000, 39680, 0, 0, 0
58000, 41769, 0, 0, 0
59000, 32704, 0, 0, 0
60000, 38208, 0, 0, 0
61000, 35235, 0, 0, 0
62000, 37888, 0, 0, 0
63000, 36928, 0, 0, 0
64000, 32416, 0, 0, 0
65000, 41024, 0, 0, 0
66000, 39616, 0, 0, 0
67000, 43712, 0, 0, 0
68000, 38566, 0, 0, 0
69000, 32640, 0, 0, 0
70000, 38784, 0, 0, 0
71000, 39463, 0, 0, 0
72000, 43456, 0, 0, 0
73000, 36352, 0, 0, 0
74000, 43947, 0, 0, 0
75000, 42304, 0, 0, 0
76000, 40448, 0, 0, 0
77000, 40616, 0, 0, 0
78000, 35776, 0, 0, 0
79000, 33152, 0, 0, 0
80000, 36580, 0, 0, 0
81000, 33088, 0, 0, 0
82000, 41344, 0, 0, 0
83000, 35811, 0, 0, 0
84000, 39936, 0, 0, 0
85005, 38820, 0, 0, 0
86005, 41024, 0, 0, 0
87006, 35328, 0, 0, 0
88006, 39104, 0, 0, 0
89007, 37696, 0, 0, 0
90007, 38784, 0, 0, 0
91007, 39616, 0, 0, 0
92008, 36160, 0, 0, 0
93009, 39320, 0, 0, 0
94009, 34944, 0, 0, 0
95009, 41792, 0, 0, 0
96010, 43712, 0, 0, 0
97010, 36992, 0, 0, 0
98011, 34816, 0, 0, 0
99010, 33441, 0, 0, 0
100010, 37120, 0, 0, 0
101011, 38208, 0, 0, 0
102010, 40488, 0, 0, 0
103010, 36672, 0, 0, 0
104011, 44800, 0, 0, 0
105010, 36324, 0, 0, 0
106010, 35264, 0, 0, 0
107010, 40040, 0, 0, 0
108010, 36992, 0, 0, 0
109011, 37760, 0, 0, 0
110010, 40744, 0, 0, 0
111010, 35584, 0, 0, 0
112010, 35840, 0, 0, 0
113011, 39168, 0, 0, 0
114010, 38758, 0, 0, 0
115010, 40960, 0, 0, 0
116011, 36864, 0, 0, 0
117010, 42858, 0, 0, 0
118010, 35904, 0, 0, 0
119011, 43072, 0, 0, 0
120010, 38246, 0, 0, 0
121010, 36736, 0, 0, 0
122011, 39488, 0, 0, 0
123010, 33889, 0, 0, 0
124010, 42112, 0, 0, 0
125011, 45440, 0, 0, 0
126010, 42858, 0, 0, 0
127010, 36736, 0, 0, 0
128011, 32384, 0, 0, 0
129010, 38886, 0, 0, 0
130010, 36160, 0, 0, 0
131011, 34240, 0, 0, 0
132010, 31839, 0, 0, 0
133010, 37056, 0, 0, 0
134011, 41280, 0, 0, 0
135010, 38310, 0, 0, 0
136010, 33088, 0, 0, 0
137011, 40704, 0, 0, 0
138010, 34658, 0, 0, 0
139010, 30592, 0, 0, 0
140011, 36288, 0, 0, 0
141010, 42730, 0, 0, 0
142011, 42240, 0, 0, 0
143010, 39271, 0, 0, 0
144010, 37888, 0, 0, 0
145011, 32896, 0, 0, 0
146010, 41257, 0, 0, 0
147010, 41344, 0, 0, 0
148011, 40896, 0, 0, 0
149010, 39783, 0, 0, 0
150010, 42816, 0, 0, 0
151011, 40256, 0, 0, 0
152010, 35363, 0, 0, 0
153010, 36160, 0, 0, 0
154010, 37952, 0, 0, 0
155011, 40256, 0, 0, 0
156010, 36772, 0, 0, 0
157010, 39552, 0, 0, 0
158011, 40448, 0, 0, 0
159010, 43755, 0, 0, 0
160010, 40448, 0, 0, 0
161011, 31296, 0, 0, 0
162010, 36068, 0, 0, 0
163010, 39104, 0, 0, 0
164010, 39911, 0, 0, 0
165010, 40064, 0, 0, 0
166011, 38912, 0, 0, 0
167010, 32672, 0, 0, 0
168010, 36672, 0, 0, 0
169010, 36288, 0, 0, 0
170011, 35648, 0, 0, 0
171010, 43179, 0, 0, 0
172010, 44416, 0, 0, 0
173011, 35392, 0, 0, 0
174010, 41193, 0, 0, 0
175010, 41920, 0, 0, 0
176011, 41024, 0, 0, 0
177010, 42410, 0, 0, 0
178010, 36864, 0, 0, 0
179010, 38528, 0, 0, 0
