1000, 28096, 0, 0, 0
2000, 37632, 0, 0, 0
3000, 37861, 0, 0, 0
4000, 37952, 0, 0, 0
5000, 42240, 0, 0, 0
6000, 35811, 0, 0, 0
7000, 39680, 0, 0, 0
8000, 35648, 0, 0, 0
9000, 36388, 0, 0, 0
10000, 39808, 0, 0, 0
11000, 37120, 0, 0, 0
12000, 39975, 0, 0, 0
13000, 44288, 0, 0, 0
14000, 39680, 0, 0, 0
15000, 43371, 0, 0, 0
16000, 36736, 0, 0, 0
17000, 36224, 0, 0, 0
18000, 35235, 0, 0, 0
19000, 36096, 0, 0, 0
20000, 35456, 0, 0, 0
21000, 38566, 0, 0, 0
22000, 38528, 0, 0, 0
23000, 38656, 0, 0, 0
24000, 38822, 0, 0, 0
25000, 40832, 0, 0, 0
26001, 36928, 0, 0, 0
27000, 36708, 0, 0, 0
28000, 39424, 0, 0, 0
29001, 39488, 0, 0, 0
30000, 36452, 0, 0, 0
31000, 35968, 0, 0, 0
32000, 35939, 0, 0, 0
33000, 36416, 0, 0, 0
34000, 42240, 0, 0, 0
35000, 39335, 0, 0, 0
36000, 43392, 0, 0, 0
37000, 37824, 0, 0, 0
38000, 43051, 0, 0, 0
39000, 35136, 0, 0, 0
40000, 39168, 0, 0, 0
41000, 36708, 0, 0, 0
42000, 36992, 0, 0, 0
43000, 38208, 0, 0, 0
44000, 38502, 0, 0, 0
45000, 42304, 0, 0, 0
46000, 36928, 0, 0, 0
47000, 42858, 0, 0, 0
48000, 41152, 0, 0, 0
49000, 38400, 0, 0, 0
50000, 32672, 0, 0, 0
51000, 32128, 0, 0, 0
52000, 40872, 0, 0, 0
53000, 38144, 0, 0, 0
54000, 36352, 0, 0, 0
55000, 35107, 0, 0, 0
56000, 37120, 0, 0, 0
57000, 37184, 0, 0, 0
58000, 40808, 0, 0, 0
59000, 33856, 0, 0, 0
60000, 38272, 0, 0, 0
61000, 37669, 0, 0, 0
62000, 36736, 0, 0, 0
63000, 39232, 0, 0, 0
64000, 38950, 0, 0, 0
65000, 40320, 0, 0, 0
66000, 38144, 0, 0, 0
67000, 40960, 0, 0, 0
68000, 39911, 0, 0, 0
69000, 41408, 0, 0, 0
70000, 38208, 0, 0, 0
71000, 39911, 0, 0, 0
72000, 35520, 0, 0, 0
73000, 38656, 0, 0, 0
74000, 33249, 0, 0, 0
75000, 35328, 0, 0, 0
76000, 42304, 0, 0, 0
77000, 40744, 0, 0, 0
78000, 40192, 0, 0, 0
79000, 39872, 0, 0, 0
80000, 39335, 0, 0, 0
81000, 38912, 0, 0, 0
82000, 36480, 0, 0, 0
83000, 42730, 0, 0, 0
84000, 38336, 0, 0, 0
85005, 36717, 0, 0, 0
86005, 34368, 0, 0, 0
87006, 38144, 0, 0, 0
88006, 36992, 0, 0, 0
89007, 35456, 0, 0, 0
90007, 38656, 0, 0, 0
91007, 32640, 0, 0, 0
92008, 33920, 0, 0, 0
93009, 30561, 0, 0, 0
94009, 39232, 0, 0, 0
95010, 36160, 0, 0, 0
96010, 40640, 0, 0, 0
97010, 33024, 0, 0, 0
98011, 35648, 0, 0, 0
99010, 38758, 0, 0, 0
100011, 33920, 0, 0, 0
101011, 45184, 0, 0, 0
102010, 45165, 0, 0, 0
103010, 41920, 0, 0, 0
104011, 43840, 0, 0, 0
105010, 37861, 0, 0, 0
106010, 36864, 0, 0, 0
107010, 39847, 0, 0, 0
108010, 35968, 0, 0, 0
109011, 40576, 0, 0, 0
110010, 38246, 0, 0, 0
111010, 34048, 0, 0, 0
112011, 32384, 0, 0, 0
113011, 40000, 0, 0, 0
114010, 38374, 0, 0, 0
115010, 36736, 0, 0, 0
116011, 37184, 0, 0, 0
117010, 38118, 0, 0, 0
118010, 36224, 0, 0, 0
119011, 40832, 0, 0, 0
120010, 40808, 0, 0, 0
121010, 32640, 0, 0, 0
122011, 40896, 0, 0, 0
123010, 38758, 0, 0, 0
124010, 39488, 0, 0, 0
125011, 41664, 0, 0, 0
126010, 45037, 0, 0, 0
127010, 38848, 0, 0, 0
128011, 39360, 0, 0, 0
129010, 37221, 0, 0, 0
130010, 39488, 0, 0, 0
131011, 34560, 0, 0, 0
132010, 37989, 0, 0, 0
133010, 36288, 0, 0, 0
134011, 37376, 0, 0, 0
135010, 40808, 0, 0, 0
136010, 35200, 0, 0, 0
137011, 40512, 0, 0, 0
138010, 34210, 0, 0, 0
139010, 37248, 0, 0, 0
140011, 37184, 0, 0, 0
141010, 37669, 0, 0, 0
142011, 42112, 0, 0, 0
143010, 39207, 0, 0, 0
144010, 37760, 0, 0, 0
145011, 37440, 0, 0, 0
146010, 41193, 0, 0, 0
147010, 35392, 0, 0, 0
148011, 41152, 0, 0, 0
149010, 40936, 0, 0, 0
150010, 32960, 0, 0, 0
151011, 37632, 0, 0, 0
152010, 40360, 0, 0, 0
153010, 34752, 0, 0, 0
154011, 40960, 0, 0, 0
155011, 39872, 0, 0, 0
156010, 36708, 0, 0, 0
157011, 38784, 0, 0, 0
158011, 37568, 0, 0, 0
159010, 34978, 0, 0, 0
160010, 38528, 0, 0, 0
161011, 36800, 0, 0, 0
162010, 40424, 0, 0, 0
163010, 33280, 0, 0, 0
164010, 37413, 0, 0, 0
165010, 36224, 0, 0, 0
166011, 38528, 0, 0, 0
167010, 40488, 0, 0, 0
168010, 40000, 0, 0, 0
169011, 40576, 0, 0, 0
170011, 35648, 0, 0, 0
171010, 36132, 0, 0, 0
172010, 36864, 0, 0, 0
173011, 39168, 0, 0, 0
174010, 43243, 0, 0, 0
175010, 39040, 0, 0, 0
176011, 35968, 0, 0, 0
177010, 38118, 0, 0, 0
178010, 41856, 0, 0, 0
179011, 35328, 0, 0, 0
