1000, 24384, 0, 0, 0
2000, 33472, 0, 0, 0
3000, 38438, 0, 0, 0
4000, 36480, 0, 0, 0
5000, 42560, 0, 0, 0
5999, 37093, 0, 0, 0
7000, 42880, 0, 0, 0
8000, 34944, 0, 0, 0
8999, 37221, 0, 0, 0
10000, 40640, 0, 0, 0
11000, 38464, 0, 0, 0
11999, 35747, 0, 0, 0
13000, 38784, 0, 0, 0
14000, 36928, 0, 0, 0
15000, 43371, 0, 0, 0
16000, 34944, 0, 0, 0
17000, 34048, 0, 0, 0
18000, 39143, 0, 0, 0
19000, 38464, 0, 0, 0
20000, 40576, 0, 0, 0
21000, 37157, 0, 0, 0
22000, 38336, 0, 0, 0
23000, 38976, 0, 0, 0
24000, 42474, 0, 0, 0
25000, 42432, 0, 0, 0
26000, 39552, 0, 0, 0
27000, 32992, 0, 0, 0
28000, 39360, 0, 0, 0
29000, 33600, 0, 0, 0
30000, 33505, 0, 0, 0
31000, 38400, 0, 0, 0
31999, 48496, 0, 0, 0
33000, 34112, 0, 0, 0
34000, 40000, 0, 0, 0
34999, 41385, 0, 0, 0
36000, 41408, 0, 0, 0
37000, 42752, 0, 0, 0
37999, 39591, 0, 0, 0
39000, 34368, 0, 0, 0
40000, 36352, 0, 0, 0
40999, 35683, 0, 0, 0
42000, 33344, 0, 0, 0
43000, 36864, 0, 0, 0
44000, 44588, 0, 0, 0
45000, 42560, 0, 0, 0
46000, 40448, 0, 0, 0
47000, 35811, 0, 0, 0
48000, 37696, 0, 0, 0
49000, 37632, 0, 0, 0
50000, 33249, 0, 0, 0
51000, 40064, 0, 0, 0
51999, 39783, 0, 0, 0
53000, 41152, 0, 0, 0
54000, 45248, 0, 0, 0
54999, 32992, 0, 0, 0
56000, 36992, 0, 0, 0
57000, 38912, 0, 0, 0
57999, 34338, 0, 0, 0
59000, 33152, 0, 0, 0
60000, 44096, 0, 0, 0
60999, 38438, 0, 0, 0
62000, 37760, 0, 0, 0
63000, 35200, 0, 0, 0
63999, 37925, 0, 0, 0
65000, 36160, 0, 0, 0
66000, 40896, 0, 0, 0
67000, 35200, 0, 0, 0
67999, 32672, 0, 0, 0
69000, 34240, 0, 0, 0
70000, 36096, 0, 0, 0
71000, 43115, 0, 0, 0
72000, 38080, 0, 0, 0
73000, 33728, 0, 0, 0
74000, 38694, 0, 0, 0
75000, 39232, 0, 0, 0
76000, 37376, 0, 0, 0
77000, 39911, 0, 0, 0
78000, 43392, 0, 0, 0
79000, 32320, 0, 0, 0
80000, 37989, 0, 0, 0
81000, 34560, 0, 0, 0
82000, 35904, 0, 0, 0
83000, 41129, 0, 0, 0
84000, 35328, 0, 0, 0
85005, 37035, 0, 0, 0
86005, 36224, 0, 0, 0
87006, 31616, 0, 0, 0
88006, 37184, 0, 0, 0
89007, 42112, 0, 0, 0
90007, 35072, 0, 0, 0
91007, 35520, 0, 0, 0
92008, 43136, 0, 0, 0
93009, 39640, 0, 0, 0
94009, 45888, 0, 0, 0
95009, 32768, 0, 0, 0
96010, 41024, 0, 0, 0
97010, 41792, 0, 0, 0
98011, 41024, 0, 0, 0
99010, 39847, 0, 0, 0
100010, 38592, 0, 0, 0
101011, 37568, 0, 0, 0
102010, 40296, 0, 0, 0
103010, 38208, 0, 0, 0
104011, 41088, 0, 0, 0
105010, 46062, 0, 0, 0
106010, 37952, 0, 0, 0
107010, 34594, 0, 0, 0
108010, 39424, 0, 0, 0
109010, 37696, 0, 0, 0
110010, 36132, 0, 0, 0
111010, 38400, 0, 0, 0
112010, 36800, 0, 0, 0
113011, 40896, 0, 0, 0
114010, 38566, 0, 0, 0
115010, 43072, 0, 0, 0
116011, 34368, 0, 0, 0
117010, 38310, 0, 0, 0
118010, 36096, 0, 0, 0
119011, 43904, 0, 0, 0
120010, 34402, 0, 0, 0
121010, 35840, 0, 0, 0
122011, 34624, 0, 0, 0
123010, 39655, 0, 0, 0
124010, 41920, 0, 0, 0
125011, 47040, 0, 0, 0
126010, 40296, 0, 0, 0
127010, 35264, 0, 0, 0
128011, 36032, 0, 0, 0
129010, 38822, 0, 0, 0
130010, 38208, 0, 0, 0
131010, 39616, 0, 0, 0
132010, 40616, 0, 0, 0
133010, 38976, 0, 0, 0
134010, 35264, 0, 0, 0
135010, 37989, 0, 0, 0
136010, 37504, 0, 0, 0
137010, 34176, 0, 0, 0
138010, 41001, 0, 0, 0
139010, 38016, 0, 0, 0
140010, 41920, 0, 0, 0
141010, 38886, 0, 0, 0
142010, 40256, 0, 0, 0
143010, 38182, 0, 0, 0
144010, 38976, 0, 0, 0
145010, 44416, 0, 0, 0
146010, 34210, 0, 0, 0
147010, 39680, 0, 0, 0
148010, 42368, 0, 0, 0
149010, 37861, 0, 0, 0
150010, 38464, 0, 0, 0
151010, 35776, 0, 0, 0
152010, 37541, 0, 0, 0
153010, 36480, 0, 0, 0
154010, 40640, 0, 0, 0
155011, 37248, 0, 0, 0
156010, 42090, 0, 0, 0
157010, 35136, 0, 0, 0
158011, 38848, 0, 0, 0
159010, 35043, 0, 0, 0
160010, 40896, 0, 0, 0
161011, 40832, 0, 0, 0
162010, 35555, 0, 0, 0
163010, 41088, 0, 0, 0
164010, 42410, 0, 0, 0
165010, 47296, 0, 0, 0
166010, 38080, 0, 0, 0
167010, 35043, 0, 0, 0
168010, 41152, 0, 0, 0
169010, 40960, 0, 0, 0
170011, 38656, 0, 0, 0
171010, 31583, 0, 0, 0
172010, 44288, 0, 0, 0
173011, 39232, 0, 0, 0
174010, 33569, 0, 0, 0
175010, 34240, 0, 0, 0
176010, 36416, 0, 0, 0
177010, 38374, 0, 0, 0
178010, 41984, 0, 0, 0
179010, 38336, 0, 0, 0
