1000, 28224, 0, 0, 0
2000, 40192, 0, 0, 0
3000, 35363, 0, 0, 0
4000, 48896, 0, 0, 0
5000, 40320, 0, 0, 0
6000, 40104, 0, 0, 0
7000, 38272, 0, 0, 0
8000, 35200, 0, 0, 0
9000, 42282, 0, 0, 0
10000, 43520, 0, 0, 0
11000, 36800, 0, 0, 0
12000, 35171, 0, 0, 0
13000, 40256, 0, 0, 0
14000, 38592, 0, 0, 0
15000, 39783, 0, 0, 0
16000, 38656, 0, 0, 0
17000, 34496, 0, 0, 0
18000, 37925, 0, 0, 0
19000, 41600, 0, 0, 0
20000, 32576, 0, 0, 0
21000, 38822, 0, 0, 0
22000, 41792, 0, 0, 0
23000, 41600, 0, 0, 0
24000, 46254, 0, 0, 0
25000, 36032, 0, 0, 0
26000, 46080, 0, 0, 0
27000, 39079, 0, 0, 0
28000, 40320, 0, 0, 0
29000, 38784, 0, 0, 0
30000, 34850, 0, 0, 0
31000, 33472, 0, 0, 0
32000, 39271, 0, 0, 0
33000, 35328, 0, 0, 0
34000, 40896, 0, 0, 0
35000, 44972, 0, 0, 0
36000, 43520, 0, 0, 0
37000, 45184, 0, 0, 0
38000, 34978, 0, 0, 0
39000, 39936, 0, 0, 0
40000, 36352, 0, 0, 0
41000, 34402, 0, 0, 0
42000, 38784, 0, 0, 0
43000, 39104, 0, 0, 0
44000, 39591, 0, 0, 0
45000, 33664, 0, 0, 0
46000, 37824, 0, 0, 0
47000, 36388, 0, 0, 0
48000, 37696, 0, 0, 0
49000, 38464, 0, 0, 0
50000, 34146, 0, 0, 0
51000, 45952, 0, 0, 0
52000, 40104, 0, 0, 0
53000, 40000, 0, 0, 0
54000, 40896, 0, 0, 0
55000, 40872, 0, 0, 0
56000, 42048, 0, 0, 0
57000, 32704, 0, 0, 0
58000, 35555, 0, 0, 0
59000, 36288, 0, 0, 0
60000, 38400, 0, 0, 0
61000, 41449, 0, 0, 0
62000, 37632, 0, 0, 0
63000, 36224, 0, 0, 0
64000, 40616, 0, 0, 0
65000, 41280, 0, 0, 0
66000, 37504, 0, 0, 0
67000, 41408, 0, 0, 0
68000, 39207, 0, 0, 0
69000, 37056, 0, 0, 0
70000, 34304, 0, 0, 0
71000, 45293, 0, 0, 0
72000, 41152, 0, 0, 0
73000, 40768, 0, 0, 0
74000, 39079, 0, 0, 0
75000, 41600, 0, 0, 0
76000, 36608, 0, 0, 0
77000, 36324, 0, 0, 0
78000, 43392, 0, 0, 0
79000, 34112, 0, 0, 0
80000, 33377, 0, 0, 0
81000, 40704, 0, 0, 0
82000, 38336, 0, 0, 0
83000, 38566, 0, 0, 0
84000, 39168, 0, 0, 0
85005, 36334, 0, 0, 0
86005, 39424, 0, 0, 0
87006, 39936, 0, 0, 0
88006, 38528, 0, 0, 0
89007, 38208, 0, 0, 0
90007, 36416, 0, 0, 0
91007, 33664, 0, 0, 0
92008, 36992, 0, 0, 0
93009, 44947, 0, 0, 0
94009, 34112, 0, 0, 0
95009, 38528, 0, 0, 0
96010, 37952, 0, 0, 0
97010, 39360, 0, 0, 0
98011, 34944, 0, 0, 0
99010, 35619, 0, 0, 0
100010, 37824, 0, 0, 0
101011, 34752, 0, 0, 0
102010, 39591, 0, 0, 0
103010, 42432, 0, 0, 0
104011, 40512, 0, 0, 0
105010, 40296, 0, 0, 0
106010, 40064, 0, 0, 0
107010, 38502, 0, 0, 0
108010, 48576, 0, 0, 0
109010, 41088, 0, 0, 0
110010, 38438, 0, 0, 0
111010, 38528, 0, 0, 0
112010, 38656, 0, 0, 0
113011, 40896, 0, 0, 0
114010, 37349, 0, 0, 0
115010, 43840, 0, 0, 0
116011, 42432, 0, 0, 0
117010, 39079, 0, 0, 0
118010, 38592, 0, 0, 0
119011, 41344, 0, 0, 0
120010, 38246, 0, 0, 0
121010, 39104, 0, 0, 0
122011, 39936, 0, 0, 0
123010, 34978, 0, 0, 0
124010, 41728, 0, 0, 0
125011, 42944, 0, 0, 0
126010, 41641, 0, 0, 0
127010, 38656, 0, 0, 0
128011, 40256, 0, 0, 0
129010, 36772, 0, 0, 0
130010, 41024, 0, 0, 0
131011, 36864, 0, 0, 0
132010, 42730, 0, 0, 0
133010, 33152, 0, 0, 0
134011, 38720, 0, 0, 0
135010, 40808, 0, 0, 0
136010, 37952, 0, 0, 0
137011, 38080, 0, 0, 0
138010, 41897, 0, 0, 0
139010, 33920, 0, 0, 0
140011, 38720, 0, 0, 0
141010, 41449, 0, 0, 0
142011, 34560, 0, 0, 0
143010, 36324, 0, 0, 0
144010, 41024, 0, 0, 0
145011, 40256, 0, 0, 0
146010, 30238, 0, 0, 0
147010, 40384, 0, 0, 0
148011, 36672, 0, 0, 0
149010, 35171, 0, 0, 0
150010, 35200, 0, 0, 0
151011, 42112, 0, 0, 0
152010, 38950, 0, 0, 0
153010, 37440, 0, 0, 0
154010, 40640, 0, 0, 0
155011, 39744, 0, 0, 0
156010, 39271, 0, 0, 0
157010, 39488, 0, 0, 0
158011, 43392, 0, 0, 0
159010, 35427, 0, 0, 0
160010, 41792, 0, 0, 0
161011, 36352, 0, 0, 0
162010, 36644, 0, 0, 0
163010, 35136, 0, 0, 0
164010, 39079, 0, 0, 0
165010, 39680, 0, 0, 0
166011, 39296, 0, 0, 0
167010, 41193, 0, 0, 0
168010, 39296, 0, 0, 0
169010, 36608, 0, 0, 0
170011, 40448, 0, 0, 0
171010, 36708, 0, 0, 0
172010, 35456, 0, 0, 0
173011, 41280, 0, 0, 0
174010, 41577, 0, 0, 0
175010, 40960, 0, 0, 0
176011, 37760, 0, 0, 0
177010, 35107, 0, 0, 0
178010, 37120, 0, 0, 0
179010, 36224, 0, 0, 0
