1000, 32832, 0, 0, 0
2001, 39552, 0, 0, 0
3000, 45613, 0, 0, 0
4000, 37760, 0, 0, 0
5000, 38656, 0, 0, 0
6000, 39783, 0, 0, 0
7000, 36352, 0, 0, 0
8000, 38208, 0, 0, 0
9000, 34402, 0, 0, 0
10000, 35904, 0, 0, 0
11000, 36288, 0, 0, 0
12000, 37157, 0, 0, 0
13000, 42560, 0, 0, 0
14000, 38144, 0, 0, 0
15000, 40808, 0, 0, 0
16000, 39808, 0, 0, 0
17001, 34240, 0, 0, 0
18000, 35491, 0, 0, 0
19000, 34304, 0, 0, 0
20001, 39616, 0, 0, 0
21000, 33953, 0, 0, 0
22000, 38784, 0, 0, 0
23001, 40000, 0, 0, 0
24000, 36004, 0, 0, 0
25000, 37952, 0, 0, 0
26001, 37376, 0, 0, 0
27000, 36836, 0, 0, 0
28000, 41984, 0, 0, 0
29001, 37056, 0, 0, 0
30000, 41577, 0, 0, 0
31000, 31808, 0, 0, 0
32000, 40872, 0, 0, 0
33000, 37696, 0, 0, 0
34000, 42816, 0, 0, 0
35000, 41833, 0, 0, 0
36000, 35584, 0, 0, 0
37000, 39296, 0, 0, 0
38000, 36516, 0, 0, 0
39000, 39040, 0, 0, 0
40000, 36672, 0, 0, 0
41000, 41001, 0, 0, 0
42000, 39040, 0, 0, 0
43000, 39424, 0, 0, 0
44000, 41065, 0, 0, 0
45000, 42240, 0, 0, 0
46001, 33664, 0, 0, 0
47000, 38246, 0, 0, 0
48000, 33408, 0, 0, 0
49001, 36544, 0, 0, 0
50000, 30174, 0, 0, 0
51000, 34944, 0, 0, 0
52000, 35107, 0, 0, 0
53000, 32448, 0, 0, 0
54000, 39552, 0, 0, 0
55000, 37285, 0, 0, 0
56000, 38592, 0, 0, 0
57000, 36608, 0, 0, 0
58000, 39399, 0, 0, 0
59000, 37888, 0, 0, 0
60000, 33664, 0, 0, 0
61000, 38566, 0, 0, 0
62000, 36544, 0, 0, 0
63000, 40000, 0, 0, 0
64000, 46062, 0, 0, 0
65000, 36864, 0, 0, 0
66000, 33664, 0, 0, 0
67000, 38720, 0, 0, 0
68000, 38182, 0, 0, 0
69000, 35200, 0, 0, 0
70001, 32896, 0, 0, 0
71000, 37733, 0, 0, 0
72000, 39616, 0, 0, 0
73001, 37056, 0, 0, 0
74000, 45421, 0, 0, 0
75000, 41408, 0, 0, 0
76001, 40768, 0, 0, 0
77000, 39783, 0, 0, 0
78000, 37376, 0, 0, 0
79001, 34176, 0, 0, 0
80000, 33249, 0, 0, 0
81000, 34816, 0, 0, 0
82001, 34752, 0, 0, 0
83000, 44588, 0, 0, 0
84000, 41600, 0, 0, 0
85005, 41115, 0, 0, 0
86005, 37952, 0, 0, 0
87006, 39680, 0, 0, 0
88006, 33600, 0, 0, 0
89007, 43200, 0, 0, 0
90007, 39616, 0, 0, 0
91008, 36096, 0, 0, 0
92008, 34176, 0, 0, 0
93009, 39384, 0, 0, 0
94009, 39808, 0, 0, 0
95010, 40576, 0, 0, 0
96010, 36096, 0, 0, 0
97010, 44800, 0, 0, 0
98011, 45120, 0, 0, 0
99010, 38822, 0, 0, 0
100011, 35776, 0, 0, 0
101011, 38528, 0, 0, 0
102010, 35939, 0, 0, 0
103011, 38848, 0, 0, 0
104011, 39680, 0, 0, 0
105010, 34082, 0, 0, 0
106010, 42176, 0, 0, 0
107010, 34786, 0, 0, 0
108010, 40640, 0, 0, 0
109011, 35200, 0, 0, 0
110010, 39015, 0, 0, 0
111010, 37632, 0, 0, 0
112011, 35136, 0, 0, 0
113011, 37504, 0, 0, 0
114010, 38502, 0, 0, 0
115011, 39040, 0, 0, 0
116011, 39744, 0, 0, 0
117010, 39207, 0, 0, 0
118011, 37184, 0, 0, 0
119011, 43712, 0, 0, 0
120010, 35491, 0, 0, 0
121011, 36736, 0, 0, 0
122011, 34880, 0, 0, 0
123010, 38758, 0, 0, 0
124010, 40704, 0, 0, 0
125011, 44224, 0, 0, 0
126010, 40680, 0, 0, 0
127010, 41408, 0, 0, 0
128011, 37568, 0, 0, 0
129010, 40744, 0, 0, 0
130010, 35648, 0, 0, 0
131011, 36096, 0, 0, 0
132010, 39207, 0, 0, 0
133010, 38400, 0, 0, 0
134011, 37888, 0, 0, 0
135010, 38566, 0, 0, 0
136010, 38208, 0, 0, 0
137011, 42496, 0, 0, 0
138010, 34402, 0, 0, 0
139010, 33664, 0, 0, 0
140011, 36928, 0, 0, 0
141010, 39719, 0, 0, 0
142011, 38272, 0, 0, 0
143010, 34658, 0, 0, 0
144010, 36352, 0, 0, 0
145011, 38784, 0, 0, 0
146010, 44076, 0, 0, 0
147010, 41984, 0, 0, 0
148011, 39744, 0, 0, 0
149010, 41257, 0, 0, 0
150010, 37696, 0, 0, 0
151011, 36864, 0, 0, 0
152010, 40040, 0, 0, 0
153010, 40256, 0, 0, 0
154011, 38080, 0, 0, 0
155011, 41216, 0, 0, 0
156010, 40168, 0, 0, 0
157011, 33920, 0, 0, 0
158011, 38016, 0, 0, 0
159010, 42602, 0, 0, 0
160011, 36992, 0, 0, 0
161011, 40128, 0, 0, 0
162010, 33057, 0, 0, 0
163011, 34048, 0, 0, 0
164010, 34274, 0, 0, 0
165010, 45312, 0, 0, 0
166011, 35200, 0, 0, 0
167010, 39271, 0, 0, 0
168010, 31616, 0, 0, 0
169011, 33664, 0, 0, 0
170011, 43904, 0, 0, 0
171010, 35427, 0, 0, 0
172010, 37824, 0, 0, 0
173011, 40128, 0, 0, 0
174010, 38054, 0, 0, 0
175010, 42112, 0, 0, 0
176011, 38400, 0, 0, 0
177010, 35939, 0, 0, 0
178010, 43136, 0, 0, 0
179011, 39168, 0, 0, 0
