1000, 33152, 0, 0, 0
2001, 39488, 0, 0, 0
3000, 38694, 0, 0, 0
4000, 41280, 0, 0, 0
5001, 40640, 0, 0, 0
6000, 34210, 0, 0, 0
7000, 36800, 0, 0, 0
8001, 34240, 0, 0, 0
9000, 36708, 0, 0, 0
10000, 38592, 0, 0, 0
11001, 38272, 0, 0, 0
12000, 41897, 0, 0, 0
13000, 37760, 0, 0, 0
14001, 38336, 0, 0, 0
15000, 33441, 0, 0, 0
16000, 42688, 0, 0, 0
17001, 38784, 0, 0, 0
18000, 36388, 0, 0, 0
19000, 35968, 0, 0, 0
20001, 33792, 0, 0, 0
21000, 39335, 0, 0, 0
22000, 37888, 0, 0, 0
23001, 40320, 0, 0, 0
24000, 38374, 0, 0, 0
25001, 37376, 0, 0, 0
26001, 41728, 0, 0, 0
27000, 33121, 0, 0, 0
28001, 36288, 0, 0, 0
29001, 36160, 0, 0, 0
30000, 37925, 0, 0, 0
31001, 38848, 0, 0, 0
32000, 36772, 0, 0, 0
33000, 40704, 0, 0, 0
34001, 41024, 0, 0, 0
35000, 37413, 0, 0, 0
36000, 43456, 0, 0, 0
37001, 36352, 0, 0, 0
38000, 39271, 0, 0, 0
39000, 36288, 0, 0, 0
40001, 37952, 0, 0, 0
41000, 31839, 0, 0, 0
42000, 35520, 0, 0, 0
43001, 35136, 0, 0, 0
44000, 40424, 0, 0, 0
45000, 34496, 0, 0, 0
46001, 38528, 0, 0, 0
47000, 38630, 0, 0, 0
48000, 37888, 0, 0, 0
49001, 39168, 0, 0, 0
50000, 36004, 0, 0, 0
51001, 38784, 0, 0, 0
52000, 38886, 0, 0, 0
53000, 39360, 0, 0, 0
54001, 42112, 0, 0, 0
55000, 43435, 0, 0, 0
56000, 40256, 0, 0, 0
57001, 38528, 0, 0, 0
58000, 39399, 0, 0, 0
59000, 41792, 0, 0, 0
60001, 34560, 0, 0, 0
61000, 40552, 0, 0, 0
62000, 36288, 0, 0, 0
63001, 37056, 0, 0, 0
64000, 38438, 0, 0, 0
65000, 37696, 0, 0, 0
66000, 41472, 0, 0, 0
67001, 30912, 0, 0, 0
68000, 35939, 0, 0, 0
69000, 35264, 0, 0, 0
70001, 31424, 0, 0, 0
71000, 39783, 0, 0, 0
72000, 36416, 0, 0, 0
73001, 42048, 0, 0, 0
74000, 44780, 0, 0, 0
75000, 37504, 0, 0, 0
76001, 34944, 0, 0, 0
77000, 45869, 0, 0, 0
78000, 36224, 0, 0, 0
79001, 31744, 0, 0, 0
80000, 41257, 0, 0, 0
81000, 38016, 0, 0, 0
82001, 37696, 0, 0, 0
83000, 44460, 0, 0, 0
84001, 39488, 0, 0, 0
85005, 43091, 0, 0, 0
86006, 34624, 0, 0, 0
87006, 40320, 0, 0, 0
88007, 38464, 0, 0, 0
89007, 34048, 0, 0, 0
90007, 39168, 0, 0, 0
91008, 35392, 0, 0, 0
92008, 34752, 0, 0, 0
93009, 34525, 0, 0, 0
94010, 37312, 0, 0, 0
95010, 35968, 0, 0, 0
96010, 37504, 0, 0, 0
97011, 37696, 0, 0, 0
98011, 39104, 0, 0, 0
99011, 38950, 0, 0, 0
100011, 43584, 0, 0, 0
101011, 34880, 0, 0, 0
102010, 38566, 0, 0, 0
103011, 42944, 0, 0, 0
104011, 39488, 0, 0, 0
105010, 37925, 0, 0, 0
106011, 34880, 0, 0, 0
107010, 35875, 0, 0, 0
108011, 40576, 0, 0, 0
109011, 41024, 0, 0, 0
110010, 34466, 0, 0, 0
111011, 40832, 0, 0, 0
112011, 42752, 0, 0, 0
113011, 41664, 0, 0, 0
114010, 40872, 0, 0, 0
115011, 40448, 0, 0, 0
116011, 34880, 0, 0, 0
117011, 37797, 0, 0, 0
118011, 40128, 0, 0, 0
119011, 37952, 0, 0, 0
120010, 45549, 0, 0, 0
121011, 39040, 0, 0, 0
122011, 33280, 0, 0, 0
123010, 39271, 0, 0, 0
124011, 44480, 0, 0, 0
125011, 48576, 0, 0, 0
126010, 38630, 0, 0, 0
127011, 36416, 0, 0, 0
128011, 34944, 0, 0, 0
129010, 38694, 0, 0, 0
130011, 35904, 0, 0, 0
131011, 36608, 0, 0, 0
132010, 32672, 0, 0, 0
133011, 36608, 0, 0, 0
134011, 41280, 0, 0, 0
135010, 38694, 0, 0, 0
136011, 35968, 0, 0, 0
137011, 37504, 0, 0, 0
138010, 42346, 0, 0, 0
139011, 37184, 0, 0, 0
140011, 40512, 0, 0, 0
141010, 34914, 0, 0, 0
142011, 36992, 0, 0, 0
143010, 41129, 0, 0, 0
144011, 38720, 0, 0, 0
145011, 37440, 0, 0, 0
146010, 41641, 0, 0, 0
147011, 37184, 0, 0, 0
148011, 36096, 0, 0, 0
149010, 36004, 0, 0, 0
150011, 33792, 0, 0, 0
151011, 34240, 0, 0, 0
152010, 33953, 0, 0, 0
153011, 42048, 0, 0, 0
154011, 36480, 0, 0, 0
155011, 38464, 0, 0, 0
156011, 39527, 0, 0, 0
157011, 38272, 0, 0, 0
158011, 35008, 0, 0, 0
159010, 38374, 0, 0, 0
160011, 37632, 0, 0, 0
161011, 37056, 0, 0, 0
162011, 39975, 0, 0, 0
163011, 44160, 0, 0, 0
164010, 40552, 0, 0, 0
165011, 33536, 0, 0, 0
166011, 37696, 0, 0, 0
167010, 37477, 0, 0, 0
168011, 36608, 0, 0, 0
169011, 39744, 0, 0, 0
170011, 44672, 0, 0, 0
171011, 35043, 0, 0, 0
172011, 38080, 0, 0, 0
173011, 34112, 0, 0, 0
174010, 41193, 0, 0, 0
175011, 45312, 0, 0, 0
176011, 43712, 0, 0, 0
177010, 41769, 0, 0, 0
178011, 35968, 0, 0, 0
179011, 35712, 0, 0, 0
