48999, 2048, 0, 0, 0
49998, 3075, 0, 0, 0
50999, 3072, 0, 0, 0
52999, 4096, 0, 0, 0
53999, 3072, 0, 0, 0
54998, 2050, 0, 0, 0
55999, 1024, 0, 0, 0
57999, 3072, 0, 0, 0
58999, 3072, 0, 0, 0
59998, 1025, 0, 0, 0
60999, 3072, 0, 0, 0
61999, 2048, 0, 0, 0
62999, 6144, 0, 0, 0
63999, 4096, 0, 0, 0
64998, 1025, 0, 0, 0
65999, 2048, 0, 0, 0
66999, 5120, 0, 0, 0
67999, 5120, 0, 0, 0
69999, 4096, 0, 0, 0
70999, 2048, 0, 0, 0
71998, 1025, 0, 0, 0
78999, 2048, 0, 0, 0
79999, 8192, 0, 0, 0
81999, 2048, 0, 0, 0
82998, 2050, 0, 0, 0
83999, 4096, 0, 0, 0
84999, 1024, 0, 0, 0
85999, 1024, 0, 0, 0
87999, 3072, 0, 0, 0
89999, 5120, 0, 0, 0
90999, 3072, 0, 0, 0
91999, 1024, 0, 0, 0
92999, 4096, 0, 0, 0
93999, 8192, 0, 0, 0
94998, 4100, 0, 0, 0
95999, 2048, 0, 0, 0
96999, 3072, 0, 0, 0
100998, 3072, 0, 0, 0
101999, 2048, 0, 0, 0
102999, 2048, 0, 0, 0
104999, 1024, 0, 0, 0
105998, 5125, 0, 0, 0
106999, 8192, 0, 0, 0
107999, 1024, 0, 0, 0
108999, 1024, 0, 0, 0
109999, 4096, 0, 0, 0
110998, 4100, 0, 0, 0
112999, 2048, 0, 0, 0
113999, 2048, 0, 0, 0
115999, 2048, 0, 0, 0
116998, 2050, 0, 0, 0
117999, 3072, 0, 0, 0
118999, 6144, 0, 0, 0
119999, 6144, 0, 0, 0
123999, 2048, 0, 0, 0
125999, 7168, 0, 0, 0
126999, 1024, 0, 0, 0
127998, 1025, 0, 0, 0
128999, 6144, 0, 0, 0
130999, 4096, 0, 0, 0
131999, 2048, 0, 0, 0
132998, 8200, 0, 0, 0
133998, 3072, 0, 0, 0
134999, 7168, 0, 0, 0
135999, 3072, 0, 0, 0
138998, 10250, 0, 0, 0
139998, 1024, 0, 0, 0
140999, 4096, 0, 0, 0
141999, 3072, 0, 0, 0
142999, 3072, 0, 0, 0
143998, 2050, 0, 0, 0
144999, 1024, 0, 0, 0
146999, 5120, 0, 0, 0
149999, 9216, 0, 0, 0
150999, 6144, 0, 0, 0
152998, 6150, 0, 0, 0
153999, 1024, 0, 0, 0
154999, 6144, 0, 0, 0
155999, 7168, 0, 0, 0
156998, 5125, 0, 0, 0
157998, 2048, 0, 0, 0
159999, 3072, 0, 0, 0
160999, 1024, 0, 0, 0
161999, 2048, 0, 0, 0
162998, 7175, 0, 0, 0
163999, 3072, 0, 0, 0
164999, 5120, 0, 0, 0
166998, 2050, 0, 0, 0
167999, 5120, 0, 0, 0
168999, 7168, 0, 0, 0
169999, 5120, 0, 0, 0
174999, 5120, 0, 0, 0
176999, 1024, 0, 0, 0
177998, 11275, 0, 0, 0
178999, 5120, 0, 0, 0
