33998, 1024, 0, 0, 0
34999, 4096, 0, 0, 0
35999, 2048, 0, 0, 0
36999, 6144, 0, 0, 0
37999, 2048, 0, 0, 0
38998, 4100, 0, 0, 0
39998, 5120, 0, 0, 0
40999, 3072, 0, 0, 0
42999, 2048, 0, 0, 0
43999, 5120, 0, 0, 0
45999, 4096, 0, 0, 0
46999, 6144, 0, 0, 0
47999, 6144, 0, 0, 0
48999, 3072, 0, 0, 0
49998, 6150, 0, 0, 0
50999, 3072, 0, 0, 0
51999, 1024, 0, 0, 0
52999, 2048, 0, 0, 0
53999, 1024, 0, 0, 0
54998, 6150, 0, 0, 0
55999, 2048, 0, 0, 0
57999, 2048, 0, 0, 0
58999, 1024, 0, 0, 0
59998, 1025, 0, 0, 0
60999, 4096, 0, 0, 0
61999, 3072, 0, 0, 0
62999, 1024, 0, 0, 0
63999, 5120, 0, 0, 0
64998, 4100, 0, 0, 0
65999, 6144, 0, 0, 0
66999, 12288, 0, 0, 0
67999, 2048, 0, 0, 0
73999, 5120, 0, 0, 0
74999, 2048, 0, 0, 0
75999, 4096, 0, 0, 0
76998, 11275, 0, 0, 0
77999, 4096, 0, 0, 0
80999, 1024, 0, 0, 0
81999, 8192, 0, 0, 0
85999, 11264, 0, 0, 0
86999, 11264, 0, 0, 0
87999, 5120, 0, 0, 0
89998, 6144, 0, 0, 0
90999, 4096, 0, 0, 0
92999, 4096, 0, 0, 0
93999, 8192, 0, 0, 0
95999, 2048, 0, 0, 0
96999, 7168, 0, 0, 0
97999, 3072, 0, 0, 0
98999, 2048, 0, 0, 0
99998, 8200, 0, 0, 0
100998, 6144, 0, 0, 0
101999, 4096, 0, 0, 0
102999, 1024, 0, 0, 0
106999, 3072, 0, 0, 0
107999, 3072, 0, 0, 0
108999, 7168, 0, 0, 0
109999, 1024, 0, 0, 0
110998, 2050, 0, 0, 0
112999, 6144, 0, 0, 0
113999, 1024, 0, 0, 0
114999, 2048, 0, 0, 0
116998, 5125, 0, 0, 0
118999, 5120, 0, 0, 0
120999, 8192, 0, 0, 0
121999, 5120, 0, 0, 0
122998, 2050, 0, 0, 0
123998, 4096, 0, 0, 0
124999, 4096, 0, 0, 0
125999, 2048, 0, 0, 0
126999, 2048, 0, 0, 0
127998, 2050, 0, 0, 0
128999, 3072, 0, 0, 0
129999, 5120, 0, 0, 0
130999, 5120, 0, 0, 0
131999, 4096, 0, 0, 0
132998, 5125, 0, 0, 0
133998, 4096, 0, 0, 0
134999, 1024, 0, 0, 0
135999, 3072, 0, 0, 0
136999, 3072, 0, 0, 0
137999, 1024, 0, 0, 0
138998, 1025, 0, 0, 0
139998, 3072, 0, 0, 0
140999, 3072, 0, 0, 0
141999, 6144, 0, 0, 0
142999, 1024, 0, 0, 0
143998, 3075, 0, 0, 0
144999, 6144, 0, 0, 0
145999, 8192, 0, 0, 0
146999, 1024, 0, 0, 0
147998, 4100, 0, 0, 0
148998, 7168, 0, 0, 0
149999, 4096, 0, 0, 0
150999, 5120, 0, 0, 0
151999, 1024, 0, 0, 0
153999, 4096, 0, 0, 0
154999, 2048, 0, 0, 0
155999, 1024, 0, 0, 0
156998, 6150, 0, 0, 0
157998, 5120, 0, 0, 0
158999, 3072, 0, 0, 0
160999, 2048, 0, 0, 0
161999, 3072, 0, 0, 0
162998, 2050, 0, 0, 0
163999, 3072, 0, 0, 0
164999, 2048, 0, 0, 0
166998, 4100, 0, 0, 0
167999, 2048, 0, 0, 0
168999, 3072, 0, 0, 0
169999, 3072, 0, 0, 0
170999, 4096, 0, 0, 0
171998, 1025, 0, 0, 0
172998, 3072, 0, 0, 0
173999, 2048, 0, 0, 0
174999, 3072, 0, 0, 0
175999, 8192, 0, 0, 0
178999, 6144, 0, 0, 0
