62999, 3072, 0, 0, 0
63999, 3072, 0, 0, 0
65998, 4096, 0, 0, 0
66999, 1024, 0, 0, 0
67999, 6144, 0, 0, 0
68999, 5120, 0, 0, 0
69999, 4096, 0, 0, 0
70999, 2048, 0, 0, 0
71998, 8200, 0, 0, 0
73999, 2048, 0, 0, 0
74999, 1024, 0, 0, 0
75999, 3072, 0, 0, 0
76998, 3075, 0, 0, 0
79999, 1024, 0, 0, 0
80999, 5120, 0, 0, 0
81999, 7168, 0, 0, 0
82998, 6150, 0, 0, 0
83999, 1024, 0, 0, 0
85999, 2048, 0, 0, 0
86999, 4096, 0, 0, 0
87999, 2048, 0, 0, 0
88998, 7175, 0, 0, 0
89998, 2048, 0, 0, 0
90999, 3072, 0, 0, 0
91999, 1024, 0, 0, 0
92999, 2048, 0, 0, 0
93999, 5120, 0, 0, 0
94998, 4100, 0, 0, 0
95999, 7168, 0, 0, 0
96999, 1024, 0, 0, 0
97999, 4096, 0, 0, 0
98999, 2048, 0, 0, 0
99998, 5125, 0, 0, 0
100998, 7168, 0, 0, 0
101999, 3072, 0, 0, 0
102999, 2048, 0, 0, 0
103999, 1024, 0, 0, 0
104999, 2048, 0, 0, 0
105998, 3075, 0, 0, 0
106999, 3072, 0, 0, 0
107999, 4096, 0, 0, 0
108999, 4096, 0, 0, 0
109999, 2048, 0, 0, 0
111998, 2048, 0, 0, 0
112999, 1024, 0, 0, 0
113999, 4096, 0, 0, 0
114999, 4096, 0, 0, 0
116998, 1025, 0, 0, 0
119999, 1024, 0, 0, 0
121999, 1024, 0, 0, 0
122998, 4100, 0, 0, 0
123998, 3072, 0, 0, 0
124999, 1024, 0, 0, 0
125999, 4096, 0, 0, 0
126999, 5120, 0, 0, 0
127998, 10250, 0, 0, 0
128999, 1024, 0, 0, 0
129999, 1024, 0, 0, 0
132998, 3075, 0, 0, 0
133998, 4096, 0, 0, 0
134999, 1024, 0, 0, 0
135999, 1024, 0, 0, 0
136999, 2048, 0, 0, 0
137999, 3072, 0, 0, 0
138998, 1025, 0, 0, 0
139998, 3072, 0, 0, 0
140999, 7168, 0, 0, 0
141999, 3072, 0, 0, 0
145999, 2048, 0, 0, 0
148998, 4096, 0, 0, 0
150999, 2048, 0, 0, 0
151999, 2048, 0, 0, 0
153999, 1024, 0, 0, 0
154999, 4096, 0, 0, 0
155999, 1024, 0, 0, 0
156998, 3075, 0, 0, 0
157998, 4096, 0, 0, 0
158999, 3072, 0, 0, 0
159999, 1024, 0, 0, 0
160999, 6144, 0, 0, 0
161999, 9216, 0, 0, 0
162998, 6150, 0, 0, 0
163999, 2048, 0, 0, 0
166998, 4100, 0, 0, 0
167999, 3072, 0, 0, 0
169999, 3072, 0, 0, 0
170999, 5120, 0, 0, 0
171998, 6150, 0, 0, 0
172998, 3072, 0, 0, 0
173999, 10240, 0, 0, 0
174999, 6144, 0, 0, 0
175999, 3072, 0, 0, 0
176999, 1024, 0, 0, 0
177998, 2050, 0, 0, 0
179999, 1024, 0, 0, 0
