40999, 6144, 0, 0, 0
41999, 4096, 0, 0, 0
42999, 4096, 0, 0, 0
43999, 3072, 0, 0, 0
44998, 3075, 0, 0, 0
45999, 4096, 0, 0, 0
46999, 6144, 0, 0, 0
47999, 2048, 0, 0, 0
48999, 1024, 0, 0, 0
49998, 1025, 0, 0, 0
50999, 3072, 0, 0, 0
51999, 5120, 0, 0, 0
52999, 4096, 0, 0, 0
53999, 2048, 0, 0, 0
54998, 3075, 0, 0, 0
55999, 4096, 0, 0, 0
57999, 1024, 0, 0, 0
59998, 1025, 0, 0, 0
60998, 4096, 0, 0, 0
64998, 7175, 0, 0, 0
65999, 1024, 0, 0, 0
67999, 1024, 0, 0, 0
68999, 2048, 0, 0, 0
69999, 1024, 0, 0, 0
70999, 9216, 0, 0, 0
72999, 2048, 0, 0, 0
73999, 9216, 0, 0, 0
74999, 1024, 0, 0, 0
75999, 1024, 0, 0, 0
76998, 5125, 0, 0, 0
80999, 4096, 0, 0, 0
81999, 1024, 0, 0, 0
82998, 5125, 0, 0, 0
83999, 11264, 0, 0, 0
85999, 2048, 0, 0, 0
89998, 4096, 0, 0, 0
92999, 1024, 0, 0, 0
95999, 2048, 0, 0, 0
97999, 3072, 0, 0, 0
99998, 7175, 0, 0, 0
101999, 2048, 0, 0, 0
102999, 3072, 0, 0, 0
103999, 3072, 0, 0, 0
104999, 7168, 0, 0, 0
106999, 3072, 0, 0, 0
107999, 1024, 0, 0, 0
108999, 6144, 0, 0, 0
109999, 5120, 0, 0, 0
110998, 4100, 0, 0, 0
111998, 3072, 0, 0, 0
112999, 4096, 0, 0, 0
113999, 8192, 0, 0, 0
114999, 6144, 0, 0, 0
115999, 6144, 0, 0, 0
116998, 2050, 0, 0, 0
118999, 1024, 0, 0, 0
119999, 4096, 0, 0, 0
121999, 2048, 0, 0, 0
122998, 4100, 0, 0, 0
123998, 7168, 0, 0, 0
124999, 4096, 0, 0, 0
125999, 1024, 0, 0, 0
126999, 2048, 0, 0, 0
127998, 1025, 0, 0, 0
128999, 1024, 0, 0, 0
129999, 2048, 0, 0, 0
130999, 4096, 0, 0, 0
131999, 4096, 0, 0, 0
132998, 4100, 0, 0, 0
133998, 4096, 0, 0, 0
134999, 4096, 0, 0, 0
135999, 3072, 0, 0, 0
136999, 2048, 0, 0, 0
137999, 3072, 0, 0, 0
138998, 3075, 0, 0, 0
139998, 5120, 0, 0, 0
140999, 4096, 0, 0, 0
141999, 3072, 0, 0, 0
142999, 2048, 0, 0, 0
143998, 1025, 0, 0, 0
144999, 2048, 0, 0, 0
145999, 3072, 0, 0, 0
146999, 3072, 0, 0, 0
147998, 1025, 0, 0, 0
148998, 9216, 0, 0, 0
149999, 2048, 0, 0, 0
150999, 5120, 0, 0, 0
151999, 5120, 0, 0, 0
152998, 3075, 0, 0, 0
153999, 1024, 0, 0, 0
154999, 5120, 0, 0, 0
155999, 7168, 0, 0, 0
156998, 2050, 0, 0, 0
157998, 7168, 0, 0, 0
158999, 1024, 0, 0, 0
159999, 2048, 0, 0, 0
160999, 4096, 0, 0, 0
161999, 6144, 0, 0, 0
162998, 7175, 0, 0, 0
163999, 3072, 0, 0, 0
164999, 4096, 0, 0, 0
166998, 2050, 0, 0, 0
168999, 5120, 0, 0, 0
169999, 2048, 0, 0, 0
170999, 4096, 0, 0, 0
171998, 6150, 0, 0, 0
172998, 1024, 0, 0, 0
173999, 2048, 0, 0, 0
174999, 4096, 0, 0, 0
175999, 3072, 0, 0, 0
176999, 9216, 0, 0, 0
177998, 7175, 0, 0, 0
178999, 2048, 0, 0, 0
