58999, 4096, 0, 0, 0
59999, 3075, 0, 0, 0
60999, 2048, 0, 0, 0
61999, 4096, 0, 0, 0
62999, 3072, 0, 0, 0
63999, 5120, 0, 0, 0
64999, 3075, 0, 0, 0
65999, 1024, 0, 0, 0
66999, 3072, 0, 0, 0
67999, 5120, 0, 0, 0
68999, 8192, 0, 0, 0
69999, 6144, 0, 0, 0
70999, 6144, 0, 0, 0
71999, 1025, 0, 0, 0
72999, 1024, 0, 0, 0
74999, 6144, 0, 0, 0
75999, 1024, 0, 0, 0
76999, 2050, 0, 0, 0
77999, 2048, 0, 0, 0
78999, 6144, 0, 0, 0
80999, 1024, 0, 0, 0
81999, 4096, 0, 0, 0
82999, 1025, 0, 0, 0
83999, 6144, 0, 0, 0
84999, 7168, 0, 0, 0
85999, 3072, 0, 0, 0
86999, 2048, 0, 0, 0
87999, 3072, 0, 0, 0
88999, 2050, 0, 0, 0
89999, 4096, 0, 0, 0
90999, 4096, 0, 0, 0
91999, 3072, 0, 0, 0
92999, 1024, 0, 0, 0
93999, 6144, 0, 0, 0
94999, 3075, 0, 0, 0
96999, 5120, 0, 0, 0
98999, 2048, 0, 0, 0
99998, 3075, 0, 0, 0
100999, 5120, 0, 0, 0
101999, 4096, 0, 0, 0
102999, 3072, 0, 0, 0
103999, 3072, 0, 0, 0
104999, 2048, 0, 0, 0
106999, 3072, 0, 0, 0
107999, 3072, 0, 0, 0
108999, 3072, 0, 0, 0
109999, 4096, 0, 0, 0
110999, 2050, 0, 0, 0
112999, 2048, 0, 0, 0
113999, 2048, 0, 0, 0
114999, 6144, 0, 0, 0
116999, 2050, 0, 0, 0
117999, 1024, 0, 0, 0
121999, 5120, 0, 0, 0
122998, 3075, 0, 0, 0
123999, 4096, 0, 0, 0
127999, 3075, 0, 0, 0
128999, 1024, 0, 0, 0
129999, 1024, 0, 0, 0
130999, 5120, 0, 0, 0
134999, 9216, 0, 0, 0
135999, 2048, 0, 0, 0
139999, 2048, 0, 0, 0
140999, 4096, 0, 0, 0
141999, 2048, 0, 0, 0
142999, 9216, 0, 0, 0
143999, 3075, 0, 0, 0
145999, 1024, 0, 0, 0
146999, 3072, 0, 0, 0
149999, 3072, 0, 0, 0
150999, 5120, 0, 0, 0
152999, 7175, 0, 0, 0
153999, 1024, 0, 0, 0
154999, 1024, 0, 0, 0
155999, 3072, 0, 0, 0
156998, 5125, 0, 0, 0
157999, 5120, 0, 0, 0
158999, 7168, 0, 0, 0
159999, 3072, 0, 0, 0
160999, 2048, 0, 0, 0
163999, 2048, 0, 0, 0
164999, 4096, 0, 0, 0
166999, 3075, 0, 0, 0
167999, 6144, 0, 0, 0
168999, 1024, 0, 0, 0
170999, 4096, 0, 0, 0
171998, 3075, 0, 0, 0
172999, 4096, 0, 0, 0
173999, 4096, 0, 0, 0
176999, 4096, 0, 0, 0
177999, 5125, 0, 0, 0
178999, 3072, 0, 0, 0
179999, 2048, 0, 0, 0
