57999, 3072, 0, 0, 0
59999, 5125, 0, 0, 0
60999, 5120, 0, 0, 0
61999, 3072, 0, 0, 0
62999, 6144, 0, 0, 0
64000, 3072, 0, 0, 0
64999, 4100, 0, 0, 0
65999, 4096, 0, 0, 0
66999, 2048, 0, 0, 0
67999, 3072, 0, 0, 0
68999, 1024, 0, 0, 0
72999, 1024, 0, 0, 0
73999, 6144, 0, 0, 0
74999, 7168, 0, 0, 0
76000, 4096, 0, 0, 0
76999, 1025, 0, 0, 0
77999, 1024, 0, 0, 0
82999, 1025, 0, 0, 0
83999, 4096, 0, 0, 0
84999, 4096, 0, 0, 0
85999, 1024, 0, 0, 0
86999, 1024, 0, 0, 0
88000, 5120, 0, 0, 0
89999, 2048, 0, 0, 0
90999, 8192, 0, 0, 0
91999, 4096, 0, 0, 0
92999, 5120, 0, 0, 0
93999, 4096, 0, 0, 0
94999, 4100, 0, 0, 0
95999, 2048, 0, 0, 0
97999, 3072, 0, 0, 0
100999, 1024, 0, 0, 0
101999, 1024, 0, 0, 0
102999, 4096, 0, 0, 0
103999, 2048, 0, 0, 0
104999, 3072, 0, 0, 0
105999, 3075, 0, 0, 0
106999, 4096, 0, 0, 0
107999, 2048, 0, 0, 0
108999, 1024, 0, 0, 0
109999, 2048, 0, 0, 0
110999, 1025, 0, 0, 0
111999, 2048, 0, 0, 0
112999, 3072, 0, 0, 0
113999, 3072, 0, 0, 0
114999, 5120, 0, 0, 0
116000, 2048, 0, 0, 0
117999, 5120, 0, 0, 0
120999, 1024, 0, 0, 0
121999, 4096, 0, 0, 0
122999, 3075, 0, 0, 0
123999, 1024, 0, 0, 0
125999, 2048, 0, 0, 0
126999, 7168, 0, 0, 0
127999, 1025, 0, 0, 0
128999, 5120, 0, 0, 0
129999, 7168, 0, 0, 0
130999, 3072, 0, 0, 0
131999, 4096, 0, 0, 0
132999, 4100, 0, 0, 0
133999, 2048, 0, 0, 0
135999, 6144, 0, 0, 0
140999, 5120, 0, 0, 0
141999, 2048, 0, 0, 0
144999, 3072, 0, 0, 0
145999, 4096, 0, 0, 0
146999, 4096, 0, 0, 0
147999, 1025, 0, 0, 0
148999, 1024, 0, 0, 0
149999, 1024, 0, 0, 0
150999, 2048, 0, 0, 0
151999, 5120, 0, 0, 0
154999, 1024, 0, 0, 0
156999, 3075, 0, 0, 0
157999, 3072, 0, 0, 0
158999, 1024, 0, 0, 0
159999, 1024, 0, 0, 0
160999, 1024, 0, 0, 0
161999, 1024, 0, 0, 0
162999, 5125, 0, 0, 0
163999, 3072, 0, 0, 0
164999, 2048, 0, 0, 0
165999, 6144, 0, 0, 0
166999, 2050, 0, 0, 0
167999, 3072, 0, 0, 0
170999, 5120, 0, 0, 0
174999, 3072, 0, 0, 0
175999, 6144, 0, 0, 0
177000, 2048, 0, 0, 0
179999, 5120, 0, 0, 0
