38999, 5125, 0, 0, 0
39999, 3072, 0, 0, 0
41999, 2048, 0, 0, 0
42999, 4096, 0, 0, 0
43999, 5120, 0, 0, 0
44999, 3075, 0, 0, 0
45999, 1024, 0, 0, 0
46999, 3072, 0, 0, 0
47999, 3072, 0, 0, 0
49000, 8192, 0, 0, 0
49999, 5125, 0, 0, 0
50999, 4096, 0, 0, 0
51999, 8192, 0, 0, 0
52999, 5120, 0, 0, 0
54000, 6144, 0, 0, 0
54999, 2050, 0, 0, 0
55999, 6144, 0, 0, 0
56999, 1024, 0, 0, 0
57999, 1024, 0, 0, 0
59000, 3072, 0, 0, 0
59999, 3075, 0, 0, 0
60999, 4096, 0, 0, 0
61999, 8192, 0, 0, 0
62999, 6144, 0, 0, 0
64999, 1025, 0, 0, 0
65999, 1024, 0, 0, 0
68999, 2048, 0, 0, 0
72999, 3072, 0, 0, 0
74999, 3072, 0, 0, 0
77999, 5120, 0, 0, 0
78999, 9216, 0, 0, 0
86999, 2048, 0, 0, 0
87999, 8192, 0, 0, 0
88999, 8200, 0, 0, 0
89999, 11264, 0, 0, 0
90999, 1024, 0, 0, 0
96999, 1024, 0, 0, 0
97999, 7168, 0, 0, 0
98999, 5120, 0, 0, 0
100999, 5120, 0, 0, 0
101999, 2048, 0, 0, 0
102999, 3072, 0, 0, 0
103999, 4096, 0, 0, 0
104999, 1024, 0, 0, 0
105999, 1025, 0, 0, 0
106999, 1024, 0, 0, 0
107999, 3072, 0, 0, 0
108999, 1024, 0, 0, 0
109999, 7168, 0, 0, 0
110999, 5125, 0, 0, 0
111999, 2048, 0, 0, 0
112999, 3072, 0, 0, 0
113999, 1024, 0, 0, 0
114999, 1024, 0, 0, 0
116000, 1024, 0, 0, 0
116999, 5125, 0, 0, 0
117999, 2048, 0, 0, 0
118999, 8192, 0, 0, 0
119999, 7168, 0, 0, 0
120999, 3072, 0, 0, 0
121999, 2048, 0, 0, 0
122999, 1025, 0, 0, 0
123999, 6144, 0, 0, 0
124999, 1024, 0, 0, 0
125999, 1024, 0, 0, 0
126999, 3072, 0, 0, 0
127999, 3075, 0, 0, 0
128999, 3072, 0, 0, 0
129999, 2048, 0, 0, 0
130999, 3072, 0, 0, 0
131999, 1024, 0, 0, 0
132999, 2050, 0, 0, 0
133999, 4096, 0, 0, 0
135999, 2048, 0, 0, 0
136999, 1024, 0, 0, 0
137999, 3072, 0, 0, 0
138999, 4100, 0, 0, 0
140999, 1024, 0, 0, 0
142999, 4096, 0, 0, 0
143999, 1025, 0, 0, 0
144999, 3072, 0, 0, 0
145999, 3072, 0, 0, 0
146999, 2048, 0, 0, 0
147999, 4100, 0, 0, 0
148999, 2048, 0, 0, 0
149999, 4096, 0, 0, 0
150999, 2048, 0, 0, 0
151999, 3072, 0, 0, 0
152999, 2050, 0, 0, 0
153999, 3072, 0, 0, 0
154999, 1024, 0, 0, 0
156999, 3075, 0, 0, 0
157999, 7168, 0, 0, 0
158999, 6144, 0, 0, 0
159999, 6144, 0, 0, 0
160999, 4096, 0, 0, 0
161999, 3072, 0, 0, 0
163999, 1024, 0, 0, 0
164999, 1024, 0, 0, 0
165999, 7168, 0, 0, 0
166999, 5125, 0, 0, 0
167999, 2048, 0, 0, 0
168999, 1024, 0, 0, 0
169999, 4096, 0, 0, 0
170999, 1024, 0, 0, 0
171999, 4100, 0, 0, 0
173999, 1024, 0, 0, 0
174999, 2048, 0, 0, 0
175999, 3072, 0, 0, 0
177000, 6144, 0, 0, 0
179999, 2048, 0, 0, 0
