45999, 2048, 0, 0, 0
46999, 1024, 0, 0, 0
49999, 7175, 0, 0, 0
50999, 3072, 0, 0, 0
51999, 4096, 0, 0, 0
52999, 2048, 0, 0, 0
55999, 1024, 0, 0, 0
56999, 5120, 0, 0, 0
57999, 1024, 0, 0, 0
58999, 1024, 0, 0, 0
60999, 1024, 0, 0, 0
62999, 2048, 0, 0, 0
63999, 1024, 0, 0, 0
64999, 2050, 0, 0, 0
65999, 1024, 0, 0, 0
66999, 3072, 0, 0, 0
67999, 2048, 0, 0, 0
68999, 2048, 0, 0, 0
71999, 6150, 0, 0, 0
72999, 1024, 0, 0, 0
74999, 2048, 0, 0, 0
75999, 6144, 0, 0, 0
76999, 6150, 0, 0, 0
77999, 1024, 0, 0, 0
81999, 2048, 0, 0, 0
82999, 6150, 0, 0, 0
83999, 4096, 0, 0, 0
84999, 4096, 0, 0, 0
91999, 3072, 0, 0, 0
92999, 2048, 0, 0, 0
93999, 5120, 0, 0, 0
94999, 3075, 0, 0, 0
96999, 1024, 0, 0, 0
97999, 3072, 0, 0, 0
98999, 1024, 0, 0, 0
99998, 1025, 0, 0, 0
100999, 3072, 0, 0, 0
101999, 2048, 0, 0, 0
102999, 2048, 0, 0, 0
103999, 1024, 0, 0, 0
105998, 5125, 0, 0, 0
106999, 2048, 0, 0, 0
108999, 2048, 0, 0, 0
110998, 5125, 0, 0, 0
111999, 3072, 0, 0, 0
112999, 2048, 0, 0, 0
113999, 1024, 0, 0, 0
114999, 2048, 0, 0, 0
115999, 2048, 0, 0, 0
117999, 5120, 0, 0, 0
121999, 3072, 0, 0, 0
122998, 1025, 0, 0, 0
123999, 5120, 0, 0, 0
124999, 4096, 0, 0, 0
125999, 2048, 0, 0, 0
126999, 2048, 0, 0, 0
127999, 1025, 0, 0, 0
128999, 2048, 0, 0, 0
129999, 2048, 0, 0, 0
130999, 4096, 0, 0, 0
131999, 2048, 0, 0, 0
132998, 1025, 0, 0, 0
133999, 5120, 0, 0, 0
134999, 4096, 0, 0, 0
137999, 7168, 0, 0, 0
138998, 3075, 0, 0, 0
139999, 1024, 0, 0, 0
141999, 1024, 0, 0, 0
143999, 2050, 0, 0, 0
144999, 9216, 0, 0, 0
147998, 1025, 0, 0, 0
148999, 3072, 0, 0, 0
149999, 1024, 0, 0, 0
150999, 2048, 0, 0, 0
151999, 1024, 0, 0, 0
152998, 12300, 0, 0, 0
153999, 4096, 0, 0, 0
154999, 1024, 0, 0, 0
155999, 3072, 0, 0, 0
156998, 3075, 0, 0, 0
157999, 1024, 0, 0, 0
158999, 3072, 0, 0, 0
159999, 6144, 0, 0, 0
160999, 1024, 0, 0, 0
161999, 2048, 0, 0, 0
162999, 1025, 0, 0, 0
163999, 6144, 0, 0, 0
164999, 1024, 0, 0, 0
166999, 2050, 0, 0, 0
167999, 2048, 0, 0, 0
170999, 2048, 0, 0, 0
171998, 5125, 0, 0, 0
172999, 3072, 0, 0, 0
174999, 6144, 0, 0, 0
175999, 3072, 0, 0, 0
176999, 1024, 0, 0, 0
177999, 7175, 0, 0, 0
178999, 4096, 0, 0, 0
179999, 5120, 0, 0, 0
