40999, 3072, 0, 0, 0
41999, 4096, 0, 0, 0
43999, 1024, 0, 0, 0
44999, 1025, 0, 0, 0
45999, 2048, 0, 0, 0
46999, 4096, 0, 0, 0
47999, 8192, 0, 0, 0
48999, 7168, 0, 0, 0
50999, 1024, 0, 0, 0
51999, 1024, 0, 0, 0
53999, 2048, 0, 0, 0
54999, 2050, 0, 0, 0
55999, 2048, 0, 0, 0
56999, 1024, 0, 0, 0
57999, 1024, 0, 0, 0
58999, 2048, 0, 0, 0
59999, 3075, 0, 0, 0
61999, 5120, 0, 0, 0
62999, 4096, 0, 0, 0
64999, 6150, 0, 0, 0
65999, 1024, 0, 0, 0
66999, 1024, 0, 0, 0
67999, 2048, 0, 0, 0
69999, 5120, 0, 0, 0
70999, 5120, 0, 0, 0
71999, 1025, 0, 0, 0
72999, 9216, 0, 0, 0
73999, 3072, 0, 0, 0
75999, 6144, 0, 0, 0
82999, 1025, 0, 0, 0
83999, 19456, 0, 0, 0
84999, 8192, 0, 0, 0
89999, 1024, 0, 0, 0
90999, 7168, 0, 0, 0
93999, 3072, 0, 0, 0
94999, 6150, 0, 0, 0
95999, 5120, 0, 0, 0
96999, 3072, 0, 0, 0
97999, 7168, 0, 0, 0
98999, 5120, 0, 0, 0
99998, 1025, 0, 0, 0
100999, 7168, 0, 0, 0
101999, 5120, 0, 0, 0
102999, 7168, 0, 0, 0
103999, 3072, 0, 0, 0
104999, 3072, 0, 0, 0
105998, 2050, 0, 0, 0
106999, 3072, 0, 0, 0
107999, 3072, 0, 0, 0
108999, 3072, 0, 0, 0
109999, 5120, 0, 0, 0
110998, 5125, 0, 0, 0
111999, 1024, 0, 0, 0
112999, 2048, 0, 0, 0
113999, 1024, 0, 0, 0
114999, 4096, 0, 0, 0
115999, 5120, 0, 0, 0
116999, 4100, 0, 0, 0
121999, 4096, 0, 0, 0
122998, 3075, 0, 0, 0
123999, 4096, 0, 0, 0
124999, 2048, 0, 0, 0
125999, 1024, 0, 0, 0
126999, 2048, 0, 0, 0
127999, 1025, 0, 0, 0
129999, 2048, 0, 0, 0
130999, 1024, 0, 0, 0
131999, 3072, 0, 0, 0
132998, 5125, 0, 0, 0
133999, 5120, 0, 0, 0
134999, 3072, 0, 0, 0
135999, 7168, 0, 0, 0
136999, 2048, 0, 0, 0
137999, 4096, 0, 0, 0
138998, 1025, 0, 0, 0
139999, 4096, 0, 0, 0
140999, 7168, 0, 0, 0
141999, 2048, 0, 0, 0
142999, 4096, 0, 0, 0
143999, 8200, 0, 0, 0
144999, 1024, 0, 0, 0
145999, 4096, 0, 0, 0
146999, 3072, 0, 0, 0
147998, 6150, 0, 0, 0
148999, 2048, 0, 0, 0
149999, 2048, 0, 0, 0
153999, 1024, 0, 0, 0
154999, 2048, 0, 0, 0
155999, 1024, 0, 0, 0
156998, 4100, 0, 0, 0
157999, 5120, 0, 0, 0
158999, 6144, 0, 0, 0
159999, 2048, 0, 0, 0
160999, 2048, 0, 0, 0
161999, 3072, 0, 0, 0
162999, 4100, 0, 0, 0
163999, 5120, 0, 0, 0
164999, 1024, 0, 0, 0
165999, 11264, 0, 0, 0
166999, 6150, 0, 0, 0
167999, 3072, 0, 0, 0
168999, 2048, 0, 0, 0
169999, 3072, 0, 0, 0
170999, 2048, 0, 0, 0
171998, 5125, 0, 0, 0
172999, 7168, 0, 0, 0
173999, 3072, 0, 0, 0
174999, 4096, 0, 0, 0
175999, 6144, 0, 0, 0
176999, 6144, 0, 0, 0
177999, 1025, 0, 0, 0
178999, 3072, 0, 0, 0
179999, 2048, 0, 0, 0
