37999, 2048, 0, 0, 0
38998, 5125, 0, 0, 0
39998, 4096, 0, 0, 0
40999, 1024, 0, 0, 0
42999, 2048, 0, 0, 0
43999, 5120, 0, 0, 0
44998, 5125, 0, 0, 0
45999, 4096, 0, 0, 0
46999, 3072, 0, 0, 0
47999, 1024, 0, 0, 0
49998, 2050, 0, 0, 0
50999, 2048, 0, 0, 0
51999, 2048, 0, 0, 0
52999, 6144, 0, 0, 0
53999, 2048, 0, 0, 0
54998, 1025, 0, 0, 0
55999, 4096, 0, 0, 0
56999, 6144, 0, 0, 0
57999, 2048, 0, 0, 0
58999, 4096, 0, 0, 0
59998, 2050, 0, 0, 0
62999, 7168, 0, 0, 0
63999, 4096, 0, 0, 0
64998, 3075, 0, 0, 0
65999, 8192, 0, 0, 0
66999, 8192, 0, 0, 0
69999, 1024, 0, 0, 0
70999, 6144, 0, 0, 0
71998, 3075, 0, 0, 0
72999, 1024, 0, 0, 0
73999, 7168, 0, 0, 0
74999, 5120, 0, 0, 0
75999, 2048, 0, 0, 0
80999, 6144, 0, 0, 0
81999, 6144, 0, 0, 0
87999, 8192, 0, 0, 0
88998, 3075, 0, 0, 0
89998, 4096, 0, 0, 0
90999, 3072, 0, 0, 0
91999, 1024, 0, 0, 0
95999, 1024, 0, 0, 0
96999, 4096, 0, 0, 0
97999, 2048, 0, 0, 0
98999, 2048, 0, 0, 0
100998, 1024, 0, 0, 0
101999, 7168, 0, 0, 0
103999, 4096, 0, 0, 0
104999, 5120, 0, 0, 0
105998, 4100, 0, 0, 0
106999, 2048, 0, 0, 0
107999, 2048, 0, 0, 0
108999, 2048, 0, 0, 0
109999, 6144, 0, 0, 0
110998, 3075, 0, 0, 0
111998, 2048, 0, 0, 0
112999, 7168, 0, 0, 0
113999, 5120, 0, 0, 0
114999, 1024, 0, 0, 0
115999, 4096, 0, 0, 0
116998, 6150, 0, 0, 0
117999, 3072, 0, 0, 0
118999, 2048, 0, 0, 0
120999, 3072, 0, 0, 0
121999, 2048, 0, 0, 0
122998, 4100, 0, 0, 0
123998, 2048, 0, 0, 0
124999, 3072, 0, 0, 0
125999, 3072, 0, 0, 0
127998, 4100, 0, 0, 0
128999, 6144, 0, 0, 0
129999, 4096, 0, 0, 0
130999, 6144, 0, 0, 0
131999, 2048, 0, 0, 0
132998, 1025, 0, 0, 0
133998, 3072, 0, 0, 0
136999, 1024, 0, 0, 0
138998, 2050, 0, 0, 0
139998, 2048, 0, 0, 0
140999, 2048, 0, 0, 0
141999, 1024, 0, 0, 0
143998, 4100, 0, 0, 0
144999, 4096, 0, 0, 0
145999, 4096, 0, 0, 0
147998, 7175, 0, 0, 0
148998, 6144, 0, 0, 0
150999, 4096, 0, 0, 0
151999, 1024, 0, 0, 0
152998, 3075, 0, 0, 0
155999, 5120, 0, 0, 0
156998, 1025, 0, 0, 0
157998, 4096, 0, 0, 0
158999, 1024, 0, 0, 0
159999, 3072, 0, 0, 0
160999, 2048, 0, 0, 0
161999, 4096, 0, 0, 0
162998, 4100, 0, 0, 0
163999, 5120, 0, 0, 0
165999, 7168, 0, 0, 0
167999, 3072, 0, 0, 0
168999, 1024, 0, 0, 0
169999, 5120, 0, 0, 0
170999, 5120, 0, 0, 0
171998, 2050, 0, 0, 0
172998, 5120, 0, 0, 0
173999, 2048, 0, 0, 0
175999, 4096, 0, 0, 0
176999, 3072, 0, 0, 0
177998, 4100, 0, 0, 0
179999, 1024, 0, 0, 0
