36999, 5120, 0, 0, 0
37999, 2048, 0, 0, 0
38999, 6150, 0, 0, 0
39999, 6144, 0, 0, 0
44999, 4100, 0, 0, 0
45999, 4096, 0, 0, 0
46999, 2048, 0, 0, 0
47999, 3072, 0, 0, 0
48999, 9216, 0, 0, 0
49999, 2050, 0, 0, 0
50999, 3072, 0, 0, 0
51999, 3072, 0, 0, 0
52999, 4096, 0, 0, 0
53999, 4096, 0, 0, 0
54999, 2050, 0, 0, 0
55999, 1024, 0, 0, 0
56999, 6144, 0, 0, 0
57999, 6144, 0, 0, 0
58999, 4096, 0, 0, 0
59999, 3075, 0, 0, 0
60999, 1024, 0, 0, 0
64999, 2050, 0, 0, 0
65999, 3072, 0, 0, 0
66999, 1024, 0, 0, 0
67999, 7168, 0, 0, 0
68999, 9216, 0, 0, 0
69999, 7168, 0, 0, 0
70999, 2048, 0, 0, 0
72999, 1024, 0, 0, 0
73999, 2048, 0, 0, 0
77999, 1024, 0, 0, 0
79999, 5120, 0, 0, 0
82999, 9225, 0, 0, 0
83999, 10240, 0, 0, 0
84999, 8192, 0, 0, 0
85999, 8192, 0, 0, 0
86999, 2048, 0, 0, 0
87999, 1024, 0, 0, 0
90999, 4096, 0, 0, 0
92999, 6144, 0, 0, 0
93999, 7168, 0, 0, 0
94999, 6150, 0, 0, 0
95999, 5120, 0, 0, 0
96999, 5120, 0, 0, 0
97999, 5120, 0, 0, 0
98999, 6144, 0, 0, 0
99999, 4100, 0, 0, 0
100999, 3072, 0, 0, 0
101999, 3072, 0, 0, 0
102999, 4096, 0, 0, 0
103999, 2048, 0, 0, 0
104999, 5120, 0, 0, 0
105999, 3075, 0, 0, 0
107999, 6144, 0, 0, 0
108999, 2048, 0, 0, 0
109999, 5120, 0, 0, 0
110999, 8200, 0, 0, 0
111999, 4096, 0, 0, 0
112999, 4096, 0, 0, 0
113999, 1024, 0, 0, 0
114999, 2048, 0, 0, 0
115999, 5120, 0, 0, 0
116999, 5125, 0, 0, 0
117999, 7168, 0, 0, 0
118999, 8192, 0, 0, 0
119999, 3072, 0, 0, 0
120999, 1024, 0, 0, 0
121999, 3072, 0, 0, 0
122998, 4100, 0, 0, 0
123999, 1024, 0, 0, 0
124999, 3072, 0, 0, 0
126999, 3072, 0, 0, 0
127999, 2050, 0, 0, 0
128999, 1024, 0, 0, 0
129999, 5120, 0, 0, 0
130999, 5120, 0, 0, 0
131999, 4096, 0, 0, 0
132999, 4100, 0, 0, 0
133999, 3072, 0, 0, 0
134999, 9216, 0, 0, 0
135999, 9216, 0, 0, 0
136999, 5120, 0, 0, 0
137999, 3072, 0, 0, 0
138998, 2050, 0, 0, 0
141999, 6144, 0, 0, 0
142999, 4096, 0, 0, 0
143999, 5125, 0, 0, 0
144999, 5120, 0, 0, 0
145999, 1024, 0, 0, 0
146999, 6144, 0, 0, 0
148999, 2048, 0, 0, 0
149999, 2048, 0, 0, 0
150999, 1024, 0, 0, 0
152999, 10250, 0, 0, 0
154999, 2048, 0, 0, 0
155999, 1024, 0, 0, 0
156998, 1025, 0, 0, 0
158999, 1024, 0, 0, 0
159999, 1024, 0, 0, 0
160999, 6144, 0, 0, 0
161999, 2048, 0, 0, 0
162999, 3075, 0, 0, 0
163999, 5120, 0, 0, 0
164999, 1024, 0, 0, 0
165999, 10240, 0, 0, 0
166999, 2050, 0, 0, 0
167999, 2048, 0, 0, 0
168999, 4096, 0, 0, 0
169999, 4096, 0, 0, 0
170999, 1024, 0, 0, 0
172999, 4096, 0, 0, 0
173999, 2048, 0, 0, 0
174999, 6144, 0, 0, 0
175999, 2048, 0, 0, 0
176999, 4096, 0, 0, 0
177999, 5125, 0, 0, 0
