51999, 3072, 0, 0, 0
52999, 5120, 0, 0, 0
53999, 2048, 0, 0, 0
54999, 1025, 0, 0, 0
55999, 1024, 0, 0, 0
56999, 2048, 0, 0, 0
58999, 2048, 0, 0, 0
59999, 1025, 0, 0, 0
60999, 4096, 0, 0, 0
61999, 5120, 0, 0, 0
62999, 5120, 0, 0, 0
63999, 2048, 0, 0, 0
64999, 5125, 0, 0, 0
65999, 4096, 0, 0, 0
68999, 3072, 0, 0, 0
69999, 4096, 0, 0, 0
74999, 1024, 0, 0, 0
76999, 3075, 0, 0, 0
77999, 10240, 0, 0, 0
78999, 5120, 0, 0, 0
79999, 1024, 0, 0, 0
80999, 7168, 0, 0, 0
81999, 7168, 0, 0, 0
82999, 6150, 0, 0, 0
83999, 8192, 0, 0, 0
84999, 5120, 0, 0, 0
85999, 1024, 0, 0, 0
86999, 4096, 0, 0, 0
87999, 3072, 0, 0, 0
88999, 5125, 0, 0, 0
89999, 3072, 0, 0, 0
91999, 1024, 0, 0, 0
92999, 4096, 0, 0, 0
93999, 1024, 0, 0, 0
95999, 6144, 0, 0, 0
96999, 5120, 0, 0, 0
97999, 7168, 0, 0, 0
98999, 6144, 0, 0, 0
99999, 3075, 0, 0, 0
100999, 4096, 0, 0, 0
101999, 2048, 0, 0, 0
103999, 5120, 0, 0, 0
104999, 3072, 0, 0, 0
105999, 3075, 0, 0, 0
106999, 7168, 0, 0, 0
108999, 4096, 0, 0, 0
110999, 2050, 0, 0, 0
111999, 2048, 0, 0, 0
112999, 2048, 0, 0, 0
113999, 3072, 0, 0, 0
114999, 1024, 0, 0, 0
115999, 6144, 0, 0, 0
119999, 1024, 0, 0, 0
120999, 4096, 0, 0, 0
121999, 1024, 0, 0, 0
124999, 1024, 0, 0, 0
125999, 3072, 0, 0, 0
126999, 1024, 0, 0, 0
127999, 3075, 0, 0, 0
128999, 1024, 0, 0, 0
129999, 1024, 0, 0, 0
130999, 2048, 0, 0, 0
131999, 1024, 0, 0, 0
132999, 3075, 0, 0, 0
133999, 6144, 0, 0, 0
134999, 2048, 0, 0, 0
135999, 1024, 0, 0, 0
137999, 2048, 0, 0, 0
138998, 8200, 0, 0, 0
139999, 2048, 0, 0, 0
140999, 5120, 0, 0, 0
141999, 4096, 0, 0, 0
142999, 4096, 0, 0, 0
143999, 3075, 0, 0, 0
146999, 2048, 0, 0, 0
147998, 2050, 0, 0, 0
148999, 4096, 0, 0, 0
149999, 6144, 0, 0, 0
150999, 3072, 0, 0, 0
152999, 7175, 0, 0, 0
153999, 6144, 0, 0, 0
154999, 1024, 0, 0, 0
155999, 3072, 0, 0, 0
157999, 4096, 0, 0, 0
160999, 5120, 0, 0, 0
162999, 3075, 0, 0, 0
163999, 3072, 0, 0, 0
164999, 3072, 0, 0, 0
165999, 3072, 0, 0, 0
168999, 3072, 0, 0, 0
169999, 5120, 0, 0, 0
170999, 3072, 0, 0, 0
171998, 1025, 0, 0, 0
172999, 3072, 0, 0, 0
173999, 2048, 0, 0, 0
174999, 7168, 0, 0, 0
175999, 2048, 0, 0, 0
176999, 1024, 0, 0, 0
178999, 3072, 0, 0, 0
179999, 3072, 0, 0, 0
