2000, 128, 0, 0, 0
3000, 1856, 0, 0, 0
4000, 4164, 0, 0, 0
5000, 3008, 0, 0, 0
6000, 5760, 0, 0, 0
7000, 4096, 0, 0, 0
8000, 3971, 0, 0, 0
9000, 2368, 0, 0, 0
10000, 3072, 0, 0, 0
11000, 2688, 0, 0, 0
12000, 3459, 0, 0, 0
13000, 4352, 0, 0, 0
14000, 2752, 0, 0, 0
15000, 3136, 0, 0, 0
16000, 2882, 0, 0, 0
17000, 3648, 0, 0, 0
18000, 3136, 0, 0, 0
19000, 2240, 0, 0, 0
20000, 1217, 0, 0, 0
21000, 2816, 0, 0, 0
22000, 3328, 0, 0, 0
23000, 2176, 0, 0, 0
23999, 4548, 0, 0, 0
25000, 3008, 0, 0, 0
26000, 3520, 0, 0, 0
27000, 2560, 0, 0, 0
27999, 3779, 0, 0, 0
29000, 2688, 0, 0, 0
30000, 3264, 0, 0, 0
31000, 4352, 0, 0, 0
32000, 2816, 0, 0, 0
33000, 3459, 0, 0, 0
34000, 3776, 0, 0, 0
35000, 3136, 0, 0, 0
36000, 3136, 0, 0, 0
37000, 4228, 0, 0, 0
38000, 3904, 0, 0, 0
39000, 4224, 0, 0, 0
39999, 2754, 0, 0, 0
41000, 2752, 0, 0, 0
42000, 3840, 0, 0, 0
43000, 3072, 0, 0, 0
44000, 2498, 0, 0, 0
45000, 3264, 0, 0, 0
46000, 1792, 0, 0, 0
47000, 3200, 0, 0, 0
47999, 1665, 0, 0, 0
49000, 2624, 0, 0, 0
50000, 3520, 0, 0, 0
51000, 3968, 0, 0, 0
52000, 2688, 0, 0, 0
53000, 3523, 0, 0, 0
54000, 2624, 0, 0, 0
55000, 2944, 0, 0, 0
56000, 1856, 0, 0, 0
57000, 1985, 0, 0, 0
58000, 4864, 0, 0, 0
59000, 4032, 0, 0, 0
60000, 4480, 0, 0, 0
61000, 3267, 0, 0, 0
62000, 3008, 0, 0, 0
63000, 3328, 0, 0, 0
64000, 3008, 0, 0, 0
65000, 4036, 0, 0, 0
66000, 2112, 0, 0, 0
67000, 2880, 0, 0, 0
68000, 2112, 0, 0, 0
69000, 4612, 0, 0, 0
70000, 4096, 0, 0, 0
71000, 3072, 0, 0, 0
72000, 3520, 0, 0, 0
73000, 3523, 0, 0, 0
74000, 2880, 0, 0, 0
75000, 3264, 0, 0, 0
76000, 3072, 0, 0, 0
77000, 3267, 0, 0, 0
78000, 3200, 0, 0, 0
79000, 3776, 0, 0, 0
79999, 3779, 0, 0, 0
81000, 3456, 0, 0, 0
82000, 3776, 0, 0, 0
83000, 3520, 0, 0, 0
83999, 3651, 0, 0, 0
85000, 2624, 0, 0, 0
86000, 1856, 0, 0, 0
87000, 3712, 0, 0, 0
88000, 3523, 0, 0, 0
89000, 3072, 0, 0, 0
90000, 2496, 0, 0, 0
91000, 2368, 0, 0, 0
92000, 2882, 0, 0, 0
93000, 4032, 0, 0, 0
94000, 3008, 0, 0, 0
95000, 3008, 0, 0, 0
96000, 3331, 0, 0, 0
97000, 3392, 0, 0, 0
98000, 2304, 0, 0, 0
99000, 2690, 0, 0, 0
100000, 2688, 0, 0, 0
101000, 4160, 0, 0, 0
102000, 2304, 0, 0, 0
103000, 2242, 0, 0, 0
104000, 3648, 0, 0, 0
105000, 2752, 0, 0, 0
106000, 2818, 0, 0, 0
107000, 3008, 0, 0, 0
108000, 4096, 0, 0, 0
109000, 2752, 0, 0, 0
110000, 2242, 0, 0, 0
111000, 3264, 0, 0, 0
112000, 3648, 0, 0, 0
112999, 3331, 0, 0, 0
114000, 3008, 0, 0, 0
115000, 3264, 0, 0, 0
116000, 3904, 0, 0, 0
116999, 3715, 0, 0, 0
118000, 3264, 0, 0, 0
119000, 3264, 0, 0, 0
120000, 1984, 0, 0, 0
121000, 3587, 0, 0, 0
122000, 4544, 0, 0, 0
123000, 2880, 0, 0, 0
123999, 2754, 0, 0, 0
125000, 3776, 0, 0, 0
126000, 3200, 0, 0, 0
127000, 3840, 0, 0, 0
127999, 2818, 0, 0, 0
129000, 3456, 0, 0, 0
130000, 3904, 0, 0, 0
131000, 2880, 0, 0, 0
132000, 3843, 0, 0, 0
133000, 2432, 0, 0, 0
134000, 2752, 0, 0, 0
135000, 3584, 0, 0, 0
136000, 3075, 0, 0, 0
137000, 4096, 0, 0, 0
138000, 4160, 0, 0, 0
139000, 2240, 0, 0, 0
140000, 2818, 0, 0, 0
141000, 4032, 0, 0, 0
142000, 4288, 0, 0, 0
143000, 3392, 0, 0, 0
144000, 2690, 0, 0, 0
145000, 6080, 0, 0, 0
146000, 5056, 0, 0, 0
147000, 3203, 0, 0, 0
148000, 3648, 0, 0, 0
149000, 3968, 0, 0, 0
150000, 3264, 0, 0, 0
151000, 3075, 0, 0, 0
152000, 5120, 0, 0, 0
153000, 2880, 0, 0, 0
154000, 4160, 0, 0, 0
155000, 3139, 0, 0, 0
156000, 4800, 0, 0, 0
157000, 3072, 0, 0, 0
158000, 4288, 0, 0, 0
159000, 2242, 0, 0, 0
160000, 2624, 0, 0, 0
161000, 2240, 0, 0, 0
162000, 3456, 0, 0, 0
163000, 2498, 0, 0, 0
164000, 3520, 0, 0, 0
165000, 4224, 0, 0, 0
166000, 2240, 0, 0, 0
167000, 5637, 0, 0, 0
168000, 2304, 0, 0, 0
169000, 2048, 0, 0, 0
170000, 1857, 0, 0, 0
171000, 2816, 0, 0, 0
172000, 1152, 0, 0, 0
173000, 2496, 0, 0, 0
174000, 2434, 0, 0, 0
175000, 6016, 0, 0, 0
176000, 2368, 0, 0, 0
177000, 2688, 0, 0, 0
178000, 2946, 0, 0, 0
179000, 4224, 0, 0, 0
180000, 4032, 0, 0, 0
