4003, 3580, 0, 0, 0
4003, 19692, 1, 0, 0
5005, 12787, 0, 0, 0
5005, 30433, 1, 0, 0
6006, 27364, 0, 0, 0
6006, 37594, 1, 0, 0
7008, 17902, 0, 0, 0
7008, 31456, 1, 0, 0
8009, 22505, 0, 0, 0
8009, 34269, 1, 0, 0
9011, 16111, 0, 0, 0
9011, 33758, 1, 0, 0
10013, 12019, 0, 0, 0
10013, 40407, 1, 0, 0
11015, 12275, 0, 0, 0
11015, 36315, 1, 0, 0
12016, 13810, 0, 0, 0
12016, 28131, 1, 0, 0
13018, 18413, 0, 0, 0
13018, 35292, 1, 0, 0
14019, 14577, 0, 0, 0
14019, 30945, 1, 0, 0
15020, 18669, 0, 0, 0
15020, 36059, 1, 0, 0
16022, 15344, 0, 0, 0
16022, 33502, 1, 0, 0
17024, 15088, 0, 0, 0
17024, 32223, 1, 0, 0
18025, 17134, 0, 0, 0
18025, 33758, 1, 0, 0
19026, 12787, 0, 0, 0
19026, 30433, 1, 0, 0
20028, 13298, 0, 0, 0
20028, 35036, 1, 0, 0
21029, 16879, 0, 0, 0
21029, 40151, 1, 0, 0
22030, 14065, 0, 0, 0
22030, 33758, 1, 0, 0
23032, 13298, 0, 0, 0
23032, 29154, 1, 0, 0
24033, 17902, 0, 0, 0
24033, 34269, 1, 0, 0
25034, 21482, 0, 0, 0
25034, 37338, 1, 0, 0
26036, 18669, 0, 0, 0
26036, 36571, 1, 0, 0
27037, 17902, 0, 0, 0
27037, 35548, 1, 0, 0
28038, 16367, 0, 0, 0
28038, 33502, 1, 0, 0
29039, 19692, 0, 0, 0
29039, 34525, 1, 0, 0
30041, 30433, 0, 0, 0
30041, 40151, 1, 0, 0
31042, 26341, 0, 0, 0
31042, 36059, 1, 0, 0
32043, 22505, 0, 0, 0
32043, 31712, 1, 0, 0
33045, 21482, 0, 0, 0
33045, 32991, 1, 0, 0
34046, 18413, 0, 0, 0
34046, 32735, 1, 0, 0
35047, 18157, 0, 0, 0
35047, 33758, 1, 0, 0
36048, 16623, 0, 0, 0
36048, 34525, 1, 0, 0
37050, 19692, 0, 0, 0
37050, 38105, 1, 0, 0
38051, 18157, 0, 0, 0
38051, 35804, 1, 0, 0
39052, 20715, 0, 0, 0
39052, 41430, 1, 0, 0
40054, 16879, 0, 0, 0
40054, 38361, 1, 0, 0
41055, 16111, 0, 0, 0
41055, 31968, 1, 0, 0
42056, 20203, 0, 0, 0
42056, 38361, 1, 0, 0
43058, 16879, 0, 0, 0
43058, 33246, 1, 0, 0
44059, 21226, 0, 0, 0
44059, 39384, 1, 0, 0
45061, 19948, 0, 0, 0
45061, 41174, 1, 0, 0
46062, 17390, 0, 0, 0
46062, 37594, 1, 0, 0
47075, 16695, 0, 0, 0
47075, 36173, 1, 0, 0
48076, 12787, 0, 0, 0
48076, 35036, 1, 0, 0
49077, 15600, 0, 0, 0
49077, 33758, 1, 0, 0
50078, 13298, 0, 0, 0
50078, 40919, 1, 0, 0
51079, 14321, 0, 0, 0
51079, 36827, 1, 0, 0
52080, 18413, 0, 0, 0
52080, 40151, 1, 0, 0
53081, 15360, 0, 0, 0
53081, 33536, 1, 0, 0
54082, 18413, 0, 0, 0
54082, 43220, 1, 0, 0
55084, 17134, 0, 0, 0
55084, 35804, 1, 0, 0
56085, 24551, 0, 0, 0
56085, 34525, 1, 0, 0
57086, 24039, 0, 0, 0
57086, 35804, 1, 0, 0
58087, 25574, 0, 0, 0
58087, 39128, 1, 0, 0
59088, 24807, 0, 0, 0
59088, 33246, 1, 0, 0
60090, 28899, 0, 0, 0
60090, 38873, 1, 0, 0
61091, 26853, 0, 0, 0
61091, 36059, 1, 0, 0
62092, 27364, 0, 0, 0
62092, 41430, 1, 0, 0
63093, 20715, 0, 0, 0
63093, 31968, 1, 0, 0
64094, 21994, 0, 0, 0
64094, 36827, 1, 0, 0
65095, 20459, 0, 0, 0
65095, 36315, 1, 0, 0
66096, 21226, 0, 0, 0
66096, 41174, 1, 0, 0
67097, 19180, 0, 0, 0
67097, 34525, 1, 0, 0
68098, 23296, 0, 0, 0
68098, 37888, 1, 0, 0
69099, 24039, 0, 0, 0
69099, 39384, 1, 0, 0
70100, 31200, 0, 0, 0
70100, 42709, 1, 0, 0
71102, 29666, 0, 0, 0
71102, 40151, 1, 0, 0
72103, 24807, 0, 0, 0
72103, 38873, 1, 0, 0
73104, 25318, 0, 0, 0
73104, 35804, 1, 0, 0
74105, 28899, 0, 0, 0
74105, 43732, 1, 0, 0
75106, 25344, 0, 0, 0
75106, 36096, 1, 0, 0
76107, 27648, 0, 0, 0
76107, 42240, 1, 0, 0
77108, 25856, 0, 0, 0
77108, 43264, 1, 0, 0
78109, 25574, 0, 0, 0
78109, 40919, 1, 0, 0
79110, 26368, 0, 0, 0
79110, 36864, 1, 0, 0
80111, 34013, 0, 0, 0
80111, 45778, 1, 0, 0
81112, 32223, 0, 0, 0
81112, 40919, 1, 0, 0
82113, 25318, 0, 0, 0
82113, 39384, 1, 0, 0
83114, 32991, 0, 0, 0
83114, 42709, 1, 0, 0
84115, 28672, 0, 0, 0
84115, 40960, 1, 0, 0
85116, 29154, 0, 0, 0
85116, 44499, 1, 0, 0
86117, 29154, 0, 0, 0
86117, 39384, 1, 0, 0
87118, 24807, 0, 0, 0
87118, 38873, 1, 0, 0
88119, 26085, 0, 0, 0
88119, 37594, 1, 0, 0
89120, 28387, 0, 0, 0
89120, 40663, 1, 0, 0
90121, 31968, 0, 0, 0
90121, 49614, 1, 0, 0
91122, 27876, 0, 0, 0
91122, 43988, 1, 0, 0
92124, 27876, 0, 0, 0
92124, 40407, 1, 0, 0
93125, 28131, 0, 0, 0
93125, 43476, 1, 0, 0
94126, 25830, 0, 0, 0
94126, 40919, 1, 0, 0
95127, 23784, 0, 0, 0
95127, 40151, 1, 0, 0
96128, 24807, 0, 0, 0
96128, 37850, 1, 0, 0
97129, 22505, 0, 0, 0
97129, 39640, 1, 0, 0
98130, 25830, 0, 0, 0
98130, 46033, 1, 0, 0
99131, 21738, 0, 0, 0
99131, 40407, 1, 0, 0
100132, 28160, 0, 0, 0
100132, 51456, 1, 0, 0
101133, 21738, 0, 0, 0
101133, 41174, 1, 0, 0
102134, 19180, 0, 0, 0
102134, 41686, 1, 0, 0
103135, 18925, 0, 0, 0
103135, 45010, 1, 0, 0
104135, 20244, 0, 0, 0
104135, 40744, 1, 0, 0
105135, 18450, 0, 0, 0
105135, 43051, 1, 0, 0
106135, 17408, 0, 0, 0
106135, 36608, 1, 0, 0
107135, 17169, 0, 0, 0
107135, 40488, 1, 0, 0
108135, 17169, 0, 0, 0
108135, 38182, 1, 0, 0
109135, 18432, 0, 0, 0
109135, 42496, 1, 0, 0
110135, 19200, 0, 0, 0
110135, 41216, 1, 0, 0
111135, 22528, 0, 0, 0
111135, 45824, 1, 0, 0
112135, 21525, 0, 0, 0
112135, 47663, 1, 0, 0
113135, 20736, 0, 0, 0
113135, 42240, 1, 0, 0
114135, 19731, 0, 0, 0
114135, 42538, 1, 0, 0
115135, 16400, 0, 0, 0
115135, 39719, 1, 0, 0
116135, 19968, 0, 0, 0
116135, 47360, 1, 0, 0
117136, 15872, 0, 0, 0
117136, 40448, 1, 0, 0
118137, 18432, 0, 0, 0
118137, 44288, 1, 0, 0
119138, 18176, 0, 0, 0
119138, 44032, 1, 0, 0
120139, 19692, 0, 0, 0
120139, 45266, 1, 0, 0
121141, 16879, 0, 0, 0
121141, 38361, 1, 0, 0
122142, 16896, 0, 0, 0
122142, 42496, 1, 0, 0
123143, 18176, 0, 0, 0
123143, 37888, 1, 0, 0
124144, 25856, 0, 0, 0
124144, 43776, 1, 0, 0
125145, 23528, 0, 0, 0
125145, 40407, 1, 0, 0
126146, 21482, 0, 0, 0
126146, 35804, 1, 0, 0
127147, 26112, 0, 0, 0
127147, 43264, 1, 0, 0
128148, 25830, 0, 0, 0
128148, 42965, 1, 0, 0
129149, 20203, 0, 0, 0
129149, 36059, 1, 0, 0
130150, 22761, 0, 0, 0
130150, 37850, 1, 0, 0
131151, 22249, 0, 0, 0
131151, 38361, 1, 0, 0
132152, 23040, 0, 0, 0
132152, 40192, 1, 0, 0
133153, 22505, 0, 0, 0
133153, 37338, 1, 0, 0
134154, 23040, 0, 0, 0
134154, 38400, 1, 0, 0
135155, 27876, 0, 0, 0
135155, 45010, 1, 0, 0
136156, 25600, 0, 0, 0
136156, 40448, 1, 0, 0
137157, 30208, 0, 0, 0
137157, 40192, 1, 0, 0
138158, 26085, 0, 0, 0
138158, 41686, 1, 0, 0
139159, 26341, 0, 0, 0
139159, 41942, 1, 0, 0
140160, 24551, 0, 0, 0
140160, 40151, 1, 0, 0
141161, 25318, 0, 0, 0
141161, 38617, 1, 0, 0
142162, 26880, 0, 0, 0
142162, 41472, 1, 0, 0
143163, 24064, 0, 0, 0
143163, 37376, 1, 0, 0
144164, 27648, 0, 0, 0
144164, 40448, 1, 0, 0
145165, 26085, 0, 0, 0
145165, 41942, 1, 0, 0
146166, 28416, 0, 0, 0
146166, 37888, 1, 0, 0
147167, 26341, 0, 0, 0
147167, 39128, 1, 0, 0
148168, 30433, 0, 0, 0
148168, 44243, 1, 0, 0
149169, 29410, 0, 0, 0
149169, 40407, 1, 0, 0
150170, 26880, 0, 0, 0
150170, 38400, 1, 0, 0
151171, 24551, 0, 0, 0
151171, 40151, 1, 0, 0
152172, 23552, 0, 0, 0
152172, 38400, 1, 0, 0
153173, 26853, 0, 0, 0
153173, 40919, 1, 0, 0
154174, 21760, 0, 0, 0
154174, 36864, 1, 0, 0
155175, 26853, 0, 0, 0
155175, 42709, 1, 0, 0
156176, 21248, 0, 0, 0
156176, 35584, 1, 0, 0
157177, 21504, 0, 0, 0
157177, 37120, 1, 0, 0
158178, 24832, 0, 0, 0
158178, 40704, 1, 0, 0
159179, 26112, 0, 0, 0
159179, 44800, 1, 0, 0
160180, 26624, 0, 0, 0
160180, 42496, 1, 0, 0
161181, 24551, 0, 0, 0
161181, 40151, 1, 0, 0
162182, 23808, 0, 0, 0
162182, 40448, 1, 0, 0
163183, 20971, 0, 0, 0
163183, 35548, 1, 0, 0
164184, 19180, 0, 0, 0
164184, 37082, 1, 0, 0
165185, 24039, 0, 0, 0
165185, 37082, 1, 0, 0
166186, 21994, 0, 0, 0
166186, 39128, 1, 0, 0
167187, 22249, 0, 0, 0
167187, 36571, 1, 0, 0
168188, 17408, 0, 0, 0
168188, 29184, 1, 0, 0
169189, 24064, 0, 0, 0
169189, 43520, 1, 0, 0
170190, 22505, 0, 0, 0
170190, 41430, 1, 0, 0
171191, 22272, 0, 0, 0
171191, 40704, 1, 0, 0
172192, 17664, 0, 0, 0
172192, 33536, 1, 0, 0
173193, 18413, 0, 0, 0
173193, 37594, 1, 0, 0
174194, 18413, 0, 0, 0
174194, 38105, 1, 0, 0
175195, 17152, 0, 0, 0
175195, 36352, 1, 0, 0
176196, 16879, 0, 0, 0
176196, 38617, 1, 0, 0
177197, 19180, 0, 0, 0
177197, 41174, 1, 0, 0
178198, 18157, 0, 0, 0
178198, 34781, 1, 0, 0
179199, 20224, 0, 0, 0
179199, 39936, 1, 0, 0
