4002, 3075, 0, 0, 0
4002, 23831, 1, 0, 0
5003, 9462, 0, 0, 0
5003, 24295, 1, 0, 0
6004, 20459, 0, 0, 0
6004, 31712, 1, 0, 0
7006, 22249, 0, 0, 0
7006, 29666, 1, 0, 0
8007, 21738, 0, 0, 0
8007, 30945, 1, 0, 0
9009, 26341, 0, 0, 0
9009, 36571, 1, 0, 0
10011, 19180, 0, 0, 0
10011, 32735, 1, 0, 0
11011, 20756, 0, 0, 0
11011, 35875, 1, 0, 0
12010, 26650, 0, 0, 0
12010, 36644, 1, 0, 0
13011, 29952, 0, 0, 0
13011, 43776, 1, 0, 0
14010, 20756, 0, 0, 0
14010, 37925, 1, 0, 0
15009, 19219, 0, 0, 0
15009, 38950, 1, 0, 0
16009, 19219, 0, 0, 0
16009, 40232, 1, 0, 0
17009, 24344, 0, 0, 0
17009, 44588, 1, 0, 0
18008, 21781, 0, 0, 0
18008, 35363, 1, 0, 0
19009, 25574, 0, 0, 0
19009, 43476, 1, 0, 0
20011, 21482, 0, 0, 0
20011, 35548, 1, 0, 0
21011, 29184, 0, 0, 0
21011, 42240, 1, 0, 0
22011, 35107, 0, 0, 0
22011, 46638, 1, 0, 0
23011, 35072, 0, 0, 0
23011, 43520, 1, 0, 0
24011, 32000, 0, 0, 0
24011, 39936, 1, 0, 0
25010, 33313, 0, 0, 0
25010, 47919, 1, 0, 0
26011, 28416, 0, 0, 0
26011, 42496, 1, 0, 0
27011, 24832, 0, 0, 0
27011, 38400, 1, 0, 0
28011, 32256, 0, 0, 0
28011, 45056, 1, 0, 0
29010, 30750, 0, 0, 0
29010, 46126, 1, 0, 0
30011, 26624, 0, 0, 0
30011, 44800, 1, 0, 0
31011, 31744, 0, 0, 0
31011, 48384, 1, 0, 0
32010, 25369, 0, 0, 0
32010, 41513, 1, 0, 0
33010, 27163, 0, 0, 0
33010, 44844, 1, 0, 0
34011, 24295, 0, 0, 0
34011, 42709, 1, 0, 0
35011, 22272, 0, 0, 0
35011, 41728, 1, 0, 0
36011, 22784, 0, 0, 0
36011, 43776, 1, 0, 0
37011, 21013, 0, 0, 0
37011, 43307, 1, 0, 0
38011, 20224, 0, 0, 0
38011, 47360, 1, 0, 0
39011, 23296, 0, 0, 0
39011, 45312, 1, 0, 0
40011, 25113, 0, 0, 0
40011, 42282, 1, 0, 0
41011, 27136, 0, 0, 0
41011, 42496, 1, 0, 0
42011, 29696, 0, 0, 0
42011, 52736, 1, 0, 0
43011, 23063, 0, 0, 0
43011, 42026, 1, 0, 0
44011, 19968, 0, 0, 0
44011, 40448, 1, 0, 0
45011, 25881, 0, 0, 0
45011, 49201, 1, 0, 0
46011, 19200, 0, 0, 0
46011, 42752, 1, 0, 0
47011, 18944, 0, 0, 0
47011, 43008, 1, 0, 0
48011, 16656, 0, 0, 0
48011, 33569, 1, 0, 0
49011, 24832, 0, 0, 0
49011, 40192, 1, 0, 0
50011, 27136, 0, 0, 0
50011, 45056, 1, 0, 0
51011, 30976, 0, 0, 0
51011, 50176, 1, 0, 0
52010, 26650, 0, 0, 0
52010, 40232, 1, 0, 0
53010, 31744, 0, 0, 0
53010, 49920, 1, 0, 0
54010, 24320, 0, 0, 0
54010, 42752, 1, 0, 0
55011, 25856, 0, 0, 0
55011, 43776, 1, 0, 0
56011, 24832, 0, 0, 0
56011, 42496, 1, 0, 0
57011, 27392, 0, 0, 0
57011, 42752, 1, 0, 0
58011, 26880, 0, 0, 0
58011, 41984, 1, 0, 0
59011, 28672, 0, 0, 0
59011, 47360, 1, 0, 0
60011, 28700, 0, 0, 0
60011, 42538, 1, 0, 0
61011, 26368, 0, 0, 0
61011, 43776, 1, 0, 0
62011, 24320, 0, 0, 0
62011, 40704, 1, 0, 0
63011, 30464, 0, 0, 0
63011, 44032, 1, 0, 0
64011, 28160, 0, 0, 0
64011, 43008, 1, 0, 0
65011, 29184, 0, 0, 0
65011, 42752, 1, 0, 0
66011, 31744, 0, 0, 0
66011, 43520, 1, 0, 0
67010, 37413, 0, 0, 0
67010, 50482, 1, 0, 0
68010, 30750, 0, 0, 0
68010, 42282, 1, 0, 0
69010, 31488, 0, 0, 0
69010, 43264, 1, 0, 0
70010, 29184, 0, 0, 0
70010, 43776, 1, 0, 0
71011, 28672, 0, 0, 0
71011, 40960, 1, 0, 0
72011, 29184, 0, 0, 0
72011, 49664, 1, 0, 0
73011, 26880, 0, 0, 0
73011, 39424, 1, 0, 0
74011, 25344, 0, 0, 0
74011, 42752, 1, 0, 0
75011, 26138, 0, 0, 0
75011, 42794, 1, 0, 0
76011, 22806, 0, 0, 0
76011, 35619, 1, 0, 0
77011, 24600, 0, 0, 0
77011, 39207, 1, 0, 0
78011, 25088, 0, 0, 0
78011, 41472, 1, 0, 0
79011, 25625, 0, 0, 0
79011, 45357, 1, 0, 0
80011, 23552, 0, 0, 0
80011, 36096, 1, 0, 0
81011, 30464, 0, 0, 0
81011, 45568, 1, 0, 0
82011, 33024, 0, 0, 0
82011, 46592, 1, 0, 0
83011, 28416, 0, 0, 0
83011, 43264, 1, 0, 0
84011, 28672, 0, 0, 0
84011, 46336, 1, 0, 0
85011, 32512, 0, 0, 0
85011, 39936, 1, 0, 0
86011, 31232, 0, 0, 0
86011, 44800, 1, 0, 0
87011, 28160, 0, 0, 0
87011, 42752, 1, 0, 0
88011, 24832, 0, 0, 0
88011, 38912, 1, 0, 0
89011, 26880, 0, 0, 0
89011, 41216, 1, 0, 0
90011, 33024, 0, 0, 0
90011, 47360, 1, 0, 0
91010, 24600, 0, 0, 0
91010, 42026, 1, 0, 0
92011, 24320, 0, 0, 0
92011, 35328, 1, 0, 0
93011, 29184, 0, 0, 0
93011, 46848, 1, 0, 0
94011, 26368, 0, 0, 0
94011, 45312, 1, 0, 0
95011, 23319, 0, 0, 0
95011, 37925, 1, 0, 0
96011, 25600, 0, 0, 0
96011, 40704, 1, 0, 0
97011, 24320, 0, 0, 0
97011, 36608, 1, 0, 0
98011, 28160, 0, 0, 0
98011, 43520, 1, 0, 0
99011, 26368, 0, 0, 0
99011, 43264, 1, 0, 0
100011, 27419, 0, 0, 0
100011, 45613, 1, 0, 0
101011, 26880, 0, 0, 0
101011, 43264, 1, 0, 0
102010, 22038, 0, 0, 0
102010, 37925, 1, 0, 0
103010, 24576, 0, 0, 0
103010, 43520, 1, 0, 0
104010, 24600, 0, 0, 0
104010, 37413, 1, 0, 0
105010, 26906, 0, 0, 0
105010, 40744, 1, 0, 0
106010, 25369, 0, 0, 0
106010, 41513, 1, 0, 0
107010, 23808, 0, 0, 0
107010, 36352, 1, 0, 0
108010, 27419, 0, 0, 0
108010, 41513, 1, 0, 0
109010, 27163, 0, 0, 0
109010, 41513, 1, 0, 0
110010, 28444, 0, 0, 0
110010, 40232, 1, 0, 0
111010, 28416, 0, 0, 0
111010, 39424, 1, 0, 0
112010, 24576, 0, 0, 0
112010, 36864, 1, 0, 0
113010, 26138, 0, 0, 0
113010, 37669, 1, 0, 0
114010, 21760, 0, 0, 0
114010, 36864, 1, 0, 0
115010, 26394, 0, 0, 0
115010, 41257, 1, 0, 0
116011, 27904, 0, 0, 0
116011, 41216, 1, 0, 0
117011, 25369, 0, 0, 0
117011, 40744, 1, 0, 0
118011, 25369, 0, 0, 0
118011, 36132, 1, 0, 0
119011, 23319, 0, 0, 0
119011, 35875, 1, 0, 0
120011, 23296, 0, 0, 0
120011, 35584, 1, 0, 0
121011, 27648, 0, 0, 0
121011, 43520, 1, 0, 0
122011, 24344, 0, 0, 0
122011, 36388, 1, 0, 0
123011, 24856, 0, 0, 0
123011, 39463, 1, 0, 0
124010, 24856, 0, 0, 0
124010, 38950, 1, 0, 0
125010, 22528, 0, 0, 0
125010, 39680, 1, 0, 0
126010, 23831, 0, 0, 0
126010, 42282, 1, 0, 0
127011, 23552, 0, 0, 0
127011, 39424, 1, 0, 0
128010, 20756, 0, 0, 0
128010, 33825, 1, 0, 0
129011, 23808, 0, 0, 0
129011, 41216, 1, 0, 0
130011, 20736, 0, 0, 0
130011, 37888, 1, 0, 0
131011, 20224, 0, 0, 0
131011, 38400, 1, 0, 0
132011, 26138, 0, 0, 0
132011, 45869, 1, 0, 0
133011, 23063, 0, 0, 0
133011, 43563, 1, 0, 0
134011, 24320, 0, 0, 0
134011, 39936, 1, 0, 0
135011, 16896, 0, 0, 0
135011, 34048, 1, 0, 0
136011, 22272, 0, 0, 0
136011, 40704, 1, 0, 0
137011, 20756, 0, 0, 0
137011, 38950, 1, 0, 0
138011, 19475, 0, 0, 0
138011, 39719, 1, 0, 0
139011, 20224, 0, 0, 0
139011, 39168, 1, 0, 0
140011, 20244, 0, 0, 0
140011, 39463, 1, 0, 0
141011, 21760, 0, 0, 0
141011, 42752, 1, 0, 0
142011, 18432, 0, 0, 0
142011, 35840, 1, 0, 0
143011, 17937, 0, 0, 0
143011, 35107, 1, 0, 0
144011, 18194, 0, 0, 0
144011, 33313, 1, 0, 0
145011, 20992, 0, 0, 0
145011, 40192, 1, 0, 0
146011, 22272, 0, 0, 0
146011, 38656, 1, 0, 0
147011, 22272, 0, 0, 0
147011, 38656, 1, 0, 0
148011, 20224, 0, 0, 0
148011, 34816, 1, 0, 0
149011, 21248, 0, 0, 0
149011, 37632, 1, 0, 0
150011, 27648, 0, 0, 0
150011, 43008, 1, 0, 0
151010, 27419, 0, 0, 0
151010, 44076, 1, 0, 0
152010, 25088, 0, 0, 0
152010, 36608, 1, 0, 0
153011, 23808, 0, 0, 0
153011, 38144, 1, 0, 0
154010, 25113, 0, 0, 0
154010, 34850, 1, 0, 0
155011, 24064, 0, 0, 0
155011, 35328, 1, 0, 0
156010, 24856, 0, 0, 0
156010, 37925, 1, 0, 0
157010, 22806, 0, 0, 0
157010, 36644, 1, 0, 0
158010, 24856, 0, 0, 0
158010, 38950, 1, 0, 0
159011, 24064, 0, 0, 0
159011, 36864, 1, 0, 0
160011, 28188, 0, 0, 0
160011, 45101, 1, 0, 0
161011, 24088, 0, 0, 0
161011, 40232, 1, 0, 0
162011, 23040, 0, 0, 0
162011, 37888, 1, 0, 0
163011, 23063, 0, 0, 0
163011, 38438, 1, 0, 0
164011, 20992, 0, 0, 0
164011, 37376, 1, 0, 0
165011, 20756, 0, 0, 0
165011, 34338, 1, 0, 0
166010, 22038, 0, 0, 0
166010, 37413, 1, 0, 0
167010, 24064, 0, 0, 0
167010, 42752, 1, 0, 0
168010, 19475, 0, 0, 0
168010, 36644, 1, 0, 0
169012, 17646, 0, 0, 0
169012, 31712, 1, 0, 0
170011, 19219, 0, 0, 0
170011, 37925, 1, 0, 0
171011, 20992, 0, 0, 0
171011, 41216, 1, 0, 0
172011, 17425, 0, 0, 0
172011, 37669, 1, 0, 0
173011, 19987, 0, 0, 0
173011, 44332, 1, 0, 0
174011, 17664, 0, 0, 0
174011, 41216, 1, 0, 0
175011, 13581, 0, 0, 0
175011, 35875, 1, 0, 0
176011, 14862, 0, 0, 0
176011, 38950, 1, 0, 0
177011, 14592, 0, 0, 0
177011, 41472, 1, 0, 0
178011, 15872, 0, 0, 0
178011, 39168, 1, 0, 0
179011, 15360, 0, 0, 0
179011, 34304, 1, 0, 0
