4003, 2816, 0, 0, 0
4003, 21248, 1, 0, 0
5004, 14833, 0, 0, 0
5004, 28643, 1, 0, 0
6006, 11252, 0, 0, 0
6006, 32735, 1, 0, 0
7008, 18925, 0, 0, 0
7008, 37594, 1, 0, 0
8009, 23528, 0, 0, 0
8009, 38361, 1, 0, 0
9011, 19948, 0, 0, 0
9011, 37082, 1, 0, 0
10012, 24295, 0, 0, 0
10012, 35548, 1, 0, 0
11014, 24807, 0, 0, 0
11014, 37594, 1, 0, 0
12016, 20203, 0, 0, 0
12016, 39384, 1, 0, 0
13017, 25062, 0, 0, 0
13017, 36315, 1, 0, 0
14019, 29666, 0, 0, 0
14019, 38105, 1, 0, 0
15020, 28131, 0, 0, 0
15020, 40151, 1, 0, 0
16022, 25062, 0, 0, 0
16022, 39896, 1, 0, 0
17023, 24295, 0, 0, 0
17023, 38361, 1, 0, 0
18025, 26085, 0, 0, 0
18025, 38361, 1, 0, 0
19026, 21226, 0, 0, 0
19026, 35804, 1, 0, 0
20027, 19948, 0, 0, 0
20027, 33502, 1, 0, 0
21029, 24039, 0, 0, 0
21029, 46801, 1, 0, 0
22030, 20459, 0, 0, 0
22030, 36827, 1, 0, 0
23032, 18925, 0, 0, 0
23032, 34269, 1, 0, 0
24033, 21994, 0, 0, 0
24033, 37850, 1, 0, 0
25034, 25574, 0, 0, 0
25034, 35292, 1, 0, 0
26035, 23528, 0, 0, 0
26035, 34269, 1, 0, 0
27037, 27876, 0, 0, 0
27037, 39128, 1, 0, 0
28038, 24039, 0, 0, 0
28038, 34269, 1, 0, 0
29039, 25574, 0, 0, 0
29039, 32735, 1, 0, 0
30041, 27108, 0, 0, 0
30041, 37338, 1, 0, 0
31042, 30433, 0, 0, 0
31042, 41686, 1, 0, 0
32043, 34525, 0, 0, 0
32043, 39640, 1, 0, 0
33044, 26085, 0, 0, 0
33044, 32991, 1, 0, 0
34046, 31712, 0, 0, 0
34046, 39384, 1, 0, 0
35047, 28131, 0, 0, 0
35047, 33502, 1, 0, 0
36048, 29410, 0, 0, 0
36048, 40151, 1, 0, 0
37049, 27364, 0, 0, 0
37049, 40407, 1, 0, 0
38051, 22505, 0, 0, 0
38051, 35548, 1, 0, 0
39052, 22249, 0, 0, 0
39052, 38105, 1, 0, 0
40053, 21994, 0, 0, 0
40053, 41686, 1, 0, 0
41055, 19692, 0, 0, 0
41055, 39896, 1, 0, 0
42056, 20203, 0, 0, 0
42056, 40919, 1, 0, 0
43057, 19692, 0, 0, 0
43057, 37082, 1, 0, 0
44059, 18925, 0, 0, 0
44059, 36315, 1, 0, 0
45060, 23528, 0, 0, 0
45060, 42453, 1, 0, 0
46062, 16879, 0, 0, 0
46062, 37850, 1, 0, 0
47063, 18925, 0, 0, 0
47063, 34269, 1, 0, 0
48064, 19456, 0, 0, 0
48064, 34048, 1, 0, 0
49065, 25318, 0, 0, 0
49065, 40407, 1, 0, 0
50066, 27364, 0, 0, 0
50066, 39384, 1, 0, 0
51067, 31456, 0, 0, 0
51067, 48079, 1, 0, 0
52068, 28899, 0, 0, 0
52068, 37850, 1, 0, 0
53069, 29666, 0, 0, 0
53069, 41430, 1, 0, 0
54070, 30177, 0, 0, 0
54070, 45266, 1, 0, 0
55071, 31456, 0, 0, 0
55071, 43988, 1, 0, 0
56073, 31456, 0, 0, 0
56073, 43476, 1, 0, 0
57074, 34013, 0, 0, 0
57074, 45522, 1, 0, 0
58075, 30177, 0, 0, 0
58075, 41942, 1, 0, 0
59076, 41174, 0, 0, 0
59076, 46545, 1, 0, 0
60077, 31968, 0, 0, 0
60077, 42197, 1, 0, 0
61078, 33502, 0, 0, 0
61079, 38617, 1, 0, 0
62080, 32991, 0, 0, 0
62080, 43476, 1, 0, 0
63081, 28643, 0, 0, 0
63081, 36315, 1, 0, 0
64082, 36571, 0, 0, 0
64082, 47568, 1, 0, 0
65083, 32479, 0, 0, 0
65083, 36315, 1, 0, 0
66084, 34269, 0, 0, 0
66084, 42965, 1, 0, 0
67085, 27620, 0, 0, 0
67085, 37082, 1, 0, 0
68086, 34304, 0, 0, 0
68086, 38144, 1, 0, 0
69087, 32479, 0, 0, 0
69087, 41942, 1, 0, 0
70088, 30945, 0, 0, 0
70088, 42453, 1, 0, 0
71089, 31968, 0, 0, 0
71089, 41942, 1, 0, 0
72091, 32223, 0, 0, 0
72091, 43732, 1, 0, 0
73092, 29666, 0, 0, 0
73092, 41174, 1, 0, 0
74093, 29666, 0, 0, 0
74093, 42453, 1, 0, 0
75094, 34816, 0, 0, 0
75094, 48640, 1, 0, 0
76095, 32479, 0, 0, 0
76095, 44243, 1, 0, 0
77096, 29952, 0, 0, 0
77096, 43776, 1, 0, 0
78097, 24295, 0, 0, 0
78097, 40919, 1, 0, 0
79097, 29440, 0, 0, 0
79097, 43776, 1, 0, 0
80098, 29154, 0, 0, 0
80098, 43476, 1, 0, 0
81099, 27108, 0, 0, 0
81099, 40919, 1, 0, 0
82101, 26085, 0, 0, 0
82101, 42197, 1, 0, 0
83102, 24551, 0, 0, 0
83102, 38105, 1, 0, 0
84103, 26368, 0, 0, 0
84103, 41728, 1, 0, 0
85104, 25574, 0, 0, 0
85104, 42965, 1, 0, 0
86105, 25574, 0, 0, 0
86105, 41174, 1, 0, 0
87106, 28899, 0, 0, 0
87106, 45010, 1, 0, 0
88107, 31456, 0, 0, 0
88107, 46289, 1, 0, 0
89108, 30945, 0, 0, 0
89108, 49102, 1, 0, 0
90109, 27620, 0, 0, 0
90109, 45266, 1, 0, 0
91110, 27108, 0, 0, 0
91110, 46289, 1, 0, 0
92112, 30689, 0, 0, 0
92112, 49870, 1, 0, 0
93113, 25574, 0, 0, 0
93113, 40151, 1, 0, 0
94114, 30433, 0, 0, 0
94114, 47568, 1, 0, 0
95115, 27876, 0, 0, 0
95115, 46289, 1, 0, 0
96116, 23784, 0, 0, 0
96116, 42453, 1, 0, 0
97117, 22505, 0, 0, 0
97117, 40151, 1, 0, 0
98118, 24551, 0, 0, 0
98118, 44243, 1, 0, 0
99119, 27108, 0, 0, 0
99119, 46545, 1, 0, 0
100120, 26112, 0, 0, 0
100120, 42240, 1, 0, 0
101121, 25318, 0, 0, 0
101121, 40919, 1, 0, 0
102122, 28899, 0, 0, 0
102122, 41686, 1, 0, 0
103123, 28643, 0, 0, 0
103123, 43476, 1, 0, 0
104124, 34525, 0, 0, 0
104124, 49870, 1, 0, 0
105125, 28672, 0, 0, 0
105125, 42752, 1, 0, 0
106126, 26597, 0, 0, 0
106126, 39384, 1, 0, 0
107127, 24064, 0, 0, 0
107127, 38144, 1, 0, 0
108128, 27392, 0, 0, 0
108128, 42752, 1, 0, 0
109129, 28672, 0, 0, 0
109129, 44800, 1, 0, 0
110131, 28614, 0, 0, 0
110131, 40111, 1, 0, 0
111132, 29410, 0, 0, 0
111132, 40151, 1, 0, 0
112133, 25600, 0, 0, 0
112133, 36352, 1, 0, 0
113134, 23784, 0, 0, 0
113134, 39896, 1, 0, 0
114135, 26624, 0, 0, 0
114135, 37632, 1, 0, 0
115136, 23296, 0, 0, 0
115136, 38400, 1, 0, 0
116137, 24320, 0, 0, 0
116137, 37120, 1, 0, 0
117138, 24832, 0, 0, 0
117138, 39936, 1, 0, 0
118139, 23552, 0, 0, 0
118139, 40448, 1, 0, 0
119139, 23575, 0, 0, 0
119139, 38438, 1, 0, 0
120139, 26112, 0, 0, 0
120139, 40448, 1, 0, 0
121139, 27904, 0, 0, 0
121139, 41984, 1, 0, 0
122139, 26112, 0, 0, 0
122139, 44288, 1, 0, 0
123139, 28956, 0, 0, 0
123139, 44332, 1, 0, 0
124139, 25881, 0, 0, 0
124139, 39719, 1, 0, 0
125140, 28643, 0, 0, 0
125140, 38873, 1, 0, 0
126141, 26853, 0, 0, 0
126141, 37338, 1, 0, 0
127142, 28643, 0, 0, 0
127142, 41430, 1, 0, 0
128143, 28672, 0, 0, 0
128143, 41216, 1, 0, 0
129144, 27364, 0, 0, 0
129144, 37850, 1, 0, 0
130146, 24551, 0, 0, 0
130146, 38617, 1, 0, 0
131147, 26597, 0, 0, 0
131147, 40663, 1, 0, 0
132147, 26368, 0, 0, 0
132147, 39424, 1, 0, 0
133149, 21738, 0, 0, 0
133149, 36827, 1, 0, 0
134150, 26880, 0, 0, 0
134150, 37888, 1, 0, 0
135151, 21994, 0, 0, 0
135151, 34013, 1, 0, 0
136152, 26085, 0, 0, 0
136152, 39640, 1, 0, 0
137153, 23552, 0, 0, 0
137153, 38656, 1, 0, 0
138154, 23808, 0, 0, 0
138154, 35840, 1, 0, 0
139155, 21994, 0, 0, 0
139155, 36571, 1, 0, 0
140156, 20459, 0, 0, 0
140156, 34269, 1, 0, 0
141157, 26853, 0, 0, 0
141157, 45010, 1, 0, 0
142158, 21760, 0, 0, 0
142158, 36352, 1, 0, 0
143159, 23296, 0, 0, 0
143159, 39680, 1, 0, 0
144160, 20480, 0, 0, 0
144160, 34304, 1, 0, 0
145161, 24551, 0, 0, 0
145161, 42709, 1, 0, 0
146162, 26880, 0, 0, 0
146162, 37888, 1, 0, 0
147163, 24551, 0, 0, 0
147163, 34525, 1, 0, 0
148164, 23784, 0, 0, 0
148164, 36059, 1, 0, 0
149165, 23784, 0, 0, 0
149165, 34269, 1, 0, 0
150166, 29184, 0, 0, 0
150166, 40704, 1, 0, 0
151167, 24064, 0, 0, 0
151167, 36352, 1, 0, 0
152168, 26624, 0, 0, 0
152168, 40192, 1, 0, 0
153169, 25062, 0, 0, 0
153169, 32991, 1, 0, 0
154170, 25856, 0, 0, 0
154170, 38912, 1, 0, 0
155171, 22761, 0, 0, 0
155171, 34781, 1, 0, 0
156172, 26624, 0, 0, 0
156172, 40960, 1, 0, 0
157173, 28928, 0, 0, 0
157173, 40960, 1, 0, 0
158174, 29696, 0, 0, 0
158174, 40448, 1, 0, 0
159175, 30464, 0, 0, 0
159175, 39680, 1, 0, 0
160176, 37632, 0, 0, 0
160176, 47616, 1, 0, 0
161177, 33502, 0, 0, 0
161177, 41174, 1, 0, 0
162178, 37888, 0, 0, 0
162178, 45312, 1, 0, 0
163179, 30689, 0, 0, 0
163179, 36059, 1, 0, 0
164180, 29922, 0, 0, 0
164180, 42197, 1, 0, 0
165181, 31200, 0, 0, 0
165181, 35548, 1, 0, 0
166182, 32991, 0, 0, 0
166182, 40151, 1, 0, 0
167183, 36571, 0, 0, 0
167183, 43220, 1, 0, 0
168184, 35328, 0, 0, 0
168184, 42240, 1, 0, 0
169185, 30720, 0, 0, 0
169185, 41472, 1, 0, 0
170186, 27364, 0, 0, 0
170186, 38361, 1, 0, 0
171187, 26597, 0, 0, 0
171187, 35804, 1, 0, 0
172188, 31744, 0, 0, 0
172188, 46592, 1, 0, 0
173189, 34013, 0, 0, 0
173189, 42197, 1, 0, 0
174190, 22761, 0, 0, 0
174190, 33758, 1, 0, 0
175191, 26880, 0, 0, 0
175191, 38400, 1, 0, 0
176192, 27364, 0, 0, 0
176192, 39384, 1, 0, 0
177193, 29922, 0, 0, 0
177193, 41942, 1, 0, 0
178194, 26085, 0, 0, 0
178194, 39128, 1, 0, 0
179195, 24576, 0, 0, 0
179195, 36864, 1, 0, 0
