4000, 768, 0, 0, 0
4000, 16912, 1, 0, 0
4999, 12044, 0, 0, 0
4999, 24344, 1, 0, 0
5999, 13837, 0, 0, 0
5999, 28188, 1, 0, 0
6998, 18450, 0, 0, 0
6998, 29981, 1, 0, 0
8000, 12275, 0, 0, 0
8000, 30177, 1, 0, 0
9002, 16367, 0, 0, 0
9002, 29922, 1, 0, 0
10003, 17902, 0, 0, 0
10003, 34525, 1, 0, 0
11005, 17902, 0, 0, 0
11005, 32735, 1, 0, 0
12007, 11764, 0, 0, 0
12007, 29666, 1, 0, 0
13008, 15856, 0, 0, 0
13008, 30945, 1, 0, 0
14010, 14065, 0, 0, 0
14010, 26853, 1, 0, 0
15011, 18157, 0, 0, 0
15011, 34269, 1, 0, 0
16013, 15088, 0, 0, 0
16013, 31968, 1, 0, 0
17014, 16623, 0, 0, 0
17014, 32991, 1, 0, 0
18015, 14577, 0, 0, 0
18015, 31968, 1, 0, 0
19017, 13554, 0, 0, 0
19017, 30177, 1, 0, 0
20018, 13042, 0, 0, 0
20018, 36059, 1, 0, 0
21020, 13554, 0, 0, 0
21020, 32479, 1, 0, 0
22021, 15600, 0, 0, 0
22021, 30433, 1, 0, 0
23022, 19436, 0, 0, 0
23022, 35036, 1, 0, 0
24024, 17134, 0, 0, 0
24024, 31200, 1, 0, 0
25025, 16367, 0, 0, 0
25025, 34525, 1, 0, 0
26026, 19692, 0, 0, 0
26026, 33758, 1, 0, 0
27027, 18925, 0, 0, 0
27027, 34013, 1, 0, 0
28029, 19692, 0, 0, 0
28029, 36827, 1, 0, 0
29030, 19948, 0, 0, 0
29030, 36571, 1, 0, 0
30031, 19436, 0, 0, 0
30031, 31712, 1, 0, 0
31033, 20971, 0, 0, 0
31033, 35036, 1, 0, 0
32034, 23528, 0, 0, 0
32034, 35292, 1, 0, 0
33035, 22249, 0, 0, 0
33035, 35036, 1, 0, 0
34036, 19948, 0, 0, 0
34036, 32991, 1, 0, 0
35038, 26085, 0, 0, 0
35038, 39896, 1, 0, 0
36039, 19692, 0, 0, 0
36039, 32223, 1, 0, 0
37040, 19692, 0, 0, 0
37040, 30945, 1, 0, 0
38041, 18157, 0, 0, 0
38041, 32991, 1, 0, 0
39043, 19180, 0, 0, 0
39043, 33758, 1, 0, 0
40044, 16879, 0, 0, 0
40044, 31968, 1, 0, 0
41046, 19436, 0, 0, 0
41046, 37594, 1, 0, 0
42047, 18925, 0, 0, 0
42047, 31712, 1, 0, 0
43048, 18413, 0, 0, 0
43048, 32735, 1, 0, 0
44050, 18413, 0, 0, 0
44050, 27620, 1, 0, 0
45051, 19436, 0, 0, 0
45051, 33246, 1, 0, 0
46053, 20459, 0, 0, 0
46053, 34269, 1, 0, 0
47066, 20743, 0, 0, 0
47066, 31620, 1, 0, 0
48067, 17390, 0, 0, 0
48067, 29666, 1, 0, 0
49068, 25062, 0, 0, 0
49068, 36315, 1, 0, 0
50069, 23272, 0, 0, 0
50069, 37082, 1, 0, 0
51070, 24295, 0, 0, 0
51070, 37850, 1, 0, 0
52071, 23272, 0, 0, 0
52071, 33246, 1, 0, 0
53072, 17408, 0, 0, 0
53072, 30720, 1, 0, 0
54073, 20459, 0, 0, 0
54073, 35548, 1, 0, 0
55074, 19436, 0, 0, 0
55074, 32479, 1, 0, 0
56076, 19436, 0, 0, 0
56076, 36571, 1, 0, 0
57077, 14833, 0, 0, 0
57077, 30433, 1, 0, 0
58078, 15088, 0, 0, 0
58078, 35804, 1, 0, 0
59079, 16111, 0, 0, 0
59079, 32991, 1, 0, 0
60080, 13554, 0, 0, 0
60080, 35292, 1, 0, 0
61081, 15600, 0, 0, 0
61081, 33246, 1, 0, 0
62082, 14321, 0, 0, 0
62082, 31456, 1, 0, 0
63084, 14833, 0, 0, 0
63084, 33246, 1, 0, 0
64085, 17902, 0, 0, 0
64085, 39384, 1, 0, 0
65086, 16367, 0, 0, 0
65086, 34781, 1, 0, 0
66087, 14065, 0, 0, 0
66087, 30945, 1, 0, 0
67088, 15856, 0, 0, 0
67088, 31200, 1, 0, 0
68089, 16640, 0, 0, 0
68089, 35840, 1, 0, 0
69090, 17134, 0, 0, 0
69090, 34781, 1, 0, 0
70091, 17390, 0, 0, 0
70091, 31968, 1, 0, 0
71092, 24295, 0, 0, 0
71092, 39128, 1, 0, 0
72093, 21226, 0, 0, 0
72093, 35036, 1, 0, 0
73094, 21482, 0, 0, 0
73094, 34781, 1, 0, 0
74096, 30177, 0, 0, 0
74096, 44243, 1, 0, 0
75097, 24576, 0, 0, 0
75097, 39168, 1, 0, 0
76098, 24832, 0, 0, 0
76098, 39936, 1, 0, 0
77098, 22272, 0, 0, 0
77098, 38144, 1, 0, 0
78100, 20459, 0, 0, 0
78100, 33758, 1, 0, 0
79100, 19200, 0, 0, 0
79100, 36864, 1, 0, 0
80101, 19436, 0, 0, 0
80101, 34269, 1, 0, 0
81102, 19948, 0, 0, 0
81102, 38873, 1, 0, 0
82103, 18413, 0, 0, 0
82103, 36059, 1, 0, 0
83105, 14065, 0, 0, 0
83105, 32991, 1, 0, 0
84106, 13312, 0, 0, 0
84106, 32768, 1, 0, 0
85107, 16879, 0, 0, 0
85107, 39896, 1, 0, 0
86108, 16367, 0, 0, 0
86108, 37082, 1, 0, 0
87109, 15600, 0, 0, 0
87109, 32735, 1, 0, 0
88110, 20203, 0, 0, 0
88110, 35804, 1, 0, 0
89111, 23016, 0, 0, 0
89111, 41174, 1, 0, 0
90112, 18669, 0, 0, 0
90112, 35292, 1, 0, 0
91113, 20203, 0, 0, 0
91113, 36059, 1, 0, 0
92115, 20715, 0, 0, 0
92115, 41686, 1, 0, 0
93116, 17134, 0, 0, 0
93116, 34525, 1, 0, 0
94117, 17902, 0, 0, 0
94117, 36571, 1, 0, 0
95118, 20203, 0, 0, 0
95118, 39128, 1, 0, 0
96119, 17134, 0, 0, 0
96119, 31200, 1, 0, 0
97120, 20715, 0, 0, 0
97120, 37082, 1, 0, 0
98121, 19436, 0, 0, 0
98121, 35292, 1, 0, 0
99122, 19180, 0, 0, 0
99122, 36827, 1, 0, 0
100123, 21504, 0, 0, 0
100123, 37376, 1, 0, 0
101124, 20459, 0, 0, 0
101124, 37594, 1, 0, 0
102125, 24039, 0, 0, 0
102125, 39128, 1, 0, 0
103126, 23016, 0, 0, 0
103126, 38873, 1, 0, 0
104126, 24856, 0, 0, 0
104126, 41513, 1, 0, 0
105126, 25113, 0, 0, 0
105126, 37669, 1, 0, 0
106126, 23808, 0, 0, 0
106126, 38656, 1, 0, 0
107126, 25625, 0, 0, 0
107126, 35875, 1, 0, 0
108126, 18706, 0, 0, 0
108126, 27419, 1, 0, 0
109126, 24832, 0, 0, 0
109126, 37120, 1, 0, 0
110126, 24320, 0, 0, 0
110126, 37376, 1, 0, 0
111126, 22016, 0, 0, 0
111126, 37376, 1, 0, 0
112126, 23063, 0, 0, 0
112126, 39975, 1, 0, 0
113126, 19712, 0, 0, 0
113126, 34560, 1, 0, 0
114126, 21781, 0, 0, 0
114126, 35363, 1, 0, 0
115126, 21269, 0, 0, 0
115126, 36132, 1, 0, 0
116126, 22016, 0, 0, 0
116126, 36608, 1, 0, 0
117127, 20736, 0, 0, 0
117127, 34816, 1, 0, 0
118128, 24320, 0, 0, 0
118128, 35328, 1, 0, 0
119129, 22528, 0, 0, 0
119129, 35584, 1, 0, 0
120130, 24807, 0, 0, 0
120130, 38873, 1, 0, 0
121131, 24295, 0, 0, 0
121131, 35804, 1, 0, 0
122132, 25344, 0, 0, 0
122132, 36864, 1, 0, 0
123133, 23296, 0, 0, 0
123133, 35328, 1, 0, 0
124134, 25088, 0, 0, 0
124134, 35328, 1, 0, 0
125135, 24295, 0, 0, 0
125135, 35548, 1, 0, 0
126136, 25830, 0, 0, 0
126136, 38873, 1, 0, 0
127137, 24320, 0, 0, 0
127137, 35584, 1, 0, 0
128138, 24807, 0, 0, 0
128138, 35804, 1, 0, 0
129139, 21226, 0, 0, 0
129139, 34269, 1, 0, 0
130140, 27364, 0, 0, 0
130140, 37338, 1, 0, 0
131141, 25062, 0, 0, 0
131141, 36315, 1, 0, 0
132142, 23552, 0, 0, 0
132142, 37632, 1, 0, 0
133143, 24807, 0, 0, 0
133143, 34781, 1, 0, 0
134144, 24320, 0, 0, 0
134144, 37376, 1, 0, 0
135146, 23528, 0, 0, 0
135146, 37082, 1, 0, 0
136147, 21760, 0, 0, 0
136147, 33536, 1, 0, 0
137148, 23552, 0, 0, 0
137148, 39424, 1, 0, 0
138149, 20715, 0, 0, 0
138149, 37338, 1, 0, 0
139150, 23784, 0, 0, 0
139150, 38361, 1, 0, 0
140151, 21738, 0, 0, 0
140151, 35036, 1, 0, 0
141152, 26085, 0, 0, 0
141152, 42709, 1, 0, 0
142153, 23552, 0, 0, 0
142153, 36864, 1, 0, 0
143154, 24064, 0, 0, 0
143154, 36096, 1, 0, 0
144155, 28928, 0, 0, 0
144155, 41984, 1, 0, 0
145156, 23016, 0, 0, 0
145156, 36315, 1, 0, 0
146157, 24576, 0, 0, 0
146157, 38144, 1, 0, 0
147158, 24551, 0, 0, 0
147158, 37850, 1, 0, 0
148159, 22505, 0, 0, 0
148159, 38361, 1, 0, 0
149160, 21738, 0, 0, 0
149160, 34781, 1, 0, 0
150161, 23296, 0, 0, 0
150161, 38144, 1, 0, 0
151162, 22761, 0, 0, 0
151162, 40663, 1, 0, 0
152163, 20480, 0, 0, 0
152163, 34048, 1, 0, 0
153164, 17134, 0, 0, 0
153164, 34013, 1, 0, 0
154165, 23552, 0, 0, 0
154165, 41728, 1, 0, 0
155166, 20971, 0, 0, 0
155166, 39640, 1, 0, 0
156167, 21504, 0, 0, 0
156167, 35584, 1, 0, 0
157168, 22784, 0, 0, 0
157168, 37888, 1, 0, 0
158169, 19968, 0, 0, 0
158169, 34048, 1, 0, 0
159170, 19200, 0, 0, 0
159170, 34816, 1, 0, 0
160171, 23296, 0, 0, 0
160171, 41216, 1, 0, 0
161172, 20715, 0, 0, 0
161172, 40407, 1, 0, 0
162173, 20736, 0, 0, 0
162173, 38144, 1, 0, 0
163174, 19436, 0, 0, 0
163174, 36827, 1, 0, 0
164175, 20459, 0, 0, 0
164175, 40151, 1, 0, 0
165176, 18925, 0, 0, 0
165176, 36571, 1, 0, 0
166177, 21994, 0, 0, 0
166177, 41686, 1, 0, 0
167178, 18157, 0, 0, 0
167178, 38105, 1, 0, 0
168179, 15872, 0, 0, 0
168179, 34048, 1, 0, 0
169180, 19968, 0, 0, 0
169180, 43776, 1, 0, 0
170181, 19436, 0, 0, 0
170181, 39896, 1, 0, 0
171182, 19200, 0, 0, 0
171182, 44288, 1, 0, 0
172183, 18176, 0, 0, 0
172183, 39168, 1, 0, 0
173184, 16879, 0, 0, 0
173184, 38105, 1, 0, 0
174185, 17390, 0, 0, 0
174185, 38617, 1, 0, 0
175186, 19968, 0, 0, 0
175186, 40448, 1, 0, 0
176187, 19692, 0, 0, 0
176187, 38361, 1, 0, 0
177188, 18925, 0, 0, 0
177188, 40663, 1, 0, 0
178189, 17390, 0, 0, 0
178189, 41942, 1, 0, 0
179190, 17152, 0, 0, 0
179190, 42752, 1, 0, 0
