4001, 2306, 0, 0, 0
4001, 16144, 1, 0, 0
5002, 8192, 0, 0, 0
5002, 20736, 1, 0, 0
6002, 13069, 0, 0, 0
6002, 32288, 1, 0, 0
7002, 21760, 0, 0, 0
7002, 28160, 1, 0, 0
8002, 24600, 0, 0, 0
8002, 30494, 1, 0, 0
9003, 18432, 0, 0, 0
9003, 30464, 1, 0, 0
10002, 16400, 0, 0, 0
10002, 27675, 1, 0, 0
11002, 23063, 0, 0, 0
11002, 34594, 1, 0, 0
12002, 16144, 0, 0, 0
12002, 26138, 1, 0, 0
13002, 17408, 0, 0, 0
13002, 31232, 1, 0, 0
14002, 17937, 0, 0, 0
14002, 33057, 1, 0, 0
15001, 18450, 0, 0, 0
15001, 31263, 1, 0, 0
16001, 22294, 0, 0, 0
16001, 37413, 1, 0, 0
17000, 23831, 0, 0, 0
17000, 34338, 1, 0, 0
17999, 25113, 0, 0, 0
17999, 35875, 1, 0, 0
19001, 26597, 0, 0, 0
19001, 36827, 1, 0, 0
20002, 24807, 0, 0, 0
20002, 34781, 1, 0, 0
21003, 29952, 0, 0, 0
21003, 38912, 1, 0, 0
22002, 24088, 0, 0, 0
22002, 36132, 1, 0, 0
23002, 22272, 0, 0, 0
23002, 36864, 1, 0, 0
24003, 22272, 0, 0, 0
24003, 33024, 1, 0, 0
25002, 20500, 0, 0, 0
25002, 33313, 1, 0, 0
26002, 23808, 0, 0, 0
26002, 36352, 1, 0, 0
27002, 19200, 0, 0, 0
27002, 36352, 1, 0, 0
28003, 24064, 0, 0, 0
28003, 35328, 1, 0, 0
29002, 22550, 0, 0, 0
29002, 33313, 1, 0, 0
30002, 21504, 0, 0, 0
30002, 37632, 1, 0, 0
31003, 18944, 0, 0, 0
31003, 36864, 1, 0, 0
32002, 22294, 0, 0, 0
32002, 36900, 1, 0, 0
33001, 19475, 0, 0, 0
33001, 29981, 1, 0, 0
34002, 19692, 0, 0, 0
34002, 31968, 1, 0, 0
35003, 20736, 0, 0, 0
35003, 30720, 1, 0, 0
36003, 30976, 0, 0, 0
36003, 37376, 1, 0, 0
37002, 26394, 0, 0, 0
37002, 35875, 1, 0, 0
38002, 28672, 0, 0, 0
38002, 34816, 1, 0, 0
39003, 25600, 0, 0, 0
39003, 33792, 1, 0, 0
40002, 26138, 0, 0, 0
40002, 36388, 1, 0, 0
41002, 24064, 0, 0, 0
41002, 33024, 1, 0, 0
42003, 26880, 0, 0, 0
42003, 36608, 1, 0, 0
43002, 24600, 0, 0, 0
43002, 28700, 1, 0, 0
44003, 25856, 0, 0, 0
44003, 31232, 1, 0, 0
45002, 24088, 0, 0, 0
45002, 33825, 1, 0, 0
46002, 24832, 0, 0, 0
46002, 30464, 1, 0, 0
47003, 29440, 0, 0, 0
47003, 34048, 1, 0, 0
48003, 28700, 0, 0, 0
48003, 33057, 1, 0, 0
49003, 26112, 0, 0, 0
49003, 31488, 1, 0, 0
50003, 31488, 0, 0, 0
50003, 41984, 1, 0, 0
51003, 27136, 0, 0, 0
51003, 36864, 1, 0, 0
52002, 25113, 0, 0, 0
52002, 35619, 1, 0, 0
53002, 28928, 0, 0, 0
53002, 36352, 1, 0, 0
54002, 22272, 0, 0, 0
54002, 32256, 1, 0, 0
55002, 22528, 0, 0, 0
55002, 33792, 1, 0, 0
56002, 21760, 0, 0, 0
56002, 30976, 1, 0, 0
57003, 22784, 0, 0, 0
57003, 36608, 1, 0, 0
58003, 24576, 0, 0, 0
58003, 37632, 1, 0, 0
59003, 23040, 0, 0, 0
59003, 34560, 1, 0, 0
60002, 25369, 0, 0, 0
60002, 38182, 1, 0, 0
61002, 24320, 0, 0, 0
61002, 37888, 1, 0, 0
62002, 23808, 0, 0, 0
62002, 37120, 1, 0, 0
63003, 23808, 0, 0, 0
63003, 38400, 1, 0, 0
64003, 24064, 0, 0, 0
64003, 39168, 1, 0, 0
65003, 19712, 0, 0, 0
65003, 35328, 1, 0, 0
66003, 20480, 0, 0, 0
66003, 38912, 1, 0, 0
67002, 19731, 0, 0, 0
67002, 35363, 1, 0, 0
68002, 16400, 0, 0, 0
68002, 31519, 1, 0, 0
69002, 18176, 0, 0, 0
69002, 34048, 1, 0, 0
70002, 19456, 0, 0, 0
70002, 37120, 1, 0, 0
71002, 21248, 0, 0, 0
71002, 37888, 1, 0, 0
72002, 22528, 0, 0, 0
72002, 38656, 1, 0, 0
73002, 20736, 0, 0, 0
73002, 35584, 1, 0, 0
74002, 17408, 0, 0, 0
74002, 32512, 1, 0, 0
75002, 16144, 0, 0, 0
75002, 32032, 1, 0, 0
76002, 15887, 0, 0, 0
76002, 31775, 1, 0, 0
77002, 19731, 0, 0, 0
77002, 35875, 1, 0, 0
78002, 19456, 0, 0, 0
78002, 34816, 1, 0, 0
79002, 17681, 0, 0, 0
79002, 33825, 1, 0, 0
80002, 19712, 0, 0, 0
80002, 38400, 1, 0, 0
81002, 18944, 0, 0, 0
81002, 37888, 1, 0, 0
82002, 18688, 0, 0, 0
82002, 37376, 1, 0, 0
83002, 17408, 0, 0, 0
83002, 33280, 1, 0, 0
84002, 17664, 0, 0, 0
84002, 34560, 1, 0, 0
85002, 18176, 0, 0, 0
85002, 39168, 1, 0, 0
86002, 18688, 0, 0, 0
86002, 39936, 1, 0, 0
87003, 16128, 0, 0, 0
87003, 39936, 1, 0, 0
88003, 15872, 0, 0, 0
88003, 38656, 1, 0, 0
89003, 14848, 0, 0, 0
89003, 36864, 1, 0, 0
90003, 17152, 0, 0, 0
90003, 40960, 1, 0, 0
91002, 16656, 0, 0, 0
91002, 42538, 1, 0, 0
92002, 15616, 0, 0, 0
92002, 39168, 1, 0, 0
93002, 16128, 0, 0, 0
93002, 39168, 1, 0, 0
94002, 17408, 0, 0, 0
94002, 41728, 1, 0, 0
95002, 15887, 0, 0, 0
95002, 37669, 1, 0, 0
96002, 16896, 0, 0, 0
96002, 36352, 1, 0, 0
97003, 16384, 0, 0, 0
97003, 35840, 1, 0, 0
98003, 17664, 0, 0, 0
98003, 34560, 1, 0, 0
99003, 23808, 0, 0, 0
99003, 37632, 1, 0, 0
100003, 26650, 0, 0, 0
100003, 42794, 1, 0, 0
101003, 22272, 0, 0, 0
101003, 36352, 1, 0, 0
102002, 28188, 0, 0, 0
102002, 42794, 1, 0, 0
103002, 26368, 0, 0, 0
103002, 41472, 1, 0, 0
104002, 25881, 0, 0, 0
104002, 35363, 1, 0, 0
105002, 32288, 0, 0, 0
105002, 46894, 1, 0, 0
106002, 26138, 0, 0, 0
106002, 39207, 1, 0, 0
107002, 28160, 0, 0, 0
107002, 41728, 1, 0, 0
108002, 22550, 0, 0, 0
108002, 39207, 1, 0, 0
109002, 23831, 0, 0, 0
109002, 35363, 1, 0, 0
110002, 27675, 0, 0, 0
110002, 40232, 1, 0, 0
111002, 29952, 0, 0, 0
111002, 43776, 1, 0, 0
112002, 23552, 0, 0, 0
112002, 36352, 1, 0, 0
113002, 24088, 0, 0, 0
113002, 35875, 1, 0, 0
114002, 27904, 0, 0, 0
114002, 41984, 1, 0, 0
115002, 22550, 0, 0, 0
115002, 33057, 1, 0, 0
116003, 28416, 0, 0, 0
116003, 36096, 1, 0, 0
117003, 27163, 0, 0, 0
117003, 39719, 1, 0, 0
118003, 28700, 0, 0, 0
118003, 39719, 1, 0, 0
119003, 31007, 0, 0, 0
119003, 41257, 1, 0, 0
120003, 30720, 0, 0, 0
120003, 40960, 1, 0, 0
121003, 32512, 0, 0, 0
121003, 42240, 1, 0, 0
122002, 28700, 0, 0, 0
122002, 38694, 1, 0, 0
123002, 25625, 0, 0, 0
123002, 36132, 1, 0, 0
124002, 25881, 0, 0, 0
124002, 35619, 1, 0, 0
125002, 22784, 0, 0, 0
125002, 36352, 1, 0, 0
126002, 21781, 0, 0, 0
126002, 37157, 1, 0, 0
127002, 26112, 0, 0, 0
127002, 40704, 1, 0, 0
128002, 23831, 0, 0, 0
128002, 39719, 1, 0, 0
129002, 25344, 0, 0, 0
129002, 41472, 1, 0, 0
130002, 23552, 0, 0, 0
130002, 38144, 1, 0, 0
131002, 22528, 0, 0, 0
131002, 38656, 1, 0, 0
132002, 23319, 0, 0, 0
132002, 41257, 1, 0, 0
133002, 24600, 0, 0, 0
133002, 37925, 1, 0, 0
134002, 25600, 0, 0, 0
134002, 40448, 1, 0, 0
135002, 26112, 0, 0, 0
135002, 36608, 1, 0, 0
136003, 25856, 0, 0, 0
136003, 38400, 1, 0, 0
137003, 26906, 0, 0, 0
137003, 39207, 1, 0, 0
138002, 26394, 0, 0, 0
138002, 38438, 1, 0, 0
139003, 30976, 0, 0, 0
139003, 41216, 1, 0, 0
140003, 26906, 0, 0, 0
140003, 39207, 1, 0, 0
141003, 31232, 0, 0, 0
141003, 44032, 1, 0, 0
142003, 32000, 0, 0, 0
142003, 41728, 1, 0, 0
143003, 27419, 0, 0, 0
143003, 40232, 1, 0, 0
144003, 26650, 0, 0, 0
144003, 36644, 1, 0, 0
145003, 27392, 0, 0, 0
145003, 40960, 1, 0, 0
146003, 25088, 0, 0, 0
146003, 38912, 1, 0, 0
147003, 27904, 0, 0, 0
147003, 40960, 1, 0, 0
148003, 26624, 0, 0, 0
148003, 39936, 1, 0, 0
149003, 22272, 0, 0, 0
149003, 37120, 1, 0, 0
150003, 26368, 0, 0, 0
150003, 42496, 1, 0, 0
151002, 24856, 0, 0, 0
151002, 39975, 1, 0, 0
152002, 23296, 0, 0, 0
152002, 33792, 1, 0, 0
153003, 24832, 0, 0, 0
153003, 36096, 1, 0, 0
154002, 28444, 0, 0, 0
154002, 37413, 1, 0, 0
155003, 30720, 0, 0, 0
155003, 42240, 1, 0, 0
156002, 26650, 0, 0, 0
156002, 36132, 1, 0, 0
157002, 26394, 0, 0, 0
157002, 35875, 1, 0, 0
158002, 24088, 0, 0, 0
158002, 33569, 1, 0, 0
159003, 27392, 0, 0, 0
159003, 38400, 1, 0, 0
160003, 33057, 0, 0, 0
160003, 40488, 1, 0, 0
161003, 38182, 0, 0, 0
161003, 47407, 1, 0, 0
162003, 30976, 0, 0, 0
162003, 41472, 1, 0, 0
163003, 30494, 0, 0, 0
163003, 43563, 1, 0, 0
164003, 31232, 0, 0, 0
164003, 44032, 1, 0, 0
165003, 27931, 0, 0, 0
165003, 40232, 1, 0, 0
166002, 27931, 0, 0, 0
166002, 39463, 1, 0, 0
167002, 29440, 0, 0, 0
167002, 43008, 1, 0, 0
168002, 23831, 0, 0, 0
168002, 37925, 1, 0, 0
169003, 27876, 0, 0, 0
169003, 42453, 1, 0, 0
170003, 24600, 0, 0, 0
170003, 43051, 1, 0, 0
171003, 28416, 0, 0, 0
171003, 43008, 1, 0, 0
172003, 24856, 0, 0, 0
172003, 40232, 1, 0, 0
173003, 23063, 0, 0, 0
173003, 37157, 1, 0, 0
174003, 25088, 0, 0, 0
174003, 42496, 1, 0, 0
175003, 26906, 0, 0, 0
175003, 41257, 1, 0, 0
176002, 31519, 0, 0, 0
176002, 40488, 1, 0, 0
177003, 35072, 0, 0, 0
177003, 43264, 1, 0, 0
178003, 32000, 0, 0, 0
178003, 45824, 1, 0, 0
179003, 34048, 0, 0, 0
179003, 39168, 1, 0, 0
