4000, 2306, 0, 0, 0
4000, 17937, 1, 0, 0
5001, 6656, 0, 0, 0
5001, 20480, 1, 0, 0
6000, 8200, 0, 0, 0
6000, 26394, 1, 0, 0
7001, 21760, 0, 0, 0
7001, 30464, 1, 0, 0
8000, 21781, 0, 0, 0
8000, 27419, 1, 0, 0
9001, 22016, 0, 0, 0
9001, 29696, 1, 0, 0
10001, 27163, 0, 0, 0
10001, 30238, 1, 0, 0
11001, 25369, 0, 0, 0
11001, 35875, 1, 0, 0
12000, 20500, 0, 0, 0
12000, 34850, 1, 0, 0
13001, 16896, 0, 0, 0
13001, 27136, 1, 0, 0
14000, 21781, 0, 0, 0
14000, 32544, 1, 0, 0
14999, 17169, 0, 0, 0
14999, 28956, 1, 0, 0
15999, 17425, 0, 0, 0
15999, 30494, 1, 0, 0
16999, 15119, 0, 0, 0
16999, 30238, 1, 0, 0
17998, 18706, 0, 0, 0
17998, 32800, 1, 0, 0
18999, 16879, 0, 0, 0
18999, 32991, 1, 0, 0
20001, 16623, 0, 0, 0
20001, 34781, 1, 0, 0
21001, 20480, 0, 0, 0
21001, 32000, 1, 0, 0
22000, 19219, 0, 0, 0
22000, 26650, 1, 0, 0
23001, 21760, 0, 0, 0
23001, 30720, 1, 0, 0
24001, 22784, 0, 0, 0
24001, 30208, 1, 0, 0
25000, 18194, 0, 0, 0
25000, 29469, 1, 0, 0
26001, 17664, 0, 0, 0
26001, 28160, 1, 0, 0
27001, 16128, 0, 0, 0
27001, 28416, 1, 0, 0
28001, 14080, 0, 0, 0
28001, 29184, 1, 0, 0
29000, 17169, 0, 0, 0
29000, 28956, 1, 0, 0
30001, 17920, 0, 0, 0
30001, 33280, 1, 0, 0
31001, 15104, 0, 0, 0
31001, 26368, 1, 0, 0
32000, 15887, 0, 0, 0
32000, 32032, 1, 0, 0
33000, 15119, 0, 0, 0
33000, 28700, 1, 0, 0
34001, 14577, 0, 0, 0
34001, 31200, 1, 0, 0
35001, 14336, 0, 0, 0
35001, 29696, 1, 0, 0
36001, 15616, 0, 0, 0
36001, 30720, 1, 0, 0
37001, 14862, 0, 0, 0
37001, 25625, 1, 0, 0
38001, 14336, 0, 0, 0
38001, 28672, 1, 0, 0
39001, 12544, 0, 0, 0
39001, 28416, 1, 0, 0
40000, 11787, 0, 0, 0
40000, 27931, 1, 0, 0
41001, 14336, 0, 0, 0
41001, 30464, 1, 0, 0
42001, 12288, 0, 0, 0
42001, 29184, 1, 0, 0
43001, 11787, 0, 0, 0
43001, 30494, 1, 0, 0
44001, 12032, 0, 0, 0
44001, 25600, 1, 0, 0
45001, 9481, 0, 0, 0
45001, 28188, 1, 0, 0
46001, 10240, 0, 0, 0
46001, 27648, 1, 0, 0
47001, 9216, 0, 0, 0
47001, 26880, 1, 0, 0
48001, 9225, 0, 0, 0
48001, 27931, 1, 0, 0
49001, 7680, 0, 0, 0
49001, 25856, 1, 0, 0
50001, 11520, 0, 0, 0
50001, 32000, 1, 0, 0
51001, 10752, 0, 0, 0
51001, 33280, 1, 0, 0
52000, 11787, 0, 0, 0
52000, 33313, 1, 0, 0
53000, 11264, 0, 0, 0
53000, 28416, 1, 0, 0
54000, 9728, 0, 0, 0
54000, 29440, 1, 0, 0
55001, 12032, 0, 0, 0
55001, 26368, 1, 0, 0
56001, 13312, 0, 0, 0
56001, 33280, 1, 0, 0
57001, 9728, 0, 0, 0
57001, 26624, 1, 0, 0
58001, 11008, 0, 0, 0
58001, 29184, 1, 0, 0
59001, 8704, 0, 0, 0
59001, 29696, 1, 0, 0
60001, 8712, 0, 0, 0
60001, 26650, 1, 0, 0
61001, 12032, 0, 0, 0
61001, 32768, 1, 0, 0
62001, 10752, 0, 0, 0
62001, 30720, 1, 0, 0
63001, 12544, 0, 0, 0
63001, 32768, 1, 0, 0
64001, 11520, 0, 0, 0
64001, 32512, 1, 0, 0
65001, 9984, 0, 0, 0
65001, 30464, 1, 0, 0
66001, 8192, 0, 0, 0
66001, 28160, 1, 0, 0
67000, 11019, 0, 0, 0
67000, 33569, 1, 0, 0
68000, 11531, 0, 0, 0
68000, 30238, 1, 0, 0
69000, 9984, 0, 0, 0
69000, 32512, 1, 0, 0
70000, 8960, 0, 0, 0
70000, 32256, 1, 0, 0
71000, 8192, 0, 0, 0
71000, 28928, 1, 0, 0
72001, 6144, 0, 0, 0
72001, 26880, 1, 0, 0
73001, 10240, 0, 0, 0
73001, 31232, 1, 0, 0
74001, 10752, 0, 0, 0
74001, 30976, 1, 0, 0
75001, 5637, 0, 0, 0
75001, 27419, 1, 0, 0
76001, 8200, 0, 0, 0
76001, 23063, 1, 0, 0
77001, 9737, 0, 0, 0
77001, 27163, 1, 0, 0
78001, 10496, 0, 0, 0
78001, 27904, 1, 0, 0
79000, 9993, 0, 0, 0
79000, 24856, 1, 0, 0
80001, 15360, 0, 0, 0
80001, 32000, 1, 0, 0
81001, 17152, 0, 0, 0
81001, 32256, 1, 0, 0
82001, 15872, 0, 0, 0
82001, 26880, 1, 0, 0
83001, 18432, 0, 0, 0
83001, 32512, 1, 0, 0
84001, 18688, 0, 0, 0
84001, 32512, 1, 0, 0
85001, 16896, 0, 0, 0
85001, 28416, 1, 0, 0
86001, 19712, 0, 0, 0
86001, 29184, 1, 0, 0
87001, 20992, 0, 0, 0
87001, 26112, 1, 0, 0
88001, 21760, 0, 0, 0
88001, 27904, 1, 0, 0
89001, 21504, 0, 0, 0
89001, 29952, 1, 0, 0
90001, 20224, 0, 0, 0
90001, 29184, 1, 0, 0
91000, 23063, 0, 0, 0
91000, 37157, 1, 0, 0
92001, 17664, 0, 0, 0
92001, 25600, 1, 0, 0
93001, 21248, 0, 0, 0
93001, 33536, 1, 0, 0
94001, 18688, 0, 0, 0
94001, 29184, 1, 0, 0
95001, 18194, 0, 0, 0
95001, 28700, 1, 0, 0
96001, 17664, 0, 0, 0
96001, 29952, 1, 0, 0
97001, 20224, 0, 0, 0
97001, 32000, 1, 0, 0
98001, 21504, 0, 0, 0
98001, 35584, 1, 0, 0
99001, 20992, 0, 0, 0
99001, 34304, 1, 0, 0
100001, 18706, 0, 0, 0
100001, 32544, 1, 0, 0
101001, 17664, 0, 0, 0
101001, 31488, 1, 0, 0
102000, 18706, 0, 0, 0
102000, 30238, 1, 0, 0
103000, 17664, 0, 0, 0
103000, 27648, 1, 0, 0
104000, 19475, 0, 0, 0
104000, 31519, 1, 0, 0
105000, 21013, 0, 0, 0
105000, 29213, 1, 0, 0
106000, 24088, 0, 0, 0
106000, 33825, 1, 0, 0
107000, 23552, 0, 0, 0
107000, 33280, 1, 0, 0
108000, 25881, 0, 0, 0
108000, 32544, 1, 0, 0
109000, 28444, 0, 0, 0
109000, 34082, 1, 0, 0
110000, 25881, 0, 0, 0
110000, 35363, 1, 0, 0
111000, 25600, 0, 0, 0
111000, 36608, 1, 0, 0
112000, 21248, 0, 0, 0
112000, 35328, 1, 0, 0
113000, 22294, 0, 0, 0
113000, 31263, 1, 0, 0
114000, 17664, 0, 0, 0
114000, 25088, 1, 0, 0
115000, 22550, 0, 0, 0
115000, 33057, 1, 0, 0
116001, 21248, 0, 0, 0
116001, 33536, 1, 0, 0
117001, 21013, 0, 0, 0
117001, 32800, 1, 0, 0
118001, 17169, 0, 0, 0
118001, 30494, 1, 0, 0
119001, 21013, 0, 0, 0
119001, 32544, 1, 0, 0
120001, 22528, 0, 0, 0
120001, 37632, 1, 0, 0
121001, 15360, 0, 0, 0
121001, 28928, 1, 0, 0
122001, 20244, 0, 0, 0
122001, 34082, 1, 0, 0
123000, 19731, 0, 0, 0
123000, 31007, 1, 0, 0
124000, 18706, 0, 0, 0
124000, 32032, 1, 0, 0
125000, 19456, 0, 0, 0
125000, 31744, 1, 0, 0
126000, 18194, 0, 0, 0
126000, 27675, 1, 0, 0
127000, 18944, 0, 0, 0
127000, 31232, 1, 0, 0
128000, 19731, 0, 0, 0
128000, 32544, 1, 0, 0
129000, 18432, 0, 0, 0
129000, 28160, 1, 0, 0
130001, 20736, 0, 0, 0
130001, 30464, 1, 0, 0
131001, 22784, 0, 0, 0
131001, 34560, 1, 0, 0
132001, 21525, 0, 0, 0
132001, 34338, 1, 0, 0
133001, 19219, 0, 0, 0
133001, 28444, 1, 0, 0
134001, 22784, 0, 0, 0
134001, 34560, 1, 0, 0
135001, 18944, 0, 0, 0
135001, 27648, 1, 0, 0
136001, 22272, 0, 0, 0
136001, 33536, 1, 0, 0
137001, 16656, 0, 0, 0
137001, 28956, 1, 0, 0
138001, 16656, 0, 0, 0
138001, 27419, 1, 0, 0
139001, 16896, 0, 0, 0
139001, 30208, 1, 0, 0
140001, 18962, 0, 0, 0
140001, 31263, 1, 0, 0
141001, 16896, 0, 0, 0
141001, 29952, 1, 0, 0
142001, 17408, 0, 0, 0
142001, 29696, 1, 0, 0
143001, 16400, 0, 0, 0
143001, 29213, 1, 0, 0
144001, 15887, 0, 0, 0
144001, 33057, 1, 0, 0
145001, 14848, 0, 0, 0
145001, 32768, 1, 0, 0
146001, 15104, 0, 0, 0
146001, 31744, 1, 0, 0
147001, 13568, 0, 0, 0
147001, 29952, 1, 0, 0
148001, 12288, 0, 0, 0
148001, 25856, 1, 0, 0
149001, 12800, 0, 0, 0
149001, 28160, 1, 0, 0
150001, 12288, 0, 0, 0
150001, 28672, 1, 0, 0
151000, 13837, 0, 0, 0
151000, 28700, 1, 0, 0
152000, 16384, 0, 0, 0
152000, 33792, 1, 0, 0
153001, 15872, 0, 0, 0
153001, 30208, 1, 0, 0
154000, 16656, 0, 0, 0
154000, 37669, 1, 0, 0
155001, 14080, 0, 0, 0
155001, 29440, 1, 0, 0
156000, 13581, 0, 0, 0
156000, 30494, 1, 0, 0
157000, 12812, 0, 0, 0
157000, 28956, 1, 0, 0
158000, 14350, 0, 0, 0
158000, 29213, 1, 0, 0
159001, 16384, 0, 0, 0
159001, 32768, 1, 0, 0
160001, 14862, 0, 0, 0
160001, 31519, 1, 0, 0
161001, 16656, 0, 0, 0
161001, 32032, 1, 0, 0
162001, 15616, 0, 0, 0
162001, 35840, 1, 0, 0
163001, 16144, 0, 0, 0
163001, 34338, 1, 0, 0
164001, 15104, 0, 0, 0
164001, 31232, 1, 0, 0
165001, 13581, 0, 0, 0
165001, 28956, 1, 0, 0
166000, 13325, 0, 0, 0
166000, 27419, 1, 0, 0
167000, 13056, 0, 0, 0
167000, 29952, 1, 0, 0
168000, 12556, 0, 0, 0
168000, 27419, 1, 0, 0
169002, 11764, 0, 0, 0
169002, 28643, 1, 0, 0
170001, 14350, 0, 0, 0
170001, 31775, 1, 0, 0
171001, 15616, 0, 0, 0
171001, 33280, 1, 0, 0
172001, 13581, 0, 0, 0
172001, 28956, 1, 0, 0
173001, 17425, 0, 0, 0
173001, 29725, 1, 0, 0
174001, 16128, 0, 0, 0
174001, 32000, 1, 0, 0
175001, 15631, 0, 0, 0
175001, 25881, 1, 0, 0
176001, 18706, 0, 0, 0
176001, 31263, 1, 0, 0
177001, 19712, 0, 0, 0
177001, 33536, 1, 0, 0
178001, 19968, 0, 0, 0
178001, 30976, 1, 0, 0
179001, 16640, 0, 0, 0
179001, 26368, 1, 0, 0
