3999, 3331, 0, 0, 0
3999, 18194, 1, 0, 0
5000, 8448, 0, 0, 0
5000, 27136, 1, 0, 0
6000, 26138, 0, 0, 0
6000, 32544, 1, 0, 0
7000, 17408, 0, 0, 0
7000, 30976, 1, 0, 0
8000, 19731, 0, 0, 0
8000, 38438, 1, 0, 0
9000, 16384, 0, 0, 0
9000, 36352, 1, 0, 0
10000, 16912, 0, 0, 0
10000, 34338, 1, 0, 0
11000, 16656, 0, 0, 0
11000, 36388, 1, 0, 0
12000, 18706, 0, 0, 0
12000, 37157, 1, 0, 0
13000, 24576, 0, 0, 0
13000, 39424, 1, 0, 0
13999, 22550, 0, 0, 0
13999, 32800, 1, 0, 0
14999, 20244, 0, 0, 0
14999, 36132, 1, 0, 0
15998, 20244, 0, 0, 0
15998, 35875, 1, 0, 0
16998, 22038, 0, 0, 0
16998, 41257, 1, 0, 0
17997, 19475, 0, 0, 0
17997, 33057, 1, 0, 0
18999, 22505, 0, 0, 0
18999, 37082, 1, 0, 0
20000, 17390, 0, 0, 0
20000, 39384, 1, 0, 0
21000, 18176, 0, 0, 0
21000, 36352, 1, 0, 0
22000, 23063, 0, 0, 0
22000, 34594, 1, 0, 0
23000, 26880, 0, 0, 0
23000, 34816, 1, 0, 0
24000, 23552, 0, 0, 0
24000, 37632, 1, 0, 0
25000, 17681, 0, 0, 0
25000, 33057, 1, 0, 0
26000, 20736, 0, 0, 0
26000, 37632, 1, 0, 0
27000, 20480, 0, 0, 0
27000, 33280, 1, 0, 0
28000, 23808, 0, 0, 0
28000, 39424, 1, 0, 0
29000, 23831, 0, 0, 0
29000, 39719, 1, 0, 0
30000, 23552, 0, 0, 0
30000, 40192, 1, 0, 0
31001, 17152, 0, 0, 0
31001, 33536, 1, 0, 0
32000, 21525, 0, 0, 0
32000, 39719, 1, 0, 0
32999, 25625, 0, 0, 0
32999, 34338, 1, 0, 0
34000, 23784, 0, 0, 0
34000, 34525, 1, 0, 0
35000, 21760, 0, 0, 0
35000, 38144, 1, 0, 0
36001, 23040, 0, 0, 0
36001, 35584, 1, 0, 0
37000, 22294, 0, 0, 0
37000, 36388, 1, 0, 0
38000, 23296, 0, 0, 0
38000, 40192, 1, 0, 0
39001, 21504, 0, 0, 0
39001, 36352, 1, 0, 0
40000, 23319, 0, 0, 0
40000, 38438, 1, 0, 0
41000, 24064, 0, 0, 0
41000, 37376, 1, 0, 0
42001, 26368, 0, 0, 0
42001, 34048, 1, 0, 0
43000, 25625, 0, 0, 0
43000, 38694, 1, 0, 0
44000, 28928, 0, 0, 0
44000, 45056, 1, 0, 0
45000, 22806, 0, 0, 0
45000, 38694, 1, 0, 0
46000, 22528, 0, 0, 0
46000, 36352, 1, 0, 0
47000, 19712, 0, 0, 0
47000, 36352, 1, 0, 0
48000, 18962, 0, 0, 0
48000, 38182, 1, 0, 0
49000, 19200, 0, 0, 0
49000, 35584, 1, 0, 0
50001, 19200, 0, 0, 0
50001, 37120, 1, 0, 0
51001, 20992, 0, 0, 0
51001, 42240, 1, 0, 0
52000, 19987, 0, 0, 0
52000, 36644, 1, 0, 0
53000, 18944, 0, 0, 0
53000, 38400, 1, 0, 0
54000, 21504, 0, 0, 0
54000, 38912, 1, 0, 0
55000, 22016, 0, 0, 0
55000, 40704, 1, 0, 0
56000, 21760, 0, 0, 0
56000, 40704, 1, 0, 0
57000, 21760, 0, 0, 0
57000, 35840, 1, 0, 0
58000, 26624, 0, 0, 0
58000, 42240, 1, 0, 0
59001, 22272, 0, 0, 0
59001, 38656, 1, 0, 0
60000, 21525, 0, 0, 0
60000, 36132, 1, 0, 0
61000, 25600, 0, 0, 0
61000, 39680, 1, 0, 0
62000, 24320, 0, 0, 0
62000, 36864, 1, 0, 0
63000, 22272, 0, 0, 0
63000, 39680, 1, 0, 0
64001, 26368, 0, 0, 0
64001, 39680, 1, 0, 0
65001, 26624, 0, 0, 0
65001, 41984, 1, 0, 0
66001, 22016, 0, 0, 0
66001, 38144, 1, 0, 0
67000, 22806, 0, 0, 0
67000, 42538, 1, 0, 0
68000, 20244, 0, 0, 0
68000, 43307, 1, 0, 0
69000, 14848, 0, 0, 0
69000, 32256, 1, 0, 0
70000, 17408, 0, 0, 0
70000, 40704, 1, 0, 0
71000, 17920, 0, 0, 0
71000, 39680, 1, 0, 0
72000, 24320, 0, 0, 0
72000, 46080, 1, 0, 0
73000, 17408, 0, 0, 0
73000, 34048, 1, 0, 0
74000, 18176, 0, 0, 0
74000, 39424, 1, 0, 0
75000, 21013, 0, 0, 0
75000, 43563, 1, 0, 0
76000, 16912, 0, 0, 0
76000, 39463, 1, 0, 0
77000, 17169, 0, 0, 0
77000, 39975, 1, 0, 0
78000, 17664, 0, 0, 0
78000, 40960, 1, 0, 0
79000, 19475, 0, 0, 0
79000, 42282, 1, 0, 0
80000, 18944, 0, 0, 0
80000, 40704, 1, 0, 0
81000, 26368, 0, 0, 0
81000, 51200, 1, 0, 0
82000, 23808, 0, 0, 0
82000, 42496, 1, 0, 0
83000, 25344, 0, 0, 0
83000, 46592, 1, 0, 0
84000, 25344, 0, 0, 0
84000, 42752, 1, 0, 0
85000, 24576, 0, 0, 0
85000, 43008, 1, 0, 0
86000, 21248, 0, 0, 0
86000, 41984, 1, 0, 0
87000, 23296, 0, 0, 0
87000, 43264, 1, 0, 0
88000, 21248, 0, 0, 0
88000, 40960, 1, 0, 0
89000, 19968, 0, 0, 0
89000, 40704, 1, 0, 0
90001, 20736, 0, 0, 0
90001, 39680, 1, 0, 0
91000, 25369, 0, 0, 0
91000, 48944, 1, 0, 0
92000, 17664, 0, 0, 0
92000, 34304, 1, 0, 0
93000, 19712, 0, 0, 0
93000, 39680, 1, 0, 0
94000, 21760, 0, 0, 0
94000, 43520, 1, 0, 0
95000, 20244, 0, 0, 0
95000, 39207, 1, 0, 0
96000, 17920, 0, 0, 0
96000, 41216, 1, 0, 0
97000, 20480, 0, 0, 0
97000, 38912, 1, 0, 0
98000, 19200, 0, 0, 0
98000, 40960, 1, 0, 0
99000, 18688, 0, 0, 0
99000, 44288, 1, 0, 0
100000, 21269, 0, 0, 0
100000, 46126, 1, 0, 0
101000, 18176, 0, 0, 0
101000, 42496, 1, 0, 0
102000, 15887, 0, 0, 0
102000, 41513, 1, 0, 0
103000, 17152, 0, 0, 0
103000, 38656, 1, 0, 0
104000, 20500, 0, 0, 0
104000, 36644, 1, 0, 0
105000, 22806, 0, 0, 0
105000, 39463, 1, 0, 0
106000, 24600, 0, 0, 0
106000, 38950, 1, 0, 0
107000, 23552, 0, 0, 0
107000, 39168, 1, 0, 0
108000, 22294, 0, 0, 0
108000, 35875, 1, 0, 0
109000, 27675, 0, 0, 0
109000, 45357, 1, 0, 0
110000, 29725, 0, 0, 0
110000, 45357, 1, 0, 0
111000, 29952, 0, 0, 0
111000, 45056, 1, 0, 0
112000, 29952, 0, 0, 0
112000, 47104, 1, 0, 0
113000, 28956, 0, 0, 0
113000, 40744, 1, 0, 0
114000, 27648, 0, 0, 0
114000, 41984, 1, 0, 0
115000, 28700, 0, 0, 0
115000, 42026, 1, 0, 0
116001, 27648, 0, 0, 0
116001, 40448, 1, 0, 0
117001, 29213, 0, 0, 0
117001, 45357, 1, 0, 0
118001, 28444, 0, 0, 0
118001, 40744, 1, 0, 0
119000, 27931, 0, 0, 0
119000, 45613, 1, 0, 0
120001, 35072, 0, 0, 0
120001, 46848, 1, 0, 0
121001, 25600, 0, 0, 0
121001, 39168, 1, 0, 0
122000, 28188, 0, 0, 0
122000, 39975, 1, 0, 0
123000, 28188, 0, 0, 0
123000, 44076, 1, 0, 0
124000, 31263, 0, 0, 0
124000, 46894, 1, 0, 0
125000, 22528, 0, 0, 0
125000, 36864, 1, 0, 0
126000, 28956, 0, 0, 0
126000, 38694, 1, 0, 0
127000, 34560, 0, 0, 0
127000, 43008, 1, 0, 0
128000, 30494, 0, 0, 0
128000, 36900, 1, 0, 0
129000, 30208, 0, 0, 0
129000, 39680, 1, 0, 0
130000, 31488, 0, 0, 0
130000, 38912, 1, 0, 0
131000, 33536, 0, 0, 0
131000, 43776, 1, 0, 0
132000, 29213, 0, 0, 0
132000, 39975, 1, 0, 0
133000, 29725, 0, 0, 0
133000, 38182, 1, 0, 0
134000, 28672, 0, 0, 0
134000, 37888, 1, 0, 0
135000, 26624, 0, 0, 0
135000, 37888, 1, 0, 0
136000, 26368, 0, 0, 0
136000, 37120, 1, 0, 0
137000, 24344, 0, 0, 0
137000, 36388, 1, 0, 0
138000, 26394, 0, 0, 0
138000, 43051, 1, 0, 0
139000, 27904, 0, 0, 0
139000, 38144, 1, 0, 0
140000, 24856, 0, 0, 0
140000, 37413, 1, 0, 0
141000, 28928, 0, 0, 0
141000, 43008, 1, 0, 0
142000, 32768, 0, 0, 0
142000, 43776, 1, 0, 0
143000, 26138, 0, 0, 0
143000, 33569, 1, 0, 0
144000, 30494, 0, 0, 0
144000, 42538, 1, 0, 0
145000, 25600, 0, 0, 0
145000, 39168, 1, 0, 0
146000, 30208, 0, 0, 0
146000, 41984, 1, 0, 0
147000, 30208, 0, 0, 0
147000, 41216, 1, 0, 0
148000, 26112, 0, 0, 0
148000, 36096, 1, 0, 0
149000, 25344, 0, 0, 0
149000, 37632, 1, 0, 0
150001, 26112, 0, 0, 0
150001, 35584, 1, 0, 0
151000, 25625, 0, 0, 0
151000, 40232, 1, 0, 0
152000, 28928, 0, 0, 0
152000, 37376, 1, 0, 0
153001, 24576, 0, 0, 0
153001, 35072, 1, 0, 0
154000, 30494, 0, 0, 0
154000, 41001, 1, 0, 0
155001, 32256, 0, 0, 0
155001, 40704, 1, 0, 0
156000, 29981, 0, 0, 0
156000, 35875, 1, 0, 0
157000, 34594, 0, 0, 0
157000, 37925, 1, 0, 0
158000, 36388, 0, 0, 0
158000, 39975, 1, 0, 0
159001, 33536, 0, 0, 0
159001, 44544, 1, 0, 0
160000, 30750, 0, 0, 0
160000, 33569, 1, 0, 0
161000, 29469, 0, 0, 0
161000, 35619, 1, 0, 0
162001, 29184, 0, 0, 0
162001, 35328, 1, 0, 0
163001, 28700, 0, 0, 0
163001, 36900, 1, 0, 0
164001, 34048, 0, 0, 0
164001, 41216, 1, 0, 0
165001, 32544, 0, 0, 0
165001, 35363, 1, 0, 0
166000, 34850, 0, 0, 0
166000, 38950, 1, 0, 0
167000, 30720, 0, 0, 0
167000, 38912, 1, 0, 0
168000, 34338, 0, 0, 0
168000, 40744, 1, 0, 0
169001, 29410, 0, 0, 0
169001, 39896, 1, 0, 0
170000, 28956, 0, 0, 0
170000, 35107, 1, 0, 0
171000, 28672, 0, 0, 0
171000, 36864, 1, 0, 0
172000, 28444, 0, 0, 0
172000, 36900, 1, 0, 0
173000, 26394, 0, 0, 0
173000, 34338, 1, 0, 0
174000, 30720, 0, 0, 0
174000, 39936, 1, 0, 0
175000, 27675, 0, 0, 0
175000, 34850, 1, 0, 0
176000, 20756, 0, 0, 0
176000, 30750, 1, 0, 0
177000, 25856, 0, 0, 0
177000, 33536, 1, 0, 0
178000, 22528, 0, 0, 0
178000, 35328, 1, 0, 0
179000, 22784, 0, 0, 0
179000, 28416, 1, 0, 0
