4000, 3075, 0, 0, 0
4000, 21525, 1, 0, 0
5000, 10506, 0, 0, 0
5000, 27675, 1, 0, 0
5999, 12300, 0, 0, 0
5999, 26906, 1, 0, 0
6999, 22294, 0, 0, 0
6999, 28444, 1, 0, 0
7998, 20500, 0, 0, 0
7998, 32544, 1, 0, 0
8998, 15119, 0, 0, 0
8998, 25625, 1, 0, 0
9998, 22806, 0, 0, 0
9998, 34338, 1, 0, 0
10998, 22294, 0, 0, 0
10998, 30494, 1, 0, 0
11999, 20715, 0, 0, 0
11999, 30689, 1, 0, 0
13001, 20971, 0, 0, 0
13001, 31968, 1, 0, 0
14002, 24039, 0, 0, 0
14002, 33502, 1, 0, 0
15003, 18925, 0, 0, 0
15003, 29666, 1, 0, 0
16005, 14577, 0, 0, 0
16005, 27876, 1, 0, 0
17007, 12531, 0, 0, 0
17007, 29154, 1, 0, 0
18008, 14577, 0, 0, 0
18008, 29410, 1, 0, 0
19009, 20203, 0, 0, 0
19009, 36059, 1, 0, 0
20011, 26341, 0, 0, 0
20011, 42453, 1, 0, 0
21012, 21738, 0, 0, 0
21012, 30177, 1, 0, 0
22014, 26341, 0, 0, 0
22014, 34269, 1, 0, 0
23015, 24039, 0, 0, 0
23015, 28131, 1, 0, 0
24016, 26085, 0, 0, 0
24016, 35292, 1, 0, 0
25017, 24039, 0, 0, 0
25017, 36827, 1, 0, 0
26019, 20715, 0, 0, 0
26019, 36315, 1, 0, 0
27020, 16367, 0, 0, 0
27020, 28899, 1, 0, 0
28021, 14065, 0, 0, 0
28021, 34781, 1, 0, 0
29022, 13554, 0, 0, 0
29022, 32735, 1, 0, 0
30024, 14577, 0, 0, 0
30024, 34013, 1, 0, 0
31025, 17134, 0, 0, 0
31025, 34269, 1, 0, 0
32026, 16879, 0, 0, 0
32026, 31200, 1, 0, 0
33028, 18925, 0, 0, 0
33028, 34269, 1, 0, 0
34029, 22761, 0, 0, 0
34029, 30689, 1, 0, 0
35030, 22505, 0, 0, 0
35030, 32991, 1, 0, 0
36031, 22249, 0, 0, 0
36031, 31712, 1, 0, 0
37033, 19436, 0, 0, 0
37033, 30689, 1, 0, 0
38034, 19692, 0, 0, 0
38034, 31968, 1, 0, 0
39035, 21482, 0, 0, 0
39035, 34013, 1, 0, 0
40037, 20715, 0, 0, 0
40037, 34781, 1, 0, 0
41038, 15856, 0, 0, 0
41038, 27108, 1, 0, 0
42039, 17134, 0, 0, 0
42039, 31200, 1, 0, 0
43041, 16879, 0, 0, 0
43041, 28899, 1, 0, 0
44042, 17390, 0, 0, 0
44042, 35292, 1, 0, 0
45044, 20459, 0, 0, 0
45044, 36315, 1, 0, 0
46045, 16623, 0, 0, 0
46045, 33246, 1, 0, 0
47058, 16189, 0, 0, 0
47058, 34150, 1, 0, 0
48059, 19180, 0, 0, 0
48059, 34013, 1, 0, 0
49060, 16111, 0, 0, 0
49060, 30177, 1, 0, 0
50061, 20203, 0, 0, 0
50061, 33246, 1, 0, 0
51062, 19692, 0, 0, 0
51062, 36827, 1, 0, 0
52063, 17134, 0, 0, 0
52063, 33502, 1, 0, 0
53064, 16128, 0, 0, 0
53064, 31744, 1, 0, 0
54065, 15088, 0, 0, 0
54065, 31456, 1, 0, 0
55067, 17646, 0, 0, 0
55067, 32735, 1, 0, 0
56068, 14321, 0, 0, 0
56068, 31456, 1, 0, 0
57069, 12531, 0, 0, 0
57069, 31456, 1, 0, 0
58070, 13810, 0, 0, 0
58070, 29922, 1, 0, 0
59072, 14321, 0, 0, 0
59072, 34525, 1, 0, 0
60073, 15600, 0, 0, 0
60073, 31200, 1, 0, 0
61074, 20459, 0, 0, 0
61074, 36827, 1, 0, 0
62075, 15856, 0, 0, 0
62075, 29154, 1, 0, 0
63076, 22505, 0, 0, 0
63076, 31712, 1, 0, 0
64077, 24551, 0, 0, 0
64077, 35804, 1, 0, 0
65078, 22505, 0, 0, 0
65078, 33246, 1, 0, 0
66079, 27876, 0, 0, 0
66079, 36315, 1, 0, 0
67080, 24807, 0, 0, 0
67080, 37082, 1, 0, 0
68081, 26624, 0, 0, 0
68081, 36608, 1, 0, 0
69082, 26085, 0, 0, 0
69082, 36827, 1, 0, 0
70084, 22249, 0, 0, 0
70084, 44499, 1, 0, 0
71085, 20459, 0, 0, 0
71085, 37338, 1, 0, 0
72086, 21482, 0, 0, 0
72086, 41686, 1, 0, 0
73087, 19948, 0, 0, 0
73087, 34269, 1, 0, 0
74088, 23272, 0, 0, 0
74088, 41430, 1, 0, 0
75089, 21760, 0, 0, 0
75089, 36608, 1, 0, 0
76090, 25088, 0, 0, 0
76090, 38144, 1, 0, 0
77091, 20736, 0, 0, 0
77091, 32768, 1, 0, 0
78092, 25318, 0, 0, 0
78092, 38361, 1, 0, 0
79093, 25856, 0, 0, 0
79093, 40448, 1, 0, 0
80094, 26341, 0, 0, 0
80094, 36827, 1, 0, 0
81095, 26341, 0, 0, 0
81095, 42197, 1, 0, 0
82096, 27108, 0, 0, 0
82096, 40663, 1, 0, 0
83097, 24807, 0, 0, 0
83097, 35036, 1, 0, 0
84098, 25600, 0, 0, 0
84098, 39936, 1, 0, 0
85099, 19692, 0, 0, 0
85099, 31712, 1, 0, 0
86100, 22249, 0, 0, 0
86100, 34525, 1, 0, 0
87101, 22761, 0, 0, 0
87101, 36059, 1, 0, 0
88102, 25574, 0, 0, 0
88102, 38361, 1, 0, 0
89103, 24039, 0, 0, 0
89103, 37850, 1, 0, 0
90104, 24295, 0, 0, 0
90104, 40407, 1, 0, 0
91106, 28131, 0, 0, 0
91106, 41686, 1, 0, 0
92107, 26341, 0, 0, 0
92107, 41686, 1, 0, 0
93108, 20715, 0, 0, 0
93108, 37338, 1, 0, 0
94109, 24807, 0, 0, 0
94109, 40151, 1, 0, 0
95110, 24039, 0, 0, 0
95110, 42965, 1, 0, 0
96111, 22505, 0, 0, 0
96111, 39640, 1, 0, 0
97112, 19948, 0, 0, 0
97112, 33246, 1, 0, 0
98113, 21994, 0, 0, 0
98113, 36315, 1, 0, 0
99114, 20459, 0, 0, 0
99114, 36315, 1, 0, 0
100115, 24832, 0, 0, 0
100115, 42752, 1, 0, 0
101116, 21226, 0, 0, 0
101116, 44499, 1, 0, 0
102117, 17902, 0, 0, 0
102117, 37082, 1, 0, 0
103118, 20459, 0, 0, 0
103118, 40407, 1, 0, 0
104118, 21013, 0, 0, 0
104118, 40232, 1, 0, 0
105118, 17169, 0, 0, 0
105118, 33825, 1, 0, 0
106118, 21504, 0, 0, 0
106118, 41216, 1, 0, 0
107118, 17937, 0, 0, 0
107118, 34594, 1, 0, 0
108118, 17681, 0, 0, 0
108118, 34594, 1, 0, 0
109118, 20992, 0, 0, 0
109118, 40960, 1, 0, 0
110118, 20480, 0, 0, 0
110118, 41216, 1, 0, 0
111118, 20992, 0, 0, 0
111118, 42240, 1, 0, 0
112118, 16144, 0, 0, 0
112118, 34594, 1, 0, 0
113118, 14336, 0, 0, 0
113118, 37888, 1, 0, 0
114118, 13069, 0, 0, 0
114118, 36900, 1, 0, 0
115118, 16400, 0, 0, 0
115118, 41257, 1, 0, 0
116118, 14592, 0, 0, 0
116118, 40960, 1, 0, 0
117119, 15104, 0, 0, 0
117119, 40704, 1, 0, 0
118120, 13312, 0, 0, 0
118120, 37632, 1, 0, 0
119121, 14080, 0, 0, 0
119121, 40704, 1, 0, 0
120122, 14321, 0, 0, 0
120122, 42965, 1, 0, 0
121124, 14833, 0, 0, 0
121124, 41686, 1, 0, 0
122125, 14080, 0, 0, 0
122125, 34560, 1, 0, 0
123126, 12800, 0, 0, 0
123126, 35328, 1, 0, 0
124127, 14080, 0, 0, 0
124127, 39424, 1, 0, 0
125128, 16111, 0, 0, 0
125128, 44243, 1, 0, 0
126129, 13042, 0, 0, 0
126129, 38617, 1, 0, 0
127130, 16384, 0, 0, 0
127130, 39168, 1, 0, 0
128131, 15856, 0, 0, 0
128131, 38873, 1, 0, 0
129132, 16879, 0, 0, 0
129132, 39384, 1, 0, 0
130133, 17646, 0, 0, 0
130133, 39896, 1, 0, 0
131134, 14065, 0, 0, 0
131134, 37594, 1, 0, 0
132135, 18176, 0, 0, 0
132135, 35840, 1, 0, 0
133136, 18157, 0, 0, 0
133136, 40919, 1, 0, 0
134137, 18432, 0, 0, 0
134137, 40960, 1, 0, 0
135138, 17134, 0, 0, 0
135138, 35036, 1, 0, 0
136139, 21248, 0, 0, 0
136139, 40960, 1, 0, 0
137140, 22272, 0, 0, 0
137140, 37888, 1, 0, 0
138141, 24295, 0, 0, 0
138141, 40407, 1, 0, 0
139142, 19180, 0, 0, 0
139142, 32735, 1, 0, 0
140143, 21226, 0, 0, 0
140143, 35804, 1, 0, 0
141144, 20971, 0, 0, 0
141144, 40151, 1, 0, 0
142145, 22784, 0, 0, 0
142145, 40192, 1, 0, 0
143146, 20480, 0, 0, 0
143146, 40192, 1, 0, 0
144147, 20480, 0, 0, 0
144147, 39424, 1, 0, 0
145148, 19180, 0, 0, 0
145148, 37082, 1, 0, 0
146149, 18688, 0, 0, 0
146149, 35840, 1, 0, 0
147150, 16623, 0, 0, 0
147150, 36059, 1, 0, 0
148151, 15600, 0, 0, 0
148151, 36059, 1, 0, 0
149152, 20203, 0, 0, 0
149152, 38873, 1, 0, 0
150153, 17920, 0, 0, 0
150153, 37888, 1, 0, 0
151154, 19180, 0, 0, 0
151154, 37594, 1, 0, 0
152155, 16896, 0, 0, 0
152155, 36096, 1, 0, 0
153156, 18157, 0, 0, 0
153156, 35292, 1, 0, 0
154157, 21760, 0, 0, 0
154157, 41728, 1, 0, 0
155158, 21226, 0, 0, 0
155158, 38873, 1, 0, 0
156159, 17152, 0, 0, 0
156159, 37376, 1, 0, 0
157160, 17664, 0, 0, 0
157160, 36608, 1, 0, 0
158161, 17920, 0, 0, 0
158161, 34816, 1, 0, 0
159162, 19968, 0, 0, 0
159162, 36864, 1, 0, 0
160163, 19456, 0, 0, 0
160163, 38656, 1, 0, 0
161164, 20971, 0, 0, 0
161164, 39384, 1, 0, 0
162165, 18688, 0, 0, 0
162165, 35840, 1, 0, 0
163166, 19436, 0, 0, 0
163166, 36059, 1, 0, 0
164167, 20459, 0, 0, 0
164167, 34781, 1, 0, 0
165168, 19692, 0, 0, 0
165168, 34269, 1, 0, 0
166169, 22249, 0, 0, 0
166169, 39384, 1, 0, 0
167170, 22249, 0, 0, 0
167170, 39128, 1, 0, 0
168171, 17664, 0, 0, 0
168171, 32512, 1, 0, 0
169172, 19968, 0, 0, 0
169172, 36864, 1, 0, 0
170173, 20203, 0, 0, 0
170173, 37082, 1, 0, 0
171174, 19968, 0, 0, 0
171174, 37888, 1, 0, 0
172175, 20736, 0, 0, 0
172175, 38400, 1, 0, 0
173176, 21738, 0, 0, 0
173176, 38873, 1, 0, 0
174177, 20715, 0, 0, 0
174177, 36315, 1, 0, 0
175178, 18432, 0, 0, 0
175178, 33792, 1, 0, 0
176179, 17902, 0, 0, 0
176179, 33246, 1, 0, 0
177180, 20203, 0, 0, 0
177180, 32479, 1, 0, 0
178181, 23784, 0, 0, 0
178181, 40919, 1, 0, 0
179182, 24576, 0, 0, 0
179182, 39936, 1, 0, 0
