4000, 2562, 0, 0, 0
4000, 17425, 1, 0, 0
5000, 9993, 0, 0, 0
5000, 19219, 1, 0, 0
5999, 10250, 0, 0, 0
5999, 26650, 1, 0, 0
6999, 16656, 0, 0, 0
6999, 30750, 1, 0, 0
7998, 14350, 0, 0, 0
7998, 26650, 1, 0, 0
8998, 15631, 0, 0, 0
8998, 29213, 1, 0, 0
9998, 17681, 0, 0, 0
9998, 31263, 1, 0, 0
10997, 14350, 0, 0, 0
10997, 25881, 1, 0, 0
11999, 20459, 0, 0, 0
11999, 26597, 1, 0, 0
13000, 22505, 0, 0, 0
13000, 30177, 1, 0, 0
14002, 23272, 0, 0, 0
14002, 34269, 1, 0, 0
15003, 19948, 0, 0, 0
15003, 30945, 1, 0, 0
16005, 23272, 0, 0, 0
16005, 33502, 1, 0, 0
17006, 16111, 0, 0, 0
17006, 34781, 1, 0, 0
18008, 15344, 0, 0, 0
18008, 33758, 1, 0, 0
19009, 23272, 0, 0, 0
19009, 40151, 1, 0, 0
20010, 17390, 0, 0, 0
20010, 31456, 1, 0, 0
21012, 18925, 0, 0, 0
21012, 37850, 1, 0, 0
22013, 22505, 0, 0, 0
22013, 31968, 1, 0, 0
23015, 19180, 0, 0, 0
23015, 34269, 1, 0, 0
24016, 16111, 0, 0, 0
24016, 30945, 1, 0, 0
25017, 15088, 0, 0, 0
25017, 31712, 1, 0, 0
26018, 19436, 0, 0, 0
26018, 37850, 1, 0, 0
27020, 19180, 0, 0, 0
27020, 40151, 1, 0, 0
28021, 19948, 0, 0, 0
28021, 34013, 1, 0, 0
29022, 18669, 0, 0, 0
29022, 31200, 1, 0, 0
30024, 18157, 0, 0, 0
30024, 32479, 1, 0, 0
31025, 19436, 0, 0, 0
31025, 35804, 1, 0, 0
32026, 16623, 0, 0, 0
32026, 34269, 1, 0, 0
33027, 13810, 0, 0, 0
33027, 29154, 1, 0, 0
34029, 16367, 0, 0, 0
34029, 29154, 1, 0, 0
35030, 19948, 0, 0, 0
35030, 28387, 1, 0, 0
36031, 20715, 0, 0, 0
36031, 31456, 1, 0, 0
37032, 23272, 0, 0, 0
37032, 35036, 1, 0, 0
38034, 20459, 0, 0, 0
38034, 32223, 1, 0, 0
39035, 22249, 0, 0, 0
39035, 32223, 1, 0, 0
40036, 25574, 0, 0, 0
40036, 35292, 1, 0, 0
41038, 19692, 0, 0, 0
41038, 30945, 1, 0, 0
42039, 29922, 0, 0, 0
42039, 36315, 1, 0, 0
43040, 23016, 0, 0, 0
43040, 32479, 1, 0, 0
44042, 23272, 0, 0, 0
44042, 32479, 1, 0, 0
45043, 20971, 0, 0, 0
45043, 32223, 1, 0, 0
46045, 20459, 0, 0, 0
46045, 33502, 1, 0, 0
47058, 21249, 0, 0, 0
47058, 37438, 1, 0, 0
48059, 16879, 0, 0, 0
48059, 33758, 1, 0, 0
49060, 15344, 0, 0, 0
49060, 29922, 1, 0, 0
50061, 16367, 0, 0, 0
50061, 31712, 1, 0, 0
51062, 20715, 0, 0, 0
51062, 37082, 1, 0, 0
52063, 25830, 0, 0, 0
52063, 33246, 1, 0, 0
53064, 27648, 0, 0, 0
53064, 36096, 1, 0, 0
54065, 26597, 0, 0, 0
54065, 34013, 1, 0, 0
55067, 23016, 0, 0, 0
55067, 38617, 1, 0, 0
56068, 26341, 0, 0, 0
56068, 31200, 1, 0, 0
57069, 28643, 0, 0, 0
57069, 40919, 1, 0, 0
58070, 21482, 0, 0, 0
58070, 30945, 1, 0, 0
59071, 23528, 0, 0, 0
59071, 36315, 1, 0, 0
60072, 23272, 0, 0, 0
60072, 36059, 1, 0, 0
61074, 20459, 0, 0, 0
61074, 37850, 1, 0, 0
62075, 17902, 0, 0, 0
62075, 33502, 1, 0, 0
63076, 17646, 0, 0, 0
63076, 37850, 1, 0, 0
64077, 15600, 0, 0, 0
64077, 37594, 1, 0, 0
65078, 17134, 0, 0, 0
65078, 42197, 1, 0, 0
66079, 16623, 0, 0, 0
66079, 39896, 1, 0, 0
67080, 14321, 0, 0, 0
67080, 38617, 1, 0, 0
68081, 13568, 0, 0, 0
68081, 40960, 1, 0, 0
69082, 10485, 0, 0, 0
69082, 34525, 1, 0, 0
70083, 13042, 0, 0, 0
70083, 38617, 1, 0, 0
71084, 11764, 0, 0, 0
71084, 33758, 1, 0, 0
72086, 10741, 0, 0, 0
72086, 33502, 1, 0, 0
73087, 12787, 0, 0, 0
73087, 34525, 1, 0, 0
74088, 12531, 0, 0, 0
74088, 32479, 1, 0, 0
75089, 12544, 0, 0, 0
75089, 35584, 1, 0, 0
76090, 16128, 0, 0, 0
76090, 36864, 1, 0, 0
77091, 13568, 0, 0, 0
77091, 32512, 1, 0, 0
78092, 16111, 0, 0, 0
78092, 37338, 1, 0, 0
79092, 11520, 0, 0, 0
79092, 32000, 1, 0, 0
80093, 14577, 0, 0, 0
80093, 36315, 1, 0, 0
81095, 15856, 0, 0, 0
81095, 38873, 1, 0, 0
82096, 15856, 0, 0, 0
82096, 35804, 1, 0, 0
83097, 13042, 0, 0, 0
83097, 35036, 1, 0, 0
84098, 12800, 0, 0, 0
84098, 34048, 1, 0, 0
85099, 17134, 0, 0, 0
85099, 39384, 1, 0, 0
86100, 17134, 0, 0, 0
86100, 37338, 1, 0, 0
87101, 15600, 0, 0, 0
87101, 35036, 1, 0, 0
88102, 15344, 0, 0, 0
88102, 33758, 1, 0, 0
89103, 16367, 0, 0, 0
89103, 35036, 1, 0, 0
90104, 20203, 0, 0, 0
90104, 37850, 1, 0, 0
91105, 22249, 0, 0, 0
91105, 42965, 1, 0, 0
92107, 22505, 0, 0, 0
92107, 40407, 1, 0, 0
93108, 21482, 0, 0, 0
93108, 36059, 1, 0, 0
94109, 20715, 0, 0, 0
94109, 34525, 1, 0, 0
95110, 21226, 0, 0, 0
95110, 35804, 1, 0, 0
96111, 23272, 0, 0, 0
96111, 36059, 1, 0, 0
97112, 21994, 0, 0, 0
97112, 36059, 1, 0, 0
98113, 20715, 0, 0, 0
98113, 34781, 1, 0, 0
99114, 23272, 0, 0, 0
99114, 33502, 1, 0, 0
100115, 23040, 0, 0, 0
100115, 34304, 1, 0, 0
101116, 27876, 0, 0, 0
101116, 37850, 1, 0, 0
102117, 23272, 0, 0, 0
102117, 34781, 1, 0, 0
103118, 30433, 0, 0, 0
103118, 32223, 1, 0, 0
104118, 24600, 0, 0, 0
104118, 31007, 1, 0, 0
105118, 24344, 0, 0, 0
105118, 33057, 1, 0, 0
106118, 26624, 0, 0, 0
106118, 33536, 1, 0, 0
107118, 24600, 0, 0, 0
107118, 31263, 1, 0, 0
108118, 28188, 0, 0, 0
108118, 35875, 1, 0, 0
109118, 29952, 0, 0, 0
109118, 32256, 1, 0, 0
110118, 29440, 0, 0, 0
110118, 38144, 1, 0, 0
111118, 30720, 0, 0, 0
111118, 37120, 1, 0, 0
112118, 28956, 0, 0, 0
112118, 33569, 1, 0, 0
113118, 35584, 0, 0, 0
113118, 42496, 1, 0, 0
114118, 30750, 0, 0, 0
114118, 34338, 1, 0, 0
115118, 31263, 0, 0, 0
115118, 35363, 1, 0, 0
116118, 34048, 0, 0, 0
116118, 38912, 1, 0, 0
117119, 28928, 0, 0, 0
117119, 35840, 1, 0, 0
118120, 28672, 0, 0, 0
118120, 32768, 1, 0, 0
119121, 26368, 0, 0, 0
119121, 33280, 1, 0, 0
120122, 28131, 0, 0, 0
120122, 35804, 1, 0, 0
121123, 32223, 0, 0, 0
121123, 34269, 1, 0, 0
122124, 27648, 0, 0, 0
122124, 31488, 1, 0, 0
123125, 25600, 0, 0, 0
123125, 32768, 1, 0, 0
124126, 30208, 0, 0, 0
124126, 39680, 1, 0, 0
125127, 30689, 0, 0, 0
125127, 41430, 1, 0, 0
126128, 29410, 0, 0, 0
126128, 35548, 1, 0, 0
127129, 22784, 0, 0, 0
127129, 32512, 1, 0, 0
128130, 26341, 0, 0, 0
128130, 36827, 1, 0, 0
129131, 26085, 0, 0, 0
129131, 34781, 1, 0, 0
130133, 22505, 0, 0, 0
130133, 33246, 1, 0, 0
131134, 26085, 0, 0, 0
131134, 36827, 1, 0, 0
132135, 31744, 0, 0, 0
132135, 36864, 1, 0, 0
133136, 29410, 0, 0, 0
133136, 35036, 1, 0, 0
134137, 25856, 0, 0, 0
134137, 31488, 1, 0, 0
135138, 28387, 0, 0, 0
135138, 34013, 1, 0, 0
136139, 32768, 0, 0, 0
136139, 32768, 1, 0, 0
137140, 29696, 0, 0, 0
137140, 32256, 1, 0, 0
138141, 29154, 0, 0, 0
138141, 33502, 1, 0, 0
139142, 28387, 0, 0, 0
139142, 35548, 1, 0, 0
140143, 29154, 0, 0, 0
140143, 34013, 1, 0, 0
141144, 30433, 0, 0, 0
141144, 34781, 1, 0, 0
142145, 29696, 0, 0, 0
142145, 35584, 1, 0, 0
143146, 25600, 0, 0, 0
143146, 33536, 1, 0, 0
144147, 26624, 0, 0, 0
144147, 35840, 1, 0, 0
145148, 34013, 0, 0, 0
145148, 36571, 1, 0, 0
146149, 27648, 0, 0, 0
146149, 28416, 1, 0, 0
147150, 29154, 0, 0, 0
147150, 35292, 1, 0, 0
148151, 24551, 0, 0, 0
148151, 31968, 1, 0, 0
149152, 30689, 0, 0, 0
149152, 31456, 1, 0, 0
150153, 24320, 0, 0, 0
150153, 29184, 1, 0, 0
151154, 30689, 0, 0, 0
151154, 34269, 1, 0, 0
152155, 25344, 0, 0, 0
152155, 31488, 1, 0, 0
153156, 29922, 0, 0, 0
153156, 34781, 1, 0, 0
154157, 25344, 0, 0, 0
154157, 30976, 1, 0, 0
155158, 24295, 0, 0, 0
155158, 32735, 1, 0, 0
156159, 24832, 0, 0, 0
156159, 30208, 1, 0, 0
157160, 25856, 0, 0, 0
157160, 31744, 1, 0, 0
158161, 26624, 0, 0, 0
158161, 33280, 1, 0, 0
159162, 27136, 0, 0, 0
159162, 37632, 1, 0, 0
160163, 25088, 0, 0, 0
160163, 35584, 1, 0, 0
161164, 25062, 0, 0, 0
161164, 36571, 1, 0, 0
162165, 24064, 0, 0, 0
162165, 33792, 1, 0, 0
163166, 23784, 0, 0, 0
163166, 35804, 1, 0, 0
164167, 18669, 0, 0, 0
164167, 27364, 1, 0, 0
165168, 25318, 0, 0, 0
165168, 37338, 1, 0, 0
166169, 23528, 0, 0, 0
166169, 36315, 1, 0, 0
167170, 20971, 0, 0, 0
167170, 29666, 1, 0, 0
168171, 22272, 0, 0, 0
168171, 33280, 1, 0, 0
169172, 23040, 0, 0, 0
169172, 37376, 1, 0, 0
170173, 23528, 0, 0, 0
170173, 35804, 1, 0, 0
171174, 18688, 0, 0, 0
171174, 31488, 1, 0, 0
172175, 20736, 0, 0, 0
172175, 30976, 1, 0, 0
173176, 19180, 0, 0, 0
173176, 29410, 1, 0, 0
174177, 22761, 0, 0, 0
174177, 38105, 1, 0, 0
175178, 21248, 0, 0, 0
175178, 35584, 1, 0, 0
176179, 20203, 0, 0, 0
176179, 31712, 1, 0, 0
177180, 21226, 0, 0, 0
177180, 37338, 1, 0, 0
178181, 18413, 0, 0, 0
178181, 31712, 1, 0, 0
179182, 16384, 0, 0, 0
179182, 29952, 1, 0, 0
