4000, 2818, 0, 0, 0
4000, 18194, 1, 0, 0
4999, 10762, 0, 0, 0
4999, 23319, 1, 0, 0
5999, 16656, 0, 0, 0
5999, 29469, 1, 0, 0
6998, 17937, 0, 0, 0
6998, 29469, 1, 0, 0
7998, 13581, 0, 0, 0
7998, 28700, 1, 0, 0
8997, 11531, 0, 0, 0
8997, 28188, 1, 0, 0
9999, 15856, 0, 0, 0
9999, 32479, 1, 0, 0
11001, 13554, 0, 0, 0
11001, 29154, 1, 0, 0
12003, 16879, 0, 0, 0
12003, 30177, 1, 0, 0
13004, 18925, 0, 0, 0
13004, 27876, 1, 0, 0
14005, 22505, 0, 0, 0
14005, 28899, 1, 0, 0
15007, 20971, 0, 0, 0
15007, 31456, 1, 0, 0
16008, 19180, 0, 0, 0
16008, 28643, 1, 0, 0
17010, 13554, 0, 0, 0
17010, 28899, 1, 0, 0
18011, 18925, 0, 0, 0
18011, 29922, 1, 0, 0
19013, 13810, 0, 0, 0
19013, 29922, 1, 0, 0
20014, 16367, 0, 0, 0
20014, 29922, 1, 0, 0
21016, 16111, 0, 0, 0
21016, 31712, 1, 0, 0
22017, 18925, 0, 0, 0
22017, 35548, 1, 0, 0
23018, 17646, 0, 0, 0
23018, 32991, 1, 0, 0
24020, 16623, 0, 0, 0
24020, 32223, 1, 0, 0
25021, 20203, 0, 0, 0
25021, 38105, 1, 0, 0
26022, 18413, 0, 0, 0
26022, 37850, 1, 0, 0
27023, 15088, 0, 0, 0
27023, 38105, 1, 0, 0
28024, 13042, 0, 0, 0
28024, 37338, 1, 0, 0
29026, 11252, 0, 0, 0
29026, 32735, 1, 0, 0
30027, 9718, 0, 0, 0
30027, 38105, 1, 0, 0
31029, 11252, 0, 0, 0
31029, 34013, 1, 0, 0
32030, 13554, 0, 0, 0
32030, 34269, 1, 0, 0
33031, 15856, 0, 0, 0
33031, 31712, 1, 0, 0
34032, 16111, 0, 0, 0
34032, 35036, 1, 0, 0
35033, 16367, 0, 0, 0
35033, 33502, 1, 0, 0
36035, 20715, 0, 0, 0
36035, 34525, 1, 0, 0
37036, 18157, 0, 0, 0
37036, 30689, 1, 0, 0
38037, 20971, 0, 0, 0
38037, 29666, 1, 0, 0
39039, 22249, 0, 0, 0
39039, 33502, 1, 0, 0
40040, 16623, 0, 0, 0
40040, 25574, 1, 0, 0
41041, 21738, 0, 0, 0
41041, 32223, 1, 0, 0
42043, 21226, 0, 0, 0
42043, 34525, 1, 0, 0
43044, 21226, 0, 0, 0
43044, 30945, 1, 0, 0
44046, 21482, 0, 0, 0
44046, 34525, 1, 0, 0
45047, 18157, 0, 0, 0
45047, 34013, 1, 0, 0
46048, 16367, 0, 0, 0
46048, 32735, 1, 0, 0
47061, 14924, 0, 0, 0
47061, 32126, 1, 0, 0
48062, 14833, 0, 0, 0
48062, 31456, 1, 0, 0
49064, 14833, 0, 0, 0
49064, 33246, 1, 0, 0
50065, 16111, 0, 0, 0
50065, 33246, 1, 0, 0
51066, 13810, 0, 0, 0
51066, 37338, 1, 0, 0
52067, 13042, 0, 0, 0
52067, 34781, 1, 0, 0
53068, 12032, 0, 0, 0
53068, 33024, 1, 0, 0
54069, 9718, 0, 0, 0
54069, 30689, 1, 0, 0
55070, 12019, 0, 0, 0
55070, 34781, 1, 0, 0
56071, 12531, 0, 0, 0
56071, 33502, 1, 0, 0
57073, 9718, 0, 0, 0
57073, 30433, 1, 0, 0
58074, 12019, 0, 0, 0
58074, 32479, 1, 0, 0
59075, 13810, 0, 0, 0
59075, 31456, 1, 0, 0
60076, 14321, 0, 0, 0
60076, 36315, 1, 0, 0
61077, 15600, 0, 0, 0
61077, 34013, 1, 0, 0
62078, 15344, 0, 0, 0
62078, 32223, 1, 0, 0
63080, 16367, 0, 0, 0
63080, 31712, 1, 0, 0
64081, 17646, 0, 0, 0
64081, 32223, 1, 0, 0
65082, 19436, 0, 0, 0
65082, 35804, 1, 0, 0
66083, 15856, 0, 0, 0
66083, 32223, 1, 0, 0
67084, 14577, 0, 0, 0
67084, 28131, 1, 0, 0
68085, 21504, 0, 0, 0
68085, 33280, 1, 0, 0
69086, 18413, 0, 0, 0
69086, 32223, 1, 0, 0
70087, 15600, 0, 0, 0
70087, 27876, 1, 0, 0
71088, 15856, 0, 0, 0
71088, 29922, 1, 0, 0
72089, 14065, 0, 0, 0
72089, 28131, 1, 0, 0
73090, 16111, 0, 0, 0
73090, 31712, 1, 0, 0
74091, 19180, 0, 0, 0
74091, 34781, 1, 0, 0
75092, 18688, 0, 0, 0
75092, 32256, 1, 0, 0
76093, 18944, 0, 0, 0
76093, 32256, 1, 0, 0
77094, 19712, 0, 0, 0
77094, 34816, 1, 0, 0
78095, 16879, 0, 0, 0
78095, 28643, 1, 0, 0
79096, 15616, 0, 0, 0
79096, 29696, 1, 0, 0
80097, 17646, 0, 0, 0
80097, 32735, 1, 0, 0
81098, 20203, 0, 0, 0
81098, 34013, 1, 0, 0
82099, 17902, 0, 0, 0
82099, 33246, 1, 0, 0
83100, 18669, 0, 0, 0
83100, 29154, 1, 0, 0
84101, 21248, 0, 0, 0
84101, 33792, 1, 0, 0
85102, 17134, 0, 0, 0
85102, 30177, 1, 0, 0
86103, 16623, 0, 0, 0
86103, 30689, 1, 0, 0
87104, 18157, 0, 0, 0
87104, 34525, 1, 0, 0
88106, 16111, 0, 0, 0
88106, 30945, 1, 0, 0
89107, 18413, 0, 0, 0
89107, 27620, 1, 0, 0
90108, 18157, 0, 0, 0
90108, 30945, 1, 0, 0
91109, 22761, 0, 0, 0
91109, 33246, 1, 0, 0
92110, 22249, 0, 0, 0
92110, 30945, 1, 0, 0
93111, 22249, 0, 0, 0
93111, 31456, 1, 0, 0
94112, 19436, 0, 0, 0
94112, 30689, 1, 0, 0
95113, 22761, 0, 0, 0
95113, 31968, 1, 0, 0
96114, 23016, 0, 0, 0
96114, 33246, 1, 0, 0
97115, 21482, 0, 0, 0
97115, 33502, 1, 0, 0
98117, 16623, 0, 0, 0
98117, 26085, 1, 0, 0
99118, 19436, 0, 0, 0
99118, 29922, 1, 0, 0
100119, 25344, 0, 0, 0
100119, 38144, 1, 0, 0
101120, 24551, 0, 0, 0
101120, 31712, 1, 0, 0
102121, 19180, 0, 0, 0
102121, 30689, 1, 0, 0
103122, 18413, 0, 0, 0
103122, 28643, 1, 0, 0
104122, 21269, 0, 0, 0
104122, 32032, 1, 0, 0
105122, 21013, 0, 0, 0
105122, 29725, 1, 0, 0
106122, 19968, 0, 0, 0
106122, 29952, 1, 0, 0
107122, 23575, 0, 0, 0
107122, 33825, 1, 0, 0
108122, 17937, 0, 0, 0
108122, 25625, 1, 0, 0
109122, 23296, 0, 0, 0
109122, 33024, 1, 0, 0
110122, 22272, 0, 0, 0
110122, 34048, 1, 0, 0
111122, 16384, 0, 0, 0
111122, 27136, 1, 0, 0
112122, 20244, 0, 0, 0
112122, 32288, 1, 0, 0
113122, 21504, 0, 0, 0
113122, 33536, 1, 0, 0
114122, 19987, 0, 0, 0
114122, 32032, 1, 0, 0
115122, 19219, 0, 0, 0
115122, 30750, 1, 0, 0
116122, 17920, 0, 0, 0
116122, 31232, 1, 0, 0
117123, 23296, 0, 0, 0
117123, 37376, 1, 0, 0
118124, 20224, 0, 0, 0
118124, 32512, 1, 0, 0
119125, 19456, 0, 0, 0
119125, 33792, 1, 0, 0
120126, 20459, 0, 0, 0
120126, 32223, 1, 0, 0
121127, 18925, 0, 0, 0
121127, 33246, 1, 0, 0
122128, 16640, 0, 0, 0
122128, 31488, 1, 0, 0
123129, 16128, 0, 0, 0
123129, 32256, 1, 0, 0
124130, 17920, 0, 0, 0
124130, 33024, 1, 0, 0
125131, 16623, 0, 0, 0
125131, 29410, 1, 0, 0
126132, 15856, 0, 0, 0
126132, 28643, 1, 0, 0
127133, 16640, 0, 0, 0
127133, 31744, 1, 0, 0
128134, 16879, 0, 0, 0
128134, 31712, 1, 0, 0
129135, 14065, 0, 0, 0
129135, 30177, 1, 0, 0
130136, 16623, 0, 0, 0
130136, 33246, 1, 0, 0
131137, 14833, 0, 0, 0
131137, 34269, 1, 0, 0
132138, 14592, 0, 0, 0
132138, 31744, 1, 0, 0
133139, 12275, 0, 0, 0
133139, 34525, 1, 0, 0
134140, 10240, 0, 0, 0
134140, 29184, 1, 0, 0
135142, 11252, 0, 0, 0
135142, 31200, 1, 0, 0
136143, 10496, 0, 0, 0
136143, 33280, 1, 0, 0
137143, 11008, 0, 0, 0
137143, 28160, 1, 0, 0
138144, 11764, 0, 0, 0
138144, 36827, 1, 0, 0
139146, 10997, 0, 0, 0
139146, 33502, 1, 0, 0
140147, 9718, 0, 0, 0
140147, 28899, 1, 0, 0
141148, 10485, 0, 0, 0
141148, 28643, 1, 0, 0
142149, 11264, 0, 0, 0
142149, 28928, 1, 0, 0
143149, 13056, 0, 0, 0
143149, 32512, 1, 0, 0
144150, 15872, 0, 0, 0
144150, 30208, 1, 0, 0
145152, 14321, 0, 0, 0
145152, 32223, 1, 0, 0
146153, 14336, 0, 0, 0
146153, 31232, 1, 0, 0
147154, 15600, 0, 0, 0
147154, 32479, 1, 0, 0
148155, 16879, 0, 0, 0
148155, 33502, 1, 0, 0
149156, 13042, 0, 0, 0
149156, 33246, 1, 0, 0
150157, 15360, 0, 0, 0
150157, 36608, 1, 0, 0
151158, 12019, 0, 0, 0
151158, 29410, 1, 0, 0
152159, 14848, 0, 0, 0
152159, 34304, 1, 0, 0
153160, 14577, 0, 0, 0
153160, 35292, 1, 0, 0
154161, 13056, 0, 0, 0
154161, 29696, 1, 0, 0
155162, 14065, 0, 0, 0
155162, 30945, 1, 0, 0
156163, 13568, 0, 0, 0
156163, 33280, 1, 0, 0
157164, 16128, 0, 0, 0
157164, 35328, 1, 0, 0
158165, 13824, 0, 0, 0
158165, 34048, 1, 0, 0
159166, 15872, 0, 0, 0
159166, 36608, 1, 0, 0
160167, 15616, 0, 0, 0
160167, 35840, 1, 0, 0
161168, 15344, 0, 0, 0
161168, 33246, 1, 0, 0
162169, 13568, 0, 0, 0
162169, 32768, 1, 0, 0
163170, 10741, 0, 0, 0
163170, 26853, 1, 0, 0
164171, 14833, 0, 0, 0
164171, 34525, 1, 0, 0
165172, 15600, 0, 0, 0
165172, 35292, 1, 0, 0
166173, 14321, 0, 0, 0
166173, 34781, 1, 0, 0
167174, 13042, 0, 0, 0
167174, 30945, 1, 0, 0
168175, 14848, 0, 0, 0
168175, 30208, 1, 0, 0
169175, 16896, 0, 0, 0
169175, 34816, 1, 0, 0
170177, 18669, 0, 0, 0
170177, 38105, 1, 0, 0
171178, 18432, 0, 0, 0
171178, 33280, 1, 0, 0
172178, 20224, 0, 0, 0
172178, 35072, 1, 0, 0
173179, 17134, 0, 0, 0
173179, 34013, 1, 0, 0
174181, 16879, 0, 0, 0
174181, 34013, 1, 0, 0
175181, 14592, 0, 0, 0
175181, 25600, 1, 0, 0
176182, 18157, 0, 0, 0
176182, 35292, 1, 0, 0
177184, 17390, 0, 0, 0
177184, 36571, 1, 0, 0
178185, 15344, 0, 0, 0
178185, 30177, 1, 0, 0
179186, 16896, 0, 0, 0
179186, 33536, 1, 0, 0
