4003, 19436, 0, 0, 0
4003, 50125, 1, 0, 0
5004, 12787, 0, 0, 0
5004, 29154, 1, 0, 0
6006, 18925, 0, 0, 0
6006, 30433, 1, 0, 0
7008, 23528, 0, 0, 0
7008, 31456, 1, 0, 0
8009, 30689, 0, 0, 0
8009, 34013, 1, 0, 0
9011, 30689, 0, 0, 0
9011, 31712, 1, 0, 0
10012, 23528, 0, 0, 0
10012, 31712, 1, 0, 0
11014, 20203, 0, 0, 0
11014, 30945, 1, 0, 0
12015, 16128, 0, 0, 0
12015, 29440, 1, 0, 0
13016, 15600, 0, 0, 0
13016, 28899, 1, 0, 0
14018, 18413, 0, 0, 0
14018, 35292, 1, 0, 0
15019, 14577, 0, 0, 0
15019, 28643, 1, 0, 0
16021, 17390, 0, 0, 0
16021, 29410, 1, 0, 0
17022, 22505, 0, 0, 0
17022, 32991, 1, 0, 0
18024, 17134, 0, 0, 0
18024, 30689, 1, 0, 0
19025, 16367, 0, 0, 0
19025, 32223, 1, 0, 0
20027, 20203, 0, 0, 0
20027, 32735, 1, 0, 0
21028, 21994, 0, 0, 0
21028, 33502, 1, 0, 0
22029, 24039, 0, 0, 0
22029, 34781, 1, 0, 0
23031, 19436, 0, 0, 0
23031, 32735, 1, 0, 0
24032, 19436, 0, 0, 0
24032, 30689, 1, 0, 0
25033, 19948, 0, 0, 0
25033, 31456, 1, 0, 0
26035, 20971, 0, 0, 0
26035, 35036, 1, 0, 0
27036, 19436, 0, 0, 0
27036, 31712, 1, 0, 0
28037, 18413, 0, 0, 0
28037, 30433, 1, 0, 0
29038, 18157, 0, 0, 0
29038, 30433, 1, 0, 0
30040, 18925, 0, 0, 0
30040, 36571, 1, 0, 0
31041, 15600, 0, 0, 0
31041, 27364, 1, 0, 0
32042, 15344, 0, 0, 0
32042, 30177, 1, 0, 0
33044, 16623, 0, 0, 0
33044, 31968, 1, 0, 0
34045, 16111, 0, 0, 0
34045, 30945, 1, 0, 0
35045, 18688, 0, 0, 0
35045, 29952, 1, 0, 0
36045, 18944, 0, 0, 0
36045, 32000, 1, 0, 0
37045, 19219, 0, 0, 0
37045, 28700, 1, 0, 0
38045, 22784, 0, 0, 0
38045, 30976, 1, 0, 0
39045, 17152, 0, 0, 0
39045, 24832, 1, 0, 0
40044, 24344, 0, 0, 0
40044, 35363, 1, 0, 0
41045, 21248, 0, 0, 0
41045, 31488, 1, 0, 0
42045, 23552, 0, 0, 0
42045, 36608, 1, 0, 0
43045, 19475, 0, 0, 0
43045, 31519, 1, 0, 0
44045, 18944, 0, 0, 0
44045, 31232, 1, 0, 0
45045, 16144, 0, 0, 0
45045, 29469, 1, 0, 0
46045, 17408, 0, 0, 0
46045, 31744, 1, 0, 0
47045, 16384, 0, 0, 0
47045, 28160, 1, 0, 0
48045, 18450, 0, 0, 0
48045, 30494, 1, 0, 0
49045, 17920, 0, 0, 0
49045, 30976, 1, 0, 0
50045, 17152, 0, 0, 0
50045, 30976, 1, 0, 0
51045, 17664, 0, 0, 0
51045, 33280, 1, 0, 0
52044, 14350, 0, 0, 0
52044, 26906, 1, 0, 0
53044, 15360, 0, 0, 0
53044, 31232, 1, 0, 0
54044, 17664, 0, 0, 0
54044, 29184, 1, 0, 0
55045, 15616, 0, 0, 0
55045, 26880, 1, 0, 0
56045, 17920, 0, 0, 0
56045, 29696, 1, 0, 0
57045, 18688, 0, 0, 0
57045, 29184, 1, 0, 0
58045, 20736, 0, 0, 0
58045, 34560, 1, 0, 0
59045, 16640, 0, 0, 0
59045, 28160, 1, 0, 0
60045, 20500, 0, 0, 0
60045, 32288, 1, 0, 0
61045, 25600, 0, 0, 0
61045, 31488, 1, 0, 0
62045, 21248, 0, 0, 0
62045, 30208, 1, 0, 0
63045, 21504, 0, 0, 0
63045, 29184, 1, 0, 0
64045, 24064, 0, 0, 0
64045, 31488, 1, 0, 0
65045, 22528, 0, 0, 0
65045, 35072, 1, 0, 0
66045, 23552, 0, 0, 0
66045, 34048, 1, 0, 0
67044, 17169, 0, 0, 0
67044, 32032, 1, 0, 0
68044, 18962, 0, 0, 0
68044, 32544, 1, 0, 0
69044, 16128, 0, 0, 0
69044, 27648, 1, 0, 0
70044, 19456, 0, 0, 0
70044, 33024, 1, 0, 0
71045, 18944, 0, 0, 0
71045, 31744, 1, 0, 0
72045, 15104, 0, 0, 0
72045, 29952, 1, 0, 0
73045, 18176, 0, 0, 0
73045, 30720, 1, 0, 0
74045, 21248, 0, 0, 0
74045, 37376, 1, 0, 0
75045, 17425, 0, 0, 0
75045, 33825, 1, 0, 0
76045, 17681, 0, 0, 0
76045, 32544, 1, 0, 0
77045, 16144, 0, 0, 0
77045, 31519, 1, 0, 0
78045, 16896, 0, 0, 0
78045, 31488, 1, 0, 0
79045, 14350, 0, 0, 0
79045, 28188, 1, 0, 0
80045, 15872, 0, 0, 0
80045, 26880, 1, 0, 0
81045, 19712, 0, 0, 0
81045, 34048, 1, 0, 0
82045, 19712, 0, 0, 0
82045, 31232, 1, 0, 0
83045, 18432, 0, 0, 0
83045, 32512, 1, 0, 0
84045, 16640, 0, 0, 0
84045, 28672, 1, 0, 0
85045, 16128, 0, 0, 0
85045, 25856, 1, 0, 0
86045, 17664, 0, 0, 0
86045, 32256, 1, 0, 0
87045, 17920, 0, 0, 0
87045, 29184, 1, 0, 0
88045, 20224, 0, 0, 0
88045, 31232, 1, 0, 0
89045, 20480, 0, 0, 0
89045, 29184, 1, 0, 0
90045, 22528, 0, 0, 0
90045, 32000, 1, 0, 0
91044, 27675, 0, 0, 0
91044, 38694, 1, 0, 0
92045, 20736, 0, 0, 0
92045, 27392, 1, 0, 0
93045, 22784, 0, 0, 0
93045, 30720, 1, 0, 0
94045, 22784, 0, 0, 0
94045, 32256, 1, 0, 0
95045, 21781, 0, 0, 0
95045, 31775, 1, 0, 0
96045, 20224, 0, 0, 0
96045, 27136, 1, 0, 0
97045, 22272, 0, 0, 0
97045, 31488, 1, 0, 0
98045, 18944, 0, 0, 0
98045, 28416, 1, 0, 0
99045, 18432, 0, 0, 0
99045, 28160, 1, 0, 0
100045, 23575, 0, 0, 0
100045, 33825, 1, 0, 0
101045, 22016, 0, 0, 0
101045, 34560, 1, 0, 0
102044, 18450, 0, 0, 0
102044, 29469, 1, 0, 0
103044, 22272, 0, 0, 0
103044, 34048, 1, 0, 0
104044, 20500, 0, 0, 0
104044, 35363, 1, 0, 0
105044, 18450, 0, 0, 0
105044, 31007, 1, 0, 0
106044, 19219, 0, 0, 0
106044, 29981, 1, 0, 0
107044, 17408, 0, 0, 0
107044, 29952, 1, 0, 0
108044, 21269, 0, 0, 0
108044, 34082, 1, 0, 0
109044, 19475, 0, 0, 0
109044, 33825, 1, 0, 0
110044, 16912, 0, 0, 0
110044, 31775, 1, 0, 0
111044, 19968, 0, 0, 0
111044, 34304, 1, 0, 0
112044, 17664, 0, 0, 0
112044, 32000, 1, 0, 0
113044, 20500, 0, 0, 0
113044, 39719, 1, 0, 0
114044, 18432, 0, 0, 0
114044, 33792, 1, 0, 0
115044, 16912, 0, 0, 0
115044, 31775, 1, 0, 0
116045, 15616, 0, 0, 0
116045, 29952, 1, 0, 0
117045, 12812, 0, 0, 0
117045, 29213, 1, 0, 0
118045, 17169, 0, 0, 0
118045, 33825, 1, 0, 0
119045, 16144, 0, 0, 0
119045, 32288, 1, 0, 0
120045, 15616, 0, 0, 0
120045, 34048, 1, 0, 0
121045, 15104, 0, 0, 0
121045, 32000, 1, 0, 0
122045, 16912, 0, 0, 0
122045, 32544, 1, 0, 0
123045, 16656, 0, 0, 0
123045, 34850, 1, 0, 0
124044, 16400, 0, 0, 0
124044, 34594, 1, 0, 0
125044, 17920, 0, 0, 0
125044, 30208, 1, 0, 0
126044, 21269, 0, 0, 0
126044, 34338, 1, 0, 0
127045, 21760, 0, 0, 0
127045, 31744, 1, 0, 0
128044, 23575, 0, 0, 0
128044, 35107, 1, 0, 0
129045, 18688, 0, 0, 0
129045, 28416, 1, 0, 0
130045, 22784, 0, 0, 0
130045, 35328, 1, 0, 0
131045, 24832, 0, 0, 0
131045, 34560, 1, 0, 0
132045, 21525, 0, 0, 0
132045, 33825, 1, 0, 0
133045, 23063, 0, 0, 0
133045, 35363, 1, 0, 0
134045, 22528, 0, 0, 0
134045, 34816, 1, 0, 0
135045, 20480, 0, 0, 0
135045, 33536, 1, 0, 0
136045, 20736, 0, 0, 0
136045, 30976, 1, 0, 0
137045, 19987, 0, 0, 0
137045, 31263, 1, 0, 0
138045, 21013, 0, 0, 0
138045, 33825, 1, 0, 0
139045, 22784, 0, 0, 0
139045, 35328, 1, 0, 0
140045, 21525, 0, 0, 0
140045, 33569, 1, 0, 0
141045, 19712, 0, 0, 0
141045, 32768, 1, 0, 0
142045, 19712, 0, 0, 0
142045, 32768, 1, 0, 0
143045, 18450, 0, 0, 0
143045, 30494, 1, 0, 0
144045, 20500, 0, 0, 0
144045, 34594, 1, 0, 0
145045, 21760, 0, 0, 0
145045, 28672, 1, 0, 0
146045, 17408, 0, 0, 0
146045, 29952, 1, 0, 0
147045, 21504, 0, 0, 0
147045, 33536, 1, 0, 0
148045, 19200, 0, 0, 0
148045, 30208, 1, 0, 0
149045, 17152, 0, 0, 0
149045, 28672, 1, 0, 0
150045, 23040, 0, 0, 0
150045, 36864, 1, 0, 0
151044, 19987, 0, 0, 0
151044, 33825, 1, 0, 0
152044, 24064, 0, 0, 0
152044, 39936, 1, 0, 0
153045, 22528, 0, 0, 0
153045, 40448, 1, 0, 0
154044, 17937, 0, 0, 0
154044, 35875, 1, 0, 0
155045, 23040, 0, 0, 0
155045, 36096, 1, 0, 0
156044, 16144, 0, 0, 0
156044, 31007, 1, 0, 0
157044, 17681, 0, 0, 0
157044, 32544, 1, 0, 0
158044, 17169, 0, 0, 0
158044, 34082, 1, 0, 0
159045, 16128, 0, 0, 0
159045, 32512, 1, 0, 0
160045, 16400, 0, 0, 0
160045, 32288, 1, 0, 0
161045, 19475, 0, 0, 0
161045, 35619, 1, 0, 0
162045, 19200, 0, 0, 0
162045, 35584, 1, 0, 0
163045, 19987, 0, 0, 0
163045, 36900, 1, 0, 0
164045, 18944, 0, 0, 0
164045, 33536, 1, 0, 0
165045, 19731, 0, 0, 0
165045, 35363, 1, 0, 0
166044, 16912, 0, 0, 0
166044, 32032, 1, 0, 0
167044, 18432, 0, 0, 0
167044, 33280, 1, 0, 0
168044, 14862, 0, 0, 0
168044, 27419, 1, 0, 0
169046, 15344, 0, 0, 0
169046, 32223, 1, 0, 0
170045, 17425, 0, 0, 0
170045, 33057, 1, 0, 0
171045, 17408, 0, 0, 0
171045, 38400, 1, 0, 0
172045, 15631, 0, 0, 0
172045, 33313, 1, 0, 0
173045, 14606, 0, 0, 0
173045, 32800, 1, 0, 0
174045, 13824, 0, 0, 0
174045, 29184, 1, 0, 0
175045, 15375, 0, 0, 0
175045, 33057, 1, 0, 0
176045, 14350, 0, 0, 0
176045, 33057, 1, 0, 0
177045, 12544, 0, 0, 0
177045, 37120, 1, 0, 0
178045, 13824, 0, 0, 0
178045, 34560, 1, 0, 0
179045, 14080, 0, 0, 0
179045, 33792, 1, 0, 0
