4000, 4100, 0, 0, 0
4000, 18962, 1, 0, 0
4999, 8712, 0, 0, 0
4999, 25881, 1, 0, 0
5998, 25625, 0, 0, 0
5998, 30238, 1, 0, 0
6998, 24600, 0, 0, 0
6998, 35107, 1, 0, 0
7998, 22038, 0, 0, 0
7998, 28444, 1, 0, 0
8997, 18194, 0, 0, 0
8997, 26906, 1, 0, 0
9999, 26597, 0, 0, 0
9999, 31712, 1, 0, 0
11001, 24807, 0, 0, 0
11001, 30945, 1, 0, 0
12001, 23040, 0, 0, 0
12001, 30720, 1, 0, 0
13003, 24551, 0, 0, 0
13003, 26853, 1, 0, 0
14004, 20971, 0, 0, 0
14004, 32735, 1, 0, 0
15005, 24551, 0, 0, 0
15005, 35036, 1, 0, 0
16007, 21738, 0, 0, 0
16007, 38617, 1, 0, 0
17009, 21226, 0, 0, 0
17009, 37850, 1, 0, 0
18010, 17390, 0, 0, 0
18010, 36571, 1, 0, 0
19012, 18157, 0, 0, 0
19012, 31200, 1, 0, 0
20013, 18925, 0, 0, 0
20013, 29922, 1, 0, 0
21013, 22272, 0, 0, 0
21013, 35072, 1, 0, 0
22013, 21269, 0, 0, 0
22013, 34338, 1, 0, 0
23013, 19712, 0, 0, 0
23013, 26880, 1, 0, 0
24013, 20992, 0, 0, 0
24013, 32000, 1, 0, 0
25013, 17681, 0, 0, 0
25013, 29213, 1, 0, 0
26013, 19712, 0, 0, 0
26013, 33024, 1, 0, 0
27013, 19968, 0, 0, 0
27013, 30208, 1, 0, 0
28013, 23552, 0, 0, 0
28013, 34816, 1, 0, 0
29013, 17937, 0, 0, 0
29013, 29981, 1, 0, 0
30013, 18176, 0, 0, 0
30013, 34304, 1, 0, 0
31013, 17152, 0, 0, 0
31013, 33536, 1, 0, 0
32013, 15119, 0, 0, 0
32013, 31007, 1, 0, 0
33012, 16656, 0, 0, 0
33012, 34850, 1, 0, 0
34013, 13554, 0, 0, 0
34013, 32991, 1, 0, 0
35013, 18688, 0, 0, 0
35013, 34048, 1, 0, 0
36013, 22272, 0, 0, 0
36013, 32512, 1, 0, 0
37013, 22038, 0, 0, 0
37013, 32032, 1, 0, 0
38013, 21504, 0, 0, 0
38013, 30208, 1, 0, 0
39013, 20480, 0, 0, 0
39013, 27136, 1, 0, 0
40013, 21525, 0, 0, 0
40013, 30494, 1, 0, 0
41013, 24320, 0, 0, 0
41013, 35584, 1, 0, 0
42013, 20480, 0, 0, 0
42013, 32768, 1, 0, 0
43013, 22038, 0, 0, 0
43013, 34594, 1, 0, 0
44013, 22016, 0, 0, 0
44013, 33536, 1, 0, 0
45013, 20756, 0, 0, 0
45013, 37413, 1, 0, 0
46013, 22784, 0, 0, 0
46013, 36864, 1, 0, 0
47013, 19456, 0, 0, 0
47013, 33536, 1, 0, 0
48013, 19475, 0, 0, 0
48013, 34850, 1, 0, 0
49013, 21248, 0, 0, 0
49013, 37632, 1, 0, 0
50013, 17920, 0, 0, 0
50013, 34560, 1, 0, 0
51013, 17152, 0, 0, 0
51013, 32000, 1, 0, 0
52013, 17681, 0, 0, 0
52013, 36644, 1, 0, 0
53013, 17408, 0, 0, 0
53013, 35584, 1, 0, 0
54013, 14080, 0, 0, 0
54013, 31488, 1, 0, 0
55013, 13568, 0, 0, 0
55013, 28672, 1, 0, 0
56013, 17664, 0, 0, 0
56013, 34560, 1, 0, 0
57013, 14336, 0, 0, 0
57013, 29696, 1, 0, 0
58013, 16896, 0, 0, 0
58013, 33792, 1, 0, 0
59013, 16128, 0, 0, 0
59013, 32768, 1, 0, 0
60013, 15375, 0, 0, 0
60013, 34850, 1, 0, 0
61013, 14592, 0, 0, 0
61013, 30976, 1, 0, 0
62013, 16640, 0, 0, 0
62013, 33024, 1, 0, 0
63013, 17152, 0, 0, 0
63013, 29696, 1, 0, 0
64013, 14080, 0, 0, 0
64013, 29952, 1, 0, 0
65013, 12800, 0, 0, 0
65013, 29952, 1, 0, 0
66013, 18432, 0, 0, 0
66013, 33024, 1, 0, 0
67013, 15375, 0, 0, 0
67013, 27419, 1, 0, 0
68012, 15887, 0, 0, 0
68012, 35107, 1, 0, 0
69013, 15616, 0, 0, 0
69013, 33280, 1, 0, 0
70013, 18176, 0, 0, 0
70013, 37120, 1, 0, 0
71013, 16896, 0, 0, 0
71013, 34816, 1, 0, 0
72013, 21760, 0, 0, 0
72013, 38912, 1, 0, 0
73013, 17664, 0, 0, 0
73013, 37888, 1, 0, 0
74013, 16896, 0, 0, 0
74013, 36864, 1, 0, 0
75013, 16912, 0, 0, 0
75013, 34594, 1, 0, 0
76013, 17681, 0, 0, 0
76013, 36132, 1, 0, 0
77013, 13581, 0, 0, 0
77013, 32800, 1, 0, 0
78013, 15104, 0, 0, 0
78013, 32256, 1, 0, 0
79013, 14094, 0, 0, 0
79013, 29469, 1, 0, 0
80013, 17664, 0, 0, 0
80013, 35584, 1, 0, 0
81013, 18688, 0, 0, 0
81013, 34048, 1, 0, 0
82013, 20992, 0, 0, 0
82013, 30464, 1, 0, 0
83013, 19200, 0, 0, 0
83013, 30464, 1, 0, 0
84013, 22016, 0, 0, 0
84013, 31744, 1, 0, 0
85013, 23296, 0, 0, 0
85013, 34304, 1, 0, 0
86013, 20736, 0, 0, 0
86013, 30720, 1, 0, 0
87013, 16896, 0, 0, 0
87013, 28416, 1, 0, 0
88013, 24576, 0, 0, 0
88013, 38144, 1, 0, 0
89013, 18176, 0, 0, 0
89013, 27136, 1, 0, 0
90013, 21504, 0, 0, 0
90013, 30208, 1, 0, 0
91013, 26650, 0, 0, 0
91013, 38694, 1, 0, 0
92013, 29184, 0, 0, 0
92013, 33024, 1, 0, 0
93013, 22528, 0, 0, 0
93013, 27392, 1, 0, 0
94013, 30208, 0, 0, 0
94013, 36864, 1, 0, 0
95013, 32544, 0, 0, 0
95013, 37413, 1, 0, 0
96013, 32512, 0, 0, 0
96013, 32768, 1, 0, 0
97013, 28672, 0, 0, 0
97013, 34816, 1, 0, 0
98013, 27904, 0, 0, 0
98013, 27648, 1, 0, 0
99013, 30720, 0, 0, 0
99013, 34304, 1, 0, 0
100013, 23831, 0, 0, 0
100013, 27675, 1, 0, 0
101013, 31744, 0, 0, 0
101013, 34816, 1, 0, 0
102012, 25881, 0, 0, 0
102012, 32800, 1, 0, 0
103013, 25088, 0, 0, 0
103013, 25344, 1, 0, 0
104013, 25881, 0, 0, 0
104013, 30238, 1, 0, 0
105013, 22550, 0, 0, 0
105013, 27675, 1, 0, 0
106013, 30238, 0, 0, 0
106013, 36388, 1, 0, 0
107013, 27648, 0, 0, 0
107013, 31744, 1, 0, 0
108013, 27931, 0, 0, 0
108013, 36644, 1, 0, 0
109012, 27419, 0, 0, 0
109012, 30238, 1, 0, 0
110012, 30494, 0, 0, 0
110012, 29469, 1, 0, 0
111013, 29440, 0, 0, 0
111013, 32768, 1, 0, 0
112013, 26112, 0, 0, 0
112013, 30720, 1, 0, 0
113013, 25369, 0, 0, 0
113013, 29469, 1, 0, 0
114013, 27904, 0, 0, 0
114013, 32256, 1, 0, 0
115013, 26394, 0, 0, 0
115013, 31519, 1, 0, 0
116013, 23552, 0, 0, 0
116013, 28928, 1, 0, 0
117013, 26650, 0, 0, 0
117013, 28700, 1, 0, 0
118013, 25881, 0, 0, 0
118013, 32288, 1, 0, 0
119013, 20756, 0, 0, 0
119013, 24344, 1, 0, 0
120013, 30464, 0, 0, 0
120013, 33280, 1, 0, 0
121013, 25600, 0, 0, 0
121013, 31232, 1, 0, 0
122013, 25881, 0, 0, 0
122013, 28956, 1, 0, 0
123013, 26650, 0, 0, 0
123013, 28188, 1, 0, 0
124013, 23831, 0, 0, 0
124013, 28444, 1, 0, 0
125013, 30208, 0, 0, 0
125013, 33280, 1, 0, 0
126013, 21269, 0, 0, 0
126013, 24088, 1, 0, 0
127013, 24320, 0, 0, 0
127013, 30208, 1, 0, 0
128013, 24088, 0, 0, 0
128013, 28188, 1, 0, 0
129013, 26368, 0, 0, 0
129013, 32512, 1, 0, 0
130013, 26368, 0, 0, 0
130013, 34560, 1, 0, 0
131013, 31488, 0, 0, 0
131013, 34560, 1, 0, 0
132013, 27931, 0, 0, 0
132013, 33825, 1, 0, 0
133013, 26650, 0, 0, 0
133013, 33057, 1, 0, 0
134013, 22528, 0, 0, 0
134013, 29696, 1, 0, 0
135013, 24320, 0, 0, 0
135013, 31232, 1, 0, 0
136013, 20736, 0, 0, 0
136013, 27648, 1, 0, 0
137013, 22038, 0, 0, 0
137013, 29213, 1, 0, 0
138013, 23575, 0, 0, 0
138013, 31519, 1, 0, 0
139013, 21248, 0, 0, 0
139013, 30720, 1, 0, 0
140013, 21781, 0, 0, 0
140013, 31263, 1, 0, 0
141013, 22272, 0, 0, 0
141013, 28672, 1, 0, 0
142013, 24320, 0, 0, 0
142013, 35072, 1, 0, 0
143013, 21525, 0, 0, 0
143013, 32288, 1, 0, 0
144013, 23063, 0, 0, 0
144013, 31519, 1, 0, 0
145013, 16896, 0, 0, 0
145013, 27136, 1, 0, 0
146013, 20480, 0, 0, 0
146013, 29184, 1, 0, 0
147013, 19200, 0, 0, 0
147013, 26880, 1, 0, 0
148013, 21760, 0, 0, 0
148013, 33792, 1, 0, 0
149013, 22016, 0, 0, 0
149013, 30720, 1, 0, 0
150013, 18944, 0, 0, 0
150013, 28672, 1, 0, 0
151012, 21013, 0, 0, 0
151012, 32544, 1, 0, 0
152012, 21760, 0, 0, 0
152012, 33024, 1, 0, 0
153013, 18944, 0, 0, 0
153013, 33280, 1, 0, 0
154012, 22294, 0, 0, 0
154012, 26906, 1, 0, 0
155013, 21760, 0, 0, 0
155013, 33024, 1, 0, 0
156013, 19475, 0, 0, 0
156013, 28444, 1, 0, 0
157012, 21781, 0, 0, 0
157012, 32288, 1, 0, 0
158012, 21525, 0, 0, 0
158012, 32288, 1, 0, 0
159013, 21248, 0, 0, 0
159013, 30976, 1, 0, 0
160013, 20244, 0, 0, 0
160013, 32032, 1, 0, 0
161013, 20244, 0, 0, 0
161013, 32544, 1, 0, 0
162013, 17152, 0, 0, 0
162013, 28928, 1, 0, 0
163013, 16912, 0, 0, 0
163013, 32032, 1, 0, 0
164013, 17920, 0, 0, 0
164013, 32768, 1, 0, 0
165013, 18706, 0, 0, 0
165013, 33313, 1, 0, 0
166013, 15887, 0, 0, 0
166013, 32544, 1, 0, 0
167013, 15360, 0, 0, 0
167013, 28160, 1, 0, 0
168013, 15887, 0, 0, 0
168013, 32544, 1, 0, 0
169014, 15856, 0, 0, 0
169014, 31968, 1, 0, 0
170013, 16144, 0, 0, 0
170013, 32544, 1, 0, 0
171013, 13824, 0, 0, 0
171013, 30464, 1, 0, 0
172013, 17681, 0, 0, 0
172013, 35107, 1, 0, 0
173013, 13837, 0, 0, 0
173013, 29469, 1, 0, 0
174013, 16128, 0, 0, 0
174013, 27392, 1, 0, 0
175013, 15631, 0, 0, 0
175013, 32800, 1, 0, 0
176013, 17169, 0, 0, 0
176013, 30750, 1, 0, 0
177013, 12800, 0, 0, 0
177013, 29184, 1, 0, 0
178013, 14080, 0, 0, 0
178013, 30464, 1, 0, 0
179013, 14592, 0, 0, 0
179013, 27904, 1, 0, 0
