37000, 1024, 0, 0, 0
41000, 3072, 0, 0, 0
42001, 10240, 0, 0, 0
43000, 6150, 0, 0, 0
44000, 2048, 0, 0, 0
45000, 7168, 0, 0, 0
46001, 4096, 0, 0, 0
47000, 1025, 0, 0, 0
48000, 5120, 0, 0, 0
49000, 4096, 0, 0, 0
50001, 5120, 0, 0, 0
51000, 1025, 0, 0, 0
52000, 3072, 0, 0, 0
53000, 5120, 0, 0, 0
54001, 7168, 0, 0, 0
55000, 7175, 0, 0, 0
56000, 4096, 0, 0, 0
57001, 3072, 0, 0, 0
58000, 13325, 0, 0, 0
59000, 6144, 0, 0, 0
60000, 1024, 0, 0, 0
61001, 6144, 0, 0, 0
62000, 5125, 0, 0, 0
63000, 3072, 0, 0, 0
64001, 4096, 0, 0, 0
65000, 6150, 0, 0, 0
66000, 7168, 0, 0, 0
67000, 7168, 0, 0, 0
70000, 2048, 0, 0, 0
71000, 1024, 0, 0, 0
73000, 5125, 0, 0, 0
74000, 4096, 0, 0, 0
77000, 1025, 0, 0, 0
78000, 4096, 0, 0, 0
79000, 8192, 0, 0, 0
80001, 7168, 0, 0, 0
81000, 7175, 0, 0, 0
82000, 8192, 0, 0, 0
83000, 5120, 0, 0, 0
84001, 5120, 0, 0, 0
85000, 8200, 0, 0, 0
86000, 7168, 0, 0, 0
87000, 3072, 0, 0, 0
88001, 4096, 0, 0, 0
89000, 4100, 0, 0, 0
90000, 5120, 0, 0, 0
91000, 2048, 0, 0, 0
94000, 1024, 0, 0, 0
95000, 2048, 0, 0, 0
96001, 9216, 0, 0, 0
97000, 9225, 0, 0, 0
98000, 4096, 0, 0, 0
99000, 1024, 0, 0, 0
100001, 3072, 0, 0, 0
101000, 4100, 0, 0, 0
102000, 6144, 0, 0, 0
105000, 1025, 0, 0, 0
106000, 9216, 0, 0, 0
107000, 9216, 0, 0, 0
108001, 11264, 0, 0, 0
109000, 9225, 0, 0, 0
110000, 4096, 0, 0, 0
111000, 1024, 0, 0, 0
112001, 7168, 0, 0, 0
113000, 4100, 0, 0, 0
114000, 3072, 0, 0, 0
115000, 5120, 0, 0, 0
116001, 6144, 0, 0, 0
117000, 4100, 0, 0, 0
118000, 7168, 0, 0, 0
119000, 3072, 0, 0, 0
120001, 5120, 0, 0, 0
121000, 1025, 0, 0, 0
122000, 2048, 0, 0, 0
124001, 1024, 0, 0, 0
125000, 2050, 0, 0, 0
126000, 1024, 0, 0, 0
127000, 3072, 0, 0, 0
128001, 2048, 0, 0, 0
129000, 6150, 0, 0, 0
130000, 3072, 0, 0, 0
131000, 2048, 0, 0, 0
132001, 6144, 0, 0, 0
133000, 4100, 0, 0, 0
135000, 5120, 0, 0, 0
136001, 8192, 0, 0, 0
137000, 1025, 0, 0, 0
138000, 2048, 0, 0, 0
139000, 6144, 0, 0, 0
140001, 4096, 0, 0, 0
141000, 4100, 0, 0, 0
142000, 5120, 0, 0, 0
143000, 1024, 0, 0, 0
144001, 3072, 0, 0, 0
145000, 2050, 0, 0, 0
146000, 2048, 0, 0, 0
147001, 1024, 0, 0, 0
149000, 4096, 0, 0, 0
151001, 5120, 0, 0, 0
152000, 7175, 0, 0, 0
153000, 5120, 0, 0, 0
154001, 4096, 0, 0, 0
155000, 4100, 0, 0, 0
156000, 2048, 0, 0, 0
157000, 6144, 0, 0, 0
159000, 4100, 0, 0, 0
161000, 1024, 0, 0, 0
162001, 2048, 0, 0, 0
163000, 8200, 0, 0, 0
164000, 4096, 0, 0, 0
165000, 6144, 0, 0, 0
166001, 1024, 0, 0, 0
168000, 2048, 0, 0, 0
169000, 1024, 0, 0, 0
170001, 5120, 0, 0, 0
172000, 6144, 0, 0, 0
173001, 4096, 0, 0, 0
174001, 4096, 0, 0, 0
175000, 4100, 0, 0, 0
177001, 3072, 0, 0, 0
178000, 2050, 0, 0, 0
179000, 2048, 0, 0, 0
180000, 4096, 0, 0, 0
