37000, 1024, 0, 0, 0
38000, 6144, 0, 0, 0
39000, 8200, 0, 0, 0
40000, 8192, 0, 0, 0
41000, 11264, 0, 0, 0
46000, 2048, 0, 0, 0
47000, 4100, 0, 0, 0
48000, 6144, 0, 0, 0
49000, 5120, 0, 0, 0
50000, 6144, 0, 0, 0
51000, 5125, 0, 0, 0
52000, 6144, 0, 0, 0
54000, 2048, 0, 0, 0
55000, 5125, 0, 0, 0
56000, 7168, 0, 0, 0
57000, 9216, 0, 0, 0
60000, 4096, 0, 0, 0
61000, 2048, 0, 0, 0
62000, 1025, 0, 0, 0
63000, 3072, 0, 0, 0
64000, 7168, 0, 0, 0
65000, 6150, 0, 0, 0
66000, 5120, 0, 0, 0
67000, 7168, 0, 0, 0
68000, 1024, 0, 0, 0
69000, 6150, 0, 0, 0
71000, 2048, 0, 0, 0
72000, 7168, 0, 0, 0
73000, 2050, 0, 0, 0
74000, 5120, 0, 0, 0
75000, 6144, 0, 0, 0
76000, 1024, 0, 0, 0
80000, 6144, 0, 0, 0
81000, 4100, 0, 0, 0
82000, 1024, 0, 0, 0
83000, 7168, 0, 0, 0
84000, 7168, 0, 0, 0
85000, 5125, 0, 0, 0
86000, 6144, 0, 0, 0
87000, 6144, 0, 0, 0
88000, 6144, 0, 0, 0
89000, 4100, 0, 0, 0
90000, 3072, 0, 0, 0
91000, 4096, 0, 0, 0
92000, 2048, 0, 0, 0
93000, 2050, 0, 0, 0
94000, 5120, 0, 0, 0
95000, 8192, 0, 0, 0
96000, 4096, 0, 0, 0
97000, 3075, 0, 0, 0
99000, 5120, 0, 0, 0
100000, 5120, 0, 0, 0
103000, 5120, 0, 0, 0
104000, 1024, 0, 0, 0
112000, 3072, 0, 0, 0
113000, 5125, 0, 0, 0
114000, 3072, 0, 0, 0
115000, 3072, 0, 0, 0
116000, 2048, 0, 0, 0
117000, 4100, 0, 0, 0
118000, 8192, 0, 0, 0
119000, 7168, 0, 0, 0
120000, 4096, 0, 0, 0
121000, 7175, 0, 0, 0
122000, 2048, 0, 0, 0
123000, 3072, 0, 0, 0
124000, 3072, 0, 0, 0
125000, 1025, 0, 0, 0
126000, 5120, 0, 0, 0
127000, 4096, 0, 0, 0
128000, 4096, 0, 0, 0
129000, 1025, 0, 0, 0
130000, 5120, 0, 0, 0
131000, 6144, 0, 0, 0
132000, 4096, 0, 0, 0
133000, 5125, 0, 0, 0
134000, 2048, 0, 0, 0
135000, 3072, 0, 0, 0
136000, 2048, 0, 0, 0
137000, 1025, 0, 0, 0
138000, 5120, 0, 0, 0
139000, 3072, 0, 0, 0
140000, 2048, 0, 0, 0
141000, 5125, 0, 0, 0
142000, 5120, 0, 0, 0
144000, 2048, 0, 0, 0
145000, 2050, 0, 0, 0
146000, 6144, 0, 0, 0
147000, 6144, 0, 0, 0
148000, 6150, 0, 0, 0
149000, 2048, 0, 0, 0
150000, 4096, 0, 0, 0
151000, 4096, 0, 0, 0
152000, 5125, 0, 0, 0
153000, 4096, 0, 0, 0
154000, 1024, 0, 0, 0
155000, 7175, 0, 0, 0
156000, 8192, 0, 0, 0
157000, 6144, 0, 0, 0
158000, 8192, 0, 0, 0
159000, 1025, 0, 0, 0
161000, 3072, 0, 0, 0
162000, 5120, 0, 0, 0
163000, 1025, 0, 0, 0
165000, 1024, 0, 0, 0
166000, 10240, 0, 0, 0
167000, 1025, 0, 0, 0
168000, 3072, 0, 0, 0
170000, 1024, 0, 0, 0
171000, 1025, 0, 0, 0
172000, 1024, 0, 0, 0
173000, 2048, 0, 0, 0
174000, 4096, 0, 0, 0
175000, 4100, 0, 0, 0
176000, 4096, 0, 0, 0
177000, 3072, 0, 0, 0
179000, 1024, 0, 0, 0
180000, 4096, 0, 0, 0
