2000, 126976, 0, 0, 0
3001, 112640, 0, 0, 0
4001, 155648, 0, 0, 0
5000, 142478, 0, 0, 0
6001, 108544, 0, 0, 0
7000, 100452, 0, 0, 0
8000, 119808, 0, 0, 0
9001, 95232, 0, 0, 0
10000, 124028, 0, 0, 0
11000, 150528, 0, 0, 0
12001, 113664, 0, 0, 0
13000, 124028, 0, 0, 0
14000, 146432, 0, 0, 0
15001, 130048, 0, 0, 0
16000, 131203, 0, 0, 0
17000, 129024, 0, 0, 0
18001, 112640, 0, 0, 0
19000, 134278, 0, 0, 0
20000, 114688, 0, 0, 0
21001, 98304, 0, 0, 0
22000, 130178, 0, 0, 0
23000, 82944, 0, 0, 0
24001, 105472, 0, 0, 0
25000, 153753, 0, 0, 0
26000, 118784, 0, 0, 0
27001, 133120, 0, 0, 0
28000, 141453, 0, 0, 0
29000, 150528, 0, 0, 0
30001, 118784, 0, 0, 0
31000, 138378, 0, 0, 0
32000, 119808, 0, 0, 0
33001, 151552, 0, 0, 0
34000, 120952, 0, 0, 0
35001, 113664, 0, 0, 0
36001, 129024, 0, 0, 0
37000, 165029, 0, 0, 0
38001, 99328, 0, 0, 0
39001, 137216, 0, 0, 0
40000, 107627, 0, 0, 0
41000, 144384, 0, 0, 0
42001, 110592, 0, 0, 0
43000, 108652, 0, 0, 0
44000, 130048, 0, 0, 0
45001, 143360, 0, 0, 0
46000, 138378, 0, 0, 0
47000, 141312, 0, 0, 0
48001, 164864, 0, 0, 0
49000, 77901, 0, 0, 0
50000, 138240, 0, 0, 0
51001, 142336, 0, 0, 0
52000, 151703, 0, 0, 0
53000, 128000, 0, 0, 0
54001, 105472, 0, 0, 0
55000, 113777, 0, 0, 0
56001, 91136, 0, 0, 0
57001, 126976, 0, 0, 0
58000, 138378, 0, 0, 0
59001, 145408, 0, 0, 0
60000, 162978, 0, 0, 0
61001, 115712, 0, 0, 0
62001, 125952, 0, 0, 0
63000, 132228, 0, 0, 0
64001, 113664, 0, 0, 0
65000, 143503, 0, 0, 0
66000, 121856, 0, 0, 0
67001, 110592, 0, 0, 0
68000, 106602, 0, 0, 0
69001, 154624, 0, 0, 0
70001, 144384, 0, 0, 0
71000, 134278, 0, 0, 0
72001, 121856, 0, 0, 0
73001, 135168, 0, 0, 0
74000, 154778, 0, 0, 0
75001, 121856, 0, 0, 0
76000, 117877, 0, 0, 0
77000, 120832, 0, 0, 0
78001, 126976, 0, 0, 0
79000, 118902, 0, 0, 0
80001, 129024, 0, 0, 0
81000, 120952, 0, 0, 0
82000, 120832, 0, 0, 0
83001, 145408, 0, 0, 0
84000, 141453, 0, 0, 0
85000, 153600, 0, 0, 0
86001, 117760, 0, 0, 0
87001, 133120, 0, 0, 0
88000, 137353, 0, 0, 0
89001, 124928, 0, 0, 0
90000, 128128, 0, 0, 0
91000, 117760, 0, 0, 0
92001, 147456, 0, 0, 0
93000, 149653, 0, 0, 0
94000, 119808, 0, 0, 0
95001, 117760, 0, 0, 0
96001, 115712, 0, 0, 0
97000, 140428, 0, 0, 0
98001, 145408, 0, 0, 0
99000, 121977, 0, 0, 0
100000, 139264, 0, 0, 0
101001, 143360, 0, 0, 0
102001, 151552, 0, 0, 0
103000, 132228, 0, 0, 0
104001, 111616, 0, 0, 0
105000, 121977, 0, 0, 0
106000, 115712, 0, 0, 0
107001, 103424, 0, 0, 0
108000, 119927, 0, 0, 0
109001, 118784, 0, 0, 0
110000, 110702, 0, 0, 0
111000, 150528, 0, 0, 0
112001, 125952, 0, 0, 0
113000, 121977, 0, 0, 0
114001, 137216, 0, 0, 0
115001, 126976, 0, 0, 0
116000, 153753, 0, 0, 0
117001, 117760, 0, 0, 0
118001, 146432, 0, 0, 0
119000, 130178, 0, 0, 0
120001, 121856, 0, 0, 0
121000, 129153, 0, 0, 0
122000, 110592, 0, 0, 0
123001, 153600, 0, 0, 0
124000, 133253, 0, 0, 0
125001, 139264, 0, 0, 0
126001, 111616, 0, 0, 0
127000, 135303, 0, 0, 0
128001, 138240, 0, 0, 0
129000, 114802, 0, 0, 0
130000, 134144, 0, 0, 0
131001, 129024, 0, 0, 0
132000, 118902, 0, 0, 0
133001, 119808, 0, 0, 0
134001, 107520, 0, 0, 0
135000, 108652, 0, 0, 0
136001, 131072, 0, 0, 0
137000, 118902, 0, 0, 0
138001, 148480, 0, 0, 0
139001, 148480, 0, 0, 0
140000, 108652, 0, 0, 0
141001, 116736, 0, 0, 0
142001, 121856, 0, 0, 0
143000, 133253, 0, 0, 0
144001, 139264, 0, 0, 0
145001, 105472, 0, 0, 0
146000, 114802, 0, 0, 0
147001, 122880, 0, 0, 0
148001, 124928, 0, 0, 0
149000, 161953, 0, 0, 0
150001, 97280, 0, 0, 0
151000, 98402, 0, 0, 0
152000, 112640, 0, 0, 0
153001, 119808, 0, 0, 0
154000, 146578, 0, 0, 0
155001, 119808, 0, 0, 0
156001, 133120, 0, 0, 0
157000, 147603, 0, 0, 0
158001, 136192, 0, 0, 0
159000, 126078, 0, 0, 0
160001, 121856, 0, 0, 0
161001, 136192, 0, 0, 0
162000, 128128, 0, 0, 0
163001, 138240, 0, 0, 0
164000, 133253, 0, 0, 0
165001, 132096, 0, 0, 0
166001, 98304, 0, 0, 0
167000, 135303, 0, 0, 0
168001, 113664, 0, 0, 0
169000, 114802, 0, 0, 0
170000, 132096, 0, 0, 0
171001, 114688, 0, 0, 0
172000, 127103, 0, 0, 0
173001, 121856, 0, 0, 0
174001, 157696, 0, 0, 0
175000, 130178, 0, 0, 0
176001, 98304, 0, 0, 0
177000, 116852, 0, 0, 0
178000, 134144, 0, 0, 0
179001, 100352, 0, 0, 0
180000, 117877, 0, 0, 0
