5000, 1025, 0, 0, 0
6000, 20480, 0, 0, 0
7000, 19475, 0, 0, 0
8000, 16384, 0, 0, 0
9000, 22528, 0, 0, 0
10000, 41001, 0, 0, 0
11000, 32768, 0, 0, 0
12000, 14336, 0, 0, 0
13000, 27675, 0, 0, 0
14000, 27648, 0, 0, 0
15000, 57344, 0, 0, 0
16000, 32800, 0, 0, 0
17000, 27648, 0, 0, 0
18000, 37888, 0, 0, 0
19000, 54326, 0, 0, 0
20000, 48128, 0, 0, 0
21000, 35840, 0, 0, 0
22000, 20500, 0, 0, 0
23000, 32768, 0, 0, 0
24000, 20480, 0, 0, 0
25000, 32800, 0, 0, 0
26000, 44032, 0, 0, 0
27001, 35840, 0, 0, 0
28000, 36900, 0, 0, 0
29000, 36864, 0, 0, 0
30000, 19456, 0, 0, 0
31000, 12300, 0, 0, 0
32000, 28672, 0, 0, 0
33001, 14336, 0, 0, 0
34000, 28700, 0, 0, 0
35000, 36864, 0, 0, 0
36001, 25600, 0, 0, 0
37000, 20500, 0, 0, 0
38000, 22528, 0, 0, 0
39001, 30720, 0, 0, 0
40000, 16400, 0, 0, 0
41000, 20480, 0, 0, 0
42000, 21504, 0, 0, 0
43000, 31775, 0, 0, 0
44000, 34816, 0, 0, 0
45000, 35840, 0, 0, 0
46000, 19475, 0, 0, 0
47000, 28672, 0, 0, 0
48000, 11264, 0, 0, 0
49000, 42026, 0, 0, 0
50000, 40960, 0, 0, 0
51000, 22528, 0, 0, 0
52000, 26650, 0, 0, 0
53000, 26624, 0, 0, 0
54001, 22528, 0, 0, 0
55000, 15375, 0, 0, 0
56000, 28672, 0, 0, 0
57001, 44032, 0, 0, 0
58000, 33825, 0, 0, 0
59000, 20480, 0, 0, 0
60000, 30750, 0, 0, 0
61000, 11264, 0, 0, 0
62001, 20480, 0, 0, 0
63000, 25625, 0, 0, 0
64000, 38912, 0, 0, 0
65000, 7175, 0, 0, 0
66000, 36864, 0, 0, 0
67001, 21504, 0, 0, 0
68000, 22550, 0, 0, 0
69000, 20480, 0, 0, 0
70001, 29696, 0, 0, 0
71000, 11275, 0, 0, 0
72000, 24576, 0, 0, 0
73001, 16384, 0, 0, 0
74000, 17425, 0, 0, 0
75000, 24576, 0, 0, 0
76000, 57401, 0, 0, 0
77000, 36864, 0, 0, 0
78001, 41984, 0, 0, 0
79000, 29725, 0, 0, 0
80000, 45056, 0, 0, 0
81000, 54326, 0, 0, 0
82000, 35840, 0, 0, 0
83000, 16384, 0, 0, 0
84000, 18450, 0, 0, 0
85000, 14336, 0, 0, 0
86000, 10240, 0, 0, 0
87001, 11264, 0, 0, 0
88000, 22550, 0, 0, 0
89000, 19456, 0, 0, 0
90000, 22550, 0, 0, 0
91000, 10240, 0, 0, 0
92000, 31744, 0, 0, 0
93000, 33825, 0, 0, 0
94000, 22528, 0, 0, 0
95000, 24576, 0, 0, 0
96001, 37888, 0, 0, 0
97000, 26650, 0, 0, 0
98000, 18432, 0, 0, 0
99000, 14350, 0, 0, 0
100000, 18432, 0, 0, 0
101000, 33792, 0, 0, 0
102001, 43008, 0, 0, 0
103000, 14350, 0, 0, 0
104000, 29696, 0, 0, 0
105000, 16400, 0, 0, 0
106000, 18432, 0, 0, 0
107001, 28672, 0, 0, 0
108000, 22550, 0, 0, 0
109000, 27648, 0, 0, 0
110000, 25625, 0, 0, 0
111000, 12288, 0, 0, 0
112000, 27648, 0, 0, 0
113000, 60476, 0, 0, 0
114000, 59392, 0, 0, 0
115001, 41984, 0, 0, 0
116000, 32800, 0, 0, 0
117000, 27648, 0, 0, 0
118001, 34816, 0, 0, 0
119000, 46126, 0, 0, 0
120000, 38912, 0, 0, 0
121000, 25625, 0, 0, 0
122000, 24576, 0, 0, 0
123000, 26624, 0, 0, 0
124000, 17425, 0, 0, 0
125000, 31744, 0, 0, 0
126001, 23552, 0, 0, 0
127000, 18450, 0, 0, 0
128000, 18432, 0, 0, 0
129000, 21525, 0, 0, 0
130000, 17408, 0, 0, 0
131001, 17408, 0, 0, 0
132000, 22550, 0, 0, 0
133000, 29696, 0, 0, 0
134001, 44032, 0, 0, 0
135000, 42026, 0, 0, 0
136001, 25600, 0, 0, 0
137000, 31775, 0, 0, 0
138000, 30720, 0, 0, 0
139001, 33792, 0, 0, 0
140000, 49201, 0, 0, 0
141000, 34816, 0, 0, 0
142001, 25600, 0, 0, 0
143000, 20500, 0, 0, 0
144000, 40960, 0, 0, 0
145001, 36864, 0, 0, 0
146000, 53301, 0, 0, 0
147000, 36864, 0, 0, 0
148001, 21504, 0, 0, 0
149000, 25625, 0, 0, 0
150000, 25600, 0, 0, 0
151000, 24600, 0, 0, 0
152000, 28672, 0, 0, 0
153001, 21504, 0, 0, 0
154000, 20500, 0, 0, 0
155000, 25600, 0, 0, 0
156001, 21504, 0, 0, 0
157000, 35875, 0, 0, 0
158001, 21504, 0, 0, 0
159000, 38950, 0, 0, 0
160000, 8192, 0, 0, 0
161001, 11264, 0, 0, 0
162000, 29725, 0, 0, 0
163000, 41984, 0, 0, 0
164000, 39975, 0, 0, 0
165000, 24576, 0, 0, 0
166001, 26624, 0, 0, 0
167000, 15375, 0, 0, 0
168000, 45056, 0, 0, 0
169000, 28700, 0, 0, 0
170000, 17408, 0, 0, 0
171001, 12288, 0, 0, 0
172000, 15375, 0, 0, 0
173000, 49152, 0, 0, 0
174001, 23552, 0, 0, 0
175000, 12300, 0, 0, 0
176000, 10240, 0, 0, 0
177000, 18450, 0, 0, 0
178000, 20480, 0, 0, 0
179001, 21504, 0, 0, 0
180000, 22550, 0, 0, 0
