2000, 110592, 0, 0, 0
3000, 111616, 0, 0, 0
4001, 132096, 0, 0, 0
5000, 130178, 0, 0, 0
6001, 129024, 0, 0, 0
7000, 128128, 0, 0, 0
8000, 113664, 0, 0, 0
9001, 132096, 0, 0, 0
10000, 112752, 0, 0, 0
11000, 129024, 0, 0, 0
12000, 135168, 0, 0, 0
13000, 132228, 0, 0, 0
14000, 161792, 0, 0, 0
15001, 124928, 0, 0, 0
16000, 140428, 0, 0, 0
17000, 114688, 0, 0, 0
18001, 152576, 0, 0, 0
19000, 134278, 0, 0, 0
20000, 103424, 0, 0, 0
21001, 126976, 0, 0, 0
22000, 135303, 0, 0, 0
23000, 106496, 0, 0, 0
24001, 104448, 0, 0, 0
25000, 117877, 0, 0, 0
26000, 147456, 0, 0, 0
27001, 145408, 0, 0, 0
28000, 143503, 0, 0, 0
29000, 116736, 0, 0, 0
30001, 134144, 0, 0, 0
31000, 141453, 0, 0, 0
32000, 105472, 0, 0, 0
33001, 126976, 0, 0, 0
34000, 151703, 0, 0, 0
35000, 157696, 0, 0, 0
36001, 118784, 0, 0, 0
37000, 120952, 0, 0, 0
38000, 151552, 0, 0, 0
39001, 132096, 0, 0, 0
40000, 106602, 0, 0, 0
41000, 117760, 0, 0, 0
42001, 145408, 0, 0, 0
43000, 90202, 0, 0, 0
44000, 168960, 0, 0, 0
45001, 132096, 0, 0, 0
46000, 118902, 0, 0, 0
47000, 136192, 0, 0, 0
48001, 120832, 0, 0, 0
49000, 132228, 0, 0, 0
50000, 117760, 0, 0, 0
51001, 107520, 0, 0, 0
52000, 119927, 0, 0, 0
53000, 125952, 0, 0, 0
54001, 143360, 0, 0, 0
55000, 105577, 0, 0, 0
56000, 130048, 0, 0, 0
57001, 126976, 0, 0, 0
58000, 106602, 0, 0, 0
59001, 103424, 0, 0, 0
60000, 162978, 0, 0, 0
61000, 123904, 0, 0, 0
62001, 140288, 0, 0, 0
63000, 124028, 0, 0, 0
64001, 106496, 0, 0, 0
65000, 94302, 0, 0, 0
66000, 141312, 0, 0, 0
67001, 140288, 0, 0, 0
68000, 100452, 0, 0, 0
69000, 146432, 0, 0, 0
70001, 140288, 0, 0, 0
71000, 123003, 0, 0, 0
72000, 121856, 0, 0, 0
73001, 145408, 0, 0, 0
74000, 112752, 0, 0, 0
75001, 137216, 0, 0, 0
76000, 119927, 0, 0, 0
77000, 100352, 0, 0, 0
78001, 102400, 0, 0, 0
79000, 109677, 0, 0, 0
80001, 121856, 0, 0, 0
81000, 156828, 0, 0, 0
82000, 101376, 0, 0, 0
83001, 120832, 0, 0, 0
84000, 142478, 0, 0, 0
85000, 110592, 0, 0, 0
86001, 130048, 0, 0, 0
87001, 122880, 0, 0, 0
88000, 168104, 0, 0, 0
89001, 133120, 0, 0, 0
90000, 147603, 0, 0, 0
91000, 156672, 0, 0, 0
92001, 110592, 0, 0, 0
93000, 144528, 0, 0, 0
94000, 141312, 0, 0, 0
95000, 107520, 0, 0, 0
96001, 122880, 0, 0, 0
97000, 115827, 0, 0, 0
98000, 143360, 0, 0, 0
99000, 107627, 0, 0, 0
100000, 104448, 0, 0, 0
101000, 118784, 0, 0, 0
102001, 125952, 0, 0, 0
103000, 124028, 0, 0, 0
104001, 144384, 0, 0, 0
105000, 114802, 0, 0, 0
106000, 187392, 0, 0, 0
107001, 121856, 0, 0, 0
108000, 63551, 0, 0, 0
109000, 147456, 0, 0, 0
110000, 127103, 0, 0, 0
111000, 153600, 0, 0, 0
112001, 139264, 0, 0, 0
113000, 165029, 0, 0, 0
114000, 136192, 0, 0, 0
115001, 141312, 0, 0, 0
116000, 139403, 0, 0, 0
117000, 111616, 0, 0, 0
118001, 123904, 0, 0, 0
119000, 97377, 0, 0, 0
120001, 130048, 0, 0, 0
121000, 131203, 0, 0, 0
122000, 143360, 0, 0, 0
123001, 132096, 0, 0, 0
124000, 124028, 0, 0, 0
125000, 131072, 0, 0, 0
126001, 145408, 0, 0, 0
127000, 151703, 0, 0, 0
128001, 128000, 0, 0, 0
129000, 128128, 0, 0, 0
130000, 102400, 0, 0, 0
131001, 117760, 0, 0, 0
132000, 134278, 0, 0, 0
133000, 153600, 0, 0, 0
134001, 151552, 0, 0, 0
135000, 135303, 0, 0, 0
136001, 168960, 0, 0, 0
137000, 168104, 0, 0, 0
138000, 99328, 0, 0, 0
139001, 129024, 0, 0, 0
140000, 107627, 0, 0, 0
141000, 116736, 0, 0, 0
142001, 98304, 0, 0, 0
143000, 156828, 0, 0, 0
144000, 157696, 0, 0, 0
145001, 129024, 0, 0, 0
146000, 125053, 0, 0, 0
147001, 139264, 0, 0, 0
148001, 122880, 0, 0, 0
149000, 178354, 0, 0, 0
150001, 108544, 0, 0, 0
151000, 156828, 0, 0, 0
152000, 123904, 0, 0, 0
153001, 120832, 0, 0, 0
154000, 155803, 0, 0, 0
155000, 115712, 0, 0, 0
156001, 125952, 0, 0, 0
157000, 140428, 0, 0, 0
158001, 164864, 0, 0, 0
159000, 112752, 0, 0, 0
160000, 104448, 0, 0, 0
161001, 131072, 0, 0, 0
162000, 137353, 0, 0, 0
163001, 97280, 0, 0, 0
164000, 149653, 0, 0, 0
165000, 105472, 0, 0, 0
166001, 151552, 0, 0, 0
167000, 133253, 0, 0, 0
168001, 126976, 0, 0, 0
169000, 103527, 0, 0, 0
170000, 136192, 0, 0, 0
171001, 145408, 0, 0, 0
172000, 120952, 0, 0, 0
173000, 150528, 0, 0, 0
174001, 116736, 0, 0, 0
175000, 112752, 0, 0, 0
176001, 141312, 0, 0, 0
177000, 111727, 0, 0, 0
178000, 132096, 0, 0, 0
179001, 114688, 0, 0, 0
180000, 113777, 0, 0, 0
