999, 1025, 0, 0, 0
2000, 134144, 0, 0, 0
3000, 151552, 0, 0, 0
4001, 126976, 0, 0, 0
5000, 113777, 0, 0, 0
6000, 135168, 0, 0, 0
7000, 126078, 0, 0, 0
8000, 143360, 0, 0, 0
9000, 105472, 0, 0, 0
10000, 142478, 0, 0, 0
11000, 137216, 0, 0, 0
12000, 94208, 0, 0, 0
13000, 124028, 0, 0, 0
14000, 183296, 0, 0, 0
15000, 123904, 0, 0, 0
16000, 104552, 0, 0, 0
17000, 157696, 0, 0, 0
18000, 105472, 0, 0, 0
19000, 126078, 0, 0, 0
20000, 116736, 0, 0, 0
21000, 119808, 0, 0, 0
22000, 133253, 0, 0, 0
23000, 132096, 0, 0, 0
24000, 108544, 0, 0, 0
25000, 109677, 0, 0, 0
26000, 120832, 0, 0, 0
27000, 141312, 0, 0, 0
28000, 97377, 0, 0, 0
29000, 108544, 0, 0, 0
30000, 134144, 0, 0, 0
31000, 117877, 0, 0, 0
32000, 119808, 0, 0, 0
33000, 105472, 0, 0, 0
34000, 137353, 0, 0, 0
35000, 140288, 0, 0, 0
36000, 135168, 0, 0, 0
37000, 127103, 0, 0, 0
38000, 117760, 0, 0, 0
39000, 108544, 0, 0, 0
40000, 135303, 0, 0, 0
41000, 151552, 0, 0, 0
42000, 109568, 0, 0, 0
43000, 125053, 0, 0, 0
44000, 158720, 0, 0, 0
45000, 128000, 0, 0, 0
46000, 133253, 0, 0, 0
47000, 122880, 0, 0, 0
48000, 117760, 0, 0, 0
49000, 107627, 0, 0, 0
50000, 132096, 0, 0, 0
51000, 146432, 0, 0, 0
52000, 146578, 0, 0, 0
53000, 153600, 0, 0, 0
54000, 168960, 0, 0, 0
55000, 118902, 0, 0, 0
56000, 121856, 0, 0, 0
57000, 84992, 0, 0, 0
58000, 124028, 0, 0, 0
59000, 117760, 0, 0, 0
60000, 121977, 0, 0, 0
61000, 115712, 0, 0, 0
62001, 134144, 0, 0, 0
63000, 125053, 0, 0, 0
64000, 100352, 0, 0, 0
65000, 182454, 0, 0, 0
66000, 107520, 0, 0, 0
67000, 144384, 0, 0, 0
68000, 141453, 0, 0, 0
69000, 118784, 0, 0, 0
70001, 108544, 0, 0, 0
71000, 154778, 0, 0, 0
72000, 130048, 0, 0, 0
73001, 119808, 0, 0, 0
74000, 143503, 0, 0, 0
75000, 128000, 0, 0, 0
76000, 137353, 0, 0, 0
77000, 142336, 0, 0, 0
78001, 126976, 0, 0, 0
79000, 139403, 0, 0, 0
80000, 91136, 0, 0, 0
81000, 116852, 0, 0, 0
82000, 153600, 0, 0, 0
83000, 120832, 0, 0, 0
84000, 135303, 0, 0, 0
85000, 123904, 0, 0, 0
86000, 120832, 0, 0, 0
87001, 97280, 0, 0, 0
88000, 125053, 0, 0, 0
89000, 139264, 0, 0, 0
90000, 131203, 0, 0, 0
91000, 90112, 0, 0, 0
92000, 112640, 0, 0, 0
93000, 123003, 0, 0, 0
94000, 131072, 0, 0, 0
95000, 134144, 0, 0, 0
96001, 133120, 0, 0, 0
97000, 128128, 0, 0, 0
98000, 121856, 0, 0, 0
99000, 90202, 0, 0, 0
100000, 136192, 0, 0, 0
101000, 140288, 0, 0, 0
102001, 129024, 0, 0, 0
103000, 139403, 0, 0, 0
104000, 106496, 0, 0, 0
105000, 128128, 0, 0, 0
106000, 118784, 0, 0, 0
107001, 162816, 0, 0, 0
108000, 102502, 0, 0, 0
109000, 109568, 0, 0, 0
110000, 132228, 0, 0, 0
111000, 122880, 0, 0, 0
112000, 115712, 0, 0, 0
113000, 153753, 0, 0, 0
114000, 122880, 0, 0, 0
115000, 117760, 0, 0, 0
116000, 127103, 0, 0, 0
117000, 131072, 0, 0, 0
118001, 119808, 0, 0, 0
119000, 131203, 0, 0, 0
120000, 112640, 0, 0, 0
121000, 127103, 0, 0, 0
122000, 134144, 0, 0, 0
123000, 98304, 0, 0, 0
124000, 126078, 0, 0, 0
125000, 111616, 0, 0, 0
126001, 139264, 0, 0, 0
127000, 117877, 0, 0, 0
128000, 155648, 0, 0, 0
129000, 118902, 0, 0, 0
130000, 103424, 0, 0, 0
131000, 96256, 0, 0, 0
132000, 137353, 0, 0, 0
133000, 141312, 0, 0, 0
134001, 123904, 0, 0, 0
135000, 123003, 0, 0, 0
136000, 174080, 0, 0, 0
137000, 139403, 0, 0, 0
138000, 142336, 0, 0, 0
139000, 130048, 0, 0, 0
140000, 125053, 0, 0, 0
141000, 95232, 0, 0, 0
142001, 121856, 0, 0, 0
143000, 121977, 0, 0, 0
144000, 104448, 0, 0, 0
145001, 142336, 0, 0, 0
146000, 127103, 0, 0, 0
147000, 153600, 0, 0, 0
148001, 159744, 0, 0, 0
149000, 135303, 0, 0, 0
150000, 156672, 0, 0, 0
151000, 126078, 0, 0, 0
152000, 130048, 0, 0, 0
153000, 146432, 0, 0, 0
154000, 125053, 0, 0, 0
155000, 118784, 0, 0, 0
156001, 137216, 0, 0, 0
157000, 127103, 0, 0, 0
158000, 125952, 0, 0, 0
159000, 147603, 0, 0, 0
160000, 126976, 0, 0, 0
161001, 136192, 0, 0, 0
162000, 126078, 0, 0, 0
163000, 135168, 0, 0, 0
164000, 114802, 0, 0, 0
165000, 95232, 0, 0, 0
166001, 113664, 0, 0, 0
167000, 135303, 0, 0, 0
168000, 112640, 0, 0, 0
169000, 118902, 0, 0, 0
170000, 126976, 0, 0, 0
171000, 128000, 0, 0, 0
172000, 127103, 0, 0, 0
173000, 126976, 0, 0, 0
174001, 114688, 0, 0, 0
175000, 128128, 0, 0, 0
176000, 163840, 0, 0, 0
177000, 135303, 0, 0, 0
178000, 130048, 0, 0, 0
179000, 137216, 0, 0, 0
180000, 143503, 0, 0, 0
