1000, 49152, 0, 0, 0
2000, 105472, 0, 0, 0
3000, 125952, 0, 0, 0
4001, 154624, 0, 0, 0
5000, 115827, 0, 0, 0
6000, 130048, 0, 0, 0
7000, 157853, 0, 0, 0
8000, 137216, 0, 0, 0
9001, 100352, 0, 0, 0
10000, 121977, 0, 0, 0
11000, 95232, 0, 0, 0
12000, 133120, 0, 0, 0
13000, 126078, 0, 0, 0
14000, 114688, 0, 0, 0
15001, 144384, 0, 0, 0
16000, 112752, 0, 0, 0
17000, 124928, 0, 0, 0
18001, 149504, 0, 0, 0
19000, 112752, 0, 0, 0
20000, 163840, 0, 0, 0
21001, 105472, 0, 0, 0
22000, 120952, 0, 0, 0
23000, 133120, 0, 0, 0
24001, 102400, 0, 0, 0
25000, 93277, 0, 0, 0
26000, 131072, 0, 0, 0
27001, 131072, 0, 0, 0
28000, 109677, 0, 0, 0
29000, 124928, 0, 0, 0
30001, 141312, 0, 0, 0
31000, 111727, 0, 0, 0
32000, 125952, 0, 0, 0
33001, 123904, 0, 0, 0
34000, 106602, 0, 0, 0
35000, 145408, 0, 0, 0
36001, 108544, 0, 0, 0
37000, 141453, 0, 0, 0
38000, 131072, 0, 0, 0
39001, 162816, 0, 0, 0
40000, 131203, 0, 0, 0
41000, 150528, 0, 0, 0
42001, 125952, 0, 0, 0
43000, 124028, 0, 0, 0
44000, 140288, 0, 0, 0
45001, 116736, 0, 0, 0
46000, 131203, 0, 0, 0
47000, 121856, 0, 0, 0
48001, 150528, 0, 0, 0
49000, 135303, 0, 0, 0
50000, 131072, 0, 0, 0
51001, 116736, 0, 0, 0
52000, 147603, 0, 0, 0
53000, 129024, 0, 0, 0
54001, 149504, 0, 0, 0
55000, 132228, 0, 0, 0
56000, 124928, 0, 0, 0
57001, 151552, 0, 0, 0
58000, 117877, 0, 0, 0
59001, 123904, 0, 0, 0
60000, 128128, 0, 0, 0
61000, 121856, 0, 0, 0
62001, 108544, 0, 0, 0
63000, 110702, 0, 0, 0
64001, 115712, 0, 0, 0
65000, 120952, 0, 0, 0
66000, 149504, 0, 0, 0
67001, 121856, 0, 0, 0
68000, 126078, 0, 0, 0
69000, 143360, 0, 0, 0
70001, 141312, 0, 0, 0
71000, 113777, 0, 0, 0
72000, 138240, 0, 0, 0
73001, 128000, 0, 0, 0
74000, 121977, 0, 0, 0
75001, 148480, 0, 0, 0
76000, 145553, 0, 0, 0
77000, 133120, 0, 0, 0
78001, 122880, 0, 0, 0
79000, 113777, 0, 0, 0
80001, 123904, 0, 0, 0
81000, 132228, 0, 0, 0
82000, 135168, 0, 0, 0
83001, 138240, 0, 0, 0
84000, 127103, 0, 0, 0
85000, 157696, 0, 0, 0
86001, 147456, 0, 0, 0
87001, 119808, 0, 0, 0
88000, 119927, 0, 0, 0
89001, 136192, 0, 0, 0
90000, 112752, 0, 0, 0
91000, 98304, 0, 0, 0
92001, 134144, 0, 0, 0
93000, 117877, 0, 0, 0
94000, 143360, 0, 0, 0
95000, 97280, 0, 0, 0
96001, 135168, 0, 0, 0
97000, 144528, 0, 0, 0
98000, 130048, 0, 0, 0
99000, 149653, 0, 0, 0
100000, 133120, 0, 0, 0
101000, 134144, 0, 0, 0
102001, 121856, 0, 0, 0
103000, 111727, 0, 0, 0
104001, 139264, 0, 0, 0
105000, 133253, 0, 0, 0
106000, 116736, 0, 0, 0
107001, 138240, 0, 0, 0
108000, 139403, 0, 0, 0
109000, 133120, 0, 0, 0
110000, 132228, 0, 0, 0
111000, 148480, 0, 0, 0
112001, 118784, 0, 0, 0
113000, 110702, 0, 0, 0
114000, 120832, 0, 0, 0
115001, 140288, 0, 0, 0
116000, 141453, 0, 0, 0
117000, 115712, 0, 0, 0
118001, 141312, 0, 0, 0
119000, 132228, 0, 0, 0
120000, 149504, 0, 0, 0
121000, 153753, 0, 0, 0
122000, 109568, 0, 0, 0
123001, 106496, 0, 0, 0
124000, 135303, 0, 0, 0
125000, 134144, 0, 0, 0
126001, 96256, 0, 0, 0
127000, 123003, 0, 0, 0
128001, 133120, 0, 0, 0
129000, 137353, 0, 0, 0
130000, 131072, 0, 0, 0
131001, 113664, 0, 0, 0
132000, 150678, 0, 0, 0
133000, 122880, 0, 0, 0
134001, 142336, 0, 0, 0
135000, 125053, 0, 0, 0
136001, 112640, 0, 0, 0
137000, 145553, 0, 0, 0
138000, 132096, 0, 0, 0
139001, 124928, 0, 0, 0
140000, 109677, 0, 0, 0
141000, 121856, 0, 0, 0
142001, 148480, 0, 0, 0
143000, 146578, 0, 0, 0
144000, 153600, 0, 0, 0
145001, 135168, 0, 0, 0
146000, 148628, 0, 0, 0
147001, 114688, 0, 0, 0
148001, 129024, 0, 0, 0
149000, 142478, 0, 0, 0
150001, 118784, 0, 0, 0
151000, 143503, 0, 0, 0
152000, 123904, 0, 0, 0
153001, 146432, 0, 0, 0
154000, 138378, 0, 0, 0
155000, 136192, 0, 0, 0
156001, 141312, 0, 0, 0
157000, 107627, 0, 0, 0
158001, 131072, 0, 0, 0
159000, 164004, 0, 0, 0
160000, 120832, 0, 0, 0
161001, 152576, 0, 0, 0
162000, 132228, 0, 0, 0
163001, 163840, 0, 0, 0
164000, 115827, 0, 0, 0
165000, 130048, 0, 0, 0
166001, 138240, 0, 0, 0
167000, 125053, 0, 0, 0
168000, 145408, 0, 0, 0
169000, 113777, 0, 0, 0
170000, 146432, 0, 0, 0
171001, 131072, 0, 0, 0
172000, 137353, 0, 0, 0
173000, 123904, 0, 0, 0
174001, 100352, 0, 0, 0
175000, 127103, 0, 0, 0
176001, 145408, 0, 0, 0
177000, 139403, 0, 0, 0
178000, 152576, 0, 0, 0
179001, 148480, 0, 0, 0
180000, 149653, 0, 0, 0
