999, 4100, 0, 0, 0
2000, 139264, 0, 0, 0
3000, 114688, 0, 0, 0
4001, 120832, 0, 0, 0
5000, 102502, 0, 0, 0
6000, 139264, 0, 0, 0
7000, 104552, 0, 0, 0
8000, 140288, 0, 0, 0
9000, 105472, 0, 0, 0
10000, 134278, 0, 0, 0
11000, 126976, 0, 0, 0
12000, 145408, 0, 0, 0
13000, 87127, 0, 0, 0
14000, 147456, 0, 0, 0
15000, 106496, 0, 0, 0
16000, 136328, 0, 0, 0
17000, 149504, 0, 0, 0
18000, 99328, 0, 0, 0
19000, 112752, 0, 0, 0
20000, 150528, 0, 0, 0
21000, 102400, 0, 0, 0
22000, 144528, 0, 0, 0
23000, 131072, 0, 0, 0
24000, 149504, 0, 0, 0
25000, 119927, 0, 0, 0
26000, 130048, 0, 0, 0
27000, 111616, 0, 0, 0
28000, 133253, 0, 0, 0
29000, 139264, 0, 0, 0
30000, 116736, 0, 0, 0
31000, 144528, 0, 0, 0
32000, 100352, 0, 0, 0
33000, 101376, 0, 0, 0
34000, 133253, 0, 0, 0
35000, 146432, 0, 0, 0
36000, 141312, 0, 0, 0
37000, 154778, 0, 0, 0
38000, 160768, 0, 0, 0
39000, 114688, 0, 0, 0
40000, 123003, 0, 0, 0
41000, 162816, 0, 0, 0
42000, 117760, 0, 0, 0
43000, 128128, 0, 0, 0
44000, 146432, 0, 0, 0
45000, 113664, 0, 0, 0
46000, 161953, 0, 0, 0
47000, 133120, 0, 0, 0
48000, 131072, 0, 0, 0
49000, 137353, 0, 0, 0
50000, 157696, 0, 0, 0
51000, 124928, 0, 0, 0
52000, 124028, 0, 0, 0
53000, 118784, 0, 0, 0
54000, 131072, 0, 0, 0
55000, 132228, 0, 0, 0
56000, 147456, 0, 0, 0
57001, 117760, 0, 0, 0
58000, 108652, 0, 0, 0
59000, 119808, 0, 0, 0
60000, 121977, 0, 0, 0
61000, 133120, 0, 0, 0
62001, 120832, 0, 0, 0
63000, 148628, 0, 0, 0
64000, 148480, 0, 0, 0
65000, 137353, 0, 0, 0
66000, 122880, 0, 0, 0
67000, 141312, 0, 0, 0
68000, 99427, 0, 0, 0
69000, 124928, 0, 0, 0
70001, 117760, 0, 0, 0
71000, 95327, 0, 0, 0
72000, 121856, 0, 0, 0
73001, 153600, 0, 0, 0
74000, 149653, 0, 0, 0
75000, 125952, 0, 0, 0
76000, 118902, 0, 0, 0
77000, 148480, 0, 0, 0
78001, 122880, 0, 0, 0
79000, 90202, 0, 0, 0
80000, 138240, 0, 0, 0
81000, 117877, 0, 0, 0
82000, 121856, 0, 0, 0
83000, 130048, 0, 0, 0
84000, 110702, 0, 0, 0
85000, 121856, 0, 0, 0
86000, 145408, 0, 0, 0
87001, 136192, 0, 0, 0
88000, 145553, 0, 0, 0
89000, 122880, 0, 0, 0
90000, 132228, 0, 0, 0
91000, 141312, 0, 0, 0
92000, 105472, 0, 0, 0
93000, 127103, 0, 0, 0
94000, 123904, 0, 0, 0
95000, 165888, 0, 0, 0
96001, 107520, 0, 0, 0
97000, 152728, 0, 0, 0
98000, 128000, 0, 0, 0
99000, 132228, 0, 0, 0
100000, 131072, 0, 0, 0
101000, 125952, 0, 0, 0
102001, 128000, 0, 0, 0
103000, 126078, 0, 0, 0
104000, 125952, 0, 0, 0
105000, 136328, 0, 0, 0
106000, 131072, 0, 0, 0
107001, 126976, 0, 0, 0
108000, 154778, 0, 0, 0
109000, 100352, 0, 0, 0
110000, 149653, 0, 0, 0
111000, 129024, 0, 0, 0
112000, 115712, 0, 0, 0
113000, 138378, 0, 0, 0
114000, 133120, 0, 0, 0
115000, 153600, 0, 0, 0
116000, 134278, 0, 0, 0
117000, 115712, 0, 0, 0
118001, 140288, 0, 0, 0
119000, 140428, 0, 0, 0
120000, 143360, 0, 0, 0
121000, 156828, 0, 0, 0
122000, 132096, 0, 0, 0
123000, 152576, 0, 0, 0
124000, 149653, 0, 0, 0
125000, 124928, 0, 0, 0
126001, 133120, 0, 0, 0
127000, 119927, 0, 0, 0
128000, 143360, 0, 0, 0
129000, 105577, 0, 0, 0
130000, 135168, 0, 0, 0
131000, 108544, 0, 0, 0
132000, 121977, 0, 0, 0
133000, 130048, 0, 0, 0
134001, 93184, 0, 0, 0
135000, 144528, 0, 0, 0
136000, 161792, 0, 0, 0
137000, 127103, 0, 0, 0
138000, 135168, 0, 0, 0
139001, 149504, 0, 0, 0
140000, 154778, 0, 0, 0
141000, 95232, 0, 0, 0
142001, 115712, 0, 0, 0
143000, 141453, 0, 0, 0
144000, 95232, 0, 0, 0
145001, 138240, 0, 0, 0
146000, 103527, 0, 0, 0
147000, 158720, 0, 0, 0
148001, 115712, 0, 0, 0
149000, 124028, 0, 0, 0
150000, 125952, 0, 0, 0
151000, 106602, 0, 0, 0
152000, 146432, 0, 0, 0
153000, 132096, 0, 0, 0
154000, 116852, 0, 0, 0
155000, 110592, 0, 0, 0
156001, 110592, 0, 0, 0
157000, 143503, 0, 0, 0
158000, 163840, 0, 0, 0
159000, 132228, 0, 0, 0
160000, 128000, 0, 0, 0
161001, 119808, 0, 0, 0
162000, 119927, 0, 0, 0
163000, 137216, 0, 0, 0
164000, 143503, 0, 0, 0
165000, 121856, 0, 0, 0
166001, 108544, 0, 0, 0
167000, 143503, 0, 0, 0
168000, 98304, 0, 0, 0
169000, 124028, 0, 0, 0
170000, 117760, 0, 0, 0
171000, 143360, 0, 0, 0
172000, 94302, 0, 0, 0
173000, 116736, 0, 0, 0
174001, 147456, 0, 0, 0
175000, 142478, 0, 0, 0
176000, 119808, 0, 0, 0
177000, 133253, 0, 0, 0
178000, 140288, 0, 0, 0
179000, 123904, 0, 0, 0
180000, 151703, 0, 0, 0
