37011, 512, 1, 0, 0
38011, 1024, 1, 0, 0
39012, 256, 1, 0, 0
40012, 512, 1, 0, 0
41012, 1024, 1, 0, 0
43011, 2306, 1, 0, 0
44012, 768, 1, 0, 0
45012, 2304, 1, 0, 0
47012, 512, 1, 0, 0
48011, 3331, 1, 0, 0
49011, 512, 1, 0, 0
50012, 1536, 1, 0, 0
51012, 1792, 1, 0, 0
54011, 4612, 1, 0, 0
55011, 1024, 1, 0, 0
56012, 1024, 1, 0, 0
57012, 768, 1, 0, 0
58012, 1536, 1, 0, 0
59012, 3075, 1, 0, 0
60011, 1025, 1, 0, 0
61011, 512, 1, 0, 0
62012, 1280, 1, 0, 0
63012, 512, 1, 0, 0
64012, 1536, 1, 0, 0
66011, 1025, 1, 0, 0
67011, 256, 1, 0, 0
68011, 3584, 1, 0, 0
69012, 512, 1, 0, 0
70012, 256, 1, 0, 0
72012, 1536, 1, 0, 0
73013, 512, 1, 0, 0
74012, 2818, 1, 0, 0
75012, 512, 1, 0, 0
76012, 2048, 1, 0, 0
77012, 1280, 1, 0, 0
79012, 256, 1, 0, 0
82012, 512, 1, 0, 0
86012, 1281, 1, 0, 0
87012, 1536, 1, 0, 0
88012, 1024, 1, 0, 0
89012, 768, 1, 0, 0
90012, 1536, 1, 0, 0
92012, 1024, 1, 0, 0
93012, 1793, 1, 0, 0
95012, 2816, 1, 0, 0
96013, 1024, 1, 0, 0
99012, 512, 1, 0, 0
100012, 256, 1, 0, 0
102012, 256, 1, 0, 0
103013, 768, 1, 0, 0
104012, 4612, 1, 0, 0
105012, 1280, 1, 0, 0
106012, 256, 1, 0, 0
107012, 1281, 1, 0, 0
108012, 2048, 1, 0, 0
110012, 2306, 1, 0, 0
111012, 1024, 1, 0, 0
112012, 768, 1, 0, 0
113012, 512, 1, 0, 0
114012, 768, 1, 0, 0
115012, 2560, 1, 0, 0
116012, 1536, 1, 0, 0
117012, 1025, 1, 0, 0
118012, 768, 1, 0, 0
119012, 1536, 1, 0, 0
120012, 256, 1, 0, 0
121012, 1537, 1, 0, 0
123012, 512, 1, 0, 0
124012, 768, 1, 0, 0
125012, 2306, 1, 0, 0
126012, 256, 1, 0, 0
127012, 1536, 1, 0, 0
128012, 2306, 1, 0, 0
129012, 2048, 1, 0, 0
130012, 1792, 1, 0, 0
131012, 1024, 1, 0, 0
133012, 768, 1, 0, 0
135013, 2304, 1, 0, 0
136012, 1537, 1, 0, 0
137012, 1024, 1, 0, 0
138012, 3328, 1, 0, 0
139012, 2562, 1, 0, 0
140012, 768, 1, 0, 0
141012, 256, 1, 0, 0
142012, 1536, 1, 0, 0
143012, 1281, 1, 0, 0
144012, 256, 1, 0, 0
146012, 2816, 1, 0, 0
147012, 1281, 1, 0, 0
148012, 256, 1, 0, 0
149012, 256, 1, 0, 0
150012, 512, 1, 0, 0
152012, 768, 1, 0, 0
153012, 2306, 1, 0, 0
154012, 3328, 1, 0, 0
155012, 2560, 1, 0, 0
156012, 1792, 1, 0, 0
157012, 1281, 1, 0, 0
158012, 1536, 1, 0, 0
159012, 1024, 1, 0, 0
160012, 1280, 1, 0, 0
161012, 2562, 1, 0, 0
162012, 2048, 1, 0, 0
163012, 1024, 1, 0, 0
164012, 1536, 1, 0, 0
168013, 768, 1, 0, 0
169012, 1025, 1, 0, 0
170012, 2048, 1, 0, 0
171012, 1280, 1, 0, 0
172012, 512, 1, 0, 0
173012, 1024, 1, 0, 0
174012, 1536, 1, 0, 0
176012, 1537, 1, 0, 0
177012, 256, 1, 0, 0
178012, 768, 1, 0, 0
179013, 1280, 1, 0, 0
180012, 2562, 1, 0, 0
