44007, 768, 1, 0, 0
45007, 768, 1, 0, 0
46008, 256, 1, 0, 0
47007, 1793, 1, 0, 0
48006, 4868, 1, 0, 0
49007, 768, 1, 0, 0
50007, 1536, 1, 0, 0
51007, 1024, 1, 0, 0
52008, 1024, 1, 0, 0
53007, 512, 1, 0, 0
54006, 1281, 1, 0, 0
55007, 1024, 1, 0, 0
56007, 512, 1, 0, 0
57007, 512, 1, 0, 0
58008, 256, 1, 0, 0
59007, 1537, 1, 0, 0
60006, 1281, 1, 0, 0
62007, 2816, 1, 0, 0
63007, 1280, 1, 0, 0
65007, 512, 1, 0, 0
67006, 256, 1, 0, 0
68007, 2304, 1, 0, 0
69007, 3072, 1, 0, 0
70007, 768, 1, 0, 0
71007, 256, 1, 0, 0
72008, 768, 1, 0, 0
73008, 1280, 1, 0, 0
75007, 1280, 1, 0, 0
76007, 512, 1, 0, 0
77008, 256, 1, 0, 0
78007, 2050, 1, 0, 0
79007, 1536, 1, 0, 0
82007, 512, 1, 0, 0
83007, 1280, 1, 0, 0
84008, 2816, 1, 0, 0
85008, 1024, 1, 0, 0
86007, 512, 1, 0, 0
87007, 512, 1, 0, 0
88008, 1280, 1, 0, 0
89007, 256, 1, 0, 0
90007, 2048, 1, 0, 0
91007, 256, 1, 0, 0
92008, 256, 1, 0, 0
93007, 768, 1, 0, 0
96008, 2048, 1, 0, 0
97007, 2050, 1, 0, 0
98007, 1280, 1, 0, 0
99008, 1792, 1, 0, 0
100007, 1025, 1, 0, 0
101007, 256, 1, 0, 0
102008, 1024, 1, 0, 0
105007, 1024, 1, 0, 0
106008, 2304, 1, 0, 0
107007, 256, 1, 0, 0
108007, 1536, 1, 0, 0
109008, 1024, 1, 0, 0
110007, 1281, 1, 0, 0
111007, 512, 1, 0, 0
112007, 1280, 1, 0, 0
113008, 2304, 1, 0, 0
115007, 768, 1, 0, 0
116008, 512, 1, 0, 0
117007, 1537, 1, 0, 0
118007, 768, 1, 0, 0
119007, 1536, 1, 0, 0
121007, 1281, 1, 0, 0
123007, 256, 1, 0, 0
124008, 512, 1, 0, 0
126007, 256, 1, 0, 0
127008, 1536, 1, 0, 0
128007, 2050, 1, 0, 0
130007, 512, 1, 0, 0
131008, 1024, 1, 0, 0
132007, 1537, 1, 0, 0
133007, 768, 1, 0, 0
134008, 256, 1, 0, 0
135008, 768, 1, 0, 0
136007, 3075, 1, 0, 0
137007, 2048, 1, 0, 0
138008, 256, 1, 0, 0
139007, 256, 1, 0, 0
142008, 1280, 1, 0, 0
143007, 1025, 1, 0, 0
144007, 1024, 1, 0, 0
145008, 512, 1, 0, 0
146008, 1280, 1, 0, 0
147007, 256, 1, 0, 0
148007, 3072, 1, 0, 0
149008, 768, 1, 0, 0
150007, 2050, 1, 0, 0
151007, 1792, 1, 0, 0
152008, 256, 1, 0, 0
155007, 2048, 1, 0, 0
156008, 768, 1, 0, 0
157007, 1025, 1, 0, 0
158007, 1280, 1, 0, 0
159007, 1024, 1, 0, 0
161007, 512, 1, 0, 0
166007, 256, 1, 0, 0
167008, 512, 1, 0, 0
168008, 1280, 1, 0, 0
169007, 512, 1, 0, 0
170007, 768, 1, 0, 0
171008, 512, 1, 0, 0
173007, 1280, 1, 0, 0
176007, 256, 1, 0, 0
177007, 256, 1, 0, 0
178008, 1792, 1, 0, 0
179008, 1280, 1, 0, 0
180007, 512, 1, 0, 0
