37014, 512, 1, 0, 0
38015, 256, 1, 0, 0
39015, 1280, 1, 0, 0
42016, 256, 1, 0, 0
43017, 2816, 1, 0, 0
44017, 1024, 1, 0, 0
45018, 1024, 1, 0, 0
46018, 512, 1, 0, 0
47018, 1792, 1, 0, 0
48019, 1024, 1, 0, 0
49019, 768, 1, 0, 0
50019, 2560, 1, 0, 0
51020, 2816, 1, 0, 0
52020, 256, 1, 0, 0
53020, 2560, 1, 0, 0
54021, 1024, 1, 0, 0
55021, 1024, 1, 0, 0
56021, 512, 1, 0, 0
57022, 1024, 1, 0, 0
58022, 512, 1, 0, 0
59022, 768, 1, 0, 0
60023, 1536, 1, 0, 0
64024, 256, 1, 0, 0
65023, 256, 1, 0, 0
66022, 2818, 1, 0, 0
67023, 2560, 1, 0, 0
68023, 1024, 1, 0, 0
69023, 3072, 1, 0, 0
70023, 1280, 1, 0, 0
71024, 512, 1, 0, 0
73024, 512, 1, 0, 0
74023, 2050, 1, 0, 0
75024, 1280, 1, 0, 0
77024, 1024, 1, 0, 0
78023, 1025, 1, 0, 0
79024, 512, 1, 0, 0
81024, 768, 1, 0, 0
83024, 1024, 1, 0, 0
84024, 1280, 1, 0, 0
85024, 1792, 1, 0, 0
86023, 512, 1, 0, 0
87024, 1024, 1, 0, 0
88024, 768, 1, 0, 0
89023, 512, 1, 0, 0
90023, 768, 1, 0, 0
91024, 256, 1, 0, 0
92024, 256, 1, 0, 0
94024, 768, 1, 0, 0
95024, 1792, 1, 0, 0
96024, 512, 1, 0, 0
97023, 768, 1, 0, 0
99024, 1024, 1, 0, 0
100023, 512, 1, 0, 0
102024, 256, 1, 0, 0
103024, 256, 1, 0, 0
104023, 1793, 1, 0, 0
105024, 1024, 1, 0, 0
106024, 768, 1, 0, 0
108024, 768, 1, 0, 0
110023, 2050, 1, 0, 0
111023, 256, 1, 0, 0
112024, 256, 1, 0, 0
113024, 512, 1, 0, 0
114023, 1793, 1, 0, 0
115024, 1792, 1, 0, 0
116024, 256, 1, 0, 0
117023, 2562, 1, 0, 0
118023, 1024, 1, 0, 0
121023, 1281, 1, 0, 0
123024, 768, 1, 0, 0
124024, 256, 1, 0, 0
125023, 1281, 1, 0, 0
126024, 1280, 1, 0, 0
128023, 1025, 1, 0, 0
129024, 512, 1, 0, 0
130024, 512, 1, 0, 0
131024, 256, 1, 0, 0
132023, 256, 1, 0, 0
133024, 256, 1, 0, 0
134024, 3328, 1, 0, 0
135024, 768, 1, 0, 0
136023, 1025, 1, 0, 0
137024, 768, 1, 0, 0
138024, 1792, 1, 0, 0
139023, 2050, 1, 0, 0
140023, 1024, 1, 0, 0
141024, 768, 1, 0, 0
142024, 768, 1, 0, 0
144024, 256, 1, 0, 0
146024, 256, 1, 0, 0
148024, 256, 1, 0, 0
149024, 1280, 1, 0, 0
150023, 2306, 1, 0, 0
152024, 1024, 1, 0, 0
153023, 1537, 1, 0, 0
154023, 1792, 1, 0, 0
155024, 1792, 1, 0, 0
156024, 768, 1, 0, 0
157023, 256, 1, 0, 0
158023, 512, 1, 0, 0
159024, 512, 1, 0, 0
160024, 768, 1, 0, 0
161023, 2050, 1, 0, 0
162023, 1024, 1, 0, 0
163024, 1024, 1, 0, 0
164024, 1536, 1, 0, 0
165023, 1281, 1, 0, 0
166024, 1536, 1, 0, 0
167024, 1792, 1, 0, 0
168024, 1280, 1, 0, 0
169023, 256, 1, 0, 0
170024, 2304, 1, 0, 0
171024, 1792, 1, 0, 0
172023, 768, 1, 0, 0
173024, 1024, 1, 0, 0
174024, 1536, 1, 0, 0
175024, 1536, 1, 0, 0
176023, 1025, 1, 0, 0
177024, 768, 1, 0, 0
178024, 2304, 1, 0, 0
179024, 256, 1, 0, 0
180023, 1025, 1, 0, 0
