56022, 256, 1, 0, 0
57023, 256, 1, 0, 0
58023, 768, 1, 0, 0
59023, 768, 1, 0, 0
60024, 3072, 1, 0, 0
61024, 1792, 1, 0, 0
62024, 1280, 1, 0, 0
63025, 1024, 1, 0, 0
64025, 512, 1, 0, 0
65025, 2048, 1, 0, 0
66025, 256, 1, 0, 0
67026, 768, 1, 0, 0
68026, 512, 1, 0, 0
69026, 3072, 1, 0, 0
71027, 768, 1, 0, 0
73027, 512, 1, 0, 0
74027, 512, 1, 0, 0
75028, 1792, 1, 0, 0
77028, 1024, 1, 0, 0
78028, 2304, 1, 0, 0
79029, 256, 1, 0, 0
81029, 2816, 1, 0, 0
82029, 768, 1, 0, 0
85030, 256, 1, 0, 0
86030, 1280, 1, 0, 0
87031, 1536, 1, 0, 0
88031, 512, 1, 0, 0
89031, 256, 1, 0, 0
90032, 1536, 1, 0, 0
92032, 1280, 1, 0, 0
93032, 1536, 1, 0, 0
94033, 256, 1, 0, 0
95033, 1536, 1, 0, 0
96033, 1536, 1, 0, 0
97033, 768, 1, 0, 0
98034, 1024, 1, 0, 0
99034, 1536, 1, 0, 0
101035, 768, 1, 0, 0
102035, 512, 1, 0, 0
103035, 768, 1, 0, 0
105036, 1280, 1, 0, 0
106036, 768, 1, 0, 0
107036, 1792, 1, 0, 0
108037, 256, 1, 0, 0
109037, 768, 1, 0, 0
111038, 256, 1, 0, 0
112038, 1024, 1, 0, 0
113038, 1280, 1, 0, 0
114038, 1792, 1, 0, 0
116039, 768, 1, 0, 0
117039, 1280, 1, 0, 0
118039, 1024, 1, 0, 0
119040, 2560, 1, 0, 0
121040, 256, 1, 0, 0
122041, 512, 1, 0, 0
123041, 2560, 1, 0, 0
124041, 256, 1, 0, 0
125041, 512, 1, 0, 0
126042, 768, 1, 0, 0
127042, 1280, 1, 0, 0
128042, 1792, 1, 0, 0
129043, 1792, 1, 0, 0
130043, 512, 1, 0, 0
131043, 1280, 1, 0, 0
132043, 768, 1, 0, 0
133044, 1792, 1, 0, 0
134044, 1536, 1, 0, 0
135044, 1536, 1, 0, 0
136044, 768, 1, 0, 0
137045, 1536, 1, 0, 0
138045, 768, 1, 0, 0
139045, 1792, 1, 0, 0
140046, 768, 1, 0, 0
141046, 768, 1, 0, 0
142046, 512, 1, 0, 0
143046, 1792, 1, 0, 0
144047, 256, 1, 0, 0
145047, 2816, 1, 0, 0
146047, 1280, 1, 0, 0
147048, 2048, 1, 0, 0
148048, 768, 1, 0, 0
149048, 512, 1, 0, 0
150048, 1280, 1, 0, 0
151049, 1792, 1, 0, 0
152049, 512, 1, 0, 0
153049, 256, 1, 0, 0
154049, 1280, 1, 0, 0
156050, 256, 1, 0, 0
157050, 1792, 1, 0, 0
158051, 768, 1, 0, 0
159051, 1536, 1, 0, 0
160051, 256, 1, 0, 0
162052, 256, 1, 0, 0
163052, 2048, 1, 0, 0
164052, 3072, 1, 0, 0
165052, 1024, 1, 0, 0
166053, 2560, 1, 0, 0
167053, 512, 1, 0, 0
168053, 1024, 1, 0, 0
169053, 2560, 1, 0, 0
170054, 2048, 1, 0, 0
171054, 512, 1, 0, 0
172054, 512, 1, 0, 0
173055, 256, 1, 0, 0
174055, 1024, 1, 0, 0
175055, 2304, 1, 0, 0
176055, 768, 1, 0, 0
177056, 3840, 1, 0, 0
178056, 2304, 1, 0, 0
179056, 768, 1, 0, 0
