30012, 768, 1, 0, 0
31013, 512, 1, 0, 0
32013, 2048, 1, 0, 0
33013, 256, 1, 0, 0
34014, 1024, 1, 0, 0
35014, 768, 1, 0, 0
37015, 2048, 1, 0, 0
38015, 1024, 1, 0, 0
39015, 256, 1, 0, 0
41016, 1792, 1, 0, 0
42017, 2816, 1, 0, 0
43017, 2048, 1, 0, 0
45018, 1536, 1, 0, 0
46018, 1024, 1, 0, 0
47019, 1536, 1, 0, 0
48019, 512, 1, 0, 0
49019, 2560, 1, 0, 0
50020, 512, 1, 0, 0
51020, 1024, 1, 0, 0
52020, 3072, 1, 0, 0
53021, 2048, 1, 0, 0
55021, 1024, 1, 0, 0
56022, 3072, 1, 0, 0
57022, 256, 1, 0, 0
58022, 1280, 1, 0, 0
59023, 256, 1, 0, 0
60023, 1536, 1, 0, 0
61023, 512, 1, 0, 0
62024, 1280, 1, 0, 0
63024, 256, 1, 0, 0
64024, 256, 1, 0, 0
65023, 1025, 1, 0, 0
66023, 256, 1, 0, 0
67023, 1536, 1, 0, 0
68023, 1280, 1, 0, 0
69023, 1024, 1, 0, 0
70024, 256, 1, 0, 0
71024, 1280, 1, 0, 0
72024, 512, 1, 0, 0
73024, 512, 1, 0, 0
74024, 512, 1, 0, 0
75024, 768, 1, 0, 0
77024, 2048, 1, 0, 0
78024, 2562, 1, 0, 0
80024, 512, 1, 0, 0
83024, 1280, 1, 0, 0
84024, 2304, 1, 0, 0
85024, 256, 1, 0, 0
86024, 256, 1, 0, 0
87024, 768, 1, 0, 0
91024, 512, 1, 0, 0
92024, 256, 1, 0, 0
94024, 256, 1, 0, 0
95024, 768, 1, 0, 0
97024, 2306, 1, 0, 0
99024, 1792, 1, 0, 0
100024, 512, 1, 0, 0
101024, 256, 1, 0, 0
103024, 768, 1, 0, 0
105024, 768, 1, 0, 0
106024, 512, 1, 0, 0
107024, 1281, 1, 0, 0
109024, 1024, 1, 0, 0
110024, 768, 1, 0, 0
111024, 1280, 1, 0, 0
112024, 2816, 1, 0, 0
113024, 1280, 1, 0, 0
114024, 512, 1, 0, 0
115024, 1024, 1, 0, 0
116024, 1280, 1, 0, 0
117023, 768, 1, 0, 0
118024, 1280, 1, 0, 0
121024, 1025, 1, 0, 0
122024, 768, 1, 0, 0
123024, 1280, 1, 0, 0
124024, 2304, 1, 0, 0
125024, 256, 1, 0, 0
126024, 2816, 1, 0, 0
127024, 256, 1, 0, 0
128024, 256, 1, 0, 0
129024, 1024, 1, 0, 0
131024, 2560, 1, 0, 0
132024, 1537, 1, 0, 0
133024, 512, 1, 0, 0
135024, 2048, 1, 0, 0
136024, 512, 1, 0, 0
137024, 2304, 1, 0, 0
138024, 768, 1, 0, 0
139024, 1793, 1, 0, 0
140024, 2048, 1, 0, 0
141024, 1024, 1, 0, 0
142024, 3584, 1, 0, 0
143024, 768, 1, 0, 0
144024, 1024, 1, 0, 0
145024, 1024, 1, 0, 0
146024, 1280, 1, 0, 0
147024, 2818, 1, 0, 0
148024, 768, 1, 0, 0
149024, 256, 1, 0, 0
150024, 2562, 1, 0, 0
151024, 1024, 1, 0, 0
152024, 1024, 1, 0, 0
154024, 1536, 1, 0, 0
155024, 1280, 1, 0, 0
156024, 1024, 1, 0, 0
157024, 256, 1, 0, 0
158024, 2304, 1, 0, 0
159024, 256, 1, 0, 0
160024, 768, 1, 0, 0
161024, 512, 1, 0, 0
162024, 1280, 1, 0, 0
163024, 768, 1, 0, 0
164024, 1280, 1, 0, 0
165024, 1281, 1, 0, 0
166024, 1536, 1, 0, 0
167024, 1792, 1, 0, 0
168024, 512, 1, 0, 0
169024, 1025, 1, 0, 0
170024, 512, 1, 0, 0
172024, 1537, 1, 0, 0
173024, 1536, 1, 0, 0
174024, 1280, 1, 0, 0
175024, 512, 1, 0, 0
177024, 512, 1, 0, 0
178024, 1280, 1, 0, 0
179024, 768, 1, 0, 0
