39000, 512, 1, 0, 0
40000, 1280, 1, 0, 0
41001, 256, 1, 0, 0
42999, 256, 1, 0, 0
44000, 2048, 1, 0, 0
45000, 1280, 1, 0, 0
46001, 256, 1, 0, 0
47000, 1537, 1, 0, 0
47999, 256, 1, 0, 0
52001, 3328, 1, 0, 0
53000, 2050, 1, 0, 0
53999, 1281, 1, 0, 0
56000, 1792, 1, 0, 0
57000, 512, 1, 0, 0
58000, 256, 1, 0, 0
59000, 1537, 1, 0, 0
59999, 1281, 1, 0, 0
60999, 1280, 1, 0, 0
62000, 2048, 1, 0, 0
63000, 768, 1, 0, 0
65000, 768, 1, 0, 0
65999, 256, 1, 0, 0
66999, 3072, 1, 0, 0
67999, 2816, 1, 0, 0
69000, 768, 1, 0, 0
71000, 1024, 1, 0, 0
72000, 512, 1, 0, 0
73001, 2048, 1, 0, 0
74000, 512, 1, 0, 0
75000, 1280, 1, 0, 0
76000, 768, 1, 0, 0
78000, 256, 1, 0, 0
79000, 512, 1, 0, 0
80000, 1024, 1, 0, 0
82000, 1025, 1, 0, 0
83000, 1280, 1, 0, 0
84000, 1792, 1, 0, 0
85001, 256, 1, 0, 0
86000, 256, 1, 0, 0
89000, 512, 1, 0, 0
90000, 2048, 1, 0, 0
91000, 256, 1, 0, 0
92001, 1024, 1, 0, 0
93000, 256, 1, 0, 0
95000, 1280, 1, 0, 0
97000, 1025, 1, 0, 0
100000, 1537, 1, 0, 0
101000, 768, 1, 0, 0
103001, 512, 1, 0, 0
104000, 256, 1, 0, 0
107000, 768, 1, 0, 0
108000, 256, 1, 0, 0
109000, 768, 1, 0, 0
110000, 256, 1, 0, 0
111000, 1024, 1, 0, 0
112000, 512, 1, 0, 0
113001, 2560, 1, 0, 0
114000, 1537, 1, 0, 0
115000, 512, 1, 0, 0
116000, 1024, 1, 0, 0
118000, 1536, 1, 0, 0
120000, 768, 1, 0, 0
122000, 1792, 1, 0, 0
123000, 1536, 1, 0, 0
124001, 256, 1, 0, 0
125000, 256, 1, 0, 0
126000, 1024, 1, 0, 0
127000, 2560, 1, 0, 0
129000, 2560, 1, 0, 0
130000, 256, 1, 0, 0
131000, 512, 1, 0, 0
132000, 1281, 1, 0, 0
133000, 1536, 1, 0, 0
134000, 512, 1, 0, 0
136000, 3587, 1, 0, 0
138000, 256, 1, 0, 0
140000, 256, 1, 0, 0
141000, 512, 1, 0, 0
142001, 1280, 1, 0, 0
143000, 1025, 1, 0, 0
145000, 768, 1, 0, 0
146001, 1280, 1, 0, 0
149000, 768, 1, 0, 0
150000, 1537, 1, 0, 0
151000, 512, 1, 0, 0
152000, 1280, 1, 0, 0
153000, 2562, 1, 0, 0
154000, 512, 1, 0, 0
155000, 1024, 1, 0, 0
156000, 1536, 1, 0, 0
157000, 256, 1, 0, 0
158000, 256, 1, 0, 0
159000, 1536, 1, 0, 0
160000, 2048, 1, 0, 0
161000, 1537, 1, 0, 0
162000, 768, 1, 0, 0
163000, 768, 1, 0, 0
164001, 1024, 1, 0, 0
165000, 1025, 1, 0, 0
166000, 3328, 1, 0, 0
167000, 2816, 1, 0, 0
168001, 1024, 1, 0, 0
169000, 2050, 1, 0, 0
170000, 512, 1, 0, 0
171000, 256, 1, 0, 0
172000, 1281, 1, 0, 0
173000, 1024, 1, 0, 0
174000, 1280, 1, 0, 0
175001, 512, 1, 0, 0
176000, 2562, 1, 0, 0
177000, 256, 1, 0, 0
178000, 768, 1, 0, 0
179001, 256, 1, 0, 0
180000, 5125, 1, 0, 0
