33013, 1024, 1, 0, 0
34013, 512, 1, 0, 0
37014, 2304, 1, 0, 0
38014, 768, 1, 0, 0
39015, 1792, 1, 0, 0
40015, 2048, 1, 0, 0
41016, 3840, 1, 0, 0
42015, 2050, 1, 0, 0
43014, 1025, 1, 0, 0
44015, 1024, 1, 0, 0
45015, 512, 1, 0, 0
46016, 768, 1, 0, 0
47015, 256, 1, 0, 0
48014, 512, 1, 0, 0
49015, 1536, 1, 0, 0
50015, 2304, 1, 0, 0
51015, 768, 1, 0, 0
52016, 768, 1, 0, 0
53015, 2306, 1, 0, 0
54014, 1281, 1, 0, 0
55015, 1024, 1, 0, 0
56015, 2304, 1, 0, 0
57015, 1536, 1, 0, 0
58016, 1024, 1, 0, 0
59015, 1281, 1, 0, 0
61014, 2816, 1, 0, 0
62015, 1280, 1, 0, 0
63015, 1536, 1, 0, 0
64015, 256, 1, 0, 0
66014, 2050, 1, 0, 0
67014, 2560, 1, 0, 0
68014, 256, 1, 0, 0
69015, 1280, 1, 0, 0
70015, 2048, 1, 0, 0
71015, 2048, 1, 0, 0
73016, 768, 1, 0, 0
74015, 1537, 1, 0, 0
75015, 1792, 1, 0, 0
76015, 1792, 1, 0, 0
77016, 768, 1, 0, 0
78015, 512, 1, 0, 0
79015, 1792, 1, 0, 0
81016, 1792, 1, 0, 0
82015, 2818, 1, 0, 0
83015, 1792, 1, 0, 0
84015, 768, 1, 0, 0
85016, 1280, 1, 0, 0
86015, 2306, 1, 0, 0
87015, 512, 1, 0, 0
88015, 512, 1, 0, 0
89015, 2306, 1, 0, 0
90015, 512, 1, 0, 0
92016, 512, 1, 0, 0
93015, 256, 1, 0, 0
94015, 1024, 1, 0, 0
95015, 512, 1, 0, 0
96016, 512, 1, 0, 0
97015, 768, 1, 0, 0
98015, 256, 1, 0, 0
99016, 2816, 1, 0, 0
100015, 512, 1, 0, 0
101015, 2048, 1, 0, 0
102015, 1280, 1, 0, 0
103016, 512, 1, 0, 0
104015, 1537, 1, 0, 0
105015, 512, 1, 0, 0
106016, 1024, 1, 0, 0
108015, 256, 1, 0, 0
109015, 512, 1, 0, 0
112015, 2048, 1, 0, 0
113016, 3072, 1, 0, 0
114015, 512, 1, 0, 0
116015, 1024, 1, 0, 0
117015, 256, 1, 0, 0
118015, 256, 1, 0, 0
119015, 256, 1, 0, 0
120016, 2304, 1, 0, 0
121015, 1025, 1, 0, 0
122015, 1792, 1, 0, 0
123015, 512, 1, 0, 0
124016, 512, 1, 0, 0
125015, 256, 1, 0, 0
126015, 1280, 1, 0, 0
127015, 2816, 1, 0, 0
129015, 768, 1, 0, 0
130015, 512, 1, 0, 0
131016, 256, 1, 0, 0
133015, 1024, 1, 0, 0
134015, 2304, 1, 0, 0
135016, 768, 1, 0, 0
136015, 512, 1, 0, 0
137015, 512, 1, 0, 0
138016, 512, 1, 0, 0
140015, 2816, 1, 0, 0
141015, 3072, 1, 0, 0
142016, 1280, 1, 0, 0
143015, 2306, 1, 0, 0
144015, 1280, 1, 0, 0
145015, 768, 1, 0, 0
146016, 1024, 1, 0, 0
147015, 1281, 1, 0, 0
148015, 512, 1, 0, 0
150015, 1537, 1, 0, 0
151015, 1024, 1, 0, 0
152015, 256, 1, 0, 0
153015, 1025, 1, 0, 0
154015, 2048, 1, 0, 0
155015, 256, 1, 0, 0
156016, 512, 1, 0, 0
157015, 4356, 1, 0, 0
158015, 768, 1, 0, 0
159015, 1792, 1, 0, 0
160016, 512, 1, 0, 0
161015, 256, 1, 0, 0
162015, 1536, 1, 0, 0
163015, 2048, 1, 0, 0
164016, 768, 1, 0, 0
165015, 1793, 1, 0, 0
166015, 512, 1, 0, 0
167015, 768, 1, 0, 0
169015, 768, 1, 0, 0
171016, 256, 1, 0, 0
172015, 512, 1, 0, 0
173015, 1024, 1, 0, 0
174015, 1024, 1, 0, 0
175016, 768, 1, 0, 0
176015, 768, 1, 0, 0
177015, 1024, 1, 0, 0
178015, 1024, 1, 0, 0
180015, 1281, 1, 0, 0
