30013, 1024, 1, 0, 0
31013, 512, 1, 0, 0
33014, 768, 1, 0, 0
35014, 1792, 1, 0, 0
36015, 1024, 1, 0, 0
38016, 256, 1, 0, 0
39016, 256, 1, 0, 0
40016, 2560, 1, 0, 0
41017, 512, 1, 0, 0
42017, 512, 1, 0, 0
43018, 768, 1, 0, 0
44018, 1536, 1, 0, 0
45018, 1024, 1, 0, 0
46019, 768, 1, 0, 0
47019, 256, 1, 0, 0
48019, 768, 1, 0, 0
49020, 256, 1, 0, 0
50020, 512, 1, 0, 0
51020, 256, 1, 0, 0
52021, 256, 1, 0, 0
53021, 512, 1, 0, 0
54022, 2304, 1, 0, 0
55022, 1536, 1, 0, 0
56022, 1280, 1, 0, 0
57022, 1024, 1, 0, 0
59022, 1025, 1, 0, 0
60021, 256, 1, 0, 0
62022, 1024, 1, 0, 0
63022, 256, 1, 0, 0
64023, 256, 1, 0, 0
65022, 1793, 1, 0, 0
66021, 2050, 1, 0, 0
68022, 1536, 1, 0, 0
69022, 768, 1, 0, 0
70022, 1792, 1, 0, 0
71022, 768, 1, 0, 0
72023, 2048, 1, 0, 0
73023, 2816, 1, 0, 0
74022, 2562, 1, 0, 0
75022, 1024, 1, 0, 0
76023, 1280, 1, 0, 0
77023, 768, 1, 0, 0
78022, 1537, 1, 0, 0
79022, 256, 1, 0, 0
81023, 1024, 1, 0, 0
82022, 512, 1, 0, 0
83022, 768, 1, 0, 0
84023, 1024, 1, 0, 0
85023, 512, 1, 0, 0
86022, 256, 1, 0, 0
87022, 512, 1, 0, 0
88023, 1024, 1, 0, 0
89022, 256, 1, 0, 0
90022, 256, 1, 0, 0
91023, 1536, 1, 0, 0
92023, 768, 1, 0, 0
93022, 256, 1, 0, 0
94022, 512, 1, 0, 0
95023, 1536, 1, 0, 0
96023, 2304, 1, 0, 0
97022, 256, 1, 0, 0
100022, 1793, 1, 0, 0
101022, 256, 1, 0, 0
103023, 512, 1, 0, 0
105023, 512, 1, 0, 0
106023, 1280, 1, 0, 0
107022, 256, 1, 0, 0
108022, 256, 1, 0, 0
109023, 768, 1, 0, 0
111022, 256, 1, 0, 0
112023, 768, 1, 0, 0
113023, 1536, 1, 0, 0
115022, 256, 1, 0, 0
116023, 768, 1, 0, 0
117022, 2050, 1, 0, 0
118022, 1536, 1, 0, 0
119023, 768, 1, 0, 0
120023, 512, 1, 0, 0
122022, 768, 1, 0, 0
123023, 1024, 1, 0, 0
124023, 768, 1, 0, 0
125022, 2050, 1, 0, 0
126022, 256, 1, 0, 0
128022, 1281, 1, 0, 0
129022, 1792, 1, 0, 0
131023, 1536, 1, 0, 0
132022, 768, 1, 0, 0
133022, 512, 1, 0, 0
134023, 768, 1, 0, 0
135023, 256, 1, 0, 0
136022, 256, 1, 0, 0
137022, 256, 1, 0, 0
138023, 256, 1, 0, 0
140022, 512, 1, 0, 0
141023, 2048, 1, 0, 0
143022, 512, 1, 0, 0
145023, 256, 1, 0, 0
146023, 256, 1, 0, 0
148023, 1280, 1, 0, 0
149023, 256, 1, 0, 0
150022, 768, 1, 0, 0
151022, 1280, 1, 0, 0
153022, 1281, 1, 0, 0
154022, 512, 1, 0, 0
155022, 1280, 1, 0, 0
156023, 256, 1, 0, 0
157022, 256, 1, 0, 0
159023, 256, 1, 0, 0
160023, 512, 1, 0, 0
161022, 1537, 1, 0, 0
162022, 768, 1, 0, 0
163023, 256, 1, 0, 0
164023, 512, 1, 0, 0
165022, 512, 1, 0, 0
166022, 256, 1, 0, 0
167023, 1536, 1, 0, 0
168023, 512, 1, 0, 0
169022, 2818, 1, 0, 0
170022, 1024, 1, 0, 0
171023, 256, 1, 0, 0
172022, 1281, 1, 0, 0
173022, 512, 1, 0, 0
174023, 1280, 1, 0, 0
175023, 256, 1, 0, 0
178023, 512, 1, 0, 0
179023, 256, 1, 0, 0
180022, 1281, 1, 0, 0
