44019, 2048, 1, 0, 0
45019, 512, 1, 0, 0
46019, 768, 1, 0, 0
48020, 1280, 1, 0, 0
49020, 512, 1, 0, 0
51021, 768, 1, 0, 0
52021, 512, 1, 0, 0
53022, 768, 1, 0, 0
57023, 2560, 1, 0, 0
58023, 1792, 1, 0, 0
60024, 512, 1, 0, 0
62025, 2048, 1, 0, 0
63025, 1024, 1, 0, 0
64025, 512, 1, 0, 0
65025, 1024, 1, 0, 0
66026, 512, 1, 0, 0
67026, 512, 1, 0, 0
68026, 1536, 1, 0, 0
69026, 1024, 1, 0, 0
70027, 2304, 1, 0, 0
71027, 1536, 1, 0, 0
72027, 256, 1, 0, 0
73027, 768, 1, 0, 0
74028, 768, 1, 0, 0
75028, 512, 1, 0, 0
76028, 768, 1, 0, 0
80029, 1280, 1, 0, 0
81029, 3328, 1, 0, 0
82030, 512, 1, 0, 0
83030, 768, 1, 0, 0
84030, 1536, 1, 0, 0
85030, 1280, 1, 0, 0
86031, 2304, 1, 0, 0
87031, 256, 1, 0, 0
88031, 256, 1, 0, 0
89032, 1024, 1, 0, 0
90032, 1536, 1, 0, 0
91032, 2048, 1, 0, 0
92032, 1024, 1, 0, 0
93033, 768, 1, 0, 0
94033, 256, 1, 0, 0
95033, 512, 1, 0, 0
97034, 256, 1, 0, 0
98034, 512, 1, 0, 0
100035, 1024, 1, 0, 0
101035, 2304, 1, 0, 0
102035, 1024, 1, 0, 0
104036, 512, 1, 0, 0
105036, 2816, 1, 0, 0
106036, 1280, 1, 0, 0
107037, 256, 1, 0, 0
108037, 512, 1, 0, 0
109037, 1792, 1, 0, 0
110038, 2560, 1, 0, 0
111038, 768, 1, 0, 0
112038, 2304, 1, 0, 0
113038, 512, 1, 0, 0
115039, 1280, 1, 0, 0
116039, 2048, 1, 0, 0
117039, 512, 1, 0, 0
118040, 1024, 1, 0, 0
119040, 1024, 1, 0, 0
120040, 2560, 1, 0, 0
121041, 2048, 1, 0, 0
124041, 2560, 1, 0, 0
127042, 256, 1, 0, 0
128043, 1792, 1, 0, 0
130043, 512, 1, 0, 0
131043, 768, 1, 0, 0
133044, 512, 1, 0, 0
134044, 2560, 1, 0, 0
135044, 1536, 1, 0, 0
136045, 256, 1, 0, 0
137045, 256, 1, 0, 0
138045, 1792, 1, 0, 0
139046, 1280, 1, 0, 0
140046, 256, 1, 0, 0
141046, 1536, 1, 0, 0
142046, 1280, 1, 0, 0
143047, 2048, 1, 0, 0
144047, 2304, 1, 0, 0
145047, 1024, 1, 0, 0
146047, 256, 1, 0, 0
147048, 1024, 1, 0, 0
148048, 1792, 1, 0, 0
149048, 1792, 1, 0, 0
150049, 256, 1, 0, 0
151049, 2560, 1, 0, 0
152049, 768, 1, 0, 0
153049, 1024, 1, 0, 0
154050, 1280, 1, 0, 0
155050, 1792, 1, 0, 0
157051, 1024, 1, 0, 0
158051, 1024, 1, 0, 0
159051, 1280, 1, 0, 0
160051, 1536, 1, 0, 0
161052, 1792, 1, 0, 0
162052, 1536, 1, 0, 0
163052, 512, 1, 0, 0
164052, 1280, 1, 0, 0
165053, 768, 1, 0, 0
166053, 3072, 1, 0, 0
167053, 1024, 1, 0, 0
168053, 1024, 1, 0, 0
169054, 1280, 1, 0, 0
170054, 1792, 1, 0, 0
171054, 768, 1, 0, 0
172055, 768, 1, 0, 0
173055, 768, 1, 0, 0
174055, 1280, 1, 0, 0
175055, 1280, 1, 0, 0
177056, 512, 1, 0, 0
178056, 1280, 1, 0, 0
179056, 3072, 1, 0, 0
180183, 682, 1, 0, 0
