51022, 1536, 1, 0, 0
52022, 1024, 1, 0, 0
53022, 256, 1, 0, 0
54023, 1792, 1, 0, 0
55023, 256, 1, 0, 0
57024, 256, 1, 0, 0
58024, 256, 1, 0, 0
59024, 1024, 1, 0, 0
60025, 256, 1, 0, 0
61025, 1024, 1, 0, 0
62025, 1280, 1, 0, 0
63026, 512, 1, 0, 0
69027, 1024, 1, 0, 0
70027, 1024, 1, 0, 0
71028, 1792, 1, 0, 0
72028, 256, 1, 0, 0
73028, 512, 1, 0, 0
74028, 1024, 1, 0, 0
75029, 768, 1, 0, 0
77029, 768, 1, 0, 0
78029, 1536, 1, 0, 0
79030, 1280, 1, 0, 0
80030, 1280, 1, 0, 0
81030, 1792, 1, 0, 0
82030, 1024, 1, 0, 0
83031, 1536, 1, 0, 0
84031, 1792, 1, 0, 0
85031, 1280, 1, 0, 0
86031, 1280, 1, 0, 0
87032, 1536, 1, 0, 0
89032, 768, 1, 0, 0
90033, 2304, 1, 0, 0
91033, 1792, 1, 0, 0
92033, 1024, 1, 0, 0
94034, 2816, 1, 0, 0
95034, 2048, 1, 0, 0
96034, 1536, 1, 0, 0
97034, 512, 1, 0, 0
98035, 512, 1, 0, 0
99035, 1280, 1, 0, 0
101036, 2048, 1, 0, 0
102036, 256, 1, 0, 0
103036, 256, 1, 0, 0
104037, 3072, 1, 0, 0
105037, 256, 1, 0, 0
107037, 2560, 1, 0, 0
108038, 1536, 1, 0, 0
109038, 1280, 1, 0, 0
110038, 512, 1, 0, 0
112039, 1536, 1, 0, 0
113039, 1536, 1, 0, 0
115040, 1536, 1, 0, 0
116040, 1024, 1, 0, 0
117040, 768, 1, 0, 0
118041, 2048, 1, 0, 0
119041, 512, 1, 0, 0
120041, 768, 1, 0, 0
121041, 2304, 1, 0, 0
122042, 768, 1, 0, 0
123042, 1280, 1, 0, 0
124042, 256, 1, 0, 0
125042, 512, 1, 0, 0
126043, 768, 1, 0, 0
127043, 768, 1, 0, 0
128043, 1024, 1, 0, 0
130044, 768, 1, 0, 0
131044, 768, 1, 0, 0
133045, 1024, 1, 0, 0
134045, 256, 1, 0, 0
135045, 768, 1, 0, 0
136046, 1024, 1, 0, 0
137046, 1280, 1, 0, 0
138046, 2560, 1, 0, 0
140047, 1024, 1, 0, 0
141047, 256, 1, 0, 0
143047, 256, 1, 0, 0
144048, 512, 1, 0, 0
145048, 1280, 1, 0, 0
146048, 256, 1, 0, 0
147049, 512, 1, 0, 0
148049, 1792, 1, 0, 0
149049, 1024, 1, 0, 0
150049, 3328, 1, 0, 0
152050, 1280, 1, 0, 0
153050, 1024, 1, 0, 0
154050, 1792, 1, 0, 0
155051, 256, 1, 0, 0
156051, 1024, 1, 0, 0
157051, 1024, 1, 0, 0
158052, 2560, 1, 0, 0
159052, 3584, 1, 0, 0
160052, 2048, 1, 0, 0
161052, 256, 1, 0, 0
162053, 2304, 1, 0, 0
163053, 512, 1, 0, 0
164053, 2304, 1, 0, 0
165053, 2304, 1, 0, 0
167054, 1280, 1, 0, 0
168054, 512, 1, 0, 0
170055, 512, 1, 0, 0
171055, 256, 1, 0, 0
172055, 768, 1, 0, 0
173056, 2048, 1, 0, 0
174056, 512, 1, 0, 0
175056, 3072, 1, 0, 0
176056, 512, 1, 0, 0
177057, 768, 1, 0, 0
179057, 512, 1, 0, 0
