50012, 256, 1, 0, 0
51012, 512, 1, 0, 0
52012, 2304, 1, 0, 0
53012, 768, 1, 0, 0
54013, 1792, 1, 0, 0
55013, 256, 1, 0, 0
58012, 512, 1, 0, 0
59012, 768, 1, 0, 0
60013, 1792, 1, 0, 0
61013, 512, 1, 0, 0
62013, 256, 1, 0, 0
64012, 1537, 1, 0, 0
65012, 256, 1, 0, 0
66012, 2048, 1, 0, 0
67012, 1280, 1, 0, 0
68013, 1280, 1, 0, 0
70012, 1793, 1, 0, 0
72013, 768, 1, 0, 0
74012, 1281, 1, 0, 0
76013, 2816, 1, 0, 0
77012, 512, 1, 0, 0
78013, 1536, 1, 0, 0
79013, 1280, 1, 0, 0
80013, 1792, 1, 0, 0
81012, 256, 1, 0, 0
82013, 1536, 1, 0, 0
84013, 256, 1, 0, 0
85012, 1281, 1, 0, 0
86013, 768, 1, 0, 0
87013, 256, 1, 0, 0
88013, 768, 1, 0, 0
89012, 1793, 1, 0, 0
90013, 1280, 1, 0, 0
91013, 1792, 1, 0, 0
92013, 256, 1, 0, 0
93012, 2306, 1, 0, 0
94013, 2048, 1, 0, 0
95013, 1280, 1, 0, 0
96012, 1025, 1, 0, 0
97013, 256, 1, 0, 0
98013, 1536, 1, 0, 0
103012, 768, 1, 0, 0
104012, 1024, 1, 0, 0
105013, 1024, 1, 0, 0
106013, 512, 1, 0, 0
107012, 1281, 1, 0, 0
109013, 1280, 1, 0, 0
110013, 1536, 1, 0, 0
111012, 1025, 1, 0, 0
112013, 1024, 1, 0, 0
113013, 768, 1, 0, 0
115013, 1536, 1, 0, 0
116013, 1024, 1, 0, 0
117013, 1536, 1, 0, 0
118012, 2818, 1, 0, 0
119013, 768, 1, 0, 0
120013, 2048, 1, 0, 0
121012, 768, 1, 0, 0
122013, 1280, 1, 0, 0
123013, 768, 1, 0, 0
124013, 256, 1, 0, 0
125012, 512, 1, 0, 0
127013, 1280, 1, 0, 0
128013, 1536, 1, 0, 0
129012, 256, 1, 0, 0
130013, 1024, 1, 0, 0
131013, 256, 1, 0, 0
132012, 256, 1, 0, 0
133013, 256, 1, 0, 0
136012, 256, 1, 0, 0
137013, 1280, 1, 0, 0
138013, 512, 1, 0, 0
139013, 1536, 1, 0, 0
140012, 1793, 1, 0, 0
142013, 2304, 1, 0, 0
143013, 1280, 1, 0, 0
144013, 512, 1, 0, 0
148013, 256, 1, 0, 0
149013, 1024, 1, 0, 0
150012, 256, 1, 0, 0
151012, 512, 1, 0, 0
152013, 3072, 1, 0, 0
153013, 1536, 1, 0, 0
156013, 1536, 1, 0, 0
157013, 1536, 1, 0, 0
159013, 512, 1, 0, 0
160013, 2048, 1, 0, 0
162013, 1024, 1, 0, 0
163013, 2048, 1, 0, 0
164013, 512, 1, 0, 0
165012, 512, 1, 0, 0
171012, 768, 1, 0, 0
173013, 1280, 1, 0, 0
174013, 512, 1, 0, 0
175012, 2050, 1, 0, 0
176013, 512, 1, 0, 0
178012, 1793, 1, 0, 0
179013, 256, 1, 0, 0
180013, 256, 1, 0, 0
