35007, 256, 1, 0, 0
36006, 512, 1, 0, 0
37006, 1024, 1, 0, 0
38007, 1280, 1, 0, 0
40007, 256, 1, 0, 0
41006, 256, 1, 0, 0
43007, 768, 1, 0, 0
45006, 1537, 1, 0, 0
46006, 1793, 1, 0, 0
47006, 512, 1, 0, 0
48007, 512, 1, 0, 0
50006, 1025, 1, 0, 0
51006, 256, 1, 0, 0
52006, 256, 1, 0, 0
53006, 1280, 1, 0, 0
54007, 1280, 1, 0, 0
55007, 768, 1, 0, 0
56006, 2306, 1, 0, 0
57006, 1281, 1, 0, 0
59006, 768, 1, 0, 0
60007, 1024, 1, 0, 0
62007, 2560, 1, 0, 0
63006, 512, 1, 0, 0
65006, 1792, 1, 0, 0
67006, 768, 1, 0, 0
68007, 1280, 1, 0, 0
70006, 512, 1, 0, 0
71007, 512, 1, 0, 0
73007, 2048, 1, 0, 0
75007, 256, 1, 0, 0
76007, 768, 1, 0, 0
77006, 256, 1, 0, 0
78006, 3840, 1, 0, 0
79007, 1024, 1, 0, 0
80007, 512, 1, 0, 0
81006, 2818, 1, 0, 0
82007, 3072, 1, 0, 0
83007, 1024, 1, 0, 0
84007, 256, 1, 0, 0
85006, 512, 1, 0, 0
86007, 768, 1, 0, 0
87007, 1024, 1, 0, 0
88007, 1024, 1, 0, 0
89006, 256, 1, 0, 0
90007, 256, 1, 0, 0
93006, 2562, 1, 0, 0
95007, 2816, 1, 0, 0
96006, 512, 1, 0, 0
97007, 768, 1, 0, 0
98007, 3072, 1, 0, 0
99007, 2048, 1, 0, 0
100006, 1537, 1, 0, 0
101007, 512, 1, 0, 0
102007, 1792, 1, 0, 0
103006, 256, 1, 0, 0
104006, 256, 1, 0, 0
105007, 1536, 1, 0, 0
106007, 1280, 1, 0, 0
107006, 1025, 1, 0, 0
109007, 1024, 1, 0, 0
110007, 1536, 1, 0, 0
111006, 2562, 1, 0, 0
112007, 768, 1, 0, 0
113007, 1536, 1, 0, 0
114006, 1537, 1, 0, 0
118006, 256, 1, 0, 0
119007, 1024, 1, 0, 0
120007, 1536, 1, 0, 0
121006, 3843, 1, 0, 0
122007, 512, 1, 0, 0
123007, 256, 1, 0, 0
124007, 1536, 1, 0, 0
127007, 512, 1, 0, 0
128007, 512, 1, 0, 0
130007, 256, 1, 0, 0
131007, 256, 1, 0, 0
133007, 1792, 1, 0, 0
134007, 2048, 1, 0, 0
135007, 768, 1, 0, 0
136006, 2818, 1, 0, 0
137007, 768, 1, 0, 0
138007, 256, 1, 0, 0
139007, 512, 1, 0, 0
140006, 1793, 1, 0, 0
141007, 512, 1, 0, 0
142007, 256, 1, 0, 0
143007, 2304, 1, 0, 0
144007, 256, 1, 0, 0
145007, 3328, 1, 0, 0
146007, 1792, 1, 0, 0
147006, 1281, 1, 0, 0
150006, 1281, 1, 0, 0
151006, 768, 1, 0, 0
153007, 1280, 1, 0, 0
154006, 1537, 1, 0, 0
157007, 2048, 1, 0, 0
158006, 1025, 1, 0, 0
159007, 1792, 1, 0, 0
161006, 256, 1, 0, 0
162007, 512, 1, 0, 0
163007, 1024, 1, 0, 0
164007, 256, 1, 0, 0
165006, 512, 1, 0, 0
166007, 1280, 1, 0, 0
167007, 1280, 1, 0, 0
168006, 1025, 1, 0, 0
169007, 3584, 1, 0, 0
170007, 1280, 1, 0, 0
171006, 1281, 1, 0, 0
172006, 1536, 1, 0, 0
173007, 1024, 1, 0, 0
174007, 1280, 1, 0, 0
176007, 256, 1, 0, 0
178006, 512, 1, 0, 0
179007, 1792, 1, 0, 0
180007, 512, 1, 0, 0
