26011, 1536, 1, 0, 0
27011, 1792, 1, 0, 0
28012, 768, 1, 0, 0
29012, 1024, 1, 0, 0
30012, 2048, 1, 0, 0
31013, 1024, 1, 0, 0
32013, 512, 1, 0, 0
34014, 2560, 1, 0, 0
35014, 1280, 1, 0, 0
36015, 1280, 1, 0, 0
37015, 512, 1, 0, 0
38016, 256, 1, 0, 0
39016, 1280, 1, 0, 0
40016, 2048, 1, 0, 0
41017, 256, 1, 0, 0
43018, 768, 1, 0, 0
45018, 1024, 1, 0, 0
46019, 4096, 1, 0, 0
47019, 1024, 1, 0, 0
49020, 512, 1, 0, 0
51021, 256, 1, 0, 0
52021, 1024, 1, 0, 0
53021, 768, 1, 0, 0
54022, 2560, 1, 0, 0
55022, 3584, 1, 0, 0
56022, 256, 1, 0, 0
57023, 768, 1, 0, 0
58023, 768, 1, 0, 0
59023, 512, 1, 0, 0
61024, 1536, 1, 0, 0
62024, 512, 1, 0, 0
63023, 768, 1, 0, 0
64023, 256, 1, 0, 0
65023, 2304, 1, 0, 0
66023, 2048, 1, 0, 0
67023, 3328, 1, 0, 0
68024, 256, 1, 0, 0
69024, 512, 1, 0, 0
70023, 2306, 1, 0, 0
71024, 256, 1, 0, 0
73024, 256, 1, 0, 0
74023, 2050, 1, 0, 0
75024, 1024, 1, 0, 0
77023, 256, 1, 0, 0
78023, 256, 1, 0, 0
79024, 1792, 1, 0, 0
81023, 2306, 1, 0, 0
82023, 256, 1, 0, 0
83024, 1280, 1, 0, 0
84024, 1792, 1, 0, 0
86024, 1280, 1, 0, 0
87024, 1024, 1, 0, 0
88024, 1280, 1, 0, 0
89023, 2306, 1, 0, 0
90024, 768, 1, 0, 0
91024, 1792, 1, 0, 0
92024, 1536, 1, 0, 0
93023, 2050, 1, 0, 0
94024, 1536, 1, 0, 0
95024, 2048, 1, 0, 0
96023, 1793, 1, 0, 0
97023, 768, 1, 0, 0
98024, 512, 1, 0, 0
100023, 768, 1, 0, 0
101024, 1280, 1, 0, 0
102024, 1024, 1, 0, 0
103023, 1281, 1, 0, 0
104023, 256, 1, 0, 0
106024, 1024, 1, 0, 0
107023, 1281, 1, 0, 0
110024, 1792, 1, 0, 0
111023, 768, 1, 0, 0
112024, 512, 1, 0, 0
113024, 256, 1, 0, 0
115024, 1792, 1, 0, 0
116024, 1280, 1, 0, 0
117024, 1536, 1, 0, 0
118023, 768, 1, 0, 0
120024, 512, 1, 0, 0
121023, 1281, 1, 0, 0
122024, 512, 1, 0, 0
123024, 1536, 1, 0, 0
124024, 256, 1, 0, 0
125023, 1537, 1, 0, 0
126024, 768, 1, 0, 0
127024, 1280, 1, 0, 0
128024, 512, 1, 0, 0
129023, 768, 1, 0, 0
130024, 1024, 1, 0, 0
131024, 1536, 1, 0, 0
132023, 512, 1, 0, 0
133023, 1792, 1, 0, 0
134024, 512, 1, 0, 0
136023, 3587, 1, 0, 0
137024, 1792, 1, 0, 0
138024, 3328, 1, 0, 0
139024, 512, 1, 0, 0
140023, 256, 1, 0, 0
141024, 256, 1, 0, 0
142024, 256, 1, 0, 0
143024, 2304, 1, 0, 0
144024, 768, 1, 0, 0
145024, 512, 1, 0, 0
146024, 256, 1, 0, 0
147023, 2050, 1, 0, 0
148024, 2560, 1, 0, 0
149024, 1280, 1, 0, 0
150023, 1281, 1, 0, 0
151023, 1024, 1, 0, 0
153024, 256, 1, 0, 0
154023, 512, 1, 0, 0
155024, 1536, 1, 0, 0
156024, 1536, 1, 0, 0
157024, 512, 1, 0, 0
160024, 1024, 1, 0, 0
162023, 1280, 1, 0, 0
163024, 2048, 1, 0, 0
164024, 768, 1, 0, 0
165023, 1025, 1, 0, 0
166024, 1024, 1, 0, 0
167024, 1280, 1, 0, 0
168023, 1281, 1, 0, 0
169024, 1536, 1, 0, 0
170024, 256, 1, 0, 0
171023, 2818, 1, 0, 0
172023, 256, 1, 0, 0
173024, 1536, 1, 0, 0
176024, 512, 1, 0, 0
177024, 512, 1, 0, 0
178023, 256, 1, 0, 0
179024, 1280, 1, 0, 0
