31013, 2304, 1, 0, 0
33014, 1024, 1, 0, 0
34015, 2816, 1, 0, 0
35015, 256, 1, 0, 0
37016, 512, 1, 0, 0
39016, 768, 1, 0, 0
40017, 2048, 1, 0, 0
41017, 768, 1, 0, 0
42018, 512, 1, 0, 0
43018, 768, 1, 0, 0
44018, 256, 1, 0, 0
45019, 2048, 1, 0, 0
47020, 1024, 1, 0, 0
48020, 768, 1, 0, 0
49020, 512, 1, 0, 0
50021, 1280, 1, 0, 0
52021, 256, 1, 0, 0
53022, 1280, 1, 0, 0
54022, 256, 1, 0, 0
55022, 256, 1, 0, 0
56022, 512, 1, 0, 0
57021, 256, 1, 0, 0
58021, 1280, 1, 0, 0
59022, 1536, 1, 0, 0
60022, 256, 1, 0, 0
61022, 768, 1, 0, 0
62023, 256, 1, 0, 0
63022, 256, 1, 0, 0
64021, 768, 1, 0, 0
65021, 1024, 1, 0, 0
66022, 512, 1, 0, 0
67022, 1024, 1, 0, 0
68022, 512, 1, 0, 0
70022, 512, 1, 0, 0
72022, 256, 1, 0, 0
73023, 1280, 1, 0, 0
74022, 2562, 1, 0, 0
75022, 256, 1, 0, 0
76022, 2048, 1, 0, 0
77022, 3331, 1, 0, 0
78022, 256, 1, 0, 0
79022, 256, 1, 0, 0
80022, 1792, 1, 0, 0
82022, 1024, 1, 0, 0
83022, 1024, 1, 0, 0
84022, 768, 1, 0, 0
85022, 1025, 1, 0, 0
86022, 768, 1, 0, 0
87022, 256, 1, 0, 0
89022, 256, 1, 0, 0
90022, 1024, 1, 0, 0
91022, 1024, 1, 0, 0
92022, 2048, 1, 0, 0
93022, 1281, 1, 0, 0
94022, 1280, 1, 0, 0
95022, 768, 1, 0, 0
96022, 1025, 1, 0, 0
97022, 512, 1, 0, 0
98022, 768, 1, 0, 0
99023, 256, 1, 0, 0
102022, 1024, 1, 0, 0
103022, 768, 1, 0, 0
104022, 512, 1, 0, 0
105022, 1536, 1, 0, 0
106022, 256, 1, 0, 0
107022, 1025, 1, 0, 0
108022, 512, 1, 0, 0
109022, 2304, 1, 0, 0
110022, 1280, 1, 0, 0
111022, 768, 1, 0, 0
112022, 512, 1, 0, 0
113022, 256, 1, 0, 0
114022, 1537, 1, 0, 0
115022, 768, 1, 0, 0
116022, 768, 1, 0, 0
117023, 1536, 1, 0, 0
119022, 1280, 1, 0, 0
120022, 1792, 1, 0, 0
122022, 768, 1, 0, 0
124022, 1024, 1, 0, 0
126022, 1280, 1, 0, 0
127022, 1280, 1, 0, 0
128023, 1792, 1, 0, 0
130022, 256, 1, 0, 0
131022, 1536, 1, 0, 0
132022, 1537, 1, 0, 0
133022, 256, 1, 0, 0
134022, 1024, 1, 0, 0
135023, 768, 1, 0, 0
136022, 256, 1, 0, 0
137022, 2304, 1, 0, 0
138022, 1792, 1, 0, 0
140022, 768, 1, 0, 0
141022, 512, 1, 0, 0
142022, 2304, 1, 0, 0
143023, 768, 1, 0, 0
144022, 512, 1, 0, 0
145022, 768, 1, 0, 0
147022, 1025, 1, 0, 0
148022, 2048, 1, 0, 0
149022, 256, 1, 0, 0
151022, 512, 1, 0, 0
152022, 1024, 1, 0, 0
153023, 512, 1, 0, 0
155022, 256, 1, 0, 0
156022, 512, 1, 0, 0
157023, 768, 1, 0, 0
159022, 1536, 1, 0, 0
160022, 2304, 1, 0, 0
161022, 512, 1, 0, 0
162022, 768, 1, 0, 0
163022, 512, 1, 0, 0
164022, 1024, 1, 0, 0
165022, 2306, 1, 0, 0
167022, 256, 1, 0, 0
168022, 256, 1, 0, 0
169022, 256, 1, 0, 0
170022, 768, 1, 0, 0
171022, 2562, 1, 0, 0
173022, 1024, 1, 0, 0
174023, 512, 1, 0, 0
175022, 512, 1, 0, 0
176022, 512, 1, 0, 0
177022, 1280, 1, 0, 0
178022, 256, 1, 0, 0
179022, 2048, 1, 0, 0
180022, 1024, 1, 0, 0
