49005, 2560, 1, 0, 0
50004, 512, 1, 0, 0
51004, 1281, 1, 0, 0
52004, 768, 1, 0, 0
53004, 1024, 1, 0, 0
56004, 1281, 1, 0, 0
57004, 1281, 1, 0, 0
58004, 2304, 1, 0, 0
59004, 2304, 1, 0, 0
61005, 256, 1, 0, 0
62005, 256, 1, 0, 0
63004, 2050, 1, 0, 0
64004, 1537, 1, 0, 0
65004, 768, 1, 0, 0
69005, 1024, 1, 0, 0
70004, 1025, 1, 0, 0
71005, 768, 1, 0, 0
73005, 3072, 1, 0, 0
74004, 1537, 1, 0, 0
75005, 512, 1, 0, 0
76005, 2304, 1, 0, 0
77004, 1281, 1, 0, 0
78004, 1280, 1, 0, 0
79005, 2304, 1, 0, 0
80005, 256, 1, 0, 0
81004, 256, 1, 0, 0
83005, 1792, 1, 0, 0
84005, 2048, 1, 0, 0
85004, 1793, 1, 0, 0
86005, 768, 1, 0, 0
87005, 3328, 1, 0, 0
88005, 1024, 1, 0, 0
89004, 512, 1, 0, 0
90005, 256, 1, 0, 0
91005, 1536, 1, 0, 0
92005, 1792, 1, 0, 0
95005, 768, 1, 0, 0
96004, 1025, 1, 0, 0
97005, 1024, 1, 0, 0
98005, 2560, 1, 0, 0
99005, 1792, 1, 0, 0
100004, 512, 1, 0, 0
101005, 2304, 1, 0, 0
102005, 768, 1, 0, 0
104004, 1280, 1, 0, 0
105005, 512, 1, 0, 0
106005, 256, 1, 0, 0
107004, 256, 1, 0, 0
108005, 2304, 1, 0, 0
109005, 3584, 1, 0, 0
110005, 256, 1, 0, 0
112005, 1024, 1, 0, 0
113005, 1024, 1, 0, 0
114004, 768, 1, 0, 0
115005, 1536, 1, 0, 0
117005, 512, 1, 0, 0
118004, 768, 1, 0, 0
119005, 1792, 1, 0, 0
120005, 256, 1, 0, 0
122005, 1280, 1, 0, 0
123005, 768, 1, 0, 0
124005, 1024, 1, 0, 0
125004, 2306, 1, 0, 0
126005, 256, 1, 0, 0
127005, 1280, 1, 0, 0
128005, 2560, 1, 0, 0
129004, 1281, 1, 0, 0
130005, 512, 1, 0, 0
131005, 1792, 1, 0, 0
132004, 1281, 1, 0, 0
133005, 1024, 1, 0, 0
134005, 512, 1, 0, 0
136004, 768, 1, 0, 0
137005, 768, 1, 0, 0
138005, 512, 1, 0, 0
139005, 256, 1, 0, 0
141005, 768, 1, 0, 0
142005, 512, 1, 0, 0
143005, 3584, 1, 0, 0
144005, 3843, 1, 0, 0
145005, 256, 1, 0, 0
146005, 1280, 1, 0, 0
147004, 256, 1, 0, 0
148005, 1792, 1, 0, 0
149005, 512, 1, 0, 0
150004, 1793, 1, 0, 0
151004, 256, 1, 0, 0
152005, 2304, 1, 0, 0
153005, 768, 1, 0, 0
157005, 1024, 1, 0, 0
158004, 512, 1, 0, 0
159005, 768, 1, 0, 0
160005, 1024, 1, 0, 0
161004, 1025, 1, 0, 0
163005, 1024, 1, 0, 0
166005, 256, 1, 0, 0
167005, 1536, 1, 0, 0
168004, 2562, 1, 0, 0
169005, 256, 1, 0, 0
170005, 256, 1, 0, 0
171004, 512, 1, 0, 0
172004, 1024, 1, 0, 0
173005, 1024, 1, 0, 0
174005, 768, 1, 0, 0
176005, 1536, 1, 0, 0
178004, 512, 1, 0, 0
179005, 512, 1, 0, 0
180005, 512, 1, 0, 0
