30001, 512, 1, 0, 0
31001, 512, 1, 0, 0
32002, 256, 1, 0, 0
33002, 512, 1, 0, 0
34002, 768, 1, 0, 0
35002, 768, 1, 0, 0
36001, 1025, 1, 0, 0
37002, 1024, 1, 0, 0
39002, 512, 1, 0, 0
40002, 768, 1, 0, 0
41001, 512, 1, 0, 0
42002, 768, 1, 0, 0
43002, 1024, 1, 0, 0
44002, 512, 1, 0, 0
45002, 256, 1, 0, 0
47002, 512, 1, 0, 0
49002, 2304, 1, 0, 0
50002, 512, 1, 0, 0
51001, 1025, 1, 0, 0
52001, 256, 1, 0, 0
53002, 1280, 1, 0, 0
54002, 256, 1, 0, 0
56002, 1537, 1, 0, 0
57001, 3587, 1, 0, 0
58001, 1792, 1, 0, 0
59002, 1280, 1, 0, 0
60002, 256, 1, 0, 0
61002, 1024, 1, 0, 0
62002, 1024, 1, 0, 0
63002, 512, 1, 0, 0
64001, 256, 1, 0, 0
69002, 512, 1, 0, 0
70002, 512, 1, 0, 0
71002, 768, 1, 0, 0
72002, 2048, 1, 0, 0
73002, 512, 1, 0, 0
74002, 512, 1, 0, 0
75002, 768, 1, 0, 0
76002, 1024, 1, 0, 0
77002, 1025, 1, 0, 0
81002, 2050, 1, 0, 0
85002, 1025, 1, 0, 0
89002, 256, 1, 0, 0
92002, 256, 1, 0, 0
93002, 256, 1, 0, 0
95002, 1024, 1, 0, 0
96002, 1025, 1, 0, 0
97002, 1024, 1, 0, 0
98002, 256, 1, 0, 0
99002, 768, 1, 0, 0
100002, 2562, 1, 0, 0
102002, 768, 1, 0, 0
105002, 768, 1, 0, 0
106002, 1280, 1, 0, 0
108002, 1024, 1, 0, 0
111002, 768, 1, 0, 0
112002, 512, 1, 0, 0
117003, 256, 1, 0, 0
118002, 256, 1, 0, 0
119002, 1024, 1, 0, 0
123002, 1024, 1, 0, 0
125002, 768, 1, 0, 0
126002, 512, 1, 0, 0
127002, 768, 1, 0, 0
128002, 256, 1, 0, 0
130002, 512, 1, 0, 0
131002, 256, 1, 0, 0
132002, 1281, 1, 0, 0
134002, 256, 1, 0, 0
136002, 256, 1, 0, 0
137002, 768, 1, 0, 0
138002, 256, 1, 0, 0
139002, 512, 1, 0, 0
140002, 256, 1, 0, 0
141002, 768, 1, 0, 0
142002, 512, 1, 0, 0
144002, 1281, 1, 0, 0
145002, 256, 1, 0, 0
146002, 1024, 1, 0, 0
147002, 256, 1, 0, 0
149002, 1024, 1, 0, 0
150002, 1793, 1, 0, 0
151002, 1536, 1, 0, 0
153002, 768, 1, 0, 0
156002, 1024, 1, 0, 0
157003, 512, 1, 0, 0
159002, 2560, 1, 0, 0
162002, 256, 1, 0, 0
168002, 256, 1, 0, 0
176002, 768, 1, 0, 0
177002, 256, 1, 0, 0
178002, 768, 1, 0, 0
179002, 256, 1, 0, 0
180002, 768, 1, 0, 0
