39016, 1280, 1, 0, 0
41017, 1536, 1, 0, 0
42017, 1792, 1, 0, 0
43018, 1024, 1, 0, 0
46019, 256, 1, 0, 0
48020, 768, 1, 0, 0
49020, 2816, 1, 0, 0
50021, 768, 1, 0, 0
51021, 1280, 1, 0, 0
53021, 2304, 1, 0, 0
54022, 512, 1, 0, 0
55022, 2048, 1, 0, 0
57021, 256, 1, 0, 0
58021, 1536, 1, 0, 0
59021, 2048, 1, 0, 0
61022, 768, 1, 0, 0
62022, 256, 1, 0, 0
63022, 1025, 1, 0, 0
64021, 1281, 1, 0, 0
65021, 768, 1, 0, 0
66021, 3328, 1, 0, 0
67022, 512, 1, 0, 0
68022, 256, 1, 0, 0
70021, 1537, 1, 0, 0
71022, 2048, 1, 0, 0
72022, 512, 1, 0, 0
73022, 512, 1, 0, 0
74022, 1025, 1, 0, 0
75022, 1792, 1, 0, 0
76022, 2304, 1, 0, 0
77021, 1537, 1, 0, 0
78022, 512, 1, 0, 0
79022, 512, 1, 0, 0
80022, 2560, 1, 0, 0
81021, 768, 1, 0, 0
82022, 1792, 1, 0, 0
83022, 1792, 1, 0, 0
84022, 768, 1, 0, 0
85021, 512, 1, 0, 0
86022, 512, 1, 0, 0
87022, 1792, 1, 0, 0
88022, 1536, 1, 0, 0
89022, 2306, 1, 0, 0
90022, 768, 1, 0, 0
91022, 1280, 1, 0, 0
92022, 256, 1, 0, 0
93021, 512, 1, 0, 0
94022, 1280, 1, 0, 0
96021, 1281, 1, 0, 0
97022, 1792, 1, 0, 0
98022, 2560, 1, 0, 0
99022, 256, 1, 0, 0
100022, 768, 1, 0, 0
101022, 2048, 1, 0, 0
102022, 2048, 1, 0, 0
103021, 1793, 1, 0, 0
104022, 1792, 1, 0, 0
105022, 1280, 1, 0, 0
107021, 512, 1, 0, 0
108022, 1024, 1, 0, 0
109022, 2560, 1, 0, 0
110022, 512, 1, 0, 0
112022, 2304, 1, 0, 0
113022, 768, 1, 0, 0
114021, 2050, 1, 0, 0
115022, 1536, 1, 0, 0
116022, 2560, 1, 0, 0
117022, 1792, 1, 0, 0
118022, 512, 1, 0, 0
119022, 1280, 1, 0, 0
120022, 768, 1, 0, 0
121021, 512, 1, 0, 0
124022, 1024, 1, 0, 0
125022, 256, 1, 0, 0
126022, 1280, 1, 0, 0
127022, 1024, 1, 0, 0
128022, 1024, 1, 0, 0
129022, 512, 1, 0, 0
130022, 1536, 1, 0, 0
131022, 2048, 1, 0, 0
132021, 512, 1, 0, 0
133022, 1280, 1, 0, 0
135022, 1536, 1, 0, 0
136022, 3587, 1, 0, 0
137022, 768, 1, 0, 0
139022, 1024, 1, 0, 0
141022, 768, 1, 0, 0
142022, 768, 1, 0, 0
143022, 1024, 1, 0, 0
144022, 1281, 1, 0, 0
145022, 2816, 1, 0, 0
146022, 1024, 1, 0, 0
147022, 256, 1, 0, 0
148022, 256, 1, 0, 0
150021, 2050, 1, 0, 0
151022, 1536, 1, 0, 0
152022, 1280, 1, 0, 0
153022, 512, 1, 0, 0
154022, 1793, 1, 0, 0
155022, 1280, 1, 0, 0
156022, 1024, 1, 0, 0
157022, 512, 1, 0, 0
158022, 1537, 1, 0, 0
159022, 768, 1, 0, 0
160022, 1536, 1, 0, 0
161021, 1537, 1, 0, 0
162022, 512, 1, 0, 0
163022, 512, 1, 0, 0
165022, 1025, 1, 0, 0
166022, 512, 1, 0, 0
168021, 256, 1, 0, 0
169022, 1536, 1, 0, 0
170022, 1024, 1, 0, 0
171021, 512, 1, 0, 0
173022, 1024, 1, 0, 0
175022, 256, 1, 0, 0
176022, 1024, 1, 0, 0
177022, 256, 1, 0, 0
178022, 768, 1, 0, 0
179022, 512, 1, 0, 0
180022, 1280, 1, 0, 0
