35011, 2050, 1, 0, 0
36011, 1281, 1, 0, 0
37011, 256, 1, 0, 0
38012, 1536, 1, 0, 0
39012, 1536, 1, 0, 0
41011, 2306, 1, 0, 0
42011, 3840, 1, 0, 0
43012, 4096, 1, 0, 0
44012, 256, 1, 0, 0
45011, 256, 1, 0, 0
46011, 1793, 1, 0, 0
48011, 1536, 1, 0, 0
49012, 512, 1, 0, 0
50011, 1281, 1, 0, 0
51011, 512, 1, 0, 0
52011, 256, 1, 0, 0
53011, 1280, 1, 0, 0
54011, 256, 1, 0, 0
55012, 512, 1, 0, 0
56011, 768, 1, 0, 0
57010, 1793, 1, 0, 0
58011, 1280, 1, 0, 0
60011, 512, 1, 0, 0
61012, 1024, 1, 0, 0
62012, 2304, 1, 0, 0
63011, 512, 1, 0, 0
64011, 1281, 1, 0, 0
65011, 512, 1, 0, 0
66011, 512, 1, 0, 0
67011, 1024, 1, 0, 0
68012, 512, 1, 0, 0
69012, 768, 1, 0, 0
70011, 2050, 1, 0, 0
71011, 512, 1, 0, 0
72012, 1536, 1, 0, 0
73012, 256, 1, 0, 0
74011, 768, 1, 0, 0
75012, 2048, 1, 0, 0
76012, 512, 1, 0, 0
77011, 256, 1, 0, 0
78011, 256, 1, 0, 0
80012, 512, 1, 0, 0
81011, 1025, 1, 0, 0
82011, 512, 1, 0, 0
83012, 768, 1, 0, 0
84012, 1792, 1, 0, 0
85011, 256, 1, 0, 0
86011, 1536, 1, 0, 0
87012, 512, 1, 0, 0
88012, 1792, 1, 0, 0
89011, 1537, 1, 0, 0
90011, 1024, 1, 0, 0
91012, 256, 1, 0, 0
92012, 1024, 1, 0, 0
95012, 2048, 1, 0, 0
96011, 768, 1, 0, 0
97011, 1792, 1, 0, 0
98012, 3840, 1, 0, 0
99012, 768, 1, 0, 0
100011, 2818, 1, 0, 0
101012, 512, 1, 0, 0
103011, 3331, 1, 0, 0
104011, 512, 1, 0, 0
105012, 1792, 1, 0, 0
106012, 1024, 1, 0, 0
107011, 1025, 1, 0, 0
108011, 512, 1, 0, 0
109012, 256, 1, 0, 0
110012, 512, 1, 0, 0
113012, 3840, 1, 0, 0
116012, 1536, 1, 0, 0
117012, 1792, 1, 0, 0
119012, 256, 1, 0, 0
120012, 1024, 1, 0, 0
121011, 512, 1, 0, 0
122011, 512, 1, 0, 0
123012, 512, 1, 0, 0
124012, 768, 1, 0, 0
127012, 768, 1, 0, 0
128012, 1536, 1, 0, 0
129011, 768, 1, 0, 0
130012, 512, 1, 0, 0
131012, 768, 1, 0, 0
132011, 2306, 1, 0, 0
133011, 2816, 1, 0, 0
134012, 2048, 1, 0, 0
135012, 1536, 1, 0, 0
136011, 256, 1, 0, 0
137011, 256, 1, 0, 0
138012, 1792, 1, 0, 0
139012, 2816, 1, 0, 0
140011, 1793, 1, 0, 0
141012, 768, 1, 0, 0
142012, 768, 1, 0, 0
143012, 1280, 1, 0, 0
144011, 256, 1, 0, 0
146012, 1280, 1, 0, 0
147011, 1281, 1, 0, 0
149012, 1792, 1, 0, 0
150011, 1025, 1, 0, 0
151011, 2560, 1, 0, 0
153012, 3072, 1, 0, 0
154011, 768, 1, 0, 0
158011, 512, 1, 0, 0
159012, 1536, 1, 0, 0
160012, 1280, 1, 0, 0
161011, 256, 1, 0, 0
162011, 3072, 1, 0, 0
163012, 512, 1, 0, 0
165011, 2050, 1, 0, 0
166011, 2560, 1, 0, 0
167012, 1024, 1, 0, 0
169011, 512, 1, 0, 0
170012, 2560, 1, 0, 0
171011, 1025, 1, 0, 0
172011, 768, 1, 0, 0
173012, 1792, 1, 0, 0
174012, 2048, 1, 0, 0
175011, 3331, 1, 0, 0
176012, 512, 1, 0, 0
177012, 1024, 1, 0, 0
178011, 512, 1, 0, 0
179012, 768, 1, 0, 0
180012, 256, 1, 0, 0
