41000, 1793, 1, 0, 0
42000, 1024, 1, 0, 0
43001, 1792, 1, 0, 0
44001, 1024, 1, 0, 0
45000, 512, 1, 0, 0
47000, 1280, 1, 0, 0
49001, 256, 1, 0, 0
51000, 512, 1, 0, 0
52000, 768, 1, 0, 0
55001, 768, 1, 0, 0
56000, 1793, 1, 0, 0
57000, 2306, 1, 0, 0
58000, 768, 1, 0, 0
59000, 512, 1, 0, 0
60001, 768, 1, 0, 0
62001, 256, 1, 0, 0
64000, 1537, 1, 0, 0
66000, 768, 1, 0, 0
67000, 1280, 1, 0, 0
68001, 2048, 1, 0, 0
69001, 512, 1, 0, 0
70000, 512, 1, 0, 0
71001, 512, 1, 0, 0
73001, 3328, 1, 0, 0
74000, 2306, 1, 0, 0
75001, 256, 1, 0, 0
76001, 3328, 1, 0, 0
78000, 768, 1, 0, 0
79001, 1024, 1, 0, 0
80001, 1024, 1, 0, 0
82001, 1280, 1, 0, 0
84001, 256, 1, 0, 0
87001, 512, 1, 0, 0
88001, 512, 1, 0, 0
89000, 1281, 1, 0, 0
90001, 2048, 1, 0, 0
91001, 768, 1, 0, 0
92001, 512, 1, 0, 0
93000, 2050, 1, 0, 0
95001, 2304, 1, 0, 0
96000, 768, 1, 0, 0
97001, 2304, 1, 0, 0
98001, 768, 1, 0, 0
99001, 1024, 1, 0, 0
100000, 1025, 1, 0, 0
101001, 256, 1, 0, 0
102001, 256, 1, 0, 0
103000, 256, 1, 0, 0
104000, 2304, 1, 0, 0
105001, 1280, 1, 0, 0
106001, 768, 1, 0, 0
107000, 768, 1, 0, 0
110001, 1536, 1, 0, 0
111000, 2562, 1, 0, 0
113001, 3328, 1, 0, 0
114000, 512, 1, 0, 0
115001, 512, 1, 0, 0
116001, 256, 1, 0, 0
118000, 2050, 1, 0, 0
120001, 256, 1, 0, 0
121000, 1281, 1, 0, 0
122001, 256, 1, 0, 0
123001, 1280, 1, 0, 0
124001, 768, 1, 0, 0
125000, 512, 1, 0, 0
126001, 1280, 1, 0, 0
127001, 512, 1, 0, 0
128001, 2304, 1, 0, 0
129000, 512, 1, 0, 0
134001, 256, 1, 0, 0
135001, 1280, 1, 0, 0
136000, 512, 1, 0, 0
137001, 2816, 1, 0, 0
138001, 2304, 1, 0, 0
140000, 2562, 1, 0, 0
142001, 256, 1, 0, 0
143001, 1024, 1, 0, 0
144001, 2050, 1, 0, 0
145001, 1792, 1, 0, 0
147000, 1281, 1, 0, 0
148001, 768, 1, 0, 0
150000, 1281, 1, 0, 0
151000, 768, 1, 0, 0
152001, 768, 1, 0, 0
153001, 1536, 1, 0, 0
154000, 2818, 1, 0, 0
155001, 768, 1, 0, 0
157001, 1792, 1, 0, 0
158000, 256, 1, 0, 0
159001, 2048, 1, 0, 0
160001, 512, 1, 0, 0
162000, 768, 1, 0, 0
163001, 512, 1, 0, 0
164001, 512, 1, 0, 0
165000, 2818, 1, 0, 0
166001, 1536, 1, 0, 0
167001, 2560, 1, 0, 0
168000, 256, 1, 0, 0
169001, 1280, 1, 0, 0
170001, 768, 1, 0, 0
172000, 256, 1, 0, 0
173001, 1536, 1, 0, 0
174001, 1536, 1, 0, 0
175000, 1025, 1, 0, 0
176001, 2560, 1, 0, 0
177001, 256, 1, 0, 0
178000, 2050, 1, 0, 0
179001, 1536, 1, 0, 0
180001, 256, 1, 0, 0
