32017, 768, 1, 0, 0
33018, 256, 1, 0, 0
34018, 1024, 1, 0, 0
35019, 1280, 1, 0, 0
36019, 2304, 1, 0, 0
37020, 1024, 1, 0, 0
39021, 1536, 1, 0, 0
40021, 2816, 1, 0, 0
41022, 512, 1, 0, 0
42022, 256, 1, 0, 0
43023, 512, 1, 0, 0
44022, 1537, 1, 0, 0
45022, 1281, 1, 0, 0
46022, 768, 1, 0, 0
47023, 512, 1, 0, 0
48022, 1025, 1, 0, 0
49022, 768, 1, 0, 0
50022, 1024, 1, 0, 0
51023, 4096, 1, 0, 0
52022, 512, 1, 0, 0
53022, 768, 1, 0, 0
55022, 1793, 1, 0, 0
56023, 3584, 1, 0, 0
57022, 2306, 1, 0, 0
58022, 768, 1, 0, 0
59023, 1280, 1, 0, 0
60022, 512, 1, 0, 0
61023, 256, 1, 0, 0
62022, 1793, 1, 0, 0
63023, 256, 1, 0, 0
64022, 2306, 1, 0, 0
65022, 1280, 1, 0, 0
66023, 512, 1, 0, 0
67022, 2562, 1, 0, 0
69022, 1281, 1, 0, 0
70023, 3072, 1, 0, 0
71023, 1792, 1, 0, 0
72022, 1025, 1, 0, 0
73023, 1536, 1, 0, 0
74022, 768, 1, 0, 0
75022, 256, 1, 0, 0
77022, 512, 1, 0, 0
78023, 512, 1, 0, 0
79023, 2560, 1, 0, 0
80022, 1025, 1, 0, 0
81023, 256, 1, 0, 0
82022, 1537, 1, 0, 0
83022, 512, 1, 0, 0
84023, 1280, 1, 0, 0
85022, 1025, 1, 0, 0
87022, 1025, 1, 0, 0
88023, 1536, 1, 0, 0
89022, 2050, 1, 0, 0
90022, 2048, 1, 0, 0
91023, 256, 1, 0, 0
92022, 512, 1, 0, 0
93023, 1792, 1, 0, 0
94022, 512, 1, 0, 0
95023, 768, 1, 0, 0
99022, 1792, 1, 0, 0
100023, 2560, 1, 0, 0
101022, 2818, 1, 0, 0
102023, 256, 1, 0, 0
103023, 1024, 1, 0, 0
104022, 1793, 1, 0, 0
105023, 2048, 1, 0, 0
107022, 1280, 1, 0, 0
108023, 1536, 1, 0, 0
111022, 256, 1, 0, 0
112023, 1280, 1, 0, 0
114022, 1024, 1, 0, 0
115023, 256, 1, 0, 0
116022, 512, 1, 0, 0
117023, 768, 1, 0, 0
118022, 1537, 1, 0, 0
119023, 1536, 1, 0, 0
120023, 2304, 1, 0, 0
121022, 512, 1, 0, 0
122023, 768, 1, 0, 0
123022, 1537, 1, 0, 0
124023, 768, 1, 0, 0
125022, 1793, 1, 0, 0
128022, 2050, 1, 0, 0
129023, 256, 1, 0, 0
131023, 1792, 1, 0, 0
132022, 512, 1, 0, 0
133023, 512, 1, 0, 0
135022, 1537, 1, 0, 0
136023, 256, 1, 0, 0
137022, 256, 1, 0, 0
138022, 1536, 1, 0, 0
139022, 1793, 1, 0, 0
140022, 1024, 1, 0, 0
142022, 1025, 1, 0, 0
143023, 1792, 1, 0, 0
144022, 1793, 1, 0, 0
145023, 1024, 1, 0, 0
146022, 768, 1, 0, 0
147023, 2048, 1, 0, 0
148022, 1281, 1, 0, 0
150022, 1793, 1, 0, 0
151023, 1024, 1, 0, 0
152022, 256, 1, 0, 0
153022, 2304, 1, 0, 0
154023, 1024, 1, 0, 0
155022, 512, 1, 0, 0
156023, 3072, 1, 0, 0
157022, 1281, 1, 0, 0
158023, 512, 1, 0, 0
159022, 768, 1, 0, 0
160022, 1280, 1, 0, 0
161023, 1792, 1, 0, 0
162022, 1281, 1, 0, 0
164022, 2562, 1, 0, 0
165023, 1280, 1, 0, 0
166022, 2562, 1, 0, 0
167022, 768, 1, 0, 0
168023, 2048, 1, 0, 0
170023, 1280, 1, 0, 0
171022, 512, 1, 0, 0
172022, 768, 1, 0, 0
173023, 1536, 1, 0, 0
174022, 512, 1, 0, 0
175023, 1536, 1, 0, 0
176022, 2050, 1, 0, 0
177022, 1536, 1, 0, 0
178023, 1280, 1, 0, 0
179022, 2818, 1, 0, 0
