33017, 512, 1, 0, 0
34017, 1792, 1, 0, 0
35018, 768, 1, 0, 0
36017, 1281, 1, 0, 0
37017, 256, 1, 0, 0
38017, 768, 1, 0, 0
40017, 1537, 1, 0, 0
41017, 256, 1, 0, 0
42017, 1280, 1, 0, 0
43018, 512, 1, 0, 0
44017, 1281, 1, 0, 0
45017, 512, 1, 0, 0
46017, 512, 1, 0, 0
47018, 256, 1, 0, 0
50017, 2048, 1, 0, 0
51018, 512, 1, 0, 0
53017, 1536, 1, 0, 0
54018, 1024, 1, 0, 0
55017, 256, 1, 0, 0
56018, 768, 1, 0, 0
57017, 4100, 1, 0, 0
59018, 256, 1, 0, 0
60017, 1025, 1, 0, 0
61018, 4608, 1, 0, 0
62017, 256, 1, 0, 0
63018, 768, 1, 0, 0
65017, 2048, 1, 0, 0
66018, 1280, 1, 0, 0
67017, 1537, 1, 0, 0
68018, 1536, 1, 0, 0
69017, 512, 1, 0, 0
70018, 256, 1, 0, 0
71018, 1024, 1, 0, 0
75017, 1792, 1, 0, 0
76018, 2560, 1, 0, 0
77017, 1537, 1, 0, 0
78018, 1024, 1, 0, 0
79018, 512, 1, 0, 0
80017, 2306, 1, 0, 0
81018, 1280, 1, 0, 0
82017, 1537, 1, 0, 0
83018, 1536, 1, 0, 0
84018, 1280, 1, 0, 0
85017, 2306, 1, 0, 0
86018, 1536, 1, 0, 0
87017, 1025, 1, 0, 0
88018, 2816, 1, 0, 0
89017, 1025, 1, 0, 0
90018, 1280, 1, 0, 0
91018, 1792, 1, 0, 0
92017, 1025, 1, 0, 0
96017, 512, 1, 0, 0
97018, 768, 1, 0, 0
98017, 2050, 1, 0, 0
99017, 2304, 1, 0, 0
100018, 1024, 1, 0, 0
101017, 512, 1, 0, 0
102018, 1024, 1, 0, 0
103018, 768, 1, 0, 0
104017, 256, 1, 0, 0
105018, 2304, 1, 0, 0
106017, 3587, 1, 0, 0
107018, 1536, 1, 0, 0
108018, 768, 1, 0, 0
109017, 512, 1, 0, 0
110018, 2048, 1, 0, 0
111017, 1537, 1, 0, 0
113017, 512, 1, 0, 0
115018, 256, 1, 0, 0
118017, 3331, 1, 0, 0
119018, 512, 1, 0, 0
122018, 256, 1, 0, 0
123017, 3075, 1, 0, 0
124018, 1024, 1, 0, 0
125017, 768, 1, 0, 0
126018, 256, 1, 0, 0
127018, 512, 1, 0, 0
130017, 1537, 1, 0, 0
131018, 2048, 1, 0, 0
132017, 1281, 1, 0, 0
133018, 256, 1, 0, 0
135017, 1537, 1, 0, 0
136018, 1536, 1, 0, 0
137017, 512, 1, 0, 0
138017, 256, 1, 0, 0
140017, 1024, 1, 0, 0
141018, 2560, 1, 0, 0
142017, 256, 1, 0, 0
143018, 768, 1, 0, 0
144017, 768, 1, 0, 0
145018, 256, 1, 0, 0
146017, 1025, 1, 0, 0
147018, 1792, 1, 0, 0
148017, 256, 1, 0, 0
149018, 2048, 1, 0, 0
150017, 3587, 1, 0, 0
151018, 1280, 1, 0, 0
152017, 1793, 1, 0, 0
153018, 1024, 1, 0, 0
154018, 512, 1, 0, 0
156018, 256, 1, 0, 0
157017, 2306, 1, 0, 0
158018, 256, 1, 0, 0
159017, 768, 1, 0, 0
160018, 1536, 1, 0, 0
161018, 2304, 1, 0, 0
162017, 2050, 1, 0, 0
163018, 1280, 1, 0, 0
164017, 1537, 1, 0, 0
165018, 1024, 1, 0, 0
166017, 1025, 1, 0, 0
167017, 768, 1, 0, 0
170018, 1024, 1, 0, 0
173018, 768, 1, 0, 0
174017, 512, 1, 0, 0
175018, 2048, 1, 0, 0
176017, 1537, 1, 0, 0
178018, 768, 1, 0, 0
179017, 512, 1, 0, 0
180018, 1280, 1, 0, 0
