1000, 30430, 0, 0, 0
2000, 35264, 0, 0, 0
3000, 35520, 0, 0, 0
4000, 39271, 0, 0, 0
5000, 37440, 0, 0, 0
6000, 43456, 0, 0, 0
7000, 36772, 0, 0, 0
8000, 40896, 0, 0, 0
9000, 38976, 0, 0, 0
10000, 42538, 0, 0, 0
11000, 45440, 0, 0, 0
12000, 37824, 0, 0, 0
13000, 37925, 0, 0, 0
14000, 29184, 0, 0, 0
15000, 38528, 0, 0, 0
16001, 36864, 0, 0, 0
17000, 40872, 0, 0, 0
18000, 38208, 0, 0, 0
19001, 37632, 0, 0, 0
20000, 37029, 0, 0, 0
21000, 38528, 0, 0, 0
22000, 38528, 0, 0, 0
23000, 34018, 0, 0, 0
24000, 40000, 0, 0, 0
25001, 37312, 0, 0, 0
26000, 37413, 0, 0, 0
27000, 34880, 0, 0, 0
28000, 39744, 0, 0, 0
29000, 44716, 0, 0, 0
30000, 38272, 0, 0, 0
31000, 40448, 0, 0, 0
32000, 34274, 0, 0, 0
33000, 34944, 0, 0, 0
34000, 33984, 0, 0, 0
35000, 36836, 0, 0, 0
36000, 37632, 0, 0, 0
37000, 40448, 0, 0, 0
38001, 34944, 0, 0, 0
39000, 38182, 0, 0, 0
40000, 41792, 0, 0, 0
41000, 40936, 0, 0, 0
42000, 35712, 0, 0, 0
43000, 32448, 0, 0, 0
44000, 38566, 0, 0, 0
45000, 37504, 0, 0, 0
46001, 43648, 0, 0, 0
47000, 38950, 0, 0, 0
48000, 38720, 0, 0, 0
49001, 40832, 0, 0, 0
50000, 41961, 0, 0, 0
51000, 42560, 0, 0, 0
52000, 38950, 0, 0, 0
53000, 38720, 0, 0, 0
54001, 45184, 0, 0, 0
55000, 33889, 0, 0, 0
56000, 40512, 0, 0, 0
57000, 35811, 0, 0, 0
58000, 38528, 0, 0, 0
59001, 39424, 0, 0, 0
60000, 40680, 0, 0, 0
61000, 41280, 0, 0, 0
62000, 38246, 0, 0, 0
63000, 37632, 0, 0, 0
64001, 41920, 0, 0, 0
65000, 37285, 0, 0, 0
66000, 38080, 0, 0, 0
67000, 36260, 0, 0, 0
68000, 40704, 0, 0, 0
69000, 39552, 0, 0, 0
70000, 37413, 0, 0, 0
71000, 39488, 0, 0, 0
72001, 35904, 0, 0, 0
73000, 41769, 0, 0, 0
74000, 40000, 0, 0, 0
75000, 38822, 0, 0, 0
76000, 37440, 0, 0, 0
77000, 36416, 0, 0, 0
78000, 40296, 0, 0, 0
79000, 35904, 0, 0, 0
80001, 41152, 0, 0, 0
81000, 40168, 0, 0, 0
82000, 35776, 0, 0, 0
83001, 40960, 0, 0, 0
84000, 35811, 0, 0, 0
85000, 42432, 0, 0, 0
86000, 36836, 0, 0, 0
87000, 42496, 0, 0, 0
88000, 35456, 0, 0, 0
89000, 36772, 0, 0, 0
90000, 35904, 0, 0, 0
91000, 36032, 0, 0, 0
92000, 36068, 0, 0, 0
93000, 37824, 0, 0, 0
94001, 31296, 0, 0, 0
95000, 35043, 0, 0, 0
96000, 40320, 0, 0, 0
97000, 36388, 0, 0, 0
98000, 37760, 0, 0, 0
99000, 37120, 0, 0, 0
100000, 43115, 0, 0, 0
101000, 40768, 0, 0, 0
102000, 39552, 0, 0, 0
103000, 37989, 0, 0, 0
104000, 35008, 0, 0, 0
105000, 35968, 0, 0, 0
106000, 35235, 0, 0, 0
107000, 40000, 0, 0, 0
108001, 40128, 0, 0, 0
109000, 43435, 0, 0, 0
110000, 39040, 0, 0, 0
111000, 39143, 0, 0, 0
112000, 37120, 0, 0, 0
113000, 39744, 0, 0, 0
114000, 41577, 0, 0, 0
115000, 38656, 0, 0, 0
116001, 33344, 0, 0, 0
117000, 37797, 0, 0, 0
118000, 43776, 0, 0, 0
119000, 37221, 0, 0, 0
120000, 40960, 0, 0, 0
121000, 34816, 0, 0, 0
122000, 36516, 0, 0, 0
123000, 34304, 0, 0, 0
124000, 38848, 0, 0, 0
125000, 38054, 0, 0, 0
126000, 38464, 0, 0, 0
127000, 39744, 0, 0, 0
128000, 34786, 0, 0, 0
129000, 34816, 0, 0, 0
130001, 38528, 0, 0, 0
131000, 37157, 0, 0, 0
132000, 39360, 0, 0, 0
133001, 41920, 0, 0, 0
134000, 36772, 0, 0, 0
135000, 37696, 0, 0, 0
136001, 43840, 0, 0, 0
137000, 37477, 0, 0, 0
138000, 42624, 0, 0, 0
139001, 37376, 0, 0, 0
140000, 36964, 0, 0, 0
141000, 43264, 0, 0, 0
142000, 41321, 0, 0, 0
143000, 34752, 0, 0, 0
144000, 34304, 0, 0, 0
145000, 41385, 0, 0, 0
146000, 37696, 0, 0, 0
147000, 37376, 0, 0, 0
148000, 33313, 0, 0, 0
149000, 46400, 0, 0, 0
150000, 39808, 0, 0, 0
151000, 41257, 0, 0, 0
152000, 31552, 0, 0, 0
153000, 37248, 0, 0, 0
154000, 37861, 0, 0, 0
155000, 34432, 0, 0, 0
156000, 38016, 0, 0, 0
157000, 43627, 0, 0, 0
158000, 41664, 0, 0, 0
159000, 43072, 0, 0, 0
160000, 32480, 0, 0, 0
161000, 35712, 0, 0, 0
162000, 35520, 0, 0, 0
163000, 30622, 0, 0, 0
164000, 32256, 0, 0, 0
165001, 39744, 0, 0, 0
166000, 45805, 0, 0, 0
167000, 41728, 0, 0, 0
168000, 33920, 0, 0, 0
169000, 39015, 0, 0, 0
170000, 44160, 0, 0, 0
171001, 38912, 0, 0, 0
172000, 41385, 0, 0, 0
173000, 35584, 0, 0, 0
174001, 36507, 0, 0, 0
175001, 35491, 0, 0, 0
176000, 41577, 0, 0, 0
177000, 36160, 0, 0, 0
178001, 37568, 0, 0, 0
179000, 41513, 0, 0, 0
