999, 24408, 0, 0, 0
2000, 35648, 0, 0, 0
3000, 38720, 0, 0, 0
3999, 39079, 0, 0, 0
5000, 40256, 0, 0, 0
6000, 39424, 0, 0, 0
6999, 43435, 0, 0, 0
8000, 42112, 0, 0, 0
9000, 36928, 0, 0, 0
10000, 42794, 0, 0, 0
11000, 42368, 0, 0, 0
12000, 40448, 0, 0, 0
12999, 37477, 0, 0, 0
14000, 38016, 0, 0, 0
15000, 34816, 0, 0, 0
16000, 41664, 0, 0, 0
17000, 36708, 0, 0, 0
18000, 39808, 0, 0, 0
19000, 44160, 0, 0, 0
20000, 33569, 0, 0, 0
21000, 35648, 0, 0, 0
22000, 38144, 0, 0, 0
23000, 37157, 0, 0, 0
24000, 36608, 0, 0, 0
25000, 36608, 0, 0, 0
26000, 33825, 0, 0, 0
27000, 38784, 0, 0, 0
28000, 40064, 0, 0, 0
29000, 34466, 0, 0, 0
30000, 38720, 0, 0, 0
31000, 44608, 0, 0, 0
32000, 38822, 0, 0, 0
33000, 32128, 0, 0, 0
34000, 39424, 0, 0, 0
34999, 42090, 0, 0, 0
36000, 41984, 0, 0, 0
37000, 35776, 0, 0, 0
38000, 35840, 0, 0, 0
39000, 43051, 0, 0, 0
40000, 41920, 0, 0, 0
40999, 40488, 0, 0, 0
42000, 44736, 0, 0, 0
43000, 36288, 0, 0, 0
44000, 38182, 0, 0, 0
45000, 35520, 0, 0, 0
46000, 39808, 0, 0, 0
47000, 37605, 0, 0, 0
48000, 41280, 0, 0, 0
49000, 40064, 0, 0, 0
50000, 43179, 0, 0, 0
51000, 36608, 0, 0, 0
52000, 36772, 0, 0, 0
53000, 37312, 0, 0, 0
54000, 33408, 0, 0, 0
55000, 42602, 0, 0, 0
56000, 36672, 0, 0, 0
57000, 37349, 0, 0, 0
58000, 37184, 0, 0, 0
59000, 39936, 0, 0, 0
60000, 46702, 0, 0, 0
61000, 40960, 0, 0, 0
62000, 40552, 0, 0, 0
63000, 42432, 0, 0, 0
64000, 40064, 0, 0, 0
65000, 34594, 0, 0, 0
66000, 41728, 0, 0, 0
67000, 40360, 0, 0, 0
68000, 43648, 0, 0, 0
69000, 39744, 0, 0, 0
70000, 34914, 0, 0, 0
71000, 35200, 0, 0, 0
72000, 37952, 0, 0, 0
73000, 32416, 0, 0, 0
74000, 34304, 0, 0, 0
75000, 38950, 0, 0, 0
76000, 37312, 0, 0, 0
77000, 36544, 0, 0, 0
78000, 34786, 0, 0, 0
79000, 35648, 0, 0, 0
80000, 32640, 0, 0, 0
81000, 41833, 0, 0, 0
82000, 33664, 0, 0, 0
83000, 40832, 0, 0, 0
84000, 39207, 0, 0, 0
85000, 33536, 0, 0, 0
85999, 28124, 0, 0, 0
87000, 38144, 0, 0, 0
88000, 34816, 0, 0, 0
89000, 40232, 0, 0, 0
90000, 41280, 0, 0, 0
91000, 39104, 0, 0, 0
92000, 39271, 0, 0, 0
93000, 35712, 0, 0, 0
94000, 36288, 0, 0, 0
95000, 38374, 0, 0, 0
96000, 43008, 0, 0, 0
96999, 38694, 0, 0, 0
98000, 44800, 0, 0, 0
99000, 40320, 0, 0, 0
100000, 44908, 0, 0, 0
101000, 36800, 0, 0, 0
102000, 37504, 0, 0, 0
103000, 42282, 0, 0, 0
104000, 44928, 0, 0, 0
105000, 36544, 0, 0, 0
106000, 31071, 0, 0, 0
107000, 36096, 0, 0, 0
108000, 31616, 0, 0, 0
109000, 39335, 0, 0, 0
110000, 41344, 0, 0, 0
111000, 40424, 0, 0, 0
112000, 37632, 0, 0, 0
113000, 38016, 0, 0, 0
114000, 37413, 0, 0, 0
115000, 38592, 0, 0, 0
116000, 36480, 0, 0, 0
117000, 38054, 0, 0, 0
118000, 39488, 0, 0, 0
119000, 39335, 0, 0, 0
120000, 38208, 0, 0, 0
121000, 40064, 0, 0, 0
122000, 31839, 0, 0, 0
123000, 35776, 0, 0, 0
124000, 40768, 0, 0, 0
125000, 41065, 0, 0, 0
126000, 35840, 0, 0, 0
127000, 35200, 0, 0, 0
128000, 36324, 0, 0, 0
129000, 39168, 0, 0, 0
130000, 35520, 0, 0, 0
131000, 40616, 0, 0, 0
132000, 35392, 0, 0, 0
133000, 40448, 0, 0, 0
134000, 40872, 0, 0, 0
135000, 40832, 0, 0, 0
136000, 47744, 0, 0, 0
137000, 35043, 0, 0, 0
138000, 41152, 0, 0, 0
139000, 38400, 0, 0, 0
140000, 43307, 0, 0, 0
141000, 44224, 0, 0, 0
141999, 35555, 0, 0, 0
143000, 37184, 0, 0, 0
144000, 34752, 0, 0, 0
144999, 37157, 0, 0, 0
146000, 44288, 0, 0, 0
147000, 40128, 0, 0, 0
147999, 35875, 0, 0, 0
149000, 39168, 0, 0, 0
150000, 40576, 0, 0, 0
151000, 32736, 0, 0, 0
152000, 44480, 0, 0, 0
153000, 36736, 0, 0, 0
154000, 35555, 0, 0, 0
155000, 31552, 0, 0, 0
156000, 40128, 0, 0, 0
157000, 37413, 0, 0, 0
158000, 31936, 0, 0, 0
159000, 34240, 0, 0, 0
160000, 39591, 0, 0, 0
161000, 33920, 0, 0, 0
162000, 33664, 0, 0, 0
163000, 32352, 0, 0, 0
164000, 35264, 0, 0, 0
165000, 35968, 0, 0, 0
166000, 35619, 0, 0, 0
167000, 38336, 0, 0, 0
168000, 39168, 0, 0, 0
169000, 42410, 0, 0, 0
170000, 39104, 0, 0, 0
171000, 39104, 0, 0, 0
172000, 38694, 0, 0, 0
173000, 37568, 0, 0, 0
174001, 35036, 0, 0, 0
175000, 39527, 0, 0, 0
176000, 38182, 0, 0, 0
177000, 34304, 0, 0, 0
178000, 41920, 0, 0, 0
179000, 38886, 0, 0, 0
180000, 40704, 0, 0, 0
