1000, 25792, 0, 0, 0
2000, 32320, 0, 0, 0
3001, 40640, 0, 0, 0
4000, 36260, 0, 0, 0
5000, 37824, 0, 0, 0
6000, 36544, 0, 0, 0
7000, 33889, 0, 0, 0
8000, 33280, 0, 0, 0
9001, 40576, 0, 0, 0
10000, 43499, 0, 0, 0
11000, 39424, 0, 0, 0
12000, 38912, 0, 0, 0
13000, 38822, 0, 0, 0
14000, 40896, 0, 0, 0
15000, 35136, 0, 0, 0
16001, 41152, 0, 0, 0
17000, 40232, 0, 0, 0
18000, 37056, 0, 0, 0
19001, 39424, 0, 0, 0
20000, 38758, 0, 0, 0
21000, 41344, 0, 0, 0
22001, 39168, 0, 0, 0
23000, 37349, 0, 0, 0
24000, 34944, 0, 0, 0
25001, 41728, 0, 0, 0
26000, 45997, 0, 0, 0
27000, 42688, 0, 0, 0
28001, 38144, 0, 0, 0
29000, 43435, 0, 0, 0
30000, 39616, 0, 0, 0
31001, 40640, 0, 0, 0
32000, 40360, 0, 0, 0
33000, 36160, 0, 0, 0
34001, 41152, 0, 0, 0
35000, 35811, 0, 0, 0
36000, 33536, 0, 0, 0
37000, 34816, 0, 0, 0
38001, 37888, 0, 0, 0
39000, 40552, 0, 0, 0
40000, 41728, 0, 0, 0
41000, 42602, 0, 0, 0
42000, 38912, 0, 0, 0
43001, 39424, 0, 0, 0
44000, 36708, 0, 0, 0
45000, 39168, 0, 0, 0
46001, 35456, 0, 0, 0
47000, 39719, 0, 0, 0
48000, 36352, 0, 0, 0
49001, 35456, 0, 0, 0
50000, 34146, 0, 0, 0
51001, 39232, 0, 0, 0
52000, 33441, 0, 0, 0
53000, 37504, 0, 0, 0
54001, 31168, 0, 0, 0
55000, 33825, 0, 0, 0
56001, 38592, 0, 0, 0
57000, 36068, 0, 0, 0
58000, 36096, 0, 0, 0
59001, 38016, 0, 0, 0
60000, 35875, 0, 0, 0
61001, 33792, 0, 0, 0
62000, 37861, 0, 0, 0
63000, 44032, 0, 0, 0
64001, 39360, 0, 0, 0
65000, 38438, 0, 0, 0
66000, 40704, 0, 0, 0
67000, 40552, 0, 0, 0
68000, 37120, 0, 0, 0
69001, 41536, 0, 0, 0
70000, 38694, 0, 0, 0
71000, 40192, 0, 0, 0
72001, 37952, 0, 0, 0
73000, 39847, 0, 0, 0
74000, 35904, 0, 0, 0
75000, 35299, 0, 0, 0
76000, 33664, 0, 0, 0
77001, 39232, 0, 0, 0
78000, 40040, 0, 0, 0
79000, 40704, 0, 0, 0
80001, 37696, 0, 0, 0
81000, 36388, 0, 0, 0
82000, 41728, 0, 0, 0
83001, 34624, 0, 0, 0
84000, 38246, 0, 0, 0
85000, 40640, 0, 0, 0
86000, 40040, 0, 0, 0
87000, 39744, 0, 0, 0
88001, 40384, 0, 0, 0
89000, 40744, 0, 0, 0
90000, 39424, 0, 0, 0
91001, 38464, 0, 0, 0
92000, 43179, 0, 0, 0
93000, 39168, 0, 0, 0
94001, 36864, 0, 0, 0
95000, 41577, 0, 0, 0
96000, 33664, 0, 0, 0
97000, 34402, 0, 0, 0
98000, 41088, 0, 0, 0
99001, 40384, 0, 0, 0
100000, 41897, 0, 0, 0
101000, 36416, 0, 0, 0
102001, 33664, 0, 0, 0
103000, 37157, 0, 0, 0
104000, 35776, 0, 0, 0
105001, 36736, 0, 0, 0
106000, 33505, 0, 0, 0
107000, 38784, 0, 0, 0
108001, 42368, 0, 0, 0
109000, 41065, 0, 0, 0
110001, 43968, 0, 0, 0
111000, 40168, 0, 0, 0
112000, 38912, 0, 0, 0
113001, 40256, 0, 0, 0
114000, 35811, 0, 0, 0
115000, 35584, 0, 0, 0
116001, 33664, 0, 0, 0
117000, 34530, 0, 0, 0
118001, 35200, 0, 0, 0
119000, 37285, 0, 0, 0
120000, 34432, 0, 0, 0
121001, 36224, 0, 0, 0
122000, 38054, 0, 0, 0
123000, 37056, 0, 0, 0
124001, 46144, 0, 0, 0
125000, 33057, 0, 0, 0
126000, 38144, 0, 0, 0
127001, 36224, 0, 0, 0
128000, 38566, 0, 0, 0
129000, 45888, 0, 0, 0
130001, 40640, 0, 0, 0
131000, 40936, 0, 0, 0
132000, 39552, 0, 0, 0
133001, 37632, 0, 0, 0
134000, 38374, 0, 0, 0
135000, 32640, 0, 0, 0
136001, 46144, 0, 0, 0
137000, 42090, 0, 0, 0
138000, 38464, 0, 0, 0
139001, 41088, 0, 0, 0
140000, 44140, 0, 0, 0
141000, 41024, 0, 0, 0
142000, 40232, 0, 0, 0
143000, 37056, 0, 0, 0
144000, 38080, 0, 0, 0
145000, 40296, 0, 0, 0
146000, 38720, 0, 0, 0
147001, 40960, 0, 0, 0
148000, 42538, 0, 0, 0
149000, 37696, 0, 0, 0
150001, 39424, 0, 0, 0
151000, 33761, 0, 0, 0
152000, 36544, 0, 0, 0
153001, 37696, 0, 0, 0
154000, 42154, 0, 0, 0
155000, 37056, 0, 0, 0
156001, 34624, 0, 0, 0
157000, 33377, 0, 0, 0
158000, 28416, 0, 0, 0
159001, 32448, 0, 0, 0
160000, 30814, 0, 0, 0
161000, 27328, 0, 0, 0
162001, 30336, 0, 0, 0
163000, 38758, 0, 0, 0
164000, 38144, 0, 0, 0
165001, 39744, 0, 0, 0
166000, 37797, 0, 0, 0
167000, 40576, 0, 0, 0
168001, 41984, 0, 0, 0
169000, 41385, 0, 0, 0
170000, 38528, 0, 0, 0
171001, 40256, 0, 0, 0
172000, 36452, 0, 0, 0
173000, 34816, 0, 0, 0
174001, 38041, 0, 0, 0
175001, 39399, 0, 0, 0
176000, 39719, 0, 0, 0
177000, 38208, 0, 0, 0
178001, 37184, 0, 0, 0
179000, 36132, 0, 0, 0
180000, 34880, 0, 0, 0
