1000, 29853, 0, 0, 0
2000, 42688, 0, 0, 0
3000, 38208, 0, 0, 0
4000, 35555, 0, 0, 0
5000, 40768, 0, 0, 0
6000, 33344, 0, 0, 0
7000, 39463, 0, 0, 0
8000, 35584, 0, 0, 0
9000, 40128, 0, 0, 0
10000, 39271, 0, 0, 0
11000, 32704, 0, 0, 0
12000, 40064, 0, 0, 0
13000, 38694, 0, 0, 0
14000, 43904, 0, 0, 0
15000, 37312, 0, 0, 0
16001, 34752, 0, 0, 0
17000, 31711, 0, 0, 0
18000, 33984, 0, 0, 0
19001, 38912, 0, 0, 0
20000, 42922, 0, 0, 0
21000, 42112, 0, 0, 0
22000, 33408, 0, 0, 0
23000, 39655, 0, 0, 0
24000, 42688, 0, 0, 0
25001, 37696, 0, 0, 0
26000, 42474, 0, 0, 0
27000, 35328, 0, 0, 0
28000, 34752, 0, 0, 0
29000, 37157, 0, 0, 0
30000, 45376, 0, 0, 0
31000, 42048, 0, 0, 0
32000, 36388, 0, 0, 0
33000, 40576, 0, 0, 0
34000, 34432, 0, 0, 0
35000, 34786, 0, 0, 0
36000, 40768, 0, 0, 0
37000, 40704, 0, 0, 0
38001, 37120, 0, 0, 0
39000, 37925, 0, 0, 0
40000, 38592, 0, 0, 0
41000, 38502, 0, 0, 0
42000, 42240, 0, 0, 0
43000, 33152, 0, 0, 0
44000, 39143, 0, 0, 0
45000, 38016, 0, 0, 0
46001, 39424, 0, 0, 0
47000, 36068, 0, 0, 0
48000, 38080, 0, 0, 0
49001, 43008, 0, 0, 0
50000, 41001, 0, 0, 0
51001, 38144, 0, 0, 0
52000, 32544, 0, 0, 0
53000, 37248, 0, 0, 0
54001, 32512, 0, 0, 0
55000, 36260, 0, 0, 0
56000, 41408, 0, 0, 0
57000, 41449, 0, 0, 0
58000, 39232, 0, 0, 0
59001, 42176, 0, 0, 0
60000, 36772, 0, 0, 0
61000, 34240, 0, 0, 0
62000, 36900, 0, 0, 0
63000, 43392, 0, 0, 0
64001, 35776, 0, 0, 0
65000, 33057, 0, 0, 0
66000, 32832, 0, 0, 0
67000, 37093, 0, 0, 0
68000, 39232, 0, 0, 0
69000, 30144, 0, 0, 0
70000, 38374, 0, 0, 0
71000, 37376, 0, 0, 0
72001, 39488, 0, 0, 0
73000, 37733, 0, 0, 0
74000, 43456, 0, 0, 0
75000, 31391, 0, 0, 0
76000, 39552, 0, 0, 0
77000, 38016, 0, 0, 0
78000, 42474, 0, 0, 0
79000, 49344, 0, 0, 0
80001, 34112, 0, 0, 0
81000, 39463, 0, 0, 0
82000, 38272, 0, 0, 0
83001, 39808, 0, 0, 0
84000, 35875, 0, 0, 0
85000, 35264, 0, 0, 0
86000, 37349, 0, 0, 0
87000, 37248, 0, 0, 0
88000, 36416, 0, 0, 0
89000, 40296, 0, 0, 0
90000, 37312, 0, 0, 0
91000, 39744, 0, 0, 0
92000, 40872, 0, 0, 0
93000, 40640, 0, 0, 0
94001, 35776, 0, 0, 0
95000, 36516, 0, 0, 0
96000, 38080, 0, 0, 0
97000, 37925, 0, 0, 0
98000, 34112, 0, 0, 0
99000, 35840, 0, 0, 0
100000, 39847, 0, 0, 0
101000, 40640, 0, 0, 0
102000, 38784, 0, 0, 0
103000, 35555, 0, 0, 0
104000, 38272, 0, 0, 0
105000, 37056, 0, 0, 0
106000, 37733, 0, 0, 0
107000, 38848, 0, 0, 0
108001, 44032, 0, 0, 0
109000, 37989, 0, 0, 0
110000, 39104, 0, 0, 0
111000, 37669, 0, 0, 0
112000, 39616, 0, 0, 0
113000, 37184, 0, 0, 0
114000, 38758, 0, 0, 0
115000, 38016, 0, 0, 0
116001, 40832, 0, 0, 0
117000, 42666, 0, 0, 0
118000, 38976, 0, 0, 0
119000, 40424, 0, 0, 0
120000, 46720, 0, 0, 0
121000, 39104, 0, 0, 0
122000, 34850, 0, 0, 0
123000, 36416, 0, 0, 0
124000, 38720, 0, 0, 0
125000, 35235, 0, 0, 0
126000, 31680, 0, 0, 0
127000, 31488, 0, 0, 0
128000, 35171, 0, 0, 0
129000, 40704, 0, 0, 0
130001, 43712, 0, 0, 0
131000, 35619, 0, 0, 0
132000, 36544, 0, 0, 0
133001, 38464, 0, 0, 0
134000, 43051, 0, 0, 0
135000, 37184, 0, 0, 0
136001, 36096, 0, 0, 0
137000, 33505, 0, 0, 0
138000, 39808, 0, 0, 0
139001, 39040, 0, 0, 0
140000, 40360, 0, 0, 0
141000, 38848, 0, 0, 0
142000, 36324, 0, 0, 0
143000, 37952, 0, 0, 0
144000, 36928, 0, 0, 0
145000, 33441, 0, 0, 0
146000, 42240, 0, 0, 0
147000, 38528, 0, 0, 0
148000, 39143, 0, 0, 0
149000, 39168, 0, 0, 0
150000, 42176, 0, 0, 0
151000, 35875, 0, 0, 0
152000, 36864, 0, 0, 0
153000, 36544, 0, 0, 0
154000, 37093, 0, 0, 0
155000, 33728, 0, 0, 0
156000, 40768, 0, 0, 0
157000, 38054, 0, 0, 0
158000, 35264, 0, 0, 0
159000, 34176, 0, 0, 0
160000, 39207, 0, 0, 0
161000, 38208, 0, 0, 0
162000, 29120, 0, 0, 0
163000, 28764, 0, 0, 0
164000, 38272, 0, 0, 0
165001, 32832, 0, 0, 0
166000, 41641, 0, 0, 0
167000, 37376, 0, 0, 0
168000, 38144, 0, 0, 0
169000, 38758, 0, 0, 0
170000, 39936, 0, 0, 0
171001, 36992, 0, 0, 0
172000, 33121, 0, 0, 0
173000, 42880, 0, 0, 0
174001, 31328, 0, 0, 0
175001, 40424, 0, 0, 0
176000, 37669, 0, 0, 0
177000, 36736, 0, 0, 0
178001, 39744, 0, 0, 0
179000, 32480, 0, 0, 0
180000, 43840, 0, 0, 0
