1000, 34496, 0, 0, 0
2000, 39296, 0, 0, 0
3001, 41344, 0, 0, 0
4000, 36004, 0, 0, 0
5000, 34496, 0, 0, 0
6001, 35264, 0, 0, 0
7000, 36004, 0, 0, 0
8000, 36800, 0, 0, 0
9001, 43520, 0, 0, 0
10000, 41193, 0, 0, 0
11000, 45568, 0, 0, 0
12001, 42048, 0, 0, 0
13000, 39911, 0, 0, 0
14000, 34816, 0, 0, 0
15000, 35328, 0, 0, 0
16001, 38976, 0, 0, 0
17000, 36132, 0, 0, 0
18000, 38208, 0, 0, 0
19001, 36672, 0, 0, 0
20000, 37605, 0, 0, 0
21000, 37376, 0, 0, 0
22001, 39232, 0, 0, 0
23000, 37029, 0, 0, 0
24000, 39104, 0, 0, 0
25001, 36544, 0, 0, 0
26000, 39079, 0, 0, 0
27000, 37696, 0, 0, 0
28001, 38720, 0, 0, 0
29000, 44396, 0, 0, 0
30000, 42112, 0, 0, 0
31001, 35840, 0, 0, 0
32000, 41449, 0, 0, 0
33000, 39936, 0, 0, 0
34001, 36032, 0, 0, 0
35000, 38502, 0, 0, 0
36000, 40512, 0, 0, 0
37000, 33472, 0, 0, 0
38001, 38400, 0, 0, 0
39000, 42986, 0, 0, 0
40001, 49152, 0, 0, 0
41000, 40808, 0, 0, 0
42000, 38720, 0, 0, 0
43001, 37888, 0, 0, 0
44000, 33761, 0, 0, 0
45000, 37376, 0, 0, 0
46001, 39168, 0, 0, 0
47000, 36516, 0, 0, 0
48000, 40512, 0, 0, 0
49001, 37248, 0, 0, 0
50000, 39655, 0, 0, 0
51001, 34368, 0, 0, 0
52000, 34146, 0, 0, 0
53000, 44928, 0, 0, 0
54001, 33856, 0, 0, 0
55000, 38374, 0, 0, 0
56001, 39168, 0, 0, 0
57000, 36452, 0, 0, 0
58000, 41280, 0, 0, 0
59001, 41536, 0, 0, 0
60000, 44460, 0, 0, 0
61001, 39360, 0, 0, 0
62000, 41129, 0, 0, 0
63000, 36416, 0, 0, 0
64001, 37824, 0, 0, 0
65000, 39655, 0, 0, 0
66000, 36992, 0, 0, 0
67000, 32288, 0, 0, 0
68000, 39488, 0, 0, 0
69001, 38080, 0, 0, 0
70000, 35299, 0, 0, 0
71000, 40640, 0, 0, 0
72001, 40832, 0, 0, 0
73000, 36260, 0, 0, 0
74000, 31296, 0, 0, 0
75000, 37093, 0, 0, 0
76000, 41856, 0, 0, 0
77001, 40832, 0, 0, 0
78000, 37541, 0, 0, 0
79000, 35968, 0, 0, 0
80001, 35456, 0, 0, 0
81000, 42602, 0, 0, 0
82000, 40640, 0, 0, 0
83001, 39360, 0, 0, 0
84000, 40040, 0, 0, 0
85000, 39936, 0, 0, 0
86000, 36708, 0, 0, 0
87000, 38720, 0, 0, 0
88001, 35072, 0, 0, 0
89000, 42026, 0, 0, 0
90000, 32896, 0, 0, 0
91001, 40704, 0, 0, 0
92000, 36004, 0, 0, 0
93000, 42816, 0, 0, 0
94001, 39296, 0, 0, 0
95000, 38566, 0, 0, 0
96000, 33728, 0, 0, 0
97000, 41513, 0, 0, 0
98000, 37568, 0, 0, 0
99001, 41280, 0, 0, 0
100000, 36580, 0, 0, 0
101000, 37184, 0, 0, 0
102001, 44160, 0, 0, 0
103000, 35043, 0, 0, 0
104000, 41856, 0, 0, 0
105001, 40896, 0, 0, 0
106000, 33889, 0, 0, 0
107000, 41664, 0, 0, 0
108001, 30784, 0, 0, 0
109000, 39527, 0, 0, 0
110001, 35648, 0, 0, 0
111000, 39911, 0, 0, 0
112000, 38464, 0, 0, 0
113001, 34560, 0, 0, 0
114000, 36324, 0, 0, 0
115000, 40256, 0, 0, 0
116001, 40576, 0, 0, 0
117000, 37605, 0, 0, 0
118001, 35648, 0, 0, 0
119000, 37989, 0, 0, 0
120000, 37248, 0, 0, 0
121001, 35840, 0, 0, 0
122000, 34082, 0, 0, 0
123000, 31232, 0, 0, 0
124001, 33920, 0, 0, 0
125000, 40424, 0, 0, 0
126000, 40512, 0, 0, 0
127001, 37760, 0, 0, 0
128000, 43435, 0, 0, 0
129000, 45056, 0, 0, 0
130001, 40832, 0, 0, 0
131000, 41321, 0, 0, 0
132000, 45440, 0, 0, 0
133001, 39104, 0, 0, 0
134000, 35235, 0, 0, 0
135000, 33728, 0, 0, 0
136001, 36608, 0, 0, 0
137000, 35171, 0, 0, 0
138000, 35136, 0, 0, 0
139001, 38784, 0, 0, 0
140000, 39207, 0, 0, 0
141000, 42048, 0, 0, 0
142000, 33761, 0, 0, 0
143000, 38016, 0, 0, 0
144000, 38336, 0, 0, 0
145000, 35683, 0, 0, 0
146000, 32576, 0, 0, 0
147001, 33664, 0, 0, 0
148000, 42090, 0, 0, 0
149000, 36224, 0, 0, 0
150001, 43648, 0, 0, 0
151000, 35043, 0, 0, 0
152000, 34432, 0, 0, 0
153001, 36480, 0, 0, 0
154000, 40808, 0, 0, 0
155000, 39552, 0, 0, 0
156001, 39744, 0, 0, 0
157000, 41385, 0, 0, 0
158000, 36544, 0, 0, 0
159001, 38400, 0, 0, 0
160000, 34978, 0, 0, 0
161000, 33472, 0, 0, 0
162001, 31232, 0, 0, 0
163000, 31583, 0, 0, 0
164000, 37504, 0, 0, 0
165001, 37632, 0, 0, 0
166000, 34594, 0, 0, 0
167000, 38272, 0, 0, 0
168001, 35968, 0, 0, 0
169000, 42538, 0, 0, 0
170000, 36800, 0, 0, 0
171001, 36160, 0, 0, 0
172000, 37029, 0, 0, 0
173000, 37120, 0, 0, 0
174001, 37146, 0, 0, 0
175001, 37989, 0, 0, 0
176000, 34594, 0, 0, 0
177000, 36864, 0, 0, 0
178001, 36672, 0, 0, 0
179000, 38758, 0, 0, 0
180000, 40832, 0, 0, 0
