1000, 25088, 0, 0, 0
2000, 37184, 0, 0, 0
3001, 39744, 0, 0, 0
4000, 37029, 0, 0, 0
5000, 38848, 0, 0, 0
6001, 34816, 0, 0, 0
7000, 38374, 0, 0, 0
8000, 35904, 0, 0, 0
9001, 31424, 0, 0, 0
10000, 36388, 0, 0, 0
11000, 45312, 0, 0, 0
12001, 38144, 0, 0, 0
13000, 39399, 0, 0, 0
14000, 40768, 0, 0, 0
15001, 36864, 0, 0, 0
16001, 36928, 0, 0, 0
17000, 41321, 0, 0, 0
18001, 37824, 0, 0, 0
19001, 35968, 0, 0, 0
20000, 42090, 0, 0, 0
21001, 35200, 0, 0, 0
22001, 39616, 0, 0, 0
23000, 32800, 0, 0, 0
24001, 39232, 0, 0, 0
25001, 36480, 0, 0, 0
26000, 36580, 0, 0, 0
27001, 33728, 0, 0, 0
28001, 39232, 0, 0, 0
29000, 38566, 0, 0, 0
30001, 41920, 0, 0, 0
31001, 40768, 0, 0, 0
32000, 35747, 0, 0, 0
33000, 35072, 0, 0, 0
34001, 36224, 0, 0, 0
35000, 37413, 0, 0, 0
36000, 34752, 0, 0, 0
37001, 42816, 0, 0, 0
38001, 36416, 0, 0, 0
39000, 40488, 0, 0, 0
40001, 43904, 0, 0, 0
41000, 39079, 0, 0, 0
42000, 37440, 0, 0, 0
43001, 35200, 0, 0, 0
44000, 40488, 0, 0, 0
45001, 40256, 0, 0, 0
46001, 36928, 0, 0, 0
47000, 37797, 0, 0, 0
48001, 37568, 0, 0, 0
49001, 43072, 0, 0, 0
50001, 41449, 0, 0, 0
51001, 39872, 0, 0, 0
52000, 38502, 0, 0, 0
53001, 36416, 0, 0, 0
54001, 40256, 0, 0, 0
55000, 40104, 0, 0, 0
56001, 37696, 0, 0, 0
57000, 38182, 0, 0, 0
58001, 38400, 0, 0, 0
59001, 43392, 0, 0, 0
60000, 42090, 0, 0, 0
61001, 39808, 0, 0, 0
62000, 41577, 0, 0, 0
63000, 38720, 0, 0, 0
64001, 36160, 0, 0, 0
65000, 32416, 0, 0, 0
66001, 36032, 0, 0, 0
67000, 41769, 0, 0, 0
68000, 39616, 0, 0, 0
69001, 40832, 0, 0, 0
70000, 30814, 0, 0, 0
71001, 38144, 0, 0, 0
72001, 37568, 0, 0, 0
73000, 36516, 0, 0, 0
74001, 35712, 0, 0, 0
75000, 43179, 0, 0, 0
76000, 36864, 0, 0, 0
77001, 33344, 0, 0, 0
78000, 40808, 0, 0, 0
79001, 35520, 0, 0, 0
80001, 36544, 0, 0, 0
81000, 40936, 0, 0, 0
82001, 37824, 0, 0, 0
83001, 38528, 0, 0, 0
84000, 37605, 0, 0, 0
85001, 35008, 0, 0, 0
86000, 37541, 0, 0, 0
87000, 39040, 0, 0, 0
88001, 34688, 0, 0, 0
89000, 36836, 0, 0, 0
90001, 38016, 0, 0, 0
91001, 44800, 0, 0, 0
92000, 37541, 0, 0, 0
93001, 35904, 0, 0, 0
94001, 40576, 0, 0, 0
95000, 35107, 0, 0, 0
96001, 38976, 0, 0, 0
97000, 35299, 0, 0, 0
98000, 38144, 0, 0, 0
99001, 37568, 0, 0, 0
100000, 35747, 0, 0, 0
101000, 37120, 0, 0, 0
102001, 31040, 0, 0, 0
103000, 39335, 0, 0, 0
104000, 38144, 0, 0, 0
105001, 38592, 0, 0, 0
106000, 33377, 0, 0, 0
107001, 41664, 0, 0, 0
108001, 47424, 0, 0, 0
109000, 37989, 0, 0, 0
110001, 39808, 0, 0, 0
111000, 39911, 0, 0, 0
112000, 38336, 0, 0, 0
113001, 36160, 0, 0, 0
114000, 37221, 0, 0, 0
115001, 37120, 0, 0, 0
116001, 39872, 0, 0, 0
117000, 35171, 0, 0, 0
118001, 33792, 0, 0, 0
119000, 35491, 0, 0, 0
120001, 42112, 0, 0, 0
121001, 38976, 0, 0, 0
122000, 44204, 0, 0, 0
123000, 33664, 0, 0, 0
124001, 41536, 0, 0, 0
125000, 33889, 0, 0, 0
126001, 35328, 0, 0, 0
127001, 39488, 0, 0, 0
128000, 32992, 0, 0, 0
129001, 39616, 0, 0, 0
130001, 36928, 0, 0, 0
131000, 36452, 0, 0, 0
132001, 37760, 0, 0, 0
133001, 40768, 0, 0, 0
134000, 44396, 0, 0, 0
135001, 41152, 0, 0, 0
136001, 34560, 0, 0, 0
137000, 36964, 0, 0, 0
138001, 38144, 0, 0, 0
139001, 38400, 0, 0, 0
140000, 38374, 0, 0, 0
141001, 43648, 0, 0, 0
142000, 39527, 0, 0, 0
143000, 41664, 0, 0, 0
144001, 43840, 0, 0, 0
145000, 37733, 0, 0, 0
146000, 36224, 0, 0, 0
147001, 40000, 0, 0, 0
148000, 38118, 0, 0, 0
149000, 44608, 0, 0, 0
150001, 37312, 0, 0, 0
151000, 41705, 0, 0, 0
152000, 36544, 0, 0, 0
153001, 33280, 0, 0, 0
154000, 30366, 0, 0, 0
155001, 40896, 0, 0, 0
156001, 42240, 0, 0, 0
157000, 33953, 0, 0, 0
158001, 35904, 0, 0, 0
159001, 34944, 0, 0, 0
160000, 30366, 0, 0, 0
161001, 33984, 0, 0, 0
162001, 28992, 0, 0, 0
163000, 33185, 0, 0, 0
164001, 33984, 0, 0, 0
165001, 34560, 0, 0, 0
166000, 40744, 0, 0, 0
167001, 37120, 0, 0, 0
168001, 40704, 0, 0, 0
169000, 40680, 0, 0, 0
170001, 40704, 0, 0, 0
171001, 43648, 0, 0, 0
172000, 39399, 0, 0, 0
173001, 32832, 0, 0, 0
174002, 44435, 0, 0, 0
175001, 33313, 0, 0, 0
176000, 40296, 0, 0, 0
177001, 40896, 0, 0, 0
178001, 36608, 0, 0, 0
179000, 39207, 0, 0, 0
