1000, 32928, 0, 0, 0
2000, 35968, 0, 0, 0
3000, 35392, 0, 0, 0
4000, 38886, 0, 0, 0
5000, 36928, 0, 0, 0
6000, 38464, 0, 0, 0
7000, 34914, 0, 0, 0
8000, 41600, 0, 0, 0
9000, 41152, 0, 0, 0
10000, 41833, 0, 0, 0
11000, 35520, 0, 0, 0
12000, 42560, 0, 0, 0
13000, 39143, 0, 0, 0
14000, 35392, 0, 0, 0
15000, 36736, 0, 0, 0
16001, 38784, 0, 0, 0
17000, 39847, 0, 0, 0
18000, 39488, 0, 0, 0
19001, 37632, 0, 0, 0
20000, 36068, 0, 0, 0
21000, 36032, 0, 0, 0
22000, 40768, 0, 0, 0
23000, 36260, 0, 0, 0
24000, 32896, 0, 0, 0
25001, 39424, 0, 0, 0
26000, 35171, 0, 0, 0
27000, 33920, 0, 0, 0
28000, 38976, 0, 0, 0
29000, 34018, 0, 0, 0
30000, 43008, 0, 0, 0
31000, 42240, 0, 0, 0
32000, 40360, 0, 0, 0
33000, 32640, 0, 0, 0
34000, 37632, 0, 0, 0
35000, 35619, 0, 0, 0
36000, 36096, 0, 0, 0
37000, 32768, 0, 0, 0
38001, 37696, 0, 0, 0
39000, 39463, 0, 0, 0
40000, 39488, 0, 0, 0
41000, 38182, 0, 0, 0
42000, 34752, 0, 0, 0
43000, 38976, 0, 0, 0
44000, 34658, 0, 0, 0
45000, 36288, 0, 0, 0
46001, 36800, 0, 0, 0
47000, 36196, 0, 0, 0
48000, 35328, 0, 0, 0
49001, 44352, 0, 0, 0
50000, 44716, 0, 0, 0
51001, 43008, 0, 0, 0
52000, 34850, 0, 0, 0
53000, 40384, 0, 0, 0
54001, 41856, 0, 0, 0
55000, 37861, 0, 0, 0
56000, 37952, 0, 0, 0
57000, 40616, 0, 0, 0
58000, 40832, 0, 0, 0
59001, 37312, 0, 0, 0
60000, 43243, 0, 0, 0
61000, 36800, 0, 0, 0
62000, 42858, 0, 0, 0
63000, 42304, 0, 0, 0
64001, 35584, 0, 0, 0
65000, 39591, 0, 0, 0
66000, 33344, 0, 0, 0
67000, 39911, 0, 0, 0
68000, 34176, 0, 0, 0
69000, 39360, 0, 0, 0
70000, 42090, 0, 0, 0
71000, 39680, 0, 0, 0
72001, 44160, 0, 0, 0
73000, 37797, 0, 0, 0
74000, 41024, 0, 0, 0
75000, 34850, 0, 0, 0
76000, 44800, 0, 0, 0
77000, 33472, 0, 0, 0
78000, 29981, 0, 0, 0
79000, 35008, 0, 0, 0
80000, 40384, 0, 0, 0
81000, 44716, 0, 0, 0
82000, 39808, 0, 0, 0
83001, 37632, 0, 0, 0
84000, 37285, 0, 0, 0
85000, 38080, 0, 0, 0
86000, 40232, 0, 0, 0
87000, 43712, 0, 0, 0
88000, 34880, 0, 0, 0
89000, 36772, 0, 0, 0
90000, 43328, 0, 0, 0
91000, 35520, 0, 0, 0
92000, 33953, 0, 0, 0
93000, 37120, 0, 0, 0
94001, 37056, 0, 0, 0
95000, 34466, 0, 0, 0
96000, 40384, 0, 0, 0
97000, 38246, 0, 0, 0
98000, 39360, 0, 0, 0
99000, 36800, 0, 0, 0
100000, 36388, 0, 0, 0
101000, 42432, 0, 0, 0
102000, 40448, 0, 0, 0
103000, 36964, 0, 0, 0
104000, 39808, 0, 0, 0
105000, 36736, 0, 0, 0
106000, 40040, 0, 0, 0
107000, 33856, 0, 0, 0
108001, 38272, 0, 0, 0
109000, 39015, 0, 0, 0
110000, 42432, 0, 0, 0
111000, 40744, 0, 0, 0
112000, 38848, 0, 0, 0
113000, 44736, 0, 0, 0
114000, 38822, 0, 0, 0
115000, 40384, 0, 0, 0
116001, 33920, 0, 0, 0
117000, 37797, 0, 0, 0
118000, 38016, 0, 0, 0
119000, 43563, 0, 0, 0
120000, 34240, 0, 0, 0
121000, 41920, 0, 0, 0
122000, 36644, 0, 0, 0
123000, 42240, 0, 0, 0
124000, 36864, 0, 0, 0
125000, 39655, 0, 0, 0
126000, 36160, 0, 0, 0
127000, 35648, 0, 0, 0
128000, 38246, 0, 0, 0
129000, 34944, 0, 0, 0
130001, 32768, 0, 0, 0
131000, 34082, 0, 0, 0
132000, 37952, 0, 0, 0
133001, 31808, 0, 0, 0
134000, 39143, 0, 0, 0
135000, 32128, 0, 0, 0
136001, 36672, 0, 0, 0
137000, 40360, 0, 0, 0
138000, 38976, 0, 0, 0
139001, 34688, 0, 0, 0
140000, 42218, 0, 0, 0
141000, 35840, 0, 0, 0
142000, 37989, 0, 0, 0
143000, 38400, 0, 0, 0
144000, 32896, 0, 0, 0
145000, 36132, 0, 0, 0
146000, 35776, 0, 0, 0
147000, 44736, 0, 0, 0
148000, 34338, 0, 0, 0
149000, 38848, 0, 0, 0
150000, 40448, 0, 0, 0
151000, 41257, 0, 0, 0
152000, 40832, 0, 0, 0
153000, 37888, 0, 0, 0
154000, 34274, 0, 0, 0
155000, 32768, 0, 0, 0
156000, 35584, 0, 0, 0
157000, 35171, 0, 0, 0
158000, 35520, 0, 0, 0
159000, 34176, 0, 0, 0
160000, 37541, 0, 0, 0
161000, 35776, 0, 0, 0
162000, 28992, 0, 0, 0
163000, 28508, 0, 0, 0
164000, 32768, 0, 0, 0
165001, 36096, 0, 0, 0
166000, 38758, 0, 0, 0
167000, 38784, 0, 0, 0
168000, 38592, 0, 0, 0
169000, 36260, 0, 0, 0
170000, 40512, 0, 0, 0
171001, 32512, 0, 0, 0
172000, 40040, 0, 0, 0
173000, 29568, 0, 0, 0
174001, 34077, 0, 0, 0
175001, 34018, 0, 0, 0
176000, 37989, 0, 0, 0
177000, 41088, 0, 0, 0
178001, 38208, 0, 0, 0
179000, 42474, 0, 0, 0
180000, 40000, 0, 0, 0
