1000, 33728, 0, 0, 0
2000, 35456, 0, 0, 0
3001, 38464, 0, 0, 0
4000, 38054, 0, 0, 0
5000, 34496, 0, 0, 0
6001, 35264, 0, 0, 0
7000, 36004, 0, 0, 0
8000, 38592, 0, 0, 0
9001, 39552, 0, 0, 0
10000, 41897, 0, 0, 0
11000, 37952, 0, 0, 0
12000, 36224, 0, 0, 0
13000, 35683, 0, 0, 0
14000, 36160, 0, 0, 0
15000, 38528, 0, 0, 0
16001, 35456, 0, 0, 0
17000, 36196, 0, 0, 0
18000, 42816, 0, 0, 0
19001, 38848, 0, 0, 0
20000, 40040, 0, 0, 0
21000, 40512, 0, 0, 0
22001, 43072, 0, 0, 0
23000, 37733, 0, 0, 0
24000, 37824, 0, 0, 0
25001, 39232, 0, 0, 0
26000, 33953, 0, 0, 0
27000, 38528, 0, 0, 0
28001, 34752, 0, 0, 0
29000, 45357, 0, 0, 0
30000, 36992, 0, 0, 0
31001, 41984, 0, 0, 0
32000, 38438, 0, 0, 0
33000, 38016, 0, 0, 0
34001, 37760, 0, 0, 0
35000, 37221, 0, 0, 0
36000, 28480, 0, 0, 0
37000, 40128, 0, 0, 0
38001, 36352, 0, 0, 0
39000, 41129, 0, 0, 0
40001, 34624, 0, 0, 0
41000, 40104, 0, 0, 0
42000, 37952, 0, 0, 0
43001, 40768, 0, 0, 0
44000, 38822, 0, 0, 0
45000, 36672, 0, 0, 0
46001, 37184, 0, 0, 0
47000, 34658, 0, 0, 0
48000, 38720, 0, 0, 0
49001, 40832, 0, 0, 0
50000, 40424, 0, 0, 0
51001, 41024, 0, 0, 0
52000, 42154, 0, 0, 0
53000, 38720, 0, 0, 0
54001, 35328, 0, 0, 0
55000, 39783, 0, 0, 0
56001, 38592, 0, 0, 0
57000, 35107, 0, 0, 0
58000, 37952, 0, 0, 0
59001, 39104, 0, 0, 0
60000, 35171, 0, 0, 0
61001, 36288, 0, 0, 0
62000, 42794, 0, 0, 0
63000, 42752, 0, 0, 0
64001, 36160, 0, 0, 0
65000, 40616, 0, 0, 0
66000, 40704, 0, 0, 0
67000, 35171, 0, 0, 0
68000, 42560, 0, 0, 0
69001, 40704, 0, 0, 0
70000, 43563, 0, 0, 0
71000, 44608, 0, 0, 0
72001, 40768, 0, 0, 0
73000, 37349, 0, 0, 0
74000, 34944, 0, 0, 0
75000, 36644, 0, 0, 0
76000, 40384, 0, 0, 0
77001, 42112, 0, 0, 0
78000, 34978, 0, 0, 0
79000, 38784, 0, 0, 0
80001, 34944, 0, 0, 0
81000, 42986, 0, 0, 0
82000, 35072, 0, 0, 0
83001, 37888, 0, 0, 0
84000, 36452, 0, 0, 0
85000, 40000, 0, 0, 0
86000, 42218, 0, 0, 0
87000, 45824, 0, 0, 0
88001, 36160, 0, 0, 0
89000, 42026, 0, 0, 0
90000, 38656, 0, 0, 0
91001, 36864, 0, 0, 0
92000, 41129, 0, 0, 0
93000, 36096, 0, 0, 0
94001, 38208, 0, 0, 0
95000, 39335, 0, 0, 0
96000, 36672, 0, 0, 0
97000, 37413, 0, 0, 0
98000, 35136, 0, 0, 0
99001, 42816, 0, 0, 0
100000, 41321, 0, 0, 0
101000, 39168, 0, 0, 0
102001, 34752, 0, 0, 0
103000, 38566, 0, 0, 0
104000, 31616, 0, 0, 0
105001, 34688, 0, 0, 0
106000, 36644, 0, 0, 0
107000, 37696, 0, 0, 0
108001, 37312, 0, 0, 0
109000, 37605, 0, 0, 0
110001, 37440, 0, 0, 0
111000, 40424, 0, 0, 0
112000, 38528, 0, 0, 0
113001, 35712, 0, 0, 0
114000, 38502, 0, 0, 0
115000, 36352, 0, 0, 0
116001, 36992, 0, 0, 0
117000, 44268, 0, 0, 0
118001, 38784, 0, 0, 0
119000, 40232, 0, 0, 0
120000, 33344, 0, 0, 0
121001, 38592, 0, 0, 0
122000, 36260, 0, 0, 0
123000, 34368, 0, 0, 0
124001, 31872, 0, 0, 0
125000, 29469, 0, 0, 0
126000, 33536, 0, 0, 0
127001, 39680, 0, 0, 0
128000, 32544, 0, 0, 0
129000, 42176, 0, 0, 0
130001, 39168, 0, 0, 0
131000, 36132, 0, 0, 0
132000, 38080, 0, 0, 0
133001, 38784, 0, 0, 0
134000, 30686, 0, 0, 0
135000, 41600, 0, 0, 0
136001, 42944, 0, 0, 0
137000, 33185, 0, 0, 0
138000, 38336, 0, 0, 0
139001, 33856, 0, 0, 0
140000, 43435, 0, 0, 0
141000, 47168, 0, 0, 0
142000, 37989, 0, 0, 0
143000, 37888, 0, 0, 0
144000, 41024, 0, 0, 0
145000, 40104, 0, 0, 0
146000, 40320, 0, 0, 0
147001, 36928, 0, 0, 0
148000, 36516, 0, 0, 0
149000, 40768, 0, 0, 0
150001, 37248, 0, 0, 0
151000, 33569, 0, 0, 0
152000, 37568, 0, 0, 0
153001, 38784, 0, 0, 0
154000, 33825, 0, 0, 0
155000, 39616, 0, 0, 0
156001, 42176, 0, 0, 0
157000, 34850, 0, 0, 0
158000, 34048, 0, 0, 0
159001, 37120, 0, 0, 0
160000, 35299, 0, 0, 0
161000, 37696, 0, 0, 0
162001, 34816, 0, 0, 0
163000, 38182, 0, 0, 0
164000, 36608, 0, 0, 0
165001, 36736, 0, 0, 0
166000, 33953, 0, 0, 0
167000, 36096, 0, 0, 0
168001, 39936, 0, 0, 0
169000, 37669, 0, 0, 0
170000, 38976, 0, 0, 0
171001, 38272, 0, 0, 0
172000, 35747, 0, 0, 0
173000, 33920, 0, 0, 0
174001, 40151, 0, 0, 0
175001, 34082, 0, 0, 0
176000, 37029, 0, 0, 0
177000, 36672, 0, 0, 0
178001, 39680, 0, 0, 0
179000, 39527, 0, 0, 0
180000, 41792, 0, 0, 0
