1000, 32992, 0, 0, 0
2000, 39168, 0, 0, 0
3000, 41408, 0, 0, 0
4000, 34658, 0, 0, 0
5000, 37440, 0, 0, 0
6000, 37376, 0, 0, 0
7000, 42986, 0, 0, 0
8000, 35904, 0, 0, 0
9000, 43520, 0, 0, 0
10000, 39143, 0, 0, 0
11000, 39552, 0, 0, 0
12000, 42368, 0, 0, 0
13000, 38758, 0, 0, 0
14000, 32256, 0, 0, 0
15000, 38912, 0, 0, 0
16001, 39040, 0, 0, 0
17000, 37541, 0, 0, 0
18000, 35520, 0, 0, 0
19001, 35136, 0, 0, 0
20000, 35939, 0, 0, 0
21000, 47936, 0, 0, 0
22001, 37120, 0, 0, 0
23000, 36516, 0, 0, 0
24000, 33216, 0, 0, 0
25001, 36672, 0, 0, 0
26000, 39079, 0, 0, 0
27000, 33280, 0, 0, 0
28001, 39680, 0, 0, 0
29000, 38566, 0, 0, 0
30000, 39808, 0, 0, 0
31000, 38784, 0, 0, 0
32000, 32096, 0, 0, 0
33000, 40448, 0, 0, 0
34000, 38336, 0, 0, 0
35000, 41257, 0, 0, 0
36000, 36224, 0, 0, 0
37000, 40640, 0, 0, 0
38001, 37824, 0, 0, 0
39000, 42730, 0, 0, 0
40000, 43520, 0, 0, 0
41000, 36900, 0, 0, 0
42000, 41408, 0, 0, 0
43000, 42240, 0, 0, 0
44000, 39975, 0, 0, 0
45000, 41600, 0, 0, 0
46001, 40640, 0, 0, 0
47000, 33825, 0, 0, 0
48000, 34752, 0, 0, 0
49001, 40320, 0, 0, 0
50000, 36196, 0, 0, 0
51001, 38272, 0, 0, 0
52000, 34722, 0, 0, 0
53000, 36544, 0, 0, 0
54001, 34240, 0, 0, 0
55000, 41513, 0, 0, 0
56000, 32192, 0, 0, 0
57000, 35619, 0, 0, 0
58000, 37760, 0, 0, 0
59001, 37376, 0, 0, 0
60000, 40808, 0, 0, 0
61000, 40512, 0, 0, 0
62000, 40232, 0, 0, 0
63000, 42240, 0, 0, 0
64001, 37952, 0, 0, 0
65000, 39783, 0, 0, 0
66000, 34368, 0, 0, 0
67000, 35875, 0, 0, 0
68000, 36480, 0, 0, 0
69001, 40576, 0, 0, 0
70000, 44268, 0, 0, 0
71000, 42240, 0, 0, 0
72001, 39616, 0, 0, 0
73000, 36196, 0, 0, 0
74000, 38080, 0, 0, 0
75000, 42154, 0, 0, 0
76000, 37120, 0, 0, 0
77000, 40192, 0, 0, 0
78000, 33377, 0, 0, 0
79000, 32000, 0, 0, 0
80001, 36608, 0, 0, 0
81000, 34210, 0, 0, 0
82000, 38016, 0, 0, 0
83001, 40512, 0, 0, 0
84000, 37733, 0, 0, 0
85000, 35584, 0, 0, 0
86000, 43563, 0, 0, 0
87000, 39936, 0, 0, 0
88000, 39488, 0, 0, 0
89000, 43883, 0, 0, 0
90000, 35584, 0, 0, 0
91001, 33152, 0, 0, 0
92000, 37285, 0, 0, 0
93000, 40832, 0, 0, 0
94001, 38144, 0, 0, 0
95000, 32736, 0, 0, 0
96000, 46528, 0, 0, 0
97000, 35683, 0, 0, 0
98000, 37952, 0, 0, 0
99000, 37376, 0, 0, 0
100000, 38118, 0, 0, 0
101000, 36992, 0, 0, 0
102000, 37056, 0, 0, 0
103000, 39143, 0, 0, 0
104000, 36992, 0, 0, 0
105001, 36864, 0, 0, 0
106000, 36708, 0, 0, 0
107000, 38784, 0, 0, 0
108001, 34688, 0, 0, 0
109000, 35043, 0, 0, 0
110000, 36864, 0, 0, 0
111000, 41577, 0, 0, 0
112000, 31104, 0, 0, 0
113001, 37568, 0, 0, 0
114000, 36004, 0, 0, 0
115000, 36608, 0, 0, 0
116001, 38208, 0, 0, 0
117000, 37605, 0, 0, 0
118000, 38080, 0, 0, 0
119000, 40168, 0, 0, 0
120000, 36992, 0, 0, 0
121001, 37312, 0, 0, 0
122000, 36964, 0, 0, 0
123000, 37504, 0, 0, 0
124000, 42624, 0, 0, 0
125000, 41001, 0, 0, 0
126000, 37440, 0, 0, 0
127001, 39872, 0, 0, 0
128000, 33697, 0, 0, 0
129000, 40768, 0, 0, 0
130001, 34048, 0, 0, 0
131000, 41129, 0, 0, 0
132000, 42624, 0, 0, 0
133001, 35840, 0, 0, 0
134000, 38118, 0, 0, 0
135000, 31872, 0, 0, 0
136001, 40192, 0, 0, 0
137000, 36132, 0, 0, 0
138000, 34368, 0, 0, 0
139001, 41856, 0, 0, 0
140000, 41833, 0, 0, 0
141000, 41216, 0, 0, 0
142000, 35363, 0, 0, 0
143000, 38144, 0, 0, 0
144000, 34432, 0, 0, 0
145000, 38374, 0, 0, 0
146000, 38016, 0, 0, 0
147000, 33856, 0, 0, 0
148000, 42410, 0, 0, 0
149000, 43264, 0, 0, 0
150000, 40000, 0, 0, 0
151000, 41385, 0, 0, 0
152000, 41024, 0, 0, 0
153000, 35776, 0, 0, 0
154000, 35811, 0, 0, 0
155000, 36928, 0, 0, 0
156000, 36736, 0, 0, 0
157000, 37861, 0, 0, 0
158000, 30528, 0, 0, 0
159001, 38272, 0, 0, 0
160000, 41257, 0, 0, 0
161000, 29568, 0, 0, 0
162001, 36032, 0, 0, 0
163000, 28060, 0, 0, 0
164000, 28416, 0, 0, 0
165001, 32320, 0, 0, 0
166000, 34338, 0, 0, 0
167000, 36544, 0, 0, 0
168001, 35648, 0, 0, 0
169000, 41193, 0, 0, 0
170000, 36416, 0, 0, 0
171001, 41600, 0, 0, 0
172000, 33505, 0, 0, 0
173000, 33344, 0, 0, 0
174001, 35612, 0, 0, 0
175001, 41705, 0, 0, 0
176000, 32160, 0, 0, 0
177000, 40768, 0, 0, 0
178001, 37184, 0, 0, 0
179000, 38438, 0, 0, 0
