1000, 25689, 0, 0, 0
2000, 37504, 0, 0, 0
3000, 41408, 0, 0, 0
4000, 37093, 0, 0, 0
5000, 37568, 0, 0, 0
6000, 34496, 0, 0, 0
7000, 31327, 0, 0, 0
8000, 46400, 0, 0, 0
9000, 42496, 0, 0, 0
10000, 37477, 0, 0, 0
11000, 34944, 0, 0, 0
12000, 41856, 0, 0, 0
13000, 36708, 0, 0, 0
14000, 36608, 0, 0, 0
15000, 39552, 0, 0, 0
16001, 31232, 0, 0, 0
17000, 34658, 0, 0, 0
18000, 36224, 0, 0, 0
19001, 40512, 0, 0, 0
20000, 41513, 0, 0, 0
21000, 41920, 0, 0, 0
22001, 39424, 0, 0, 0
23000, 42666, 0, 0, 0
24000, 36096, 0, 0, 0
25001, 31360, 0, 0, 0
26000, 41001, 0, 0, 0
27000, 34432, 0, 0, 0
28001, 38976, 0, 0, 0
29000, 40936, 0, 0, 0
30000, 41536, 0, 0, 0
31001, 38592, 0, 0, 0
32000, 39015, 0, 0, 0
33000, 38464, 0, 0, 0
34000, 31360, 0, 0, 0
35000, 38566, 0, 0, 0
36000, 39488, 0, 0, 0
37000, 37952, 0, 0, 0
38001, 40640, 0, 0, 0
39000, 41321, 0, 0, 0
40000, 35904, 0, 0, 0
41000, 45101, 0, 0, 0
42000, 41536, 0, 0, 0
43001, 41024, 0, 0, 0
44000, 34978, 0, 0, 0
45000, 38592, 0, 0, 0
46001, 34240, 0, 0, 0
47000, 37861, 0, 0, 0
48000, 40512, 0, 0, 0
49001, 39040, 0, 0, 0
50000, 42666, 0, 0, 0
51001, 34304, 0, 0, 0
52000, 33313, 0, 0, 0
53000, 38016, 0, 0, 0
54001, 38080, 0, 0, 0
55000, 39847, 0, 0, 0
56001, 38912, 0, 0, 0
57000, 39335, 0, 0, 0
58000, 39232, 0, 0, 0
59001, 34816, 0, 0, 0
60000, 42410, 0, 0, 0
61000, 33984, 0, 0, 0
62000, 39143, 0, 0, 0
63000, 40320, 0, 0, 0
64001, 34624, 0, 0, 0
65000, 35875, 0, 0, 0
66000, 38016, 0, 0, 0
67000, 36068, 0, 0, 0
68000, 44864, 0, 0, 0
69001, 41088, 0, 0, 0
70000, 41577, 0, 0, 0
71000, 38272, 0, 0, 0
72001, 40768, 0, 0, 0
73000, 39463, 0, 0, 0
74000, 45824, 0, 0, 0
75000, 38118, 0, 0, 0
76000, 38400, 0, 0, 0
77001, 37760, 0, 0, 0
78000, 37541, 0, 0, 0
79000, 28608, 0, 0, 0
80001, 38656, 0, 0, 0
81000, 42346, 0, 0, 0
82000, 36864, 0, 0, 0
83001, 40704, 0, 0, 0
84000, 41705, 0, 0, 0
85000, 39232, 0, 0, 0
86000, 37349, 0, 0, 0
87000, 38848, 0, 0, 0
88001, 33472, 0, 0, 0
89000, 36260, 0, 0, 0
90000, 42304, 0, 0, 0
91001, 40256, 0, 0, 0
92000, 35875, 0, 0, 0
93000, 31296, 0, 0, 0
94001, 43392, 0, 0, 0
95000, 37413, 0, 0, 0
96000, 38208, 0, 0, 0
97000, 41449, 0, 0, 0
98000, 40320, 0, 0, 0
99001, 34688, 0, 0, 0
100000, 47023, 0, 0, 0
101000, 42624, 0, 0, 0
102001, 38272, 0, 0, 0
103000, 36196, 0, 0, 0
104000, 36928, 0, 0, 0
105001, 33600, 0, 0, 0
106000, 41961, 0, 0, 0
107000, 42560, 0, 0, 0
108001, 44096, 0, 0, 0
109000, 40296, 0, 0, 0
110000, 41856, 0, 0, 0
111000, 38758, 0, 0, 0
112000, 38400, 0, 0, 0
113001, 39360, 0, 0, 0
114000, 32160, 0, 0, 0
115000, 40000, 0, 0, 0
116001, 36480, 0, 0, 0
117000, 37349, 0, 0, 0
118000, 34688, 0, 0, 0
119000, 38886, 0, 0, 0
120000, 36032, 0, 0, 0
121001, 38912, 0, 0, 0
122000, 42986, 0, 0, 0
123000, 42048, 0, 0, 0
124001, 38080, 0, 0, 0
125000, 40488, 0, 0, 0
126000, 38080, 0, 0, 0
127001, 38784, 0, 0, 0
128000, 36196, 0, 0, 0
129000, 40128, 0, 0, 0
130001, 41088, 0, 0, 0
131000, 39527, 0, 0, 0
132000, 43456, 0, 0, 0
133001, 36416, 0, 0, 0
134000, 41449, 0, 0, 0
135000, 36608, 0, 0, 0
136001, 35712, 0, 0, 0
137000, 37669, 0, 0, 0
138000, 40384, 0, 0, 0
139001, 39808, 0, 0, 0
140000, 36900, 0, 0, 0
141000, 36096, 0, 0, 0
142000, 39975, 0, 0, 0
143000, 33280, 0, 0, 0
144000, 35904, 0, 0, 0
145000, 41321, 0, 0, 0
146000, 38464, 0, 0, 0
147000, 35584, 0, 0, 0
148000, 41961, 0, 0, 0
149000, 41152, 0, 0, 0
150001, 35392, 0, 0, 0
151000, 36132, 0, 0, 0
152000, 36032, 0, 0, 0
153001, 33664, 0, 0, 0
154000, 38246, 0, 0, 0
155000, 37312, 0, 0, 0
156001, 36160, 0, 0, 0
157000, 40872, 0, 0, 0
158000, 38848, 0, 0, 0
159001, 34240, 0, 0, 0
160000, 36644, 0, 0, 0
161000, 35648, 0, 0, 0
162001, 33856, 0, 0, 0
163000, 34978, 0, 0, 0
164000, 34688, 0, 0, 0
165001, 34368, 0, 0, 0
166000, 42922, 0, 0, 0
167000, 42048, 0, 0, 0
168001, 42432, 0, 0, 0
169000, 39463, 0, 0, 0
170000, 30976, 0, 0, 0
171001, 38976, 0, 0, 0
172000, 39975, 0, 0, 0
173000, 37888, 0, 0, 0
174001, 38105, 0, 0, 0
175001, 36452, 0, 0, 0
176000, 45229, 0, 0, 0
177000, 40192, 0, 0, 0
178001, 35584, 0, 0, 0
179000, 38246, 0, 0, 0
180000, 36416, 0, 0, 0
