999, 33825, 0, 0, 0
999, 29213, 1, 0, 0
1998, 53557, 0, 0, 0
1998, 52532, 1, 0, 0
3000, 48079, 0, 0, 0
3000, 46289, 1, 0, 0
4001, 45522, 0, 0, 0
4001, 51148, 1, 0, 0
5002, 44243, 0, 0, 0
5002, 41430, 1, 0, 0
6004, 50125, 0, 0, 0
6004, 47824, 1, 0, 0
7005, 56775, 0, 0, 0
7005, 47056, 1, 0, 0
8006, 48847, 0, 0, 0
8006, 49358, 1, 0, 0
9008, 48847, 0, 0, 0
9008, 50637, 1, 0, 0
10008, 44544, 0, 0, 0
10008, 45312, 1, 0, 0
11007, 60220, 0, 0, 0
11007, 55863, 1, 0, 0
12007, 51456, 0, 0, 0
12007, 49408, 1, 0, 0
13006, 48176, 0, 0, 0
13006, 44332, 1, 0, 0
14005, 44588, 0, 0, 0
14005, 48176, 1, 0, 0
15005, 42538, 0, 0, 0
15005, 51763, 1, 0, 0
16006, 56519, 0, 0, 0
16006, 50637, 1, 0, 0
17007, 46801, 0, 0, 0
17007, 54217, 1, 0, 0
18008, 50381, 0, 0, 0
18008, 51916, 1, 0, 0
19008, 50944, 0, 0, 0
19008, 56320, 1, 0, 0
20007, 44332, 0, 0, 0
20007, 50994, 1, 0, 0
21008, 46592, 0, 0, 0
21008, 45824, 1, 0, 0
22008, 56376, 0, 0, 0
22008, 53301, 1, 0, 0
23008, 49664, 0, 0, 0
23008, 46336, 1, 0, 0
24008, 56888, 0, 0, 0
24008, 52788, 1, 0, 0
25008, 43563, 0, 0, 0
25008, 47919, 1, 0, 0
26008, 49201, 0, 0, 0
26008, 52276, 1, 0, 0
27008, 53045, 0, 0, 0
27008, 49457, 1, 0, 0
28007, 45869, 0, 0, 0
28007, 47151, 1, 0, 0
29007, 45613, 0, 0, 0
29007, 45357, 1, 0, 0
30007, 45357, 0, 0, 0
30007, 51251, 1, 0, 0
31008, 51200, 0, 0, 0
31008, 52736, 1, 0, 0
32008, 42026, 0, 0, 0
32008, 44844, 1, 0, 0
33008, 46126, 0, 0, 0
33008, 50482, 1, 0, 0
34007, 46638, 0, 0, 0
34007, 48944, 1, 0, 0
35007, 43051, 0, 0, 0
35007, 46894, 1, 0, 0
36007, 49969, 0, 0, 0
36007, 50226, 1, 0, 0
37008, 49152, 0, 0, 0
37008, 42240, 1, 0, 0
38007, 52788, 0, 0, 0
38007, 50226, 1, 0, 0
39007, 50994, 0, 0, 0
39007, 50994, 1, 0, 0
40008, 48896, 0, 0, 0
40008, 53504, 1, 0, 0
41007, 46638, 0, 0, 0
41007, 54582, 1, 0, 0
42007, 52532, 0, 0, 0
42007, 53813, 1, 0, 0
43008, 50432, 0, 0, 0
43008, 45568, 1, 0, 0
44008, 48176, 0, 0, 0
44008, 46894, 1, 0, 0
45007, 49969, 0, 0, 0
45007, 49713, 1, 0, 0
46007, 52532, 0, 0, 0
46007, 48176, 1, 0, 0
47008, 55040, 0, 0, 0
47008, 49152, 1, 0, 0
48008, 52276, 0, 0, 0
48008, 48688, 1, 0, 0
49007, 49457, 0, 0, 0
49007, 46382, 1, 0, 0
50008, 40704, 0, 0, 0
50008, 47360, 1, 0, 0
51008, 56120, 0, 0, 0
51008, 56632, 1, 0, 0
52007, 51763, 0, 0, 0
52007, 44588, 1, 0, 0
53008, 50176, 0, 0, 0
53008, 48896, 1, 0, 0
54008, 52020, 0, 0, 0
54008, 51763, 1, 0, 0
55007, 56632, 0, 0, 0
55007, 55095, 1, 0, 0
56007, 46592, 0, 0, 0
56007, 48640, 1, 0, 0
57008, 45824, 0, 0, 0
57008, 41984, 1, 0, 0
58008, 51763, 0, 0, 0
58008, 50482, 1, 0, 0
59007, 46382, 0, 0, 0
59007, 50226, 1, 0, 0
60007, 52788, 0, 0, 0
60007, 52532, 1, 0, 0
61008, 50688, 0, 0, 0
61008, 49152, 1, 0, 0
62007, 41769, 0, 0, 0
62007, 39719, 1, 0, 0
63007, 37157, 0, 0, 0
63007, 48176, 1, 0, 0
64008, 54016, 0, 0, 0
64008, 54784, 1, 0, 0
65007, 54582, 0, 0, 0
65007, 51251, 1, 0, 0
66007, 62270, 0, 0, 0
66007, 51251, 1, 0, 0
67008, 52224, 0, 0, 0
67008, 47104, 1, 0, 0
68007, 56632, 0, 0, 0
68007, 46894, 1, 0, 0
69007, 43563, 0, 0, 0
69007, 39463, 1, 0, 0
70008, 51200, 0, 0, 0
70008, 50432, 1, 0, 0
71007, 46126, 0, 0, 0
71007, 48688, 1, 0, 0
72007, 55095, 0, 0, 0
72007, 47663, 1, 0, 0
73008, 47360, 0, 0, 0
73008, 43520, 1, 0, 0
74007, 56376, 0, 0, 0
74007, 54838, 1, 0, 0
75007, 49201, 0, 0, 0
75007, 47919, 1, 0, 0
76008, 54784, 0, 0, 0
76008, 47104, 1, 0, 0
77007, 51763, 0, 0, 0
77007, 51251, 1, 0, 0
78007, 50994, 0, 0, 0
78007, 45357, 1, 0, 0
79008, 58368, 0, 0, 0
79008, 51968, 1, 0, 0
80008, 48688, 0, 0, 0
80008, 51507, 1, 0, 0
81007, 53045, 0, 0, 0
81007, 55607, 1, 0, 0
82008, 53504, 0, 0, 0
82008, 54016, 1, 0, 0
83008, 44844, 0, 0, 0
83008, 50738, 1, 0, 0
84007, 45357, 0, 0, 0
84007, 49457, 1, 0, 0
85008, 42496, 0, 0, 0
85008, 46592, 1, 0, 0
86008, 46894, 0, 0, 0
86008, 43563, 1, 0, 0
87007, 61757, 0, 0, 0
87007, 58170, 1, 0, 0
88007, 48176, 0, 0, 0
88007, 46638, 1, 0, 0
89008, 47360, 0, 0, 0
89008, 49664, 1, 0, 0
90008, 43307, 0, 0, 0
90008, 49457, 1, 0, 0
91007, 37669, 0, 0, 0
91007, 47663, 1, 0, 0
92007, 45613, 0, 0, 0
92007, 48432, 1, 0, 0
93008, 44032, 0, 0, 0
93008, 45568, 1, 0, 0
94008, 49457, 0, 0, 0
94008, 51251, 1, 0, 0
95007, 48688, 0, 0, 0
95007, 47919, 1, 0, 0
96007, 52788, 0, 0, 0
96007, 46382, 1, 0, 0
97008, 42752, 0, 0, 0
97008, 52480, 1, 0, 0
98008, 42794, 0, 0, 0
98008, 49201, 1, 0, 0
99007, 46894, 0, 0, 0
99007, 51507, 1, 0, 0
100007, 52788, 0, 0, 0
100007, 47151, 1, 0, 0
101008, 48640, 0, 0, 0
101008, 48384, 1, 0, 0
102007, 49969, 0, 0, 0
102007, 49969, 1, 0, 0
103007, 47151, 0, 0, 0
103007, 44844, 1, 0, 0
104008, 39424, 0, 0, 0
104008, 43520, 1, 0, 0
105008, 42538, 0, 0, 0
105008, 50738, 1, 0, 0
106007, 47407, 0, 0, 0
106007, 54838, 1, 0, 0
107008, 57600, 0, 0, 0
107008, 51968, 1, 0, 0
108008, 55351, 0, 0, 0
108008, 56632, 1, 0, 0
109007, 62782, 0, 0, 0
109007, 50226, 1, 0, 0
110007, 55095, 0, 0, 0
110007, 50994, 1, 0, 0
111008, 57344, 0, 0, 0
111008, 50432, 1, 0, 0
112007, 47919, 0, 0, 0
112007, 48432, 1, 0, 0
113007, 60220, 0, 0, 0
113007, 54838, 1, 0, 0
114008, 52736, 0, 0, 0
114008, 49152, 1, 0, 0
115008, 53045, 0, 0, 0
115008, 47919, 1, 0, 0
116007, 41769, 0, 0, 0
116007, 48176, 1, 0, 0
117008, 49664, 0, 0, 0
117008, 49920, 1, 0, 0
118008, 55607, 0, 0, 0
118008, 51763, 1, 0, 0
119008, 54070, 0, 0, 0
119008, 53557, 1, 0, 0
120007, 46126, 0, 0, 0
120007, 48176, 1, 0, 0
121007, 46382, 0, 0, 0
121007, 45869, 1, 0, 0
122008, 44032, 0, 0, 0
122008, 46592, 1, 0, 0
123008, 47151, 0, 0, 0
123008, 54582, 1, 0, 0
124007, 42026, 0, 0, 0
124007, 47663, 1, 0, 0
125007, 48944, 0, 0, 0
125007, 43051, 1, 0, 0
126008, 54272, 0, 0, 0
126008, 62720, 1, 0, 0
127008, 42538, 0, 0, 0
127008, 41769, 1, 0, 0
128007, 39719, 0, 0, 0
128007, 46126, 1, 0, 0
129007, 52532, 0, 0, 0
129007, 44588, 1, 0, 0
130008, 39680, 0, 0, 0
130008, 47616, 1, 0, 0
131007, 53301, 0, 0, 0
131007, 49713, 1, 0, 0
132007, 48944, 0, 0, 0
132007, 48688, 1, 0, 0
133008, 48896, 0, 0, 0
133008, 53504, 1, 0, 0
134008, 39207, 0, 0, 0
134008, 49201, 1, 0, 0
135007, 38694, 0, 0, 0
135007, 43051, 1, 0, 0
136007, 54070, 0, 0, 0
136007, 49713, 1, 0, 0
137008, 51456, 0, 0, 0
137008, 55296, 1, 0, 0
138008, 44076, 0, 0, 0
138008, 50226, 1, 0, 0
139007, 64576, 0, 0, 0
139007, 58426, 1, 0, 0
140007, 50738, 0, 0, 0
140007, 53557, 1, 0, 0
141008, 46848, 0, 0, 0
141008, 49152, 1, 0, 0
142008, 47663, 0, 0, 0
142008, 52788, 1, 0, 0
143007, 52276, 0, 0, 0
143007, 49969, 1, 0, 0
144007, 39207, 0, 0, 0
144007, 39975, 1, 0, 0
145008, 45568, 0, 0, 0
145008, 48128, 1, 0, 0
146008, 41257, 0, 0, 0
146008, 52532, 1, 0, 0
147007, 45101, 0, 0, 0
147007, 49713, 1, 0, 0
148007, 50482, 0, 0, 0
148007, 53301, 1, 0, 0
149008, 52992, 0, 0, 0
149008, 55552, 1, 0, 0
150007, 52532, 0, 0, 0
150007, 50738, 1, 0, 0
151007, 51507, 0, 0, 0
151007, 53045, 1, 0, 0
152008, 57600, 0, 0, 0
152008, 53760, 1, 0, 0
153008, 53301, 0, 0, 0
153008, 49201, 1, 0, 0
154007, 47919, 0, 0, 0
154007, 39463, 1, 0, 0
155007, 56320, 0, 0, 0
155007, 53760, 1, 0, 0
156007, 43307, 0, 0, 0
156007, 43051, 1, 0, 0
157008, 49408, 0, 0, 0
157008, 45056, 1, 0, 0
158008, 49457, 0, 0, 0
158008, 52276, 1, 0, 0
159007, 40232, 0, 0, 0
159007, 45357, 1, 0, 0
160007, 51507, 0, 0, 0
160007, 55607, 1, 0, 0
161008, 46848, 0, 0, 0
161008, 44288, 1, 0, 0
162008, 62270, 0, 0, 0
162008, 57145, 1, 0, 0
163007, 52532, 0, 0, 0
163007, 51251, 1, 0, 0
164007, 53557, 0, 0, 0
164007, 54582, 1, 0, 0
165008, 44288, 0, 0, 0
165008, 40704, 1, 0, 0
166008, 52020, 0, 0, 0
166008, 49713, 1, 0, 0
167007, 34850, 0, 0, 0
167007, 46894, 1, 0, 0
168007, 52532, 0, 0, 0
168007, 46638, 1, 0, 0
169008, 41728, 0, 0, 0
169008, 41984, 1, 0, 0
170008, 52276, 0, 0, 0
170008, 57401, 1, 0, 0
171007, 51763, 0, 0, 0
171007, 45869, 1, 0, 0
172007, 43051, 0, 0, 0
172007, 58170, 1, 0, 0
173008, 55552, 0, 0, 0
173008, 48640, 1, 0, 0
174008, 53557, 0, 0, 0
174008, 48176, 1, 0, 0
175008, 54838, 0, 0, 0
175008, 45613, 1, 0, 0
176007, 40488, 0, 0, 0
176007, 40232, 1, 0, 0
177007, 64576, 0, 0, 0
177007, 62526, 1, 0, 0
178008, 52992, 0, 0, 0
178008, 58368, 1, 0, 0
179008, 49201, 0, 0, 0
179008, 45101, 1, 0, 0
