999, 30750, 0, 0, 0
999, 31519, 1, 0, 0
1998, 46638, 0, 0, 0
1998, 47663, 1, 0, 0
2999, 42453, 0, 0, 0
2999, 47824, 1, 0, 0
4001, 51916, 0, 0, 0
4001, 50637, 1, 0, 0
5002, 47824, 0, 0, 0
5002, 45522, 1, 0, 0
6004, 54985, 0, 0, 0
6004, 51660, 1, 0, 0
7005, 48079, 0, 0, 0
7005, 42709, 1, 0, 0
8006, 48335, 0, 0, 0
8006, 49614, 1, 0, 0
9007, 43732, 0, 0, 0
9007, 50381, 1, 0, 0
10007, 47872, 0, 0, 0
10007, 44800, 1, 0, 0
11007, 46126, 0, 0, 0
11007, 47151, 1, 0, 0
12007, 58368, 0, 0, 0
12007, 47360, 1, 0, 0
13006, 44844, 0, 0, 0
13006, 44076, 1, 0, 0
14005, 44844, 0, 0, 0
14005, 45357, 1, 0, 0
15004, 45613, 0, 0, 0
15004, 48688, 1, 0, 0
16005, 54217, 0, 0, 0
16005, 59332, 1, 0, 0
17006, 48335, 0, 0, 0
17006, 51660, 1, 0, 0
18007, 48335, 0, 0, 0
18007, 47568, 1, 0, 0
19007, 59136, 0, 0, 0
19007, 58112, 1, 0, 0
20006, 58682, 0, 0, 0
20006, 45613, 1, 0, 0
21007, 57856, 0, 0, 0
21007, 52736, 1, 0, 0
22007, 45101, 0, 0, 0
22007, 49713, 1, 0, 0
23007, 49152, 0, 0, 0
23007, 52992, 1, 0, 0
24007, 42538, 0, 0, 0
24007, 42538, 1, 0, 0
25007, 43307, 0, 0, 0
25007, 49457, 1, 0, 0
26007, 40488, 0, 0, 0
26007, 50482, 1, 0, 0
27007, 45869, 0, 0, 0
27007, 54070, 1, 0, 0
28007, 53557, 0, 0, 0
28007, 41769, 1, 0, 0
29007, 50994, 0, 0, 0
29007, 53045, 1, 0, 0
30007, 44588, 0, 0, 0
30007, 38182, 1, 0, 0
31008, 50688, 0, 0, 0
31008, 58880, 1, 0, 0
32008, 48176, 0, 0, 0
32008, 43819, 1, 0, 0
33007, 38182, 0, 0, 0
33007, 43563, 1, 0, 0
34007, 41513, 0, 0, 0
34007, 46894, 1, 0, 0
35007, 55095, 0, 0, 0
35007, 55095, 1, 0, 0
36007, 49969, 0, 0, 0
36007, 46638, 1, 0, 0
37007, 47872, 0, 0, 0
37007, 50944, 1, 0, 0
38007, 45101, 0, 0, 0
38007, 43307, 1, 0, 0
39007, 41769, 0, 0, 0
39007, 37925, 1, 0, 0
40007, 43520, 0, 0, 0
40007, 50688, 1, 0, 0
41007, 54326, 0, 0, 0
41007, 58170, 1, 0, 0
42007, 40744, 0, 0, 0
42007, 43051, 1, 0, 0
43007, 44544, 0, 0, 0
43007, 51200, 1, 0, 0
44007, 55863, 0, 0, 0
44007, 53301, 1, 0, 0
45007, 56632, 0, 0, 0
45007, 50738, 1, 0, 0
46007, 48176, 0, 0, 0
46007, 46894, 1, 0, 0
47007, 51200, 0, 0, 0
47007, 53248, 1, 0, 0
48007, 56120, 0, 0, 0
48007, 49713, 1, 0, 0
49007, 46894, 0, 0, 0
49007, 52020, 1, 0, 0
50008, 51456, 0, 0, 0
50008, 54272, 1, 0, 0
51007, 56120, 0, 0, 0
51007, 41257, 1, 0, 0
52007, 46638, 0, 0, 0
52007, 48432, 1, 0, 0
53008, 44544, 0, 0, 0
53008, 47872, 1, 0, 0
54007, 37413, 0, 0, 0
54007, 51507, 1, 0, 0
55007, 49969, 0, 0, 0
55007, 49713, 1, 0, 0
56007, 43264, 0, 0, 0
56007, 46336, 1, 0, 0
57008, 48896, 0, 0, 0
57008, 49664, 1, 0, 0
58007, 48176, 0, 0, 0
58007, 49201, 1, 0, 0
59007, 48176, 0, 0, 0
59007, 47663, 1, 0, 0
60007, 49201, 0, 0, 0
60007, 46638, 1, 0, 0
61007, 47360, 0, 0, 0
61007, 48640, 1, 0, 0
62007, 45357, 0, 0, 0
62007, 44588, 1, 0, 0
63007, 34850, 0, 0, 0
63007, 40232, 1, 0, 0
64007, 42496, 0, 0, 0
64007, 48128, 1, 0, 0
65007, 54838, 0, 0, 0
65007, 49713, 1, 0, 0
66007, 46638, 0, 0, 0
66007, 45613, 1, 0, 0
67007, 50688, 0, 0, 0
67007, 51712, 1, 0, 0
68007, 40488, 0, 0, 0
68007, 40488, 1, 0, 0
69007, 50226, 0, 0, 0
69007, 43051, 1, 0, 0
70007, 53760, 0, 0, 0
70007, 46592, 1, 0, 0
71007, 43051, 0, 0, 0
71007, 49201, 1, 0, 0
72007, 39463, 0, 0, 0
72007, 38438, 1, 0, 0
73007, 42496, 0, 0, 0
73007, 44288, 1, 0, 0
74007, 44332, 0, 0, 0
74007, 43307, 1, 0, 0
75007, 54070, 0, 0, 0
75007, 49457, 1, 0, 0
76007, 48384, 0, 0, 0
76007, 43776, 1, 0, 0
77007, 48688, 0, 0, 0
77007, 51507, 1, 0, 0
78007, 57657, 0, 0, 0
78007, 52532, 1, 0, 0
79007, 52736, 0, 0, 0
79007, 43264, 1, 0, 0
80007, 45613, 0, 0, 0
80007, 46126, 1, 0, 0
81007, 48176, 0, 0, 0
81007, 49713, 1, 0, 0
82008, 49152, 0, 0, 0
82008, 53760, 1, 0, 0
83007, 51763, 0, 0, 0
83007, 51763, 1, 0, 0
84007, 45101, 0, 0, 0
84007, 49713, 1, 0, 0
85008, 51456, 0, 0, 0
85008, 49920, 1, 0, 0
86007, 48176, 0, 0, 0
86007, 48944, 1, 0, 0
87007, 46638, 0, 0, 0
87007, 48176, 1, 0, 0
88007, 42282, 0, 0, 0
88007, 45869, 1, 0, 0
89008, 46848, 0, 0, 0
89008, 49408, 1, 0, 0
90007, 47663, 0, 0, 0
90007, 52532, 1, 0, 0
91007, 48432, 0, 0, 0
91007, 47663, 1, 0, 0
92007, 50482, 0, 0, 0
92007, 46126, 1, 0, 0
93007, 46336, 0, 0, 0
93007, 42496, 1, 0, 0
94007, 48176, 0, 0, 0
94007, 51251, 1, 0, 0
95007, 47919, 0, 0, 0
95007, 45101, 1, 0, 0
96007, 48432, 0, 0, 0
96007, 49201, 1, 0, 0
97008, 56576, 0, 0, 0
97008, 50432, 1, 0, 0
98007, 43563, 0, 0, 0
98007, 46382, 1, 0, 0
99007, 39975, 0, 0, 0
99007, 49201, 1, 0, 0
100007, 53557, 0, 0, 0
100007, 51763, 1, 0, 0
101007, 53760, 0, 0, 0
101007, 50688, 1, 0, 0
102007, 48688, 0, 0, 0
102007, 52020, 1, 0, 0
103007, 51251, 0, 0, 0
103007, 50226, 1, 0, 0
104008, 54272, 0, 0, 0
104008, 44544, 1, 0, 0
105007, 54070, 0, 0, 0
105007, 49713, 1, 0, 0
106007, 49457, 0, 0, 0
106007, 56888, 1, 0, 0
107008, 51456, 0, 0, 0
107008, 47616, 1, 0, 0
108007, 47663, 0, 0, 0
108007, 49969, 1, 0, 0
109007, 46638, 0, 0, 0
109007, 45869, 1, 0, 0
110007, 52532, 0, 0, 0
110007, 56632, 1, 0, 0
111007, 54784, 0, 0, 0
111007, 49408, 1, 0, 0
112007, 61245, 0, 0, 0
112007, 53045, 1, 0, 0
113007, 52532, 0, 0, 0
113007, 50994, 1, 0, 0
114007, 41984, 0, 0, 0
114007, 45056, 1, 0, 0
115007, 50994, 0, 0, 0
115007, 47151, 1, 0, 0
116007, 56632, 0, 0, 0
116007, 50482, 1, 0, 0
117008, 43776, 0, 0, 0
117008, 46848, 1, 0, 0
118007, 56120, 0, 0, 0
118007, 47407, 1, 0, 0
119007, 59963, 0, 0, 0
119007, 54838, 1, 0, 0
120007, 49201, 0, 0, 0
120007, 49713, 1, 0, 0
121007, 55095, 0, 0, 0
121007, 51507, 1, 0, 0
122007, 49664, 0, 0, 0
122007, 44544, 1, 0, 0
123007, 37925, 0, 0, 0
123007, 45357, 1, 0, 0
124007, 44332, 0, 0, 0
124007, 50482, 1, 0, 0
125007, 54070, 0, 0, 0
125007, 51763, 1, 0, 0
126007, 51456, 0, 0, 0
126007, 51200, 1, 0, 0
127007, 54326, 0, 0, 0
127007, 53813, 1, 0, 0
128007, 54838, 0, 0, 0
128007, 49201, 1, 0, 0
129007, 45101, 0, 0, 0
129007, 45869, 1, 0, 0
130007, 48896, 0, 0, 0
130007, 50432, 1, 0, 0
131007, 42538, 0, 0, 0
131007, 46638, 1, 0, 0
132007, 53045, 0, 0, 0
132007, 49969, 1, 0, 0
133008, 55808, 0, 0, 0
133008, 48896, 1, 0, 0
134007, 50482, 0, 0, 0
134007, 49201, 1, 0, 0
135007, 47407, 0, 0, 0
135007, 48176, 1, 0, 0
136007, 56632, 0, 0, 0
136007, 48176, 1, 0, 0
137008, 54528, 0, 0, 0
137008, 59136, 1, 0, 0
138007, 47407, 0, 0, 0
138007, 46382, 1, 0, 0
139007, 56632, 0, 0, 0
139007, 50738, 1, 0, 0
140007, 51507, 0, 0, 0
140007, 47151, 1, 0, 0
141007, 39680, 0, 0, 0
141007, 44288, 1, 0, 0
142007, 45101, 0, 0, 0
142007, 48688, 1, 0, 0
143007, 43819, 0, 0, 0
143007, 49713, 1, 0, 0
144007, 52788, 0, 0, 0
144007, 51251, 1, 0, 0
145007, 44032, 0, 0, 0
145007, 52480, 1, 0, 0
146007, 42794, 0, 0, 0
146007, 46638, 1, 0, 0
147007, 45613, 0, 0, 0
147007, 48432, 1, 0, 0
148007, 45613, 0, 0, 0
148007, 44332, 1, 0, 0
149007, 45056, 0, 0, 0
149007, 57088, 1, 0, 0
150007, 49969, 0, 0, 0
150007, 51763, 1, 0, 0
151007, 41001, 0, 0, 0
151007, 54326, 1, 0, 0
152007, 51968, 0, 0, 0
152007, 55040, 1, 0, 0
153007, 44588, 0, 0, 0
153007, 41001, 1, 0, 0
154007, 55095, 0, 0, 0
154007, 52020, 1, 0, 0
155007, 40704, 0, 0, 0
155007, 48384, 1, 0, 0
156007, 48432, 0, 0, 0
156007, 48432, 1, 0, 0
157008, 50432, 0, 0, 0
157008, 54016, 1, 0, 0
158007, 41513, 0, 0, 0
158007, 48688, 1, 0, 0
159007, 48688, 0, 0, 0
159007, 47407, 1, 0, 0
160007, 38694, 0, 0, 0
160007, 45613, 1, 0, 0
161008, 51712, 0, 0, 0
161008, 46080, 1, 0, 0
162007, 53301, 0, 0, 0
162007, 48944, 1, 0, 0
163007, 43819, 0, 0, 0
163007, 54838, 1, 0, 0
164007, 49969, 0, 0, 0
164007, 52020, 1, 0, 0
165008, 49152, 0, 0, 0
165008, 48384, 1, 0, 0
166007, 53301, 0, 0, 0
166007, 47407, 1, 0, 0
167007, 41257, 0, 0, 0
167007, 41513, 1, 0, 0
168007, 54070, 0, 0, 0
168007, 49713, 1, 0, 0
169008, 48384, 0, 0, 0
169008, 45568, 1, 0, 0
170007, 52532, 0, 0, 0
170007, 47151, 1, 0, 0
171007, 45101, 0, 0, 0
171007, 57145, 1, 0, 0
172007, 48688, 0, 0, 0
172007, 47919, 1, 0, 0
173008, 55808, 0, 0, 0
173008, 51712, 1, 0, 0
174007, 52532, 0, 0, 0
174007, 50738, 1, 0, 0
175007, 51763, 0, 0, 0
175007, 49969, 1, 0, 0
176007, 43307, 0, 0, 0
176007, 46638, 1, 0, 0
177007, 43051, 0, 0, 0
177007, 49201, 1, 0, 0
178007, 50944, 0, 0, 0
178007, 46336, 1, 0, 0
179007, 46382, 0, 0, 0
179007, 40744, 1, 0, 0
