999, 28444, 0, 0, 0
999, 32032, 1, 0, 0
1999, 40448, 0, 0, 0
1999, 40960, 1, 0, 0
2999, 56376, 0, 0, 0
2999, 51251, 1, 0, 0
3998, 49969, 0, 0, 0
3998, 50994, 1, 0, 0
4997, 44844, 0, 0, 0
4997, 46382, 1, 0, 0
5997, 43307, 0, 0, 0
5997, 52788, 1, 0, 0
6997, 45056, 0, 0, 0
6997, 48384, 1, 0, 0
7998, 49102, 0, 0, 0
7998, 47824, 1, 0, 0
9000, 45522, 0, 0, 0
9000, 48079, 1, 0, 0
10001, 42453, 0, 0, 0
10001, 48079, 1, 0, 0
11002, 51404, 0, 0, 0
11002, 55240, 1, 0, 0
12003, 59076, 0, 0, 0
12003, 55752, 1, 0, 0
13004, 56519, 0, 0, 0
13004, 49870, 1, 0, 0
14005, 51660, 0, 0, 0
14005, 49614, 1, 0, 0
15007, 58053, 0, 0, 0
15007, 52171, 1, 0, 0
16008, 53706, 0, 0, 0
16008, 49614, 1, 0, 0
17009, 38617, 0, 0, 0
17009, 41430, 1, 0, 0
18010, 50125, 0, 0, 0
18010, 51404, 1, 0, 0
19011, 50381, 0, 0, 0
19011, 38873, 1, 0, 0
20012, 47056, 0, 0, 0
20012, 38873, 1, 0, 0
21013, 66816, 0, 0, 0
21013, 62720, 1, 0, 0
22014, 49358, 0, 0, 0
22014, 49870, 1, 0, 0
23015, 51148, 0, 0, 0
23015, 47824, 1, 0, 0
24016, 37632, 0, 0, 0
24016, 49664, 1, 0, 0
25017, 56064, 0, 0, 0
25017, 51200, 1, 0, 0
26018, 55552, 0, 0, 0
26018, 46080, 1, 0, 0
27019, 48640, 0, 0, 0
27019, 48896, 1, 0, 0
28020, 49664, 0, 0, 0
28020, 49408, 1, 0, 0
29020, 43008, 0, 0, 0
29020, 49408, 1, 0, 0
30021, 46336, 0, 0, 0
30021, 44288, 1, 0, 0
31022, 55296, 0, 0, 0
31022, 55296, 1, 0, 0
32022, 50482, 0, 0, 0
32022, 48944, 1, 0, 0
33022, 48176, 0, 0, 0
33022, 44844, 1, 0, 0
34022, 39719, 0, 0, 0
34022, 37157, 1, 0, 0
35021, 47151, 0, 0, 0
35021, 45101, 1, 0, 0
36021, 44588, 0, 0, 0
36021, 47407, 1, 0, 0
37022, 45312, 0, 0, 0
37022, 51712, 1, 0, 0
38022, 42026, 0, 0, 0
38022, 46126, 1, 0, 0
39021, 67651, 0, 0, 0
39021, 53557, 1, 0, 0
40022, 50176, 0, 0, 0
40022, 42240, 1, 0, 0
41022, 57657, 0, 0, 0
41022, 49201, 1, 0, 0
42021, 63295, 0, 0, 0
42021, 56888, 1, 0, 0
43022, 43008, 0, 0, 0
43022, 45824, 1, 0, 0
44022, 37669, 0, 0, 0
44022, 42794, 1, 0, 0
45022, 40744, 0, 0, 0
45022, 48688, 1, 0, 0
46021, 44332, 0, 0, 0
46021, 46126, 1, 0, 0
47022, 57344, 0, 0, 0
47022, 53760, 1, 0, 0
48022, 53813, 0, 0, 0
48022, 54070, 1, 0, 0
49022, 45869, 0, 0, 0
49022, 54070, 1, 0, 0
50022, 47104, 0, 0, 0
50022, 48640, 1, 0, 0
51022, 49713, 0, 0, 0
51022, 55351, 1, 0, 0
52022, 49201, 0, 0, 0
52022, 44588, 1, 0, 0
53022, 45312, 0, 0, 0
53022, 50432, 1, 0, 0
54022, 42538, 0, 0, 0
54022, 42026, 1, 0, 0
55022, 59195, 0, 0, 0
55022, 48688, 1, 0, 0
56022, 50432, 0, 0, 0
56022, 58368, 1, 0, 0
57022, 50688, 0, 0, 0
57022, 48896, 1, 0, 0
58022, 42282, 0, 0, 0
58022, 47919, 1, 0, 0
59022, 47151, 0, 0, 0
59022, 47663, 1, 0, 0
60021, 39975, 0, 0, 0
60021, 41769, 1, 0, 0
61022, 50688, 0, 0, 0
61022, 52224, 1, 0, 0
62022, 46382, 0, 0, 0
62022, 48688, 1, 0, 0
63021, 49201, 0, 0, 0
63021, 49969, 1, 0, 0
64022, 47872, 0, 0, 0
64022, 47104, 1, 0, 0
65022, 39463, 0, 0, 0
65022, 52788, 1, 0, 0
66021, 47663, 0, 0, 0
66021, 45613, 1, 0, 0
67022, 46592, 0, 0, 0
67022, 51456, 1, 0, 0
68022, 44076, 0, 0, 0
68022, 43307, 1, 0, 0
69021, 43563, 0, 0, 0
69021, 48176, 1, 0, 0
70022, 48128, 0, 0, 0
70022, 50944, 1, 0, 0
71022, 53813, 0, 0, 0
71022, 53045, 1, 0, 0
72021, 49457, 0, 0, 0
72021, 48432, 1, 0, 0
73022, 44288, 0, 0, 0
73022, 48896, 1, 0, 0
74022, 48944, 0, 0, 0
74022, 50994, 1, 0, 0
75021, 45101, 0, 0, 0
75021, 49201, 1, 0, 0
76022, 44288, 0, 0, 0
76022, 48384, 1, 0, 0
77022, 48944, 0, 0, 0
77022, 47919, 1, 0, 0
78021, 56120, 0, 0, 0
78021, 51763, 1, 0, 0
79022, 42240, 0, 0, 0
79022, 52480, 1, 0, 0
80022, 47151, 0, 0, 0
80022, 47663, 1, 0, 0
81022, 54070, 0, 0, 0
81022, 56376, 1, 0, 0
82022, 55296, 0, 0, 0
82022, 47616, 1, 0, 0
83022, 48176, 0, 0, 0
83022, 48944, 1, 0, 0
84022, 49457, 0, 0, 0
84022, 47407, 1, 0, 0
85022, 43008, 0, 0, 0
85022, 40192, 1, 0, 0
86022, 45613, 0, 0, 0
86022, 46126, 1, 0, 0
87022, 41769, 0, 0, 0
87022, 42794, 1, 0, 0
88021, 51763, 0, 0, 0
88021, 49201, 1, 0, 0
89022, 54784, 0, 0, 0
89022, 50176, 1, 0, 0
90022, 49201, 0, 0, 0
90022, 44588, 1, 0, 0
91022, 56888, 0, 0, 0
91022, 45869, 1, 0, 0
92021, 52788, 0, 0, 0
92021, 48176, 1, 0, 0
93022, 48896, 0, 0, 0
93022, 55040, 1, 0, 0
94022, 52532, 0, 0, 0
94022, 54838, 1, 0, 0
95022, 42026, 0, 0, 0
95022, 46126, 1, 0, 0
96021, 44332, 0, 0, 0
96021, 49201, 1, 0, 0
97022, 48128, 0, 0, 0
97022, 50176, 1, 0, 0
98022, 65089, 0, 0, 0
98022, 52532, 1, 0, 0
99022, 48688, 0, 0, 0
99022, 47407, 1, 0, 0
100021, 50738, 0, 0, 0
100021, 47919, 1, 0, 0
101022, 30976, 0, 0, 0
101022, 44288, 1, 0, 0
102022, 31519, 0, 0, 0
102022, 38694, 1, 0, 0
103021, 47663, 0, 0, 0
103021, 49969, 1, 0, 0
104022, 56576, 0, 0, 0
104022, 50688, 1, 0, 0
105022, 44588, 0, 0, 0
105022, 46894, 1, 0, 0
106022, 41769, 0, 0, 0
106022, 50226, 1, 0, 0
107022, 61696, 0, 0, 0
107022, 57344, 1, 0, 0
108022, 49457, 0, 0, 0
108022, 47663, 1, 0, 0
109022, 50738, 0, 0, 0
109022, 47663, 1, 0, 0
110021, 46126, 0, 0, 0
110021, 49201, 1, 0, 0
111022, 48128, 0, 0, 0
111022, 48896, 1, 0, 0
112022, 43819, 0, 0, 0
112022, 41257, 1, 0, 0
113021, 59963, 0, 0, 0
113021, 50738, 1, 0, 0
114022, 47616, 0, 0, 0
114022, 51456, 1, 0, 0
115022, 48688, 0, 0, 0
115022, 50482, 1, 0, 0
116022, 54070, 0, 0, 0
116022, 49713, 1, 0, 0
117022, 54272, 0, 0, 0
117022, 50432, 1, 0, 0
118022, 46126, 0, 0, 0
118022, 42794, 1, 0, 0
119022, 56632, 0, 0, 0
119022, 51763, 1, 0, 0
120022, 45357, 0, 0, 0
120022, 41257, 1, 0, 0
121021, 46638, 0, 0, 0
121021, 52276, 1, 0, 0
122022, 54016, 0, 0, 0
122022, 52736, 1, 0, 0
123022, 52532, 0, 0, 0
123022, 53813, 1, 0, 0
124022, 50482, 0, 0, 0
124022, 42794, 1, 0, 0
125021, 54070, 0, 0, 0
125021, 46894, 1, 0, 0
126022, 43008, 0, 0, 0
126022, 45056, 1, 0, 0
127022, 50226, 0, 0, 0
127022, 45357, 1, 0, 0
128022, 51251, 0, 0, 0
128022, 52532, 1, 0, 0
129021, 44332, 0, 0, 0
129021, 48944, 1, 0, 0
130022, 51200, 0, 0, 0
130022, 53248, 1, 0, 0
131022, 54326, 0, 0, 0
131022, 56120, 1, 0, 0
132021, 48176, 0, 0, 0
132021, 49713, 1, 0, 0
133022, 49408, 0, 0, 0
133022, 53248, 1, 0, 0
134022, 46126, 0, 0, 0
134022, 46126, 1, 0, 0
135022, 53557, 0, 0, 0
135022, 57913, 1, 0, 0
136021, 55095, 0, 0, 0
136021, 56632, 1, 0, 0
137022, 49152, 0, 0, 0
137022, 44032, 1, 0, 0
138022, 49457, 0, 0, 0
138022, 53045, 1, 0, 0
139022, 49201, 0, 0, 0
139022, 51507, 1, 0, 0
140021, 41513, 0, 0, 0
140021, 38694, 1, 0, 0
141022, 44032, 0, 0, 0
141022, 47872, 1, 0, 0
142022, 46126, 0, 0, 0
142022, 48176, 1, 0, 0
143022, 57401, 0, 0, 0
143022, 50226, 1, 0, 0
144021, 38438, 0, 0, 0
144021, 48432, 1, 0, 0
145022, 38656, 0, 0, 0
145022, 39168, 1, 0, 0
146022, 52788, 0, 0, 0
146022, 47663, 1, 0, 0
147021, 48432, 0, 0, 0
147021, 47151, 1, 0, 0
148021, 45613, 0, 0, 0
148021, 48688, 1, 0, 0
149022, 46592, 0, 0, 0
149022, 45056, 1, 0, 0
150022, 41513, 0, 0, 0
150022, 48432, 1, 0, 0
151021, 48176, 0, 0, 0
151021, 53557, 1, 0, 0
152022, 66048, 0, 0, 0
152022, 62976, 1, 0, 0
153022, 46382, 0, 0, 0
153022, 44076, 1, 0, 0
154022, 40488, 0, 0, 0
154022, 44844, 1, 0, 0
155022, 43264, 0, 0, 0
155022, 48128, 1, 0, 0
156021, 50738, 0, 0, 0
156021, 52276, 1, 0, 0
157022, 39424, 0, 0, 0
157022, 46080, 1, 0, 0
158022, 53301, 0, 0, 0
158022, 52788, 1, 0, 0
159022, 48688, 0, 0, 0
159022, 57145, 1, 0, 0
160021, 55607, 0, 0, 0
160021, 58426, 1, 0, 0
161022, 50176, 0, 0, 0
161022, 40704, 1, 0, 0
162022, 57401, 0, 0, 0
162022, 53557, 1, 0, 0
163022, 49457, 0, 0, 0
163022, 49713, 1, 0, 0
164021, 49457, 0, 0, 0
164021, 50738, 1, 0, 0
165022, 49920, 0, 0, 0
165022, 51712, 1, 0, 0
166022, 43563, 0, 0, 0
166022, 42538, 1, 0, 0
167022, 50226, 0, 0, 0
167022, 54838, 1, 0, 0
168021, 50226, 0, 0, 0
168021, 49713, 1, 0, 0
169022, 45568, 0, 0, 0
169022, 45312, 1, 0, 0
170022, 54070, 0, 0, 0
170022, 50994, 1, 0, 0
171022, 64064, 0, 0, 0
171022, 57145, 1, 0, 0
172022, 51251, 0, 0, 0
172022, 53301, 1, 0, 0
173022, 48128, 0, 0, 0
173022, 48384, 1, 0, 0
174022, 48688, 0, 0, 0
174022, 51507, 1, 0, 0
175022, 44588, 0, 0, 0
175022, 43563, 1, 0, 0
176022, 52020, 0, 0, 0
176022, 49969, 1, 0, 0
177021, 42538, 0, 0, 0
177021, 40232, 1, 0, 0
178022, 42496, 0, 0, 0
178022, 44288, 1, 0, 0
179022, 49713, 0, 0, 0
179022, 46638, 1, 0, 0
