1000, 14080, 0, 0, 0
1000, 11264, 1, 0, 0
2000, 34048, 0, 0, 0
2000, 27648, 1, 0, 0
3000, 33536, 0, 0, 0
3000, 27392, 1, 0, 0
4000, 26906, 0, 0, 0
4000, 32032, 1, 0, 0
4999, 27675, 0, 0, 0
4999, 28700, 1, 0, 0
5999, 31775, 0, 0, 0
5999, 27419, 1, 0, 0
6998, 31263, 0, 0, 0
6998, 27931, 1, 0, 0
7999, 33246, 0, 0, 0
7999, 22505, 1, 0, 0
9000, 32223, 0, 0, 0
9000, 28387, 1, 0, 0
10000, 27136, 0, 0, 0
10000, 24832, 1, 0, 0
11000, 23575, 0, 0, 0
11000, 24344, 1, 0, 0
12000, 32256, 0, 0, 0
12000, 28416, 1, 0, 0
12999, 28188, 0, 0, 0
12999, 27419, 1, 0, 0
13998, 33825, 0, 0, 0
13998, 23319, 1, 0, 0
14997, 26650, 0, 0, 0
14997, 27931, 1, 0, 0
15998, 25830, 0, 0, 0
15998, 26853, 1, 0, 0
16999, 27108, 0, 0, 0
16999, 23784, 1, 0, 0
18000, 28643, 0, 0, 0
18000, 32735, 1, 0, 0
19000, 26368, 0, 0, 0
19000, 28928, 1, 0, 0
19999, 25881, 0, 0, 0
19999, 23575, 1, 0, 0
21000, 24064, 0, 0, 0
21000, 27392, 1, 0, 0
22000, 28444, 0, 0, 0
22000, 26906, 1, 0, 0
23000, 27904, 0, 0, 0
23000, 24576, 1, 0, 0
24000, 29981, 0, 0, 0
24000, 29981, 1, 0, 0
25000, 28956, 0, 0, 0
25000, 30750, 1, 0, 0
26000, 28444, 0, 0, 0
26000, 28956, 1, 0, 0
27000, 27931, 0, 0, 0
27000, 33057, 1, 0, 0
28000, 26394, 0, 0, 0
28000, 27419, 1, 0, 0
29000, 27419, 0, 0, 0
29000, 32032, 1, 0, 0
30000, 27419, 0, 0, 0
30000, 28444, 1, 0, 0
31001, 27392, 0, 0, 0
31001, 26368, 1, 0, 0
32000, 27675, 0, 0, 0
32000, 26650, 1, 0, 0
33000, 25369, 0, 0, 0
33000, 25881, 1, 0, 0
34000, 23831, 0, 0, 0
34000, 27931, 1, 0, 0
35000, 26906, 0, 0, 0
35000, 34594, 1, 0, 0
36000, 28700, 0, 0, 0
36000, 24088, 1, 0, 0
37000, 31488, 0, 0, 0
37000, 26368, 1, 0, 0
38000, 29469, 0, 0, 0
38000, 25113, 1, 0, 0
39000, 21013, 0, 0, 0
39000, 24088, 1, 0, 0
40000, 27392, 0, 0, 0
40000, 32256, 1, 0, 0
41000, 28700, 0, 0, 0
41000, 22806, 1, 0, 0
42000, 30750, 0, 0, 0
42000, 24856, 1, 0, 0
43000, 32768, 0, 0, 0
43000, 24064, 1, 0, 0
44000, 29725, 0, 0, 0
44000, 32544, 1, 0, 0
45000, 23063, 0, 0, 0
45000, 24856, 1, 0, 0
46000, 28188, 0, 0, 0
46000, 26906, 1, 0, 0
47000, 28416, 0, 0, 0
47000, 32512, 1, 0, 0
48000, 23319, 0, 0, 0
48000, 33057, 1, 0, 0
49000, 26650, 0, 0, 0
49000, 25625, 1, 0, 0
50001, 26112, 0, 0, 0
50001, 26368, 1, 0, 0
51000, 29213, 0, 0, 0
51000, 25881, 1, 0, 0
52000, 31519, 0, 0, 0
52000, 32544, 1, 0, 0
53001, 27392, 0, 0, 0
53001, 29184, 1, 0, 0
54000, 29725, 0, 0, 0
54000, 27675, 1, 0, 0
55000, 27675, 0, 0, 0
55000, 28956, 1, 0, 0
56000, 29440, 0, 0, 0
56000, 31744, 1, 0, 0
57001, 26880, 0, 0, 0
57001, 24832, 1, 0, 0
58000, 29725, 0, 0, 0
58000, 30750, 1, 0, 0
59000, 29469, 0, 0, 0
59000, 26906, 1, 0, 0
60000, 31519, 0, 0, 0
60000, 29213, 1, 0, 0
61000, 28928, 0, 0, 0
61000, 26880, 1, 0, 0
62000, 26650, 0, 0, 0
62000, 29469, 1, 0, 0
63000, 28700, 0, 0, 0
63000, 26906, 1, 0, 0
64000, 24576, 0, 0, 0
64000, 25856, 1, 0, 0
65000, 23831, 0, 0, 0
65000, 27419, 1, 0, 0
66000, 29981, 0, 0, 0
66000, 30238, 1, 0, 0
67000, 25856, 0, 0, 0
67000, 27648, 1, 0, 0
68000, 21525, 0, 0, 0
68000, 26650, 1, 0, 0
69000, 28444, 0, 0, 0
69000, 29469, 1, 0, 0
70000, 31232, 0, 0, 0
70000, 30208, 1, 0, 0
71000, 25625, 0, 0, 0
71000, 25113, 1, 0, 0
72000, 22294, 0, 0, 0
72000, 31007, 1, 0, 0
73000, 32256, 0, 0, 0
73000, 26368, 1, 0, 0
74000, 29213, 0, 0, 0
74000, 30494, 1, 0, 0
75000, 26138, 0, 0, 0
75000, 26394, 1, 0, 0
76000, 31488, 0, 0, 0
76000, 25856, 1, 0, 0
77000, 27163, 0, 0, 0
77000, 33825, 1, 0, 0
78000, 32800, 0, 0, 0
78000, 27163, 1, 0, 0
79000, 29184, 0, 0, 0
79000, 27904, 1, 0, 0
80000, 22550, 0, 0, 0
80000, 25625, 1, 0, 0
81000, 28188, 0, 0, 0
81000, 26394, 1, 0, 0
82001, 32000, 0, 0, 0
82001, 33024, 1, 0, 0
83000, 34082, 0, 0, 0
83000, 31519, 1, 0, 0
84000, 29725, 0, 0, 0
84000, 36132, 1, 0, 0
85001, 29952, 0, 0, 0
85001, 26880, 1, 0, 0
86000, 24600, 0, 0, 0
86000, 24344, 1, 0, 0
87000, 29725, 0, 0, 0
87000, 26650, 1, 0, 0
88000, 28444, 0, 0, 0
88000, 29213, 1, 0, 0
89000, 27648, 0, 0, 0
89000, 32512, 1, 0, 0
90000, 32032, 0, 0, 0
90000, 29213, 1, 0, 0
91000, 21525, 0, 0, 0
91000, 28956, 1, 0, 0
92000, 33057, 0, 0, 0
92000, 20500, 1, 0, 0
93000, 27648, 0, 0, 0
93000, 28416, 1, 0, 0
94000, 24856, 0, 0, 0
94000, 22550, 1, 0, 0
95000, 27675, 0, 0, 0
95000, 28700, 1, 0, 0
96000, 30494, 0, 0, 0
96000, 29213, 1, 0, 0
97001, 29952, 0, 0, 0
97001, 31232, 1, 0, 0
98000, 34338, 0, 0, 0
98000, 29981, 1, 0, 0
99000, 24600, 0, 0, 0
99000, 21525, 1, 0, 0
100000, 31519, 0, 0, 0
100000, 26394, 1, 0, 0
101000, 26624, 0, 0, 0
101000, 23040, 1, 0, 0
102000, 27675, 0, 0, 0
102000, 27163, 1, 0, 0
103000, 28188, 0, 0, 0
103000, 31007, 1, 0, 0
104001, 27392, 0, 0, 0
104001, 31744, 1, 0, 0
105000, 23831, 0, 0, 0
105000, 27675, 1, 0, 0
106000, 31263, 0, 0, 0
106000, 31263, 1, 0, 0
107001, 32000, 0, 0, 0
107001, 27392, 1, 0, 0
108000, 28188, 0, 0, 0
108000, 26906, 1, 0, 0
109000, 29725, 0, 0, 0
109000, 28444, 1, 0, 0
110000, 31263, 0, 0, 0
110000, 34338, 1, 0, 0
111000, 30720, 0, 0, 0
111000, 32256, 1, 0, 0
112000, 28444, 0, 0, 0
112000, 23831, 1, 0, 0
113000, 26138, 0, 0, 0
113000, 24344, 1, 0, 0
114000, 26368, 0, 0, 0
114000, 26368, 1, 0, 0
115000, 29213, 0, 0, 0
115000, 27675, 1, 0, 0
116000, 24856, 0, 0, 0
116000, 23831, 1, 0, 0
117001, 24576, 0, 0, 0
117001, 25088, 1, 0, 0
118000, 26394, 0, 0, 0
118000, 23831, 1, 0, 0
119000, 32288, 0, 0, 0
119000, 32544, 1, 0, 0
120000, 30494, 0, 0, 0
120000, 25625, 1, 0, 0
121000, 31519, 0, 0, 0
121000, 32032, 1, 0, 0
122000, 24832, 0, 0, 0
122000, 28928, 1, 0, 0
123000, 27163, 0, 0, 0
123000, 29981, 1, 0, 0
124000, 25113, 0, 0, 0
124000, 25881, 1, 0, 0
125000, 24600, 0, 0, 0
125000, 27931, 1, 0, 0
126000, 23808, 0, 0, 0
126000, 27648, 1, 0, 0
127000, 31263, 0, 0, 0
127000, 38694, 1, 0, 0
128000, 26138, 0, 0, 0
128000, 28700, 1, 0, 0
129000, 27931, 0, 0, 0
129000, 24856, 1, 0, 0
130000, 29184, 0, 0, 0
130000, 31488, 1, 0, 0
131000, 30238, 0, 0, 0
131000, 26650, 1, 0, 0
132000, 26906, 0, 0, 0
132000, 32544, 1, 0, 0
133001, 24832, 0, 0, 0
133001, 26368, 1, 0, 0
134000, 31263, 0, 0, 0
134000, 27163, 1, 0, 0
135000, 27419, 0, 0, 0
135000, 22806, 1, 0, 0
136000, 29213, 0, 0, 0
136000, 32544, 1, 0, 0
137000, 24320, 0, 0, 0
137000, 27904, 1, 0, 0
138000, 24856, 0, 0, 0
138000, 26650, 1, 0, 0
139000, 28444, 0, 0, 0
139000, 30494, 1, 0, 0
140000, 31007, 0, 0, 0
140000, 26650, 1, 0, 0
141000, 32000, 0, 0, 0
141000, 30720, 1, 0, 0
142000, 30494, 0, 0, 0
142000, 26906, 1, 0, 0
143000, 24088, 0, 0, 0
143000, 27163, 1, 0, 0
144000, 28188, 0, 0, 0
144000, 24344, 1, 0, 0
145000, 30464, 0, 0, 0
145000, 29440, 1, 0, 0
146000, 25369, 0, 0, 0
146000, 25625, 1, 0, 0
147000, 24344, 0, 0, 0
147000, 30238, 1, 0, 0
148000, 27163, 0, 0, 0
148000, 27163, 1, 0, 0
149000, 30976, 0, 0, 0
149000, 22528, 1, 0, 0
150000, 25881, 0, 0, 0
150000, 25625, 1, 0, 0
151000, 24856, 0, 0, 0
151000, 29213, 1, 0, 0
152000, 24576, 0, 0, 0
152000, 27392, 1, 0, 0
153000, 30494, 0, 0, 0
153000, 36132, 1, 0, 0
154000, 23063, 0, 0, 0
154000, 23575, 1, 0, 0
155000, 29440, 0, 0, 0
155000, 29440, 1, 0, 0
156000, 28700, 0, 0, 0
156000, 30494, 1, 0, 0
157001, 31488, 0, 0, 0
157001, 30464, 1, 0, 0
158000, 28700, 0, 0, 0
158000, 26138, 1, 0, 0
159000, 29469, 0, 0, 0
159000, 29981, 1, 0, 0
160000, 25625, 0, 0, 0
160000, 32288, 1, 0, 0
161001, 23552, 0, 0, 0
161001, 26880, 1, 0, 0
162000, 35875, 0, 0, 0
162000, 34082, 1, 0, 0
163000, 19219, 0, 0, 0
163000, 27419, 1, 0, 0
164000, 23063, 0, 0, 0
164000, 26138, 1, 0, 0
165001, 32512, 0, 0, 0
165001, 26368, 1, 0, 0
166000, 28188, 0, 0, 0
166000, 23831, 1, 0, 0
167000, 26138, 0, 0, 0
167000, 21269, 1, 0, 0
168000, 31007, 0, 0, 0
168000, 27675, 1, 0, 0
169001, 28672, 0, 0, 0
169001, 28160, 1, 0, 0
170000, 27419, 0, 0, 0
170000, 26650, 1, 0, 0
171000, 22550, 0, 0, 0
171000, 31263, 1, 0, 0
172000, 27419, 0, 0, 0
172000, 30494, 1, 0, 0
173001, 28672, 0, 0, 0
173001, 26368, 1, 0, 0
174000, 25369, 0, 0, 0
174000, 24088, 1, 0, 0
175000, 31775, 0, 0, 0
175000, 28188, 1, 0, 0
176000, 29469, 0, 0, 0
176000, 28700, 1, 0, 0
177000, 33057, 0, 0, 0
177000, 30750, 1, 0, 0
178000, 21760, 0, 0, 0
178000, 25344, 1, 0, 0
179000, 28700, 0, 0, 0
179000, 31519, 1, 0, 0
