1199, 38005, 0, 0, 0
1199, 38432, 1, 0, 0
2198, 56632, 0, 0, 0
2198, 52276, 1, 0, 0
3198, 54528, 0, 0, 0
3198, 57088, 1, 0, 0
4198, 44288, 0, 0, 0
4198, 41472, 1, 0, 0
5198, 55607, 0, 0, 0
5198, 46894, 1, 0, 0
6199, 51968, 0, 0, 0
6199, 45056, 1, 0, 0
7198, 52532, 0, 0, 0
7198, 47919, 1, 0, 0
8198, 44544, 0, 0, 0
8198, 48384, 1, 0, 0
9198, 60416, 0, 0, 0
9198, 50176, 1, 0, 0
10198, 54784, 0, 0, 0
10198, 48640, 1, 0, 0
11198, 56576, 0, 0, 0
11198, 51456, 1, 0, 0
12199, 46080, 0, 0, 0
12199, 48640, 1, 0, 0
13198, 58170, 0, 0, 0
13198, 49713, 1, 0, 0
14198, 41984, 0, 0, 0
14198, 47872, 1, 0, 0
15198, 51712, 0, 0, 0
15198, 51200, 1, 0, 0
16198, 40448, 0, 0, 0
16198, 41472, 1, 0, 0
17198, 57600, 0, 0, 0
17198, 57344, 1, 0, 0
18198, 48384, 0, 0, 0
18198, 46080, 1, 0, 0
19198, 54528, 0, 0, 0
19198, 49664, 1, 0, 0
20198, 48384, 0, 0, 0
20198, 46336, 1, 0, 0
21198, 46126, 0, 0, 0
21198, 49969, 1, 0, 0
22198, 41984, 0, 0, 0
22198, 48128, 1, 0, 0
23198, 39975, 0, 0, 0
23198, 42026, 1, 0, 0
24198, 68420, 0, 0, 0
24198, 59707, 1, 0, 0
25198, 54838, 0, 0, 0
25198, 54582, 1, 0, 0
26198, 50482, 0, 0, 0
26198, 45357, 1, 0, 0
27198, 45824, 0, 0, 0
27198, 52480, 1, 0, 0
28198, 42794, 0, 0, 0
28198, 41001, 1, 0, 0
29198, 68164, 0, 0, 0
29198, 52788, 1, 0, 0
30199, 58368, 0, 0, 0
30199, 54784, 1, 0, 0
31199, 48432, 0, 0, 0
31199, 45101, 1, 0, 0
32198, 55095, 0, 0, 0
32198, 50994, 1, 0, 0
33198, 41001, 0, 0, 0
33198, 45613, 1, 0, 0
34198, 44844, 0, 0, 0
34198, 46126, 1, 0, 0
35198, 49969, 0, 0, 0
35198, 47663, 1, 0, 0
36199, 50688, 0, 0, 0
36199, 47616, 1, 0, 0
37198, 50738, 0, 0, 0
37198, 51507, 1, 0, 0
38198, 45613, 0, 0, 0
38198, 53045, 1, 0, 0
39199, 50176, 0, 0, 0
39199, 44800, 1, 0, 0
40198, 38182, 0, 0, 0
40198, 52020, 1, 0, 0
41198, 55351, 0, 0, 0
41198, 55095, 1, 0, 0
42199, 49152, 0, 0, 0
42199, 46080, 1, 0, 0
43198, 51763, 0, 0, 0
43198, 47407, 1, 0, 0
44198, 42282, 0, 0, 0
44198, 48176, 1, 0, 0
45198, 54070, 0, 0, 0
45198, 47407, 1, 0, 0
46199, 44544, 0, 0, 0
46199, 48640, 1, 0, 0
47198, 49713, 0, 0, 0
47198, 47663, 1, 0, 0
48198, 60732, 0, 0, 0
48198, 55863, 1, 0, 0
49198, 57145, 0, 0, 0
49198, 47407, 1, 0, 0
50199, 45824, 0, 0, 0
50199, 47872, 1, 0, 0
51198, 46638, 0, 0, 0
51198, 51763, 1, 0, 0
52198, 51251, 0, 0, 0
52198, 51763, 1, 0, 0
53199, 36096, 0, 0, 0
53199, 40704, 1, 0, 0
54198, 42794, 0, 0, 0
54198, 46638, 1, 0, 0
55198, 50482, 0, 0, 0
55198, 50226, 1, 0, 0
56198, 47360, 0, 0, 0
56198, 49408, 1, 0, 0
57199, 45056, 0, 0, 0
57199, 47360, 1, 0, 0
58198, 40744, 0, 0, 0
58198, 42282, 1, 0, 0
59198, 49457, 0, 0, 0
59198, 49201, 1, 0, 0
60199, 45312, 0, 0, 0
60199, 49152, 1, 0, 0
61198, 49201, 0, 0, 0
61198, 52532, 1, 0, 0
62198, 50226, 0, 0, 0
62198, 45613, 1, 0, 0
63199, 44544, 0, 0, 0
63199, 49152, 1, 0, 0
64198, 46126, 0, 0, 0
64198, 42794, 1, 0, 0
65198, 45101, 0, 0, 0
65198, 48432, 1, 0, 0
66199, 43008, 0, 0, 0
66199, 49152, 1, 0, 0
67198, 49969, 0, 0, 0
67198, 46894, 1, 0, 0
68198, 48688, 0, 0, 0
68198, 50226, 1, 0, 0
69199, 53760, 0, 0, 0
69199, 47104, 1, 0, 0
70198, 48432, 0, 0, 0
70198, 54582, 1, 0, 0
71198, 47919, 0, 0, 0
71198, 46126, 1, 0, 0
72199, 48128, 0, 0, 0
72199, 51712, 1, 0, 0
73198, 53045, 0, 0, 0
73198, 56632, 1, 0, 0
74198, 54070, 0, 0, 0
74198, 47663, 1, 0, 0
75199, 37120, 0, 0, 0
75199, 45568, 1, 0, 0
76198, 58938, 0, 0, 0
76198, 53557, 1, 0, 0
77198, 54582, 0, 0, 0
77198, 53813, 1, 0, 0
78199, 56832, 0, 0, 0
78199, 51456, 1, 0, 0
79198, 53813, 0, 0, 0
79198, 52276, 1, 0, 0
80198, 56120, 0, 0, 0
80198, 48688, 1, 0, 0
81198, 44076, 0, 0, 0
81198, 50482, 1, 0, 0
82199, 51712, 0, 0, 0
82199, 52480, 1, 0, 0
83198, 46894, 0, 0, 0
83198, 49201, 1, 0, 0
84198, 48176, 0, 0, 0
84198, 40744, 1, 0, 0
85199, 55040, 0, 0, 0
85199, 54528, 1, 0, 0
86198, 47151, 0, 0, 0
86198, 49713, 1, 0, 0
87198, 54582, 0, 0, 0
87198, 52532, 1, 0, 0
88199, 54784, 0, 0, 0
88199, 42496, 1, 0, 0
89198, 43051, 0, 0, 0
89198, 42538, 1, 0, 0
90198, 65601, 0, 0, 0
90198, 56888, 1, 0, 0
91198, 41001, 0, 0, 0
91198, 48688, 1, 0, 0
92199, 35840, 0, 0, 0
92199, 43008, 1, 0, 0
93198, 52276, 0, 0, 0
93198, 52788, 1, 0, 0
94198, 49201, 0, 0, 0
94198, 48688, 1, 0, 0
95198, 53301, 0, 0, 0
95198, 48944, 1, 0, 0
96198, 50482, 0, 0, 0
96198, 49201, 1, 0, 0
97198, 50176, 0, 0, 0
97198, 48128, 1, 0, 0
98198, 46382, 0, 0, 0
98198, 44076, 1, 0, 0
99198, 54326, 0, 0, 0
99198, 53301, 1, 0, 0
100199, 46592, 0, 0, 0
100199, 51200, 1, 0, 0
101198, 52788, 0, 0, 0
101198, 50738, 1, 0, 0
102198, 54582, 0, 0, 0
102198, 51251, 1, 0, 0
103198, 52532, 0, 0, 0
103198, 48944, 1, 0, 0
104198, 54272, 0, 0, 0
104198, 56064, 1, 0, 0
105198, 50994, 0, 0, 0
105198, 43563, 1, 0, 0
106198, 46894, 0, 0, 0
106198, 45613, 1, 0, 0
107199, 48128, 0, 0, 0
107199, 48896, 1, 0, 0
108198, 49201, 0, 0, 0
108198, 48176, 1, 0, 0
109198, 63039, 0, 0, 0
109198, 56888, 1, 0, 0
110199, 57600, 0, 0, 0
110199, 51200, 1, 0, 0
111198, 53045, 0, 0, 0
111198, 49457, 1, 0, 0
112198, 52020, 0, 0, 0
112198, 47151, 1, 0, 0
113199, 45312, 0, 0, 0
113199, 49920, 1, 0, 0
114198, 52276, 0, 0, 0
114198, 52276, 1, 0, 0
115198, 52020, 0, 0, 0
115198, 55863, 1, 0, 0
116198, 55863, 0, 0, 0
116198, 49713, 1, 0, 0
117199, 51456, 0, 0, 0
117199, 48896, 1, 0, 0
118198, 49713, 0, 0, 0
118198, 57657, 1, 0, 0
119198, 48688, 0, 0, 0
119198, 48432, 1, 0, 0
120198, 50226, 0, 0, 0
120198, 43819, 1, 0, 0
121199, 42496, 0, 0, 0
121199, 50688, 1, 0, 0
122198, 54838, 0, 0, 0
122198, 49969, 1, 0, 0
123198, 49201, 0, 0, 0
123198, 47407, 1, 0, 0
124198, 45101, 0, 0, 0
124198, 44844, 1, 0, 0
125199, 44288, 0, 0, 0
125199, 47616, 1, 0, 0
126198, 45869, 0, 0, 0
126198, 46894, 1, 0, 0
127198, 46126, 0, 0, 0
127198, 48176, 1, 0, 0
128198, 44844, 0, 0, 0
128198, 47919, 1, 0, 0
129199, 46592, 0, 0, 0
129199, 50688, 1, 0, 0
130198, 58938, 0, 0, 0
130198, 54838, 1, 0, 0
131198, 44844, 0, 0, 0
131198, 51507, 1, 0, 0
132198, 47151, 0, 0, 0
132198, 53557, 1, 0, 0
133199, 45824, 0, 0, 0
133199, 45312, 1, 0, 0
134198, 55607, 0, 0, 0
134198, 52020, 1, 0, 0
135198, 49713, 0, 0, 0
135198, 43563, 1, 0, 0
136198, 38438, 0, 0, 0
136198, 44332, 1, 0, 0
137198, 59136, 0, 0, 0
137198, 60416, 1, 0, 0
138198, 52276, 0, 0, 0
138198, 49201, 1, 0, 0
139198, 56376, 0, 0, 0
139198, 56632, 1, 0, 0
140199, 42240, 0, 0, 0
140199, 41984, 1, 0, 0
141198, 43307, 0, 0, 0
141198, 45357, 1, 0, 0
142198, 53813, 0, 0, 0
142198, 54838, 1, 0, 0
143198, 43307, 0, 0, 0
143198, 40232, 1, 0, 0
144199, 41472, 0, 0, 0
144199, 54528, 1, 0, 0
145198, 62526, 0, 0, 0
145198, 60988, 1, 0, 0
146198, 57913, 0, 0, 0
146198, 57145, 1, 0, 0
147198, 48944, 0, 0, 0
147198, 50226, 1, 0, 0
148199, 53760, 0, 0, 0
148199, 55296, 1, 0, 0
149198, 50482, 0, 0, 0
149198, 48944, 1, 0, 0
150198, 50738, 0, 0, 0
150198, 57145, 1, 0, 0
151198, 50994, 0, 0, 0
151198, 44588, 1, 0, 0
152198, 60160, 0, 0, 0
152198, 55552, 1, 0, 0
153198, 47663, 0, 0, 0
153198, 45869, 1, 0, 0
154198, 50482, 0, 0, 0
154198, 43307, 1, 0, 0
155198, 47360, 0, 0, 0
155198, 47616, 1, 0, 0
156198, 39463, 0, 0, 0
156198, 42538, 1, 0, 0
157199, 41216, 0, 0, 0
157199, 44800, 1, 0, 0
158198, 43307, 0, 0, 0
158198, 46126, 1, 0, 0
159198, 53045, 0, 0, 0
159198, 51507, 1, 0, 0
160198, 57913, 0, 0, 0
160198, 54582, 1, 0, 0
161199, 55040, 0, 0, 0
161199, 45056, 1, 0, 0
162198, 40488, 0, 0, 0
162198, 44588, 1, 0, 0
163198, 52532, 0, 0, 0
163198, 54070, 1, 0, 0
164198, 45613, 0, 0, 0
164198, 41257, 1, 0, 0
165199, 57600, 0, 0, 0
165199, 54528, 1, 0, 0
166198, 48432, 0, 0, 0
166198, 47919, 1, 0, 0
167198, 39975, 0, 0, 0
167198, 54326, 1, 0, 0
168198, 63551, 0, 0, 0
168198, 53813, 1, 0, 0
169199, 50432, 0, 0, 0
169199, 47360, 1, 0, 0
170198, 48944, 0, 0, 0
170198, 48432, 1, 0, 0
171198, 55351, 0, 0, 0
171198, 52532, 1, 0, 0
172198, 55095, 0, 0, 0
172198, 49713, 1, 0, 0
173199, 46336, 0, 0, 0
173199, 52736, 1, 0, 0
174198, 45357, 0, 0, 0
174198, 42794, 1, 0, 0
175198, 37413, 0, 0, 0
175198, 50226, 1, 0, 0
176198, 51251, 0, 0, 0
176198, 48176, 1, 0, 0
177199, 51712, 0, 0, 0
177199, 52992, 1, 0, 0
178199, 45613, 0, 0, 0
178199, 43563, 1, 0, 0
179198, 48176, 0, 0, 0
179198, 49201, 1, 0, 0
