1000, 16128, 0, 0, 0
1000, 11264, 1, 0, 0
2001, 30720, 0, 0, 0
2001, 24832, 1, 0, 0
3000, 26906, 0, 0, 0
3000, 28956, 1, 0, 0
4000, 23575, 0, 0, 0
4000, 27931, 1, 0, 0
4999, 28188, 0, 0, 0
4999, 25881, 1, 0, 0
5998, 29213, 0, 0, 0
5998, 32544, 1, 0, 0
6999, 28160, 0, 0, 0
6999, 22784, 1, 0, 0
8000, 32479, 0, 0, 0
8000, 27108, 1, 0, 0
9001, 24551, 0, 0, 0
9001, 21226, 1, 0, 0
10002, 26597, 0, 0, 0
10002, 26597, 1, 0, 0
11004, 29154, 0, 0, 0
11004, 27108, 1, 0, 0
12005, 25062, 0, 0, 0
12005, 29154, 1, 0, 0
13006, 29154, 0, 0, 0
13006, 25062, 1, 0, 0
14007, 30689, 0, 0, 0
14007, 24039, 1, 0, 0
15008, 26341, 0, 0, 0
15008, 31456, 1, 0, 0
16009, 30945, 0, 0, 0
16009, 26341, 1, 0, 0
17010, 25574, 0, 0, 0
17010, 21994, 1, 0, 0
18011, 26341, 0, 0, 0
18011, 31712, 1, 0, 0
19012, 21994, 0, 0, 0
19012, 21994, 1, 0, 0
20014, 33502, 0, 0, 0
20014, 31712, 1, 0, 0
21014, 26368, 0, 0, 0
21014, 28160, 1, 0, 0
22015, 31968, 0, 0, 0
22015, 27876, 1, 0, 0
23017, 25574, 0, 0, 0
23017, 30689, 1, 0, 0
24017, 29184, 0, 0, 0
24017, 25600, 1, 0, 0
25018, 26880, 0, 0, 0
25018, 27392, 1, 0, 0
26019, 25600, 0, 0, 0
26019, 25088, 1, 0, 0
27020, 26880, 0, 0, 0
27020, 31744, 1, 0, 0
28021, 26112, 0, 0, 0
28021, 28672, 1, 0, 0
29022, 27392, 0, 0, 0
29022, 27392, 1, 0, 0
30023, 31232, 0, 0, 0
30023, 23808, 1, 0, 0
31024, 26368, 0, 0, 0
31024, 26880, 1, 0, 0
32024, 32544, 0, 0, 0
32024, 33057, 1, 0, 0
33024, 25113, 0, 0, 0
33024, 28444, 1, 0, 0
34023, 29213, 0, 0, 0
34023, 29981, 1, 0, 0
35023, 27931, 0, 0, 0
35023, 26906, 1, 0, 0
36023, 24600, 0, 0, 0
36023, 32800, 1, 0, 0
37024, 25088, 0, 0, 0
37024, 19456, 1, 0, 0
38023, 25881, 0, 0, 0
38023, 26138, 1, 0, 0
39023, 26650, 0, 0, 0
39023, 29213, 1, 0, 0
40024, 28160, 0, 0, 0
40024, 30976, 1, 0, 0
41023, 25881, 0, 0, 0
41023, 24344, 1, 0, 0
42023, 29213, 0, 0, 0
42023, 26138, 1, 0, 0
43024, 28160, 0, 0, 0
43024, 27392, 1, 0, 0
44023, 30750, 0, 0, 0
44023, 29725, 1, 0, 0
45023, 29213, 0, 0, 0
45023, 27163, 1, 0, 0
46023, 26138, 0, 0, 0
46023, 22294, 1, 0, 0
47024, 25600, 0, 0, 0
47024, 29184, 1, 0, 0
48023, 24344, 0, 0, 0
48023, 23831, 1, 0, 0
49023, 24600, 0, 0, 0
49023, 29981, 1, 0, 0
50024, 29952, 0, 0, 0
50024, 24576, 1, 0, 0
51024, 27931, 0, 0, 0
51024, 29213, 1, 0, 0
52023, 28188, 0, 0, 0
52023, 29469, 1, 0, 0
53024, 30208, 0, 0, 0
53024, 24832, 1, 0, 0
54024, 34082, 0, 0, 0
54024, 26138, 1, 0, 0
55023, 28444, 0, 0, 0
55023, 24856, 1, 0, 0
56023, 26368, 0, 0, 0
56023, 28928, 1, 0, 0
57024, 27392, 0, 0, 0
57024, 29440, 1, 0, 0
58024, 24600, 0, 0, 0
58024, 24856, 1, 0, 0
59023, 24344, 0, 0, 0
59023, 29725, 1, 0, 0
60023, 30750, 0, 0, 0
60023, 29725, 1, 0, 0
61024, 32512, 0, 0, 0
61024, 30208, 1, 0, 0
62023, 23575, 0, 0, 0
62023, 28956, 1, 0, 0
63023, 22806, 0, 0, 0
63023, 27931, 1, 0, 0
64024, 31744, 0, 0, 0
64024, 27904, 1, 0, 0
65023, 27419, 0, 0, 0
65023, 33057, 1, 0, 0
66023, 21525, 0, 0, 0
66023, 24088, 1, 0, 0
67024, 27136, 0, 0, 0
67024, 25600, 1, 0, 0
68023, 23831, 0, 0, 0
68023, 25881, 1, 0, 0
69023, 25369, 0, 0, 0
69023, 25881, 1, 0, 0
70024, 33280, 0, 0, 0
70024, 26880, 1, 0, 0
71023, 31263, 0, 0, 0
71023, 23319, 1, 0, 0
72023, 26650, 0, 0, 0
72023, 25625, 1, 0, 0
73024, 30208, 0, 0, 0
73024, 30464, 1, 0, 0
74023, 27675, 0, 0, 0
74023, 36132, 1, 0, 0
75023, 29725, 0, 0, 0
75023, 29981, 1, 0, 0
76024, 31744, 0, 0, 0
76024, 29184, 1, 0, 0
77023, 27931, 0, 0, 0
77023, 30494, 1, 0, 0
78023, 24344, 0, 0, 0
78023, 25113, 1, 0, 0
79024, 32768, 0, 0, 0
79024, 36096, 1, 0, 0
80023, 29213, 0, 0, 0
80023, 34338, 1, 0, 0
81023, 30750, 0, 0, 0
81023, 31775, 1, 0, 0
82024, 28160, 0, 0, 0
82024, 30208, 1, 0, 0
83024, 26394, 0, 0, 0
83024, 27163, 1, 0, 0
84023, 34082, 0, 0, 0
84023, 28956, 1, 0, 0
85024, 32256, 0, 0, 0
85024, 34816, 1, 0, 0
86024, 28188, 0, 0, 0
86024, 28188, 1, 0, 0
87023, 29725, 0, 0, 0
87023, 26650, 1, 0, 0
88023, 28444, 0, 0, 0
88023, 32032, 1, 0, 0
89024, 25856, 0, 0, 0
89024, 32512, 1, 0, 0
90023, 26394, 0, 0, 0
90023, 25113, 1, 0, 0
91023, 21269, 0, 0, 0
91023, 24856, 1, 0, 0
92023, 28700, 0, 0, 0
92023, 25369, 1, 0, 0
93024, 31232, 0, 0, 0
93024, 33280, 1, 0, 0
94023, 27163, 0, 0, 0
94023, 22038, 1, 0, 0
95023, 26650, 0, 0, 0
95023, 27931, 1, 0, 0
96023, 24088, 0, 0, 0
96023, 28700, 1, 0, 0
97024, 30208, 0, 0, 0
97024, 31232, 1, 0, 0
98023, 28188, 0, 0, 0
98023, 28700, 1, 0, 0
99023, 29213, 0, 0, 0
99023, 24088, 1, 0, 0
100023, 28444, 0, 0, 0
100023, 26138, 1, 0, 0
101024, 24832, 0, 0, 0
101024, 24576, 1, 0, 0
102023, 21013, 0, 0, 0
102023, 24088, 1, 0, 0
103023, 28188, 0, 0, 0
103023, 26394, 1, 0, 0
104024, 28928, 0, 0, 0
104024, 26112, 1, 0, 0
105023, 27675, 0, 0, 0
105023, 29469, 1, 0, 0
106023, 23319, 0, 0, 0
106023, 27163, 1, 0, 0
107024, 26112, 0, 0, 0
107024, 30976, 1, 0, 0
108024, 30750, 0, 0, 0
108024, 24856, 1, 0, 0
109023, 29981, 0, 0, 0
109023, 28700, 1, 0, 0
110023, 26138, 0, 0, 0
110023, 29469, 1, 0, 0
111024, 24576, 0, 0, 0
111024, 22272, 1, 0, 0
112023, 31263, 0, 0, 0
112023, 29981, 1, 0, 0
113023, 25625, 0, 0, 0
113023, 29469, 1, 0, 0
114024, 28672, 0, 0, 0
114024, 27648, 1, 0, 0
115023, 27931, 0, 0, 0
115023, 27675, 1, 0, 0
116023, 27675, 0, 0, 0
116023, 25881, 1, 0, 0
117024, 28928, 0, 0, 0
117024, 27648, 1, 0, 0
118024, 27675, 0, 0, 0
118024, 29469, 1, 0, 0
119023, 30238, 0, 0, 0
119023, 30494, 1, 0, 0
120023, 28444, 0, 0, 0
120023, 29725, 1, 0, 0
121023, 28444, 0, 0, 0
121023, 28444, 1, 0, 0
122024, 32512, 0, 0, 0
122024, 29184, 1, 0, 0
123023, 26138, 0, 0, 0
123023, 25369, 1, 0, 0
124023, 29213, 0, 0, 0
124023, 24856, 1, 0, 0
125023, 26906, 0, 0, 0
125023, 28956, 1, 0, 0
126024, 24064, 0, 0, 0
126024, 31744, 1, 0, 0
127023, 31263, 0, 0, 0
127023, 26394, 1, 0, 0
128023, 28956, 0, 0, 0
128023, 29981, 1, 0, 0
129023, 32544, 0, 0, 0
129023, 29213, 1, 0, 0
130024, 27392, 0, 0, 0
130024, 25600, 1, 0, 0
131023, 26394, 0, 0, 0
131023, 30238, 1, 0, 0
132023, 32288, 0, 0, 0
132023, 29725, 1, 0, 0
133024, 30976, 0, 0, 0
133024, 31232, 1, 0, 0
134024, 22294, 0, 0, 0
134024, 26650, 1, 0, 0
135023, 29213, 0, 0, 0
135023, 27931, 1, 0, 0
136023, 21525, 0, 0, 0
136023, 25881, 1, 0, 0
137024, 28416, 0, 0, 0
137024, 36096, 1, 0, 0
138023, 26906, 0, 0, 0
138023, 21525, 1, 0, 0
139023, 24856, 0, 0, 0
139023, 24600, 1, 0, 0
140023, 27675, 0, 0, 0
140023, 28188, 1, 0, 0
141024, 24064, 0, 0, 0
141024, 23808, 1, 0, 0
142023, 30238, 0, 0, 0
142023, 34850, 1, 0, 0
143023, 25881, 0, 0, 0
143023, 31263, 1, 0, 0
144023, 25113, 0, 0, 0
144023, 25369, 1, 0, 0
145024, 31744, 0, 0, 0
145024, 27904, 1, 0, 0
146023, 28188, 0, 0, 0
146023, 31519, 1, 0, 0
147023, 26906, 0, 0, 0
147023, 34594, 1, 0, 0
148023, 29981, 0, 0, 0
148023, 26650, 1, 0, 0
149024, 26112, 0, 0, 0
149024, 25856, 1, 0, 0
150023, 25369, 0, 0, 0
150023, 29469, 1, 0, 0
151023, 36388, 0, 0, 0
151023, 32544, 1, 0, 0
152024, 32512, 0, 0, 0
152024, 30720, 1, 0, 0
153023, 33057, 0, 0, 0
153023, 29213, 1, 0, 0
154023, 27419, 0, 0, 0
154023, 25625, 1, 0, 0
155023, 27648, 0, 0, 0
155023, 28416, 1, 0, 0
156023, 28444, 0, 0, 0
156023, 27931, 1, 0, 0
157024, 33536, 0, 0, 0
157024, 25344, 1, 0, 0
158024, 29213, 0, 0, 0
158024, 27675, 1, 0, 0
159023, 29981, 0, 0, 0
159023, 29469, 1, 0, 0
160023, 23575, 0, 0, 0
160023, 19475, 1, 0, 0
161024, 24320, 0, 0, 0
161024, 29184, 1, 0, 0
162024, 28188, 0, 0, 0
162024, 26394, 1, 0, 0
163023, 31263, 0, 0, 0
163023, 31519, 1, 0, 0
164023, 22806, 0, 0, 0
164023, 30238, 1, 0, 0
165024, 28160, 0, 0, 0
165024, 31744, 1, 0, 0
166024, 27675, 0, 0, 0
166024, 23319, 1, 0, 0
167023, 29469, 0, 0, 0
167023, 25881, 1, 0, 0
168023, 27419, 0, 0, 0
168023, 30750, 1, 0, 0
169024, 33280, 0, 0, 0
169024, 28416, 1, 0, 0
170024, 24600, 0, 0, 0
170024, 26138, 1, 0, 0
171023, 27675, 0, 0, 0
171023, 24856, 1, 0, 0
172023, 32544, 0, 0, 0
172023, 27163, 1, 0, 0
173024, 27392, 0, 0, 0
173024, 34816, 1, 0, 0
174024, 27163, 0, 0, 0
174024, 27163, 1, 0, 0
175024, 31519, 0, 0, 0
175024, 28700, 1, 0, 0
176023, 32800, 0, 0, 0
176023, 26394, 1, 0, 0
177023, 22038, 0, 0, 0
177023, 23575, 1, 0, 0
178024, 30208, 0, 0, 0
178024, 34816, 1, 0, 0
179024, 31263, 0, 0, 0
179024, 35107, 1, 0, 0
