999, 27675, 0, 0, 0
999, 33057, 1, 0, 0
1999, 51200, 0, 0, 0
1999, 48128, 1, 0, 0
3001, 52683, 0, 0, 0
3001, 57030, 1, 0, 0
4002, 47568, 0, 0, 0
4002, 46033, 1, 0, 0
5003, 58821, 0, 0, 0
5003, 50637, 1, 0, 0
6005, 49870, 0, 0, 0
6005, 53962, 1, 0, 0
7005, 51200, 0, 0, 0
7005, 47360, 1, 0, 0
8006, 51404, 0, 0, 0
8006, 50637, 1, 0, 0
9008, 56263, 0, 0, 0
9008, 56007, 1, 0, 0
10009, 50893, 0, 0, 0
10009, 43476, 1, 0, 0
11010, 52171, 0, 0, 0
11010, 61122, 1, 0, 0
12011, 52683, 0, 0, 0
12011, 53450, 1, 0, 0
13012, 50381, 0, 0, 0
13012, 47056, 1, 0, 0
14013, 53194, 0, 0, 0
14013, 60099, 1, 0, 0
15015, 52683, 0, 0, 0
15015, 53962, 1, 0, 0
16016, 42197, 0, 0, 0
16016, 41942, 1, 0, 0
17017, 41686, 0, 0, 0
17017, 46033, 1, 0, 0
18018, 41430, 0, 0, 0
18018, 44243, 1, 0, 0
19019, 52939, 0, 0, 0
19019, 55496, 1, 0, 0
20020, 63168, 0, 0, 0
20020, 51916, 1, 0, 0
21021, 52224, 0, 0, 0
21021, 46336, 1, 0, 0
22022, 55752, 0, 0, 0
22022, 48847, 1, 0, 0
23023, 46545, 0, 0, 0
23023, 54985, 1, 0, 0
24024, 48384, 0, 0, 0
24024, 44288, 1, 0, 0
25025, 55040, 0, 0, 0
25025, 50688, 1, 0, 0
26026, 43008, 0, 0, 0
26026, 42752, 1, 0, 0
27027, 44288, 0, 0, 0
27027, 50944, 1, 0, 0
28028, 47872, 0, 0, 0
28028, 45312, 1, 0, 0
29028, 53248, 0, 0, 0
29028, 48128, 1, 0, 0
30029, 51200, 0, 0, 0
30029, 53248, 1, 0, 0
31030, 45568, 0, 0, 0
31030, 47360, 1, 0, 0
32030, 43051, 0, 0, 0
32030, 50994, 1, 0, 0
33030, 47407, 0, 0, 0
33030, 49713, 1, 0, 0
34030, 49713, 0, 0, 0
34030, 48944, 1, 0, 0
35029, 37413, 0, 0, 0
35029, 37157, 1, 0, 0
36029, 47151, 0, 0, 0
36029, 52020, 1, 0, 0
37030, 36864, 0, 0, 0
37030, 45056, 1, 0, 0
38030, 44844, 0, 0, 0
38030, 46894, 1, 0, 0
39029, 39463, 0, 0, 0
39029, 42538, 1, 0, 0
40030, 51712, 0, 0, 0
40030, 51968, 1, 0, 0
41030, 50482, 0, 0, 0
41030, 48688, 1, 0, 0
42029, 44844, 0, 0, 0
42029, 49969, 1, 0, 0
43030, 50944, 0, 0, 0
43030, 50176, 1, 0, 0
44030, 53301, 0, 0, 0
44030, 53045, 1, 0, 0
45030, 54070, 0, 0, 0
45030, 50738, 1, 0, 0
46029, 41513, 0, 0, 0
46029, 43307, 1, 0, 0
47030, 52224, 0, 0, 0
47030, 52992, 1, 0, 0
48030, 40744, 0, 0, 0
48030, 40232, 1, 0, 0
49029, 48432, 0, 0, 0
49029, 45613, 1, 0, 0
50030, 46848, 0, 0, 0
50030, 50176, 1, 0, 0
51030, 53813, 0, 0, 0
51030, 49457, 1, 0, 0
52030, 42794, 0, 0, 0
52030, 46894, 1, 0, 0
53030, 43776, 0, 0, 0
53030, 48384, 1, 0, 0
54030, 56120, 0, 0, 0
54030, 48432, 1, 0, 0
55030, 45357, 0, 0, 0
55030, 46382, 1, 0, 0
56030, 48128, 0, 0, 0
56030, 52736, 1, 0, 0
57030, 45056, 0, 0, 0
57030, 43008, 1, 0, 0
58030, 57657, 0, 0, 0
58030, 51763, 1, 0, 0
59030, 54326, 0, 0, 0
59030, 51507, 1, 0, 0
60029, 49969, 0, 0, 0
60029, 48432, 1, 0, 0
61030, 47872, 0, 0, 0
61030, 46848, 1, 0, 0
62030, 41513, 0, 0, 0
62030, 46894, 1, 0, 0
63029, 43819, 0, 0, 0
63029, 38950, 1, 0, 0
64030, 47616, 0, 0, 0
64030, 61952, 1, 0, 0
65030, 59195, 0, 0, 0
65030, 45869, 1, 0, 0
66029, 54838, 0, 0, 0
66029, 54582, 1, 0, 0
67030, 51968, 0, 0, 0
67030, 55808, 1, 0, 0
68030, 51763, 0, 0, 0
68030, 47663, 1, 0, 0
69029, 44332, 0, 0, 0
69029, 47407, 1, 0, 0
70030, 44544, 0, 0, 0
70030, 49920, 1, 0, 0
71030, 54070, 0, 0, 0
71030, 54582, 1, 0, 0
72029, 45101, 0, 0, 0
72029, 52532, 1, 0, 0
73030, 46080, 0, 0, 0
73030, 51456, 1, 0, 0
74030, 54070, 0, 0, 0
74030, 45869, 1, 0, 0
75029, 54070, 0, 0, 0
75029, 46638, 1, 0, 0
76030, 47616, 0, 0, 0
76030, 41728, 1, 0, 0
77030, 49969, 0, 0, 0
77030, 46382, 1, 0, 0
78029, 42282, 0, 0, 0
78029, 44844, 1, 0, 0
79030, 52480, 0, 0, 0
79030, 52480, 1, 0, 0
80030, 53301, 0, 0, 0
80030, 52276, 1, 0, 0
81030, 56888, 0, 0, 0
81030, 58426, 1, 0, 0
82030, 51712, 0, 0, 0
82030, 47872, 1, 0, 0
83030, 39975, 0, 0, 0
83030, 50226, 1, 0, 0
84030, 51251, 0, 0, 0
84030, 46894, 1, 0, 0
85030, 52480, 0, 0, 0
85030, 54528, 1, 0, 0
86030, 53045, 0, 0, 0
86030, 50226, 1, 0, 0
87030, 45613, 0, 0, 0
87030, 42538, 1, 0, 0
88029, 40232, 0, 0, 0
88029, 45357, 1, 0, 0
89030, 43264, 0, 0, 0
89030, 45824, 1, 0, 0
90030, 57145, 0, 0, 0
90030, 59451, 1, 0, 0
91030, 52788, 0, 0, 0
91030, 48176, 1, 0, 0
92029, 42282, 0, 0, 0
92029, 48176, 1, 0, 0
93030, 38144, 0, 0, 0
93030, 44544, 1, 0, 0
94030, 41513, 0, 0, 0
94030, 46894, 1, 0, 0
95030, 48432, 0, 0, 0
95030, 50738, 1, 0, 0
96029, 46638, 0, 0, 0
96029, 46638, 1, 0, 0
97030, 41216, 0, 0, 0
97030, 46080, 1, 0, 0
98030, 42026, 0, 0, 0
98030, 47151, 1, 0, 0
99030, 41513, 0, 0, 0
99030, 52020, 1, 0, 0
100029, 43563, 0, 0, 0
100029, 50738, 1, 0, 0
101030, 50688, 0, 0, 0
101030, 49408, 1, 0, 0
102030, 53557, 0, 0, 0
102030, 49457, 1, 0, 0
103029, 39719, 0, 0, 0
103029, 49713, 1, 0, 0
104030, 48896, 0, 0, 0
104030, 49408, 1, 0, 0
105030, 37669, 0, 0, 0
105030, 42282, 1, 0, 0
106030, 45357, 0, 0, 0
106030, 46382, 1, 0, 0
107030, 43520, 0, 0, 0
107030, 45824, 1, 0, 0
108030, 46638, 0, 0, 0
108030, 44332, 1, 0, 0
109030, 43307, 0, 0, 0
109030, 52020, 1, 0, 0
110029, 64832, 0, 0, 0
110029, 48432, 1, 0, 0
111030, 46080, 0, 0, 0
111030, 45824, 1, 0, 0
112030, 46126, 0, 0, 0
112030, 50994, 1, 0, 0
113029, 51507, 0, 0, 0
113029, 55607, 1, 0, 0
114030, 53248, 0, 0, 0
114030, 48640, 1, 0, 0
115030, 47919, 0, 0, 0
115030, 43051, 1, 0, 0
116029, 45101, 0, 0, 0
116029, 45101, 1, 0, 0
117030, 55552, 0, 0, 0
117030, 56064, 1, 0, 0
118030, 63039, 0, 0, 0
118030, 48944, 1, 0, 0
119030, 46382, 0, 0, 0
119030, 46382, 1, 0, 0
120030, 53045, 0, 0, 0
120030, 53813, 1, 0, 0
121029, 54582, 0, 0, 0
121029, 52276, 1, 0, 0
122030, 56576, 0, 0, 0
122030, 56064, 1, 0, 0
123030, 43307, 0, 0, 0
123030, 46126, 1, 0, 0
124030, 52020, 0, 0, 0
124030, 55095, 1, 0, 0
125029, 50226, 0, 0, 0
125029, 48944, 1, 0, 0
126030, 49664, 0, 0, 0
126030, 44032, 1, 0, 0
127030, 42794, 0, 0, 0
127030, 47407, 1, 0, 0
128030, 45357, 0, 0, 0
128030, 52788, 1, 0, 0
129029, 48688, 0, 0, 0
129029, 53557, 1, 0, 0
130030, 66816, 0, 0, 0
130030, 63232, 1, 0, 0
131030, 47151, 0, 0, 0
131030, 47663, 1, 0, 0
132029, 57401, 0, 0, 0
132029, 57913, 1, 0, 0
133030, 38912, 0, 0, 0
133030, 47104, 1, 0, 0
134030, 55095, 0, 0, 0
134030, 47919, 1, 0, 0
135030, 46382, 0, 0, 0
135030, 49713, 1, 0, 0
136029, 49457, 0, 0, 0
136029, 47919, 1, 0, 0
137030, 46336, 0, 0, 0
137030, 47104, 1, 0, 0
138030, 46894, 0, 0, 0
138030, 52276, 1, 0, 0
139030, 57913, 0, 0, 0
139030, 50226, 1, 0, 0
140029, 50994, 0, 0, 0
140029, 54326, 1, 0, 0
141030, 45824, 0, 0, 0
141030, 45568, 1, 0, 0
142030, 42282, 0, 0, 0
142030, 45613, 1, 0, 0
143030, 39719, 0, 0, 0
143030, 43051, 1, 0, 0
144029, 50994, 0, 0, 0
144029, 52276, 1, 0, 0
145030, 49920, 0, 0, 0
145030, 46592, 1, 0, 0
146030, 46638, 0, 0, 0
146030, 50226, 1, 0, 0
147029, 37413, 0, 0, 0
147029, 43307, 1, 0, 0
148029, 46382, 0, 0, 0
148029, 49457, 1, 0, 0
149030, 45056, 0, 0, 0
149030, 47872, 1, 0, 0
150030, 53557, 0, 0, 0
150030, 49201, 1, 0, 0
151029, 45613, 0, 0, 0
151029, 43563, 1, 0, 0
152030, 44032, 0, 0, 0
152030, 50944, 1, 0, 0
153030, 55607, 0, 0, 0
153030, 52020, 1, 0, 0
154030, 41001, 0, 0, 0
154030, 49969, 1, 0, 0
155030, 52992, 0, 0, 0
155030, 48384, 1, 0, 0
156029, 47151, 0, 0, 0
156029, 46894, 1, 0, 0
157030, 49920, 0, 0, 0
157030, 55296, 1, 0, 0
158030, 42538, 0, 0, 0
158030, 52020, 1, 0, 0
159030, 40488, 0, 0, 0
159030, 46126, 1, 0, 0
160029, 51507, 0, 0, 0
160029, 53045, 1, 0, 0
161030, 42240, 0, 0, 0
161030, 48384, 1, 0, 0
162030, 46126, 0, 0, 0
162030, 52020, 1, 0, 0
163030, 54070, 0, 0, 0
163030, 59707, 1, 0, 0
164029, 50738, 0, 0, 0
164029, 54582, 1, 0, 0
165030, 51712, 0, 0, 0
165030, 52480, 1, 0, 0
166030, 54838, 0, 0, 0
166030, 54070, 1, 0, 0
167030, 48688, 0, 0, 0
167030, 54838, 1, 0, 0
168029, 40744, 0, 0, 0
168029, 48944, 1, 0, 0
169030, 50176, 0, 0, 0
169030, 46336, 1, 0, 0
170030, 57401, 0, 0, 0
170030, 51251, 1, 0, 0
171030, 49969, 0, 0, 0
171030, 46126, 1, 0, 0
172029, 49969, 0, 0, 0
172029, 46126, 1, 0, 0
173030, 56832, 0, 0, 0
173030, 50432, 1, 0, 0
174030, 51507, 0, 0, 0
174030, 47151, 1, 0, 0
175030, 44332, 0, 0, 0
175030, 52276, 1, 0, 0
176030, 42538, 0, 0, 0
176030, 45869, 1, 0, 0
177029, 50482, 0, 0, 0
177029, 50738, 1, 0, 0
178030, 44800, 0, 0, 0
178030, 43520, 1, 0, 0
179030, 55607, 0, 0, 0
179030, 56120, 1, 0, 0
