1000, 31232, 0, 0, 0
1000, 30464, 1, 0, 0
2000, 56320, 0, 0, 0
2000, 52736, 1, 0, 0
3000, 42752, 0, 0, 0
3000, 47360, 1, 0, 0
3999, 53301, 0, 0, 0
3999, 56888, 1, 0, 0
4999, 49713, 0, 0, 0
4999, 45101, 1, 0, 0
5998, 53045, 0, 0, 0
5998, 41513, 1, 0, 0
6998, 50482, 0, 0, 0
6998, 50994, 1, 0, 0
7999, 38361, 0, 0, 0
7999, 44755, 1, 0, 0
9000, 53962, 0, 0, 0
9000, 50637, 1, 0, 0
10000, 61184, 0, 0, 0
10000, 56320, 1, 0, 0
10999, 40744, 0, 0, 0
10999, 43563, 1, 0, 0
12000, 50176, 0, 0, 0
12000, 56064, 1, 0, 0
12999, 55351, 0, 0, 0
12999, 51507, 1, 0, 0
13998, 46126, 0, 0, 0
13998, 47151, 1, 0, 0
14997, 52020, 0, 0, 0
14997, 47919, 1, 0, 0
15998, 58309, 0, 0, 0
15998, 53962, 1, 0, 0
16999, 49358, 0, 0, 0
16999, 50381, 1, 0, 0
18000, 51404, 0, 0, 0
18000, 50381, 1, 0, 0
19000, 51456, 0, 0, 0
19000, 50176, 1, 0, 0
19999, 51763, 0, 0, 0
19999, 45613, 1, 0, 0
21000, 46848, 0, 0, 0
21000, 40192, 1, 0, 0
22000, 52532, 0, 0, 0
22000, 50226, 1, 0, 0
23000, 63488, 0, 0, 0
23000, 54784, 1, 0, 0
24000, 47407, 0, 0, 0
24000, 50226, 1, 0, 0
25000, 49713, 0, 0, 0
25000, 44076, 1, 0, 0
26000, 49457, 0, 0, 0
26000, 50994, 1, 0, 0
27000, 47663, 0, 0, 0
27000, 42794, 1, 0, 0
28000, 45869, 0, 0, 0
28000, 50738, 1, 0, 0
29000, 51763, 0, 0, 0
29000, 52788, 1, 0, 0
30000, 48176, 0, 0, 0
30000, 46894, 1, 0, 0
31001, 48640, 0, 0, 0
31001, 40960, 1, 0, 0
32000, 46382, 0, 0, 0
32000, 48176, 1, 0, 0
33000, 47919, 0, 0, 0
33000, 52532, 1, 0, 0
34000, 46894, 0, 0, 0
34000, 46638, 1, 0, 0
35000, 52532, 0, 0, 0
35000, 48432, 1, 0, 0
35999, 49457, 0, 0, 0
35999, 43307, 1, 0, 0
37000, 48896, 0, 0, 0
37000, 47616, 1, 0, 0
38000, 48176, 0, 0, 0
38000, 45357, 1, 0, 0
39000, 50226, 0, 0, 0
39000, 52276, 1, 0, 0
40000, 45312, 0, 0, 0
40000, 55040, 1, 0, 0
41000, 51507, 0, 0, 0
41000, 50482, 1, 0, 0
42000, 63551, 0, 0, 0
42000, 49201, 1, 0, 0
43000, 41216, 0, 0, 0
43000, 45568, 1, 0, 0
44000, 43563, 0, 0, 0
44000, 52532, 1, 0, 0
45000, 40232, 0, 0, 0
45000, 49201, 1, 0, 0
45999, 39975, 0, 0, 0
45999, 44332, 1, 0, 0
47000, 45312, 0, 0, 0
47000, 45312, 1, 0, 0
48000, 55863, 0, 0, 0
48000, 52788, 1, 0, 0
49000, 52532, 0, 0, 0
49000, 49969, 1, 0, 0
50000, 49664, 0, 0, 0
50000, 50688, 1, 0, 0
51000, 47663, 0, 0, 0
51000, 50738, 1, 0, 0
52000, 49713, 0, 0, 0
52000, 49201, 1, 0, 0
53001, 49408, 0, 0, 0
53001, 51712, 1, 0, 0
54000, 54838, 0, 0, 0
54000, 49969, 1, 0, 0
55000, 37925, 0, 0, 0
55000, 36388, 1, 0, 0
56000, 48128, 0, 0, 0
56000, 47872, 1, 0, 0
57000, 44544, 0, 0, 0
57000, 46080, 1, 0, 0
58000, 55863, 0, 0, 0
58000, 54582, 1, 0, 0
59000, 53557, 0, 0, 0
59000, 53045, 1, 0, 0
60000, 57401, 0, 0, 0
60000, 51507, 1, 0, 0
61000, 51456, 0, 0, 0
61000, 46080, 1, 0, 0
62000, 44076, 0, 0, 0
62000, 50226, 1, 0, 0
63000, 44076, 0, 0, 0
63000, 46638, 1, 0, 0
64000, 45824, 0, 0, 0
64000, 50944, 1, 0, 0
65000, 44076, 0, 0, 0
65000, 47919, 1, 0, 0
66000, 46638, 0, 0, 0
66000, 44844, 1, 0, 0
67000, 48640, 0, 0, 0
67000, 54272, 1, 0, 0
68000, 51507, 0, 0, 0
68000, 49457, 1, 0, 0
69000, 43563, 0, 0, 0
69000, 46894, 1, 0, 0
70000, 47616, 0, 0, 0
70000, 53504, 1, 0, 0
71000, 51507, 0, 0, 0
71000, 43307, 1, 0, 0
72000, 46126, 0, 0, 0
72000, 45357, 1, 0, 0
73000, 48896, 0, 0, 0
73000, 58880, 1, 0, 0
74000, 60476, 0, 0, 0
74000, 57913, 1, 0, 0
75000, 52276, 0, 0, 0
75000, 47663, 1, 0, 0
76000, 50176, 0, 0, 0
76000, 49408, 1, 0, 0
77000, 43307, 0, 0, 0
77000, 43563, 1, 0, 0
78000, 53557, 0, 0, 0
78000, 54838, 1, 0, 0
79000, 56320, 0, 0, 0
79000, 57600, 1, 0, 0
80000, 60732, 0, 0, 0
80000, 59451, 1, 0, 0
81000, 49201, 0, 0, 0
81000, 47919, 1, 0, 0
82000, 53248, 0, 0, 0
82000, 46592, 1, 0, 0
83000, 44076, 0, 0, 0
83000, 43563, 1, 0, 0
84000, 41513, 0, 0, 0
84000, 54326, 1, 0, 0
85000, 50944, 0, 0, 0
85000, 45824, 1, 0, 0
86000, 47663, 0, 0, 0
86000, 55095, 1, 0, 0
87000, 41769, 0, 0, 0
87000, 34594, 1, 0, 0
88000, 41513, 0, 0, 0
88000, 54070, 1, 0, 0
89000, 50944, 0, 0, 0
89000, 51968, 1, 0, 0
90000, 50738, 0, 0, 0
90000, 49201, 1, 0, 0
91000, 60220, 0, 0, 0
91000, 56888, 1, 0, 0
92000, 52788, 0, 0, 0
92000, 54070, 1, 0, 0
93000, 50176, 0, 0, 0
93000, 47104, 1, 0, 0
94000, 45613, 0, 0, 0
94000, 52020, 1, 0, 0
95000, 41769, 0, 0, 0
95000, 45613, 1, 0, 0
96000, 46638, 0, 0, 0
96000, 53045, 1, 0, 0
97000, 46592, 0, 0, 0
97000, 47360, 1, 0, 0
98000, 46894, 0, 0, 0
98000, 46638, 1, 0, 0
99000, 52532, 0, 0, 0
99000, 49969, 1, 0, 0
100000, 62014, 0, 0, 0
100000, 49969, 1, 0, 0
101000, 54272, 0, 0, 0
101000, 47616, 1, 0, 0
102000, 55863, 0, 0, 0
102000, 48176, 1, 0, 0
103000, 46382, 0, 0, 0
103000, 48944, 1, 0, 0
104000, 47104, 0, 0, 0
104000, 43520, 1, 0, 0
105000, 51251, 0, 0, 0
105000, 52788, 1, 0, 0
106000, 60476, 0, 0, 0
106000, 56376, 1, 0, 0
107000, 63232, 0, 0, 0
107000, 53760, 1, 0, 0
108000, 39719, 0, 0, 0
108000, 46894, 1, 0, 0
109000, 44588, 0, 0, 0
109000, 47663, 1, 0, 0
110000, 52532, 0, 0, 0
110000, 54326, 1, 0, 0
111000, 47616, 0, 0, 0
111000, 48384, 1, 0, 0
112000, 47151, 0, 0, 0
112000, 47151, 1, 0, 0
113000, 46126, 0, 0, 0
113000, 48432, 1, 0, 0
114000, 46080, 0, 0, 0
114000, 48640, 1, 0, 0
115000, 52788, 0, 0, 0
115000, 50738, 1, 0, 0
116000, 57913, 0, 0, 0
116000, 55095, 1, 0, 0
117000, 51200, 0, 0, 0
117000, 51968, 1, 0, 0
118000, 36132, 0, 0, 0
118000, 43819, 1, 0, 0
119000, 41001, 0, 0, 0
119000, 44076, 1, 0, 0
120000, 55351, 0, 0, 0
120000, 47663, 1, 0, 0
121000, 51763, 0, 0, 0
121000, 46638, 1, 0, 0
122000, 49152, 0, 0, 0
122000, 48384, 1, 0, 0
123000, 48944, 0, 0, 0
123000, 49969, 1, 0, 0
124000, 55095, 0, 0, 0
124000, 47663, 1, 0, 0
125000, 49457, 0, 0, 0
125000, 52788, 1, 0, 0
126000, 56064, 0, 0, 0
126000, 54016, 1, 0, 0
127000, 57145, 0, 0, 0
127000, 47151, 1, 0, 0
128000, 49201, 0, 0, 0
128000, 50482, 1, 0, 0
129000, 58938, 0, 0, 0
129000, 62270, 1, 0, 0
130000, 58880, 0, 0, 0
130000, 55552, 1, 0, 0
131000, 51507, 0, 0, 0
131000, 50482, 1, 0, 0
132000, 44076, 0, 0, 0
132000, 42282, 1, 0, 0
133000, 41728, 0, 0, 0
133000, 49152, 1, 0, 0
134000, 40744, 0, 0, 0
134000, 43051, 1, 0, 0
135000, 41513, 0, 0, 0
135000, 44076, 1, 0, 0
136000, 56376, 0, 0, 0
136000, 54582, 1, 0, 0
137000, 37632, 0, 0, 0
137000, 39936, 1, 0, 0
138000, 56888, 0, 0, 0
138000, 51251, 1, 0, 0
139000, 49457, 0, 0, 0
139000, 47151, 1, 0, 0
140000, 51763, 0, 0, 0
140000, 49457, 1, 0, 0
141000, 44800, 0, 0, 0
141000, 45824, 1, 0, 0
142000, 48432, 0, 0, 0
142000, 52788, 1, 0, 0
143000, 55351, 0, 0, 0
143000, 54326, 1, 0, 0
144000, 44588, 0, 0, 0
144000, 49969, 1, 0, 0
145000, 49664, 0, 0, 0
145000, 48384, 1, 0, 0
146000, 47919, 0, 0, 0
146000, 44844, 1, 0, 0
147000, 39463, 0, 0, 0
147000, 42538, 1, 0, 0
148000, 49713, 0, 0, 0
148000, 51507, 1, 0, 0
149000, 45824, 0, 0, 0
149000, 44288, 1, 0, 0
150000, 42282, 0, 0, 0
150000, 51251, 1, 0, 0
151000, 57913, 0, 0, 0
151000, 50482, 1, 0, 0
152000, 44288, 0, 0, 0
152000, 48896, 1, 0, 0
153000, 48944, 0, 0, 0
153000, 50994, 1, 0, 0
154000, 49201, 0, 0, 0
154000, 47407, 1, 0, 0
155000, 57344, 0, 0, 0
155000, 53248, 1, 0, 0
156000, 48688, 0, 0, 0
156000, 47919, 1, 0, 0
157000, 47360, 0, 0, 0
157000, 56064, 1, 0, 0
158000, 49457, 0, 0, 0
158000, 51251, 1, 0, 0
159000, 47919, 0, 0, 0
159000, 50738, 1, 0, 0
160000, 51507, 0, 0, 0
160000, 48944, 1, 0, 0
161000, 52992, 0, 0, 0
161000, 47104, 1, 0, 0
162000, 48688, 0, 0, 0
162000, 45869, 1, 0, 0
163000, 46894, 0, 0, 0
163000, 48432, 1, 0, 0
164000, 45869, 0, 0, 0
164000, 56120, 1, 0, 0
165000, 49408, 0, 0, 0
165000, 53760, 1, 0, 0
166000, 43307, 0, 0, 0
166000, 45357, 1, 0, 0
167000, 55863, 0, 0, 0
167000, 50738, 1, 0, 0
168000, 49201, 0, 0, 0
168000, 44844, 1, 0, 0
169000, 63232, 0, 0, 0
169000, 57344, 1, 0, 0
170000, 45613, 0, 0, 0
170000, 48176, 1, 0, 0
171000, 52020, 0, 0, 0
171000, 49457, 1, 0, 0
172000, 53045, 0, 0, 0
172000, 50994, 1, 0, 0
173001, 54272, 0, 0, 0
173001, 45824, 1, 0, 0
174000, 52020, 0, 0, 0
174000, 56632, 1, 0, 0
175000, 40744, 0, 0, 0
175000, 43307, 1, 0, 0
176000, 48432, 0, 0, 0
176000, 45869, 1, 0, 0
177000, 46638, 0, 0, 0
177000, 44844, 1, 0, 0
178000, 48896, 0, 0, 0
178000, 51456, 1, 0, 0
179000, 52020, 0, 0, 0
179000, 52532, 1, 0, 0
