999, 35107, 0, 0, 0
999, 31263, 1, 0, 0
1999, 56888, 0, 0, 0
1999, 54582, 1, 0, 0
3000, 50637, 0, 0, 0
3000, 55752, 1, 0, 0
4001, 52427, 0, 0, 0
4001, 53962, 1, 0, 0
5003, 59588, 0, 0, 0
5003, 54473, 1, 0, 0
6004, 44755, 0, 0, 0
6004, 40663, 1, 0, 0
7006, 41174, 0, 0, 0
7006, 48079, 1, 0, 0
8007, 44755, 0, 0, 0
8007, 43988, 1, 0, 0
9008, 54217, 0, 0, 0
9008, 53706, 1, 0, 0
10008, 38400, 0, 0, 0
10008, 46592, 1, 0, 0
11007, 41001, 0, 0, 0
11007, 48176, 1, 0, 0
12008, 35072, 0, 0, 0
12008, 45824, 1, 0, 0
13007, 52532, 0, 0, 0
13007, 45869, 1, 0, 0
14006, 52532, 0, 0, 0
14006, 53301, 1, 0, 0
15005, 52532, 0, 0, 0
15005, 53045, 1, 0, 0
16006, 52683, 0, 0, 0
16006, 43988, 1, 0, 0
17007, 51148, 0, 0, 0
17007, 54473, 1, 0, 0
18008, 48591, 0, 0, 0
18008, 51660, 1, 0, 0
19008, 49664, 0, 0, 0
19008, 49408, 1, 0, 0
20007, 42026, 0, 0, 0
20007, 40232, 1, 0, 0
21008, 49664, 0, 0, 0
21008, 53504, 1, 0, 0
22008, 42538, 0, 0, 0
22008, 48688, 1, 0, 0
23008, 46848, 0, 0, 0
23008, 52736, 1, 0, 0
24008, 49969, 0, 0, 0
24008, 49713, 1, 0, 0
25008, 47407, 0, 0, 0
25008, 40232, 1, 0, 0
26008, 42026, 0, 0, 0
26008, 44588, 1, 0, 0
27008, 42538, 0, 0, 0
27008, 51251, 1, 0, 0
28008, 41513, 0, 0, 0
28008, 42282, 1, 0, 0
29008, 41513, 0, 0, 0
29008, 37413, 1, 0, 0
30008, 51763, 0, 0, 0
30008, 47663, 1, 0, 0
31008, 53760, 0, 0, 0
31008, 54016, 1, 0, 0
32008, 53813, 0, 0, 0
32008, 52020, 1, 0, 0
33008, 46894, 0, 0, 0
33008, 47407, 1, 0, 0
34008, 53045, 0, 0, 0
34008, 49457, 1, 0, 0
35008, 37157, 0, 0, 0
35008, 52788, 1, 0, 0
36007, 48944, 0, 0, 0
36007, 43819, 1, 0, 0
37008, 40192, 0, 0, 0
37008, 51456, 1, 0, 0
38008, 51507, 0, 0, 0
38008, 46894, 1, 0, 0
39007, 49457, 0, 0, 0
39007, 44844, 1, 0, 0
40008, 43008, 0, 0, 0
40008, 45824, 1, 0, 0
41008, 47151, 0, 0, 0
41008, 46638, 1, 0, 0
42008, 46382, 0, 0, 0
42008, 52020, 1, 0, 0
43008, 50688, 0, 0, 0
43008, 51968, 1, 0, 0
44008, 39463, 0, 0, 0
44008, 46382, 1, 0, 0
45008, 45869, 0, 0, 0
45008, 52788, 1, 0, 0
46007, 40488, 0, 0, 0
46007, 48432, 1, 0, 0
47008, 45056, 0, 0, 0
47008, 51200, 1, 0, 0
48008, 46638, 0, 0, 0
48008, 45101, 1, 0, 0
49008, 59195, 0, 0, 0
49008, 56376, 1, 0, 0
50008, 45056, 0, 0, 0
50008, 44288, 1, 0, 0
51008, 43819, 0, 0, 0
51008, 51507, 1, 0, 0
52008, 40232, 0, 0, 0
52008, 43307, 1, 0, 0
53008, 56064, 0, 0, 0
53008, 51200, 1, 0, 0
54008, 37413, 0, 0, 0
54008, 44844, 1, 0, 0
55008, 43307, 0, 0, 0
55008, 44076, 1, 0, 0
56008, 53760, 0, 0, 0
56008, 48640, 1, 0, 0
57008, 48640, 0, 0, 0
57008, 48384, 1, 0, 0
58008, 47407, 0, 0, 0
58008, 46894, 1, 0, 0
59008, 55607, 0, 0, 0
59008, 48688, 1, 0, 0
60007, 43819, 0, 0, 0
60007, 43819, 1, 0, 0
61008, 49408, 0, 0, 0
61008, 50176, 1, 0, 0
62008, 58682, 0, 0, 0
62008, 52788, 1, 0, 0
63008, 50226, 0, 0, 0
63008, 49969, 1, 0, 0
64008, 54016, 0, 0, 0
64008, 50944, 1, 0, 0
65008, 49457, 0, 0, 0
65008, 48432, 1, 0, 0
66008, 53301, 0, 0, 0
66008, 54582, 1, 0, 0
67008, 42240, 0, 0, 0
67008, 50176, 1, 0, 0
68008, 66370, 0, 0, 0
68008, 55607, 1, 0, 0
69008, 47151, 0, 0, 0
69008, 44588, 1, 0, 0
70008, 62208, 0, 0, 0
70008, 53504, 1, 0, 0
71008, 47919, 0, 0, 0
71008, 44588, 1, 0, 0
72008, 48688, 0, 0, 0
72008, 42538, 1, 0, 0
73008, 39424, 0, 0, 0
73008, 47360, 1, 0, 0
74008, 49457, 0, 0, 0
74008, 47151, 1, 0, 0
75008, 44588, 0, 0, 0
75008, 53813, 1, 0, 0
76008, 54016, 0, 0, 0
76008, 46080, 1, 0, 0
77008, 50482, 0, 0, 0
77008, 42026, 1, 0, 0
78008, 59195, 0, 0, 0
78008, 47407, 1, 0, 0
79008, 46336, 0, 0, 0
79008, 49152, 1, 0, 0
80008, 51507, 0, 0, 0
80008, 59707, 1, 0, 0
81008, 46126, 0, 0, 0
81008, 44076, 1, 0, 0
82008, 41728, 0, 0, 0
82008, 44544, 1, 0, 0
83008, 44076, 0, 0, 0
83008, 48432, 1, 0, 0
84008, 56888, 0, 0, 0
84008, 56632, 1, 0, 0
85008, 49152, 0, 0, 0
85008, 51456, 1, 0, 0
86008, 53813, 0, 0, 0
86008, 50994, 1, 0, 0
87008, 46126, 0, 0, 0
87008, 51507, 1, 0, 0
88008, 47919, 0, 0, 0
88008, 45613, 1, 0, 0
89008, 48384, 0, 0, 0
89008, 45056, 1, 0, 0
90008, 53557, 0, 0, 0
90008, 51507, 1, 0, 0
91008, 50482, 0, 0, 0
91008, 47151, 1, 0, 0
92007, 53045, 0, 0, 0
92007, 50482, 1, 0, 0
93008, 42752, 0, 0, 0
93008, 40960, 1, 0, 0
94008, 48944, 0, 0, 0
94008, 52788, 1, 0, 0
95008, 49201, 0, 0, 0
95008, 54326, 1, 0, 0
96008, 54070, 0, 0, 0
96008, 52276, 1, 0, 0
97008, 48640, 0, 0, 0
97008, 48128, 1, 0, 0
98008, 49457, 0, 0, 0
98008, 44588, 1, 0, 0
99008, 43819, 0, 0, 0
99008, 46126, 1, 0, 0
100008, 56888, 0, 0, 0
100008, 56632, 1, 0, 0
101008, 49664, 0, 0, 0
101008, 51712, 1, 0, 0
102008, 48944, 0, 0, 0
102008, 51763, 1, 0, 0
103008, 46126, 0, 0, 0
103008, 51251, 1, 0, 0
104008, 41984, 0, 0, 0
104008, 43776, 1, 0, 0
105008, 53301, 0, 0, 0
105008, 51251, 1, 0, 0
106008, 44076, 0, 0, 0
106008, 45613, 1, 0, 0
107008, 47104, 0, 0, 0
107008, 51968, 1, 0, 0
108008, 45357, 0, 0, 0
108008, 48944, 1, 0, 0
109008, 47151, 0, 0, 0
109008, 49201, 1, 0, 0
110008, 56632, 0, 0, 0
110008, 53557, 1, 0, 0
111008, 49664, 0, 0, 0
111008, 40704, 1, 0, 0
112008, 46382, 0, 0, 0
112008, 38182, 1, 0, 0
113008, 53557, 0, 0, 0
113008, 51507, 1, 0, 0
114008, 46336, 0, 0, 0
114008, 50944, 1, 0, 0
115008, 51251, 0, 0, 0
115008, 47663, 1, 0, 0
116008, 48432, 0, 0, 0
116008, 49457, 1, 0, 0
117008, 56320, 0, 0, 0
117008, 52736, 1, 0, 0
118008, 53045, 0, 0, 0
118008, 51507, 1, 0, 0
119008, 56120, 0, 0, 0
119008, 54582, 1, 0, 0
120008, 55863, 0, 0, 0
120008, 51251, 1, 0, 0
121007, 65857, 0, 0, 0
121007, 56120, 1, 0, 0
122008, 45824, 0, 0, 0
122008, 46848, 1, 0, 0
123008, 54326, 0, 0, 0
123008, 52532, 1, 0, 0
124008, 48944, 0, 0, 0
124008, 49201, 1, 0, 0
125008, 47407, 0, 0, 0
125008, 48432, 1, 0, 0
126008, 46848, 0, 0, 0
126008, 51456, 1, 0, 0
127008, 52276, 0, 0, 0
127008, 50738, 1, 0, 0
128008, 45869, 0, 0, 0
128008, 50738, 1, 0, 0
129007, 55607, 0, 0, 0
129007, 47663, 1, 0, 0
130008, 53248, 0, 0, 0
130008, 55808, 1, 0, 0
131008, 48176, 0, 0, 0
131008, 56632, 1, 0, 0
132008, 58170, 0, 0, 0
132008, 61245, 1, 0, 0
133008, 46592, 0, 0, 0
133008, 52736, 1, 0, 0
134008, 46894, 0, 0, 0
134008, 52020, 1, 0, 0
135008, 45357, 0, 0, 0
135008, 51251, 1, 0, 0
136008, 47151, 0, 0, 0
136008, 46638, 1, 0, 0
137008, 43520, 0, 0, 0
137008, 48896, 1, 0, 0
138008, 55351, 0, 0, 0
138008, 47151, 1, 0, 0
139008, 43051, 0, 0, 0
139008, 53045, 1, 0, 0
140007, 52532, 0, 0, 0
140007, 46894, 1, 0, 0
141008, 47360, 0, 0, 0
141008, 43008, 1, 0, 0
142008, 54582, 0, 0, 0
142008, 50482, 1, 0, 0
143008, 49713, 0, 0, 0
143008, 46126, 1, 0, 0
144008, 52276, 0, 0, 0
144008, 57145, 1, 0, 0
145008, 43520, 0, 0, 0
145008, 44544, 1, 0, 0
146008, 61245, 0, 0, 0
146008, 50738, 1, 0, 0
147008, 52532, 0, 0, 0
147008, 45613, 1, 0, 0
148007, 58938, 0, 0, 0
148007, 51507, 1, 0, 0
149008, 54528, 0, 0, 0
149008, 47872, 1, 0, 0
150008, 43819, 0, 0, 0
150008, 39463, 1, 0, 0
151008, 52276, 0, 0, 0
151008, 50994, 1, 0, 0
152008, 53504, 0, 0, 0
152008, 52224, 1, 0, 0
153008, 53301, 0, 0, 0
153008, 47663, 1, 0, 0
154008, 47919, 0, 0, 0
154008, 48432, 1, 0, 0
155008, 47360, 0, 0, 0
155008, 50176, 1, 0, 0
156008, 42538, 0, 0, 0
156008, 48944, 1, 0, 0
157008, 55040, 0, 0, 0
157008, 47104, 1, 0, 0
158008, 44844, 0, 0, 0
158008, 42794, 1, 0, 0
159008, 56632, 0, 0, 0
159008, 53813, 1, 0, 0
160008, 48432, 0, 0, 0
160008, 46382, 1, 0, 0
161008, 48640, 0, 0, 0
161008, 43520, 1, 0, 0
162008, 41513, 0, 0, 0
162008, 50226, 1, 0, 0
163008, 51763, 0, 0, 0
163008, 49713, 1, 0, 0
164008, 48944, 0, 0, 0
164008, 46382, 1, 0, 0
165008, 43264, 0, 0, 0
165008, 45568, 1, 0, 0
166008, 45101, 0, 0, 0
166008, 49969, 1, 0, 0
167008, 50738, 0, 0, 0
167008, 47919, 1, 0, 0
168008, 68676, 0, 0, 0
168008, 60732, 1, 0, 0
169008, 57600, 0, 0, 0
169008, 49664, 1, 0, 0
170008, 49969, 0, 0, 0
170008, 52276, 1, 0, 0
171008, 48944, 0, 0, 0
171008, 48944, 1, 0, 0
172008, 53301, 0, 0, 0
172008, 51763, 1, 0, 0
173008, 47360, 0, 0, 0
173008, 48384, 1, 0, 0
174008, 58682, 0, 0, 0
174008, 49969, 1, 0, 0
175008, 61501, 0, 0, 0
175008, 54326, 1, 0, 0
176008, 36644, 0, 0, 0
176008, 46382, 1, 0, 0
177008, 50482, 0, 0, 0
177008, 47151, 1, 0, 0
178008, 56320, 0, 0, 0
178008, 49152, 1, 0, 0
179008, 54326, 0, 0, 0
179008, 57145, 1, 0, 0
