1000, 14080, 0, 0, 0
1000, 9728, 1, 0, 0
2000, 29952, 0, 0, 0
2000, 23552, 1, 0, 0
3001, 26112, 0, 0, 0
3001, 26880, 1, 0, 0
4000, 25369, 0, 0, 0
4000, 31007, 1, 0, 0
4999, 25625, 0, 0, 0
4999, 25369, 1, 0, 0
5999, 29469, 0, 0, 0
5999, 31519, 1, 0, 0
6998, 23319, 0, 0, 0
6998, 31775, 1, 0, 0
7999, 31712, 0, 0, 0
7999, 27364, 1, 0, 0
9000, 31200, 0, 0, 0
9000, 24807, 1, 0, 0
10001, 31744, 0, 0, 0
10001, 24832, 1, 0, 0
11000, 30494, 0, 0, 0
11000, 31263, 1, 0, 0
12000, 30208, 0, 0, 0
12000, 31744, 1, 0, 0
12999, 28956, 0, 0, 0
12999, 26138, 1, 0, 0
13998, 29981, 0, 0, 0
13998, 31007, 1, 0, 0
14997, 26906, 0, 0, 0
14997, 26650, 1, 0, 0
15998, 26597, 0, 0, 0
15998, 26597, 1, 0, 0
17000, 27876, 0, 0, 0
17000, 31456, 1, 0, 0
18001, 27364, 0, 0, 0
18001, 24039, 1, 0, 0
19001, 23808, 0, 0, 0
19001, 22016, 1, 0, 0
20000, 25881, 0, 0, 0
20000, 29469, 1, 0, 0
21001, 28928, 0, 0, 0
21001, 28672, 1, 0, 0
22001, 27419, 0, 0, 0
22001, 23831, 1, 0, 0
23001, 19968, 0, 0, 0
23001, 27904, 1, 0, 0
24001, 25369, 0, 0, 0
24001, 29213, 1, 0, 0
25001, 27675, 0, 0, 0
25001, 25881, 1, 0, 0
26000, 25881, 0, 0, 0
26000, 27931, 1, 0, 0
27000, 26138, 0, 0, 0
27000, 30494, 1, 0, 0
28000, 30750, 0, 0, 0
28000, 26138, 1, 0, 0
29000, 23575, 0, 0, 0
29000, 27931, 1, 0, 0
30000, 30494, 0, 0, 0
30000, 28700, 1, 0, 0
31001, 24320, 0, 0, 0
31001, 25344, 1, 0, 0
32001, 28956, 0, 0, 0
32001, 24344, 1, 0, 0
33001, 32800, 0, 0, 0
33001, 32544, 1, 0, 0
34000, 29981, 0, 0, 0
34000, 31775, 1, 0, 0
35000, 25625, 0, 0, 0
35000, 28700, 1, 0, 0
36000, 26906, 0, 0, 0
36000, 29981, 1, 0, 0
37001, 24320, 0, 0, 0
37001, 26880, 1, 0, 0
38000, 25113, 0, 0, 0
38000, 27419, 1, 0, 0
39000, 30238, 0, 0, 0
39000, 23319, 1, 0, 0
40001, 28672, 0, 0, 0
40001, 28160, 1, 0, 0
41000, 32800, 0, 0, 0
41000, 27163, 1, 0, 0
42000, 25881, 0, 0, 0
42000, 27419, 1, 0, 0
43001, 24320, 0, 0, 0
43001, 26624, 1, 0, 0
44000, 22294, 0, 0, 0
44000, 24088, 1, 0, 0
45000, 28188, 0, 0, 0
45000, 29981, 1, 0, 0
46000, 24088, 0, 0, 0
46000, 26394, 1, 0, 0
47001, 25600, 0, 0, 0
47001, 28416, 1, 0, 0
48000, 24088, 0, 0, 0
48000, 24088, 1, 0, 0
49000, 28188, 0, 0, 0
49000, 23575, 1, 0, 0
50001, 29952, 0, 0, 0
50001, 32768, 1, 0, 0
51001, 28700, 0, 0, 0
51001, 32288, 1, 0, 0
52000, 27163, 0, 0, 0
52000, 26906, 1, 0, 0
53001, 26880, 0, 0, 0
53001, 25344, 1, 0, 0
54001, 31007, 0, 0, 0
54001, 31263, 1, 0, 0
55000, 30494, 0, 0, 0
55000, 31775, 1, 0, 0
56000, 30464, 0, 0, 0
56000, 27392, 1, 0, 0
57001, 34048, 0, 0, 0
57001, 30464, 1, 0, 0
58001, 25881, 0, 0, 0
58001, 27675, 1, 0, 0
59000, 28700, 0, 0, 0
59000, 27419, 1, 0, 0
60000, 27931, 0, 0, 0
60000, 23831, 1, 0, 0
61001, 28160, 0, 0, 0
61001, 28416, 1, 0, 0
62000, 24856, 0, 0, 0
62000, 28444, 1, 0, 0
63000, 30238, 0, 0, 0
63000, 25881, 1, 0, 0
64001, 33280, 0, 0, 0
64001, 31232, 1, 0, 0
65000, 22294, 0, 0, 0
65000, 27931, 1, 0, 0
66000, 24856, 0, 0, 0
66000, 32032, 1, 0, 0
67001, 27136, 0, 0, 0
67001, 24320, 1, 0, 0
68000, 29725, 0, 0, 0
68000, 29725, 1, 0, 0
69000, 26394, 0, 0, 0
69000, 26906, 1, 0, 0
70001, 31488, 0, 0, 0
70001, 32256, 1, 0, 0
71000, 30750, 0, 0, 0
71000, 29981, 1, 0, 0
72000, 32800, 0, 0, 0
72000, 27675, 1, 0, 0
73001, 26624, 0, 0, 0
73001, 26880, 1, 0, 0
74000, 21013, 0, 0, 0
74000, 25625, 1, 0, 0
75000, 24856, 0, 0, 0
75000, 27419, 1, 0, 0
76001, 27392, 0, 0, 0
76001, 26880, 1, 0, 0
77000, 25113, 0, 0, 0
77000, 24344, 1, 0, 0
78000, 28444, 0, 0, 0
78000, 27931, 1, 0, 0
79001, 29696, 0, 0, 0
79001, 24320, 1, 0, 0
80000, 26906, 0, 0, 0
80000, 29213, 1, 0, 0
81000, 27163, 0, 0, 0
81000, 24088, 1, 0, 0
82001, 26880, 0, 0, 0
82001, 30464, 1, 0, 0
83001, 28188, 0, 0, 0
83001, 22806, 1, 0, 0
84000, 35363, 0, 0, 0
84000, 28956, 1, 0, 0
85001, 29184, 0, 0, 0
85001, 25600, 1, 0, 0
86001, 33313, 0, 0, 0
86001, 28444, 1, 0, 0
87000, 29469, 0, 0, 0
87000, 24856, 1, 0, 0
88000, 29213, 0, 0, 0
88000, 27931, 1, 0, 0
89001, 26368, 0, 0, 0
89001, 30464, 1, 0, 0
90000, 26650, 0, 0, 0
90000, 25881, 1, 0, 0
91000, 29725, 0, 0, 0
91000, 27163, 1, 0, 0
92000, 24344, 0, 0, 0
92000, 26394, 1, 0, 0
93001, 20736, 0, 0, 0
93001, 28928, 1, 0, 0
94000, 26394, 0, 0, 0
94000, 28700, 1, 0, 0
95000, 28444, 0, 0, 0
95000, 30238, 1, 0, 0
96000, 29981, 0, 0, 0
96000, 30238, 1, 0, 0
97001, 24576, 0, 0, 0
97001, 28672, 1, 0, 0
98000, 34850, 0, 0, 0
98000, 28956, 1, 0, 0
99000, 23063, 0, 0, 0
99000, 25625, 1, 0, 0
100000, 26906, 0, 0, 0
100000, 26650, 1, 0, 0
101001, 32512, 0, 0, 0
101001, 27392, 1, 0, 0
102000, 26906, 0, 0, 0
102000, 29469, 1, 0, 0
103000, 29213, 0, 0, 0
103000, 29725, 1, 0, 0
104001, 30976, 0, 0, 0
104001, 25088, 1, 0, 0
105000, 29213, 0, 0, 0
105000, 27931, 1, 0, 0
106000, 29981, 0, 0, 0
106000, 27163, 1, 0, 0
107001, 21504, 0, 0, 0
107001, 23552, 1, 0, 0
108001, 31263, 0, 0, 0
108001, 27163, 1, 0, 0
109000, 27419, 0, 0, 0
109000, 27163, 1, 0, 0
110000, 27931, 0, 0, 0
110000, 26650, 1, 0, 0
111001, 24064, 0, 0, 0
111001, 23040, 1, 0, 0
112000, 20244, 0, 0, 0
112000, 22294, 1, 0, 0
113000, 30494, 0, 0, 0
113000, 31007, 1, 0, 0
114001, 25344, 0, 0, 0
114001, 26368, 1, 0, 0
115000, 28188, 0, 0, 0
115000, 24088, 1, 0, 0
116000, 31263, 0, 0, 0
116000, 29213, 1, 0, 0
117001, 29184, 0, 0, 0
117001, 30976, 1, 0, 0
118001, 23319, 0, 0, 0
118001, 29725, 1, 0, 0
119001, 23319, 0, 0, 0
119001, 27675, 1, 0, 0
120000, 31007, 0, 0, 0
120000, 30750, 1, 0, 0
121000, 31775, 0, 0, 0
121000, 30750, 1, 0, 0
122001, 28160, 0, 0, 0
122001, 32512, 1, 0, 0
123000, 26138, 0, 0, 0
123000, 26906, 1, 0, 0
124000, 33825, 0, 0, 0
124000, 33313, 1, 0, 0
125000, 24856, 0, 0, 0
125000, 28444, 1, 0, 0
126001, 25088, 0, 0, 0
126001, 28160, 1, 0, 0
127000, 30494, 0, 0, 0
127000, 28956, 1, 0, 0
128000, 31519, 0, 0, 0
128000, 30238, 1, 0, 0
129000, 26138, 0, 0, 0
129000, 29469, 1, 0, 0
130001, 28416, 0, 0, 0
130001, 30720, 1, 0, 0
131000, 28188, 0, 0, 0
131000, 27675, 1, 0, 0
132000, 26138, 0, 0, 0
132000, 29213, 1, 0, 0
133001, 24064, 0, 0, 0
133001, 32256, 1, 0, 0
134001, 28956, 0, 0, 0
134001, 30494, 1, 0, 0
135000, 36388, 0, 0, 0
135000, 29469, 1, 0, 0
136000, 25113, 0, 0, 0
136000, 28188, 1, 0, 0
137001, 30208, 0, 0, 0
137001, 29440, 1, 0, 0
138000, 28956, 0, 0, 0
138000, 27675, 1, 0, 0
139000, 27931, 0, 0, 0
139000, 18194, 1, 0, 0
140000, 34338, 0, 0, 0
140000, 29725, 1, 0, 0
141001, 29184, 0, 0, 0
141001, 26368, 1, 0, 0
142000, 28188, 0, 0, 0
142000, 24600, 1, 0, 0
143000, 25625, 0, 0, 0
143000, 26138, 1, 0, 0
144000, 26650, 0, 0, 0
144000, 26906, 1, 0, 0
145001, 28160, 0, 0, 0
145001, 27904, 1, 0, 0
146000, 29213, 0, 0, 0
146000, 31519, 1, 0, 0
147000, 26906, 0, 0, 0
147000, 33569, 1, 0, 0
148000, 34338, 0, 0, 0
148000, 27675, 1, 0, 0
149001, 27136, 0, 0, 0
149001, 34560, 1, 0, 0
150000, 32800, 0, 0, 0
150000, 29469, 1, 0, 0
151000, 26394, 0, 0, 0
151000, 35107, 1, 0, 0
152001, 26880, 0, 0, 0
152001, 25088, 1, 0, 0
153000, 28188, 0, 0, 0
153000, 30750, 1, 0, 0
154000, 27675, 0, 0, 0
154000, 27419, 1, 0, 0
155000, 27904, 0, 0, 0
155000, 29696, 1, 0, 0
156000, 31007, 0, 0, 0
156000, 25881, 1, 0, 0
157001, 27392, 0, 0, 0
157001, 25088, 1, 0, 0
158001, 26394, 0, 0, 0
158001, 29213, 1, 0, 0
159000, 23831, 0, 0, 0
159000, 26906, 1, 0, 0
160000, 30494, 0, 0, 0
160000, 32800, 1, 0, 0
161001, 28160, 0, 0, 0
161001, 31232, 1, 0, 0
162001, 30238, 0, 0, 0
162001, 26650, 1, 0, 0
163000, 26394, 0, 0, 0
163000, 26650, 1, 0, 0
164000, 28188, 0, 0, 0
164000, 30750, 1, 0, 0
165001, 27136, 0, 0, 0
165001, 30208, 1, 0, 0
166001, 33057, 0, 0, 0
166001, 27931, 1, 0, 0
167000, 27675, 0, 0, 0
167000, 28188, 1, 0, 0
168000, 23831, 0, 0, 0
168000, 28956, 1, 0, 0
169001, 30208, 0, 0, 0
169001, 30464, 1, 0, 0
170001, 22294, 0, 0, 0
170001, 24344, 1, 0, 0
171000, 28188, 0, 0, 0
171000, 32032, 1, 0, 0
172000, 26138, 0, 0, 0
172000, 25113, 1, 0, 0
173001, 25344, 0, 0, 0
173001, 25344, 1, 0, 0
174001, 31775, 0, 0, 0
174001, 21525, 1, 0, 0
175001, 28700, 0, 0, 0
175001, 25881, 1, 0, 0
176000, 28956, 0, 0, 0
176000, 28956, 1, 0, 0
177000, 31007, 0, 0, 0
177000, 34082, 1, 0, 0
178001, 28672, 0, 0, 0
178001, 27648, 1, 0, 0
179001, 21525, 0, 0, 0
179001, 21525, 1, 0, 0
