1000, 13312, 0, 0, 0
1000, 9728, 1, 0, 0
2000, 31232, 0, 0, 0
2000, 25856, 1, 0, 0
3000, 30976, 0, 0, 0
3000, 27648, 1, 0, 0
4000, 25113, 0, 0, 0
4000, 27163, 1, 0, 0
4999, 24856, 0, 0, 0
4999, 31519, 1, 0, 0
5999, 32800, 0, 0, 0
5999, 32800, 1, 0, 0
6998, 24344, 0, 0, 0
6998, 30238, 1, 0, 0
7999, 31456, 0, 0, 0
7999, 28131, 1, 0, 0
9000, 30433, 0, 0, 0
9000, 29154, 1, 0, 0
10000, 30208, 0, 0, 0
10000, 26624, 1, 0, 0
11000, 30750, 0, 0, 0
11000, 30494, 1, 0, 0
12000, 25088, 0, 0, 0
12000, 27648, 1, 0, 0
12999, 29981, 0, 0, 0
12999, 28700, 1, 0, 0
13998, 25369, 0, 0, 0
13998, 27419, 1, 0, 0
14997, 26906, 0, 0, 0
14997, 25369, 1, 0, 0
15998, 26085, 0, 0, 0
15998, 24807, 1, 0, 0
16999, 30433, 0, 0, 0
16999, 27620, 1, 0, 0
18000, 28131, 0, 0, 0
18000, 27620, 1, 0, 0
19000, 30208, 0, 0, 0
19000, 28672, 1, 0, 0
19999, 31263, 0, 0, 0
19999, 27163, 1, 0, 0
21000, 27904, 0, 0, 0
21000, 24832, 1, 0, 0
22000, 27163, 0, 0, 0
22000, 28188, 1, 0, 0
23000, 30720, 0, 0, 0
23000, 30208, 1, 0, 0
24000, 28444, 0, 0, 0
24000, 28188, 1, 0, 0
25000, 30750, 0, 0, 0
25000, 31007, 1, 0, 0
26000, 22550, 0, 0, 0
26000, 25369, 1, 0, 0
27000, 26906, 0, 0, 0
27000, 32544, 1, 0, 0
28000, 32288, 0, 0, 0
28000, 27931, 1, 0, 0
29000, 29469, 0, 0, 0
29000, 27163, 1, 0, 0
30000, 27163, 0, 0, 0
30000, 26394, 1, 0, 0
31000, 25088, 0, 0, 0
31000, 28928, 1, 0, 0
32000, 29469, 0, 0, 0
32000, 29469, 1, 0, 0
33000, 22038, 0, 0, 0
33000, 28956, 1, 0, 0
34000, 25113, 0, 0, 0
34000, 26394, 1, 0, 0
35000, 22806, 0, 0, 0
35000, 26650, 1, 0, 0
35999, 27931, 0, 0, 0
35999, 27163, 1, 0, 0
37000, 30464, 0, 0, 0
37000, 28160, 1, 0, 0
38000, 30238, 0, 0, 0
38000, 23831, 1, 0, 0
39000, 31263, 0, 0, 0
39000, 24600, 1, 0, 0
40000, 34048, 0, 0, 0
40000, 27904, 1, 0, 0
41000, 27163, 0, 0, 0
41000, 26138, 1, 0, 0
42000, 28188, 0, 0, 0
42000, 23575, 1, 0, 0
43000, 25088, 0, 0, 0
43000, 29184, 1, 0, 0
44000, 25881, 0, 0, 0
44000, 22550, 1, 0, 0
45000, 26906, 0, 0, 0
45000, 24088, 1, 0, 0
46000, 25369, 0, 0, 0
46000, 29213, 1, 0, 0
47000, 29696, 0, 0, 0
47000, 30720, 1, 0, 0
48000, 31519, 0, 0, 0
48000, 28188, 1, 0, 0
49000, 23319, 0, 0, 0
49000, 26906, 1, 0, 0
50000, 26368, 0, 0, 0
50000, 27136, 1, 0, 0
51000, 23575, 0, 0, 0
51000, 25881, 1, 0, 0
52000, 25625, 0, 0, 0
52000, 19475, 1, 0, 0
53001, 24576, 0, 0, 0
53001, 31488, 1, 0, 0
54000, 29725, 0, 0, 0
54000, 21781, 1, 0, 0
55000, 25881, 0, 0, 0
55000, 27675, 1, 0, 0
56000, 27904, 0, 0, 0
56000, 27648, 1, 0, 0
57001, 28416, 0, 0, 0
57001, 25088, 1, 0, 0
58000, 29981, 0, 0, 0
58000, 29981, 1, 0, 0
59000, 25113, 0, 0, 0
59000, 25625, 1, 0, 0
60000, 26650, 0, 0, 0
60000, 20244, 1, 0, 0
61000, 28160, 0, 0, 0
61000, 29952, 1, 0, 0
62000, 29981, 0, 0, 0
62000, 33057, 1, 0, 0
63000, 27675, 0, 0, 0
63000, 23575, 1, 0, 0
64000, 29440, 0, 0, 0
64000, 32512, 1, 0, 0
65000, 27419, 0, 0, 0
65000, 29469, 1, 0, 0
66000, 25113, 0, 0, 0
66000, 25369, 1, 0, 0
67000, 27648, 0, 0, 0
67000, 30464, 1, 0, 0
68000, 31263, 0, 0, 0
68000, 27931, 1, 0, 0
69000, 25369, 0, 0, 0
69000, 28188, 1, 0, 0
70000, 32256, 0, 0, 0
70000, 34560, 1, 0, 0
71000, 29469, 0, 0, 0
71000, 33057, 1, 0, 0
72000, 26138, 0, 0, 0
72000, 30494, 1, 0, 0
73000, 28160, 0, 0, 0
73000, 33536, 1, 0, 0
74000, 27931, 0, 0, 0
74000, 28956, 1, 0, 0
75000, 29981, 0, 0, 0
75000, 33569, 1, 0, 0
76000, 25856, 0, 0, 0
76000, 28672, 1, 0, 0
77000, 24088, 0, 0, 0
77000, 30238, 1, 0, 0
78000, 26138, 0, 0, 0
78000, 27675, 1, 0, 0
79000, 24320, 0, 0, 0
79000, 23552, 1, 0, 0
80000, 26906, 0, 0, 0
80000, 26394, 1, 0, 0
81000, 25113, 0, 0, 0
81000, 26138, 1, 0, 0
82000, 27648, 0, 0, 0
82000, 26880, 1, 0, 0
83000, 28444, 0, 0, 0
83000, 25113, 1, 0, 0
84000, 34082, 0, 0, 0
84000, 32544, 1, 0, 0
85000, 29184, 0, 0, 0
85000, 34048, 1, 0, 0
86000, 25625, 0, 0, 0
86000, 26906, 1, 0, 0
87000, 38182, 0, 0, 0
87000, 28700, 1, 0, 0
88000, 24344, 0, 0, 0
88000, 27163, 1, 0, 0
89000, 32256, 0, 0, 0
89000, 29184, 1, 0, 0
90000, 23831, 0, 0, 0
90000, 30494, 1, 0, 0
91000, 27931, 0, 0, 0
91000, 28956, 1, 0, 0
92000, 25113, 0, 0, 0
92000, 28188, 1, 0, 0
93000, 29696, 0, 0, 0
93000, 30208, 1, 0, 0
94000, 30238, 0, 0, 0
94000, 33313, 1, 0, 0
95000, 27419, 0, 0, 0
95000, 27163, 1, 0, 0
96000, 26650, 0, 0, 0
96000, 31007, 1, 0, 0
97000, 26624, 0, 0, 0
97000, 28672, 1, 0, 0
98000, 28444, 0, 0, 0
98000, 32288, 1, 0, 0
99000, 25625, 0, 0, 0
99000, 28956, 1, 0, 0
100000, 26906, 0, 0, 0
100000, 22038, 1, 0, 0
101000, 26368, 0, 0, 0
101000, 32000, 1, 0, 0
102000, 24856, 0, 0, 0
102000, 27931, 1, 0, 0
103000, 26650, 0, 0, 0
103000, 28956, 1, 0, 0
104000, 29696, 0, 0, 0
104000, 30976, 1, 0, 0
105000, 22038, 0, 0, 0
105000, 24856, 1, 0, 0
106000, 22806, 0, 0, 0
106000, 28444, 1, 0, 0
107001, 21760, 0, 0, 0
107001, 28672, 1, 0, 0
108000, 30238, 0, 0, 0
108000, 24344, 1, 0, 0
109000, 31263, 0, 0, 0
109000, 27675, 1, 0, 0
110000, 23575, 0, 0, 0
110000, 29469, 1, 0, 0
111000, 33024, 0, 0, 0
111000, 27648, 1, 0, 0
112000, 28700, 0, 0, 0
112000, 25369, 1, 0, 0
113000, 28188, 0, 0, 0
113000, 24344, 1, 0, 0
114000, 20736, 0, 0, 0
114000, 26880, 1, 0, 0
115000, 30750, 0, 0, 0
115000, 29981, 1, 0, 0
116000, 28188, 0, 0, 0
116000, 28700, 1, 0, 0
117000, 32256, 0, 0, 0
117000, 23296, 1, 0, 0
118000, 26650, 0, 0, 0
118000, 30750, 1, 0, 0
119000, 26394, 0, 0, 0
119000, 26906, 1, 0, 0
120000, 25369, 0, 0, 0
120000, 29725, 1, 0, 0
121000, 29213, 0, 0, 0
121000, 21269, 1, 0, 0
122000, 28416, 0, 0, 0
122000, 27136, 1, 0, 0
123000, 30494, 0, 0, 0
123000, 30494, 1, 0, 0
124000, 32288, 0, 0, 0
124000, 30238, 1, 0, 0
125000, 26650, 0, 0, 0
125000, 29469, 1, 0, 0
126000, 28160, 0, 0, 0
126000, 28160, 1, 0, 0
127000, 32544, 0, 0, 0
127000, 33313, 1, 0, 0
128000, 27419, 0, 0, 0
128000, 27931, 1, 0, 0
129000, 27675, 0, 0, 0
129000, 26650, 1, 0, 0
130000, 30464, 0, 0, 0
130000, 29440, 1, 0, 0
131000, 26394, 0, 0, 0
131000, 27675, 1, 0, 0
132000, 28188, 0, 0, 0
132000, 23319, 1, 0, 0
133000, 32000, 0, 0, 0
133000, 27392, 1, 0, 0
134000, 25369, 0, 0, 0
134000, 27931, 1, 0, 0
135000, 22550, 0, 0, 0
135000, 25369, 1, 0, 0
136000, 29981, 0, 0, 0
136000, 27675, 1, 0, 0
137000, 28672, 0, 0, 0
137000, 31744, 1, 0, 0
138000, 26906, 0, 0, 0
138000, 23831, 1, 0, 0
139000, 29725, 0, 0, 0
139000, 28444, 1, 0, 0
140000, 31775, 0, 0, 0
140000, 23831, 1, 0, 0
141000, 27648, 0, 0, 0
141000, 27136, 1, 0, 0
142000, 28956, 0, 0, 0
142000, 27163, 1, 0, 0
143000, 27675, 0, 0, 0
143000, 29981, 1, 0, 0
144000, 23319, 0, 0, 0
144000, 22550, 1, 0, 0
145000, 24576, 0, 0, 0
145000, 30208, 1, 0, 0
146000, 25625, 0, 0, 0
146000, 26138, 1, 0, 0
147000, 31519, 0, 0, 0
147000, 24344, 1, 0, 0
148000, 29213, 0, 0, 0
148000, 34082, 1, 0, 0
149000, 25600, 0, 0, 0
149000, 27648, 1, 0, 0
150000, 29469, 0, 0, 0
150000, 32032, 1, 0, 0
151000, 25881, 0, 0, 0
151000, 26650, 1, 0, 0
152000, 28928, 0, 0, 0
152000, 23296, 1, 0, 0
153000, 27163, 0, 0, 0
153000, 25625, 1, 0, 0
154000, 35875, 0, 0, 0
154000, 31263, 1, 0, 0
155000, 27904, 0, 0, 0
155000, 23040, 1, 0, 0
156000, 28188, 0, 0, 0
156000, 26138, 1, 0, 0
157000, 29696, 0, 0, 0
157000, 23808, 1, 0, 0
158000, 28956, 0, 0, 0
158000, 25369, 1, 0, 0
159000, 23831, 0, 0, 0
159000, 31519, 1, 0, 0
160000, 25369, 0, 0, 0
160000, 28188, 1, 0, 0
161001, 26624, 0, 0, 0
161001, 31744, 1, 0, 0
162000, 26394, 0, 0, 0
162000, 26906, 1, 0, 0
163000, 26906, 0, 0, 0
163000, 34338, 1, 0, 0
164000, 27931, 0, 0, 0
164000, 27931, 1, 0, 0
165000, 33536, 0, 0, 0
165000, 26880, 1, 0, 0
166000, 23063, 0, 0, 0
166000, 25625, 1, 0, 0
167000, 33057, 0, 0, 0
167000, 29981, 1, 0, 0
168000, 29469, 0, 0, 0
168000, 32032, 1, 0, 0
169000, 28928, 0, 0, 0
169000, 27904, 1, 0, 0
170000, 26906, 0, 0, 0
170000, 27931, 1, 0, 0
171000, 26906, 0, 0, 0
171000, 26394, 1, 0, 0
172000, 26650, 0, 0, 0
172000, 25881, 1, 0, 0
173000, 33792, 0, 0, 0
173000, 31488, 1, 0, 0
174000, 31007, 0, 0, 0
174000, 28188, 1, 0, 0
175000, 25881, 0, 0, 0
175000, 26138, 1, 0, 0
176000, 25881, 0, 0, 0
176000, 28700, 1, 0, 0
177000, 32288, 0, 0, 0
177000, 24344, 1, 0, 0
178000, 28416, 0, 0, 0
178000, 30976, 1, 0, 0
179000, 30238, 0, 0, 0
179000, 30750, 1, 0, 0
