1001, 16879, 0, 0, 0
1001, 18413, 1, 0, 0
2001, 21760, 0, 0, 0
2001, 24576, 1, 0, 0
3000, 25625, 0, 0, 0
3000, 29725, 1, 0, 0
4000, 29725, 0, 0, 0
4000, 28444, 1, 0, 0
5001, 27364, 0, 0, 0
5001, 28899, 1, 0, 0
6002, 29410, 0, 0, 0
6002, 29666, 1, 0, 0
7003, 27904, 0, 0, 0
7003, 25600, 1, 0, 0
8004, 27364, 0, 0, 0
8004, 29410, 1, 0, 0
9005, 25062, 0, 0, 0
9005, 34781, 1, 0, 0
10006, 31968, 0, 0, 0
10006, 26853, 1, 0, 0
11008, 31456, 0, 0, 0
11008, 22505, 1, 0, 0
12009, 28643, 0, 0, 0
12009, 29666, 1, 0, 0
13010, 29922, 0, 0, 0
13010, 25062, 1, 0, 0
14011, 23528, 0, 0, 0
14011, 24295, 1, 0, 0
15012, 26597, 0, 0, 0
15012, 31456, 1, 0, 0
16013, 26597, 0, 0, 0
16013, 32479, 1, 0, 0
17015, 23784, 0, 0, 0
17015, 26597, 1, 0, 0
18016, 22505, 0, 0, 0
18016, 26085, 1, 0, 0
19017, 23272, 0, 0, 0
19017, 24807, 1, 0, 0
20018, 26853, 0, 0, 0
20018, 20715, 1, 0, 0
21019, 28928, 0, 0, 0
21019, 27136, 1, 0, 0
22020, 29410, 0, 0, 0
22020, 31200, 1, 0, 0
23021, 32735, 0, 0, 0
23021, 29410, 1, 0, 0
24022, 30464, 0, 0, 0
24022, 29952, 1, 0, 0
25023, 32256, 0, 0, 0
25023, 24576, 1, 0, 0
26023, 26112, 0, 0, 0
26023, 26880, 1, 0, 0
27024, 33792, 0, 0, 0
27024, 28160, 1, 0, 0
28025, 29440, 0, 0, 0
28025, 26624, 1, 0, 0
29026, 31232, 0, 0, 0
29026, 22528, 1, 0, 0
30027, 28928, 0, 0, 0
30027, 32000, 1, 0, 0
31028, 23040, 0, 0, 0
31028, 29696, 1, 0, 0
32028, 30238, 0, 0, 0
32028, 26138, 1, 0, 0
33028, 28444, 0, 0, 0
33028, 33569, 1, 0, 0
34027, 28444, 0, 0, 0
34027, 26906, 1, 0, 0
35027, 25625, 0, 0, 0
35027, 30494, 1, 0, 0
36027, 27419, 0, 0, 0
36027, 23831, 1, 0, 0
37028, 27392, 0, 0, 0
37028, 27136, 1, 0, 0
38027, 23063, 0, 0, 0
38027, 26394, 1, 0, 0
39027, 28956, 0, 0, 0
39027, 29725, 1, 0, 0
40028, 31744, 0, 0, 0
40028, 27904, 1, 0, 0
41028, 26906, 0, 0, 0
41028, 27419, 1, 0, 0
42027, 28956, 0, 0, 0
42027, 23831, 1, 0, 0
43028, 25088, 0, 0, 0
43028, 35328, 1, 0, 0
44028, 32800, 0, 0, 0
44028, 29725, 1, 0, 0
45027, 25625, 0, 0, 0
45027, 30750, 1, 0, 0
46027, 29469, 0, 0, 0
46027, 27931, 1, 0, 0
47028, 24064, 0, 0, 0
47028, 29184, 1, 0, 0
48028, 27931, 0, 0, 0
48028, 30494, 1, 0, 0
49027, 26906, 0, 0, 0
49027, 26906, 1, 0, 0
50028, 23808, 0, 0, 0
50028, 27136, 1, 0, 0
51028, 25625, 0, 0, 0
51028, 30238, 1, 0, 0
52027, 27163, 0, 0, 0
52027, 27675, 1, 0, 0
53028, 28416, 0, 0, 0
53028, 25856, 1, 0, 0
54028, 31775, 0, 0, 0
54028, 27675, 1, 0, 0
55027, 24856, 0, 0, 0
55027, 24600, 1, 0, 0
56027, 30720, 0, 0, 0
56027, 25344, 1, 0, 0
57028, 25088, 0, 0, 0
57028, 23552, 1, 0, 0
58028, 24856, 0, 0, 0
58028, 26906, 1, 0, 0
59027, 23063, 0, 0, 0
59027, 31007, 1, 0, 0
60027, 28956, 0, 0, 0
60027, 23319, 1, 0, 0
61028, 27904, 0, 0, 0
61028, 28928, 1, 0, 0
62027, 29725, 0, 0, 0
62027, 28956, 1, 0, 0
63027, 31263, 0, 0, 0
63027, 27675, 1, 0, 0
64028, 28160, 0, 0, 0
64028, 29696, 1, 0, 0
65027, 26394, 0, 0, 0
65027, 24088, 1, 0, 0
66027, 32032, 0, 0, 0
66027, 27419, 1, 0, 0
67028, 29696, 0, 0, 0
67028, 28160, 1, 0, 0
68028, 26394, 0, 0, 0
68028, 24344, 1, 0, 0
69027, 34082, 0, 0, 0
69027, 29213, 1, 0, 0
70028, 27136, 0, 0, 0
70028, 19456, 1, 0, 0
71027, 26650, 0, 0, 0
71027, 27931, 1, 0, 0
72027, 28188, 0, 0, 0
72027, 31007, 1, 0, 0
73028, 29696, 0, 0, 0
73028, 29184, 1, 0, 0
74027, 31775, 0, 0, 0
74027, 35875, 1, 0, 0
75027, 25369, 0, 0, 0
75027, 27163, 1, 0, 0
76028, 25600, 0, 0, 0
76028, 29184, 1, 0, 0
77027, 30750, 0, 0, 0
77027, 29981, 1, 0, 0
78027, 29469, 0, 0, 0
78027, 28444, 1, 0, 0
79028, 26368, 0, 0, 0
79028, 24832, 1, 0, 0
80028, 25881, 0, 0, 0
80028, 30494, 1, 0, 0
81027, 24344, 0, 0, 0
81027, 29213, 1, 0, 0
82028, 28928, 0, 0, 0
82028, 26624, 1, 0, 0
83028, 29469, 0, 0, 0
83028, 30238, 1, 0, 0
84027, 26650, 0, 0, 0
84027, 32544, 1, 0, 0
85028, 27136, 0, 0, 0
85028, 25344, 1, 0, 0
86028, 29213, 0, 0, 0
86028, 26394, 1, 0, 0
87027, 26394, 0, 0, 0
87027, 31775, 1, 0, 0
88027, 24600, 0, 0, 0
88027, 25881, 1, 0, 0
89028, 24320, 0, 0, 0
89028, 26880, 1, 0, 0
90028, 28444, 0, 0, 0
90028, 26650, 1, 0, 0
91027, 25625, 0, 0, 0
91027, 23063, 1, 0, 0
92027, 27675, 0, 0, 0
92027, 29469, 1, 0, 0
93028, 27392, 0, 0, 0
93028, 23296, 1, 0, 0
94028, 31519, 0, 0, 0
94028, 27419, 1, 0, 0
95027, 23575, 0, 0, 0
95027, 29469, 1, 0, 0
96027, 28700, 0, 0, 0
96027, 26138, 1, 0, 0
97028, 26880, 0, 0, 0
97028, 25344, 1, 0, 0
98028, 29981, 0, 0, 0
98028, 24600, 1, 0, 0
99027, 29469, 0, 0, 0
99027, 26906, 1, 0, 0
100027, 29725, 0, 0, 0
100027, 25369, 1, 0, 0
101028, 33792, 0, 0, 0
101028, 30464, 1, 0, 0
102028, 25881, 0, 0, 0
102028, 25625, 1, 0, 0
103027, 25881, 0, 0, 0
103027, 28188, 1, 0, 0
104028, 26368, 0, 0, 0
104028, 27392, 1, 0, 0
105028, 23575, 0, 0, 0
105028, 26138, 1, 0, 0
106027, 32288, 0, 0, 0
106027, 34082, 1, 0, 0
107028, 30464, 0, 0, 0
107028, 33536, 1, 0, 0
108028, 27419, 0, 0, 0
108028, 30494, 1, 0, 0
109027, 24600, 0, 0, 0
109027, 28956, 1, 0, 0
110027, 28188, 0, 0, 0
110027, 27419, 1, 0, 0
111028, 27904, 0, 0, 0
111028, 27136, 1, 0, 0
112027, 29213, 0, 0, 0
112027, 26394, 1, 0, 0
113027, 30750, 0, 0, 0
113027, 23831, 1, 0, 0
114028, 28160, 0, 0, 0
114028, 28928, 1, 0, 0
115028, 32288, 0, 0, 0
115028, 27163, 1, 0, 0
116027, 28444, 0, 0, 0
116027, 27163, 1, 0, 0
117028, 36608, 0, 0, 0
117028, 31232, 1, 0, 0
118028, 25625, 0, 0, 0
118028, 25625, 1, 0, 0
119028, 27163, 0, 0, 0
119028, 30494, 1, 0, 0
120027, 28956, 0, 0, 0
120027, 26650, 1, 0, 0
121027, 28956, 0, 0, 0
121027, 23575, 1, 0, 0
122028, 30464, 0, 0, 0
122028, 24576, 1, 0, 0
123028, 30238, 0, 0, 0
123028, 18962, 1, 0, 0
124027, 25369, 0, 0, 0
124027, 22806, 1, 0, 0
125027, 28956, 0, 0, 0
125027, 27675, 1, 0, 0
126028, 25088, 0, 0, 0
126028, 27648, 1, 0, 0
127028, 27675, 0, 0, 0
127028, 29469, 1, 0, 0
128027, 27419, 0, 0, 0
128027, 29725, 1, 0, 0
129027, 25625, 0, 0, 0
129027, 29981, 1, 0, 0
130028, 29952, 0, 0, 0
130028, 28160, 1, 0, 0
131028, 29981, 0, 0, 0
131028, 29213, 1, 0, 0
132027, 28188, 0, 0, 0
132027, 36388, 1, 0, 0
133028, 23296, 0, 0, 0
133028, 23552, 1, 0, 0
134028, 32288, 0, 0, 0
134028, 26650, 1, 0, 0
135027, 32288, 0, 0, 0
135027, 28700, 1, 0, 0
136027, 26138, 0, 0, 0
136027, 30494, 1, 0, 0
137028, 26624, 0, 0, 0
137028, 23808, 1, 0, 0
138028, 29725, 0, 0, 0
138028, 29469, 1, 0, 0
139027, 28444, 0, 0, 0
139027, 32544, 1, 0, 0
140027, 25625, 0, 0, 0
140027, 28188, 1, 0, 0
141028, 30976, 0, 0, 0
141028, 31488, 1, 0, 0
142028, 25113, 0, 0, 0
142028, 26394, 1, 0, 0
143027, 29469, 0, 0, 0
143027, 27163, 1, 0, 0
144027, 26394, 0, 0, 0
144027, 30494, 1, 0, 0
145028, 24576, 0, 0, 0
145028, 27136, 1, 0, 0
146028, 23319, 0, 0, 0
146028, 29213, 1, 0, 0
147027, 23831, 0, 0, 0
147027, 24600, 1, 0, 0
148027, 34850, 0, 0, 0
148027, 28188, 1, 0, 0
149028, 27904, 0, 0, 0
149028, 23040, 1, 0, 0
150027, 27419, 0, 0, 0
150027, 24088, 1, 0, 0
151027, 29981, 0, 0, 0
151027, 30494, 1, 0, 0
152028, 28416, 0, 0, 0
152028, 34816, 1, 0, 0
153028, 27419, 0, 0, 0
153028, 23831, 1, 0, 0
154027, 27675, 0, 0, 0
154027, 28444, 1, 0, 0
155027, 27904, 0, 0, 0
155027, 28928, 1, 0, 0
156027, 31775, 0, 0, 0
156027, 32288, 1, 0, 0
157028, 25344, 0, 0, 0
157028, 27904, 1, 0, 0
158028, 25625, 0, 0, 0
158028, 24856, 1, 0, 0
159028, 29213, 0, 0, 0
159028, 25369, 1, 0, 0
160027, 28444, 0, 0, 0
160027, 22806, 1, 0, 0
161028, 29184, 0, 0, 0
161028, 23552, 1, 0, 0
162028, 32288, 0, 0, 0
162028, 23575, 1, 0, 0
163027, 29469, 0, 0, 0
163027, 27163, 1, 0, 0
164027, 34594, 0, 0, 0
164027, 28700, 1, 0, 0
165028, 21504, 0, 0, 0
165028, 22784, 1, 0, 0
166028, 24088, 0, 0, 0
166028, 31519, 1, 0, 0
167027, 27419, 0, 0, 0
167027, 27675, 1, 0, 0
168027, 25369, 0, 0, 0
168027, 25881, 1, 0, 0
169028, 27392, 0, 0, 0
169028, 23040, 1, 0, 0
170028, 28700, 0, 0, 0
170028, 29213, 1, 0, 0
171027, 25625, 0, 0, 0
171027, 25881, 1, 0, 0
172027, 24088, 0, 0, 0
172027, 25881, 1, 0, 0
173028, 28416, 0, 0, 0
173028, 30464, 1, 0, 0
174028, 32800, 0, 0, 0
174028, 32032, 1, 0, 0
175028, 29213, 0, 0, 0
175028, 29981, 1, 0, 0
176027, 22806, 0, 0, 0
176027, 25113, 1, 0, 0
177027, 27675, 0, 0, 0
177027, 27419, 1, 0, 0
178028, 24576, 0, 0, 0
178028, 29696, 1, 0, 0
179028, 26138, 0, 0, 0
179028, 22550, 1, 0, 0
