1000, 13568, 0, 0, 0
1000, 12544, 1, 0, 0
2000, 26394, 0, 0, 0
2000, 27419, 1, 0, 0
3001, 23528, 0, 0, 0
3001, 28387, 1, 0, 0
4002, 24039, 0, 0, 0
4002, 26341, 1, 0, 0
5004, 28899, 0, 0, 0
5004, 24039, 1, 0, 0
6005, 25318, 0, 0, 0
6005, 29922, 1, 0, 0
7006, 24807, 0, 0, 0
7006, 28899, 1, 0, 0
8008, 28387, 0, 0, 0
8008, 27620, 1, 0, 0
9009, 27620, 0, 0, 0
9009, 25830, 1, 0, 0
10010, 29666, 0, 0, 0
10010, 29922, 1, 0, 0
11011, 30177, 0, 0, 0
11011, 27876, 1, 0, 0
12012, 27108, 0, 0, 0
12012, 27108, 1, 0, 0
13014, 24807, 0, 0, 0
13014, 28643, 1, 0, 0
14015, 26085, 0, 0, 0
14015, 27364, 1, 0, 0
15016, 31968, 0, 0, 0
15016, 34013, 1, 0, 0
16017, 26341, 0, 0, 0
16017, 28131, 1, 0, 0
17018, 26085, 0, 0, 0
17018, 23784, 1, 0, 0
18019, 31200, 0, 0, 0
18019, 29922, 1, 0, 0
19019, 28416, 0, 0, 0
19019, 27648, 1, 0, 0
20018, 25625, 0, 0, 0
20018, 28444, 1, 0, 0
21019, 32512, 0, 0, 0
21019, 24320, 1, 0, 0
22019, 27419, 0, 0, 0
22019, 22550, 1, 0, 0
23019, 27136, 0, 0, 0
23019, 27392, 1, 0, 0
24019, 29981, 0, 0, 0
24019, 28956, 1, 0, 0
25019, 24088, 0, 0, 0
25019, 27163, 1, 0, 0
26019, 27931, 0, 0, 0
26019, 31007, 1, 0, 0
27019, 23319, 0, 0, 0
27019, 30494, 1, 0, 0
28019, 29213, 0, 0, 0
28019, 25113, 1, 0, 0
29019, 28444, 0, 0, 0
29019, 30238, 1, 0, 0
30018, 25625, 0, 0, 0
30018, 31263, 1, 0, 0
31019, 33792, 0, 0, 0
31019, 29184, 1, 0, 0
32019, 27163, 0, 0, 0
32019, 23319, 1, 0, 0
33019, 27419, 0, 0, 0
33019, 30750, 1, 0, 0
34019, 33825, 0, 0, 0
34019, 23575, 1, 0, 0
35019, 26906, 0, 0, 0
35019, 25113, 1, 0, 0
36018, 28700, 0, 0, 0
36018, 30238, 1, 0, 0
37019, 29696, 0, 0, 0
37019, 31488, 1, 0, 0
38019, 28444, 0, 0, 0
38019, 28700, 1, 0, 0
39018, 23575, 0, 0, 0
39018, 28188, 1, 0, 0
40019, 28672, 0, 0, 0
40019, 27648, 1, 0, 0
41019, 25881, 0, 0, 0
41019, 27931, 1, 0, 0
42019, 33569, 0, 0, 0
42019, 25113, 1, 0, 0
43019, 26112, 0, 0, 0
43019, 23808, 1, 0, 0
44019, 27675, 0, 0, 0
44019, 24856, 1, 0, 0
45019, 25625, 0, 0, 0
45019, 27419, 1, 0, 0
46018, 29981, 0, 0, 0
46018, 29725, 1, 0, 0
47019, 29952, 0, 0, 0
47019, 28672, 1, 0, 0
48019, 24088, 0, 0, 0
48019, 30494, 1, 0, 0
49019, 30494, 0, 0, 0
49019, 34338, 1, 0, 0
50019, 26880, 0, 0, 0
50019, 24064, 1, 0, 0
51019, 23831, 0, 0, 0
51019, 26138, 1, 0, 0
52019, 27419, 0, 0, 0
52019, 24344, 1, 0, 0
53019, 24320, 0, 0, 0
53019, 22016, 1, 0, 0
54019, 27419, 0, 0, 0
54019, 24856, 1, 0, 0
55019, 30238, 0, 0, 0
55019, 25625, 1, 0, 0
56019, 30464, 0, 0, 0
56019, 26880, 1, 0, 0
57019, 28160, 0, 0, 0
57019, 28928, 1, 0, 0
58019, 28700, 0, 0, 0
58019, 31007, 1, 0, 0
59019, 23063, 0, 0, 0
59019, 31775, 1, 0, 0
60018, 26394, 0, 0, 0
60018, 27931, 1, 0, 0
61019, 30208, 0, 0, 0
61019, 28928, 1, 0, 0
62019, 25113, 0, 0, 0
62019, 24856, 1, 0, 0
63018, 31007, 0, 0, 0
63018, 24088, 1, 0, 0
64019, 26880, 0, 0, 0
64019, 26880, 1, 0, 0
65019, 26394, 0, 0, 0
65019, 30750, 1, 0, 0
66018, 26906, 0, 0, 0
66018, 26650, 1, 0, 0
67019, 27904, 0, 0, 0
67019, 30464, 1, 0, 0
68019, 30238, 0, 0, 0
68019, 30238, 1, 0, 0
69018, 25369, 0, 0, 0
69018, 25881, 1, 0, 0
70019, 25344, 0, 0, 0
70019, 27904, 1, 0, 0
71019, 28444, 0, 0, 0
71019, 23831, 1, 0, 0
72018, 26906, 0, 0, 0
72018, 25369, 1, 0, 0
73019, 25856, 0, 0, 0
73019, 25088, 1, 0, 0
74019, 27675, 0, 0, 0
74019, 30750, 1, 0, 0
75018, 23831, 0, 0, 0
75018, 24856, 1, 0, 0
76019, 28160, 0, 0, 0
76019, 28928, 1, 0, 0
77019, 30750, 0, 0, 0
77019, 29213, 1, 0, 0
78018, 32800, 0, 0, 0
78018, 29981, 1, 0, 0
79019, 30976, 0, 0, 0
79019, 29696, 1, 0, 0
80019, 24600, 0, 0, 0
80019, 23575, 1, 0, 0
81019, 24344, 0, 0, 0
81019, 25625, 1, 0, 0
82019, 27392, 0, 0, 0
82019, 24576, 1, 0, 0
83019, 23831, 0, 0, 0
83019, 24088, 1, 0, 0
84019, 24088, 0, 0, 0
84019, 24088, 1, 0, 0
85019, 31232, 0, 0, 0
85019, 33024, 1, 0, 0
86019, 31775, 0, 0, 0
86019, 27419, 1, 0, 0
87019, 27675, 0, 0, 0
87019, 27931, 1, 0, 0
88018, 29981, 0, 0, 0
88018, 33057, 1, 0, 0
89019, 24832, 0, 0, 0
89019, 25344, 1, 0, 0
90019, 24856, 0, 0, 0
90019, 29725, 1, 0, 0
91019, 32800, 0, 0, 0
91019, 23831, 1, 0, 0
92018, 24856, 0, 0, 0
92018, 30238, 1, 0, 0
93019, 26880, 0, 0, 0
93019, 26624, 1, 0, 0
94019, 30750, 0, 0, 0
94019, 29725, 1, 0, 0
95019, 25881, 0, 0, 0
95019, 26650, 1, 0, 0
96019, 30750, 0, 0, 0
96019, 29213, 1, 0, 0
97019, 27136, 0, 0, 0
97019, 26880, 1, 0, 0
98019, 32032, 0, 0, 0
98019, 29725, 1, 0, 0
99019, 28700, 0, 0, 0
99019, 27163, 1, 0, 0
100018, 29725, 0, 0, 0
100018, 31775, 1, 0, 0
101019, 29952, 0, 0, 0
101019, 28160, 1, 0, 0
102019, 27931, 0, 0, 0
102019, 25625, 1, 0, 0
103019, 29469, 0, 0, 0
103019, 32544, 1, 0, 0
104019, 26368, 0, 0, 0
104019, 32000, 1, 0, 0
105019, 32544, 0, 0, 0
105019, 33313, 1, 0, 0
106019, 26138, 0, 0, 0
106019, 27675, 1, 0, 0
107019, 24832, 0, 0, 0
107019, 31232, 1, 0, 0
108019, 30494, 0, 0, 0
108019, 28444, 1, 0, 0
109019, 25369, 0, 0, 0
109019, 26138, 1, 0, 0
110018, 29725, 0, 0, 0
110018, 31775, 1, 0, 0
111019, 30976, 0, 0, 0
111019, 27904, 1, 0, 0
112019, 23831, 0, 0, 0
112019, 27163, 1, 0, 0
113018, 28700, 0, 0, 0
113018, 23575, 1, 0, 0
114019, 29440, 0, 0, 0
114019, 29440, 1, 0, 0
115019, 27419, 0, 0, 0
115019, 30238, 1, 0, 0
116019, 30238, 0, 0, 0
116019, 26650, 1, 0, 0
117019, 27904, 0, 0, 0
117019, 26368, 1, 0, 0
118019, 27675, 0, 0, 0
118019, 26650, 1, 0, 0
119019, 27419, 0, 0, 0
119019, 24856, 1, 0, 0
120019, 24344, 0, 0, 0
120019, 26394, 1, 0, 0
121018, 35107, 0, 0, 0
121018, 27931, 1, 0, 0
122019, 35328, 0, 0, 0
122019, 32000, 1, 0, 0
123019, 26906, 0, 0, 0
123019, 25881, 1, 0, 0
124019, 29469, 0, 0, 0
124019, 31775, 1, 0, 0
125018, 25369, 0, 0, 0
125018, 28956, 1, 0, 0
126019, 26112, 0, 0, 0
126019, 26624, 1, 0, 0
127019, 32288, 0, 0, 0
127019, 27163, 1, 0, 0
128019, 29213, 0, 0, 0
128019, 26906, 1, 0, 0
129018, 30494, 0, 0, 0
129018, 35107, 1, 0, 0
130019, 24576, 0, 0, 0
130019, 30464, 1, 0, 0
131019, 28700, 0, 0, 0
131019, 31775, 1, 0, 0
132019, 25113, 0, 0, 0
132019, 26650, 1, 0, 0
133019, 31744, 0, 0, 0
133019, 25600, 1, 0, 0
134019, 24856, 0, 0, 0
134019, 33825, 1, 0, 0
135019, 25113, 0, 0, 0
135019, 27163, 1, 0, 0
136019, 30238, 0, 0, 0
136019, 24600, 1, 0, 0
137019, 32256, 0, 0, 0
137019, 33024, 1, 0, 0
138019, 28188, 0, 0, 0
138019, 24600, 1, 0, 0
139019, 29725, 0, 0, 0
139019, 27419, 1, 0, 0
140018, 31519, 0, 0, 0
140018, 27419, 1, 0, 0
141019, 28928, 0, 0, 0
141019, 33024, 1, 0, 0
142019, 31263, 0, 0, 0
142019, 28188, 1, 0, 0
143019, 27163, 0, 0, 0
143019, 31263, 1, 0, 0
144018, 27419, 0, 0, 0
144018, 33057, 1, 0, 0
145019, 29184, 0, 0, 0
145019, 28672, 1, 0, 0
146019, 29725, 0, 0, 0
146019, 32288, 1, 0, 0
147019, 30494, 0, 0, 0
147019, 31263, 1, 0, 0
148018, 23319, 0, 0, 0
148018, 32288, 1, 0, 0
149019, 29184, 0, 0, 0
149019, 25088, 1, 0, 0
150019, 24856, 0, 0, 0
150019, 26650, 1, 0, 0
151018, 26650, 0, 0, 0
151018, 24600, 1, 0, 0
152019, 24832, 0, 0, 0
152019, 26112, 1, 0, 0
153019, 25881, 0, 0, 0
153019, 25113, 1, 0, 0
154019, 27419, 0, 0, 0
154019, 27675, 1, 0, 0
155019, 33536, 0, 0, 0
155019, 30464, 1, 0, 0
156019, 33313, 0, 0, 0
156019, 33057, 1, 0, 0
157019, 28672, 0, 0, 0
157019, 26368, 1, 0, 0
158019, 31519, 0, 0, 0
158019, 27675, 1, 0, 0
159019, 23063, 0, 0, 0
159019, 25625, 1, 0, 0
160019, 31519, 0, 0, 0
160019, 28956, 1, 0, 0
161019, 29952, 0, 0, 0
161019, 28672, 1, 0, 0
162019, 28956, 0, 0, 0
162019, 30750, 1, 0, 0
163019, 30238, 0, 0, 0
163019, 32800, 1, 0, 0
164019, 25881, 0, 0, 0
164019, 30494, 1, 0, 0
165019, 25600, 0, 0, 0
165019, 26368, 1, 0, 0
166019, 38182, 0, 0, 0
166019, 32544, 1, 0, 0
167019, 29213, 0, 0, 0
167019, 28700, 1, 0, 0
168019, 25881, 0, 0, 0
168019, 29213, 1, 0, 0
169019, 23552, 0, 0, 0
169019, 24064, 1, 0, 0
170019, 29725, 0, 0, 0
170019, 24856, 1, 0, 0
171019, 28188, 0, 0, 0
171019, 24088, 1, 0, 0
172019, 28444, 0, 0, 0
172019, 28188, 1, 0, 0
173019, 29696, 0, 0, 0
173019, 26624, 1, 0, 0
174019, 26650, 0, 0, 0
174019, 28700, 1, 0, 0
175019, 26906, 0, 0, 0
175019, 27931, 1, 0, 0
176019, 28444, 0, 0, 0
176019, 27419, 1, 0, 0
177018, 27419, 0, 0, 0
177018, 31263, 1, 0, 0
178019, 32512, 0, 0, 0
178019, 29184, 1, 0, 0
179019, 27931, 0, 0, 0
179019, 27675, 1, 0, 0
