4002, 6144, 0, 0, 0
4002, 31744, 1, 0, 0
5001, 16912, 0, 0, 0
5001, 25113, 1, 0, 0
6002, 17152, 0, 0, 0
6002, 30720, 1, 0, 0
7001, 12812, 0, 0, 0
7001, 29213, 1, 0, 0
8000, 20756, 0, 0, 0
8000, 37157, 1, 0, 0
9003, 13285, 0, 0, 0
9003, 29892, 1, 0, 0
10004, 12019, 0, 0, 0
10004, 35548, 1, 0, 0
11005, 16623, 0, 0, 0
11005, 32479, 1, 0, 0
12005, 25088, 0, 0, 0
12005, 36096, 1, 0, 0
13006, 28160, 0, 0, 0
13006, 34816, 1, 0, 0
14007, 23808, 0, 0, 0
14007, 36096, 1, 0, 0
15008, 24320, 0, 0, 0
15008, 37888, 1, 0, 0
16009, 25344, 0, 0, 0
16009, 38144, 1, 0, 0
17010, 23808, 0, 0, 0
17010, 40448, 1, 0, 0
18010, 26624, 0, 0, 0
18010, 44288, 1, 0, 0
19011, 29440, 0, 0, 0
19011, 48128, 1, 0, 0
20012, 26880, 0, 0, 0
20012, 39936, 1, 0, 0
21013, 26853, 0, 0, 0
21013, 41430, 1, 0, 0
22014, 24576, 0, 0, 0
22014, 41216, 1, 0, 0
23015, 23040, 0, 0, 0
23015, 40960, 1, 0, 0
24015, 20736, 0, 0, 0
24015, 40448, 1, 0, 0
25016, 24320, 0, 0, 0
25016, 44800, 1, 0, 0
26017, 18432, 0, 0, 0
26017, 35840, 1, 0, 0
27017, 25856, 0, 0, 0
27017, 48128, 1, 0, 0
28018, 23040, 0, 0, 0
28018, 39424, 1, 0, 0
29019, 20736, 0, 0, 0
29019, 39680, 1, 0, 0
30019, 18176, 0, 0, 0
30019, 37888, 1, 0, 0
31019, 22294, 0, 0, 0
31019, 39463, 1, 0, 0
32019, 29952, 0, 0, 0
32019, 44032, 1, 0, 0
33019, 22806, 0, 0, 0
33019, 32800, 1, 0, 0
34019, 29696, 0, 0, 0
34019, 40960, 1, 0, 0
35020, 32512, 0, 0, 0
35020, 43520, 1, 0, 0
36021, 27392, 0, 0, 0
36021, 40704, 1, 0, 0
37021, 33536, 0, 0, 0
37021, 50176, 1, 0, 0
38022, 25856, 0, 0, 0
38022, 40192, 1, 0, 0
39022, 21248, 0, 0, 0
39022, 41472, 1, 0, 0
40022, 24600, 0, 0, 0
40022, 43819, 1, 0, 0
41022, 21248, 0, 0, 0
41022, 38912, 1, 0, 0
42022, 22038, 0, 0, 0
42022, 39207, 1, 0, 0
43022, 23040, 0, 0, 0
43022, 42496, 1, 0, 0
44022, 24600, 0, 0, 0
44022, 41001, 1, 0, 0
45022, 21760, 0, 0, 0
45022, 37632, 1, 0, 0
46022, 24088, 0, 0, 0
46022, 39463, 1, 0, 0
47023, 25856, 0, 0, 0
47023, 41728, 1, 0, 0
48022, 22038, 0, 0, 0
48022, 38438, 1, 0, 0
49022, 25881, 0, 0, 0
49022, 35363, 1, 0, 0
50022, 27904, 0, 0, 0
50022, 41216, 1, 0, 0
51022, 25113, 0, 0, 0
51022, 35363, 1, 0, 0
52022, 28416, 0, 0, 0
52022, 40448, 1, 0, 0
53022, 26906, 0, 0, 0
53022, 38438, 1, 0, 0
54022, 27648, 0, 0, 0
54022, 36864, 1, 0, 0
55022, 29213, 0, 0, 0
55022, 40488, 1, 0, 0
56022, 25856, 0, 0, 0
56022, 35840, 1, 0, 0
57022, 28956, 0, 0, 0
57022, 39975, 1, 0, 0
58023, 30720, 0, 0, 0
58023, 42496, 1, 0, 0
59022, 24600, 0, 0, 0
59022, 33057, 1, 0, 0
60023, 38912, 0, 0, 0
60023, 44032, 1, 0, 0
61022, 33825, 0, 0, 0
61022, 43563, 1, 0, 0
62022, 31007, 0, 0, 0
62022, 39463, 1, 0, 0
63022, 30720, 0, 0, 0
63022, 32768, 1, 0, 0
64022, 31519, 0, 0, 0
64022, 38182, 1, 0, 0
65022, 28672, 0, 0, 0
65022, 38400, 1, 0, 0
66023, 35840, 0, 0, 0
66023, 41984, 1, 0, 0
67022, 26906, 0, 0, 0
67022, 37669, 1, 0, 0
68022, 37120, 0, 0, 0
68022, 39936, 1, 0, 0
69022, 33825, 0, 0, 0
69022, 42794, 1, 0, 0
70022, 27648, 0, 0, 0
70022, 36352, 1, 0, 0
71022, 23831, 0, 0, 0
71022, 34850, 1, 0, 0
72022, 24832, 0, 0, 0
72022, 30208, 1, 0, 0
73022, 24088, 0, 0, 0
73022, 37413, 1, 0, 0
74022, 23808, 0, 0, 0
74022, 32000, 1, 0, 0
75022, 29725, 0, 0, 0
75022, 34594, 1, 0, 0
76022, 28928, 0, 0, 0
76022, 38400, 1, 0, 0
77022, 26906, 0, 0, 0
77022, 38182, 1, 0, 0
78022, 25856, 0, 0, 0
78022, 38912, 1, 0, 0
79023, 23296, 0, 0, 0
79023, 36352, 1, 0, 0
80022, 19987, 0, 0, 0
80022, 35619, 1, 0, 0
81022, 18944, 0, 0, 0
81022, 32256, 1, 0, 0
82022, 17425, 0, 0, 0
82022, 32032, 1, 0, 0
83022, 24576, 0, 0, 0
83022, 39936, 1, 0, 0
84022, 20244, 0, 0, 0
84022, 36900, 1, 0, 0
85022, 18432, 0, 0, 0
85022, 32256, 1, 0, 0
86022, 16912, 0, 0, 0
86022, 31775, 1, 0, 0
87022, 17152, 0, 0, 0
87022, 32512, 1, 0, 0
88022, 16400, 0, 0, 0
88022, 36388, 1, 0, 0
89022, 17920, 0, 0, 0
89022, 32256, 1, 0, 0
90022, 16656, 0, 0, 0
90022, 31775, 1, 0, 0
91022, 17920, 0, 0, 0
91022, 33024, 1, 0, 0
92022, 19200, 0, 0, 0
92022, 34816, 1, 0, 0
93022, 18962, 0, 0, 0
93022, 35363, 1, 0, 0
94022, 17920, 0, 0, 0
94022, 36608, 1, 0, 0
95022, 16912, 0, 0, 0
95022, 35363, 1, 0, 0
96022, 17920, 0, 0, 0
96022, 33536, 1, 0, 0
97022, 17425, 0, 0, 0
97022, 37413, 1, 0, 0
98022, 18944, 0, 0, 0
98022, 38400, 1, 0, 0
99022, 16912, 0, 0, 0
99022, 34594, 1, 0, 0
100022, 15104, 0, 0, 0
100022, 32512, 1, 0, 0
101022, 16400, 0, 0, 0
101022, 36388, 1, 0, 0
102022, 14080, 0, 0, 0
102022, 33792, 1, 0, 0
103022, 17425, 0, 0, 0
103022, 35107, 1, 0, 0
104022, 18176, 0, 0, 0
104022, 35328, 1, 0, 0
105023, 15360, 0, 0, 0
105023, 31488, 1, 0, 0
106022, 19219, 0, 0, 0
106022, 35875, 1, 0, 0
107022, 17664, 0, 0, 0
107022, 35840, 1, 0, 0
108022, 16144, 0, 0, 0
108022, 34594, 1, 0, 0
109022, 16896, 0, 0, 0
109022, 35328, 1, 0, 0
110022, 13837, 0, 0, 0
110022, 28700, 1, 0, 0
111022, 15360, 0, 0, 0
111022, 34304, 1, 0, 0
112022, 14862, 0, 0, 0
112022, 30238, 1, 0, 0
113022, 15360, 0, 0, 0
113022, 33280, 1, 0, 0
114022, 15375, 0, 0, 0
114022, 33825, 1, 0, 0
115022, 15104, 0, 0, 0
115022, 34304, 1, 0, 0
116022, 15631, 0, 0, 0
116022, 33569, 1, 0, 0
117022, 17152, 0, 0, 0
117022, 37120, 1, 0, 0
118022, 16400, 0, 0, 0
118022, 35107, 1, 0, 0
119022, 15104, 0, 0, 0
119022, 35584, 1, 0, 0
120022, 14606, 0, 0, 0
120022, 35107, 1, 0, 0
121022, 13824, 0, 0, 0
121022, 31488, 1, 0, 0
122022, 14606, 0, 0, 0
122022, 35619, 1, 0, 0
123022, 15360, 0, 0, 0
123022, 34816, 1, 0, 0
124023, 14592, 0, 0, 0
124023, 35072, 1, 0, 0
125022, 13581, 0, 0, 0
125022, 31263, 1, 0, 0
126022, 13056, 0, 0, 0
126022, 33024, 1, 0, 0
127022, 14606, 0, 0, 0
127022, 38438, 1, 0, 0
128023, 15872, 0, 0, 0
128023, 34304, 1, 0, 0
129022, 13837, 0, 0, 0
129022, 31519, 1, 0, 0
130023, 16640, 0, 0, 0
130023, 37888, 1, 0, 0
131022, 14094, 0, 0, 0
131022, 33825, 1, 0, 0
132022, 15104, 0, 0, 0
132022, 37120, 1, 0, 0
133022, 14862, 0, 0, 0
133022, 36644, 1, 0, 0
134022, 14848, 0, 0, 0
134022, 36608, 1, 0, 0
135022, 12556, 0, 0, 0
135022, 32032, 1, 0, 0
136022, 14848, 0, 0, 0
136022, 36608, 1, 0, 0
137022, 12044, 0, 0, 0
137022, 31007, 1, 0, 0
138022, 18944, 0, 0, 0
138022, 45568, 1, 0, 0
139022, 15887, 0, 0, 0
139022, 42026, 1, 0, 0
140022, 13568, 0, 0, 0
140022, 37632, 1, 0, 0
141022, 12556, 0, 0, 0
141022, 35875, 1, 0, 0
142022, 15104, 0, 0, 0
142022, 40704, 1, 0, 0
143022, 13069, 0, 0, 0
143022, 36644, 1, 0, 0
144022, 12544, 0, 0, 0
144022, 34560, 1, 0, 0
145023, 15616, 0, 0, 0
145023, 39168, 1, 0, 0
146022, 13581, 0, 0, 0
146022, 35619, 1, 0, 0
147022, 12288, 0, 0, 0
147022, 34048, 1, 0, 0
148022, 13325, 0, 0, 0
148022, 38694, 1, 0, 0
149022, 14848, 0, 0, 0
149022, 36864, 1, 0, 0
150022, 14606, 0, 0, 0
150022, 37413, 1, 0, 0
151022, 18688, 0, 0, 0
151022, 37376, 1, 0, 0
152022, 16912, 0, 0, 0
152022, 35363, 1, 0, 0
153022, 18944, 0, 0, 0
153022, 38656, 1, 0, 0
154022, 14606, 0, 0, 0
154022, 33313, 1, 0, 0
155022, 16896, 0, 0, 0
155022, 36352, 1, 0, 0
156022, 14592, 0, 0, 0
156022, 32000, 1, 0, 0
157022, 15631, 0, 0, 0
157022, 35619, 1, 0, 0
158023, 16640, 0, 0, 0
158023, 36608, 1, 0, 0
159022, 15887, 0, 0, 0
159022, 35363, 1, 0, 0
160022, 17920, 0, 0, 0
160022, 40704, 1, 0, 0
161022, 17937, 0, 0, 0
161022, 34594, 1, 0, 0
162022, 17920, 0, 0, 0
162022, 36608, 1, 0, 0
163022, 17937, 0, 0, 0
163022, 39207, 1, 0, 0
164022, 17920, 0, 0, 0
164022, 32256, 1, 0, 0
165022, 15887, 0, 0, 0
165022, 33057, 1, 0, 0
166022, 16128, 0, 0, 0
166022, 33024, 1, 0, 0
167022, 18962, 0, 0, 0
167022, 40232, 1, 0, 0
168022, 16384, 0, 0, 0
168022, 36608, 1, 0, 0
169022, 14606, 0, 0, 0
169022, 34082, 1, 0, 0
170022, 17408, 0, 0, 0
170022, 34816, 1, 0, 0
171022, 15631, 0, 0, 0
171022, 37413, 1, 0, 0
172022, 13312, 0, 0, 0
172022, 29440, 1, 0, 0
173023, 15872, 0, 0, 0
173023, 34304, 1, 0, 0
174022, 17937, 0, 0, 0
174022, 34082, 1, 0, 0
175023, 19968, 0, 0, 0
175023, 35584, 1, 0, 0
176022, 20244, 0, 0, 0
176022, 37157, 1, 0, 0
177023, 16128, 0, 0, 0
177023, 28160, 1, 0, 0
178022, 20500, 0, 0, 0
178022, 37157, 1, 0, 0
179022, 19712, 0, 0, 0
179022, 32000, 1, 0, 0
