4002, 7936, 0, 0, 0
4002, 32000, 1, 0, 0
5001, 15119, 0, 0, 0
5001, 31519, 1, 0, 0
6002, 19456, 0, 0, 0
6002, 37120, 1, 0, 0
7001, 15887, 0, 0, 0
7001, 38694, 1, 0, 0
8000, 17425, 0, 0, 0
8000, 39975, 1, 0, 0
9002, 22227, 0, 0, 0
9002, 34491, 1, 0, 0
10003, 22505, 0, 0, 0
10003, 32479, 1, 0, 0
11004, 18669, 0, 0, 0
11004, 31712, 1, 0, 0
12005, 17152, 0, 0, 0
12005, 31488, 1, 0, 0
13006, 18176, 0, 0, 0
13006, 34048, 1, 0, 0
14007, 21760, 0, 0, 0
14007, 31488, 1, 0, 0
15008, 23040, 0, 0, 0
15008, 30208, 1, 0, 0
16009, 24576, 0, 0, 0
16009, 32512, 1, 0, 0
17009, 18944, 0, 0, 0
17009, 35328, 1, 0, 0
18010, 16384, 0, 0, 0
18010, 32768, 1, 0, 0
19011, 16384, 0, 0, 0
19011, 36096, 1, 0, 0
20012, 15616, 0, 0, 0
20012, 33536, 1, 0, 0
21013, 14833, 0, 0, 0
21013, 27876, 1, 0, 0
22014, 19456, 0, 0, 0
22014, 33792, 1, 0, 0
23015, 18176, 0, 0, 0
23015, 33280, 1, 0, 0
24015, 20480, 0, 0, 0
24015, 35840, 1, 0, 0
25016, 15616, 0, 0, 0
25016, 31232, 1, 0, 0
26016, 20992, 0, 0, 0
26016, 34816, 1, 0, 0
27017, 15104, 0, 0, 0
27017, 33536, 1, 0, 0
28018, 15360, 0, 0, 0
28018, 32512, 1, 0, 0
29018, 14592, 0, 0, 0
29018, 32256, 1, 0, 0
30019, 14592, 0, 0, 0
30019, 30208, 1, 0, 0
31019, 24856, 0, 0, 0
31019, 35107, 1, 0, 0
32019, 19200, 0, 0, 0
32019, 35840, 1, 0, 0
33019, 18450, 0, 0, 0
33019, 39207, 1, 0, 0
34019, 17152, 0, 0, 0
34019, 34048, 1, 0, 0
35020, 17152, 0, 0, 0
35020, 33024, 1, 0, 0
36020, 20992, 0, 0, 0
36020, 41728, 1, 0, 0
37021, 17664, 0, 0, 0
37021, 32768, 1, 0, 0
38021, 23040, 0, 0, 0
38021, 37888, 1, 0, 0
39022, 22528, 0, 0, 0
39022, 34048, 1, 0, 0
40022, 34850, 0, 0, 0
40022, 41257, 1, 0, 0
41022, 31488, 0, 0, 0
41022, 36608, 1, 0, 0
42022, 32288, 0, 0, 0
42022, 36900, 1, 0, 0
43022, 31744, 0, 0, 0
43022, 40192, 1, 0, 0
44022, 26906, 0, 0, 0
44022, 32544, 1, 0, 0
45022, 35840, 0, 0, 0
45022, 35840, 1, 0, 0
46022, 26906, 0, 0, 0
46022, 36900, 1, 0, 0
47022, 32000, 0, 0, 0
47022, 37632, 1, 0, 0
48022, 28444, 0, 0, 0
48022, 38694, 1, 0, 0
49021, 27163, 0, 0, 0
49021, 35363, 1, 0, 0
50022, 31488, 0, 0, 0
50022, 43008, 1, 0, 0
51022, 24088, 0, 0, 0
51022, 27419, 1, 0, 0
52022, 24320, 0, 0, 0
52022, 38400, 1, 0, 0
53022, 28188, 0, 0, 0
53022, 36132, 1, 0, 0
54022, 38400, 0, 0, 0
54022, 38912, 1, 0, 0
55022, 30750, 0, 0, 0
55022, 36644, 1, 0, 0
56022, 29184, 0, 0, 0
56022, 37376, 1, 0, 0
57022, 29981, 0, 0, 0
57022, 33825, 1, 0, 0
58022, 28928, 0, 0, 0
58022, 36864, 1, 0, 0
59022, 34594, 0, 0, 0
59022, 35619, 1, 0, 0
60022, 32000, 0, 0, 0
60022, 32768, 1, 0, 0
61022, 31519, 0, 0, 0
61022, 36388, 1, 0, 0
62021, 31519, 0, 0, 0
62021, 32288, 1, 0, 0
63022, 30720, 0, 0, 0
63022, 34304, 1, 0, 0
64021, 30750, 0, 0, 0
64021, 38694, 1, 0, 0
65022, 34560, 0, 0, 0
65022, 35584, 1, 0, 0
66022, 34560, 0, 0, 0
66022, 38912, 1, 0, 0
67022, 31263, 0, 0, 0
67022, 36900, 1, 0, 0
68022, 33280, 0, 0, 0
68022, 39168, 1, 0, 0
69022, 31775, 0, 0, 0
69022, 35875, 1, 0, 0
70022, 38656, 0, 0, 0
70022, 40448, 1, 0, 0
71022, 39975, 0, 0, 0
71022, 43051, 1, 0, 0
72022, 30720, 0, 0, 0
72022, 34304, 1, 0, 0
73022, 29725, 0, 0, 0
73022, 40232, 1, 0, 0
74022, 34304, 0, 0, 0
74022, 34560, 1, 0, 0
75022, 31519, 0, 0, 0
75022, 37925, 1, 0, 0
76022, 29440, 0, 0, 0
76022, 37632, 1, 0, 0
77021, 28956, 0, 0, 0
77021, 35875, 1, 0, 0
78022, 33024, 0, 0, 0
78022, 44288, 1, 0, 0
79022, 22528, 0, 0, 0
79022, 31488, 1, 0, 0
80022, 26906, 0, 0, 0
80022, 33825, 1, 0, 0
81022, 30464, 0, 0, 0
81022, 39936, 1, 0, 0
82022, 34850, 0, 0, 0
82022, 39207, 1, 0, 0
83022, 24832, 0, 0, 0
83022, 30720, 1, 0, 0
84022, 28188, 0, 0, 0
84022, 34338, 1, 0, 0
85022, 25088, 0, 0, 0
85022, 33536, 1, 0, 0
86022, 25881, 0, 0, 0
86022, 32544, 1, 0, 0
87022, 30976, 0, 0, 0
87022, 39936, 1, 0, 0
88022, 35363, 0, 0, 0
88022, 43051, 1, 0, 0
89022, 29184, 0, 0, 0
89022, 37376, 1, 0, 0
90021, 29725, 0, 0, 0
90021, 38438, 1, 0, 0
91022, 28928, 0, 0, 0
91022, 37888, 1, 0, 0
92022, 26624, 0, 0, 0
92022, 36352, 1, 0, 0
93022, 30494, 0, 0, 0
93022, 39463, 1, 0, 0
94022, 23552, 0, 0, 0
94022, 33024, 1, 0, 0
95022, 23831, 0, 0, 0
95022, 32800, 1, 0, 0
96022, 26880, 0, 0, 0
96022, 32000, 1, 0, 0
97022, 27163, 0, 0, 0
97022, 36132, 1, 0, 0
98022, 30720, 0, 0, 0
98022, 37376, 1, 0, 0
99022, 31519, 0, 0, 0
99022, 35363, 1, 0, 0
100022, 32512, 0, 0, 0
100022, 39168, 1, 0, 0
101022, 29213, 0, 0, 0
101022, 37157, 1, 0, 0
102022, 25344, 0, 0, 0
102022, 33792, 1, 0, 0
103021, 24088, 0, 0, 0
103021, 34082, 1, 0, 0
104022, 27136, 0, 0, 0
104022, 33024, 1, 0, 0
105022, 25088, 0, 0, 0
105022, 37888, 1, 0, 0
106022, 26906, 0, 0, 0
106022, 32032, 1, 0, 0
107022, 24064, 0, 0, 0
107022, 31488, 1, 0, 0
108022, 26394, 0, 0, 0
108022, 33569, 1, 0, 0
109022, 32256, 0, 0, 0
109022, 39424, 1, 0, 0
110022, 32288, 0, 0, 0
110022, 39463, 1, 0, 0
111022, 31744, 0, 0, 0
111022, 42240, 1, 0, 0
112022, 35619, 0, 0, 0
112022, 40488, 1, 0, 0
113022, 29440, 0, 0, 0
113022, 35584, 1, 0, 0
114022, 26650, 0, 0, 0
114022, 33313, 1, 0, 0
115022, 30208, 0, 0, 0
115022, 38912, 1, 0, 0
116022, 29981, 0, 0, 0
116022, 36900, 1, 0, 0
117022, 27648, 0, 0, 0
117022, 38400, 1, 0, 0
118022, 29981, 0, 0, 0
118022, 33825, 1, 0, 0
119022, 28928, 0, 0, 0
119022, 42240, 1, 0, 0
120022, 26650, 0, 0, 0
120022, 34594, 1, 0, 0
121022, 27904, 0, 0, 0
121022, 35072, 1, 0, 0
122022, 28444, 0, 0, 0
122022, 31263, 1, 0, 0
123022, 27648, 0, 0, 0
123022, 34560, 1, 0, 0
124022, 32768, 0, 0, 0
124022, 39168, 1, 0, 0
125022, 25369, 0, 0, 0
125022, 34338, 1, 0, 0
126022, 24064, 0, 0, 0
126022, 31488, 1, 0, 0
127022, 28444, 0, 0, 0
127022, 38182, 1, 0, 0
128022, 25088, 0, 0, 0
128022, 32768, 1, 0, 0
129022, 23575, 0, 0, 0
129022, 30494, 1, 0, 0
130022, 25344, 0, 0, 0
130022, 33024, 1, 0, 0
131022, 28700, 0, 0, 0
131022, 36644, 1, 0, 0
132022, 26880, 0, 0, 0
132022, 36608, 1, 0, 0
133022, 24088, 0, 0, 0
133022, 30750, 1, 0, 0
134022, 25600, 0, 0, 0
134022, 33024, 1, 0, 0
135022, 23831, 0, 0, 0
135022, 31263, 1, 0, 0
136022, 24576, 0, 0, 0
136022, 34048, 1, 0, 0
137022, 32544, 0, 0, 0
137022, 40232, 1, 0, 0
138022, 28416, 0, 0, 0
138022, 35328, 1, 0, 0
139022, 32288, 0, 0, 0
139022, 39975, 1, 0, 0
140022, 32000, 0, 0, 0
140022, 37376, 1, 0, 0
141022, 29213, 0, 0, 0
141022, 37413, 1, 0, 0
142022, 27136, 0, 0, 0
142022, 37120, 1, 0, 0
143022, 25881, 0, 0, 0
143022, 28956, 1, 0, 0
144022, 26624, 0, 0, 0
144022, 35328, 1, 0, 0
145022, 26112, 0, 0, 0
145022, 35072, 1, 0, 0
146022, 28444, 0, 0, 0
146022, 39463, 1, 0, 0
147022, 26112, 0, 0, 0
147022, 30976, 1, 0, 0
148022, 19987, 0, 0, 0
148022, 29213, 1, 0, 0
149022, 24832, 0, 0, 0
149022, 32256, 1, 0, 0
150022, 30238, 0, 0, 0
150022, 40744, 1, 0, 0
151022, 29184, 0, 0, 0
151022, 37888, 1, 0, 0
152022, 25625, 0, 0, 0
152022, 35363, 1, 0, 0
153022, 22272, 0, 0, 0
153022, 30464, 1, 0, 0
154021, 26138, 0, 0, 0
154021, 36388, 1, 0, 0
155022, 24064, 0, 0, 0
155022, 35840, 1, 0, 0
156022, 26880, 0, 0, 0
156022, 33536, 1, 0, 0
157022, 26650, 0, 0, 0
157022, 36132, 1, 0, 0
158022, 29440, 0, 0, 0
158022, 38912, 1, 0, 0
159022, 29725, 0, 0, 0
159022, 38438, 1, 0, 0
160022, 28416, 0, 0, 0
160022, 35840, 1, 0, 0
161022, 28956, 0, 0, 0
161022, 37925, 1, 0, 0
162022, 28672, 0, 0, 0
162022, 38400, 1, 0, 0
163022, 25369, 0, 0, 0
163022, 34338, 1, 0, 0
164022, 31232, 0, 0, 0
164022, 40960, 1, 0, 0
165022, 31775, 0, 0, 0
165022, 37669, 1, 0, 0
166022, 29440, 0, 0, 0
166022, 38400, 1, 0, 0
167022, 28956, 0, 0, 0
167022, 38182, 1, 0, 0
168022, 32512, 0, 0, 0
168022, 38656, 1, 0, 0
169022, 24088, 0, 0, 0
169022, 34082, 1, 0, 0
170022, 28928, 0, 0, 0
170022, 40448, 1, 0, 0
171021, 26650, 0, 0, 0
171021, 36132, 1, 0, 0
172022, 28928, 0, 0, 0
172022, 36608, 1, 0, 0
173022, 28160, 0, 0, 0
173022, 37376, 1, 0, 0
174022, 28188, 0, 0, 0
174022, 36900, 1, 0, 0
175022, 30464, 0, 0, 0
175022, 37376, 1, 0, 0
176022, 26906, 0, 0, 0
176022, 32800, 1, 0, 0
177022, 26368, 0, 0, 0
177022, 37888, 1, 0, 0
178022, 32800, 0, 0, 0
178022, 39975, 1, 0, 0
179022, 24064, 0, 0, 0
179022, 35840, 1, 0, 0
