4002, 13312, 0, 0, 0
4002, 35072, 1, 0, 0
5001, 17681, 0, 0, 0
5001, 28188, 1, 0, 0
6002, 21248, 0, 0, 0
6002, 30464, 1, 0, 0
7001, 21781, 0, 0, 0
7001, 29213, 1, 0, 0
8000, 20756, 0, 0, 0
8000, 39207, 1, 0, 0
9002, 23504, 0, 0, 0
9002, 33980, 1, 0, 0
10003, 22249, 0, 0, 0
10003, 37594, 1, 0, 0
11004, 23784, 0, 0, 0
11004, 36827, 1, 0, 0
12005, 15360, 0, 0, 0
12005, 33280, 1, 0, 0
13006, 18688, 0, 0, 0
13006, 39168, 1, 0, 0
14007, 12288, 0, 0, 0
14007, 27904, 1, 0, 0
15008, 16384, 0, 0, 0
15008, 32768, 1, 0, 0
16009, 19968, 0, 0, 0
16009, 36096, 1, 0, 0
17009, 17152, 0, 0, 0
17009, 28928, 1, 0, 0
18010, 21248, 0, 0, 0
18010, 38656, 1, 0, 0
19011, 23040, 0, 0, 0
19011, 36864, 1, 0, 0
20012, 17664, 0, 0, 0
20012, 29440, 1, 0, 0
21013, 17134, 0, 0, 0
21013, 30945, 1, 0, 0
22014, 15360, 0, 0, 0
22014, 31488, 1, 0, 0
23014, 16896, 0, 0, 0
23014, 34560, 1, 0, 0
24015, 13824, 0, 0, 0
24015, 30720, 1, 0, 0
25016, 15616, 0, 0, 0
25016, 29952, 1, 0, 0
26016, 17664, 0, 0, 0
26016, 30720, 1, 0, 0
27017, 17920, 0, 0, 0
27017, 34048, 1, 0, 0
28018, 19968, 0, 0, 0
28018, 36608, 1, 0, 0
29018, 23040, 0, 0, 0
29018, 36608, 1, 0, 0
30019, 20224, 0, 0, 0
30019, 31744, 1, 0, 0
31018, 17169, 0, 0, 0
31018, 28956, 1, 0, 0
32019, 22016, 0, 0, 0
32019, 32512, 1, 0, 0
33019, 20756, 0, 0, 0
33019, 29981, 1, 0, 0
34019, 23808, 0, 0, 0
34019, 35840, 1, 0, 0
35020, 20480, 0, 0, 0
35020, 32512, 1, 0, 0
36020, 16896, 0, 0, 0
36020, 30976, 1, 0, 0
37021, 17920, 0, 0, 0
37021, 33280, 1, 0, 0
38021, 19456, 0, 0, 0
38021, 35072, 1, 0, 0
39022, 13568, 0, 0, 0
39022, 27648, 1, 0, 0
40022, 12044, 0, 0, 0
40022, 29981, 1, 0, 0
41022, 20480, 0, 0, 0
41022, 38400, 1, 0, 0
42022, 20244, 0, 0, 0
42022, 38438, 1, 0, 0
43022, 15616, 0, 0, 0
43022, 27392, 1, 0, 0
44022, 16656, 0, 0, 0
44022, 32032, 1, 0, 0
45022, 18944, 0, 0, 0
45022, 38912, 1, 0, 0
46022, 17169, 0, 0, 0
46022, 29981, 1, 0, 0
47022, 19968, 0, 0, 0
47022, 39168, 1, 0, 0
48022, 13581, 0, 0, 0
48022, 32800, 1, 0, 0
49021, 16656, 0, 0, 0
49021, 34594, 1, 0, 0
50022, 16128, 0, 0, 0
50022, 35072, 1, 0, 0
51021, 16400, 0, 0, 0
51021, 34850, 1, 0, 0
52022, 17664, 0, 0, 0
52022, 37376, 1, 0, 0
53021, 18450, 0, 0, 0
53021, 35363, 1, 0, 0
54022, 23552, 0, 0, 0
54022, 37120, 1, 0, 0
55021, 18194, 0, 0, 0
55021, 33057, 1, 0, 0
56022, 21760, 0, 0, 0
56022, 39168, 1, 0, 0
57022, 19731, 0, 0, 0
57022, 36900, 1, 0, 0
58022, 19968, 0, 0, 0
58022, 36864, 1, 0, 0
59022, 17681, 0, 0, 0
59022, 33825, 1, 0, 0
60022, 16384, 0, 0, 0
60022, 34048, 1, 0, 0
61022, 18450, 0, 0, 0
61022, 35875, 1, 0, 0
62021, 19987, 0, 0, 0
62021, 42538, 1, 0, 0
63022, 14848, 0, 0, 0
63022, 29184, 1, 0, 0
64021, 14350, 0, 0, 0
64021, 29213, 1, 0, 0
65022, 12288, 0, 0, 0
65022, 28928, 1, 0, 0
66022, 14336, 0, 0, 0
66022, 31232, 1, 0, 0
67022, 15375, 0, 0, 0
67022, 31007, 1, 0, 0
68022, 17408, 0, 0, 0
68022, 39168, 1, 0, 0
69022, 16400, 0, 0, 0
69022, 36132, 1, 0, 0
70022, 16384, 0, 0, 0
70022, 31744, 1, 0, 0
71022, 17937, 0, 0, 0
71022, 35363, 1, 0, 0
72022, 16384, 0, 0, 0
72022, 32000, 1, 0, 0
73022, 16400, 0, 0, 0
73022, 30494, 1, 0, 0
74022, 18432, 0, 0, 0
74022, 32768, 1, 0, 0
75021, 17169, 0, 0, 0
75021, 29469, 1, 0, 0
76022, 21248, 0, 0, 0
76022, 36608, 1, 0, 0
77021, 20756, 0, 0, 0
77021, 32288, 1, 0, 0
78022, 19456, 0, 0, 0
78022, 29952, 1, 0, 0
79022, 23296, 0, 0, 0
79022, 35328, 1, 0, 0
80022, 24088, 0, 0, 0
80022, 34850, 1, 0, 0
81022, 25088, 0, 0, 0
81022, 37376, 1, 0, 0
82022, 20756, 0, 0, 0
82022, 31007, 1, 0, 0
83022, 22272, 0, 0, 0
83022, 31488, 1, 0, 0
84022, 25625, 0, 0, 0
84022, 42026, 1, 0, 0
85022, 23808, 0, 0, 0
85022, 34560, 1, 0, 0
86021, 23831, 0, 0, 0
86021, 35107, 1, 0, 0
87022, 22016, 0, 0, 0
87022, 34048, 1, 0, 0
88021, 26138, 0, 0, 0
88021, 35619, 1, 0, 0
89022, 26624, 0, 0, 0
89022, 37120, 1, 0, 0
90021, 24344, 0, 0, 0
90021, 36644, 1, 0, 0
91022, 27392, 0, 0, 0
91022, 38144, 1, 0, 0
92022, 24064, 0, 0, 0
92022, 34560, 1, 0, 0
93022, 23319, 0, 0, 0
93022, 36644, 1, 0, 0
94022, 24832, 0, 0, 0
94022, 33792, 1, 0, 0
95022, 24088, 0, 0, 0
95022, 33825, 1, 0, 0
96022, 25856, 0, 0, 0
96022, 33536, 1, 0, 0
97022, 28444, 0, 0, 0
97022, 31775, 1, 0, 0
98022, 30976, 0, 0, 0
98022, 37632, 1, 0, 0
99022, 29725, 0, 0, 0
99022, 36900, 1, 0, 0
100022, 31232, 0, 0, 0
100022, 36864, 1, 0, 0
101021, 28700, 0, 0, 0
101021, 38182, 1, 0, 0
102022, 30976, 0, 0, 0
102022, 36864, 1, 0, 0
103021, 28956, 0, 0, 0
103021, 33313, 1, 0, 0
104022, 26880, 0, 0, 0
104022, 34048, 1, 0, 0
105022, 28928, 0, 0, 0
105022, 34560, 1, 0, 0
106022, 34082, 0, 0, 0
106022, 39719, 1, 0, 0
107022, 30720, 0, 0, 0
107022, 37376, 1, 0, 0
108022, 27419, 0, 0, 0
108022, 36388, 1, 0, 0
109022, 26880, 0, 0, 0
109022, 37120, 1, 0, 0
110022, 30238, 0, 0, 0
110022, 37413, 1, 0, 0
111022, 26880, 0, 0, 0
111022, 34560, 1, 0, 0
112022, 25881, 0, 0, 0
112022, 38694, 1, 0, 0
113022, 26880, 0, 0, 0
113022, 40448, 1, 0, 0
114022, 24856, 0, 0, 0
114022, 36132, 1, 0, 0
115022, 24832, 0, 0, 0
115022, 34560, 1, 0, 0
116022, 24600, 0, 0, 0
116022, 34850, 1, 0, 0
117022, 26112, 0, 0, 0
117022, 38144, 1, 0, 0
118022, 26650, 0, 0, 0
118022, 38438, 1, 0, 0
119022, 26112, 0, 0, 0
119022, 39424, 1, 0, 0
120021, 29213, 0, 0, 0
120021, 41257, 1, 0, 0
121022, 26112, 0, 0, 0
121022, 36096, 1, 0, 0
122021, 23319, 0, 0, 0
122021, 37157, 1, 0, 0
123022, 23552, 0, 0, 0
123022, 34048, 1, 0, 0
124022, 20736, 0, 0, 0
124022, 32000, 1, 0, 0
125022, 23063, 0, 0, 0
125022, 33825, 1, 0, 0
126022, 25600, 0, 0, 0
126022, 33536, 1, 0, 0
127022, 23831, 0, 0, 0
127022, 33057, 1, 0, 0
128022, 27904, 0, 0, 0
128022, 42240, 1, 0, 0
129022, 25113, 0, 0, 0
129022, 36900, 1, 0, 0
130022, 25344, 0, 0, 0
130022, 34048, 1, 0, 0
131022, 23063, 0, 0, 0
131022, 33825, 1, 0, 0
132022, 21248, 0, 0, 0
132022, 32256, 1, 0, 0
133022, 24344, 0, 0, 0
133022, 37157, 1, 0, 0
134022, 25856, 0, 0, 0
134022, 36096, 1, 0, 0
135022, 28444, 0, 0, 0
135022, 41001, 1, 0, 0
136022, 28416, 0, 0, 0
136022, 40448, 1, 0, 0
137021, 23831, 0, 0, 0
137021, 38694, 1, 0, 0
138022, 26368, 0, 0, 0
138022, 34048, 1, 0, 0
139021, 25369, 0, 0, 0
139021, 35363, 1, 0, 0
140022, 20480, 0, 0, 0
140022, 30976, 1, 0, 0
141022, 24344, 0, 0, 0
141022, 34082, 1, 0, 0
142022, 27392, 0, 0, 0
142022, 41216, 1, 0, 0
143021, 25625, 0, 0, 0
143021, 40232, 1, 0, 0
144022, 23296, 0, 0, 0
144022, 33280, 1, 0, 0
145022, 27392, 0, 0, 0
145022, 42496, 1, 0, 0
146022, 23319, 0, 0, 0
146022, 34594, 1, 0, 0
147022, 20992, 0, 0, 0
147022, 35328, 1, 0, 0
148022, 22806, 0, 0, 0
148022, 36900, 1, 0, 0
149022, 20224, 0, 0, 0
149022, 36096, 1, 0, 0
150022, 18194, 0, 0, 0
150022, 38182, 1, 0, 0
151022, 18176, 0, 0, 0
151022, 33792, 1, 0, 0
152021, 15119, 0, 0, 0
152021, 29725, 1, 0, 0
153022, 18432, 0, 0, 0
153022, 39168, 1, 0, 0
154021, 14606, 0, 0, 0
154021, 33825, 1, 0, 0
155022, 13568, 0, 0, 0
155022, 30720, 1, 0, 0
156022, 15104, 0, 0, 0
156022, 32256, 1, 0, 0
157022, 13069, 0, 0, 0
157022, 36132, 1, 0, 0
158022, 14592, 0, 0, 0
158022, 32000, 1, 0, 0
159022, 15887, 0, 0, 0
159022, 32800, 1, 0, 0
160022, 15872, 0, 0, 0
160022, 32256, 1, 0, 0
161022, 15375, 0, 0, 0
161022, 32800, 1, 0, 0
162022, 17920, 0, 0, 0
162022, 37376, 1, 0, 0
163022, 17937, 0, 0, 0
163022, 36644, 1, 0, 0
164022, 16384, 0, 0, 0
164022, 36096, 1, 0, 0
165022, 18194, 0, 0, 0
165022, 35107, 1, 0, 0
166022, 13568, 0, 0, 0
166022, 31232, 1, 0, 0
167022, 17681, 0, 0, 0
167022, 34850, 1, 0, 0
168022, 18688, 0, 0, 0
168022, 37632, 1, 0, 0
169021, 18194, 0, 0, 0
169021, 35875, 1, 0, 0
170022, 15616, 0, 0, 0
170022, 33024, 1, 0, 0
171021, 17169, 0, 0, 0
171021, 33825, 1, 0, 0
172022, 16896, 0, 0, 0
172022, 36096, 1, 0, 0
173022, 18944, 0, 0, 0
173022, 35072, 1, 0, 0
174022, 13581, 0, 0, 0
174022, 30238, 1, 0, 0
175022, 15104, 0, 0, 0
175022, 31488, 1, 0, 0
176022, 15375, 0, 0, 0
176022, 33313, 1, 0, 0
177022, 15104, 0, 0, 0
177022, 31744, 1, 0, 0
178022, 15631, 0, 0, 0
178022, 31775, 1, 0, 0
179022, 15104, 0, 0, 0
179022, 31488, 1, 0, 0
