4001, 11264, 0, 0, 0
4002, 38400, 1, 0, 0
5003, 8951, 0, 0, 0
5003, 33758, 1, 0, 0
6004, 19968, 0, 0, 0
6004, 31488, 1, 0, 0
7005, 16879, 0, 0, 0
7005, 34013, 1, 0, 0
8006, 22505, 0, 0, 0
8006, 32735, 1, 0, 0
9008, 22994, 0, 0, 0
9008, 29381, 1, 0, 0
10009, 21226, 0, 0, 0
10009, 34013, 1, 0, 0
11010, 22761, 0, 0, 0
11010, 28387, 1, 0, 0
12011, 13824, 0, 0, 0
12011, 28160, 1, 0, 0
13012, 18944, 0, 0, 0
13012, 31488, 1, 0, 0
14013, 18688, 0, 0, 0
14013, 30464, 1, 0, 0
15014, 17664, 0, 0, 0
15014, 33280, 1, 0, 0
16015, 20224, 0, 0, 0
16015, 34048, 1, 0, 0
17015, 19968, 0, 0, 0
17015, 34304, 1, 0, 0
18016, 24832, 0, 0, 0
18016, 36608, 1, 0, 0
19017, 19200, 0, 0, 0
19017, 35840, 1, 0, 0
20018, 18432, 0, 0, 0
20018, 29696, 1, 0, 0
21019, 14577, 0, 0, 0
21019, 30177, 1, 0, 0
22020, 13312, 0, 0, 0
22020, 26368, 1, 0, 0
23020, 14848, 0, 0, 0
23020, 29952, 1, 0, 0
24021, 14848, 0, 0, 0
24021, 29952, 1, 0, 0
25022, 18944, 0, 0, 0
25022, 34304, 1, 0, 0
26022, 15872, 0, 0, 0
26022, 34304, 1, 0, 0
27023, 12288, 0, 0, 0
27023, 27392, 1, 0, 0
28024, 16128, 0, 0, 0
28024, 34816, 1, 0, 0
29024, 17152, 0, 0, 0
29024, 35328, 1, 0, 0
30025, 14848, 0, 0, 0
30025, 31744, 1, 0, 0
31024, 20500, 0, 0, 0
31024, 37925, 1, 0, 0
32025, 22272, 0, 0, 0
32025, 32256, 1, 0, 0
33024, 20244, 0, 0, 0
33025, 32544, 1, 0, 0
34025, 18688, 0, 0, 0
34025, 31232, 1, 0, 0
35026, 19456, 0, 0, 0
35026, 33536, 1, 0, 0
36026, 19456, 0, 0, 0
36026, 31744, 1, 0, 0
37027, 21248, 0, 0, 0
37027, 33536, 1, 0, 0
38027, 21504, 0, 0, 0
38027, 35840, 1, 0, 0
39028, 20736, 0, 0, 0
39028, 35072, 1, 0, 0
40028, 18706, 0, 0, 0
40028, 34338, 1, 0, 0
41028, 17920, 0, 0, 0
41028, 33280, 1, 0, 0
42028, 22294, 0, 0, 0
42028, 41769, 1, 0, 0
43028, 18432, 0, 0, 0
43028, 35840, 1, 0, 0
44028, 19731, 0, 0, 0
44028, 35107, 1, 0, 0
45028, 17920, 0, 0, 0
45028, 33280, 1, 0, 0
46028, 20244, 0, 0, 0
46028, 39207, 1, 0, 0
47028, 15872, 0, 0, 0
47028, 34560, 1, 0, 0
48028, 19987, 0, 0, 0
48028, 39207, 1, 0, 0
49027, 20244, 0, 0, 0
49027, 35363, 1, 0, 0
50028, 15872, 0, 0, 0
50028, 33536, 1, 0, 0
51027, 14606, 0, 0, 0
51027, 31263, 1, 0, 0
52028, 12288, 0, 0, 0
52028, 33024, 1, 0, 0
53027, 15375, 0, 0, 0
53027, 29725, 1, 0, 0
54028, 15104, 0, 0, 0
54028, 27904, 1, 0, 0
55027, 21269, 0, 0, 0
55027, 34850, 1, 0, 0
56028, 24576, 0, 0, 0
56028, 38400, 1, 0, 0
57028, 27931, 0, 0, 0
57028, 37925, 1, 0, 0
58028, 24064, 0, 0, 0
58028, 31744, 1, 0, 0
59028, 33313, 0, 0, 0
59028, 38694, 1, 0, 0
60028, 26112, 0, 0, 0
60028, 34560, 1, 0, 0
61028, 25113, 0, 0, 0
61028, 31775, 1, 0, 0
62027, 26394, 0, 0, 0
62027, 30494, 1, 0, 0
63028, 25856, 0, 0, 0
63028, 34048, 1, 0, 0
64027, 22294, 0, 0, 0
64027, 32800, 1, 0, 0
65028, 22784, 0, 0, 0
65028, 29440, 1, 0, 0
66028, 20736, 0, 0, 0
66028, 30720, 1, 0, 0
67028, 21781, 0, 0, 0
67028, 29725, 1, 0, 0
68028, 24576, 0, 0, 0
68028, 36608, 1, 0, 0
69028, 21781, 0, 0, 0
69028, 32800, 1, 0, 0
70028, 23040, 0, 0, 0
70028, 33792, 1, 0, 0
71028, 18706, 0, 0, 0
71028, 30750, 1, 0, 0
72028, 20992, 0, 0, 0
72028, 33280, 1, 0, 0
73027, 23319, 0, 0, 0
73027, 34338, 1, 0, 0
74028, 23040, 0, 0, 0
74028, 34816, 1, 0, 0
75027, 17937, 0, 0, 0
75027, 28444, 1, 0, 0
76028, 23552, 0, 0, 0
76028, 39168, 1, 0, 0
77027, 21013, 0, 0, 0
77027, 39719, 1, 0, 0
78028, 16896, 0, 0, 0
78028, 32256, 1, 0, 0
79028, 15872, 0, 0, 0
79028, 33024, 1, 0, 0
80028, 17937, 0, 0, 0
80028, 37157, 1, 0, 0
81028, 17920, 0, 0, 0
81028, 37632, 1, 0, 0
82028, 14862, 0, 0, 0
82028, 33825, 1, 0, 0
83028, 18176, 0, 0, 0
83028, 36608, 1, 0, 0
84027, 16400, 0, 0, 0
84027, 35107, 1, 0, 0
85028, 18944, 0, 0, 0
85028, 40448, 1, 0, 0
86027, 16144, 0, 0, 0
86027, 34594, 1, 0, 0
87028, 17152, 0, 0, 0
87028, 35328, 1, 0, 0
88027, 18194, 0, 0, 0
88027, 37157, 1, 0, 0
89028, 22016, 0, 0, 0
89028, 37632, 1, 0, 0
90027, 20756, 0, 0, 0
90027, 38438, 1, 0, 0
91028, 20480, 0, 0, 0
91028, 38400, 1, 0, 0
92028, 14848, 0, 0, 0
92028, 30464, 1, 0, 0
93028, 16144, 0, 0, 0
93028, 33825, 1, 0, 0
94028, 15872, 0, 0, 0
94028, 33024, 1, 0, 0
95028, 17425, 0, 0, 0
95028, 35875, 1, 0, 0
96028, 18688, 0, 0, 0
96028, 36352, 1, 0, 0
97028, 17425, 0, 0, 0
97028, 34338, 1, 0, 0
98028, 17920, 0, 0, 0
98028, 37376, 1, 0, 0
99028, 18962, 0, 0, 0
99028, 36644, 1, 0, 0
100028, 13568, 0, 0, 0
100028, 33280, 1, 0, 0
101027, 16400, 0, 0, 0
101027, 33057, 1, 0, 0
102028, 17408, 0, 0, 0
102028, 38400, 1, 0, 0
103027, 16656, 0, 0, 0
103027, 36388, 1, 0, 0
104028, 17664, 0, 0, 0
104028, 37120, 1, 0, 0
105028, 15360, 0, 0, 0
105028, 29696, 1, 0, 0
106028, 17425, 0, 0, 0
106028, 38182, 1, 0, 0
107028, 16128, 0, 0, 0
107028, 35072, 1, 0, 0
108028, 18450, 0, 0, 0
108028, 41513, 1, 0, 0
109028, 15104, 0, 0, 0
109028, 32000, 1, 0, 0
110028, 14094, 0, 0, 0
110028, 32544, 1, 0, 0
111028, 15360, 0, 0, 0
111028, 34048, 1, 0, 0
112028, 16144, 0, 0, 0
112028, 36644, 1, 0, 0
113028, 16128, 0, 0, 0
113028, 38912, 1, 0, 0
114028, 18194, 0, 0, 0
114028, 39975, 1, 0, 0
115028, 14592, 0, 0, 0
115028, 33280, 1, 0, 0
116028, 15119, 0, 0, 0
116028, 31263, 1, 0, 0
117028, 13056, 0, 0, 0
117028, 29952, 1, 0, 0
118027, 18706, 0, 0, 0
118027, 39719, 1, 0, 0
119028, 15616, 0, 0, 0
119028, 32768, 1, 0, 0
120027, 16656, 0, 0, 0
120027, 32800, 1, 0, 0
121028, 13056, 0, 0, 0
121028, 32000, 1, 0, 0
122027, 13837, 0, 0, 0
122027, 32800, 1, 0, 0
123028, 13824, 0, 0, 0
123028, 32768, 1, 0, 0
124028, 12544, 0, 0, 0
124028, 33024, 1, 0, 0
125028, 12812, 0, 0, 0
125028, 30238, 1, 0, 0
126028, 12544, 0, 0, 0
126028, 31232, 1, 0, 0
127028, 15375, 0, 0, 0
127028, 36132, 1, 0, 0
128028, 14848, 0, 0, 0
128028, 40448, 1, 0, 0
129028, 12812, 0, 0, 0
129028, 34594, 1, 0, 0
130028, 12032, 0, 0, 0
130028, 31744, 1, 0, 0
131028, 13069, 0, 0, 0
131028, 36644, 1, 0, 0
132028, 12032, 0, 0, 0
132028, 36096, 1, 0, 0
133028, 14862, 0, 0, 0
133028, 36132, 1, 0, 0
134028, 12544, 0, 0, 0
134028, 36352, 1, 0, 0
135028, 10506, 0, 0, 0
135028, 28188, 1, 0, 0
136028, 12800, 0, 0, 0
136028, 31232, 1, 0, 0
137027, 12044, 0, 0, 0
137027, 31007, 1, 0, 0
138028, 13568, 0, 0, 0
138028, 38912, 1, 0, 0
139027, 11787, 0, 0, 0
139027, 31775, 1, 0, 0
140028, 11776, 0, 0, 0
140028, 32256, 1, 0, 0
141028, 11019, 0, 0, 0
141028, 27675, 1, 0, 0
142028, 13056, 0, 0, 0
142028, 34048, 1, 0, 0
143027, 14606, 0, 0, 0
143027, 32800, 1, 0, 0
144028, 14336, 0, 0, 0
144028, 33792, 1, 0, 0
145028, 16384, 0, 0, 0
145028, 37120, 1, 0, 0
146028, 17681, 0, 0, 0
146028, 35875, 1, 0, 0
147028, 15616, 0, 0, 0
147028, 29696, 1, 0, 0
148028, 18706, 0, 0, 0
148028, 34338, 1, 0, 0
149028, 12032, 0, 0, 0
149028, 25344, 1, 0, 0
150028, 14350, 0, 0, 0
150028, 30494, 1, 0, 0
151028, 17408, 0, 0, 0
151028, 34048, 1, 0, 0
152027, 14350, 0, 0, 0
152027, 29981, 1, 0, 0
153028, 15616, 0, 0, 0
153028, 31744, 1, 0, 0
154027, 16656, 0, 0, 0
154027, 32800, 1, 0, 0
155028, 14336, 0, 0, 0
155028, 27648, 1, 0, 0
156028, 15616, 0, 0, 0
156028, 31744, 1, 0, 0
157028, 18706, 0, 0, 0
157028, 36388, 1, 0, 0
158028, 16128, 0, 0, 0
158028, 34048, 1, 0, 0
159028, 15887, 0, 0, 0
159028, 35107, 1, 0, 0
160028, 14848, 0, 0, 0
160028, 29184, 1, 0, 0
161028, 14862, 0, 0, 0
161028, 28956, 1, 0, 0
162028, 12800, 0, 0, 0
162028, 30720, 1, 0, 0
163028, 15119, 0, 0, 0
163028, 28444, 1, 0, 0
164028, 15872, 0, 0, 0
164028, 31744, 1, 0, 0
165028, 15887, 0, 0, 0
165028, 29213, 1, 0, 0
166028, 14848, 0, 0, 0
166028, 29184, 1, 0, 0
167027, 21013, 0, 0, 0
167027, 34850, 1, 0, 0
168028, 17152, 0, 0, 0
168028, 29184, 1, 0, 0
169027, 18962, 0, 0, 0
169027, 29981, 1, 0, 0
170028, 18176, 0, 0, 0
170028, 32512, 1, 0, 0
171027, 18450, 0, 0, 0
171027, 31519, 1, 0, 0
172028, 19456, 0, 0, 0
172028, 33792, 1, 0, 0
173028, 17152, 0, 0, 0
173028, 31744, 1, 0, 0
174028, 16912, 0, 0, 0
174028, 30494, 1, 0, 0
175028, 16384, 0, 0, 0
175028, 30720, 1, 0, 0
176028, 15887, 0, 0, 0
176028, 25881, 1, 0, 0
177028, 15360, 0, 0, 0
177028, 33280, 1, 0, 0
178028, 19731, 0, 0, 0
178028, 30494, 1, 0, 0
179028, 17408, 0, 0, 0
179028, 29952, 1, 0, 0
