4000, 5637, 0, 0, 0
4000, 29981, 1, 0, 0
4999, 18450, 0, 0, 0
4999, 31007, 1, 0, 0
5998, 24344, 0, 0, 0
5998, 33825, 1, 0, 0
6997, 19987, 0, 0, 0
6997, 31775, 1, 0, 0
7996, 25625, 0, 0, 0
7996, 35875, 1, 0, 0
8995, 21013, 0, 0, 0
8995, 36644, 1, 0, 0
9996, 19712, 0, 0, 0
9996, 31232, 1, 0, 0
10995, 22806, 0, 0, 0
10995, 36900, 1, 0, 0
11996, 17920, 0, 0, 0
11996, 36096, 1, 0, 0
12997, 15616, 0, 0, 0
12997, 34560, 1, 0, 0
13998, 20480, 0, 0, 0
13998, 39936, 1, 0, 0
14999, 18432, 0, 0, 0
14999, 36864, 1, 0, 0
15999, 16384, 0, 0, 0
15999, 38144, 1, 0, 0
17000, 19712, 0, 0, 0
17000, 37120, 1, 0, 0
18001, 20480, 0, 0, 0
18001, 32000, 1, 0, 0
19002, 20736, 0, 0, 0
19002, 33024, 1, 0, 0
20003, 18176, 0, 0, 0
20003, 31232, 1, 0, 0
21002, 13325, 0, 0, 0
21002, 31007, 1, 0, 0
22003, 16896, 0, 0, 0
22003, 31744, 1, 0, 0
23003, 14336, 0, 0, 0
23003, 30720, 1, 0, 0
24004, 13568, 0, 0, 0
24004, 36096, 1, 0, 0
25004, 15887, 0, 0, 0
25004, 32544, 1, 0, 0
26003, 18194, 0, 0, 0
26003, 34594, 1, 0, 0
27004, 16640, 0, 0, 0
27004, 32512, 1, 0, 0
28003, 16912, 0, 0, 0
28003, 27931, 1, 0, 0
29003, 18706, 0, 0, 0
29003, 29725, 1, 0, 0
30003, 20756, 0, 0, 0
30003, 30494, 1, 0, 0
31003, 22272, 0, 0, 0
31003, 30208, 1, 0, 0
32004, 24832, 0, 0, 0
32004, 37120, 1, 0, 0
33003, 18450, 0, 0, 0
33003, 28700, 1, 0, 0
34004, 20992, 0, 0, 0
34004, 33280, 1, 0, 0
35003, 22038, 0, 0, 0
35003, 33569, 1, 0, 0
36004, 20480, 0, 0, 0
36004, 31232, 1, 0, 0
37004, 22550, 0, 0, 0
37004, 30494, 1, 0, 0
38003, 21781, 0, 0, 0
38003, 32800, 1, 0, 0
39004, 22016, 0, 0, 0
39004, 31744, 1, 0, 0
40003, 15631, 0, 0, 0
40003, 29213, 1, 0, 0
41004, 17408, 0, 0, 0
41004, 32512, 1, 0, 0
42003, 17169, 0, 0, 0
42003, 35619, 1, 0, 0
43004, 15616, 0, 0, 0
43004, 30720, 1, 0, 0
44003, 16656, 0, 0, 0
44003, 31519, 1, 0, 0
45004, 15872, 0, 0, 0
45004, 29440, 1, 0, 0
46004, 18706, 0, 0, 0
46004, 34338, 1, 0, 0
47004, 15872, 0, 0, 0
47004, 32512, 1, 0, 0
48004, 13069, 0, 0, 0
48004, 30494, 1, 0, 0
49003, 10762, 0, 0, 0
49003, 24856, 1, 0, 0
50004, 11776, 0, 0, 0
50004, 29952, 1, 0, 0
51003, 14350, 0, 0, 0
51003, 32800, 1, 0, 0
52004, 11264, 0, 0, 0
52004, 28928, 1, 0, 0
53003, 13581, 0, 0, 0
53003, 34594, 1, 0, 0
54004, 17152, 0, 0, 0
54004, 37120, 1, 0, 0
55003, 19475, 0, 0, 0
55003, 33569, 1, 0, 0
56004, 23040, 0, 0, 0
56004, 32512, 1, 0, 0
57004, 26138, 0, 0, 0
57004, 35107, 1, 0, 0
58004, 23040, 0, 0, 0
58004, 34560, 1, 0, 0
59004, 21013, 0, 0, 0
59004, 32800, 1, 0, 0
60004, 22272, 0, 0, 0
60004, 37888, 1, 0, 0
61004, 21781, 0, 0, 0
61004, 34338, 1, 0, 0
62003, 22038, 0, 0, 0
62003, 38438, 1, 0, 0
63004, 22272, 0, 0, 0
63004, 36352, 1, 0, 0
64003, 22806, 0, 0, 0
64003, 36388, 1, 0, 0
65004, 20992, 0, 0, 0
65004, 35072, 1, 0, 0
66004, 19200, 0, 0, 0
66004, 32512, 1, 0, 0
67004, 17169, 0, 0, 0
67004, 33569, 1, 0, 0
68004, 18176, 0, 0, 0
68004, 37376, 1, 0, 0
69003, 14862, 0, 0, 0
69003, 36644, 1, 0, 0
70004, 16384, 0, 0, 0
70004, 37120, 1, 0, 0
71003, 14350, 0, 0, 0
71003, 41257, 1, 0, 0
72004, 13056, 0, 0, 0
72004, 34560, 1, 0, 0
73003, 11275, 0, 0, 0
73003, 31519, 1, 0, 0
74004, 9984, 0, 0, 0
74004, 30464, 1, 0, 0
75003, 9737, 0, 0, 0
75003, 32544, 1, 0, 0
76004, 12544, 0, 0, 0
76004, 35840, 1, 0, 0
77003, 11531, 0, 0, 0
77003, 32544, 1, 0, 0
78004, 11008, 0, 0, 0
78004, 35072, 1, 0, 0
79004, 11776, 0, 0, 0
79004, 37888, 1, 0, 0
80004, 9993, 0, 0, 0
80004, 32032, 1, 0, 0
81004, 10240, 0, 0, 0
81004, 35584, 1, 0, 0
82003, 10250, 0, 0, 0
82003, 33825, 1, 0, 0
83004, 8704, 0, 0, 0
83004, 34048, 1, 0, 0
84003, 9737, 0, 0, 0
84003, 32544, 1, 0, 0
85004, 10752, 0, 0, 0
85004, 37888, 1, 0, 0
86003, 10250, 0, 0, 0
86003, 33057, 1, 0, 0
87004, 12288, 0, 0, 0
87004, 34048, 1, 0, 0
88003, 8200, 0, 0, 0
88003, 31519, 1, 0, 0
89004, 12800, 0, 0, 0
89004, 35840, 1, 0, 0
90003, 12300, 0, 0, 0
90003, 35875, 1, 0, 0
91004, 12544, 0, 0, 0
91004, 39168, 1, 0, 0
92004, 11008, 0, 0, 0
92004, 32512, 1, 0, 0
93003, 12300, 0, 0, 0
93003, 33057, 1, 0, 0
94004, 12032, 0, 0, 0
94004, 35840, 1, 0, 0
95003, 13325, 0, 0, 0
95003, 38694, 1, 0, 0
96004, 18944, 0, 0, 0
96004, 44032, 1, 0, 0
97003, 18194, 0, 0, 0
97003, 36644, 1, 0, 0
98004, 18944, 0, 0, 0
98004, 39424, 1, 0, 0
99003, 16144, 0, 0, 0
99003, 35619, 1, 0, 0
100004, 17664, 0, 0, 0
100004, 36864, 1, 0, 0
101003, 16912, 0, 0, 0
101003, 35619, 1, 0, 0
102004, 17920, 0, 0, 0
102004, 35584, 1, 0, 0
103003, 20756, 0, 0, 0
103003, 37925, 1, 0, 0
104004, 18176, 0, 0, 0
104004, 33792, 1, 0, 0
105004, 21504, 0, 0, 0
105004, 36352, 1, 0, 0
106003, 13325, 0, 0, 0
106003, 29725, 1, 0, 0
107004, 18176, 0, 0, 0
107004, 35840, 1, 0, 0
108004, 17425, 0, 0, 0
108004, 37925, 1, 0, 0
109004, 16128, 0, 0, 0
109004, 38400, 1, 0, 0
110004, 16656, 0, 0, 0
110004, 38950, 1, 0, 0
111004, 13312, 0, 0, 0
111004, 31232, 1, 0, 0
112003, 16144, 0, 0, 0
112003, 34850, 1, 0, 0
113004, 16896, 0, 0, 0
113004, 33536, 1, 0, 0
114003, 16656, 0, 0, 0
114003, 33313, 1, 0, 0
115004, 16640, 0, 0, 0
115004, 32256, 1, 0, 0
116003, 19987, 0, 0, 0
116003, 39463, 1, 0, 0
117004, 18176, 0, 0, 0
117004, 35328, 1, 0, 0
118003, 19731, 0, 0, 0
118003, 39207, 1, 0, 0
119004, 17664, 0, 0, 0
119004, 36352, 1, 0, 0
120003, 20756, 0, 0, 0
120003, 38438, 1, 0, 0
121004, 17664, 0, 0, 0
121004, 37376, 1, 0, 0
122003, 18450, 0, 0, 0
122003, 37925, 1, 0, 0
123004, 16384, 0, 0, 0
123004, 33792, 1, 0, 0
124004, 17920, 0, 0, 0
124004, 36608, 1, 0, 0
125004, 17425, 0, 0, 0
125004, 31519, 1, 0, 0
126004, 20992, 0, 0, 0
126004, 37120, 1, 0, 0
127004, 21781, 0, 0, 0
127004, 36132, 1, 0, 0
128004, 24832, 0, 0, 0
128004, 40192, 1, 0, 0
129004, 26650, 0, 0, 0
129004, 41513, 1, 0, 0
130004, 23552, 0, 0, 0
130004, 34048, 1, 0, 0
131004, 24344, 0, 0, 0
131004, 36900, 1, 0, 0
132004, 24064, 0, 0, 0
132004, 38144, 1, 0, 0
133003, 17681, 0, 0, 0
133003, 31007, 1, 0, 0
134004, 23552, 0, 0, 0
134004, 37632, 1, 0, 0
135003, 23063, 0, 0, 0
135003, 37925, 1, 0, 0
136004, 19712, 0, 0, 0
136004, 33536, 1, 0, 0
137003, 20756, 0, 0, 0
137003, 35875, 1, 0, 0
138004, 22784, 0, 0, 0
138004, 41728, 1, 0, 0
139003, 19475, 0, 0, 0
139003, 33313, 1, 0, 0
140004, 20992, 0, 0, 0
140004, 37120, 1, 0, 0
141003, 19219, 0, 0, 0
141003, 31519, 1, 0, 0
142004, 19456, 0, 0, 0
142004, 34048, 1, 0, 0
143003, 20756, 0, 0, 0
143003, 37669, 1, 0, 0
144004, 19200, 0, 0, 0
144004, 31744, 1, 0, 0
145004, 20736, 0, 0, 0
145004, 37120, 1, 0, 0
146003, 24088, 0, 0, 0
146003, 36132, 1, 0, 0
147004, 19456, 0, 0, 0
147004, 34304, 1, 0, 0
148003, 22550, 0, 0, 0
148003, 34082, 1, 0, 0
149004, 22528, 0, 0, 0
149004, 36608, 1, 0, 0
150003, 21013, 0, 0, 0
150003, 33313, 1, 0, 0
151004, 23040, 0, 0, 0
151004, 37120, 1, 0, 0
152003, 20244, 0, 0, 0
152003, 34082, 1, 0, 0
153004, 20992, 0, 0, 0
153004, 39936, 1, 0, 0
154003, 18962, 0, 0, 0
154003, 31775, 1, 0, 0
155004, 19968, 0, 0, 0
155004, 32768, 1, 0, 0
156004, 21248, 0, 0, 0
156004, 36608, 1, 0, 0
157004, 21013, 0, 0, 0
157004, 36644, 1, 0, 0
158004, 23040, 0, 0, 0
158004, 37120, 1, 0, 0
159004, 20500, 0, 0, 0
159004, 35619, 1, 0, 0
160004, 23552, 0, 0, 0
160004, 41216, 1, 0, 0
161004, 22038, 0, 0, 0
161004, 38950, 1, 0, 0
162004, 22528, 0, 0, 0
162004, 34816, 1, 0, 0
163003, 19475, 0, 0, 0
163003, 36132, 1, 0, 0
164004, 26368, 0, 0, 0
164004, 39424, 1, 0, 0
165003, 22038, 0, 0, 0
165003, 34594, 1, 0, 0
166004, 20224, 0, 0, 0
166004, 32768, 1, 0, 0
167003, 22038, 0, 0, 0
167003, 35619, 1, 0, 0
168004, 22784, 0, 0, 0
168004, 36096, 1, 0, 0
169003, 16912, 0, 0, 0
169003, 30750, 1, 0, 0
170004, 20992, 0, 0, 0
170004, 35584, 1, 0, 0
171003, 20244, 0, 0, 0
171003, 35875, 1, 0, 0
172004, 21248, 0, 0, 0
172004, 37376, 1, 0, 0
173004, 24320, 0, 0, 0
173004, 40960, 1, 0, 0
174004, 21013, 0, 0, 0
174004, 33313, 1, 0, 0
175004, 19200, 0, 0, 0
175004, 30720, 1, 0, 0
176004, 17681, 0, 0, 0
176004, 33057, 1, 0, 0
177004, 23040, 0, 0, 0
177004, 38912, 1, 0, 0
178003, 23063, 0, 0, 0
178003, 39719, 1, 0, 0
179004, 24064, 0, 0, 0
179004, 38144, 1, 0, 0
