4002, 5882, 0, 0, 0
4002, 27876, 1, 0, 0
5001, 15631, 0, 0, 0
5001, 29725, 1, 0, 0
6002, 23040, 0, 0, 0
6002, 34048, 1, 0, 0
7001, 13069, 0, 0, 0
7001, 31263, 1, 0, 0
8000, 15375, 0, 0, 0
8000, 33057, 1, 0, 0
9001, 15616, 0, 0, 0
9001, 33280, 1, 0, 0
10002, 13810, 0, 0, 0
10002, 29666, 1, 0, 0
11003, 15856, 0, 0, 0
11003, 28131, 1, 0, 0
12004, 24064, 0, 0, 0
12004, 34816, 1, 0, 0
13004, 23040, 0, 0, 0
13004, 34816, 1, 0, 0
14005, 21504, 0, 0, 0
14005, 27648, 1, 0, 0
15006, 18944, 0, 0, 0
15006, 31744, 1, 0, 0
16007, 18944, 0, 0, 0
16007, 34816, 1, 0, 0
17008, 19968, 0, 0, 0
17008, 38400, 1, 0, 0
18009, 15872, 0, 0, 0
18009, 28928, 1, 0, 0
19009, 16640, 0, 0, 0
19009, 32768, 1, 0, 0
20010, 17152, 0, 0, 0
20010, 32768, 1, 0, 0
21011, 17390, 0, 0, 0
21011, 34269, 1, 0, 0
22012, 17664, 0, 0, 0
22012, 32512, 1, 0, 0
23013, 19456, 0, 0, 0
23013, 35840, 1, 0, 0
24013, 19200, 0, 0, 0
24013, 38400, 1, 0, 0
25014, 15360, 0, 0, 0
25014, 37632, 1, 0, 0
26015, 14336, 0, 0, 0
26015, 36096, 1, 0, 0
27015, 12032, 0, 0, 0
27015, 36352, 1, 0, 0
28016, 9728, 0, 0, 0
28016, 38144, 1, 0, 0
29017, 11264, 0, 0, 0
29017, 36096, 1, 0, 0
30017, 13056, 0, 0, 0
30017, 35328, 1, 0, 0
31017, 16400, 0, 0, 0
31017, 33313, 1, 0, 0
32017, 17664, 0, 0, 0
32017, 36608, 1, 0, 0
33017, 15119, 0, 0, 0
33017, 32288, 1, 0, 0
34017, 21248, 0, 0, 0
34017, 35840, 1, 0, 0
35018, 24576, 0, 0, 0
35018, 37376, 1, 0, 0
36019, 23552, 0, 0, 0
36019, 36608, 1, 0, 0
37019, 23040, 0, 0, 0
37019, 34048, 1, 0, 0
38020, 24832, 0, 0, 0
38020, 37376, 1, 0, 0
39020, 24064, 0, 0, 0
39020, 36608, 1, 0, 0
40020, 21525, 0, 0, 0
40020, 33313, 1, 0, 0
41020, 19456, 0, 0, 0
41020, 32512, 1, 0, 0
42020, 20244, 0, 0, 0
42020, 36388, 1, 0, 0
43020, 17408, 0, 0, 0
43020, 35328, 1, 0, 0
44020, 16912, 0, 0, 0
44020, 36644, 1, 0, 0
45021, 17920, 0, 0, 0
45021, 37376, 1, 0, 0
46020, 15375, 0, 0, 0
46020, 35363, 1, 0, 0
47021, 16128, 0, 0, 0
47021, 38400, 1, 0, 0
48020, 18450, 0, 0, 0
48020, 41769, 1, 0, 0
49020, 14094, 0, 0, 0
49020, 41257, 1, 0, 0
50020, 13824, 0, 0, 0
50020, 40192, 1, 0, 0
51020, 12556, 0, 0, 0
51020, 39463, 1, 0, 0
52020, 14336, 0, 0, 0
52020, 38144, 1, 0, 0
53020, 11531, 0, 0, 0
53020, 32288, 1, 0, 0
54020, 11776, 0, 0, 0
54020, 33792, 1, 0, 0
55020, 16144, 0, 0, 0
55020, 37413, 1, 0, 0
56020, 15872, 0, 0, 0
56020, 36096, 1, 0, 0
57020, 17425, 0, 0, 0
57020, 37413, 1, 0, 0
58021, 19712, 0, 0, 0
58021, 38400, 1, 0, 0
59020, 18706, 0, 0, 0
59020, 33313, 1, 0, 0
60021, 16896, 0, 0, 0
60021, 32000, 1, 0, 0
61020, 17169, 0, 0, 0
61020, 34082, 1, 0, 0
62020, 18450, 0, 0, 0
62020, 33057, 1, 0, 0
63020, 19456, 0, 0, 0
63020, 32768, 1, 0, 0
64020, 18194, 0, 0, 0
64020, 31519, 1, 0, 0
65020, 18432, 0, 0, 0
65020, 33792, 1, 0, 0
66021, 17920, 0, 0, 0
66021, 34048, 1, 0, 0
67020, 19731, 0, 0, 0
67020, 38950, 1, 0, 0
68020, 15360, 0, 0, 0
68020, 28672, 1, 0, 0
69020, 18450, 0, 0, 0
69020, 32800, 1, 0, 0
70020, 20992, 0, 0, 0
70020, 35328, 1, 0, 0
71020, 22550, 0, 0, 0
71020, 38182, 1, 0, 0
72020, 19712, 0, 0, 0
72020, 34304, 1, 0, 0
73020, 16400, 0, 0, 0
73020, 31775, 1, 0, 0
74020, 17408, 0, 0, 0
74020, 30720, 1, 0, 0
75020, 16400, 0, 0, 0
75020, 29725, 1, 0, 0
76020, 21760, 0, 0, 0
76020, 38656, 1, 0, 0
77020, 20500, 0, 0, 0
77020, 32288, 1, 0, 0
78020, 21248, 0, 0, 0
78020, 36608, 1, 0, 0
79021, 19456, 0, 0, 0
79021, 31488, 1, 0, 0
80020, 17425, 0, 0, 0
80020, 33569, 1, 0, 0
81021, 17152, 0, 0, 0
81021, 30720, 1, 0, 0
82020, 18450, 0, 0, 0
82020, 32032, 1, 0, 0
83020, 19456, 0, 0, 0
83020, 35072, 1, 0, 0
84020, 23831, 0, 0, 0
84020, 35619, 1, 0, 0
85020, 24064, 0, 0, 0
85020, 36352, 1, 0, 0
86020, 24600, 0, 0, 0
86020, 34338, 1, 0, 0
87020, 24320, 0, 0, 0
87020, 34048, 1, 0, 0
88020, 24088, 0, 0, 0
88020, 35619, 1, 0, 0
89020, 21760, 0, 0, 0
89020, 31232, 1, 0, 0
90020, 20244, 0, 0, 0
90020, 31263, 1, 0, 0
91020, 19968, 0, 0, 0
91020, 31232, 1, 0, 0
92020, 23552, 0, 0, 0
92020, 34816, 1, 0, 0
93020, 25881, 0, 0, 0
93020, 37669, 1, 0, 0
94020, 19456, 0, 0, 0
94020, 28416, 1, 0, 0
95020, 22038, 0, 0, 0
95020, 33313, 1, 0, 0
96020, 18944, 0, 0, 0
96020, 30208, 1, 0, 0
97020, 22806, 0, 0, 0
97020, 34594, 1, 0, 0
98020, 25344, 0, 0, 0
98020, 34560, 1, 0, 0
99020, 26138, 0, 0, 0
99020, 38694, 1, 0, 0
100020, 23296, 0, 0, 0
100020, 33024, 1, 0, 0
101020, 24088, 0, 0, 0
101020, 36132, 1, 0, 0
102020, 21248, 0, 0, 0
102020, 31488, 1, 0, 0
103020, 21013, 0, 0, 0
103020, 33057, 1, 0, 0
104020, 16896, 0, 0, 0
104020, 27904, 1, 0, 0
105021, 19200, 0, 0, 0
105021, 30464, 1, 0, 0
106020, 23319, 0, 0, 0
106020, 35107, 1, 0, 0
107021, 20480, 0, 0, 0
107021, 36096, 1, 0, 0
108020, 18450, 0, 0, 0
108020, 30494, 1, 0, 0
109021, 19200, 0, 0, 0
109021, 31232, 1, 0, 0
110020, 21781, 0, 0, 0
110020, 34850, 1, 0, 0
111021, 18688, 0, 0, 0
111021, 33792, 1, 0, 0
112020, 17937, 0, 0, 0
112020, 28188, 1, 0, 0
113020, 19968, 0, 0, 0
113020, 34304, 1, 0, 0
114020, 17681, 0, 0, 0
114020, 32800, 1, 0, 0
115020, 17152, 0, 0, 0
115020, 32256, 1, 0, 0
116020, 15887, 0, 0, 0
116020, 29725, 1, 0, 0
117020, 17664, 0, 0, 0
117020, 32768, 1, 0, 0
118020, 18706, 0, 0, 0
118020, 33825, 1, 0, 0
119020, 19712, 0, 0, 0
119020, 36096, 1, 0, 0
120020, 17681, 0, 0, 0
120020, 35363, 1, 0, 0
121020, 15616, 0, 0, 0
121020, 31744, 1, 0, 0
122020, 16912, 0, 0, 0
122020, 35107, 1, 0, 0
123020, 16384, 0, 0, 0
123020, 38656, 1, 0, 0
124021, 14336, 0, 0, 0
124021, 35328, 1, 0, 0
125020, 12300, 0, 0, 0
125020, 32544, 1, 0, 0
126021, 12032, 0, 0, 0
126021, 37120, 1, 0, 0
127020, 11531, 0, 0, 0
127020, 35107, 1, 0, 0
128021, 12288, 0, 0, 0
128021, 32512, 1, 0, 0
129020, 10762, 0, 0, 0
129020, 34082, 1, 0, 0
130021, 11264, 0, 0, 0
130021, 33024, 1, 0, 0
131020, 13581, 0, 0, 0
131020, 35107, 1, 0, 0
132021, 10240, 0, 0, 0
132021, 30976, 1, 0, 0
133020, 10250, 0, 0, 0
133020, 27931, 1, 0, 0
134021, 12800, 0, 0, 0
134021, 29440, 1, 0, 0
135020, 15375, 0, 0, 0
135020, 29981, 1, 0, 0
136020, 16640, 0, 0, 0
136020, 37632, 1, 0, 0
137020, 15119, 0, 0, 0
137020, 31519, 1, 0, 0
138020, 14848, 0, 0, 0
138020, 31488, 1, 0, 0
139020, 15631, 0, 0, 0
139020, 34594, 1, 0, 0
140020, 13312, 0, 0, 0
140020, 32000, 1, 0, 0
141020, 11787, 0, 0, 0
141020, 29469, 1, 0, 0
142020, 15104, 0, 0, 0
142020, 34560, 1, 0, 0
143020, 14094, 0, 0, 0
143020, 31519, 1, 0, 0
144020, 13312, 0, 0, 0
144020, 32256, 1, 0, 0
145021, 13312, 0, 0, 0
145021, 30464, 1, 0, 0
146020, 13325, 0, 0, 0
146020, 31007, 1, 0, 0
147020, 14848, 0, 0, 0
147020, 34816, 1, 0, 0
148020, 13581, 0, 0, 0
148020, 29981, 1, 0, 0
149020, 14336, 0, 0, 0
149020, 33792, 1, 0, 0
150020, 13325, 0, 0, 0
150020, 31519, 1, 0, 0
151020, 15616, 0, 0, 0
151020, 33536, 1, 0, 0
152020, 15119, 0, 0, 0
152020, 37413, 1, 0, 0
153020, 13568, 0, 0, 0
153020, 31232, 1, 0, 0
154020, 13325, 0, 0, 0
154020, 30750, 1, 0, 0
155020, 14336, 0, 0, 0
155020, 33792, 1, 0, 0
156021, 13824, 0, 0, 0
156021, 31232, 1, 0, 0
157020, 13325, 0, 0, 0
157020, 32800, 1, 0, 0
158021, 14336, 0, 0, 0
158021, 32768, 1, 0, 0
159020, 13325, 0, 0, 0
159020, 30238, 1, 0, 0
160021, 15616, 0, 0, 0
160021, 34816, 1, 0, 0
161020, 17169, 0, 0, 0
161020, 32800, 1, 0, 0
162021, 17920, 0, 0, 0
162021, 32000, 1, 0, 0
163020, 17169, 0, 0, 0
163020, 32032, 1, 0, 0
164020, 18432, 0, 0, 0
164020, 33792, 1, 0, 0
165020, 17937, 0, 0, 0
165020, 33569, 1, 0, 0
166020, 17152, 0, 0, 0
166020, 34048, 1, 0, 0
167020, 18706, 0, 0, 0
167020, 33313, 1, 0, 0
168020, 14592, 0, 0, 0
168020, 30720, 1, 0, 0
169020, 15631, 0, 0, 0
169020, 31007, 1, 0, 0
170020, 13824, 0, 0, 0
170020, 28928, 1, 0, 0
171020, 14862, 0, 0, 0
171020, 27419, 1, 0, 0
172020, 14336, 0, 0, 0
172020, 35584, 1, 0, 0
173021, 14080, 0, 0, 0
173021, 32768, 1, 0, 0
174020, 16656, 0, 0, 0
174020, 36900, 1, 0, 0
175021, 15616, 0, 0, 0
175021, 32256, 1, 0, 0
176020, 16656, 0, 0, 0
176020, 36900, 1, 0, 0
177021, 16640, 0, 0, 0
177021, 34816, 1, 0, 0
178020, 15119, 0, 0, 0
178020, 32288, 1, 0, 0
179020, 15360, 0, 0, 0
179020, 37120, 1, 0, 0
