4002, 6912, 0, 0, 0
4002, 31488, 1, 0, 0
5002, 15119, 0, 0, 0
5002, 24600, 1, 0, 0
6002, 15616, 0, 0, 0
6002, 34304, 1, 0, 0
7002, 15119, 0, 0, 0
7002, 36388, 1, 0, 0
8001, 16656, 0, 0, 0
8001, 37925, 1, 0, 0
9003, 18139, 0, 0, 0
9003, 36023, 1, 0, 0
10004, 17902, 0, 0, 0
10004, 36571, 1, 0, 0
11005, 21482, 0, 0, 0
11005, 38617, 1, 0, 0
12006, 20736, 0, 0, 0
12006, 38144, 1, 0, 0
13007, 16896, 0, 0, 0
13007, 33280, 1, 0, 0
14007, 20992, 0, 0, 0
14007, 38144, 1, 0, 0
15008, 21760, 0, 0, 0
15008, 38400, 1, 0, 0
16009, 20224, 0, 0, 0
16009, 47104, 1, 0, 0
17010, 21760, 0, 0, 0
17010, 43520, 1, 0, 0
18011, 22784, 0, 0, 0
18011, 46080, 1, 0, 0
19012, 18944, 0, 0, 0
19012, 38400, 1, 0, 0
20012, 19712, 0, 0, 0
20012, 40448, 1, 0, 0
21014, 17134, 0, 0, 0
21014, 38617, 1, 0, 0
22014, 12032, 0, 0, 0
22014, 40448, 1, 0, 0
23015, 14592, 0, 0, 0
23015, 38400, 1, 0, 0
24016, 14592, 0, 0, 0
24016, 41984, 1, 0, 0
25016, 15616, 0, 0, 0
25016, 35840, 1, 0, 0
26017, 16896, 0, 0, 0
26017, 32768, 1, 0, 0
27018, 19968, 0, 0, 0
27018, 35584, 1, 0, 0
28018, 23808, 0, 0, 0
28018, 43776, 1, 0, 0
29019, 25856, 0, 0, 0
29019, 40704, 1, 0, 0
30019, 21248, 0, 0, 0
30019, 37376, 1, 0, 0
31019, 18450, 0, 0, 0
31019, 31519, 1, 0, 0
32020, 21760, 0, 0, 0
32020, 38400, 1, 0, 0
33019, 22806, 0, 0, 0
33019, 40232, 1, 0, 0
34020, 15616, 0, 0, 0
34020, 30464, 1, 0, 0
35020, 18688, 0, 0, 0
35020, 34304, 1, 0, 0
36021, 16896, 0, 0, 0
36021, 34816, 1, 0, 0
37021, 20736, 0, 0, 0
37021, 43520, 1, 0, 0
38022, 21760, 0, 0, 0
38022, 34560, 1, 0, 0
39023, 20992, 0, 0, 0
39023, 34816, 1, 0, 0
40022, 27419, 0, 0, 0
40022, 41769, 1, 0, 0
41023, 23808, 0, 0, 0
41023, 36096, 1, 0, 0
42022, 24600, 0, 0, 0
42022, 40744, 1, 0, 0
43023, 20480, 0, 0, 0
43023, 39680, 1, 0, 0
44022, 23319, 0, 0, 0
44022, 45869, 1, 0, 0
45023, 15616, 0, 0, 0
45023, 38912, 1, 0, 0
46022, 14350, 0, 0, 0
46022, 39719, 1, 0, 0
47023, 14592, 0, 0, 0
47023, 41472, 1, 0, 0
48022, 17169, 0, 0, 0
48022, 46638, 1, 0, 0
49022, 15375, 0, 0, 0
49022, 41257, 1, 0, 0
50023, 9472, 0, 0, 0
50023, 42496, 1, 0, 0
51022, 11019, 0, 0, 0
51022, 43819, 1, 0, 0
52023, 11520, 0, 0, 0
52023, 47104, 1, 0, 0
53022, 16144, 0, 0, 0
53022, 44588, 1, 0, 0
54023, 13312, 0, 0, 0
54023, 40704, 1, 0, 0
55022, 17937, 0, 0, 0
55022, 45101, 1, 0, 0
56023, 15872, 0, 0, 0
56023, 41216, 1, 0, 0
57022, 18962, 0, 0, 0
57022, 45101, 1, 0, 0
58023, 17152, 0, 0, 0
58023, 39424, 1, 0, 0
59022, 16656, 0, 0, 0
59022, 34850, 1, 0, 0
60023, 17408, 0, 0, 0
60023, 38912, 1, 0, 0
61022, 17425, 0, 0, 0
61022, 38694, 1, 0, 0
62022, 16912, 0, 0, 0
62022, 38438, 1, 0, 0
63022, 19200, 0, 0, 0
63022, 43264, 1, 0, 0
64022, 16656, 0, 0, 0
64022, 35619, 1, 0, 0
65022, 26368, 0, 0, 0
65022, 41216, 1, 0, 0
66023, 19712, 0, 0, 0
66023, 32256, 1, 0, 0
67022, 20244, 0, 0, 0
67022, 34594, 1, 0, 0
68023, 23552, 0, 0, 0
68023, 39168, 1, 0, 0
69022, 20244, 0, 0, 0
69022, 35619, 1, 0, 0
70023, 20480, 0, 0, 0
70023, 34816, 1, 0, 0
71022, 23319, 0, 0, 0
71022, 35875, 1, 0, 0
72023, 18432, 0, 0, 0
72023, 32000, 1, 0, 0
73022, 18194, 0, 0, 0
73022, 33313, 1, 0, 0
74023, 17408, 0, 0, 0
74023, 33536, 1, 0, 0
75022, 19987, 0, 0, 0
75022, 34082, 1, 0, 0
76022, 16896, 0, 0, 0
76022, 30208, 1, 0, 0
77022, 18450, 0, 0, 0
77022, 36900, 1, 0, 0
78022, 20224, 0, 0, 0
78022, 40960, 1, 0, 0
79023, 16640, 0, 0, 0
79023, 34560, 1, 0, 0
80022, 15375, 0, 0, 0
80022, 31775, 1, 0, 0
81023, 16384, 0, 0, 0
81023, 33280, 1, 0, 0
82022, 18450, 0, 0, 0
82022, 34338, 1, 0, 0
83023, 18944, 0, 0, 0
83023, 37376, 1, 0, 0
84022, 17169, 0, 0, 0
84022, 31007, 1, 0, 0
85023, 20992, 0, 0, 0
85023, 36864, 1, 0, 0
86022, 21781, 0, 0, 0
86022, 37925, 1, 0, 0
87022, 19968, 0, 0, 0
87022, 35840, 1, 0, 0
88022, 26650, 0, 0, 0
88022, 46382, 1, 0, 0
89022, 22016, 0, 0, 0
89022, 36096, 1, 0, 0
90022, 18450, 0, 0, 0
90022, 35363, 1, 0, 0
91022, 17408, 0, 0, 0
91022, 31488, 1, 0, 0
92023, 18944, 0, 0, 0
92023, 35840, 1, 0, 0
93022, 19475, 0, 0, 0
93022, 37157, 1, 0, 0
94023, 19456, 0, 0, 0
94023, 37376, 1, 0, 0
95022, 17425, 0, 0, 0
95022, 32032, 1, 0, 0
96023, 18432, 0, 0, 0
96023, 37120, 1, 0, 0
97022, 19987, 0, 0, 0
97022, 36388, 1, 0, 0
98023, 20480, 0, 0, 0
98023, 39424, 1, 0, 0
99022, 20244, 0, 0, 0
99022, 37669, 1, 0, 0
100023, 17408, 0, 0, 0
100023, 31232, 1, 0, 0
101022, 19987, 0, 0, 0
101022, 41001, 1, 0, 0
102022, 16640, 0, 0, 0
102022, 34560, 1, 0, 0
103022, 14606, 0, 0, 0
103022, 34338, 1, 0, 0
104022, 14080, 0, 0, 0
104022, 36096, 1, 0, 0
105023, 14592, 0, 0, 0
105023, 34304, 1, 0, 0
106022, 17681, 0, 0, 0
106022, 36900, 1, 0, 0
107023, 18944, 0, 0, 0
107023, 44544, 1, 0, 0
108022, 17169, 0, 0, 0
108022, 34594, 1, 0, 0
109023, 23808, 0, 0, 0
109023, 43520, 1, 0, 0
110022, 22806, 0, 0, 0
110022, 40232, 1, 0, 0
111023, 25088, 0, 0, 0
111023, 37888, 1, 0, 0
112022, 22038, 0, 0, 0
112022, 34850, 1, 0, 0
113023, 19200, 0, 0, 0
113023, 36352, 1, 0, 0
114022, 22550, 0, 0, 0
114022, 39207, 1, 0, 0
115023, 22784, 0, 0, 0
115023, 40704, 1, 0, 0
116022, 20244, 0, 0, 0
116022, 36132, 1, 0, 0
117023, 20992, 0, 0, 0
117023, 38400, 1, 0, 0
118022, 22806, 0, 0, 0
118022, 41257, 1, 0, 0
119023, 20992, 0, 0, 0
119023, 39168, 1, 0, 0
120022, 20756, 0, 0, 0
120022, 40744, 1, 0, 0
121023, 20736, 0, 0, 0
121023, 33792, 1, 0, 0
122022, 20244, 0, 0, 0
122022, 36132, 1, 0, 0
123022, 22784, 0, 0, 0
123022, 38400, 1, 0, 0
124023, 27136, 0, 0, 0
124023, 42240, 1, 0, 0
125022, 23063, 0, 0, 0
125022, 34082, 1, 0, 0
126023, 27136, 0, 0, 0
126023, 35072, 1, 0, 0
127022, 24600, 0, 0, 0
127022, 33569, 1, 0, 0
128023, 33024, 0, 0, 0
128023, 42496, 1, 0, 0
129022, 28444, 0, 0, 0
129022, 38182, 1, 0, 0
130023, 25344, 0, 0, 0
130023, 35072, 1, 0, 0
131022, 25881, 0, 0, 0
131022, 34850, 1, 0, 0
132023, 24320, 0, 0, 0
132023, 34816, 1, 0, 0
133022, 28956, 0, 0, 0
133022, 41001, 1, 0, 0
134023, 27136, 0, 0, 0
134023, 40960, 1, 0, 0
135022, 24600, 0, 0, 0
135022, 33313, 1, 0, 0
136023, 21504, 0, 0, 0
136023, 33024, 1, 0, 0
137022, 27675, 0, 0, 0
137022, 41001, 1, 0, 0
138023, 31488, 0, 0, 0
138023, 46080, 1, 0, 0
139022, 27163, 0, 0, 0
139022, 37157, 1, 0, 0
140023, 29952, 0, 0, 0
140023, 40448, 1, 0, 0
141022, 28188, 0, 0, 0
141022, 35875, 1, 0, 0
142023, 26880, 0, 0, 0
142023, 34560, 1, 0, 0
143022, 27419, 0, 0, 0
143022, 37669, 1, 0, 0
144022, 27648, 0, 0, 0
144022, 32768, 1, 0, 0
145023, 26368, 0, 0, 0
145023, 35840, 1, 0, 0
146022, 29469, 0, 0, 0
146022, 39463, 1, 0, 0
147023, 29952, 0, 0, 0
147023, 39424, 1, 0, 0
148022, 30494, 0, 0, 0
148022, 36644, 1, 0, 0
149023, 28160, 0, 0, 0
149023, 36352, 1, 0, 0
150022, 26394, 0, 0, 0
150022, 33569, 1, 0, 0
151023, 26112, 0, 0, 0
151023, 32512, 1, 0, 0
152022, 28188, 0, 0, 0
152022, 35363, 1, 0, 0
153022, 29440, 0, 0, 0
153022, 37888, 1, 0, 0
154022, 28700, 0, 0, 0
154022, 36132, 1, 0, 0
155022, 29696, 0, 0, 0
155022, 36352, 1, 0, 0
156023, 29184, 0, 0, 0
156023, 38400, 1, 0, 0
157022, 30238, 0, 0, 0
157022, 38182, 1, 0, 0
158023, 27392, 0, 0, 0
158023, 33536, 1, 0, 0
159022, 26650, 0, 0, 0
159022, 36900, 1, 0, 0
160023, 25856, 0, 0, 0
160023, 32000, 1, 0, 0
161022, 33569, 0, 0, 0
161022, 39719, 1, 0, 0
162023, 32768, 0, 0, 0
162023, 36864, 1, 0, 0
163022, 35107, 0, 0, 0
163022, 41769, 1, 0, 0
164023, 28928, 0, 0, 0
164023, 35584, 1, 0, 0
165022, 29469, 0, 0, 0
165022, 36900, 1, 0, 0
166023, 30720, 0, 0, 0
166023, 38912, 1, 0, 0
167022, 30238, 0, 0, 0
167022, 36132, 1, 0, 0
168023, 28416, 0, 0, 0
168023, 36864, 1, 0, 0
169022, 24344, 0, 0, 0
169022, 27931, 1, 0, 0
170022, 31232, 0, 0, 0
170022, 35584, 1, 0, 0
171022, 28700, 0, 0, 0
171022, 34082, 1, 0, 0
172022, 35840, 0, 0, 0
172022, 40192, 1, 0, 0
173023, 32000, 0, 0, 0
173023, 33024, 1, 0, 0
174022, 33313, 0, 0, 0
174022, 38438, 1, 0, 0
175023, 31232, 0, 0, 0
175023, 36352, 1, 0, 0
176022, 27675, 0, 0, 0
176022, 34594, 1, 0, 0
177023, 28160, 0, 0, 0
177023, 36864, 1, 0, 0
178022, 30750, 0, 0, 0
178022, 41001, 1, 0, 0
179023, 30464, 0, 0, 0
179023, 38912, 1, 0, 0
