4000, 5893, 0, 0, 0
4000, 23831, 1, 0, 0
4999, 17169, 0, 0, 0
4999, 33057, 1, 0, 0
5998, 18194, 0, 0, 0
5998, 29725, 1, 0, 0
6997, 21013, 0, 0, 0
6997, 32032, 1, 0, 0
7996, 15887, 0, 0, 0
7996, 28956, 1, 0, 0
8995, 18962, 0, 0, 0
8995, 32288, 1, 0, 0
9996, 19180, 0, 0, 0
9996, 30177, 1, 0, 0
10995, 21781, 0, 0, 0
10995, 29981, 1, 0, 0
11996, 19200, 0, 0, 0
11996, 32512, 1, 0, 0
12997, 15104, 0, 0, 0
12997, 32512, 1, 0, 0
13998, 15360, 0, 0, 0
13998, 33280, 1, 0, 0
14999, 16384, 0, 0, 0
14999, 35584, 1, 0, 0
16000, 17152, 0, 0, 0
16000, 35840, 1, 0, 0
17000, 20480, 0, 0, 0
17000, 39680, 1, 0, 0
18001, 20224, 0, 0, 0
18001, 40704, 1, 0, 0
19002, 24064, 0, 0, 0
19002, 35584, 1, 0, 0
20003, 19968, 0, 0, 0
20003, 29184, 1, 0, 0
21002, 24856, 0, 0, 0
21002, 34594, 1, 0, 0
22003, 25344, 0, 0, 0
22003, 34048, 1, 0, 0
23003, 22272, 0, 0, 0
23003, 30208, 1, 0, 0
24004, 17920, 0, 0, 0
24004, 29952, 1, 0, 0
25005, 20480, 0, 0, 0
25005, 31232, 1, 0, 0
26005, 20736, 0, 0, 0
26005, 34304, 1, 0, 0
27006, 23040, 0, 0, 0
27006, 37120, 1, 0, 0
28006, 25369, 0, 0, 0
28006, 39975, 1, 0, 0
29005, 27675, 0, 0, 0
29005, 38182, 1, 0, 0
30005, 29981, 0, 0, 0
30005, 40488, 1, 0, 0
31005, 22272, 0, 0, 0
31005, 31232, 1, 0, 0
32006, 27904, 0, 0, 0
32006, 40448, 1, 0, 0
33006, 28956, 0, 0, 0
33006, 38438, 1, 0, 0
34006, 21760, 0, 0, 0
34006, 34304, 1, 0, 0
35006, 23831, 0, 0, 0
35006, 34082, 1, 0, 0
36006, 20736, 0, 0, 0
36006, 33024, 1, 0, 0
37006, 20756, 0, 0, 0
37006, 33825, 1, 0, 0
38005, 18962, 0, 0, 0
38005, 33569, 1, 0, 0
39006, 19456, 0, 0, 0
39006, 34304, 1, 0, 0
40005, 18706, 0, 0, 0
40005, 34594, 1, 0, 0
41006, 17664, 0, 0, 0
41006, 32512, 1, 0, 0
42006, 14606, 0, 0, 0
42006, 34338, 1, 0, 0
43006, 18688, 0, 0, 0
43006, 37120, 1, 0, 0
44006, 19219, 0, 0, 0
44006, 31775, 1, 0, 0
45006, 24320, 0, 0, 0
45006, 35840, 1, 0, 0
46006, 22550, 0, 0, 0
46006, 32288, 1, 0, 0
47006, 28160, 0, 0, 0
47006, 39680, 1, 0, 0
48006, 28444, 0, 0, 0
48006, 39719, 1, 0, 0
49005, 32032, 0, 0, 0
49005, 33569, 1, 0, 0
50006, 26368, 0, 0, 0
50006, 33536, 1, 0, 0
51005, 26906, 0, 0, 0
51005, 33313, 1, 0, 0
52006, 26112, 0, 0, 0
52006, 32000, 1, 0, 0
53005, 28956, 0, 0, 0
53005, 32800, 1, 0, 0
54006, 26624, 0, 0, 0
54006, 32512, 1, 0, 0
55005, 31263, 0, 0, 0
55005, 36900, 1, 0, 0
56006, 25344, 0, 0, 0
56006, 34816, 1, 0, 0
57006, 28700, 0, 0, 0
57006, 37157, 1, 0, 0
58006, 27904, 0, 0, 0
58006, 40704, 1, 0, 0
59006, 26394, 0, 0, 0
59006, 34082, 1, 0, 0
60006, 27392, 0, 0, 0
60006, 35584, 1, 0, 0
61006, 26394, 0, 0, 0
61006, 36132, 1, 0, 0
62005, 23575, 0, 0, 0
62005, 33057, 1, 0, 0
63006, 25856, 0, 0, 0
63006, 35328, 1, 0, 0
64005, 24088, 0, 0, 0
64005, 35107, 1, 0, 0
65006, 26624, 0, 0, 0
65006, 37120, 1, 0, 0
66006, 19200, 0, 0, 0
66006, 33280, 1, 0, 0
67006, 24856, 0, 0, 0
67006, 36132, 1, 0, 0
68006, 28672, 0, 0, 0
68006, 41728, 1, 0, 0
69006, 27163, 0, 0, 0
69006, 37413, 1, 0, 0
70006, 23040, 0, 0, 0
70006, 34048, 1, 0, 0
71005, 25369, 0, 0, 0
71005, 34594, 1, 0, 0
72006, 26624, 0, 0, 0
72006, 35840, 1, 0, 0
73005, 25881, 0, 0, 0
73005, 35107, 1, 0, 0
74006, 23040, 0, 0, 0
74006, 34304, 1, 0, 0
75005, 26906, 0, 0, 0
75005, 32032, 1, 0, 0
76006, 29952, 0, 0, 0
76006, 36096, 1, 0, 0
77005, 23063, 0, 0, 0
77005, 31775, 1, 0, 0
78006, 23296, 0, 0, 0
78006, 32768, 1, 0, 0
79006, 22784, 0, 0, 0
79006, 28928, 1, 0, 0
80006, 24600, 0, 0, 0
80006, 40232, 1, 0, 0
81006, 25600, 0, 0, 0
81006, 34304, 1, 0, 0
82006, 21781, 0, 0, 0
82006, 31263, 1, 0, 0
83006, 23808, 0, 0, 0
83006, 31232, 1, 0, 0
84005, 23063, 0, 0, 0
84005, 33057, 1, 0, 0
85006, 23808, 0, 0, 0
85006, 32256, 1, 0, 0
86005, 26650, 0, 0, 0
86005, 39207, 1, 0, 0
87006, 27648, 0, 0, 0
87006, 41984, 1, 0, 0
88005, 21013, 0, 0, 0
88005, 33569, 1, 0, 0
89006, 23552, 0, 0, 0
89006, 37632, 1, 0, 0
90005, 18450, 0, 0, 0
90005, 33057, 1, 0, 0
91006, 22016, 0, 0, 0
91006, 39936, 1, 0, 0
92006, 17152, 0, 0, 0
92006, 33536, 1, 0, 0
93006, 18706, 0, 0, 0
93006, 33825, 1, 0, 0
94006, 17664, 0, 0, 0
94006, 32256, 1, 0, 0
95006, 19731, 0, 0, 0
95006, 33313, 1, 0, 0
96006, 19456, 0, 0, 0
96006, 36608, 1, 0, 0
97006, 19987, 0, 0, 0
97006, 32544, 1, 0, 0
98006, 19200, 0, 0, 0
98006, 35328, 1, 0, 0
99006, 20244, 0, 0, 0
99006, 37413, 1, 0, 0
100006, 15872, 0, 0, 0
100006, 30464, 1, 0, 0
101005, 18706, 0, 0, 0
101005, 34850, 1, 0, 0
102006, 18432, 0, 0, 0
102006, 35584, 1, 0, 0
103005, 16656, 0, 0, 0
103005, 32544, 1, 0, 0
104006, 16128, 0, 0, 0
104006, 33280, 1, 0, 0
105006, 16384, 0, 0, 0
105006, 32000, 1, 0, 0
106006, 13581, 0, 0, 0
106006, 29469, 1, 0, 0
107006, 15872, 0, 0, 0
107006, 33792, 1, 0, 0
108006, 16144, 0, 0, 0
108006, 36900, 1, 0, 0
109006, 14592, 0, 0, 0
109006, 34304, 1, 0, 0
110006, 15887, 0, 0, 0
110006, 35875, 1, 0, 0
111006, 16640, 0, 0, 0
111006, 37376, 1, 0, 0
112006, 16144, 0, 0, 0
112006, 31263, 1, 0, 0
113006, 16128, 0, 0, 0
113006, 36096, 1, 0, 0
114006, 17681, 0, 0, 0
114006, 31519, 1, 0, 0
115006, 17920, 0, 0, 0
115006, 38912, 1, 0, 0
116006, 18706, 0, 0, 0
116006, 39207, 1, 0, 0
117006, 17664, 0, 0, 0
117006, 35584, 1, 0, 0
118005, 13581, 0, 0, 0
118005, 29725, 1, 0, 0
119006, 13824, 0, 0, 0
119006, 29696, 1, 0, 0
120005, 17425, 0, 0, 0
120005, 34338, 1, 0, 0
121006, 15360, 0, 0, 0
121006, 30720, 1, 0, 0
122005, 14862, 0, 0, 0
122005, 32544, 1, 0, 0
123006, 16384, 0, 0, 0
123006, 34560, 1, 0, 0
124006, 13568, 0, 0, 0
124006, 27904, 1, 0, 0
125006, 15375, 0, 0, 0
125006, 31263, 1, 0, 0
126006, 17408, 0, 0, 0
126006, 30464, 1, 0, 0
127006, 17681, 0, 0, 0
127006, 31775, 1, 0, 0
128006, 22016, 0, 0, 0
128006, 37120, 1, 0, 0
129006, 21781, 0, 0, 0
129006, 38438, 1, 0, 0
130006, 21504, 0, 0, 0
130006, 33280, 1, 0, 0
131006, 16912, 0, 0, 0
131006, 34338, 1, 0, 0
132006, 18432, 0, 0, 0
132006, 35072, 1, 0, 0
133006, 17681, 0, 0, 0
133006, 33313, 1, 0, 0
134006, 19712, 0, 0, 0
134006, 36096, 1, 0, 0
135006, 19987, 0, 0, 0
135006, 37157, 1, 0, 0
136006, 22272, 0, 0, 0
136006, 36352, 1, 0, 0
137005, 22550, 0, 0, 0
137005, 35107, 1, 0, 0
138006, 24064, 0, 0, 0
138006, 37120, 1, 0, 0
139005, 23319, 0, 0, 0
139005, 35619, 1, 0, 0
140006, 20480, 0, 0, 0
140006, 34560, 1, 0, 0
141005, 23575, 0, 0, 0
141005, 34338, 1, 0, 0
142006, 22272, 0, 0, 0
142006, 37888, 1, 0, 0
143005, 21525, 0, 0, 0
143005, 35107, 1, 0, 0
144006, 19712, 0, 0, 0
144006, 33280, 1, 0, 0
145006, 20480, 0, 0, 0
145006, 36352, 1, 0, 0
146006, 20244, 0, 0, 0
146006, 33825, 1, 0, 0
147006, 20736, 0, 0, 0
147006, 33792, 1, 0, 0
148006, 20500, 0, 0, 0
148006, 34594, 1, 0, 0
149006, 18688, 0, 0, 0
149006, 28928, 1, 0, 0
150005, 20500, 0, 0, 0
150005, 31007, 1, 0, 0
151006, 21760, 0, 0, 0
151006, 30976, 1, 0, 0
152005, 20244, 0, 0, 0
152005, 36132, 1, 0, 0
153006, 20224, 0, 0, 0
153006, 35328, 1, 0, 0
154005, 20756, 0, 0, 0
154005, 34082, 1, 0, 0
155006, 19712, 0, 0, 0
155006, 32768, 1, 0, 0
156006, 19712, 0, 0, 0
156006, 33280, 1, 0, 0
157006, 19219, 0, 0, 0
157006, 31263, 1, 0, 0
158006, 20736, 0, 0, 0
158006, 29952, 1, 0, 0
159006, 23575, 0, 0, 0
159006, 36900, 1, 0, 0
160006, 21760, 0, 0, 0
160006, 32768, 1, 0, 0
161006, 24856, 0, 0, 0
161006, 35875, 1, 0, 0
162006, 23040, 0, 0, 0
162006, 34816, 1, 0, 0
163006, 22550, 0, 0, 0
163006, 35619, 1, 0, 0
164006, 19200, 0, 0, 0
164006, 30208, 1, 0, 0
165006, 20756, 0, 0, 0
165006, 35363, 1, 0, 0
166006, 21760, 0, 0, 0
166006, 36096, 1, 0, 0
167005, 25113, 0, 0, 0
167005, 37925, 1, 0, 0
168006, 24832, 0, 0, 0
168006, 42240, 1, 0, 0
169005, 22550, 0, 0, 0
169005, 34594, 1, 0, 0
170006, 22528, 0, 0, 0
170006, 36864, 1, 0, 0
171005, 24344, 0, 0, 0
171005, 42282, 1, 0, 0
172006, 23296, 0, 0, 0
172006, 35328, 1, 0, 0
173006, 21504, 0, 0, 0
173006, 35072, 1, 0, 0
174006, 20500, 0, 0, 0
174006, 34594, 1, 0, 0
175006, 18688, 0, 0, 0
175006, 35840, 1, 0, 0
176006, 19987, 0, 0, 0
176006, 36388, 1, 0, 0
177006, 21248, 0, 0, 0
177006, 37120, 1, 0, 0
178006, 25625, 0, 0, 0
178006, 35619, 1, 0, 0
179006, 23296, 0, 0, 0
179006, 36864, 1, 0, 0
