4001, 4864, 0, 0, 0
4001, 23552, 1, 0, 0
5000, 13325, 0, 0, 0
5000, 32544, 1, 0, 0
5999, 16144, 0, 0, 0
5999, 33057, 1, 0, 0
6998, 13837, 0, 0, 0
6998, 28444, 1, 0, 0
7997, 14350, 0, 0, 0
7997, 25881, 1, 0, 0
8996, 17937, 0, 0, 0
8996, 28444, 1, 0, 0
9997, 16128, 0, 0, 0
9997, 26880, 1, 0, 0
10998, 15600, 0, 0, 0
10998, 28131, 1, 0, 0
11999, 17920, 0, 0, 0
11999, 26368, 1, 0, 0
13000, 15872, 0, 0, 0
13000, 30464, 1, 0, 0
14000, 12800, 0, 0, 0
14000, 30464, 1, 0, 0
15000, 12044, 0, 0, 0
15000, 27675, 1, 0, 0
16000, 10250, 0, 0, 0
16000, 29725, 1, 0, 0
17000, 9481, 0, 0, 0
17000, 30238, 1, 0, 0
18000, 12044, 0, 0, 0
18000, 31519, 1, 0, 0
19000, 12032, 0, 0, 0
19000, 29696, 1, 0, 0
20000, 11531, 0, 0, 0
20000, 32544, 1, 0, 0
21000, 8456, 0, 0, 0
21000, 30750, 1, 0, 0
22000, 9225, 0, 0, 0
22000, 31519, 1, 0, 0
23000, 6662, 0, 0, 0
23000, 25625, 1, 0, 0
24001, 14336, 0, 0, 0
24001, 30464, 1, 0, 0
25000, 16656, 0, 0, 0
25000, 28444, 1, 0, 0
26000, 17681, 0, 0, 0
26000, 28700, 1, 0, 0
27000, 22272, 0, 0, 0
27000, 35584, 1, 0, 0
28000, 21013, 0, 0, 0
28000, 29725, 1, 0, 0
29000, 16400, 0, 0, 0
29000, 28444, 1, 0, 0
29999, 16400, 0, 0, 0
29999, 33057, 1, 0, 0
31000, 15104, 0, 0, 0
31000, 33536, 1, 0, 0
32000, 14080, 0, 0, 0
32000, 30720, 1, 0, 0
33000, 11275, 0, 0, 0
33000, 32032, 1, 0, 0
34001, 10752, 0, 0, 0
34001, 31232, 1, 0, 0
35000, 10506, 0, 0, 0
35000, 25625, 1, 0, 0
36001, 12544, 0, 0, 0
36001, 31744, 1, 0, 0
37000, 12812, 0, 0, 0
37000, 34082, 1, 0, 0
38000, 12812, 0, 0, 0
38000, 37157, 1, 0, 0
39000, 12288, 0, 0, 0
39000, 34304, 1, 0, 0
40000, 11019, 0, 0, 0
40000, 30750, 1, 0, 0
41000, 9472, 0, 0, 0
41000, 28160, 1, 0, 0
42000, 12812, 0, 0, 0
42000, 34594, 1, 0, 0
43001, 10496, 0, 0, 0
43001, 33024, 1, 0, 0
44000, 12812, 0, 0, 0
44000, 37669, 1, 0, 0
45001, 13056, 0, 0, 0
45001, 33792, 1, 0, 0
46000, 12556, 0, 0, 0
46000, 33825, 1, 0, 0
47001, 11264, 0, 0, 0
47001, 28672, 1, 0, 0
48000, 14606, 0, 0, 0
48000, 34338, 1, 0, 0
49000, 16912, 0, 0, 0
49000, 31519, 1, 0, 0
50000, 18688, 0, 0, 0
50000, 32000, 1, 0, 0
51000, 19987, 0, 0, 0
51000, 33569, 1, 0, 0
52000, 21760, 0, 0, 0
52000, 32256, 1, 0, 0
53000, 19219, 0, 0, 0
53000, 30238, 1, 0, 0
54000, 18176, 0, 0, 0
54000, 31744, 1, 0, 0
55000, 19731, 0, 0, 0
55000, 31775, 1, 0, 0
56000, 22016, 0, 0, 0
56000, 35328, 1, 0, 0
57000, 24856, 0, 0, 0
57000, 38182, 1, 0, 0
58001, 21760, 0, 0, 0
58001, 34816, 1, 0, 0
59000, 18194, 0, 0, 0
59000, 33057, 1, 0, 0
60001, 20992, 0, 0, 0
60001, 33792, 1, 0, 0
61000, 20500, 0, 0, 0
61000, 27931, 1, 0, 0
62000, 23575, 0, 0, 0
62000, 32288, 1, 0, 0
63000, 21248, 0, 0, 0
63000, 29184, 1, 0, 0
64000, 22038, 0, 0, 0
64000, 30750, 1, 0, 0
65000, 23552, 0, 0, 0
65000, 31744, 1, 0, 0
66001, 20992, 0, 0, 0
66001, 31488, 1, 0, 0
67000, 22038, 0, 0, 0
67000, 32288, 1, 0, 0
68001, 20480, 0, 0, 0
68001, 30976, 1, 0, 0
69000, 19987, 0, 0, 0
69000, 31519, 1, 0, 0
70000, 22528, 0, 0, 0
70000, 33024, 1, 0, 0
71000, 22038, 0, 0, 0
71000, 31007, 1, 0, 0
72000, 24320, 0, 0, 0
72000, 33536, 1, 0, 0
73000, 19987, 0, 0, 0
73000, 31775, 1, 0, 0
74000, 19456, 0, 0, 0
74000, 33024, 1, 0, 0
75000, 19475, 0, 0, 0
75000, 26650, 1, 0, 0
76000, 24064, 0, 0, 0
76000, 36608, 1, 0, 0
77000, 20756, 0, 0, 0
77000, 34850, 1, 0, 0
78000, 22016, 0, 0, 0
78000, 36864, 1, 0, 0
79001, 20224, 0, 0, 0
79001, 35072, 1, 0, 0
80000, 22806, 0, 0, 0
80000, 35363, 1, 0, 0
81001, 20992, 0, 0, 0
81001, 33024, 1, 0, 0
82000, 22806, 0, 0, 0
82000, 36388, 1, 0, 0
83000, 21504, 0, 0, 0
83000, 35840, 1, 0, 0
84000, 19731, 0, 0, 0
84000, 33313, 1, 0, 0
85000, 22528, 0, 0, 0
85000, 35584, 1, 0, 0
86000, 20756, 0, 0, 0
86000, 35619, 1, 0, 0
87000, 23040, 0, 0, 0
87000, 34816, 1, 0, 0
88000, 23063, 0, 0, 0
88000, 33313, 1, 0, 0
89000, 25344, 0, 0, 0
89000, 36608, 1, 0, 0
90000, 26650, 0, 0, 0
90000, 37669, 1, 0, 0
91000, 22784, 0, 0, 0
91000, 33280, 1, 0, 0
92001, 23296, 0, 0, 0
92001, 29952, 1, 0, 0
93000, 19987, 0, 0, 0
93000, 31775, 1, 0, 0
94000, 22016, 0, 0, 0
94000, 31744, 1, 0, 0
95000, 21781, 0, 0, 0
95000, 32544, 1, 0, 0
96001, 23296, 0, 0, 0
96001, 32256, 1, 0, 0
97000, 22550, 0, 0, 0
97000, 33569, 1, 0, 0
98001, 24576, 0, 0, 0
98001, 35072, 1, 0, 0
99000, 23319, 0, 0, 0
99000, 33569, 1, 0, 0
100000, 23552, 0, 0, 0
100000, 36096, 1, 0, 0
101000, 25625, 0, 0, 0
101000, 34338, 1, 0, 0
102000, 22784, 0, 0, 0
102000, 31488, 1, 0, 0
103000, 21525, 0, 0, 0
103000, 31263, 1, 0, 0
104000, 22784, 0, 0, 0
104000, 32768, 1, 0, 0
105001, 21760, 0, 0, 0
105001, 33280, 1, 0, 0
106000, 19987, 0, 0, 0
106000, 29981, 1, 0, 0
107001, 22784, 0, 0, 0
107001, 31488, 1, 0, 0
108000, 26906, 0, 0, 0
108000, 38694, 1, 0, 0
109001, 23296, 0, 0, 0
109001, 35840, 1, 0, 0
110000, 21013, 0, 0, 0
110000, 32544, 1, 0, 0
111001, 21504, 0, 0, 0
111001, 36352, 1, 0, 0
112000, 21269, 0, 0, 0
112000, 33825, 1, 0, 0
113000, 18688, 0, 0, 0
113000, 31744, 1, 0, 0
114000, 20244, 0, 0, 0
114000, 31263, 1, 0, 0
115001, 22784, 0, 0, 0
115001, 32256, 1, 0, 0
116000, 22038, 0, 0, 0
116000, 35363, 1, 0, 0
117000, 19712, 0, 0, 0
117000, 31232, 1, 0, 0
118000, 17425, 0, 0, 0
118000, 29725, 1, 0, 0
119000, 18176, 0, 0, 0
119000, 32256, 1, 0, 0
120000, 21525, 0, 0, 0
120000, 35107, 1, 0, 0
121000, 16384, 0, 0, 0
121000, 28672, 1, 0, 0
122000, 17425, 0, 0, 0
122000, 30238, 1, 0, 0
123000, 16640, 0, 0, 0
123000, 27904, 1, 0, 0
124001, 21504, 0, 0, 0
124001, 36096, 1, 0, 0
125000, 16656, 0, 0, 0
125000, 26906, 1, 0, 0
126001, 19968, 0, 0, 0
126001, 34048, 1, 0, 0
127000, 16400, 0, 0, 0
127000, 29213, 1, 0, 0
128001, 17920, 0, 0, 0
128001, 32768, 1, 0, 0
129000, 16400, 0, 0, 0
129000, 29213, 1, 0, 0
130001, 14848, 0, 0, 0
130001, 28160, 1, 0, 0
131000, 19987, 0, 0, 0
131000, 31775, 1, 0, 0
132001, 17664, 0, 0, 0
132001, 30464, 1, 0, 0
133000, 18706, 0, 0, 0
133000, 31007, 1, 0, 0
134001, 15872, 0, 0, 0
134001, 28928, 1, 0, 0
135000, 18706, 0, 0, 0
135000, 33569, 1, 0, 0
136000, 16896, 0, 0, 0
136000, 32768, 1, 0, 0
137000, 15631, 0, 0, 0
137000, 29213, 1, 0, 0
138000, 17920, 0, 0, 0
138000, 31744, 1, 0, 0
139000, 19731, 0, 0, 0
139000, 35619, 1, 0, 0
140000, 17152, 0, 0, 0
140000, 30720, 1, 0, 0
141000, 18194, 0, 0, 0
141000, 30494, 1, 0, 0
142000, 15616, 0, 0, 0
142000, 28672, 1, 0, 0
143000, 18962, 0, 0, 0
143000, 33825, 1, 0, 0
144000, 21248, 0, 0, 0
144000, 33792, 1, 0, 0
145001, 18176, 0, 0, 0
145001, 32512, 1, 0, 0
146000, 20500, 0, 0, 0
146000, 35107, 1, 0, 0
147000, 15104, 0, 0, 0
147000, 27648, 1, 0, 0
148000, 20500, 0, 0, 0
148000, 31775, 1, 0, 0
149000, 21504, 0, 0, 0
149000, 33536, 1, 0, 0
150000, 20500, 0, 0, 0
150000, 32800, 1, 0, 0
151000, 24576, 0, 0, 0
151000, 36864, 1, 0, 0
152000, 22038, 0, 0, 0
152000, 36132, 1, 0, 0
153000, 18176, 0, 0, 0
153000, 29440, 1, 0, 0
154000, 17681, 0, 0, 0
154000, 30238, 1, 0, 0
155000, 19456, 0, 0, 0
155000, 32512, 1, 0, 0
156001, 18432, 0, 0, 0
156001, 29696, 1, 0, 0
157000, 16656, 0, 0, 0
157000, 28188, 1, 0, 0
158001, 15360, 0, 0, 0
158001, 30464, 1, 0, 0
159000, 18194, 0, 0, 0
159000, 30750, 1, 0, 0
160001, 16640, 0, 0, 0
160001, 31744, 1, 0, 0
161000, 17681, 0, 0, 0
161000, 32288, 1, 0, 0
162001, 18944, 0, 0, 0
162001, 32256, 1, 0, 0
163000, 21525, 0, 0, 0
163000, 36132, 1, 0, 0
164001, 18688, 0, 0, 0
164001, 33024, 1, 0, 0
165000, 18450, 0, 0, 0
165000, 32544, 1, 0, 0
166000, 19712, 0, 0, 0
166000, 37888, 1, 0, 0
167000, 20244, 0, 0, 0
167000, 38950, 1, 0, 0
168000, 18688, 0, 0, 0
168000, 35584, 1, 0, 0
169000, 15887, 0, 0, 0
169000, 29725, 1, 0, 0
170000, 18176, 0, 0, 0
170000, 34048, 1, 0, 0
171000, 16400, 0, 0, 0
171000, 30494, 1, 0, 0
172000, 18432, 0, 0, 0
172000, 37376, 1, 0, 0
173001, 18688, 0, 0, 0
173001, 37120, 1, 0, 0
174000, 19731, 0, 0, 0
174000, 35107, 1, 0, 0
175001, 19200, 0, 0, 0
175001, 37376, 1, 0, 0
176000, 17425, 0, 0, 0
176000, 34850, 1, 0, 0
177001, 18432, 0, 0, 0
177001, 37120, 1, 0, 0
178000, 17425, 0, 0, 0
178000, 38438, 1, 0, 0
179001, 18432, 0, 0, 0
179001, 37376, 1, 0, 0
180000, 21013, 0, 0, 0
180000, 48944, 1, 0, 0
