3999, 7687, 0, 0, 0
3999, 26906, 1, 0, 0
4998, 15375, 0, 0, 0
4998, 24600, 1, 0, 0
5997, 14350, 0, 0, 0
5997, 30238, 1, 0, 0
6996, 14862, 0, 0, 0
6996, 28700, 1, 0, 0
7996, 19219, 0, 0, 0
7996, 28188, 1, 0, 0
8995, 18962, 0, 0, 0
8995, 29981, 1, 0, 0
9996, 20992, 0, 0, 0
9996, 33280, 1, 0, 0
10995, 17937, 0, 0, 0
10995, 32032, 1, 0, 0
11996, 17664, 0, 0, 0
11996, 33280, 1, 0, 0
12996, 18432, 0, 0, 0
12996, 32256, 1, 0, 0
13997, 18944, 0, 0, 0
13997, 34816, 1, 0, 0
14998, 17664, 0, 0, 0
14998, 33280, 1, 0, 0
15999, 20480, 0, 0, 0
15999, 29696, 1, 0, 0
17000, 25088, 0, 0, 0
17000, 36608, 1, 0, 0
18001, 24576, 0, 0, 0
18001, 31232, 1, 0, 0
19001, 25600, 0, 0, 0
19001, 33792, 1, 0, 0
20002, 21760, 0, 0, 0
20002, 28928, 1, 0, 0
21001, 19475, 0, 0, 0
21001, 33825, 1, 0, 0
22002, 20992, 0, 0, 0
22002, 35328, 1, 0, 0
23003, 18944, 0, 0, 0
23003, 32512, 1, 0, 0
24003, 18176, 0, 0, 0
24003, 32000, 1, 0, 0
25003, 17169, 0, 0, 0
25003, 34338, 1, 0, 0
26003, 14350, 0, 0, 0
26003, 33825, 1, 0, 0
27003, 14848, 0, 0, 0
27003, 38400, 1, 0, 0
28003, 18194, 0, 0, 0
28003, 39207, 1, 0, 0
29003, 17937, 0, 0, 0
29003, 34082, 1, 0, 0
30002, 15375, 0, 0, 0
30002, 29981, 1, 0, 0
31003, 16128, 0, 0, 0
31003, 35840, 1, 0, 0
32003, 17408, 0, 0, 0
32003, 36096, 1, 0, 0
33003, 16400, 0, 0, 0
33003, 31519, 1, 0, 0
34003, 16640, 0, 0, 0
34003, 33280, 1, 0, 0
35003, 13837, 0, 0, 0
35003, 30494, 1, 0, 0
36004, 13568, 0, 0, 0
36004, 29696, 1, 0, 0
37003, 13069, 0, 0, 0
37003, 28956, 1, 0, 0
38003, 17169, 0, 0, 0
38003, 34082, 1, 0, 0
39003, 20992, 0, 0, 0
39003, 37632, 1, 0, 0
40003, 17937, 0, 0, 0
40003, 30750, 1, 0, 0
41003, 19456, 0, 0, 0
41003, 36352, 1, 0, 0
42003, 15375, 0, 0, 0
42003, 29469, 1, 0, 0
43003, 20224, 0, 0, 0
43003, 35072, 1, 0, 0
44003, 19475, 0, 0, 0
44003, 33313, 1, 0, 0
45004, 16640, 0, 0, 0
45004, 29440, 1, 0, 0
46003, 17937, 0, 0, 0
46003, 32032, 1, 0, 0
47004, 17664, 0, 0, 0
47004, 35584, 1, 0, 0
48003, 15119, 0, 0, 0
48003, 29981, 1, 0, 0
49003, 16912, 0, 0, 0
49003, 33569, 1, 0, 0
50003, 16896, 0, 0, 0
50003, 29696, 1, 0, 0
51003, 15375, 0, 0, 0
51003, 27163, 1, 0, 0
52003, 17408, 0, 0, 0
52003, 31744, 1, 0, 0
53003, 17425, 0, 0, 0
53003, 30494, 1, 0, 0
54003, 17152, 0, 0, 0
54003, 29952, 1, 0, 0
55003, 16912, 0, 0, 0
55003, 31263, 1, 0, 0
56003, 15872, 0, 0, 0
56003, 30720, 1, 0, 0
57003, 15631, 0, 0, 0
57003, 31263, 1, 0, 0
58004, 15616, 0, 0, 0
58004, 32768, 1, 0, 0
59003, 16144, 0, 0, 0
59003, 33825, 1, 0, 0
60004, 15104, 0, 0, 0
60004, 33024, 1, 0, 0
61003, 16656, 0, 0, 0
61003, 34082, 1, 0, 0
62003, 15631, 0, 0, 0
62003, 32288, 1, 0, 0
63003, 14080, 0, 0, 0
63003, 32000, 1, 0, 0
64003, 14606, 0, 0, 0
64003, 32800, 1, 0, 0
65003, 14336, 0, 0, 0
65003, 33792, 1, 0, 0
66004, 13056, 0, 0, 0
66004, 31744, 1, 0, 0
67003, 14350, 0, 0, 0
67003, 37413, 1, 0, 0
68003, 14592, 0, 0, 0
68003, 34560, 1, 0, 0
69003, 14350, 0, 0, 0
69003, 30750, 1, 0, 0
70003, 13824, 0, 0, 0
70003, 33280, 1, 0, 0
71003, 12556, 0, 0, 0
71003, 26650, 1, 0, 0
72003, 14592, 0, 0, 0
72003, 34048, 1, 0, 0
73003, 13581, 0, 0, 0
73003, 31775, 1, 0, 0
74003, 15616, 0, 0, 0
74003, 32000, 1, 0, 0
75003, 16912, 0, 0, 0
75003, 29981, 1, 0, 0
76003, 20224, 0, 0, 0
76003, 35840, 1, 0, 0
77003, 21781, 0, 0, 0
77003, 34082, 1, 0, 0
78003, 19200, 0, 0, 0
78003, 31744, 1, 0, 0
79004, 16896, 0, 0, 0
79004, 30976, 1, 0, 0
80003, 21269, 0, 0, 0
80003, 34082, 1, 0, 0
81004, 20992, 0, 0, 0
81004, 35840, 1, 0, 0
82003, 17425, 0, 0, 0
82003, 32800, 1, 0, 0
83003, 19712, 0, 0, 0
83003, 33536, 1, 0, 0
84003, 19731, 0, 0, 0
84003, 33825, 1, 0, 0
85003, 18688, 0, 0, 0
85003, 34304, 1, 0, 0
86003, 16656, 0, 0, 0
86003, 33057, 1, 0, 0
87003, 18432, 0, 0, 0
87003, 34560, 1, 0, 0
88003, 21013, 0, 0, 0
88003, 38950, 1, 0, 0
89003, 17152, 0, 0, 0
89003, 30720, 1, 0, 0
90003, 17937, 0, 0, 0
90003, 34850, 1, 0, 0
91003, 17920, 0, 0, 0
91003, 33024, 1, 0, 0
92003, 15616, 0, 0, 0
92003, 30464, 1, 0, 0
93003, 14350, 0, 0, 0
93003, 32032, 1, 0, 0
94003, 14592, 0, 0, 0
94003, 29696, 1, 0, 0
95003, 14094, 0, 0, 0
95003, 28700, 1, 0, 0
96003, 16128, 0, 0, 0
96003, 31744, 1, 0, 0
97003, 13581, 0, 0, 0
97003, 28444, 1, 0, 0
98003, 17408, 0, 0, 0
98003, 33024, 1, 0, 0
99003, 15887, 0, 0, 0
99003, 31775, 1, 0, 0
100003, 14592, 0, 0, 0
100003, 29440, 1, 0, 0
101003, 12812, 0, 0, 0
101003, 26138, 1, 0, 0
102003, 13824, 0, 0, 0
102003, 29952, 1, 0, 0
103003, 18194, 0, 0, 0
103003, 35363, 1, 0, 0
104003, 15104, 0, 0, 0
104003, 28160, 1, 0, 0
105004, 17664, 0, 0, 0
105004, 30976, 1, 0, 0
106003, 15887, 0, 0, 0
106003, 31519, 1, 0, 0
107004, 17408, 0, 0, 0
107004, 35584, 1, 0, 0
108003, 16144, 0, 0, 0
108003, 30750, 1, 0, 0
109004, 21248, 0, 0, 0
109004, 37632, 1, 0, 0
110003, 16912, 0, 0, 0
110003, 31775, 1, 0, 0
111004, 17920, 0, 0, 0
111004, 33536, 1, 0, 0
112003, 18194, 0, 0, 0
112003, 31263, 1, 0, 0
113003, 20992, 0, 0, 0
113003, 35584, 1, 0, 0
114003, 18450, 0, 0, 0
114003, 31007, 1, 0, 0
115003, 20736, 0, 0, 0
115003, 34816, 1, 0, 0
116003, 18706, 0, 0, 0
116003, 32288, 1, 0, 0
117003, 15872, 0, 0, 0
117003, 27648, 1, 0, 0
118003, 20756, 0, 0, 0
118003, 33569, 1, 0, 0
119003, 21504, 0, 0, 0
119003, 36352, 1, 0, 0
120003, 18706, 0, 0, 0
120003, 35363, 1, 0, 0
121003, 19712, 0, 0, 0
121003, 32768, 1, 0, 0
122003, 17169, 0, 0, 0
122003, 30494, 1, 0, 0
123003, 17152, 0, 0, 0
123003, 30208, 1, 0, 0
124004, 17664, 0, 0, 0
124004, 29184, 1, 0, 0
125003, 19731, 0, 0, 0
125003, 29981, 1, 0, 0
126004, 18944, 0, 0, 0
126004, 33792, 1, 0, 0
127003, 21781, 0, 0, 0
127003, 36388, 1, 0, 0
128004, 22016, 0, 0, 0
128004, 35584, 1, 0, 0
129003, 18706, 0, 0, 0
129003, 31007, 1, 0, 0
130004, 22016, 0, 0, 0
130004, 34304, 1, 0, 0
131003, 18962, 0, 0, 0
131003, 31775, 1, 0, 0
132004, 19456, 0, 0, 0
132004, 30976, 1, 0, 0
133003, 19475, 0, 0, 0
133003, 32800, 1, 0, 0
134004, 19200, 0, 0, 0
134004, 28928, 1, 0, 0
135003, 18962, 0, 0, 0
135003, 31519, 1, 0, 0
136003, 22272, 0, 0, 0
136003, 32000, 1, 0, 0
137003, 24088, 0, 0, 0
137003, 39719, 1, 0, 0
138003, 20736, 0, 0, 0
138003, 30464, 1, 0, 0
139003, 18450, 0, 0, 0
139003, 28444, 1, 0, 0
140003, 22784, 0, 0, 0
140003, 34304, 1, 0, 0
141003, 20244, 0, 0, 0
141003, 31263, 1, 0, 0
142003, 24320, 0, 0, 0
142003, 33280, 1, 0, 0
143003, 19731, 0, 0, 0
143003, 28956, 1, 0, 0
144003, 21504, 0, 0, 0
144003, 32000, 1, 0, 0
145004, 19968, 0, 0, 0
145004, 27392, 1, 0, 0
146003, 19731, 0, 0, 0
146003, 32800, 1, 0, 0
147003, 20480, 0, 0, 0
147003, 30976, 1, 0, 0
148003, 18194, 0, 0, 0
148003, 28700, 1, 0, 0
149003, 22272, 0, 0, 0
149003, 33024, 1, 0, 0
150003, 24088, 0, 0, 0
150003, 33057, 1, 0, 0
151003, 19200, 0, 0, 0
151003, 28160, 1, 0, 0
152003, 21525, 0, 0, 0
152003, 29981, 1, 0, 0
153003, 23040, 0, 0, 0
153003, 31488, 1, 0, 0
154003, 20500, 0, 0, 0
154003, 30238, 1, 0, 0
155003, 24320, 0, 0, 0
155003, 33280, 1, 0, 0
156004, 20992, 0, 0, 0
156004, 27392, 1, 0, 0
157003, 23063, 0, 0, 0
157003, 31007, 1, 0, 0
158004, 20480, 0, 0, 0
158004, 28416, 1, 0, 0
159003, 19219, 0, 0, 0
159003, 27931, 1, 0, 0
160004, 24064, 0, 0, 0
160004, 28672, 1, 0, 0
161003, 20500, 0, 0, 0
161003, 28700, 1, 0, 0
162004, 27648, 0, 0, 0
162004, 32256, 1, 0, 0
163003, 24344, 0, 0, 0
163003, 29469, 1, 0, 0
164003, 32768, 0, 0, 0
164003, 34560, 1, 0, 0
165003, 27163, 0, 0, 0
165003, 32544, 1, 0, 0
166003, 29696, 0, 0, 0
166003, 28672, 1, 0, 0
167003, 31519, 0, 0, 0
167003, 38182, 1, 0, 0
168003, 33792, 0, 0, 0
168003, 28160, 1, 0, 0
169003, 30494, 0, 0, 0
169003, 31519, 1, 0, 0
170003, 33024, 0, 0, 0
170003, 36608, 1, 0, 0
171003, 40232, 0, 0, 0
171003, 42282, 1, 0, 0
172003, 36352, 0, 0, 0
172003, 34816, 1, 0, 0
173004, 30720, 0, 0, 0
173004, 35072, 1, 0, 0
174003, 29725, 0, 0, 0
174003, 32544, 1, 0, 0
175004, 29696, 0, 0, 0
175004, 32512, 1, 0, 0
176003, 31775, 0, 0, 0
176003, 36132, 1, 0, 0
177004, 31744, 0, 0, 0
177004, 36096, 1, 0, 0
178003, 28444, 0, 0, 0
178003, 33569, 1, 0, 0
179003, 28416, 0, 0, 0
179003, 32000, 1, 0, 0
