4002, 2560, 0, 0, 0
4002, 23296, 1, 0, 0
5001, 15119, 0, 0, 0
5001, 26650, 1, 0, 0
6000, 21525, 0, 0, 0
6000, 41001, 1, 0, 0
6999, 18194, 0, 0, 0
6999, 31775, 1, 0, 0
7998, 23575, 0, 0, 0
7998, 38694, 1, 0, 0
8997, 17937, 0, 0, 0
8997, 35619, 1, 0, 0
9998, 20224, 0, 0, 0
9998, 35072, 1, 0, 0
10999, 24551, 0, 0, 0
10999, 38361, 1, 0, 0
12000, 24064, 0, 0, 0
12000, 36608, 1, 0, 0
13001, 23552, 0, 0, 0
13001, 37888, 1, 0, 0
14002, 24320, 0, 0, 0
14002, 38400, 1, 0, 0
15002, 21013, 0, 0, 0
15002, 36644, 1, 0, 0
16001, 22550, 0, 0, 0
16001, 32544, 1, 0, 0
17001, 18962, 0, 0, 0
17001, 30750, 1, 0, 0
18001, 21525, 0, 0, 0
18001, 38438, 1, 0, 0
19002, 25344, 0, 0, 0
19002, 41728, 1, 0, 0
20002, 18194, 0, 0, 0
20002, 36644, 1, 0, 0
21002, 15375, 0, 0, 0
21002, 33057, 1, 0, 0
22001, 16144, 0, 0, 0
22001, 30238, 1, 0, 0
23001, 18962, 0, 0, 0
23001, 35875, 1, 0, 0
24002, 16896, 0, 0, 0
24002, 27648, 1, 0, 0
25001, 18706, 0, 0, 0
25001, 37925, 1, 0, 0
26001, 18962, 0, 0, 0
26001, 39463, 1, 0, 0
27002, 12800, 0, 0, 0
27002, 36608, 1, 0, 0
28001, 16400, 0, 0, 0
28001, 37413, 1, 0, 0
29001, 17425, 0, 0, 0
29001, 37157, 1, 0, 0
30000, 16400, 0, 0, 0
30000, 39207, 1, 0, 0
31001, 16640, 0, 0, 0
31001, 38144, 1, 0, 0
32002, 17664, 0, 0, 0
32002, 36096, 1, 0, 0
33001, 17169, 0, 0, 0
33001, 38182, 1, 0, 0
34002, 16640, 0, 0, 0
34002, 40704, 1, 0, 0
35001, 14350, 0, 0, 0
35001, 38438, 1, 0, 0
36002, 13824, 0, 0, 0
36002, 38912, 1, 0, 0
37001, 16144, 0, 0, 0
37001, 39463, 1, 0, 0
38001, 16656, 0, 0, 0
38001, 37157, 1, 0, 0
39002, 17152, 0, 0, 0
39002, 43520, 1, 0, 0
40001, 16144, 0, 0, 0
40001, 37157, 1, 0, 0
41002, 14592, 0, 0, 0
41002, 34560, 1, 0, 0
42001, 16912, 0, 0, 0
42001, 32032, 1, 0, 0
43002, 19456, 0, 0, 0
43002, 39168, 1, 0, 0
44001, 19475, 0, 0, 0
44001, 37669, 1, 0, 0
45002, 17664, 0, 0, 0
45002, 37376, 1, 0, 0
46001, 16656, 0, 0, 0
46001, 35619, 1, 0, 0
47002, 17664, 0, 0, 0
47002, 38144, 1, 0, 0
48001, 19731, 0, 0, 0
48001, 40232, 1, 0, 0
49001, 17169, 0, 0, 0
49001, 37157, 1, 0, 0
50001, 17920, 0, 0, 0
50001, 35840, 1, 0, 0
51001, 18962, 0, 0, 0
51001, 38182, 1, 0, 0
52001, 15360, 0, 0, 0
52001, 33024, 1, 0, 0
53001, 16912, 0, 0, 0
53001, 33569, 1, 0, 0
54002, 15872, 0, 0, 0
54002, 36096, 1, 0, 0
55001, 16400, 0, 0, 0
55001, 31263, 1, 0, 0
56001, 16384, 0, 0, 0
56001, 35328, 1, 0, 0
57001, 17937, 0, 0, 0
57001, 36900, 1, 0, 0
58002, 15872, 0, 0, 0
58002, 35584, 1, 0, 0
59001, 15119, 0, 0, 0
59001, 35619, 1, 0, 0
60002, 14592, 0, 0, 0
60002, 36608, 1, 0, 0
61001, 23319, 0, 0, 0
61001, 39719, 1, 0, 0
62001, 20244, 0, 0, 0
62001, 34594, 1, 0, 0
63001, 19456, 0, 0, 0
63001, 31232, 1, 0, 0
64001, 21013, 0, 0, 0
64001, 33313, 1, 0, 0
65001, 23040, 0, 0, 0
65001, 38400, 1, 0, 0
66002, 20736, 0, 0, 0
66002, 30720, 1, 0, 0
67001, 22806, 0, 0, 0
67001, 38182, 1, 0, 0
68002, 21760, 0, 0, 0
68002, 42496, 1, 0, 0
69001, 19219, 0, 0, 0
69001, 35107, 1, 0, 0
70002, 17408, 0, 0, 0
70002, 36608, 1, 0, 0
71001, 19987, 0, 0, 0
71001, 37413, 1, 0, 0
72002, 23040, 0, 0, 0
72002, 43520, 1, 0, 0
73001, 19987, 0, 0, 0
73001, 36388, 1, 0, 0
74002, 18432, 0, 0, 0
74002, 37120, 1, 0, 0
75001, 16656, 0, 0, 0
75001, 33057, 1, 0, 0
76001, 14848, 0, 0, 0
76001, 36608, 1, 0, 0
77001, 14606, 0, 0, 0
77001, 39719, 1, 0, 0
78001, 15104, 0, 0, 0
78001, 35328, 1, 0, 0
79002, 13568, 0, 0, 0
79002, 36608, 1, 0, 0
80001, 12044, 0, 0, 0
80001, 35107, 1, 0, 0
81002, 12288, 0, 0, 0
81002, 33280, 1, 0, 0
82001, 16912, 0, 0, 0
82001, 34850, 1, 0, 0
83002, 17920, 0, 0, 0
83002, 38912, 1, 0, 0
84001, 18962, 0, 0, 0
84001, 36644, 1, 0, 0
85001, 18176, 0, 0, 0
85001, 37632, 1, 0, 0
86001, 16400, 0, 0, 0
86001, 34082, 1, 0, 0
87001, 17664, 0, 0, 0
87001, 33792, 1, 0, 0
88001, 16400, 0, 0, 0
88001, 29725, 1, 0, 0
89001, 21504, 0, 0, 0
89001, 33792, 1, 0, 0
90001, 21269, 0, 0, 0
90001, 36132, 1, 0, 0
91001, 23296, 0, 0, 0
91001, 40448, 1, 0, 0
92002, 22016, 0, 0, 0
92002, 39936, 1, 0, 0
93001, 20244, 0, 0, 0
93001, 31263, 1, 0, 0
94002, 18176, 0, 0, 0
94002, 30720, 1, 0, 0
95001, 21781, 0, 0, 0
95001, 35107, 1, 0, 0
96002, 20480, 0, 0, 0
96002, 32512, 1, 0, 0
97001, 25113, 0, 0, 0
97001, 39207, 1, 0, 0
98002, 22528, 0, 0, 0
98002, 36096, 1, 0, 0
99001, 19731, 0, 0, 0
99001, 34338, 1, 0, 0
100002, 19968, 0, 0, 0
100002, 36096, 1, 0, 0
101001, 20500, 0, 0, 0
101001, 33569, 1, 0, 0
102001, 19456, 0, 0, 0
102001, 39936, 1, 0, 0
103001, 19731, 0, 0, 0
103001, 30238, 1, 0, 0
104001, 21760, 0, 0, 0
104001, 32512, 1, 0, 0
105002, 25088, 0, 0, 0
105002, 34816, 1, 0, 0
106001, 29725, 0, 0, 0
106001, 40488, 1, 0, 0
107002, 28160, 0, 0, 0
107002, 32768, 1, 0, 0
108001, 23831, 0, 0, 0
108001, 33057, 1, 0, 0
109002, 26368, 0, 0, 0
109002, 34304, 1, 0, 0
110001, 24344, 0, 0, 0
110001, 33057, 1, 0, 0
111002, 26624, 0, 0, 0
111002, 36608, 1, 0, 0
112001, 26394, 0, 0, 0
112001, 39719, 1, 0, 0
113002, 23808, 0, 0, 0
113002, 33536, 1, 0, 0
114001, 24088, 0, 0, 0
114001, 33825, 1, 0, 0
115002, 21248, 0, 0, 0
115002, 34560, 1, 0, 0
116001, 22550, 0, 0, 0
116001, 29725, 1, 0, 0
117002, 23552, 0, 0, 0
117002, 38400, 1, 0, 0
118001, 27163, 0, 0, 0
118001, 33825, 1, 0, 0
119001, 23552, 0, 0, 0
119001, 35072, 1, 0, 0
120001, 24088, 0, 0, 0
120001, 34850, 1, 0, 0
121001, 23296, 0, 0, 0
121001, 36608, 1, 0, 0
122001, 24344, 0, 0, 0
122001, 34082, 1, 0, 0
123001, 24064, 0, 0, 0
123001, 35328, 1, 0, 0
124002, 25600, 0, 0, 0
124002, 34816, 1, 0, 0
125001, 22294, 0, 0, 0
125001, 31007, 1, 0, 0
126002, 24320, 0, 0, 0
126002, 34560, 1, 0, 0
127001, 26138, 0, 0, 0
127001, 35619, 1, 0, 0
128002, 23808, 0, 0, 0
128002, 33024, 1, 0, 0
129001, 24344, 0, 0, 0
129001, 33825, 1, 0, 0
130002, 24832, 0, 0, 0
130002, 37632, 1, 0, 0
131001, 22806, 0, 0, 0
131001, 33057, 1, 0, 0
132002, 25344, 0, 0, 0
132002, 36096, 1, 0, 0
133001, 19731, 0, 0, 0
133001, 32032, 1, 0, 0
134002, 22016, 0, 0, 0
134002, 34816, 1, 0, 0
135001, 23319, 0, 0, 0
135001, 36644, 1, 0, 0
136002, 25856, 0, 0, 0
136002, 35328, 1, 0, 0
137001, 24344, 0, 0, 0
137001, 40488, 1, 0, 0
138001, 26112, 0, 0, 0
138001, 37376, 1, 0, 0
139001, 20756, 0, 0, 0
139001, 33313, 1, 0, 0
140001, 17152, 0, 0, 0
140001, 32256, 1, 0, 0
141001, 23319, 0, 0, 0
141001, 37413, 1, 0, 0
142001, 22016, 0, 0, 0
142001, 33536, 1, 0, 0
143001, 19475, 0, 0, 0
143001, 36132, 1, 0, 0
144001, 20736, 0, 0, 0
144001, 33280, 1, 0, 0
145002, 18688, 0, 0, 0
145002, 34048, 1, 0, 0
146001, 23063, 0, 0, 0
146001, 38438, 1, 0, 0
147002, 23296, 0, 0, 0
147002, 39424, 1, 0, 0
148001, 22294, 0, 0, 0
148001, 37157, 1, 0, 0
149002, 19712, 0, 0, 0
149002, 34560, 1, 0, 0
150001, 21525, 0, 0, 0
150001, 34338, 1, 0, 0
151001, 22784, 0, 0, 0
151001, 36096, 1, 0, 0
152001, 25625, 0, 0, 0
152001, 39463, 1, 0, 0
153001, 20480, 0, 0, 0
153001, 34560, 1, 0, 0
154001, 27163, 0, 0, 0
154001, 41257, 1, 0, 0
155001, 22272, 0, 0, 0
155001, 35584, 1, 0, 0
156002, 26112, 0, 0, 0
156002, 40448, 1, 0, 0
157001, 24856, 0, 0, 0
157001, 33569, 1, 0, 0
158002, 24576, 0, 0, 0
158002, 35584, 1, 0, 0
159001, 26906, 0, 0, 0
159001, 36644, 1, 0, 0
160002, 28672, 0, 0, 0
160002, 39424, 1, 0, 0
161001, 25113, 0, 0, 0
161001, 34338, 1, 0, 0
162002, 24576, 0, 0, 0
162002, 34304, 1, 0, 0
163001, 25113, 0, 0, 0
163001, 33057, 1, 0, 0
164002, 26624, 0, 0, 0
164002, 35584, 1, 0, 0
165001, 26138, 0, 0, 0
165001, 37669, 1, 0, 0
166002, 26112, 0, 0, 0
166002, 36864, 1, 0, 0
167001, 23831, 0, 0, 0
167001, 32288, 1, 0, 0
168001, 28672, 0, 0, 0
168001, 38912, 1, 0, 0
169001, 26906, 0, 0, 0
169001, 36900, 1, 0, 0
170001, 25856, 0, 0, 0
170001, 37632, 1, 0, 0
171001, 22294, 0, 0, 0
171001, 34082, 1, 0, 0
172001, 23808, 0, 0, 0
172001, 35584, 1, 0, 0
173002, 20480, 0, 0, 0
173002, 32000, 1, 0, 0
174001, 22806, 0, 0, 0
174001, 32544, 1, 0, 0
175002, 24576, 0, 0, 0
175002, 37120, 1, 0, 0
176001, 22806, 0, 0, 0
176001, 35363, 1, 0, 0
177002, 25600, 0, 0, 0
177002, 36096, 1, 0, 0
178001, 27675, 0, 0, 0
178001, 42538, 1, 0, 0
179002, 24064, 0, 0, 0
179002, 34048, 1, 0, 0
