4002, 6656, 0, 0, 0
4002, 28160, 1, 0, 0
5001, 15375, 0, 0, 0
5001, 35619, 1, 0, 0
6002, 20736, 0, 0, 0
6002, 33024, 1, 0, 0
7001, 31519, 0, 0, 0
7001, 41513, 1, 0, 0
8000, 22294, 0, 0, 0
8000, 34082, 1, 0, 0
9003, 21716, 0, 0, 0
9003, 35257, 1, 0, 0
10004, 19692, 0, 0, 0
10004, 32223, 1, 0, 0
11005, 22505, 0, 0, 0
11005, 30433, 1, 0, 0
12006, 22528, 0, 0, 0
12006, 27904, 1, 0, 0
13006, 23552, 0, 0, 0
13006, 32512, 1, 0, 0
14007, 24064, 0, 0, 0
14007, 31744, 1, 0, 0
15008, 24320, 0, 0, 0
15008, 32768, 1, 0, 0
16009, 18944, 0, 0, 0
16009, 26624, 1, 0, 0
17010, 25344, 0, 0, 0
17010, 35584, 1, 0, 0
18011, 23296, 0, 0, 0
18011, 35072, 1, 0, 0
19011, 17408, 0, 0, 0
19011, 34816, 1, 0, 0
20012, 16640, 0, 0, 0
20012, 33536, 1, 0, 0
21013, 15088, 0, 0, 0
21013, 35548, 1, 0, 0
22014, 16640, 0, 0, 0
22014, 34304, 1, 0, 0
23015, 20480, 0, 0, 0
23015, 37888, 1, 0, 0
24015, 24576, 0, 0, 0
24015, 34816, 1, 0, 0
25016, 27392, 0, 0, 0
25016, 40704, 1, 0, 0
26017, 20992, 0, 0, 0
26017, 35328, 1, 0, 0
27017, 20224, 0, 0, 0
27017, 35584, 1, 0, 0
28018, 29440, 0, 0, 0
28018, 41984, 1, 0, 0
29019, 29184, 0, 0, 0
29019, 39936, 1, 0, 0
30019, 29184, 0, 0, 0
30019, 37376, 1, 0, 0
31019, 25113, 0, 0, 0
31019, 35363, 1, 0, 0
32019, 26880, 0, 0, 0
32019, 34816, 1, 0, 0
33019, 27931, 0, 0, 0
33019, 36900, 1, 0, 0
34019, 26112, 0, 0, 0
34019, 40960, 1, 0, 0
35020, 23040, 0, 0, 0
35020, 34048, 1, 0, 0
36021, 25856, 0, 0, 0
36021, 41728, 1, 0, 0
37021, 26368, 0, 0, 0
37021, 36352, 1, 0, 0
38022, 23040, 0, 0, 0
38022, 33024, 1, 0, 0
39022, 27392, 0, 0, 0
39022, 38912, 1, 0, 0
40022, 22550, 0, 0, 0
40022, 36900, 1, 0, 0
41022, 24064, 0, 0, 0
41022, 34304, 1, 0, 0
42022, 21269, 0, 0, 0
42022, 35363, 1, 0, 0
43023, 18944, 0, 0, 0
43023, 33792, 1, 0, 0
44022, 18706, 0, 0, 0
44022, 36644, 1, 0, 0
45023, 17664, 0, 0, 0
45023, 36608, 1, 0, 0
46022, 15119, 0, 0, 0
46022, 35363, 1, 0, 0
47023, 19712, 0, 0, 0
47023, 37376, 1, 0, 0
48022, 22294, 0, 0, 0
48022, 38694, 1, 0, 0
49022, 19475, 0, 0, 0
49022, 37157, 1, 0, 0
50022, 20224, 0, 0, 0
50022, 35584, 1, 0, 0
51022, 18706, 0, 0, 0
51022, 35363, 1, 0, 0
52022, 16896, 0, 0, 0
52022, 32512, 1, 0, 0
53022, 16912, 0, 0, 0
53022, 33569, 1, 0, 0
54022, 17920, 0, 0, 0
54022, 33536, 1, 0, 0
55022, 17937, 0, 0, 0
55022, 32288, 1, 0, 0
56022, 17152, 0, 0, 0
56022, 30208, 1, 0, 0
57022, 18706, 0, 0, 0
57022, 32288, 1, 0, 0
58023, 21760, 0, 0, 0
58023, 34560, 1, 0, 0
59022, 19219, 0, 0, 0
59022, 30494, 1, 0, 0
60023, 19456, 0, 0, 0
60023, 32000, 1, 0, 0
61022, 22038, 0, 0, 0
61022, 31775, 1, 0, 0
62022, 22038, 0, 0, 0
62022, 32800, 1, 0, 0
63022, 23296, 0, 0, 0
63022, 33280, 1, 0, 0
64022, 28956, 0, 0, 0
64022, 30750, 1, 0, 0
65022, 24576, 0, 0, 0
65022, 35328, 1, 0, 0
66023, 26112, 0, 0, 0
66023, 30208, 1, 0, 0
67022, 28188, 0, 0, 0
67022, 35363, 1, 0, 0
68023, 26112, 0, 0, 0
68023, 32256, 1, 0, 0
69022, 25369, 0, 0, 0
69022, 35363, 1, 0, 0
70022, 22272, 0, 0, 0
70022, 30208, 1, 0, 0
71022, 21781, 0, 0, 0
71022, 31775, 1, 0, 0
72022, 22272, 0, 0, 0
72022, 33536, 1, 0, 0
73022, 19987, 0, 0, 0
73022, 32032, 1, 0, 0
74022, 20992, 0, 0, 0
74022, 31488, 1, 0, 0
75022, 23063, 0, 0, 0
75022, 34594, 1, 0, 0
76022, 18944, 0, 0, 0
76022, 29440, 1, 0, 0
77022, 24344, 0, 0, 0
77022, 35107, 1, 0, 0
78022, 28160, 0, 0, 0
78022, 36864, 1, 0, 0
79023, 23040, 0, 0, 0
79023, 34816, 1, 0, 0
80022, 26650, 0, 0, 0
80022, 38950, 1, 0, 0
81023, 25344, 0, 0, 0
81023, 35584, 1, 0, 0
82022, 27675, 0, 0, 0
82022, 35619, 1, 0, 0
83022, 30208, 0, 0, 0
83022, 38912, 1, 0, 0
84022, 25369, 0, 0, 0
84022, 32800, 1, 0, 0
85022, 24320, 0, 0, 0
85022, 34304, 1, 0, 0
86022, 25625, 0, 0, 0
86022, 32544, 1, 0, 0
87022, 29952, 0, 0, 0
87022, 37632, 1, 0, 0
88022, 28956, 0, 0, 0
88022, 35363, 1, 0, 0
89022, 28160, 0, 0, 0
89022, 37888, 1, 0, 0
90022, 28188, 0, 0, 0
90022, 35619, 1, 0, 0
91022, 29696, 0, 0, 0
91022, 35072, 1, 0, 0
92023, 25088, 0, 0, 0
92023, 32000, 1, 0, 0
93022, 26138, 0, 0, 0
93022, 36388, 1, 0, 0
94022, 24832, 0, 0, 0
94022, 28928, 1, 0, 0
95022, 28444, 0, 0, 0
95022, 36388, 1, 0, 0
96023, 23552, 0, 0, 0
96023, 33536, 1, 0, 0
97022, 26394, 0, 0, 0
97022, 35875, 1, 0, 0
98023, 26368, 0, 0, 0
98023, 37632, 1, 0, 0
99022, 24600, 0, 0, 0
99022, 33313, 1, 0, 0
100022, 25088, 0, 0, 0
100022, 35328, 1, 0, 0
101022, 22806, 0, 0, 0
101022, 34082, 1, 0, 0
102022, 26624, 0, 0, 0
102022, 36096, 1, 0, 0
103022, 21269, 0, 0, 0
103022, 31775, 1, 0, 0
104022, 25600, 0, 0, 0
104022, 38400, 1, 0, 0
105023, 24576, 0, 0, 0
105023, 37120, 1, 0, 0
106022, 25369, 0, 0, 0
106022, 33825, 1, 0, 0
107023, 21248, 0, 0, 0
107023, 30208, 1, 0, 0
108022, 30750, 0, 0, 0
108022, 42794, 1, 0, 0
109023, 24320, 0, 0, 0
109023, 32512, 1, 0, 0
110022, 20756, 0, 0, 0
110022, 30238, 1, 0, 0
111023, 23040, 0, 0, 0
111023, 32512, 1, 0, 0
112022, 23319, 0, 0, 0
112022, 35619, 1, 0, 0
113022, 22016, 0, 0, 0
113022, 33280, 1, 0, 0
114022, 21781, 0, 0, 0
114022, 32800, 1, 0, 0
115023, 23040, 0, 0, 0
115023, 33280, 1, 0, 0
116022, 23063, 0, 0, 0
116022, 35875, 1, 0, 0
117022, 27392, 0, 0, 0
117022, 40192, 1, 0, 0
118022, 21013, 0, 0, 0
118022, 35363, 1, 0, 0
119022, 23040, 0, 0, 0
119022, 37888, 1, 0, 0
120022, 22806, 0, 0, 0
120022, 32544, 1, 0, 0
121022, 24576, 0, 0, 0
121022, 34816, 1, 0, 0
122022, 22550, 0, 0, 0
122022, 35875, 1, 0, 0
123022, 22528, 0, 0, 0
123022, 33024, 1, 0, 0
124023, 25600, 0, 0, 0
124023, 37120, 1, 0, 0
125022, 23319, 0, 0, 0
125022, 36644, 1, 0, 0
126023, 22016, 0, 0, 0
126023, 34560, 1, 0, 0
127022, 24856, 0, 0, 0
127022, 34082, 1, 0, 0
128023, 24064, 0, 0, 0
128023, 38912, 1, 0, 0
129022, 24600, 0, 0, 0
129022, 37925, 1, 0, 0
130023, 26368, 0, 0, 0
130023, 34048, 1, 0, 0
131022, 24600, 0, 0, 0
131022, 37925, 1, 0, 0
132023, 24832, 0, 0, 0
132023, 34560, 1, 0, 0
133022, 22806, 0, 0, 0
133022, 36644, 1, 0, 0
134023, 23296, 0, 0, 0
134023, 33280, 1, 0, 0
135022, 25369, 0, 0, 0
135022, 39207, 1, 0, 0
136022, 24064, 0, 0, 0
136022, 38144, 1, 0, 0
137022, 26394, 0, 0, 0
137022, 39207, 1, 0, 0
138022, 21248, 0, 0, 0
138022, 34048, 1, 0, 0
139022, 22806, 0, 0, 0
139022, 35875, 1, 0, 0
140022, 24320, 0, 0, 0
140022, 39424, 1, 0, 0
141022, 24600, 0, 0, 0
141022, 36900, 1, 0, 0
142022, 20224, 0, 0, 0
142022, 31744, 1, 0, 0
143022, 24344, 0, 0, 0
143022, 34338, 1, 0, 0
144022, 21504, 0, 0, 0
144022, 28928, 1, 0, 0
145023, 23296, 0, 0, 0
145023, 34816, 1, 0, 0
146022, 25625, 0, 0, 0
146022, 37157, 1, 0, 0
147022, 27392, 0, 0, 0
147022, 38144, 1, 0, 0
148022, 21525, 0, 0, 0
148022, 38950, 1, 0, 0
149022, 27136, 0, 0, 0
149022, 45824, 1, 0, 0
150022, 23063, 0, 0, 0
150022, 35107, 1, 0, 0
151022, 19200, 0, 0, 0
151022, 35584, 1, 0, 0
152022, 17937, 0, 0, 0
152022, 30238, 1, 0, 0
153022, 20224, 0, 0, 0
153022, 36352, 1, 0, 0
154022, 17425, 0, 0, 0
154022, 32544, 1, 0, 0
155022, 21760, 0, 0, 0
155022, 40192, 1, 0, 0
156023, 19456, 0, 0, 0
156023, 39424, 1, 0, 0
157022, 20756, 0, 0, 0
157022, 37669, 1, 0, 0
158023, 20224, 0, 0, 0
158023, 39936, 1, 0, 0
159022, 18706, 0, 0, 0
159022, 36388, 1, 0, 0
160023, 20480, 0, 0, 0
160023, 38912, 1, 0, 0
161022, 18706, 0, 0, 0
161022, 35107, 1, 0, 0
162023, 17664, 0, 0, 0
162023, 33024, 1, 0, 0
163022, 18194, 0, 0, 0
163022, 35107, 1, 0, 0
164023, 17664, 0, 0, 0
164023, 35840, 1, 0, 0
165022, 16912, 0, 0, 0
165022, 38694, 1, 0, 0
166022, 18432, 0, 0, 0
166022, 35584, 1, 0, 0
167022, 18706, 0, 0, 0
167022, 38438, 1, 0, 0
168022, 20992, 0, 0, 0
168022, 38912, 1, 0, 0
169022, 21013, 0, 0, 0
169022, 40488, 1, 0, 0
170022, 21760, 0, 0, 0
170022, 34560, 1, 0, 0
171022, 21013, 0, 0, 0
171022, 38694, 1, 0, 0
172022, 23040, 0, 0, 0
172022, 37376, 1, 0, 0
173023, 20992, 0, 0, 0
173023, 37120, 1, 0, 0
174022, 19219, 0, 0, 0
174022, 35363, 1, 0, 0
175023, 20480, 0, 0, 0
175023, 38144, 1, 0, 0
176022, 23319, 0, 0, 0
176022, 42026, 1, 0, 0
177023, 17408, 0, 0, 0
177023, 31744, 1, 0, 0
178022, 27419, 0, 0, 0
178022, 45613, 1, 0, 0
179023, 24832, 0, 0, 0
179023, 40448, 1, 0, 0
