4002, 8448, 0, 0, 0
4002, 34560, 1, 0, 0
5001, 13325, 0, 0, 0
5001, 32800, 1, 0, 0
6002, 18944, 0, 0, 0
6002, 32000, 1, 0, 0
7003, 19692, 0, 0, 0
7003, 30433, 1, 0, 0
8005, 18413, 0, 0, 0
8005, 34013, 1, 0, 0
9007, 17117, 0, 0, 0
9007, 33469, 1, 0, 0
10008, 16367, 0, 0, 0
10008, 35804, 1, 0, 0
11009, 13554, 0, 0, 0
11009, 29922, 1, 0, 0
12010, 16640, 0, 0, 0
12010, 33536, 1, 0, 0
13011, 23296, 0, 0, 0
13011, 36864, 1, 0, 0
14011, 20992, 0, 0, 0
14011, 37376, 1, 0, 0
15012, 20224, 0, 0, 0
15012, 33024, 1, 0, 0
16013, 18432, 0, 0, 0
16013, 30208, 1, 0, 0
17014, 18944, 0, 0, 0
17014, 37120, 1, 0, 0
18015, 16128, 0, 0, 0
18015, 32512, 1, 0, 0
19016, 17664, 0, 0, 0
19016, 31488, 1, 0, 0
20016, 14336, 0, 0, 0
20016, 35328, 1, 0, 0
21018, 16623, 0, 0, 0
21018, 36571, 1, 0, 0
22018, 15360, 0, 0, 0
22018, 38656, 1, 0, 0
23019, 16384, 0, 0, 0
23019, 33792, 1, 0, 0
24020, 16384, 0, 0, 0
24020, 32512, 1, 0, 0
25020, 16384, 0, 0, 0
25020, 36096, 1, 0, 0
26021, 19712, 0, 0, 0
26021, 36352, 1, 0, 0
27022, 16896, 0, 0, 0
27022, 32768, 1, 0, 0
28022, 18432, 0, 0, 0
28022, 39424, 1, 0, 0
29023, 17408, 0, 0, 0
29023, 38912, 1, 0, 0
30023, 15360, 0, 0, 0
30023, 37376, 1, 0, 0
31023, 16656, 0, 0, 0
31023, 37157, 1, 0, 0
32024, 17408, 0, 0, 0
32024, 33792, 1, 0, 0
33023, 15631, 0, 0, 0
33023, 34850, 1, 0, 0
34024, 13056, 0, 0, 0
34024, 32768, 1, 0, 0
35024, 13056, 0, 0, 0
35024, 36096, 1, 0, 0
36025, 14336, 0, 0, 0
36025, 35072, 1, 0, 0
37025, 14080, 0, 0, 0
37025, 33536, 1, 0, 0
38026, 18944, 0, 0, 0
38026, 36864, 1, 0, 0
39027, 20480, 0, 0, 0
39027, 42752, 1, 0, 0
40026, 20244, 0, 0, 0
40026, 37157, 1, 0, 0
41027, 23552, 0, 0, 0
41027, 42240, 1, 0, 0
42026, 19475, 0, 0, 0
42026, 35107, 1, 0, 0
43027, 20480, 0, 0, 0
43027, 37376, 1, 0, 0
44026, 18450, 0, 0, 0
44026, 39719, 1, 0, 0
45027, 17664, 0, 0, 0
45027, 34816, 1, 0, 0
46026, 14094, 0, 0, 0
46026, 32032, 1, 0, 0
47027, 17152, 0, 0, 0
47027, 41216, 1, 0, 0
48026, 14862, 0, 0, 0
48026, 35875, 1, 0, 0
49026, 16656, 0, 0, 0
49026, 38438, 1, 0, 0
50027, 17152, 0, 0, 0
50027, 37632, 1, 0, 0
51026, 16656, 0, 0, 0
51026, 34082, 1, 0, 0
52027, 18432, 0, 0, 0
52027, 35584, 1, 0, 0
53026, 22806, 0, 0, 0
53026, 39207, 1, 0, 0
54027, 20992, 0, 0, 0
54027, 37376, 1, 0, 0
55026, 19475, 0, 0, 0
55026, 34850, 1, 0, 0
56027, 22272, 0, 0, 0
56027, 35584, 1, 0, 0
57026, 18450, 0, 0, 0
57026, 35363, 1, 0, 0
58027, 26624, 0, 0, 0
58027, 43776, 1, 0, 0
59026, 19219, 0, 0, 0
59026, 38182, 1, 0, 0
60027, 20224, 0, 0, 0
60027, 36608, 1, 0, 0
61026, 19987, 0, 0, 0
61026, 38438, 1, 0, 0
62026, 20500, 0, 0, 0
62026, 34850, 1, 0, 0
63026, 18176, 0, 0, 0
63026, 32768, 1, 0, 0
64026, 24088, 0, 0, 0
64026, 38950, 1, 0, 0
65026, 22528, 0, 0, 0
65026, 36352, 1, 0, 0
66027, 21760, 0, 0, 0
66027, 34560, 1, 0, 0
67026, 26650, 0, 0, 0
67026, 42026, 1, 0, 0
68027, 24832, 0, 0, 0
68027, 40448, 1, 0, 0
69026, 23831, 0, 0, 0
69026, 37413, 1, 0, 0
70027, 19200, 0, 0, 0
70027, 37632, 1, 0, 0
71026, 22294, 0, 0, 0
71026, 41001, 1, 0, 0
72027, 20992, 0, 0, 0
72027, 38144, 1, 0, 0
73026, 21525, 0, 0, 0
73026, 36900, 1, 0, 0
74027, 21760, 0, 0, 0
74027, 38656, 1, 0, 0
75026, 20244, 0, 0, 0
75026, 36132, 1, 0, 0
76026, 21504, 0, 0, 0
76026, 35840, 1, 0, 0
77026, 22294, 0, 0, 0
77026, 39975, 1, 0, 0
78026, 21504, 0, 0, 0
78026, 35072, 1, 0, 0
79027, 23552, 0, 0, 0
79027, 39936, 1, 0, 0
80026, 24856, 0, 0, 0
80026, 40488, 1, 0, 0
81027, 20736, 0, 0, 0
81027, 35584, 1, 0, 0
82026, 22294, 0, 0, 0
82026, 38182, 1, 0, 0
83027, 23040, 0, 0, 0
83027, 36608, 1, 0, 0
84026, 23831, 0, 0, 0
84026, 36388, 1, 0, 0
85027, 19712, 0, 0, 0
85027, 32000, 1, 0, 0
86026, 20756, 0, 0, 0
86026, 35363, 1, 0, 0
87026, 23552, 0, 0, 0
87026, 37376, 1, 0, 0
88026, 20244, 0, 0, 0
88026, 30494, 1, 0, 0
89026, 23296, 0, 0, 0
89026, 36352, 1, 0, 0
90026, 26394, 0, 0, 0
90026, 38182, 1, 0, 0
91026, 25088, 0, 0, 0
91026, 35072, 1, 0, 0
92027, 25600, 0, 0, 0
92027, 37888, 1, 0, 0
93026, 24344, 0, 0, 0
93026, 39207, 1, 0, 0
94027, 22272, 0, 0, 0
94027, 34816, 1, 0, 0
95026, 26650, 0, 0, 0
95026, 43307, 1, 0, 0
96027, 24064, 0, 0, 0
96027, 39936, 1, 0, 0
97026, 19987, 0, 0, 0
97026, 37413, 1, 0, 0
98027, 24832, 0, 0, 0
98027, 40704, 1, 0, 0
99026, 21781, 0, 0, 0
99026, 35619, 1, 0, 0
100027, 22272, 0, 0, 0
100027, 34560, 1, 0, 0
101026, 22806, 0, 0, 0
101026, 37413, 1, 0, 0
102026, 18432, 0, 0, 0
102026, 33792, 1, 0, 0
103026, 22550, 0, 0, 0
103026, 42282, 1, 0, 0
104026, 21760, 0, 0, 0
104026, 41728, 1, 0, 0
105027, 20736, 0, 0, 0
105027, 36608, 1, 0, 0
106026, 21269, 0, 0, 0
106026, 37157, 1, 0, 0
107027, 19968, 0, 0, 0
107027, 39424, 1, 0, 0
108026, 18450, 0, 0, 0
108026, 32800, 1, 0, 0
109027, 20736, 0, 0, 0
109027, 38144, 1, 0, 0
110026, 22038, 0, 0, 0
110026, 37669, 1, 0, 0
111027, 20224, 0, 0, 0
111027, 36608, 1, 0, 0
112026, 23063, 0, 0, 0
112026, 37925, 1, 0, 0
113027, 23296, 0, 0, 0
113027, 38656, 1, 0, 0
114026, 22806, 0, 0, 0
114026, 36644, 1, 0, 0
115027, 20992, 0, 0, 0
115027, 33792, 1, 0, 0
116026, 28188, 0, 0, 0
116026, 41513, 1, 0, 0
117027, 24064, 0, 0, 0
117027, 37120, 1, 0, 0
118026, 25625, 0, 0, 0
118026, 38694, 1, 0, 0
119027, 25600, 0, 0, 0
119027, 38656, 1, 0, 0
120026, 23575, 0, 0, 0
120026, 33569, 1, 0, 0
121027, 28416, 0, 0, 0
121027, 41216, 1, 0, 0
122026, 26394, 0, 0, 0
122026, 38182, 1, 0, 0
123026, 24320, 0, 0, 0
123026, 35328, 1, 0, 0
124027, 27392, 0, 0, 0
124027, 36864, 1, 0, 0
125026, 24856, 0, 0, 0
125026, 35107, 1, 0, 0
126027, 25088, 0, 0, 0
126027, 36864, 1, 0, 0
127026, 29213, 0, 0, 0
127026, 42538, 1, 0, 0
128027, 29696, 0, 0, 0
128027, 43520, 1, 0, 0
129026, 28188, 0, 0, 0
129026, 42794, 1, 0, 0
130027, 21504, 0, 0, 0
130027, 33024, 1, 0, 0
131026, 23831, 0, 0, 0
131026, 38182, 1, 0, 0
132027, 23552, 0, 0, 0
132027, 37376, 1, 0, 0
133026, 23831, 0, 0, 0
133026, 37669, 1, 0, 0
134027, 25856, 0, 0, 0
134027, 35840, 1, 0, 0
135026, 31007, 0, 0, 0
135026, 43051, 1, 0, 0
136027, 24064, 0, 0, 0
136027, 37376, 1, 0, 0
137026, 29213, 0, 0, 0
137026, 41257, 1, 0, 0
138027, 27904, 0, 0, 0
138027, 43008, 1, 0, 0
139026, 28188, 0, 0, 0
139026, 46382, 1, 0, 0
140027, 26624, 0, 0, 0
140027, 41216, 1, 0, 0
141026, 26906, 0, 0, 0
141026, 42794, 1, 0, 0
142027, 25088, 0, 0, 0
142027, 38656, 1, 0, 0
143026, 23575, 0, 0, 0
143026, 37925, 1, 0, 0
144026, 26624, 0, 0, 0
144026, 40448, 1, 0, 0
145027, 25344, 0, 0, 0
145027, 40448, 1, 0, 0
146026, 29981, 0, 0, 0
146026, 43819, 1, 0, 0
147027, 27904, 0, 0, 0
147027, 40448, 1, 0, 0
148026, 26650, 0, 0, 0
148026, 41257, 1, 0, 0
149027, 24832, 0, 0, 0
149027, 37376, 1, 0, 0
150026, 26394, 0, 0, 0
150026, 41001, 1, 0, 0
151027, 23552, 0, 0, 0
151027, 36864, 1, 0, 0
152026, 25113, 0, 0, 0
152026, 39719, 1, 0, 0
153026, 24576, 0, 0, 0
153026, 37888, 1, 0, 0
154026, 22550, 0, 0, 0
154026, 38694, 1, 0, 0
155026, 24576, 0, 0, 0
155026, 38656, 1, 0, 0
156027, 23808, 0, 0, 0
156027, 40448, 1, 0, 0
157026, 22806, 0, 0, 0
157026, 39207, 1, 0, 0
158027, 23552, 0, 0, 0
158027, 39680, 1, 0, 0
159026, 22550, 0, 0, 0
159026, 39207, 1, 0, 0
160027, 26880, 0, 0, 0
160027, 44288, 1, 0, 0
161026, 22294, 0, 0, 0
161026, 35875, 1, 0, 0
162027, 22784, 0, 0, 0
162027, 38144, 1, 0, 0
163026, 22294, 0, 0, 0
163026, 38694, 1, 0, 0
164027, 24064, 0, 0, 0
164027, 40448, 1, 0, 0
165026, 27931, 0, 0, 0
165026, 43307, 1, 0, 0
166027, 24832, 0, 0, 0
166027, 36608, 1, 0, 0
167026, 26650, 0, 0, 0
167026, 42026, 1, 0, 0
168027, 22784, 0, 0, 0
168027, 34560, 1, 0, 0
169026, 22806, 0, 0, 0
169026, 35107, 1, 0, 0
170026, 27392, 0, 0, 0
170026, 40192, 1, 0, 0
171026, 24856, 0, 0, 0
171026, 39975, 1, 0, 0
172026, 24576, 0, 0, 0
172026, 39680, 1, 0, 0
173027, 28160, 0, 0, 0
173027, 40960, 1, 0, 0
174026, 25113, 0, 0, 0
174026, 39975, 1, 0, 0
175027, 24320, 0, 0, 0
175027, 35840, 1, 0, 0
176026, 20244, 0, 0, 0
176026, 33057, 1, 0, 0
177027, 24576, 0, 0, 0
177027, 38912, 1, 0, 0
178026, 26650, 0, 0, 0
178026, 36132, 1, 0, 0
179027, 25600, 0, 0, 0
179027, 37120, 1, 0, 0
