3999, 4356, 0, 0, 0
3999, 33825, 1, 0, 0
4999, 20500, 0, 0, 0
4999, 29469, 1, 0, 0
5998, 20244, 0, 0, 0
5998, 31519, 1, 0, 0
6997, 19731, 0, 0, 0
6997, 33313, 1, 0, 0
7996, 17681, 0, 0, 0
7996, 33057, 1, 0, 0
8995, 22550, 0, 0, 0
8995, 34594, 1, 0, 0
9996, 22016, 0, 0, 0
9996, 34304, 1, 0, 0
10995, 23831, 0, 0, 0
10995, 40232, 1, 0, 0
11996, 22784, 0, 0, 0
11996, 35584, 1, 0, 0
12996, 20480, 0, 0, 0
12996, 37120, 1, 0, 0
13997, 20736, 0, 0, 0
13997, 35584, 1, 0, 0
14998, 21248, 0, 0, 0
14998, 32000, 1, 0, 0
15999, 22016, 0, 0, 0
15999, 33792, 1, 0, 0
17000, 24064, 0, 0, 0
17000, 41984, 1, 0, 0
18001, 19712, 0, 0, 0
18001, 35584, 1, 0, 0
19001, 20480, 0, 0, 0
19001, 37632, 1, 0, 0
20002, 22528, 0, 0, 0
20002, 35840, 1, 0, 0
21001, 17681, 0, 0, 0
21001, 35107, 1, 0, 0
22002, 15872, 0, 0, 0
22002, 32512, 1, 0, 0
23003, 14848, 0, 0, 0
23003, 30464, 1, 0, 0
24004, 11520, 0, 0, 0
24004, 27904, 1, 0, 0
25003, 14350, 0, 0, 0
25003, 31263, 1, 0, 0
26003, 16144, 0, 0, 0
26003, 34338, 1, 0, 0
27003, 17664, 0, 0, 0
27003, 36352, 1, 0, 0
28003, 22806, 0, 0, 0
28003, 36900, 1, 0, 0
29003, 24600, 0, 0, 0
29003, 35619, 1, 0, 0
30002, 22294, 0, 0, 0
30002, 32544, 1, 0, 0
31003, 19200, 0, 0, 0
31003, 33024, 1, 0, 0
32003, 18688, 0, 0, 0
32003, 32512, 1, 0, 0
33003, 18450, 0, 0, 0
33003, 32800, 1, 0, 0
34003, 22784, 0, 0, 0
34003, 32512, 1, 0, 0
35003, 22038, 0, 0, 0
35003, 34850, 1, 0, 0
36004, 22016, 0, 0, 0
36004, 35328, 1, 0, 0
37003, 24344, 0, 0, 0
37003, 39719, 1, 0, 0
38003, 25625, 0, 0, 0
38003, 35875, 1, 0, 0
39003, 22784, 0, 0, 0
39003, 38144, 1, 0, 0
40003, 20244, 0, 0, 0
40003, 37925, 1, 0, 0
41003, 20736, 0, 0, 0
41003, 36352, 1, 0, 0
42003, 18962, 0, 0, 0
42003, 38950, 1, 0, 0
43003, 18688, 0, 0, 0
43003, 35072, 1, 0, 0
44003, 19987, 0, 0, 0
44003, 38438, 1, 0, 0
45004, 18432, 0, 0, 0
45004, 34048, 1, 0, 0
46003, 19731, 0, 0, 0
46003, 37157, 1, 0, 0
47004, 18176, 0, 0, 0
47004, 35840, 1, 0, 0
48003, 18194, 0, 0, 0
48003, 38950, 1, 0, 0
49003, 16400, 0, 0, 0
49003, 33825, 1, 0, 0
50003, 18944, 0, 0, 0
50003, 40704, 1, 0, 0
51003, 16400, 0, 0, 0
51003, 34850, 1, 0, 0
52003, 18176, 0, 0, 0
52003, 36608, 1, 0, 0
53003, 18194, 0, 0, 0
53003, 33569, 1, 0, 0
54003, 18432, 0, 0, 0
54003, 34048, 1, 0, 0
55003, 20244, 0, 0, 0
55003, 35107, 1, 0, 0
56003, 18944, 0, 0, 0
56003, 30976, 1, 0, 0
57003, 22550, 0, 0, 0
57003, 39207, 1, 0, 0
58004, 22016, 0, 0, 0
58004, 37888, 1, 0, 0
59003, 20244, 0, 0, 0
59003, 32800, 1, 0, 0
60004, 20992, 0, 0, 0
60004, 33792, 1, 0, 0
61003, 23831, 0, 0, 0
61003, 34850, 1, 0, 0
62003, 21525, 0, 0, 0
62003, 34850, 1, 0, 0
63003, 23552, 0, 0, 0
63003, 36864, 1, 0, 0
64003, 19987, 0, 0, 0
64003, 33313, 1, 0, 0
65003, 20224, 0, 0, 0
65003, 33792, 1, 0, 0
66004, 21760, 0, 0, 0
66004, 33024, 1, 0, 0
67003, 26650, 0, 0, 0
67003, 36388, 1, 0, 0
68003, 21760, 0, 0, 0
68003, 31232, 1, 0, 0
69003, 24088, 0, 0, 0
69003, 34082, 1, 0, 0
70003, 22528, 0, 0, 0
70003, 36608, 1, 0, 0
71003, 27419, 0, 0, 0
71003, 36388, 1, 0, 0
72003, 22272, 0, 0, 0
72003, 32768, 1, 0, 0
73003, 22806, 0, 0, 0
73003, 34338, 1, 0, 0
74003, 24064, 0, 0, 0
74003, 38144, 1, 0, 0
75003, 23319, 0, 0, 0
75003, 36388, 1, 0, 0
76003, 20224, 0, 0, 0
76003, 34304, 1, 0, 0
77003, 20244, 0, 0, 0
77003, 32800, 1, 0, 0
78003, 19712, 0, 0, 0
78003, 34048, 1, 0, 0
79004, 19456, 0, 0, 0
79004, 33024, 1, 0, 0
80003, 21781, 0, 0, 0
80003, 37925, 1, 0, 0
81004, 19712, 0, 0, 0
81004, 35072, 1, 0, 0
82003, 17425, 0, 0, 0
82003, 34850, 1, 0, 0
83003, 16640, 0, 0, 0
83003, 33536, 1, 0, 0
84003, 21781, 0, 0, 0
84003, 40232, 1, 0, 0
85003, 14336, 0, 0, 0
85003, 33024, 1, 0, 0
86003, 15631, 0, 0, 0
86003, 33569, 1, 0, 0
87003, 15360, 0, 0, 0
87003, 38912, 1, 0, 0
88003, 17425, 0, 0, 0
88003, 37413, 1, 0, 0
89003, 13056, 0, 0, 0
89003, 33792, 1, 0, 0
90003, 12556, 0, 0, 0
90003, 29725, 1, 0, 0
91003, 15104, 0, 0, 0
91003, 35072, 1, 0, 0
92004, 13312, 0, 0, 0
92004, 32000, 1, 0, 0
93003, 12300, 0, 0, 0
93003, 28444, 1, 0, 0
94003, 14592, 0, 0, 0
94003, 36096, 1, 0, 0
95003, 13581, 0, 0, 0
95003, 34338, 1, 0, 0
96003, 13568, 0, 0, 0
96003, 34304, 1, 0, 0
97003, 17937, 0, 0, 0
97003, 40488, 1, 0, 0
98003, 14592, 0, 0, 0
98003, 34560, 1, 0, 0
99003, 14350, 0, 0, 0
99003, 31263, 1, 0, 0
100003, 10752, 0, 0, 0
100003, 32000, 1, 0, 0
101003, 12300, 0, 0, 0
101003, 36644, 1, 0, 0
102003, 11776, 0, 0, 0
102003, 32768, 1, 0, 0
103003, 12556, 0, 0, 0
103003, 31007, 1, 0, 0
104003, 14592, 0, 0, 0
104003, 32000, 1, 0, 0
105004, 11264, 0, 0, 0
105004, 33792, 1, 0, 0
106003, 13325, 0, 0, 0
106003, 36388, 1, 0, 0
107004, 12544, 0, 0, 0
107004, 35072, 1, 0, 0
108003, 12300, 0, 0, 0
108003, 33057, 1, 0, 0
109004, 13312, 0, 0, 0
109004, 34816, 1, 0, 0
110003, 11019, 0, 0, 0
110003, 29981, 1, 0, 0
111004, 11776, 0, 0, 0
111004, 32000, 1, 0, 0
112003, 13069, 0, 0, 0
112003, 37157, 1, 0, 0
113003, 11776, 0, 0, 0
113003, 34816, 1, 0, 0
114003, 11787, 0, 0, 0
114003, 32800, 1, 0, 0
115003, 12032, 0, 0, 0
115003, 35584, 1, 0, 0
116003, 13837, 0, 0, 0
116003, 37669, 1, 0, 0
117003, 13312, 0, 0, 0
117003, 37888, 1, 0, 0
118003, 12556, 0, 0, 0
118003, 34850, 1, 0, 0
119003, 17920, 0, 0, 0
119003, 38144, 1, 0, 0
120003, 15631, 0, 0, 0
120003, 33057, 1, 0, 0
121003, 17408, 0, 0, 0
121003, 37888, 1, 0, 0
122003, 13581, 0, 0, 0
122003, 31519, 1, 0, 0
123003, 18432, 0, 0, 0
123003, 37888, 1, 0, 0
124004, 11008, 0, 0, 0
124004, 30720, 1, 0, 0
125003, 13325, 0, 0, 0
125003, 31775, 1, 0, 0
126004, 13056, 0, 0, 0
126004, 27904, 1, 0, 0
127003, 13581, 0, 0, 0
127003, 37925, 1, 0, 0
128004, 13568, 0, 0, 0
128004, 33792, 1, 0, 0
129003, 15375, 0, 0, 0
129003, 32800, 1, 0, 0
130004, 17408, 0, 0, 0
130004, 36864, 1, 0, 0
131003, 15375, 0, 0, 0
131003, 33057, 1, 0, 0
132004, 17408, 0, 0, 0
132004, 36096, 1, 0, 0
133003, 19219, 0, 0, 0
133003, 29725, 1, 0, 0
134004, 18432, 0, 0, 0
134004, 32000, 1, 0, 0
135003, 18706, 0, 0, 0
135003, 26394, 1, 0, 0
136003, 18944, 0, 0, 0
136003, 32768, 1, 0, 0
137003, 20244, 0, 0, 0
137003, 34338, 1, 0, 0
138003, 20224, 0, 0, 0
138003, 31232, 1, 0, 0
139003, 21013, 0, 0, 0
139003, 37157, 1, 0, 0
140003, 16128, 0, 0, 0
140003, 31744, 1, 0, 0
141003, 17937, 0, 0, 0
141003, 35107, 1, 0, 0
142003, 13312, 0, 0, 0
142003, 30720, 1, 0, 0
143003, 15631, 0, 0, 0
143003, 32800, 1, 0, 0
144003, 17152, 0, 0, 0
144003, 34816, 1, 0, 0
145004, 15872, 0, 0, 0
145004, 32768, 1, 0, 0
146003, 15119, 0, 0, 0
146003, 30238, 1, 0, 0
147003, 15872, 0, 0, 0
147003, 35840, 1, 0, 0
148003, 14862, 0, 0, 0
148003, 33313, 1, 0, 0
149003, 14080, 0, 0, 0
149003, 29952, 1, 0, 0
150003, 14094, 0, 0, 0
150003, 35107, 1, 0, 0
151003, 12288, 0, 0, 0
151003, 32512, 1, 0, 0
152003, 9993, 0, 0, 0
152003, 27419, 1, 0, 0
153003, 11264, 0, 0, 0
153003, 32000, 1, 0, 0
154003, 11531, 0, 0, 0
154003, 30494, 1, 0, 0
155003, 12800, 0, 0, 0
155003, 36608, 1, 0, 0
156004, 11520, 0, 0, 0
156004, 30976, 1, 0, 0
157003, 13837, 0, 0, 0
157003, 37157, 1, 0, 0
158004, 12800, 0, 0, 0
158004, 34304, 1, 0, 0
159003, 12044, 0, 0, 0
159003, 33825, 1, 0, 0
160004, 11008, 0, 0, 0
160004, 36096, 1, 0, 0
161003, 12300, 0, 0, 0
161003, 32032, 1, 0, 0
162004, 11008, 0, 0, 0
162004, 37632, 1, 0, 0
163003, 10762, 0, 0, 0
163003, 36900, 1, 0, 0
164003, 8960, 0, 0, 0
164003, 29696, 1, 0, 0
165003, 6662, 0, 0, 0
165003, 31519, 1, 0, 0
166003, 9216, 0, 0, 0
166003, 34304, 1, 0, 0
167003, 10506, 0, 0, 0
167003, 34082, 1, 0, 0
168003, 9216, 0, 0, 0
168003, 29952, 1, 0, 0
169003, 10506, 0, 0, 0
169003, 34594, 1, 0, 0
170003, 10496, 0, 0, 0
170003, 31744, 1, 0, 0
171003, 9993, 0, 0, 0
171003, 35363, 1, 0, 0
172003, 10496, 0, 0, 0
172003, 31744, 1, 0, 0
173004, 9984, 0, 0, 0
173004, 40448, 1, 0, 0
174003, 12044, 0, 0, 0
174003, 32288, 1, 0, 0
175004, 13568, 0, 0, 0
175004, 32512, 1, 0, 0
176003, 12300, 0, 0, 0
176003, 31775, 1, 0, 0
177004, 16896, 0, 0, 0
177004, 39424, 1, 0, 0
178003, 13325, 0, 0, 0
178003, 35363, 1, 0, 0
179003, 13568, 0, 0, 0
179003, 35840, 1, 0, 0
