999, 19475, 1, 0, 0
1999, 54528, 1, 0, 0
2998, 49457, 1, 0, 0
3998, 55607, 1, 0, 0
4997, 61757, 1, 0, 0
5996, 50994, 1, 0, 0
6995, 53813, 1, 0, 0
7995, 56120, 1, 0, 0
8994, 51251, 1, 0, 0
9993, 58938, 1, 0, 0
10992, 38438, 1, 0, 0
11991, 56888, 1, 0, 0
12993, 52683, 1, 0, 0
13994, 46033, 1, 0, 0
14995, 52427, 1, 0, 0
15996, 55496, 1, 0, 0
16997, 58053, 1, 0, 0
17998, 51968, 1, 0, 0
18998, 51200, 1, 0, 0
19998, 42282, 1, 0, 0
20997, 61501, 1, 0, 0
21996, 47663, 1, 0, 0
22995, 58938, 1, 0, 0
23996, 52427, 1, 0, 0
24997, 60611, 1, 0, 0
25998, 57344, 1, 0, 0
26998, 52532, 1, 0, 0
27998, 48176, 1, 0, 0
28998, 57600, 1, 0, 0
29997, 50482, 1, 0, 0
30998, 46848, 1, 0, 0
31998, 49969, 1, 0, 0
32999, 49152, 1, 0, 0
33999, 52788, 1, 0, 0
34999, 52532, 1, 0, 0
35998, 50482, 1, 0, 0
36999, 51712, 1, 0, 0
37999, 53045, 1, 0, 0
38999, 59963, 1, 0, 0
39999, 48688, 1, 0, 0
40999, 44844, 1, 0, 0
41999, 49664, 1, 0, 0
42999, 52788, 1, 0, 0
43999, 51763, 1, 0, 0
44999, 45056, 1, 0, 0
45999, 53301, 1, 0, 0
46999, 56120, 1, 0, 0
47999, 53045, 1, 0, 0
48999, 57145, 1, 0, 0
49999, 59648, 1, 0, 0
50999, 57145, 1, 0, 0
51998, 55351, 1, 0, 0
52998, 55863, 1, 0, 0
53998, 52276, 1, 0, 0
54998, 59963, 1, 0, 0
55998, 47616, 1, 0, 0
56998, 47919, 1, 0, 0
57998, 57344, 1, 0, 0
58998, 54582, 1, 0, 0
59998, 50226, 1, 0, 0
60998, 54326, 1, 0, 0
61998, 44332, 1, 0, 0
62999, 49920, 1, 0, 0
63999, 52532, 1, 0, 0
64999, 55095, 1, 0, 0
65999, 56120, 1, 0, 0
66998, 50994, 1, 0, 0
67998, 43563, 1, 0, 0
68999, 52224, 1, 0, 0
69999, 55095, 1, 0, 0
70999, 56120, 1, 0, 0
71999, 48176, 1, 0, 0
72998, 50482, 1, 0, 0
73998, 49457, 1, 0, 0
74998, 50176, 1, 0, 0
75999, 47104, 1, 0, 0
76999, 58170, 1, 0, 0
77999, 54070, 1, 0, 0
78999, 52788, 1, 0, 0
79998, 51251, 1, 0, 0
80998, 46126, 1, 0, 0
81999, 58624, 1, 0, 0
82999, 59963, 1, 0, 0
83999, 48944, 1, 0, 0
84998, 50226, 1, 0, 0
85999, 48384, 1, 0, 0
86999, 45568, 1, 0, 0
87999, 57145, 1, 0, 0
88999, 50226, 1, 0, 0
89999, 57657, 1, 0, 0
90998, 56120, 1, 0, 0
91998, 50994, 1, 0, 0
92998, 46592, 1, 0, 0
93998, 49457, 1, 0, 0
94998, 55351, 1, 0, 0
95999, 54272, 1, 0, 0
96999, 50994, 1, 0, 0
97999, 57913, 1, 0, 0
98998, 49969, 1, 0, 0
99998, 53301, 1, 0, 0
100999, 48128, 1, 0, 0
101998, 55863, 1, 0, 0
102998, 53557, 1, 0, 0
103999, 60416, 1, 0, 0
104999, 52276, 1, 0, 0
105999, 48128, 1, 0, 0
106999, 54582, 1, 0, 0
107999, 46336, 1, 0, 0
108999, 53045, 1, 0, 0
109998, 50482, 1, 0, 0
110998, 55863, 1, 0, 0
111998, 52788, 1, 0, 0
112999, 53760, 1, 0, 0
113999, 48176, 1, 0, 0
114999, 57401, 1, 0, 0
115998, 52276, 1, 0, 0
116998, 55863, 1, 0, 0
117998, 61757, 1, 0, 0
118999, 44032, 1, 0, 0
119999, 52532, 1, 0, 0
120999, 54582, 1, 0, 0
121999, 59195, 1, 0, 0
122998, 50738, 1, 0, 0
123998, 49201, 1, 0, 0
124999, 54016, 1, 0, 0
125999, 56632, 1, 0, 0
126999, 60476, 1, 0, 0
127999, 51507, 1, 0, 0
128998, 52020, 1, 0, 0
129998, 46638, 1, 0, 0
130999, 49152, 1, 0, 0
131999, 50482, 1, 0, 0
132999, 44076, 1, 0, 0
133999, 49664, 1, 0, 0
134999, 56120, 1, 0, 0
135998, 53301, 1, 0, 0
136998, 63039, 1, 0, 0
137999, 52736, 1, 0, 0
138999, 55095, 1, 0, 0
139999, 56632, 1, 0, 0
140999, 50738, 1, 0, 0
141998, 50738, 1, 0, 0
142998, 52532, 1, 0, 0
143999, 52480, 1, 0, 0
144999, 48944, 1, 0, 0
145999, 65601, 1, 0, 0
146999, 48432, 1, 0, 0
147999, 38438, 1, 0, 0
148999, 55040, 1, 0, 0
149999, 52736, 1, 0, 0
150999, 55552, 1, 0, 0
151999, 60476, 1, 0, 0
152999, 48688, 1, 0, 0
153999, 58938, 1, 0, 0
154999, 53301, 1, 0, 0
155999, 56576, 1, 0, 0
156998, 58426, 1, 0, 0
157998, 58426, 1, 0, 0
158998, 46894, 1, 0, 0
159998, 52736, 1, 0, 0
160998, 51251, 1, 0, 0
161998, 55296, 1, 0, 0
162998, 54326, 1, 0, 0
163999, 52736, 1, 0, 0
164999, 53813, 1, 0, 0
165999, 49201, 1, 0, 0
166999, 53557, 1, 0, 0
167999, 55351, 1, 0, 0
168999, 52020, 1, 0, 0
169998, 56632, 1, 0, 0
170998, 55351, 1, 0, 0
171998, 56632, 1, 0, 0
172998, 49664, 1, 0, 0
173998, 55808, 1, 0, 0
174998, 45613, 1, 0, 0
175998, 49969, 1, 0, 0
176998, 48944, 1, 0, 0
177998, 47360, 1, 0, 0
178998, 58682, 1, 0, 0
179998, 50482, 1, 0, 0
