1000, 22528, 1, 0, 0
2001, 55240, 1, 0, 0
3003, 50125, 1, 0, 0
4004, 56263, 1, 0, 0
5005, 56775, 1, 0, 0
6007, 45010, 1, 0, 0
7008, 53450, 1, 0, 0
8009, 57798, 1, 0, 0
9010, 50637, 1, 0, 0
10012, 55240, 1, 0, 0
11013, 44243, 1, 0, 0
12014, 49102, 1, 0, 0
13015, 47312, 1, 0, 0
14016, 56263, 1, 0, 0
15017, 53706, 1, 0, 0
16019, 47568, 1, 0, 0
17020, 50893, 1, 0, 0
18021, 56064, 1, 0, 0
19021, 48384, 1, 0, 0
20020, 55351, 1, 0, 0
21020, 50738, 1, 0, 0
22019, 51251, 1, 0, 0
23018, 53557, 1, 0, 0
24019, 56519, 1, 0, 0
25020, 52427, 1, 0, 0
26021, 57344, 1, 0, 0
27021, 48688, 1, 0, 0
28021, 57145, 1, 0, 0
29021, 61184, 1, 0, 0
30020, 49457, 1, 0, 0
31021, 58368, 1, 0, 0
32021, 45101, 1, 0, 0
33022, 43264, 1, 0, 0
34022, 58170, 1, 0, 0
35021, 56888, 1, 0, 0
36021, 59451, 1, 0, 0
37022, 45568, 1, 0, 0
38022, 50994, 1, 0, 0
39021, 55863, 1, 0, 0
40021, 45101, 1, 0, 0
41021, 56632, 1, 0, 0
42021, 43008, 1, 0, 0
43021, 52020, 1, 0, 0
44021, 51251, 1, 0, 0
45022, 59648, 1, 0, 0
46021, 57913, 1, 0, 0
47021, 56376, 1, 0, 0
48021, 50994, 1, 0, 0
49021, 50994, 1, 0, 0
50021, 53248, 1, 0, 0
51021, 54838, 1, 0, 0
52021, 52788, 1, 0, 0
53021, 58170, 1, 0, 0
54021, 53813, 1, 0, 0
55021, 61757, 1, 0, 0
56021, 48128, 1, 0, 0
57021, 49201, 1, 0, 0
58021, 55808, 1, 0, 0
59021, 52020, 1, 0, 0
60021, 62014, 1, 0, 0
61021, 52020, 1, 0, 0
62021, 52020, 1, 0, 0
63022, 46336, 1, 0, 0
64021, 52532, 1, 0, 0
65021, 66114, 1, 0, 0
66021, 49201, 1, 0, 0
67021, 42282, 1, 0, 0
68021, 57913, 1, 0, 0
69022, 48896, 1, 0, 0
70021, 45357, 1, 0, 0
71021, 56120, 1, 0, 0
72021, 51763, 1, 0, 0
73021, 57657, 1, 0, 0
74021, 54582, 1, 0, 0
75021, 47872, 1, 0, 0
76022, 47872, 1, 0, 0
77021, 46638, 1, 0, 0
78021, 48944, 1, 0, 0
79021, 47407, 1, 0, 0
80021, 56888, 1, 0, 0
81021, 49713, 1, 0, 0
82022, 55552, 1, 0, 0
83021, 46894, 1, 0, 0
84021, 49713, 1, 0, 0
85021, 54838, 1, 0, 0
86021, 57600, 1, 0, 0
87022, 51968, 1, 0, 0
88021, 56120, 1, 0, 0
89021, 56632, 1, 0, 0
90021, 57913, 1, 0, 0
91021, 61501, 1, 0, 0
92021, 41769, 1, 0, 0
93021, 56576, 1, 0, 0
94021, 55095, 1, 0, 0
95021, 48432, 1, 0, 0
96022, 50688, 1, 0, 0
97021, 60220, 1, 0, 0
98021, 46638, 1, 0, 0
99021, 46126, 1, 0, 0
100021, 52020, 1, 0, 0
101021, 61184, 1, 0, 0
102021, 47151, 1, 0, 0
103021, 48176, 1, 0, 0
104022, 57600, 1, 0, 0
105021, 58682, 1, 0, 0
106021, 53760, 1, 0, 0
107021, 54582, 1, 0, 0
108021, 59136, 1, 0, 0
109021, 51763, 1, 0, 0
110021, 51763, 1, 0, 0
111021, 61245, 1, 0, 0
112021, 50226, 1, 0, 0
113022, 48640, 1, 0, 0
114021, 45869, 1, 0, 0
115021, 55607, 1, 0, 0
116021, 50226, 1, 0, 0
117021, 52788, 1, 0, 0
118021, 57401, 1, 0, 0
119022, 55040, 1, 0, 0
120021, 56632, 1, 0, 0
121021, 60220, 1, 0, 0
122021, 46638, 1, 0, 0
123021, 48176, 1, 0, 0
124021, 53813, 1, 0, 0
125022, 57088, 1, 0, 0
126022, 55607, 1, 0, 0
127021, 56888, 1, 0, 0
128021, 50994, 1, 0, 0
129021, 55095, 1, 0, 0
130021, 47919, 1, 0, 0
131022, 48384, 1, 0, 0
132022, 55607, 1, 0, 0
133021, 57145, 1, 0, 0
134021, 51456, 1, 0, 0
135021, 52532, 1, 0, 0
136021, 47407, 1, 0, 0
137021, 53045, 1, 0, 0
138022, 51200, 1, 0, 0
139022, 61245, 1, 0, 0
140021, 49201, 1, 0, 0
141021, 54582, 1, 0, 0
142021, 43307, 1, 0, 0
143021, 52020, 1, 0, 0
144022, 44800, 1, 0, 0
145022, 49457, 1, 0, 0
146021, 48688, 1, 0, 0
147021, 52020, 1, 0, 0
148021, 47407, 1, 0, 0
149021, 50432, 1, 0, 0
150021, 49152, 1, 0, 0
151022, 55296, 1, 0, 0
152021, 55351, 1, 0, 0
153021, 46894, 1, 0, 0
154021, 48944, 1, 0, 0
155021, 51763, 1, 0, 0
156021, 57600, 1, 0, 0
157021, 51251, 1, 0, 0
158021, 60476, 1, 0, 0
159021, 54582, 1, 0, 0
160021, 51968, 1, 0, 0
161021, 47151, 1, 0, 0
162021, 48640, 1, 0, 0
163021, 54838, 1, 0, 0
164022, 54784, 1, 0, 0
165021, 53301, 1, 0, 0
166021, 57145, 1, 0, 0
167021, 44076, 1, 0, 0
168021, 51507, 1, 0, 0
169021, 56120, 1, 0, 0
170021, 47663, 1, 0, 0
171021, 50226, 1, 0, 0
172021, 53045, 1, 0, 0
173021, 47360, 1, 0, 0
174021, 51712, 1, 0, 0
175021, 52276, 1, 0, 0
176021, 51507, 1, 0, 0
177021, 55607, 1, 0, 0
178021, 52480, 1, 0, 0
179021, 53045, 1, 0, 0
