1000, 21248, 1, 0, 0
1999, 49969, 1, 0, 0
2999, 52276, 1, 0, 0
3998, 61501, 1, 0, 0
4999, 49358, 1, 0, 0
6000, 58821, 1, 0, 0
7002, 64191, 1, 0, 0
8003, 61634, 1, 0, 0
9004, 55752, 1, 0, 0
10006, 53194, 1, 0, 0
11007, 51148, 1, 0, 0
12008, 56007, 1, 0, 0
13009, 53450, 1, 0, 0
14010, 48591, 1, 0, 0
15011, 56775, 1, 0, 0
16013, 53450, 1, 0, 0
17014, 58565, 1, 0, 0
18015, 54016, 1, 0, 0
19015, 52224, 1, 0, 0
20014, 52276, 1, 0, 0
21014, 55607, 1, 0, 0
22013, 57145, 1, 0, 0
23012, 50482, 1, 0, 0
24013, 45266, 1, 0, 0
25014, 56519, 1, 0, 0
26015, 52480, 1, 0, 0
27015, 50482, 1, 0, 0
28015, 46894, 1, 0, 0
29015, 50432, 1, 0, 0
30014, 53813, 1, 0, 0
31015, 58368, 1, 0, 0
32015, 47919, 1, 0, 0
33016, 52480, 1, 0, 0
34016, 54838, 1, 0, 0
35015, 45869, 1, 0, 0
36015, 44844, 1, 0, 0
37016, 53760, 1, 0, 0
38016, 55607, 1, 0, 0
39015, 47151, 1, 0, 0
40015, 57913, 1, 0, 0
41015, 52020, 1, 0, 0
42015, 42496, 1, 0, 0
43015, 48944, 1, 0, 0
44015, 50994, 1, 0, 0
45015, 58624, 1, 0, 0
46015, 46894, 1, 0, 0
47015, 51507, 1, 0, 0
48015, 52788, 1, 0, 0
49015, 49201, 1, 0, 0
50015, 51712, 1, 0, 0
51015, 56120, 1, 0, 0
52015, 49457, 1, 0, 0
53015, 59707, 1, 0, 0
54015, 49457, 1, 0, 0
55015, 54326, 1, 0, 0
56015, 60672, 1, 0, 0
57015, 55351, 1, 0, 0
58015, 57088, 1, 0, 0
59015, 54582, 1, 0, 0
60015, 57657, 1, 0, 0
61015, 47919, 1, 0, 0
62015, 50994, 1, 0, 0
63016, 49664, 1, 0, 0
64015, 47151, 1, 0, 0
65015, 54326, 1, 0, 0
66015, 56376, 1, 0, 0
67015, 57145, 1, 0, 0
68015, 55863, 1, 0, 0
69016, 43776, 1, 0, 0
70015, 44332, 1, 0, 0
71015, 41257, 1, 0, 0
72015, 55607, 1, 0, 0
73015, 58682, 1, 0, 0
74015, 59707, 1, 0, 0
75015, 51968, 1, 0, 0
76016, 51968, 1, 0, 0
77015, 56888, 1, 0, 0
78015, 48944, 1, 0, 0
79015, 50482, 1, 0, 0
80015, 49457, 1, 0, 0
81015, 50226, 1, 0, 0
82016, 56576, 1, 0, 0
83015, 48688, 1, 0, 0
84015, 53557, 1, 0, 0
85015, 57913, 1, 0, 0
86015, 59136, 1, 0, 0
87015, 55296, 1, 0, 0
88015, 49201, 1, 0, 0
89015, 54582, 1, 0, 0
90015, 49201, 1, 0, 0
91015, 55095, 1, 0, 0
92015, 62270, 1, 0, 0
93015, 48896, 1, 0, 0
94015, 53557, 1, 0, 0
95015, 62270, 1, 0, 0
96016, 46848, 1, 0, 0
97015, 52276, 1, 0, 0
98015, 58170, 1, 0, 0
99015, 57145, 1, 0, 0
100015, 58170, 1, 0, 0
101015, 57856, 1, 0, 0
102015, 49969, 1, 0, 0
103015, 53557, 1, 0, 0
104016, 48640, 1, 0, 0
105015, 52020, 1, 0, 0
106015, 48128, 1, 0, 0
107015, 51763, 1, 0, 0
108015, 46848, 1, 0, 0
109015, 49969, 1, 0, 0
110015, 45613, 1, 0, 0
111015, 44588, 1, 0, 0
112015, 48176, 1, 0, 0
113016, 44544, 1, 0, 0
114015, 56632, 1, 0, 0
115015, 42538, 1, 0, 0
116015, 61501, 1, 0, 0
117015, 49201, 1, 0, 0
118015, 51507, 1, 0, 0
119016, 52992, 1, 0, 0
120015, 52532, 1, 0, 0
121015, 55095, 1, 0, 0
122015, 59195, 1, 0, 0
123015, 58170, 1, 0, 0
124015, 42026, 1, 0, 0
125016, 61952, 1, 0, 0
126015, 52276, 1, 0, 0
127015, 49713, 1, 0, 0
128015, 46894, 1, 0, 0
129015, 48688, 1, 0, 0
130015, 50738, 1, 0, 0
131016, 45312, 1, 0, 0
132016, 53813, 1, 0, 0
133015, 58938, 1, 0, 0
134015, 57600, 1, 0, 0
135015, 53045, 1, 0, 0
136015, 56376, 1, 0, 0
137015, 53045, 1, 0, 0
138016, 47872, 1, 0, 0
139016, 52532, 1, 0, 0
140015, 58170, 1, 0, 0
141015, 50994, 1, 0, 0
142015, 50738, 1, 0, 0
143015, 48432, 1, 0, 0
144016, 53504, 1, 0, 0
145015, 47151, 1, 0, 0
146015, 59195, 1, 0, 0
147015, 48688, 1, 0, 0
148015, 51763, 1, 0, 0
149015, 48896, 1, 0, 0
150015, 51456, 1, 0, 0
151015, 47360, 1, 0, 0
152015, 56376, 1, 0, 0
153015, 52020, 1, 0, 0
154015, 48944, 1, 0, 0
155015, 52276, 1, 0, 0
156015, 59392, 1, 0, 0
157015, 52788, 1, 0, 0
158015, 56376, 1, 0, 0
159015, 52276, 1, 0, 0
160015, 47616, 1, 0, 0
161015, 53301, 1, 0, 0
162015, 43776, 1, 0, 0
163015, 54326, 1, 0, 0
164015, 59648, 1, 0, 0
165015, 52020, 1, 0, 0
166015, 63807, 1, 0, 0
167015, 44332, 1, 0, 0
168015, 46894, 1, 0, 0
169015, 56888, 1, 0, 0
170015, 57913, 1, 0, 0
171015, 53813, 1, 0, 0
172015, 47663, 1, 0, 0
173015, 52992, 1, 0, 0
174015, 50176, 1, 0, 0
175015, 52532, 1, 0, 0
176015, 50994, 1, 0, 0
177015, 53813, 1, 0, 0
178015, 47360, 1, 0, 0
179015, 49457, 1, 0, 0
