1000, 17408, 1, 0, 0
2000, 44076, 1, 0, 0
2999, 53301, 1, 0, 0
3998, 53045, 1, 0, 0
5000, 52427, 1, 0, 0
6001, 51916, 1, 0, 0
7002, 57798, 1, 0, 0
8003, 51660, 1, 0, 0
9005, 46033, 1, 0, 0
10006, 53450, 1, 0, 0
11007, 49870, 1, 0, 0
12008, 46289, 1, 0, 0
13010, 48847, 1, 0, 0
14011, 55240, 1, 0, 0
15012, 51916, 1, 0, 0
16013, 54473, 1, 0, 0
17014, 49614, 1, 0, 0
18015, 58368, 1, 0, 0
19015, 59136, 1, 0, 0
20015, 51251, 1, 0, 0
21014, 53301, 1, 0, 0
22013, 44332, 1, 0, 0
23012, 47407, 1, 0, 0
24013, 59588, 1, 0, 0
25014, 52427, 1, 0, 0
26015, 56576, 1, 0, 0
27015, 53301, 1, 0, 0
28015, 60476, 1, 0, 0
29015, 48384, 1, 0, 0
30014, 44844, 1, 0, 0
31015, 59904, 1, 0, 0
32015, 48944, 1, 0, 0
33016, 58112, 1, 0, 0
34016, 54838, 1, 0, 0
35016, 52276, 1, 0, 0
36015, 59451, 1, 0, 0
37016, 61696, 1, 0, 0
38016, 52020, 1, 0, 0
39016, 59707, 1, 0, 0
40016, 53301, 1, 0, 0
41016, 43819, 1, 0, 0
42016, 51456, 1, 0, 0
43016, 46638, 1, 0, 0
44016, 59195, 1, 0, 0
45016, 51456, 1, 0, 0
46016, 52532, 1, 0, 0
47016, 59195, 1, 0, 0
48016, 54838, 1, 0, 0
49015, 58426, 1, 0, 0
50016, 54016, 1, 0, 0
51015, 54070, 1, 0, 0
52015, 62270, 1, 0, 0
53015, 57657, 1, 0, 0
54015, 52788, 1, 0, 0
55015, 56632, 1, 0, 0
56015, 55040, 1, 0, 0
57015, 48944, 1, 0, 0
58015, 48896, 1, 0, 0
59015, 48176, 1, 0, 0
60015, 53557, 1, 0, 0
61015, 55095, 1, 0, 0
62015, 53301, 1, 0, 0
63016, 49664, 1, 0, 0
64016, 53045, 1, 0, 0
65016, 54582, 1, 0, 0
66016, 48688, 1, 0, 0
67015, 44588, 1, 0, 0
68015, 47407, 1, 0, 0
69016, 50944, 1, 0, 0
70016, 50226, 1, 0, 0
71016, 55351, 1, 0, 0
72015, 48176, 1, 0, 0
73015, 51763, 1, 0, 0
74015, 59963, 1, 0, 0
75015, 47872, 1, 0, 0
76016, 45056, 1, 0, 0
77016, 55863, 1, 0, 0
78016, 56632, 1, 0, 0
79015, 55095, 1, 0, 0
80015, 50482, 1, 0, 0
81015, 53813, 1, 0, 0
82016, 50688, 1, 0, 0
83016, 60732, 1, 0, 0
84016, 46126, 1, 0, 0
85015, 55351, 1, 0, 0
86016, 47104, 1, 0, 0
87016, 44288, 1, 0, 0
88016, 48688, 1, 0, 0
89016, 46894, 1, 0, 0
90015, 47919, 1, 0, 0
91015, 46638, 1, 0, 0
92015, 46638, 1, 0, 0
93015, 40704, 1, 0, 0
94015, 46894, 1, 0, 0
95015, 53045, 1, 0, 0
96016, 48640, 1, 0, 0
97016, 59963, 1, 0, 0
98016, 53045, 1, 0, 0
99015, 50482, 1, 0, 0
100015, 62014, 1, 0, 0
101015, 50432, 1, 0, 0
102015, 45613, 1, 0, 0
103015, 55863, 1, 0, 0
104016, 54016, 1, 0, 0
105016, 42282, 1, 0, 0
106016, 55552, 1, 0, 0
107016, 48688, 1, 0, 0
108016, 52480, 1, 0, 0
109016, 49201, 1, 0, 0
110015, 58170, 1, 0, 0
111015, 49969, 1, 0, 0
112015, 58170, 1, 0, 0
113016, 50944, 1, 0, 0
114016, 51251, 1, 0, 0
115016, 47151, 1, 0, 0
116015, 56120, 1, 0, 0
117015, 48688, 1, 0, 0
118015, 44588, 1, 0, 0
119016, 54272, 1, 0, 0
120016, 55095, 1, 0, 0
121016, 54326, 1, 0, 0
122015, 54070, 1, 0, 0
123015, 56888, 1, 0, 0
124015, 47919, 1, 0, 0
125016, 46336, 1, 0, 0
126016, 59963, 1, 0, 0
127016, 57145, 1, 0, 0
128016, 51251, 1, 0, 0
129015, 50226, 1, 0, 0
130015, 47151, 1, 0, 0
131016, 54528, 1, 0, 0
132016, 53813, 1, 0, 0
133016, 42282, 1, 0, 0
134016, 57856, 1, 0, 0
135016, 51251, 1, 0, 0
136015, 58426, 1, 0, 0
137015, 52788, 1, 0, 0
138016, 47872, 1, 0, 0
139016, 59707, 1, 0, 0
140016, 55351, 1, 0, 0
141016, 62526, 1, 0, 0
142015, 52020, 1, 0, 0
143015, 52788, 1, 0, 0
144016, 52480, 1, 0, 0
145016, 57657, 1, 0, 0
146016, 60988, 1, 0, 0
147016, 49457, 1, 0, 0
148016, 52532, 1, 0, 0
149016, 54016, 1, 0, 0
150016, 54784, 1, 0, 0
151016, 53248, 1, 0, 0
152016, 51763, 1, 0, 0
153016, 55351, 1, 0, 0
154016, 51507, 1, 0, 0
155015, 55607, 1, 0, 0
156015, 49664, 1, 0, 0
157015, 55863, 1, 0, 0
158015, 53813, 1, 0, 0
159015, 54582, 1, 0, 0
160015, 49664, 1, 0, 0
161015, 46638, 1, 0, 0
162015, 58368, 1, 0, 0
163015, 56120, 1, 0, 0
164016, 56320, 1, 0, 0
165016, 51507, 1, 0, 0
166016, 58170, 1, 0, 0
167016, 48688, 1, 0, 0
168015, 54326, 1, 0, 0
169015, 55607, 1, 0, 0
170015, 49457, 1, 0, 0
171015, 53301, 1, 0, 0
172015, 60988, 1, 0, 0
173015, 49920, 1, 0, 0
174015, 43776, 1, 0, 0
175015, 55095, 1, 0, 0
176015, 46382, 1, 0, 0
177015, 55351, 1, 0, 0
178015, 52736, 1, 0, 0
179015, 49457, 1, 0, 0
