999, 24088, 1, 0, 0
2000, 52224, 1, 0, 0
3001, 45522, 1, 0, 0
4002, 44243, 1, 0, 0
5004, 72631, 1, 0, 0
6005, 53194, 1, 0, 0
7006, 53706, 1, 0, 0
8007, 45522, 1, 0, 0
9009, 52939, 1, 0, 0
10010, 47312, 1, 0, 0
11011, 55752, 1, 0, 0
12012, 58053, 1, 0, 0
13014, 56775, 1, 0, 0
14015, 47568, 1, 0, 0
15016, 51148, 1, 0, 0
16017, 57542, 1, 0, 0
17018, 48335, 1, 0, 0
18019, 49920, 1, 0, 0
19020, 52683, 1, 0, 0
20022, 47568, 1, 0, 0
21023, 46545, 1, 0, 0
22024, 48591, 1, 0, 0
23025, 50893, 1, 0, 0
24026, 49102, 1, 0, 0
25027, 58309, 1, 0, 0
26028, 47360, 1, 0, 0
27028, 50482, 1, 0, 0
28028, 50482, 1, 0, 0
29028, 52736, 1, 0, 0
30027, 52532, 1, 0, 0
31028, 44288, 1, 0, 0
32028, 47919, 1, 0, 0
33029, 57088, 1, 0, 0
34029, 56376, 1, 0, 0
35029, 42794, 1, 0, 0
36028, 54326, 1, 0, 0
37029, 47872, 1, 0, 0
38029, 55863, 1, 0, 0
39029, 55095, 1, 0, 0
40029, 44844, 1, 0, 0
41029, 48944, 1, 0, 0
42029, 49408, 1, 0, 0
43029, 56632, 1, 0, 0
44029, 41769, 1, 0, 0
45029, 58624, 1, 0, 0
46029, 53301, 1, 0, 0
47029, 39207, 1, 0, 0
48029, 62014, 1, 0, 0
49029, 53301, 1, 0, 0
50029, 50432, 1, 0, 0
51029, 54070, 1, 0, 0
52028, 57401, 1, 0, 0
53028, 47407, 1, 0, 0
54028, 54582, 1, 0, 0
55028, 60732, 1, 0, 0
56028, 56064, 1, 0, 0
57028, 49201, 1, 0, 0
58029, 51968, 1, 0, 0
59028, 44844, 1, 0, 0
60028, 52532, 1, 0, 0
61028, 50226, 1, 0, 0
62028, 48432, 1, 0, 0
63029, 52480, 1, 0, 0
64029, 56376, 1, 0, 0
65029, 47407, 1, 0, 0
66029, 55863, 1, 0, 0
67028, 46638, 1, 0, 0
68028, 51251, 1, 0, 0
69029, 48896, 1, 0, 0
70029, 49969, 1, 0, 0
71029, 54838, 1, 0, 0
72029, 54838, 1, 0, 0
73028, 53301, 1, 0, 0
74028, 47663, 1, 0, 0
75028, 50176, 1, 0, 0
76029, 52736, 1, 0, 0
77029, 48176, 1, 0, 0
78029, 56120, 1, 0, 0
79029, 50738, 1, 0, 0
80028, 54070, 1, 0, 0
81028, 56376, 1, 0, 0
82029, 44544, 1, 0, 0
83029, 44588, 1, 0, 0
84029, 46894, 1, 0, 0
85029, 58170, 1, 0, 0
86029, 45568, 1, 0, 0
87029, 51712, 1, 0, 0
88029, 48688, 1, 0, 0
89029, 47151, 1, 0, 0
90029, 46382, 1, 0, 0
91028, 54070, 1, 0, 0
92028, 51507, 1, 0, 0
93029, 54272, 1, 0, 0
94028, 58170, 1, 0, 0
95028, 50226, 1, 0, 0
96029, 49920, 1, 0, 0
97029, 64576, 1, 0, 0
98029, 55351, 1, 0, 0
99029, 54326, 1, 0, 0
100029, 57401, 1, 0, 0
101029, 56832, 1, 0, 0
102028, 58938, 1, 0, 0
103028, 54582, 1, 0, 0
104029, 53248, 1, 0, 0
105029, 51763, 1, 0, 0
106029, 55040, 1, 0, 0
107029, 51251, 1, 0, 0
108029, 47872, 1, 0, 0
109029, 51251, 1, 0, 0
110029, 56632, 1, 0, 0
111028, 58682, 1, 0, 0
112028, 48688, 1, 0, 0
113029, 59648, 1, 0, 0
114029, 53557, 1, 0, 0
115029, 62270, 1, 0, 0
116028, 50994, 1, 0, 0
117028, 56120, 1, 0, 0
118028, 50482, 1, 0, 0
119029, 50688, 1, 0, 0
120029, 55095, 1, 0, 0
121029, 46894, 1, 0, 0
122029, 53813, 1, 0, 0
123028, 54070, 1, 0, 0
124028, 54326, 1, 0, 0
125029, 64768, 1, 0, 0
126029, 51763, 1, 0, 0
127029, 53813, 1, 0, 0
128029, 45869, 1, 0, 0
129028, 47151, 1, 0, 0
130028, 53557, 1, 0, 0
131029, 49408, 1, 0, 0
132029, 50994, 1, 0, 0
133029, 41001, 1, 0, 0
134029, 45824, 1, 0, 0
135029, 56120, 1, 0, 0
136029, 57145, 1, 0, 0
137028, 52020, 1, 0, 0
138029, 48640, 1, 0, 0
139029, 61245, 1, 0, 0
140029, 56632, 1, 0, 0
141029, 53557, 1, 0, 0
142029, 48176, 1, 0, 0
143028, 52020, 1, 0, 0
144029, 50688, 1, 0, 0
145029, 58682, 1, 0, 0
146029, 49713, 1, 0, 0
147029, 53557, 1, 0, 0
148029, 51251, 1, 0, 0
149029, 51200, 1, 0, 0
150029, 53760, 1, 0, 0
151029, 52224, 1, 0, 0
152029, 51763, 1, 0, 0
153029, 52276, 1, 0, 0
154029, 50738, 1, 0, 0
155029, 50994, 1, 0, 0
156029, 54016, 1, 0, 0
157029, 45613, 1, 0, 0
158028, 44588, 1, 0, 0
159028, 52276, 1, 0, 0
160028, 52224, 1, 0, 0
161028, 54326, 1, 0, 0
162028, 44800, 1, 0, 0
163028, 53045, 1, 0, 0
164029, 56576, 1, 0, 0
165029, 51251, 1, 0, 0
166029, 48944, 1, 0, 0
167029, 46126, 1, 0, 0
168029, 50994, 1, 0, 0
169029, 59451, 1, 0, 0
170029, 53301, 1, 0, 0
171028, 47919, 1, 0, 0
172028, 51507, 1, 0, 0
173028, 62464, 1, 0, 0
174028, 56832, 1, 0, 0
175028, 57657, 1, 0, 0
176028, 57657, 1, 0, 0
177028, 54582, 1, 0, 0
178028, 47360, 1, 0, 0
179028, 41257, 1, 0, 0
