1001, 27364, 1, 0, 0
2000, 49713, 1, 0, 0
2999, 48432, 1, 0, 0
3999, 58682, 1, 0, 0
4998, 44844, 1, 0, 0
5997, 49457, 1, 0, 0
6996, 57657, 1, 0, 0
7996, 52020, 1, 0, 0
8995, 54582, 1, 0, 0
9994, 52020, 1, 0, 0
10993, 50482, 1, 0, 0
11995, 51916, 1, 0, 0
12996, 53194, 1, 0, 0
13997, 47312, 1, 0, 0
14998, 59588, 1, 0, 0
15999, 49870, 1, 0, 0
17000, 44499, 1, 0, 0
18001, 64512, 1, 0, 0
19002, 57856, 1, 0, 0
20001, 50482, 1, 0, 0
21000, 50738, 1, 0, 0
21999, 57657, 1, 0, 0
22998, 50482, 1, 0, 0
23999, 50125, 1, 0, 0
25000, 52171, 1, 0, 0
26001, 54016, 1, 0, 0
27001, 58938, 1, 0, 0
28001, 54070, 1, 0, 0
29001, 46336, 1, 0, 0
30000, 59963, 1, 0, 0
31001, 45568, 1, 0, 0
32001, 58938, 1, 0, 0
33002, 54016, 1, 0, 0
34002, 52788, 1, 0, 0
35002, 44844, 1, 0, 0
36001, 48432, 1, 0, 0
37002, 45824, 1, 0, 0
38002, 48688, 1, 0, 0
39002, 55351, 1, 0, 0
40002, 50994, 1, 0, 0
41002, 55863, 1, 0, 0
42002, 47616, 1, 0, 0
43002, 52788, 1, 0, 0
44002, 49201, 1, 0, 0
45002, 58368, 1, 0, 0
46002, 48688, 1, 0, 0
47002, 51763, 1, 0, 0
48002, 47151, 1, 0, 0
49002, 50994, 1, 0, 0
50002, 47360, 1, 0, 0
51002, 51251, 1, 0, 0
52001, 50738, 1, 0, 0
53001, 51251, 1, 0, 0
54001, 45357, 1, 0, 0
55001, 44076, 1, 0, 0
56001, 50688, 1, 0, 0
57001, 62270, 1, 0, 0
58002, 45312, 1, 0, 0
59001, 49969, 1, 0, 0
60001, 50994, 1, 0, 0
61001, 55607, 1, 0, 0
62001, 48944, 1, 0, 0
63002, 48896, 1, 0, 0
64002, 46126, 1, 0, 0
65002, 48944, 1, 0, 0
66002, 62270, 1, 0, 0
67001, 47151, 1, 0, 0
68001, 50226, 1, 0, 0
69002, 45568, 1, 0, 0
70002, 49713, 1, 0, 0
71002, 54326, 1, 0, 0
72002, 54070, 1, 0, 0
73001, 53045, 1, 0, 0
74001, 58170, 1, 0, 0
75001, 49920, 1, 0, 0
76002, 49920, 1, 0, 0
77002, 53045, 1, 0, 0
78002, 58938, 1, 0, 0
79002, 48688, 1, 0, 0
80001, 52276, 1, 0, 0
81001, 51507, 1, 0, 0
82002, 47104, 1, 0, 0
83002, 55863, 1, 0, 0
84002, 59707, 1, 0, 0
85002, 52020, 1, 0, 0
86002, 46336, 1, 0, 0
87002, 59392, 1, 0, 0
88002, 53813, 1, 0, 0
89002, 52788, 1, 0, 0
90002, 51251, 1, 0, 0
91001, 44844, 1, 0, 0
92001, 53301, 1, 0, 0
93002, 49408, 1, 0, 0
94001, 54838, 1, 0, 0
95001, 49201, 1, 0, 0
96002, 53760, 1, 0, 0
97002, 62782, 1, 0, 0
98002, 47663, 1, 0, 0
99002, 58170, 1, 0, 0
100002, 58170, 1, 0, 0
101002, 42240, 1, 0, 0
102001, 55863, 1, 0, 0
103001, 50738, 1, 0, 0
104002, 48640, 1, 0, 0
105002, 55607, 1, 0, 0
106002, 56064, 1, 0, 0
107002, 49457, 1, 0, 0
108002, 53504, 1, 0, 0
109002, 60476, 1, 0, 0
110002, 52276, 1, 0, 0
111001, 54326, 1, 0, 0
112001, 45613, 1, 0, 0
113002, 43776, 1, 0, 0
114002, 53813, 1, 0, 0
115002, 58682, 1, 0, 0
116001, 51763, 1, 0, 0
117001, 54326, 1, 0, 0
118001, 60476, 1, 0, 0
119002, 51200, 1, 0, 0
120002, 52020, 1, 0, 0
121002, 44332, 1, 0, 0
122002, 54070, 1, 0, 0
123001, 57657, 1, 0, 0
124001, 56120, 1, 0, 0
125002, 43520, 1, 0, 0
126002, 46126, 1, 0, 0
127002, 52788, 1, 0, 0
128002, 64320, 1, 0, 0
129001, 54326, 1, 0, 0
130001, 61757, 1, 0, 0
131002, 51200, 1, 0, 0
132002, 45869, 1, 0, 0
133002, 49969, 1, 0, 0
134002, 47872, 1, 0, 0
135002, 49457, 1, 0, 0
136002, 46894, 1, 0, 0
137001, 47919, 1, 0, 0
138002, 62208, 1, 0, 0
139002, 52020, 1, 0, 0
140002, 46894, 1, 0, 0
141002, 51251, 1, 0, 0
142002, 46126, 1, 0, 0
143001, 57401, 1, 0, 0
144002, 59648, 1, 0, 0
145002, 53813, 1, 0, 0
146002, 61757, 1, 0, 0
147002, 50482, 1, 0, 0
148002, 55095, 1, 0, 0
149002, 48128, 1, 0, 0
150002, 53760, 1, 0, 0
151002, 49408, 1, 0, 0
152002, 55351, 1, 0, 0
153002, 59195, 1, 0, 0
154002, 52788, 1, 0, 0
155002, 51251, 1, 0, 0
156002, 43264, 1, 0, 0
157002, 52788, 1, 0, 0
158001, 50994, 1, 0, 0
159001, 47663, 1, 0, 0
160001, 52480, 1, 0, 0
161001, 51251, 1, 0, 0
162001, 52736, 1, 0, 0
163001, 60988, 1, 0, 0
164002, 42240, 1, 0, 0
165002, 49457, 1, 0, 0
166002, 44588, 1, 0, 0
167002, 52532, 1, 0, 0
168002, 52532, 1, 0, 0
169002, 50482, 1, 0, 0
170002, 57401, 1, 0, 0
171001, 52532, 1, 0, 0
172001, 51763, 1, 0, 0
173001, 60416, 1, 0, 0
174001, 57344, 1, 0, 0
175001, 51763, 1, 0, 0
176001, 56376, 1, 0, 0
177001, 54070, 1, 0, 0
178001, 55552, 1, 0, 0
179001, 55863, 1, 0, 0
180001, 63039, 1, 0, 0
