1000, 20480, 1, 0, 0
2000, 47663, 1, 0, 0
2999, 62526, 1, 0, 0
4001, 56007, 1, 0, 0
5002, 53962, 1, 0, 0
6003, 58309, 1, 0, 0
7004, 46289, 1, 0, 0
8006, 50893, 1, 0, 0
9007, 57798, 1, 0, 0
10008, 49870, 1, 0, 0
11009, 53962, 1, 0, 0
12011, 49102, 1, 0, 0
13012, 58309, 1, 0, 0
14013, 53706, 1, 0, 0
15014, 58053, 1, 0, 0
16015, 54217, 1, 0, 0
17016, 48847, 1, 0, 0
18017, 52224, 1, 0, 0
19018, 38400, 1, 0, 0
20017, 49713, 1, 0, 0
21016, 55863, 1, 0, 0
22015, 53813, 1, 0, 0
23014, 47407, 1, 0, 0
24015, 59076, 1, 0, 0
25016, 61890, 1, 0, 0
26017, 45568, 1, 0, 0
27017, 55863, 1, 0, 0
28017, 49713, 1, 0, 0
29017, 57600, 1, 0, 0
30016, 55351, 1, 0, 0
31017, 48128, 1, 0, 0
32017, 51763, 1, 0, 0
33018, 56064, 1, 0, 0
34018, 48688, 1, 0, 0
35018, 49201, 1, 0, 0
36017, 53557, 1, 0, 0
37018, 45056, 1, 0, 0
38018, 46638, 1, 0, 0
39018, 55095, 1, 0, 0
40018, 56888, 1, 0, 0
41018, 50226, 1, 0, 0
42018, 50176, 1, 0, 0
43018, 43051, 1, 0, 0
44018, 48944, 1, 0, 0
45018, 64000, 1, 0, 0
46018, 45869, 1, 0, 0
47018, 41513, 1, 0, 0
48018, 54070, 1, 0, 0
49018, 50226, 1, 0, 0
50018, 59648, 1, 0, 0
51018, 48688, 1, 0, 0
52018, 52532, 1, 0, 0
53018, 62014, 1, 0, 0
54018, 57145, 1, 0, 0
55017, 50738, 1, 0, 0
56018, 58112, 1, 0, 0
57018, 45101, 1, 0, 0
58018, 50176, 1, 0, 0
59018, 53557, 1, 0, 0
60018, 50738, 1, 0, 0
61017, 53557, 1, 0, 0
62017, 50738, 1, 0, 0
63018, 57856, 1, 0, 0
64018, 53301, 1, 0, 0
65018, 50226, 1, 0, 0
66018, 52788, 1, 0, 0
67018, 53301, 1, 0, 0
68017, 49457, 1, 0, 0
69018, 56064, 1, 0, 0
70018, 40488, 1, 0, 0
71018, 48176, 1, 0, 0
72018, 56376, 1, 0, 0
73018, 53045, 1, 0, 0
74017, 58682, 1, 0, 0
75017, 55040, 1, 0, 0
76018, 50176, 1, 0, 0
77018, 57401, 1, 0, 0
78018, 52020, 1, 0, 0
79018, 49969, 1, 0, 0
80018, 54326, 1, 0, 0
81017, 54582, 1, 0, 0
82018, 55296, 1, 0, 0
83018, 44844, 1, 0, 0
84018, 56376, 1, 0, 0
85018, 46382, 1, 0, 0
86018, 44800, 1, 0, 0
87018, 48128, 1, 0, 0
88018, 48176, 1, 0, 0
89018, 53813, 1, 0, 0
90018, 56376, 1, 0, 0
91018, 46126, 1, 0, 0
92018, 54582, 1, 0, 0
93018, 51712, 1, 0, 0
94017, 53813, 1, 0, 0
95017, 45613, 1, 0, 0
96018, 57856, 1, 0, 0
97018, 52532, 1, 0, 0
98018, 56376, 1, 0, 0
99018, 54838, 1, 0, 0
100018, 53301, 1, 0, 0
101018, 43776, 1, 0, 0
102018, 49713, 1, 0, 0
103017, 63295, 1, 0, 0
104018, 48128, 1, 0, 0
105018, 51507, 1, 0, 0
106018, 46080, 1, 0, 0
107018, 53045, 1, 0, 0
108018, 49152, 1, 0, 0
109018, 45869, 1, 0, 0
110018, 50994, 1, 0, 0
111018, 38694, 1, 0, 0
112017, 61757, 1, 0, 0
113018, 53504, 1, 0, 0
114018, 56376, 1, 0, 0
115018, 56376, 1, 0, 0
116018, 55095, 1, 0, 0
117017, 53557, 1, 0, 0
118017, 55607, 1, 0, 0
119018, 49408, 1, 0, 0
120018, 53301, 1, 0, 0
121018, 43307, 1, 0, 0
122018, 57145, 1, 0, 0
123018, 51251, 1, 0, 0
124017, 57657, 1, 0, 0
125018, 61440, 1, 0, 0
126018, 60988, 1, 0, 0
127018, 49457, 1, 0, 0
128018, 56632, 1, 0, 0
129018, 55351, 1, 0, 0
130017, 56120, 1, 0, 0
131018, 46592, 1, 0, 0
132018, 49201, 1, 0, 0
133018, 47919, 1, 0, 0
134018, 56064, 1, 0, 0
135018, 55095, 1, 0, 0
136018, 54326, 1, 0, 0
137017, 48944, 1, 0, 0
138018, 59904, 1, 0, 0
139018, 49201, 1, 0, 0
140018, 55863, 1, 0, 0
141018, 47919, 1, 0, 0
142018, 49201, 1, 0, 0
143017, 47407, 1, 0, 0
144018, 43520, 1, 0, 0
145018, 49713, 1, 0, 0
146018, 47663, 1, 0, 0
147018, 51507, 1, 0, 0
148018, 53557, 1, 0, 0
149018, 51968, 1, 0, 0
150018, 56320, 1, 0, 0
151018, 45056, 1, 0, 0
152018, 54838, 1, 0, 0
153018, 47663, 1, 0, 0
154018, 63807, 1, 0, 0
155018, 54582, 1, 0, 0
156018, 59136, 1, 0, 0
157018, 57657, 1, 0, 0
158018, 50994, 1, 0, 0
159017, 49457, 1, 0, 0
160017, 54784, 1, 0, 0
161017, 58170, 1, 0, 0
162017, 55040, 1, 0, 0
163017, 55351, 1, 0, 0
164018, 47616, 1, 0, 0
165018, 59195, 1, 0, 0
166018, 57401, 1, 0, 0
167018, 53045, 1, 0, 0
168018, 56888, 1, 0, 0
169018, 64576, 1, 0, 0
170018, 54838, 1, 0, 0
171018, 48688, 1, 0, 0
172018, 52020, 1, 0, 0
173018, 57856, 1, 0, 0
174018, 56832, 1, 0, 0
175018, 50738, 1, 0, 0
176017, 53813, 1, 0, 0
177017, 47407, 1, 0, 0
178017, 47104, 1, 0, 0
179017, 52788, 1, 0, 0
