1001, 20203, 1, 0, 0
2000, 59707, 1, 0, 0
3001, 49870, 1, 0, 0
4003, 59332, 1, 0, 0
5004, 44243, 1, 0, 0
6005, 46289, 1, 0, 0
7006, 51404, 1, 0, 0
8008, 46033, 1, 0, 0
9009, 54217, 1, 0, 0
10010, 54729, 1, 0, 0
11011, 50381, 1, 0, 0
12013, 54217, 1, 0, 0
13014, 56775, 1, 0, 0
14015, 50125, 1, 0, 0
15016, 49614, 1, 0, 0
16017, 61122, 1, 0, 0
17018, 55240, 1, 0, 0
18019, 55496, 1, 0, 0
19021, 58821, 1, 0, 0
20022, 49614, 1, 0, 0
21023, 54217, 1, 0, 0
22024, 51916, 1, 0, 0
23025, 55496, 1, 0, 0
24026, 51404, 1, 0, 0
25027, 51968, 1, 0, 0
26028, 51712, 1, 0, 0
27029, 43264, 1, 0, 0
28030, 53706, 1, 0, 0
29031, 55752, 1, 0, 0
30032, 45522, 1, 0, 0
31033, 51456, 1, 0, 0
32034, 50688, 1, 0, 0
33035, 54016, 1, 0, 0
34036, 60160, 1, 0, 0
35037, 55808, 1, 0, 0
36038, 50125, 1, 0, 0
37039, 49664, 1, 0, 0
38040, 51200, 1, 0, 0
39041, 55296, 1, 0, 0
40042, 52224, 1, 0, 0
41043, 44288, 1, 0, 0
42044, 47056, 1, 0, 0
43045, 51456, 1, 0, 0
44046, 56007, 1, 0, 0
45047, 60611, 1, 0, 0
46048, 51456, 1, 0, 0
47049, 53504, 1, 0, 0
48050, 49664, 1, 0, 0
49051, 46801, 1, 0, 0
50052, 49920, 1, 0, 0
51053, 52736, 1, 0, 0
52054, 61440, 1, 0, 0
53054, 54528, 1, 0, 0
54055, 56832, 1, 0, 0
55056, 47104, 1, 0, 0
56058, 44755, 1, 0, 0
57059, 56519, 1, 0, 0
58060, 59844, 1, 0, 0
59061, 54272, 1, 0, 0
60061, 43008, 1, 0, 0
61062, 53760, 1, 0, 0
62063, 54784, 1, 0, 0
63064, 47616, 1, 0, 0
64065, 54217, 1, 0, 0
65066, 49408, 1, 0, 0
66067, 50944, 1, 0, 0
67068, 43008, 1, 0, 0
68068, 53248, 1, 0, 0
69069, 52480, 1, 0, 0
70070, 50176, 1, 0, 0
71071, 57600, 1, 0, 0
72072, 53504, 1, 0, 0
73072, 49152, 1, 0, 0
74073, 50688, 1, 0, 0
75074, 49408, 1, 0, 0
76075, 54272, 1, 0, 0
77076, 61952, 1, 0, 0
78077, 45568, 1, 0, 0
79078, 55040, 1, 0, 0
80078, 53760, 1, 0, 0
81079, 48384, 1, 0, 0
82080, 60160, 1, 0, 0
83081, 48640, 1, 0, 0
84082, 60416, 1, 0, 0
85083, 56320, 1, 0, 0
86084, 44499, 1, 0, 0
87085, 54729, 1, 0, 0
88086, 49920, 1, 0, 0
89087, 57600, 1, 0, 0
90088, 50944, 1, 0, 0
91089, 47104, 1, 0, 0
92089, 57088, 1, 0, 0
93091, 44243, 1, 0, 0
94091, 50432, 1, 0, 0
95092, 58624, 1, 0, 0
96093, 51712, 1, 0, 0
97094, 52224, 1, 0, 0
98095, 51712, 1, 0, 0
99096, 53248, 1, 0, 0
100097, 48591, 1, 0, 0
101098, 52224, 1, 0, 0
102098, 49664, 1, 0, 0
103099, 51200, 1, 0, 0
104100, 47616, 1, 0, 0
105101, 55296, 1, 0, 0
106102, 48591, 1, 0, 0
107103, 57600, 1, 0, 0
108104, 57286, 1, 0, 0
109105, 51456, 1, 0, 0
110106, 55552, 1, 0, 0
111106, 50944, 1, 0, 0
112107, 55808, 1, 0, 0
113108, 51456, 1, 0, 0
114109, 54016, 1, 0, 0
115110, 50944, 1, 0, 0
116111, 46080, 1, 0, 0
117111, 58112, 1, 0, 0
118112, 42752, 1, 0, 0
119113, 58368, 1, 0, 0
120114, 42240, 1, 0, 0
121115, 62976, 1, 0, 0
122116, 46592, 1, 0, 0
123117, 52736, 1, 0, 0
124117, 60928, 1, 0, 0
125118, 54272, 1, 0, 0
126119, 55296, 1, 0, 0
127120, 45312, 1, 0, 0
128121, 56320, 1, 0, 0
129122, 54784, 1, 0, 0
130122, 55296, 1, 0, 0
131123, 49664, 1, 0, 0
132124, 56775, 1, 0, 0
133125, 53504, 1, 0, 0
134126, 60672, 1, 0, 0
135127, 51200, 1, 0, 0
136128, 48128, 1, 0, 0
137128, 50944, 1, 0, 0
138129, 56576, 1, 0, 0
139130, 51200, 1, 0, 0
140131, 55552, 1, 0, 0
141132, 46848, 1, 0, 0
142133, 53248, 1, 0, 0
143133, 47872, 1, 0, 0
144134, 51968, 1, 0, 0
145135, 56832, 1, 0, 0
146136, 48384, 1, 0, 0
147137, 48896, 1, 0, 0
148138, 48640, 1, 0, 0
149139, 50893, 1, 0, 0
150140, 51148, 1, 0, 0
151141, 48335, 1, 0, 0
152142, 58368, 1, 0, 0
153143, 51968, 1, 0, 0
154144, 55040, 1, 0, 0
155145, 58053, 1, 0, 0
156146, 55296, 1, 0, 0
157147, 47360, 1, 0, 0
158147, 58624, 1, 0, 0
159148, 50176, 1, 0, 0
160149, 57600, 1, 0, 0
161150, 52736, 1, 0, 0
162151, 48847, 1, 0, 0
163152, 48896, 1, 0, 0
164153, 51712, 1, 0, 0
165154, 55296, 1, 0, 0
166155, 46848, 1, 0, 0
167156, 49152, 1, 0, 0
168157, 47616, 1, 0, 0
169158, 53194, 1, 0, 0
170159, 55808, 1, 0, 0
171160, 47872, 1, 0, 0
172160, 51456, 1, 0, 0
173162, 59844, 1, 0, 0
174163, 66749, 1, 0, 0
175164, 50944, 1, 0, 0
176164, 54016, 1, 0, 0
177165, 51968, 1, 0, 0
178166, 49870, 1, 0, 0
179167, 53248, 1, 0, 0
