999, 25369, 1, 0, 0
1999, 57344, 1, 0, 0
2999, 54070, 1, 0, 0
3998, 53557, 1, 0, 0
4999, 57542, 1, 0, 0
6000, 52683, 1, 0, 0
7002, 54217, 1, 0, 0
8003, 58309, 1, 0, 0
9004, 49102, 1, 0, 0
10006, 52171, 1, 0, 0
11007, 53962, 1, 0, 0
12008, 54473, 1, 0, 0
13009, 51148, 1, 0, 0
14010, 50637, 1, 0, 0
15011, 51404, 1, 0, 0
16013, 55496, 1, 0, 0
17014, 57542, 1, 0, 0
18015, 52992, 1, 0, 0
19016, 47312, 1, 0, 0
20017, 51660, 1, 0, 0
21019, 54473, 1, 0, 0
22020, 48335, 1, 0, 0
23021, 55240, 1, 0, 0
24022, 59844, 1, 0, 0
25023, 51148, 1, 0, 0
26024, 47872, 1, 0, 0
27024, 59963, 1, 0, 0
28024, 52020, 1, 0, 0
29024, 61952, 1, 0, 0
30023, 44588, 1, 0, 0
31024, 55040, 1, 0, 0
32024, 54582, 1, 0, 0
33025, 50176, 1, 0, 0
34025, 46638, 1, 0, 0
35025, 45613, 1, 0, 0
36024, 42026, 1, 0, 0
37025, 52992, 1, 0, 0
38025, 45357, 1, 0, 0
39025, 53301, 1, 0, 0
40024, 53045, 1, 0, 0
41024, 45613, 1, 0, 0
42025, 53504, 1, 0, 0
43024, 61757, 1, 0, 0
44024, 46894, 1, 0, 0
45025, 57600, 1, 0, 0
46025, 47407, 1, 0, 0
47024, 54070, 1, 0, 0
48024, 55607, 1, 0, 0
49024, 52276, 1, 0, 0
50024, 43008, 1, 0, 0
51024, 58426, 1, 0, 0
52024, 57657, 1, 0, 0
53024, 50482, 1, 0, 0
54024, 50994, 1, 0, 0
55024, 47919, 1, 0, 0
56024, 56576, 1, 0, 0
57024, 42794, 1, 0, 0
58024, 50688, 1, 0, 0
59024, 50994, 1, 0, 0
60024, 58170, 1, 0, 0
61024, 51507, 1, 0, 0
62024, 52276, 1, 0, 0
63025, 49408, 1, 0, 0
64025, 44588, 1, 0, 0
65025, 44332, 1, 0, 0
66024, 52532, 1, 0, 0
67024, 48432, 1, 0, 0
68024, 42282, 1, 0, 0
69025, 46592, 1, 0, 0
70025, 53557, 1, 0, 0
71024, 49457, 1, 0, 0
72024, 50226, 1, 0, 0
73024, 50482, 1, 0, 0
74024, 49457, 1, 0, 0
75024, 53248, 1, 0, 0
76025, 46592, 1, 0, 0
77025, 57657, 1, 0, 0
78024, 48176, 1, 0, 0
79024, 50226, 1, 0, 0
80024, 45101, 1, 0, 0
81024, 48688, 1, 0, 0
82025, 54016, 1, 0, 0
83025, 54326, 1, 0, 0
84024, 55863, 1, 0, 0
85024, 49969, 1, 0, 0
86025, 44032, 1, 0, 0
87025, 61184, 1, 0, 0
88025, 57401, 1, 0, 0
89024, 49969, 1, 0, 0
90024, 59195, 1, 0, 0
91024, 51763, 1, 0, 0
92024, 52020, 1, 0, 0
93024, 52736, 1, 0, 0
94024, 45869, 1, 0, 0
95024, 54326, 1, 0, 0
96025, 51712, 1, 0, 0
97024, 64320, 1, 0, 0
98024, 58170, 1, 0, 0
99024, 52276, 1, 0, 0
100024, 53045, 1, 0, 0
101024, 45312, 1, 0, 0
102024, 47151, 1, 0, 0
103024, 51763, 1, 0, 0
104025, 61184, 1, 0, 0
105024, 55607, 1, 0, 0
106025, 52992, 1, 0, 0
107024, 52276, 1, 0, 0
108024, 59392, 1, 0, 0
109024, 60988, 1, 0, 0
110024, 55607, 1, 0, 0
111024, 54838, 1, 0, 0
112024, 55351, 1, 0, 0
113025, 48896, 1, 0, 0
114025, 60732, 1, 0, 0
115024, 54838, 1, 0, 0
116024, 40232, 1, 0, 0
117024, 53557, 1, 0, 0
118024, 54838, 1, 0, 0
119025, 52224, 1, 0, 0
120025, 54326, 1, 0, 0
121024, 49457, 1, 0, 0
122024, 54326, 1, 0, 0
123024, 53045, 1, 0, 0
124024, 54326, 1, 0, 0
125025, 52736, 1, 0, 0
126025, 60220, 1, 0, 0
127024, 53813, 1, 0, 0
128024, 46382, 1, 0, 0
129024, 47151, 1, 0, 0
130024, 48432, 1, 0, 0
131025, 47616, 1, 0, 0
132025, 59451, 1, 0, 0
133024, 48688, 1, 0, 0
134025, 48384, 1, 0, 0
135024, 58682, 1, 0, 0
136024, 54070, 1, 0, 0
137024, 56632, 1, 0, 0
138025, 39936, 1, 0, 0
139025, 50482, 1, 0, 0
140024, 48176, 1, 0, 0
141024, 55863, 1, 0, 0
142024, 50994, 1, 0, 0
143024, 57913, 1, 0, 0
144025, 51712, 1, 0, 0
145025, 56376, 1, 0, 0
146025, 52532, 1, 0, 0
147024, 55095, 1, 0, 0
148024, 41513, 1, 0, 0
149024, 47872, 1, 0, 0
150025, 53504, 1, 0, 0
151025, 60672, 1, 0, 0
152025, 55863, 1, 0, 0
153024, 57913, 1, 0, 0
154024, 56376, 1, 0, 0
155024, 63551, 1, 0, 0
156024, 54016, 1, 0, 0
157024, 48944, 1, 0, 0
158024, 47151, 1, 0, 0
159024, 55607, 1, 0, 0
160024, 50432, 1, 0, 0
161024, 57657, 1, 0, 0
162024, 54272, 1, 0, 0
163024, 49201, 1, 0, 0
164025, 54784, 1, 0, 0
165025, 57401, 1, 0, 0
166024, 57913, 1, 0, 0
167024, 53301, 1, 0, 0
168024, 46126, 1, 0, 0
169024, 59451, 1, 0, 0
170024, 50738, 1, 0, 0
171024, 62014, 1, 0, 0
172024, 49457, 1, 0, 0
173024, 48640, 1, 0, 0
174024, 50944, 1, 0, 0
175024, 46126, 1, 0, 0
176024, 55095, 1, 0, 0
177024, 49713, 1, 0, 0
178024, 45568, 1, 0, 0
179024, 47663, 1, 0, 0
