1000, 13568, 1, 0, 0
2000, 52020, 1, 0, 0
2999, 54838, 1, 0, 0
4000, 59332, 1, 0, 0
5001, 52939, 1, 0, 0
6003, 59332, 1, 0, 0
7004, 49358, 1, 0, 0
8005, 55240, 1, 0, 0
9006, 53194, 1, 0, 0
10008, 59588, 1, 0, 0
11009, 51404, 1, 0, 0
12010, 54985, 1, 0, 0
13011, 50893, 1, 0, 0
14012, 49614, 1, 0, 0
15014, 60867, 1, 0, 0
16015, 58565, 1, 0, 0
17016, 47056, 1, 0, 0
18017, 55240, 1, 0, 0
19018, 54729, 1, 0, 0
20020, 51404, 1, 0, 0
21021, 59844, 1, 0, 0
22022, 49102, 1, 0, 0
23023, 46801, 1, 0, 0
24024, 49614, 1, 0, 0
25025, 50176, 1, 0, 0
26026, 58368, 1, 0, 0
27027, 55040, 1, 0, 0
28028, 53706, 1, 0, 0
29029, 52427, 1, 0, 0
30030, 61122, 1, 0, 0
31031, 46080, 1, 0, 0
32032, 54272, 1, 0, 0
33033, 54528, 1, 0, 0
34034, 51968, 1, 0, 0
35035, 51712, 1, 0, 0
36036, 53194, 1, 0, 0
37037, 51456, 1, 0, 0
38038, 53248, 1, 0, 0
39039, 60160, 1, 0, 0
40039, 50432, 1, 0, 0
41040, 52736, 1, 0, 0
42042, 54985, 1, 0, 0
43042, 50944, 1, 0, 0
44044, 52171, 1, 0, 0
45045, 51660, 1, 0, 0
46046, 60928, 1, 0, 0
47046, 56064, 1, 0, 0
48047, 52992, 1, 0, 0
49048, 41430, 1, 0, 0
50049, 49920, 1, 0, 0
51050, 55808, 1, 0, 0
52051, 50432, 1, 0, 0
53052, 54784, 1, 0, 0
54053, 52224, 1, 0, 0
55054, 51712, 1, 0, 0
56055, 48079, 1, 0, 0
57056, 49358, 1, 0, 0
58057, 53706, 1, 0, 0
59058, 49920, 1, 0, 0
60059, 49152, 1, 0, 0
61060, 54016, 1, 0, 0
62061, 60928, 1, 0, 0
63062, 70144, 1, 0, 0
64063, 53194, 1, 0, 0
65064, 48128, 1, 0, 0
66064, 56832, 1, 0, 0
67065, 51968, 1, 0, 0
68066, 52224, 1, 0, 0
69067, 50176, 1, 0, 0
70068, 49664, 1, 0, 0
71068, 50688, 1, 0, 0
72069, 59392, 1, 0, 0
73070, 49920, 1, 0, 0
74071, 57344, 1, 0, 0
75072, 58112, 1, 0, 0
76073, 57600, 1, 0, 0
77074, 48384, 1, 0, 0
78074, 54272, 1, 0, 0
79075, 52992, 1, 0, 0
80076, 49152, 1, 0, 0
81077, 41984, 1, 0, 0
82078, 48896, 1, 0, 0
83079, 49408, 1, 0, 0
84079, 53248, 1, 0, 0
85080, 52224, 1, 0, 0
86082, 43988, 1, 0, 0
87083, 47056, 1, 0, 0
88084, 51968, 1, 0, 0
89084, 45824, 1, 0, 0
90085, 61696, 1, 0, 0
91086, 50688, 1, 0, 0
92087, 49408, 1, 0, 0
93088, 58821, 1, 0, 0
94089, 50944, 1, 0, 0
95090, 50176, 1, 0, 0
96091, 56832, 1, 0, 0
97091, 59136, 1, 0, 0
98092, 48128, 1, 0, 0
99093, 55808, 1, 0, 0
100094, 46545, 1, 0, 0
101095, 53248, 1, 0, 0
102096, 54528, 1, 0, 0
103097, 45056, 1, 0, 0
104098, 53504, 1, 0, 0
105099, 46848, 1, 0, 0
106100, 47568, 1, 0, 0
107100, 59392, 1, 0, 0
108101, 43220, 1, 0, 0
109102, 46592, 1, 0, 0
110103, 55552, 1, 0, 0
111104, 55808, 1, 0, 0
112105, 50944, 1, 0, 0
113106, 48128, 1, 0, 0
114107, 50688, 1, 0, 0
115107, 57344, 1, 0, 0
116108, 56576, 1, 0, 0
117109, 48896, 1, 0, 0
118110, 46592, 1, 0, 0
119111, 56576, 1, 0, 0
120112, 55296, 1, 0, 0
121112, 55040, 1, 0, 0
122113, 57344, 1, 0, 0
123114, 60160, 1, 0, 0
124115, 60160, 1, 0, 0
125116, 49152, 1, 0, 0
126117, 55552, 1, 0, 0
127118, 59904, 1, 0, 0
128118, 57600, 1, 0, 0
129119, 46080, 1, 0, 0
130120, 52736, 1, 0, 0
131121, 51200, 1, 0, 0
132122, 55240, 1, 0, 0
133123, 48384, 1, 0, 0
134124, 48896, 1, 0, 0
135124, 50688, 1, 0, 0
136125, 44544, 1, 0, 0
137126, 46592, 1, 0, 0
138127, 51712, 1, 0, 0
139128, 50432, 1, 0, 0
140129, 49152, 1, 0, 0
141129, 58624, 1, 0, 0
142130, 57600, 1, 0, 0
143131, 46080, 1, 0, 0
144132, 47104, 1, 0, 0
145133, 49920, 1, 0, 0
146134, 51456, 1, 0, 0
147135, 53504, 1, 0, 0
148135, 45312, 1, 0, 0
149136, 52683, 1, 0, 0
150138, 59588, 1, 0, 0
151139, 43220, 1, 0, 0
152140, 48384, 1, 0, 0
153140, 50432, 1, 0, 0
154141, 47104, 1, 0, 0
155142, 51916, 1, 0, 0
156143, 54016, 1, 0, 0
157144, 50176, 1, 0, 0
158145, 51456, 1, 0, 0
159146, 52224, 1, 0, 0
160147, 54784, 1, 0, 0
161148, 54016, 1, 0, 0
162149, 53450, 1, 0, 0
163150, 51968, 1, 0, 0
164151, 62720, 1, 0, 0
165152, 65024, 1, 0, 0
166153, 52480, 1, 0, 0
167153, 50688, 1, 0, 0
168154, 48640, 1, 0, 0
169155, 53194, 1, 0, 0
170156, 47104, 1, 0, 0
171157, 51200, 1, 0, 0
172158, 51968, 1, 0, 0
173159, 54985, 1, 0, 0
174160, 46545, 1, 0, 0
175161, 46848, 1, 0, 0
176162, 49152, 1, 0, 0
177163, 52992, 1, 0, 0
178164, 59844, 1, 0, 0
179165, 53248, 1, 0, 0
