1000, 19712, 1, 0, 0
1999, 47407, 1, 0, 0
3000, 46033, 1, 0, 0
4002, 54729, 1, 0, 0
5003, 50125, 1, 0, 0
6004, 57030, 1, 0, 0
7005, 62657, 1, 0, 0
8007, 50893, 1, 0, 0
9008, 47824, 1, 0, 0
10009, 64703, 1, 0, 0
11010, 54729, 1, 0, 0
12012, 55496, 1, 0, 0
13013, 48847, 1, 0, 0
14014, 51916, 1, 0, 0
15015, 52427, 1, 0, 0
16016, 51660, 1, 0, 0
17017, 50125, 1, 0, 0
18018, 50125, 1, 0, 0
19020, 52939, 1, 0, 0
20021, 48591, 1, 0, 0
21022, 53706, 1, 0, 0
22023, 46289, 1, 0, 0
23024, 52171, 1, 0, 0
24025, 58821, 1, 0, 0
25026, 50688, 1, 0, 0
26027, 61696, 1, 0, 0
27028, 48384, 1, 0, 0
28029, 50381, 1, 0, 0
29030, 46801, 1, 0, 0
30031, 55752, 1, 0, 0
31032, 48640, 1, 0, 0
32033, 47104, 1, 0, 0
33034, 57344, 1, 0, 0
34035, 53248, 1, 0, 0
35036, 61696, 1, 0, 0
36037, 53706, 1, 0, 0
37038, 39424, 1, 0, 0
38039, 55808, 1, 0, 0
39040, 58112, 1, 0, 0
40041, 52480, 1, 0, 0
41042, 52992, 1, 0, 0
42043, 71352, 1, 0, 0
43044, 56064, 1, 0, 0
44045, 60867, 1, 0, 0
45046, 52939, 1, 0, 0
46047, 48128, 1, 0, 0
47048, 58880, 1, 0, 0
48049, 56832, 1, 0, 0
49050, 54217, 1, 0, 0
50051, 47104, 1, 0, 0
51052, 47104, 1, 0, 0
52053, 48640, 1, 0, 0
53054, 48896, 1, 0, 0
54055, 49920, 1, 0, 0
55055, 50944, 1, 0, 0
56057, 54473, 1, 0, 0
57058, 52427, 1, 0, 0
58059, 59844, 1, 0, 0
59060, 43520, 1, 0, 0
60060, 56576, 1, 0, 0
61061, 58624, 1, 0, 0
62062, 54528, 1, 0, 0
63063, 58368, 1, 0, 0
64064, 52171, 1, 0, 0
65065, 53760, 1, 0, 0
66066, 47360, 1, 0, 0
67067, 55808, 1, 0, 0
68067, 47104, 1, 0, 0
69068, 49920, 1, 0, 0
70069, 51968, 1, 0, 0
71070, 45824, 1, 0, 0
72071, 52480, 1, 0, 0
73072, 57088, 1, 0, 0
74072, 56832, 1, 0, 0
75073, 45312, 1, 0, 0
76074, 48640, 1, 0, 0
77075, 43776, 1, 0, 0
78076, 44288, 1, 0, 0
79077, 46336, 1, 0, 0
80078, 45824, 1, 0, 0
81078, 56576, 1, 0, 0
82079, 56832, 1, 0, 0
83080, 52992, 1, 0, 0
84081, 52736, 1, 0, 0
85082, 52480, 1, 0, 0
86083, 45522, 1, 0, 0
87084, 51148, 1, 0, 0
88085, 52480, 1, 0, 0
89086, 53504, 1, 0, 0
90087, 56832, 1, 0, 0
91088, 54016, 1, 0, 0
92088, 42752, 1, 0, 0
93090, 53706, 1, 0, 0
94090, 58368, 1, 0, 0
95091, 59392, 1, 0, 0
96092, 52992, 1, 0, 0
97093, 55296, 1, 0, 0
98094, 50944, 1, 0, 0
99095, 55552, 1, 0, 0
100096, 53962, 1, 0, 0
101097, 44032, 1, 0, 0
102097, 49664, 1, 0, 0
103098, 50944, 1, 0, 0
104099, 52736, 1, 0, 0
105100, 43520, 1, 0, 0
106101, 58309, 1, 0, 0
107102, 57344, 1, 0, 0
108103, 51148, 1, 0, 0
109104, 52736, 1, 0, 0
110105, 55552, 1, 0, 0
111105, 44800, 1, 0, 0
112106, 49408, 1, 0, 0
113107, 48896, 1, 0, 0
114108, 51456, 1, 0, 0
115109, 47104, 1, 0, 0
116110, 54016, 1, 0, 0
117110, 52736, 1, 0, 0
118111, 50176, 1, 0, 0
119112, 44032, 1, 0, 0
120113, 50944, 1, 0, 0
121114, 50944, 1, 0, 0
122115, 54016, 1, 0, 0
123116, 54784, 1, 0, 0
124116, 49152, 1, 0, 0
125117, 58880, 1, 0, 0
126118, 50176, 1, 0, 0
127119, 48128, 1, 0, 0
128120, 50432, 1, 0, 0
129121, 53248, 1, 0, 0
130121, 52736, 1, 0, 0
131122, 57088, 1, 0, 0
132123, 58565, 1, 0, 0
133124, 47616, 1, 0, 0
134125, 50176, 1, 0, 0
135126, 52224, 1, 0, 0
136127, 58368, 1, 0, 0
137127, 49664, 1, 0, 0
138128, 44032, 1, 0, 0
139129, 54272, 1, 0, 0
140130, 39680, 1, 0, 0
141131, 48128, 1, 0, 0
142132, 61184, 1, 0, 0
143132, 45568, 1, 0, 0
144133, 51456, 1, 0, 0
145134, 52224, 1, 0, 0
146135, 45568, 1, 0, 0
147136, 53248, 1, 0, 0
148137, 47360, 1, 0, 0
149138, 49102, 1, 0, 0
150139, 54729, 1, 0, 0
151140, 52939, 1, 0, 0
152141, 58624, 1, 0, 0
153142, 55040, 1, 0, 0
154143, 48384, 1, 0, 0
155144, 48079, 1, 0, 0
156145, 57856, 1, 0, 0
157146, 43520, 1, 0, 0
158147, 43008, 1, 0, 0
159147, 56320, 1, 0, 0
160148, 53760, 1, 0, 0
161149, 45568, 1, 0, 0
162150, 62657, 1, 0, 0
163151, 58624, 1, 0, 0
164152, 42240, 1, 0, 0
165153, 48128, 1, 0, 0
166154, 50432, 1, 0, 0
167155, 49920, 1, 0, 0
168156, 50176, 1, 0, 0
169157, 50125, 1, 0, 0
170158, 55040, 1, 0, 0
171159, 56832, 1, 0, 0
172160, 53248, 1, 0, 0
173161, 47568, 1, 0, 0
174162, 44499, 1, 0, 0
175163, 54272, 1, 0, 0
176163, 58112, 1, 0, 0
177164, 52224, 1, 0, 0
178165, 51660, 1, 0, 0
179166, 50432, 1, 0, 0
