999, 24600, 1, 0, 0
1998, 49713, 1, 0, 0
2998, 47407, 1, 0, 0
3999, 43732, 1, 0, 0
5000, 44499, 1, 0, 0
6001, 49102, 1, 0, 0
7003, 47312, 1, 0, 0
8004, 54217, 1, 0, 0
9005, 52683, 1, 0, 0
10007, 55752, 1, 0, 0
11008, 49102, 1, 0, 0
12009, 52427, 1, 0, 0
13010, 51660, 1, 0, 0
14011, 54729, 1, 0, 0
15012, 48335, 1, 0, 0
16014, 52171, 1, 0, 0
17015, 63680, 1, 0, 0
18016, 49408, 1, 0, 0
19016, 60928, 1, 0, 0
20015, 51251, 1, 0, 0
21015, 51763, 1, 0, 0
22014, 56376, 1, 0, 0
23013, 60732, 1, 0, 0
24014, 54985, 1, 0, 0
25015, 61634, 1, 0, 0
26016, 55296, 1, 0, 0
27016, 54582, 1, 0, 0
28016, 53045, 1, 0, 0
29016, 51200, 1, 0, 0
30015, 50994, 1, 0, 0
31016, 51456, 1, 0, 0
32016, 51507, 1, 0, 0
33017, 50176, 1, 0, 0
34017, 49457, 1, 0, 0
35016, 50738, 1, 0, 0
36016, 54326, 1, 0, 0
37017, 58368, 1, 0, 0
38017, 48176, 1, 0, 0
39016, 53813, 1, 0, 0
40016, 48944, 1, 0, 0
41016, 47663, 1, 0, 0
42016, 54784, 1, 0, 0
43016, 56120, 1, 0, 0
44016, 47663, 1, 0, 0
45016, 51712, 1, 0, 0
46016, 57657, 1, 0, 0
47016, 51507, 1, 0, 0
48016, 46126, 1, 0, 0
49016, 47663, 1, 0, 0
50016, 56320, 1, 0, 0
51016, 58938, 1, 0, 0
52016, 47151, 1, 0, 0
53016, 55607, 1, 0, 0
54016, 53301, 1, 0, 0
55016, 58426, 1, 0, 0
56016, 55808, 1, 0, 0
57016, 49201, 1, 0, 0
58016, 47360, 1, 0, 0
59016, 48432, 1, 0, 0
60016, 62270, 1, 0, 0
61016, 46894, 1, 0, 0
62016, 48176, 1, 0, 0
63017, 60160, 1, 0, 0
64016, 55095, 1, 0, 0
65016, 41001, 1, 0, 0
66016, 57401, 1, 0, 0
67016, 52020, 1, 0, 0
68016, 50226, 1, 0, 0
69017, 53760, 1, 0, 0
70016, 45101, 1, 0, 0
71016, 43563, 1, 0, 0
72016, 49713, 1, 0, 0
73016, 49713, 1, 0, 0
74016, 46126, 1, 0, 0
75016, 58112, 1, 0, 0
76017, 47104, 1, 0, 0
77016, 45613, 1, 0, 0
78016, 52276, 1, 0, 0
79016, 55351, 1, 0, 0
80016, 52020, 1, 0, 0
81016, 49457, 1, 0, 0
82017, 47360, 1, 0, 0
83016, 51763, 1, 0, 0
84016, 49457, 1, 0, 0
85016, 50482, 1, 0, 0
86016, 55040, 1, 0, 0
87016, 59904, 1, 0, 0
88016, 48688, 1, 0, 0
89016, 48688, 1, 0, 0
90016, 58426, 1, 0, 0
91016, 55351, 1, 0, 0
92016, 56376, 1, 0, 0
93016, 49920, 1, 0, 0
94016, 51507, 1, 0, 0
95016, 53813, 1, 0, 0
96017, 57856, 1, 0, 0
97016, 52788, 1, 0, 0
98016, 57401, 1, 0, 0
99016, 52532, 1, 0, 0
100016, 48944, 1, 0, 0
101016, 52480, 1, 0, 0
102016, 50994, 1, 0, 0
103016, 45101, 1, 0, 0
104017, 51968, 1, 0, 0
105016, 46894, 1, 0, 0
106016, 50176, 1, 0, 0
107016, 51251, 1, 0, 0
108016, 48640, 1, 0, 0
109016, 53557, 1, 0, 0
110016, 60220, 1, 0, 0
111016, 50226, 1, 0, 0
112016, 50482, 1, 0, 0
113017, 52480, 1, 0, 0
114016, 52532, 1, 0, 0
115016, 56120, 1, 0, 0
116016, 55095, 1, 0, 0
117016, 49969, 1, 0, 0
118016, 50738, 1, 0, 0
119017, 49920, 1, 0, 0
120016, 44844, 1, 0, 0
121016, 53301, 1, 0, 0
122016, 48944, 1, 0, 0
123016, 45357, 1, 0, 0
124016, 51251, 1, 0, 0
125017, 47360, 1, 0, 0
126017, 58682, 1, 0, 0
127016, 52532, 1, 0, 0
128016, 51507, 1, 0, 0
129016, 49201, 1, 0, 0
130016, 48944, 1, 0, 0
131017, 48128, 1, 0, 0
132017, 47407, 1, 0, 0
133016, 53557, 1, 0, 0
134016, 45824, 1, 0, 0
135016, 50738, 1, 0, 0
136016, 45101, 1, 0, 0
137016, 50738, 1, 0, 0
138017, 53760, 1, 0, 0
139017, 50994, 1, 0, 0
140016, 55095, 1, 0, 0
141016, 64320, 1, 0, 0
142016, 54070, 1, 0, 0
143016, 41769, 1, 0, 0
144017, 50688, 1, 0, 0
145017, 62782, 1, 0, 0
146016, 47407, 1, 0, 0
147016, 46894, 1, 0, 0
148016, 45869, 1, 0, 0
149016, 49920, 1, 0, 0
150016, 49664, 1, 0, 0
151017, 54528, 1, 0, 0
152016, 48688, 1, 0, 0
153016, 54070, 1, 0, 0
154016, 64064, 1, 0, 0
155016, 53557, 1, 0, 0
156016, 57600, 1, 0, 0
157016, 52788, 1, 0, 0
158016, 53045, 1, 0, 0
159016, 42538, 1, 0, 0
160016, 54528, 1, 0, 0
161016, 49713, 1, 0, 0
162016, 57856, 1, 0, 0
163016, 49969, 1, 0, 0
164017, 50688, 1, 0, 0
165016, 53813, 1, 0, 0
166016, 66626, 1, 0, 0
167016, 53813, 1, 0, 0
168016, 50738, 1, 0, 0
169016, 48176, 1, 0, 0
170016, 52788, 1, 0, 0
171016, 53557, 1, 0, 0
172016, 56376, 1, 0, 0
173016, 62208, 1, 0, 0
174016, 50944, 1, 0, 0
175016, 59451, 1, 0, 0
176016, 59963, 1, 0, 0
177016, 55351, 1, 0, 0
178016, 49152, 1, 0, 0
179016, 53557, 1, 0, 0
