999, 18450, 1, 0, 0
1999, 50226, 1, 0, 0
3000, 60099, 1, 0, 0
4002, 58565, 1, 0, 0
5003, 45266, 1, 0, 0
6004, 55496, 1, 0, 0
7005, 51916, 1, 0, 0
8007, 51660, 1, 0, 0
9008, 58053, 1, 0, 0
10009, 63680, 1, 0, 0
11010, 51404, 1, 0, 0
12012, 47568, 1, 0, 0
13013, 47312, 1, 0, 0
14014, 49870, 1, 0, 0
15015, 50637, 1, 0, 0
16016, 53450, 1, 0, 0
17017, 49870, 1, 0, 0
18018, 55040, 1, 0, 0
19019, 52224, 1, 0, 0
20018, 57401, 1, 0, 0
21017, 62014, 1, 0, 0
22016, 55863, 1, 0, 0
23015, 51251, 1, 0, 0
24016, 56007, 1, 0, 0
25017, 49870, 1, 0, 0
26018, 50688, 1, 0, 0
27018, 49713, 1, 0, 0
28018, 59195, 1, 0, 0
29018, 51712, 1, 0, 0
30017, 57401, 1, 0, 0
31018, 50944, 1, 0, 0
32018, 55863, 1, 0, 0
33019, 48384, 1, 0, 0
34019, 54070, 1, 0, 0
35019, 55095, 1, 0, 0
36018, 46894, 1, 0, 0
37019, 54272, 1, 0, 0
38019, 54326, 1, 0, 0
39019, 53301, 1, 0, 0
40019, 52020, 1, 0, 0
41019, 58938, 1, 0, 0
42019, 58112, 1, 0, 0
43019, 51507, 1, 0, 0
44019, 52020, 1, 0, 0
45019, 52736, 1, 0, 0
46019, 50482, 1, 0, 0
47019, 53813, 1, 0, 0
48019, 56632, 1, 0, 0
49019, 51763, 1, 0, 0
50019, 54784, 1, 0, 0
51019, 50738, 1, 0, 0
52019, 58170, 1, 0, 0
53019, 45613, 1, 0, 0
54019, 50738, 1, 0, 0
55018, 63551, 1, 0, 0
56019, 51712, 1, 0, 0
57019, 46894, 1, 0, 0
58019, 56064, 1, 0, 0
59019, 56376, 1, 0, 0
60018, 50226, 1, 0, 0
61018, 54326, 1, 0, 0
62018, 56376, 1, 0, 0
63019, 57856, 1, 0, 0
64019, 49713, 1, 0, 0
65019, 48688, 1, 0, 0
66019, 51507, 1, 0, 0
67019, 57401, 1, 0, 0
68018, 58426, 1, 0, 0
69019, 51456, 1, 0, 0
70019, 53557, 1, 0, 0
71019, 50482, 1, 0, 0
72019, 57401, 1, 0, 0
73019, 50482, 1, 0, 0
74018, 48688, 1, 0, 0
75018, 49664, 1, 0, 0
76019, 48128, 1, 0, 0
77019, 38950, 1, 0, 0
78019, 47151, 1, 0, 0
79019, 58170, 1, 0, 0
80019, 55095, 1, 0, 0
81018, 50482, 1, 0, 0
82019, 48128, 1, 0, 0
83019, 55607, 1, 0, 0
84019, 57401, 1, 0, 0
85019, 57913, 1, 0, 0
86019, 48384, 1, 0, 0
87019, 49664, 1, 0, 0
88019, 57145, 1, 0, 0
89019, 60988, 1, 0, 0
90019, 51507, 1, 0, 0
91019, 49713, 1, 0, 0
92019, 45101, 1, 0, 0
93019, 58880, 1, 0, 0
94018, 44332, 1, 0, 0
95018, 59707, 1, 0, 0
96019, 54528, 1, 0, 0
97019, 46638, 1, 0, 0
98019, 51507, 1, 0, 0
99019, 57401, 1, 0, 0
100019, 42538, 1, 0, 0
101019, 62464, 1, 0, 0
102018, 45613, 1, 0, 0
103018, 46382, 1, 0, 0
104019, 51968, 1, 0, 0
105019, 50482, 1, 0, 0
106019, 56064, 1, 0, 0
107019, 63039, 1, 0, 0
108019, 55296, 1, 0, 0
109019, 53813, 1, 0, 0
110019, 57657, 1, 0, 0
111019, 53301, 1, 0, 0
112018, 47919, 1, 0, 0
113019, 45568, 1, 0, 0
114019, 52276, 1, 0, 0
115019, 48944, 1, 0, 0
116019, 50226, 1, 0, 0
117018, 57913, 1, 0, 0
118018, 45357, 1, 0, 0
119019, 50176, 1, 0, 0
120019, 45869, 1, 0, 0
121019, 53045, 1, 0, 0
122019, 52532, 1, 0, 0
123019, 54582, 1, 0, 0
124018, 46382, 1, 0, 0
125019, 49920, 1, 0, 0
126019, 61501, 1, 0, 0
127019, 53813, 1, 0, 0
128019, 57913, 1, 0, 0
129019, 56120, 1, 0, 0
130018, 52276, 1, 0, 0
131019, 52736, 1, 0, 0
132019, 53813, 1, 0, 0
133019, 56120, 1, 0, 0
134019, 59648, 1, 0, 0
135019, 48176, 1, 0, 0
136019, 57145, 1, 0, 0
137018, 56376, 1, 0, 0
138019, 55040, 1, 0, 0
139019, 45101, 1, 0, 0
140019, 55607, 1, 0, 0
141019, 51763, 1, 0, 0
142019, 58426, 1, 0, 0
143018, 45869, 1, 0, 0
144019, 51456, 1, 0, 0
145019, 54838, 1, 0, 0
146019, 61501, 1, 0, 0
147019, 52020, 1, 0, 0
148019, 52788, 1, 0, 0
149019, 48896, 1, 0, 0
150019, 53760, 1, 0, 0
151019, 48896, 1, 0, 0
152019, 55351, 1, 0, 0
153019, 52276, 1, 0, 0
154019, 56120, 1, 0, 0
155019, 48944, 1, 0, 0
156019, 54272, 1, 0, 0
157019, 56120, 1, 0, 0
158019, 49457, 1, 0, 0
159018, 52788, 1, 0, 0
160018, 53760, 1, 0, 0
161018, 50226, 1, 0, 0
162018, 46080, 1, 0, 0
163018, 51507, 1, 0, 0
164019, 54528, 1, 0, 0
165019, 50226, 1, 0, 0
166019, 52276, 1, 0, 0
167019, 57401, 1, 0, 0
168019, 61757, 1, 0, 0
169019, 50738, 1, 0, 0
170019, 58938, 1, 0, 0
171019, 52788, 1, 0, 0
172018, 52788, 1, 0, 0
173018, 51200, 1, 0, 0
174019, 53504, 1, 0, 0
175019, 56120, 1, 0, 0
176018, 53301, 1, 0, 0
177018, 56632, 1, 0, 0
178018, 47360, 1, 0, 0
179018, 50226, 1, 0, 0
