3000, 2178, 0, 0, 0
4000, 3200, 0, 0, 0
5000, 1920, 0, 0, 0
6000, 4356, 0, 0, 0
7000, 3264, 0, 0, 0
8000, 2752, 0, 0, 0
9000, 3968, 0, 0, 0
10001, 2048, 0, 0, 0
11000, 2050, 0, 0, 0
12000, 2944, 0, 0, 0
13000, 2944, 0, 0, 0
14000, 3843, 0, 0, 0
15000, 3200, 0, 0, 0
16000, 2880, 0, 0, 0
17000, 4352, 0, 0, 0
18000, 3267, 0, 0, 0
19000, 2688, 0, 0, 0
20000, 3328, 0, 0, 0
21001, 3072, 0, 0, 0
22000, 4228, 0, 0, 0
23000, 3136, 0, 0, 0
24000, 3008, 0, 0, 0
25001, 5568, 0, 0, 0
26000, 3203, 0, 0, 0
27000, 2752, 0, 0, 0
28000, 2624, 0, 0, 0
29000, 2624, 0, 0, 0
30000, 2498, 0, 0, 0
31000, 2112, 0, 0, 0
32000, 2944, 0, 0, 0
33000, 3520, 0, 0, 0
34000, 3331, 0, 0, 0
35000, 4160, 0, 0, 0
36000, 3712, 0, 0, 0
37000, 3520, 0, 0, 0
38000, 2882, 0, 0, 0
39000, 2368, 0, 0, 0
40000, 3072, 0, 0, 0
41000, 2688, 0, 0, 0
42000, 2946, 0, 0, 0
43000, 2816, 0, 0, 0
44000, 3136, 0, 0, 0
45000, 4224, 0, 0, 0
46000, 2882, 0, 0, 0
47000, 3904, 0, 0, 0
48000, 3328, 0, 0, 0
49000, 3648, 0, 0, 0
50000, 3200, 0, 0, 0
51000, 3139, 0, 0, 0
52000, 1984, 0, 0, 0
53000, 4160, 0, 0, 0
54000, 4992, 0, 0, 0
55000, 3523, 0, 0, 0
56000, 4032, 0, 0, 0
57000, 3328, 0, 0, 0
58000, 4096, 0, 0, 0
59000, 3587, 0, 0, 0
60000, 3456, 0, 0, 0
61000, 3200, 0, 0, 0
62000, 1665, 0, 0, 0
63000, 3968, 0, 0, 0
64000, 4096, 0, 0, 0
65000, 1984, 0, 0, 0
66000, 3331, 0, 0, 0
67000, 3072, 0, 0, 0
68000, 4416, 0, 0, 0
69000, 4160, 0, 0, 0
70000, 3203, 0, 0, 0
71000, 2688, 0, 0, 0
72000, 3136, 0, 0, 0
73000, 3456, 0, 0, 0
74001, 4224, 0, 0, 0
75000, 2882, 0, 0, 0
76000, 2560, 0, 0, 0
77000, 3008, 0, 0, 0
78000, 3203, 0, 0, 0
79000, 4032, 0, 0, 0
80000, 3136, 0, 0, 0
81000, 3200, 0, 0, 0
82000, 4100, 0, 0, 0
83000, 3072, 0, 0, 0
84000, 4480, 0, 0, 0
85001, 3584, 0, 0, 0
86000, 4100, 0, 0, 0
87000, 2560, 0, 0, 0
88000, 3136, 0, 0, 0
89000, 3843, 0, 0, 0
90000, 1728, 0, 0, 0
91000, 3968, 0, 0, 0
92000, 5312, 0, 0, 0
93000, 2754, 0, 0, 0
94000, 2880, 0, 0, 0
95000, 3520, 0, 0, 0
96000, 3648, 0, 0, 0
97000, 3651, 0, 0, 0
98000, 3008, 0, 0, 0
99000, 2624, 0, 0, 0
100000, 3072, 0, 0, 0
101000, 2882, 0, 0, 0
102000, 2880, 0, 0, 0
103000, 3264, 0, 0, 0
104000, 2880, 0, 0, 0
105000, 3907, 0, 0, 0
106000, 3712, 0, 0, 0
107000, 2624, 0, 0, 0
108000, 3136, 0, 0, 0
109000, 3971, 0, 0, 0
110000, 3328, 0, 0, 0
111000, 3200, 0, 0, 0
112000, 2432, 0, 0, 0
113000, 3267, 0, 0, 0
114000, 2432, 0, 0, 0
115000, 2176, 0, 0, 0
116000, 3136, 0, 0, 0
117000, 3907, 0, 0, 0
118000, 3200, 0, 0, 0
119000, 3136, 0, 0, 0
120001, 3328, 0, 0, 0
121000, 3651, 0, 0, 0
122000, 4224, 0, 0, 0
123000, 2688, 0, 0, 0
124000, 3587, 0, 0, 0
125000, 2816, 0, 0, 0
126000, 3136, 0, 0, 0
127000, 2880, 0, 0, 0
128001, 3008, 0, 0, 0
129000, 3459, 0, 0, 0
130000, 3072, 0, 0, 0
131000, 2624, 0, 0, 0
132001, 3264, 0, 0, 0
133000, 3139, 0, 0, 0
134000, 5184, 0, 0, 0
135000, 1920, 0, 0, 0
136001, 3840, 0, 0, 0
137000, 2882, 0, 0, 0
138000, 3904, 0, 0, 0
139000, 1856, 0, 0, 0
140000, 3200, 0, 0, 0
141000, 2882, 0, 0, 0
142000, 3392, 0, 0, 0
143000, 2432, 0, 0, 0
144001, 3968, 0, 0, 0
145000, 1601, 0, 0, 0
146000, 1344, 0, 0, 0
147000, 1536, 0, 0, 0
148001, 5888, 0, 0, 0
149000, 3395, 0, 0, 0
150000, 3264, 0, 0, 0
151000, 3456, 0, 0, 0
152001, 2688, 0, 0, 0
153000, 2754, 0, 0, 0
154000, 3776, 0, 0, 0
155000, 2560, 0, 0, 0
156000, 3776, 0, 0, 0
157000, 2178, 0, 0, 0
158000, 3072, 0, 0, 0
159000, 3712, 0, 0, 0
160001, 4160, 0, 0, 0
161000, 4868, 0, 0, 0
162000, 3840, 0, 0, 0
163000, 3456, 0, 0, 0
164000, 2754, 0, 0, 0
165000, 2752, 0, 0, 0
166000, 3776, 0, 0, 0
167000, 3008, 0, 0, 0
168000, 4868, 0, 0, 0
169000, 2048, 0, 0, 0
170000, 1920, 0, 0, 0
171000, 4608, 0, 0, 0
172000, 3011, 0, 0, 0
173000, 3328, 0, 0, 0
174000, 2624, 0, 0, 0
175000, 2816, 0, 0, 0
176000, 4036, 0, 0, 0
177000, 3264, 0, 0, 0
178000, 3072, 0, 0, 0
179001, 2240, 0, 0, 0
180000, 2562, 0, 0, 0
