3000, 64, 0, 0, 0
4000, 3712, 0, 0, 0
5000, 3840, 0, 0, 0
6000, 2626, 0, 0, 0
7000, 2816, 0, 0, 0
8000, 2944, 0, 0, 0
9000, 4544, 0, 0, 0
10001, 3136, 0, 0, 0
11000, 2434, 0, 0, 0
12000, 3904, 0, 0, 0
13000, 4288, 0, 0, 0
14000, 4164, 0, 0, 0
15000, 3264, 0, 0, 0
16000, 3456, 0, 0, 0
17000, 2688, 0, 0, 0
18000, 3139, 0, 0, 0
19000, 3968, 0, 0, 0
20000, 1472, 0, 0, 0
21001, 1024, 0, 0, 0
22000, 1729, 0, 0, 0
23000, 3712, 0, 0, 0
24000, 2816, 0, 0, 0
25001, 2816, 0, 0, 0
26000, 1793, 0, 0, 0
27000, 2752, 0, 0, 0
28000, 4352, 0, 0, 0
29001, 3328, 0, 0, 0
30000, 3651, 0, 0, 0
31000, 3648, 0, 0, 0
32000, 2560, 0, 0, 0
33001, 3392, 0, 0, 0
34000, 3523, 0, 0, 0
35000, 2112, 0, 0, 0
36000, 2048, 0, 0, 0
37000, 2816, 0, 0, 0
38000, 2626, 0, 0, 0
39000, 3264, 0, 0, 0
40000, 3200, 0, 0, 0
41000, 4288, 0, 0, 0
42000, 4420, 0, 0, 0
43000, 3904, 0, 0, 0
44000, 3136, 0, 0, 0
45000, 3264, 0, 0, 0
46000, 1921, 0, 0, 0
47000, 3200, 0, 0, 0
48000, 3200, 0, 0, 0
49000, 3520, 0, 0, 0
50001, 2688, 0, 0, 0
51000, 2882, 0, 0, 0
52000, 3136, 0, 0, 0
53000, 1984, 0, 0, 0
54001, 2624, 0, 0, 0
55000, 2434, 0, 0, 0
56000, 2944, 0, 0, 0
57000, 2432, 0, 0, 0
58001, 3904, 0, 0, 0
59000, 3139, 0, 0, 0
60000, 4672, 0, 0, 0
61000, 3520, 0, 0, 0
62000, 3203, 0, 0, 0
63000, 3392, 0, 0, 0
64000, 3712, 0, 0, 0
65000, 3456, 0, 0, 0
66000, 4036, 0, 0, 0
67000, 3392, 0, 0, 0
68000, 1792, 0, 0, 0
69000, 2112, 0, 0, 0
70000, 3715, 0, 0, 0
71000, 2944, 0, 0, 0
72000, 3136, 0, 0, 0
73000, 3136, 0, 0, 0
74001, 2240, 0, 0, 0
75000, 2690, 0, 0, 0
76000, 3776, 0, 0, 0
77000, 2304, 0, 0, 0
78000, 3203, 0, 0, 0
79000, 3200, 0, 0, 0
80000, 4352, 0, 0, 0
81000, 2880, 0, 0, 0
82000, 4164, 0, 0, 0
83000, 3136, 0, 0, 0
84000, 2432, 0, 0, 0
85001, 3072, 0, 0, 0
86000, 3011, 0, 0, 0
87000, 3328, 0, 0, 0
88000, 3328, 0, 0, 0
89000, 3331, 0, 0, 0
90000, 3136, 0, 0, 0
91000, 3392, 0, 0, 0
92000, 2496, 0, 0, 0
93000, 4868, 0, 0, 0
94000, 3648, 0, 0, 0
95000, 3072, 0, 0, 0
96000, 3072, 0, 0, 0
97000, 3843, 0, 0, 0
98000, 2944, 0, 0, 0
99000, 2880, 0, 0, 0
100000, 2496, 0, 0, 0
101000, 3203, 0, 0, 0
102000, 3328, 0, 0, 0
103000, 3200, 0, 0, 0
104000, 3200, 0, 0, 0
105000, 2114, 0, 0, 0
106000, 4096, 0, 0, 0
107000, 3136, 0, 0, 0
108000, 1984, 0, 0, 0
109000, 4036, 0, 0, 0
110000, 3264, 0, 0, 0
111000, 3776, 0, 0, 0
112000, 3776, 0, 0, 0
113000, 3139, 0, 0, 0
114000, 2880, 0, 0, 0
115000, 2048, 0, 0, 0
116000, 2816, 0, 0, 0
117000, 4164, 0, 0, 0
118000, 3200, 0, 0, 0
119000, 3008, 0, 0, 0
120001, 3648, 0, 0, 0
121000, 2562, 0, 0, 0
122000, 4096, 0, 0, 0
123000, 3520, 0, 0, 0
124000, 3715, 0, 0, 0
125000, 3968, 0, 0, 0
126000, 3200, 0, 0, 0
127000, 1664, 0, 0, 0
128001, 2816, 0, 0, 0
129000, 2498, 0, 0, 0
130000, 4480, 0, 0, 0
131000, 2432, 0, 0, 0
132001, 3456, 0, 0, 0
133000, 2946, 0, 0, 0
134000, 5120, 0, 0, 0
135000, 2624, 0, 0, 0
136001, 2816, 0, 0, 0
137000, 2946, 0, 0, 0
138000, 2240, 0, 0, 0
139000, 3968, 0, 0, 0
140000, 3264, 0, 0, 0
141000, 3971, 0, 0, 0
142000, 3456, 0, 0, 0
143000, 2496, 0, 0, 0
144001, 3776, 0, 0, 0
145000, 3459, 0, 0, 0
146000, 2432, 0, 0, 0
147000, 2304, 0, 0, 0
148001, 3840, 0, 0, 0
149000, 2370, 0, 0, 0
150000, 3584, 0, 0, 0
151000, 3136, 0, 0, 0
152001, 2944, 0, 0, 0
153000, 3971, 0, 0, 0
154000, 3136, 0, 0, 0
155000, 3584, 0, 0, 0
156001, 3200, 0, 0, 0
157000, 2626, 0, 0, 0
158000, 4864, 0, 0, 0
159000, 3392, 0, 0, 0
160001, 5824, 0, 0, 0
161000, 4676, 0, 0, 0
162000, 2816, 0, 0, 0
163000, 3200, 0, 0, 0
164000, 4804, 0, 0, 0
165000, 2880, 0, 0, 0
166000, 3264, 0, 0, 0
167000, 3456, 0, 0, 0
168000, 3331, 0, 0, 0
169000, 3200, 0, 0, 0
170000, 2880, 0, 0, 0
171000, 1664, 0, 0, 0
172000, 3203, 0, 0, 0
173000, 2496, 0, 0, 0
174000, 2752, 0, 0, 0
175000, 2944, 0, 0, 0
176000, 2882, 0, 0, 0
177000, 4352, 0, 0, 0
178000, 3200, 0, 0, 0
179001, 3008, 0, 0, 0
180000, 3651, 0, 0, 0
