3000, 3971, 0, 0, 0
4000, 2688, 0, 0, 0
5001, 1280, 0, 0, 0
6000, 2306, 0, 0, 0
7000, 2880, 0, 0, 0
8000, 3456, 0, 0, 0
9001, 2304, 0, 0, 0
10001, 2816, 0, 0, 0
11000, 3715, 0, 0, 0
12000, 3712, 0, 0, 0
13001, 3520, 0, 0, 0
14000, 2754, 0, 0, 0
15000, 2880, 0, 0, 0
16000, 2688, 0, 0, 0
17001, 3712, 0, 0, 0
18000, 3843, 0, 0, 0
19000, 3840, 0, 0, 0
20000, 4864, 0, 0, 0
21001, 2816, 0, 0, 0
22000, 3459, 0, 0, 0
23000, 2368, 0, 0, 0
24000, 2624, 0, 0, 0
25001, 4800, 0, 0, 0
26000, 3011, 0, 0, 0
27000, 3328, 0, 0, 0
28000, 2752, 0, 0, 0
29001, 3840, 0, 0, 0
30000, 4228, 0, 0, 0
31000, 3136, 0, 0, 0
32000, 3712, 0, 0, 0
33001, 3456, 0, 0, 0
34000, 2626, 0, 0, 0
35000, 3136, 0, 0, 0
36000, 1728, 0, 0, 0
37001, 2688, 0, 0, 0
38000, 2050, 0, 0, 0
39000, 3584, 0, 0, 0
40000, 3584, 0, 0, 0
41001, 3392, 0, 0, 0
42000, 3011, 0, 0, 0
43000, 3136, 0, 0, 0
44000, 3008, 0, 0, 0
45001, 3968, 0, 0, 0
46000, 3011, 0, 0, 0
47000, 3712, 0, 0, 0
48000, 3584, 0, 0, 0
49000, 3584, 0, 0, 0
50001, 4352, 0, 0, 0
51000, 3907, 0, 0, 0
52000, 2752, 0, 0, 0
53000, 2432, 0, 0, 0
54001, 3136, 0, 0, 0
55000, 4100, 0, 0, 0
56000, 3520, 0, 0, 0
57000, 3520, 0, 0, 0
58001, 3840, 0, 0, 0
59000, 3715, 0, 0, 0
60000, 2496, 0, 0, 0
61001, 1472, 0, 0, 0
62000, 3139, 0, 0, 0
63000, 3200, 0, 0, 0
64000, 3200, 0, 0, 0
65001, 2560, 0, 0, 0
66000, 3971, 0, 0, 0
67000, 3136, 0, 0, 0
68000, 5504, 0, 0, 0
69001, 3072, 0, 0, 0
70000, 2754, 0, 0, 0
71000, 2688, 0, 0, 0
72000, 3136, 0, 0, 0
73001, 4480, 0, 0, 0
74001, 3584, 0, 0, 0
75000, 2882, 0, 0, 0
76000, 3648, 0, 0, 0
77001, 4160, 0, 0, 0
78000, 6214, 0, 0, 0
79000, 3520, 0, 0, 0
80000, 2240, 0, 0, 0
81001, 2624, 0, 0, 0
82000, 3523, 0, 0, 0
83000, 3456, 0, 0, 0
84000, 3840, 0, 0, 0
85001, 2432, 0, 0, 0
86000, 2946, 0, 0, 0
87000, 3904, 0, 0, 0
88001, 3328, 0, 0, 0
89000, 3843, 0, 0, 0
90000, 3520, 0, 0, 0
91000, 3008, 0, 0, 0
92001, 960, 0, 0, 0
93000, 4676, 0, 0, 0
94000, 3840, 0, 0, 0
95000, 3840, 0, 0, 0
96001, 3968, 0, 0, 0
97000, 3075, 0, 0, 0
98000, 3648, 0, 0, 0
99000, 4096, 0, 0, 0
100001, 3328, 0, 0, 0
101000, 2626, 0, 0, 0
102000, 3520, 0, 0, 0
103000, 2432, 0, 0, 0
104001, 3904, 0, 0, 0
105000, 1985, 0, 0, 0
106000, 3264, 0, 0, 0
107000, 3328, 0, 0, 0
108001, 3904, 0, 0, 0
109000, 3779, 0, 0, 0
110000, 3968, 0, 0, 0
111000, 3904, 0, 0, 0
112001, 2816, 0, 0, 0
113000, 3011, 0, 0, 0
114000, 3264, 0, 0, 0
115000, 4160, 0, 0, 0
116001, 2880, 0, 0, 0
117000, 4356, 0, 0, 0
118000, 2816, 0, 0, 0
119000, 3008, 0, 0, 0
120001, 3200, 0, 0, 0
121000, 3075, 0, 0, 0
122000, 3200, 0, 0, 0
123001, 3328, 0, 0, 0
124000, 3843, 0, 0, 0
125000, 1664, 0, 0, 0
126000, 2944, 0, 0, 0
127000, 3200, 0, 0, 0
128001, 2496, 0, 0, 0
129000, 2882, 0, 0, 0
130000, 3520, 0, 0, 0
131001, 3200, 0, 0, 0
132001, 3328, 0, 0, 0
133000, 4100, 0, 0, 0
134000, 3072, 0, 0, 0
135000, 2176, 0, 0, 0
136001, 1984, 0, 0, 0
137000, 2178, 0, 0, 0
138000, 3840, 0, 0, 0
139000, 3392, 0, 0, 0
140001, 2816, 0, 0, 0
141000, 3779, 0, 0, 0
142000, 3392, 0, 0, 0
143001, 3200, 0, 0, 0
144001, 3264, 0, 0, 0
145000, 2114, 0, 0, 0
146000, 3200, 0, 0, 0
147000, 3584, 0, 0, 0
148001, 2624, 0, 0, 0
149000, 2882, 0, 0, 0
150000, 3584, 0, 0, 0
151000, 3584, 0, 0, 0
152001, 2880, 0, 0, 0
153000, 3459, 0, 0, 0
154000, 3200, 0, 0, 0
155000, 2048, 0, 0, 0
156001, 2816, 0, 0, 0
157000, 960, 0, 0, 0
158000, 2496, 0, 0, 0
159000, 3968, 0, 0, 0
160001, 2048, 0, 0, 0
161000, 4676, 0, 0, 0
162000, 3840, 0, 0, 0
163001, 2624, 0, 0, 0
164000, 2690, 0, 0, 0
165000, 3968, 0, 0, 0
166000, 2944, 0, 0, 0
167001, 3008, 0, 0, 0
168000, 3011, 0, 0, 0
169000, 3904, 0, 0, 0
170000, 2112, 0, 0, 0
171001, 2432, 0, 0, 0
172000, 3715, 0, 0, 0
173000, 3136, 0, 0, 0
174000, 2752, 0, 0, 0
175001, 3456, 0, 0, 0
176000, 3523, 0, 0, 0
177000, 3648, 0, 0, 0
178000, 3456, 0, 0, 0
179001, 4032, 0, 0, 0
180000, 3139, 0, 0, 0
