4000, 3136, 0, 0, 0
5000, 2304, 0, 0, 0
6000, 2690, 0, 0, 0
7000, 3712, 0, 0, 0
8000, 2496, 0, 0, 0
9000, 3072, 0, 0, 0
10001, 3392, 0, 0, 0
11000, 3203, 0, 0, 0
12000, 2432, 0, 0, 0
13000, 3328, 0, 0, 0
14000, 4228, 0, 0, 0
15000, 2432, 0, 0, 0
16000, 4608, 0, 0, 0
17001, 2688, 0, 0, 0
18000, 2498, 0, 0, 0
19000, 4096, 0, 0, 0
20000, 2112, 0, 0, 0
21001, 3328, 0, 0, 0
22000, 3011, 0, 0, 0
23000, 5376, 0, 0, 0
24000, 2816, 0, 0, 0
25001, 768, 0, 0, 0
26000, 2946, 0, 0, 0
27000, 2368, 0, 0, 0
28000, 2560, 0, 0, 0
29001, 3264, 0, 0, 0
30000, 3267, 0, 0, 0
31000, 3328, 0, 0, 0
32000, 2560, 0, 0, 0
33001, 3136, 0, 0, 0
34000, 3267, 0, 0, 0
35000, 3968, 0, 0, 0
36000, 3136, 0, 0, 0
37001, 3136, 0, 0, 0
38000, 3523, 0, 0, 0
39000, 3264, 0, 0, 0
40000, 3008, 0, 0, 0
41000, 3072, 0, 0, 0
42000, 2818, 0, 0, 0
43000, 1856, 0, 0, 0
44000, 4608, 0, 0, 0
45000, 3328, 0, 0, 0
46000, 3843, 0, 0, 0
47000, 2496, 0, 0, 0
48000, 3328, 0, 0, 0
49000, 1536, 0, 0, 0
50001, 2944, 0, 0, 0
51000, 3907, 0, 0, 0
52000, 2816, 0, 0, 0
53000, 2752, 0, 0, 0
54001, 3584, 0, 0, 0
55000, 3843, 0, 0, 0
56000, 3584, 0, 0, 0
57000, 3776, 0, 0, 0
58001, 2304, 0, 0, 0
59000, 3331, 0, 0, 0
60000, 3200, 0, 0, 0
61000, 2176, 0, 0, 0
62000, 1601, 0, 0, 0
63000, 3392, 0, 0, 0
64000, 3456, 0, 0, 0
65000, 3776, 0, 0, 0
66000, 3715, 0, 0, 0
67000, 2944, 0, 0, 0
68000, 3520, 0, 0, 0
69000, 3584, 0, 0, 0
70000, 3075, 0, 0, 0
71000, 3968, 0, 0, 0
72000, 3456, 0, 0, 0
73000, 2368, 0, 0, 0
74001, 3264, 0, 0, 0
75000, 3715, 0, 0, 0
76000, 3072, 0, 0, 0
77000, 3392, 0, 0, 0
78000, 1601, 0, 0, 0
79000, 1472, 0, 0, 0
80000, 3072, 0, 0, 0
81000, 3328, 0, 0, 0
82000, 3203, 0, 0, 0
83000, 2496, 0, 0, 0
84000, 2752, 0, 0, 0
85001, 3008, 0, 0, 0
86000, 3267, 0, 0, 0
87000, 2880, 0, 0, 0
88000, 3328, 0, 0, 0
89000, 3907, 0, 0, 0
90000, 2496, 0, 0, 0
91000, 3072, 0, 0, 0
92000, 3264, 0, 0, 0
93000, 2690, 0, 0, 0
94000, 3008, 0, 0, 0
95000, 3520, 0, 0, 0
96000, 3968, 0, 0, 0
97000, 3139, 0, 0, 0
98000, 2816, 0, 0, 0
99000, 3648, 0, 0, 0
100000, 3200, 0, 0, 0
101000, 2754, 0, 0, 0
102000, 2624, 0, 0, 0
103000, 4160, 0, 0, 0
104000, 3648, 0, 0, 0
105000, 3011, 0, 0, 0
106000, 3072, 0, 0, 0
107000, 3264, 0, 0, 0
108000, 3456, 0, 0, 0
109000, 3331, 0, 0, 0
110000, 2816, 0, 0, 0
111000, 3968, 0, 0, 0
112001, 4480, 0, 0, 0
113000, 2882, 0, 0, 0
114000, 2688, 0, 0, 0
115000, 3008, 0, 0, 0
116000, 2944, 0, 0, 0
117000, 3011, 0, 0, 0
118000, 2752, 0, 0, 0
119000, 2560, 0, 0, 0
120001, 2944, 0, 0, 0
121000, 4228, 0, 0, 0
122000, 2880, 0, 0, 0
123000, 2880, 0, 0, 0
124000, 3267, 0, 0, 0
125000, 3136, 0, 0, 0
126000, 1728, 0, 0, 0
127000, 1728, 0, 0, 0
128001, 2304, 0, 0, 0
129000, 3459, 0, 0, 0
130000, 2880, 0, 0, 0
131000, 3200, 0, 0, 0
132001, 2944, 0, 0, 0
133000, 2498, 0, 0, 0
134000, 3200, 0, 0, 0
135000, 3264, 0, 0, 0
136001, 2688, 0, 0, 0
137000, 3139, 0, 0, 0
138000, 3776, 0, 0, 0
139000, 3136, 0, 0, 0
140001, 2560, 0, 0, 0
141000, 3203, 0, 0, 0
142000, 3008, 0, 0, 0
143000, 2304, 0, 0, 0
144001, 3712, 0, 0, 0
145000, 3843, 0, 0, 0
146000, 4096, 0, 0, 0
147000, 1984, 0, 0, 0
148001, 3648, 0, 0, 0
149000, 2178, 0, 0, 0
150000, 3904, 0, 0, 0
151000, 3136, 0, 0, 0
152001, 2816, 0, 0, 0
153000, 3651, 0, 0, 0
154000, 2944, 0, 0, 0
155000, 3840, 0, 0, 0
156001, 4160, 0, 0, 0
157000, 1921, 0, 0, 0
158000, 5056, 0, 0, 0
159000, 1344, 0, 0, 0
160001, 2496, 0, 0, 0
161000, 3395, 0, 0, 0
162000, 2688, 0, 0, 0
163000, 3712, 0, 0, 0
164000, 2818, 0, 0, 0
165000, 3968, 0, 0, 0
166000, 2368, 0, 0, 0
167001, 3584, 0, 0, 0
168000, 4356, 0, 0, 0
169000, 3456, 0, 0, 0
170000, 1472, 0, 0, 0
171001, 2624, 0, 0, 0
172000, 3011, 0, 0, 0
173000, 2880, 0, 0, 0
174000, 3264, 0, 0, 0
175000, 3776, 0, 0, 0
176000, 3075, 0, 0, 0
177000, 3840, 0, 0, 0
178000, 2880, 0, 0, 0
179001, 2880, 0, 0, 0
180000, 3011, 0, 0, 0
