4000, 1344, 0, 0, 0
5000, 1920, 0, 0, 0
6000, 2050, 0, 0, 0
7000, 2048, 0, 0, 0
8000, 1536, 0, 0, 0
9000, 2880, 0, 0, 0
10001, 2112, 0, 0, 0
11000, 2434, 0, 0, 0
12000, 3072, 0, 0, 0
13000, 2560, 0, 0, 0
14000, 1089, 0, 0, 0
15000, 1344, 0, 0, 0
16000, 2176, 0, 0, 0
17000, 2176, 0, 0, 0
18000, 2242, 0, 0, 0
19000, 2816, 0, 0, 0
20000, 3392, 0, 0, 0
21000, 3648, 0, 0, 0
22000, 1409, 0, 0, 0
23000, 3456, 0, 0, 0
24000, 2624, 0, 0, 0
25000, 2176, 0, 0, 0
26000, 1665, 0, 0, 0
27000, 2560, 0, 0, 0
28000, 2432, 0, 0, 0
29000, 2048, 0, 0, 0
30000, 2434, 0, 0, 0
31000, 1728, 0, 0, 0
32000, 2048, 0, 0, 0
33000, 3200, 0, 0, 0
34000, 2562, 0, 0, 0
35000, 2048, 0, 0, 0
36000, 2688, 0, 0, 0
37000, 1600, 0, 0, 0
38000, 2242, 0, 0, 0
39000, 2048, 0, 0, 0
40000, 2432, 0, 0, 0
41000, 2176, 0, 0, 0
42000, 3011, 0, 0, 0
43000, 2752, 0, 0, 0
44000, 2368, 0, 0, 0
45000, 2304, 0, 0, 0
46000, 2626, 0, 0, 0
47000, 4096, 0, 0, 0
48000, 2112, 0, 0, 0
49000, 2240, 0, 0, 0
50000, 2624, 0, 0, 0
51000, 1665, 0, 0, 0
52000, 2176, 0, 0, 0
53000, 1984, 0, 0, 0
54000, 1920, 0, 0, 0
55000, 2562, 0, 0, 0
56000, 2496, 0, 0, 0
57000, 1344, 0, 0, 0
58000, 2560, 0, 0, 0
59000, 3011, 0, 0, 0
60000, 2880, 0, 0, 0
61000, 2432, 0, 0, 0
62000, 2178, 0, 0, 0
63000, 2240, 0, 0, 0
64000, 3520, 0, 0, 0
65000, 2496, 0, 0, 0
66000, 2434, 0, 0, 0
67000, 3200, 0, 0, 0
68000, 1344, 0, 0, 0
69000, 2432, 0, 0, 0
70000, 2626, 0, 0, 0
71000, 2496, 0, 0, 0
72000, 3008, 0, 0, 0
73000, 1984, 0, 0, 0
74001, 3136, 0, 0, 0
75000, 1921, 0, 0, 0
76000, 2624, 0, 0, 0
77000, 2624, 0, 0, 0
78000, 1793, 0, 0, 0
79000, 1600, 0, 0, 0
80000, 2944, 0, 0, 0
81000, 1472, 0, 0, 0
82000, 2306, 0, 0, 0
83000, 2368, 0, 0, 0
84000, 2112, 0, 0, 0
85001, 2752, 0, 0, 0
86000, 2114, 0, 0, 0
87000, 1856, 0, 0, 0
88000, 2048, 0, 0, 0
89000, 3139, 0, 0, 0
90000, 1792, 0, 0, 0
91000, 2048, 0, 0, 0
92000, 1088, 0, 0, 0
93000, 2434, 0, 0, 0
94000, 2496, 0, 0, 0
95000, 2176, 0, 0, 0
96000, 1536, 0, 0, 0
97000, 3267, 0, 0, 0
98000, 2624, 0, 0, 0
99000, 2688, 0, 0, 0
100000, 3520, 0, 0, 0
101000, 2050, 0, 0, 0
102000, 2560, 0, 0, 0
103000, 1664, 0, 0, 0
104000, 1472, 0, 0, 0
105000, 2498, 0, 0, 0
106000, 2240, 0, 0, 0
107000, 2112, 0, 0, 0
108000, 3072, 0, 0, 0
109000, 2626, 0, 0, 0
110000, 3456, 0, 0, 0
111000, 960, 0, 0, 0
112000, 1984, 0, 0, 0
113000, 3459, 0, 0, 0
114000, 2368, 0, 0, 0
115000, 1984, 0, 0, 0
116000, 2112, 0, 0, 0
117000, 2498, 0, 0, 0
118000, 2496, 0, 0, 0
119000, 1920, 0, 0, 0
120000, 1216, 0, 0, 0
121000, 2882, 0, 0, 0
122000, 2048, 0, 0, 0
123000, 3264, 0, 0, 0
124000, 2306, 0, 0, 0
125000, 1984, 0, 0, 0
126000, 960, 0, 0, 0
127000, 2624, 0, 0, 0
128001, 2816, 0, 0, 0
129000, 2370, 0, 0, 0
130000, 2112, 0, 0, 0
131000, 1536, 0, 0, 0
132001, 3008, 0, 0, 0
133000, 1665, 0, 0, 0
134000, 1152, 0, 0, 0
135000, 2688, 0, 0, 0
136000, 2624, 0, 0, 0
137000, 2114, 0, 0, 0
138000, 2816, 0, 0, 0
139000, 1088, 0, 0, 0
140000, 2240, 0, 0, 0
141000, 2178, 0, 0, 0
142000, 2944, 0, 0, 0
143000, 3072, 0, 0, 0
144001, 3328, 0, 0, 0
145000, 1857, 0, 0, 0
146000, 2816, 0, 0, 0
147000, 3392, 0, 0, 0
148000, 2560, 0, 0, 0
149000, 2690, 0, 0, 0
150000, 1856, 0, 0, 0
151000, 3328, 0, 0, 0
152000, 2688, 0, 0, 0
153000, 2370, 0, 0, 0
154000, 2048, 0, 0, 0
155000, 1856, 0, 0, 0
156000, 2432, 0, 0, 0
157000, 4100, 0, 0, 0
158000, 2624, 0, 0, 0
159000, 2752, 0, 0, 0
160001, 2496, 0, 0, 0
161000, 2882, 0, 0, 0
162000, 1792, 0, 0, 0
163000, 1728, 0, 0, 0
164000, 2882, 0, 0, 0
165000, 2432, 0, 0, 0
166000, 1984, 0, 0, 0
167000, 1664, 0, 0, 0
168000, 2562, 0, 0, 0
169000, 3072, 0, 0, 0
170000, 3904, 0, 0, 0
171000, 1280, 0, 0, 0
172000, 1665, 0, 0, 0
173000, 1984, 0, 0, 0
174000, 2176, 0, 0, 0
175000, 1216, 0, 0, 0
176000, 2946, 0, 0, 0
177000, 2560, 0, 0, 0
178000, 2240, 0, 0, 0
179001, 2560, 0, 0, 0
180000, 2306, 0, 0, 0
