4000, 4096, 0, 0, 0
5000, 3904, 0, 0, 0
6000, 3907, 0, 0, 0
7000, 3008, 0, 0, 0
8000, 2496, 0, 0, 0
9000, 4736, 0, 0, 0
10001, 2688, 0, 0, 0
11000, 2690, 0, 0, 0
12000, 3712, 0, 0, 0
13000, 3072, 0, 0, 0
14000, 3267, 0, 0, 0
15000, 2496, 0, 0, 0
16000, 2880, 0, 0, 0
17001, 2880, 0, 0, 0
18000, 3203, 0, 0, 0
19000, 3840, 0, 0, 0
20000, 3136, 0, 0, 0
21001, 4160, 0, 0, 0
22000, 2690, 0, 0, 0
23000, 2944, 0, 0, 0
24000, 1536, 0, 0, 0
25001, 2176, 0, 0, 0
26000, 2882, 0, 0, 0
27000, 1920, 0, 0, 0
28000, 3648, 0, 0, 0
29001, 3456, 0, 0, 0
30000, 2114, 0, 0, 0
31000, 1920, 0, 0, 0
32000, 3136, 0, 0, 0
33001, 3392, 0, 0, 0
34000, 3331, 0, 0, 0
35000, 3008, 0, 0, 0
36000, 2816, 0, 0, 0
37000, 3264, 0, 0, 0
38000, 3267, 0, 0, 0
39000, 3200, 0, 0, 0
40000, 3200, 0, 0, 0
41000, 3520, 0, 0, 0
42000, 2818, 0, 0, 0
43000, 3392, 0, 0, 0
44000, 3712, 0, 0, 0
45000, 3584, 0, 0, 0
46000, 2306, 0, 0, 0
47000, 3200, 0, 0, 0
48000, 3904, 0, 0, 0
49000, 2112, 0, 0, 0
50001, 3584, 0, 0, 0
51000, 5765, 0, 0, 0
52000, 4480, 0, 0, 0
53000, 3712, 0, 0, 0
54001, 3264, 0, 0, 0
55000, 2242, 0, 0, 0
56000, 3264, 0, 0, 0
57000, 3008, 0, 0, 0
58001, 2752, 0, 0, 0
59000, 3011, 0, 0, 0
60000, 3008, 0, 0, 0
61000, 4352, 0, 0, 0
62000, 3843, 0, 0, 0
63000, 2944, 0, 0, 0
64000, 3264, 0, 0, 0
65000, 2560, 0, 0, 0
66000, 3907, 0, 0, 0
67000, 2880, 0, 0, 0
68000, 2752, 0, 0, 0
69000, 3456, 0, 0, 0
70000, 2562, 0, 0, 0
71000, 2560, 0, 0, 0
72000, 2240, 0, 0, 0
73000, 3648, 0, 0, 0
74001, 3008, 0, 0, 0
75000, 2818, 0, 0, 0
76000, 3200, 0, 0, 0
77000, 2624, 0, 0, 0
78000, 3587, 0, 0, 0
79000, 2752, 0, 0, 0
80000, 2944, 0, 0, 0
81000, 3776, 0, 0, 0
82000, 2818, 0, 0, 0
83000, 3008, 0, 0, 0
84000, 3840, 0, 0, 0
85001, 3328, 0, 0, 0
86000, 2882, 0, 0, 0
87000, 3264, 0, 0, 0
88000, 3520, 0, 0, 0
89000, 3203, 0, 0, 0
90000, 3008, 0, 0, 0
91000, 1792, 0, 0, 0
92000, 1536, 0, 0, 0
93000, 2434, 0, 0, 0
94000, 3776, 0, 0, 0
95000, 3584, 0, 0, 0
96000, 2880, 0, 0, 0
97000, 3011, 0, 0, 0
98000, 2304, 0, 0, 0
99000, 3904, 0, 0, 0
100000, 3072, 0, 0, 0
101000, 3715, 0, 0, 0
102000, 4160, 0, 0, 0
103000, 4096, 0, 0, 0
104000, 3648, 0, 0, 0
105000, 3843, 0, 0, 0
106000, 3648, 0, 0, 0
107000, 2944, 0, 0, 0
108000, 2048, 0, 0, 0
109000, 3267, 0, 0, 0
110000, 3456, 0, 0, 0
111000, 2432, 0, 0, 0
112001, 2880, 0, 0, 0
113000, 3075, 0, 0, 0
114000, 3520, 0, 0, 0
115000, 2368, 0, 0, 0
116000, 3840, 0, 0, 0
117000, 2498, 0, 0, 0
118000, 3584, 0, 0, 0
119000, 2624, 0, 0, 0
120001, 3392, 0, 0, 0
121000, 3395, 0, 0, 0
122000, 1920, 0, 0, 0
123000, 2560, 0, 0, 0
124000, 3331, 0, 0, 0
125000, 2240, 0, 0, 0
126000, 3648, 0, 0, 0
127000, 4992, 0, 0, 0
128001, 3072, 0, 0, 0
129000, 2434, 0, 0, 0
130000, 3200, 0, 0, 0
131000, 4352, 0, 0, 0
132001, 3136, 0, 0, 0
133000, 2754, 0, 0, 0
134000, 3520, 0, 0, 0
135000, 4032, 0, 0, 0
136001, 3968, 0, 0, 0
137000, 2434, 0, 0, 0
138000, 2432, 0, 0, 0
139000, 4544, 0, 0, 0
140001, 3136, 0, 0, 0
141000, 3651, 0, 0, 0
142000, 3584, 0, 0, 0
143000, 3328, 0, 0, 0
144001, 2752, 0, 0, 0
145000, 3011, 0, 0, 0
146000, 2752, 0, 0, 0
147000, 1856, 0, 0, 0
148001, 1984, 0, 0, 0
149000, 3203, 0, 0, 0
150000, 1536, 0, 0, 0
151000, 3008, 0, 0, 0
152001, 3776, 0, 0, 0
153000, 3267, 0, 0, 0
154000, 3904, 0, 0, 0
155000, 3392, 0, 0, 0
156001, 3264, 0, 0, 0
157000, 1153, 0, 0, 0
158000, 2624, 0, 0, 0
159000, 1472, 0, 0, 0
160001, 3072, 0, 0, 0
161000, 1729, 0, 0, 0
162000, 3584, 0, 0, 0
163000, 4160, 0, 0, 0
164000, 2690, 0, 0, 0
165000, 3136, 0, 0, 0
166000, 2816, 0, 0, 0
167001, 2624, 0, 0, 0
168000, 3587, 0, 0, 0
169000, 1536, 0, 0, 0
170000, 3328, 0, 0, 0
171000, 3648, 0, 0, 0
172000, 3907, 0, 0, 0
173000, 3968, 0, 0, 0
174000, 3200, 0, 0, 0
175000, 2688, 0, 0, 0
176000, 3139, 0, 0, 0
177000, 3584, 0, 0, 0
178000, 3840, 0, 0, 0
179001, 3200, 0, 0, 0
180000, 3907, 0, 0, 0
