1000, 15872, 1, 0, 0
1999, 50482, 1, 0, 0
2998, 44076, 1, 0, 0
3997, 46894, 1, 0, 0
4997, 47151, 1, 0, 0
5996, 60732, 1, 0, 0
6998, 43476, 1, 0, 0
7999, 49102, 1, 0, 0
9000, 52171, 1, 0, 0
10001, 52480, 1, 0, 0
11002, 53248, 1, 0, 0
12003, 49920, 1, 0, 0
13004, 41984, 1, 0, 0
14004, 42752, 1, 0, 0
15005, 53248, 1, 0, 0
16006, 60160, 1, 0, 0
17007, 46592, 1, 0, 0
18008, 51200, 1, 0, 0
19009, 50176, 1, 0, 0
20010, 56320, 1, 0, 0
21010, 43776, 1, 0, 0
22011, 50432, 1, 0, 0
23012, 60416, 1, 0, 0
24013, 50432, 1, 0, 0
25013, 46592, 1, 0, 0
26014, 50944, 1, 0, 0
27015, 46848, 1, 0, 0
28015, 55296, 1, 0, 0
29016, 60416, 1, 0, 0
30017, 52736, 1, 0, 0
31018, 57600, 1, 0, 0
32018, 42240, 1, 0, 0
33019, 51712, 1, 0, 0
34018, 49969, 1, 0, 0
35018, 48688, 1, 0, 0
36019, 44544, 1, 0, 0
37018, 58426, 1, 0, 0
38018, 48688, 1, 0, 0
39018, 56320, 1, 0, 0
40019, 51456, 1, 0, 0
41018, 47151, 1, 0, 0
42018, 50994, 1, 0, 0
43019, 50176, 1, 0, 0
44018, 49457, 1, 0, 0
45019, 55808, 1, 0, 0
46018, 52276, 1, 0, 0
47019, 54528, 1, 0, 0
48018, 59195, 1, 0, 0
49019, 47616, 1, 0, 0
50018, 57657, 1, 0, 0
51019, 44032, 1, 0, 0
52018, 39463, 1, 0, 0
53019, 50432, 1, 0, 0
54018, 52276, 1, 0, 0
55018, 44588, 1, 0, 0
56019, 50688, 1, 0, 0
57018, 49969, 1, 0, 0
58019, 58880, 1, 0, 0
59018, 55351, 1, 0, 0
60019, 54528, 1, 0, 0
61018, 51763, 1, 0, 0
62019, 52992, 1, 0, 0
63019, 56632, 1, 0, 0
64018, 51251, 1, 0, 0
65019, 50432, 1, 0, 0
66018, 48688, 1, 0, 0
67019, 54528, 1, 0, 0
68018, 50994, 1, 0, 0
69019, 50432, 1, 0, 0
70018, 49713, 1, 0, 0
71019, 48384, 1, 0, 0
72018, 58938, 1, 0, 0
73018, 49969, 1, 0, 0
74018, 42282, 1, 0, 0
75019, 53504, 1, 0, 0
76018, 56120, 1, 0, 0
77019, 55296, 1, 0, 0
78018, 57401, 1, 0, 0
79019, 52736, 1, 0, 0
80019, 57088, 1, 0, 0
81018, 43307, 1, 0, 0
82019, 53248, 1, 0, 0
83018, 58426, 1, 0, 0
84019, 44288, 1, 0, 0
85018, 57145, 1, 0, 0
86018, 54326, 1, 0, 0
87019, 51712, 1, 0, 0
88018, 46894, 1, 0, 0
89019, 46080, 1, 0, 0
90018, 46638, 1, 0, 0
91019, 51968, 1, 0, 0
92018, 46638, 1, 0, 0
93019, 50688, 1, 0, 0
94018, 45357, 1, 0, 0
95019, 52480, 1, 0, 0
96018, 54070, 1, 0, 0
97019, 51712, 1, 0, 0
98019, 50482, 1, 0, 0
99019, 48944, 1, 0, 0
100018, 52532, 1, 0, 0
101019, 52480, 1, 0, 0
102018, 48688, 1, 0, 0
103019, 49920, 1, 0, 0
104018, 48176, 1, 0, 0
105018, 46638, 1, 0, 0
106019, 54016, 1, 0, 0
107018, 54582, 1, 0, 0
108019, 53248, 1, 0, 0
109019, 50226, 1, 0, 0
110018, 39463, 1, 0, 0
111019, 43776, 1, 0, 0
112019, 48432, 1, 0, 0
113018, 49201, 1, 0, 0
114019, 48640, 1, 0, 0
115018, 60988, 1, 0, 0
116018, 50738, 1, 0, 0
117019, 40960, 1, 0, 0
118018, 46126, 1, 0, 0
119019, 48384, 1, 0, 0
120018, 59707, 1, 0, 0
121018, 50226, 1, 0, 0
122019, 56064, 1, 0, 0
123018, 57145, 1, 0, 0
124019, 52992, 1, 0, 0
125018, 53557, 1, 0, 0
126019, 62208, 1, 0, 0
127018, 54070, 1, 0, 0
128018, 54326, 1, 0, 0
129019, 58112, 1, 0, 0
130018, 54326, 1, 0, 0
131018, 58938, 1, 0, 0
132019, 52224, 1, 0, 0
133018, 49201, 1, 0, 0
134019, 54528, 1, 0, 0
135018, 41513, 1, 0, 0
136018, 54070, 1, 0, 0
137019, 58112, 1, 0, 0
138018, 46894, 1, 0, 0
139019, 62720, 1, 0, 0
140019, 49969, 1, 0, 0
141018, 55607, 1, 0, 0
142019, 54016, 1, 0, 0
143019, 58426, 1, 0, 0
144018, 57401, 1, 0, 0
145019, 59392, 1, 0, 0
146018, 45101, 1, 0, 0
147019, 45056, 1, 0, 0
148018, 49969, 1, 0, 0
149018, 45357, 1, 0, 0
150019, 45056, 1, 0, 0
151018, 53813, 1, 0, 0
152019, 47104, 1, 0, 0
153018, 55607, 1, 0, 0
154018, 45101, 1, 0, 0
155019, 55296, 1, 0, 0
156018, 59195, 1, 0, 0
157019, 45824, 1, 0, 0
158019, 44844, 1, 0, 0
159018, 49457, 1, 0, 0
160019, 51968, 1, 0, 0
161019, 50738, 1, 0, 0
162018, 53045, 1, 0, 0
163019, 47104, 1, 0, 0
164018, 48944, 1, 0, 0
165019, 48640, 1, 0, 0
166018, 51763, 1, 0, 0
167019, 48384, 1, 0, 0
168019, 50226, 1, 0, 0
169018, 46894, 1, 0, 0
170019, 55296, 1, 0, 0
171018, 44076, 1, 0, 0
172018, 52276, 1, 0, 0
173019, 59904, 1, 0, 0
174018, 58426, 1, 0, 0
175018, 53301, 1, 0, 0
176019, 55296, 1, 0, 0
177018, 55863, 1, 0, 0
178019, 51200, 1, 0, 0
179018, 49969, 1, 0, 0
