999, 10762, 1, 0, 0
1999, 39975, 1, 0, 0
3000, 51148, 1, 0, 0
3999, 54070, 1, 0, 0
4999, 49408, 1, 0, 0
5999, 49969, 1, 0, 0
6998, 54582, 1, 0, 0
7997, 57401, 1, 0, 0
8996, 55607, 1, 0, 0
9997, 56320, 1, 0, 0
10998, 59904, 1, 0, 0
11999, 45824, 1, 0, 0
13000, 48384, 1, 0, 0
14000, 50738, 1, 0, 0
15000, 56120, 1, 0, 0
16000, 47919, 1, 0, 0
16999, 49713, 1, 0, 0
17999, 53301, 1, 0, 0
19000, 45056, 1, 0, 0
20000, 43819, 1, 0, 0
21000, 58938, 1, 0, 0
22000, 58170, 1, 0, 0
22999, 49457, 1, 0, 0
24000, 58112, 1, 0, 0
25000, 54070, 1, 0, 0
25999, 56120, 1, 0, 0
27000, 49664, 1, 0, 0
28000, 48432, 1, 0, 0
28999, 53557, 1, 0, 0
30000, 57856, 1, 0, 0
31000, 54582, 1, 0, 0
31999, 45869, 1, 0, 0
33000, 47616, 1, 0, 0
34000, 49969, 1, 0, 0
34999, 52532, 1, 0, 0
36000, 54272, 1, 0, 0
37000, 45613, 1, 0, 0
37999, 53301, 1, 0, 0
39000, 60416, 1, 0, 0
40000, 56064, 1, 0, 0
41000, 53813, 1, 0, 0
41999, 53301, 1, 0, 0
43000, 52480, 1, 0, 0
43999, 55863, 1, 0, 0
45000, 65280, 1, 0, 0
45999, 55351, 1, 0, 0
47000, 61696, 1, 0, 0
47999, 46638, 1, 0, 0
49000, 56832, 1, 0, 0
50000, 64064, 1, 0, 0
51000, 58624, 1, 0, 0
51999, 52020, 1, 0, 0
53000, 52480, 1, 0, 0
54000, 47663, 1, 0, 0
54999, 50738, 1, 0, 0
56000, 58112, 1, 0, 0
56999, 52532, 1, 0, 0
58000, 44800, 1, 0, 0
58999, 46126, 1, 0, 0
60000, 53504, 1, 0, 0
61000, 42794, 1, 0, 0
62000, 47616, 1, 0, 0
63000, 50994, 1, 0, 0
63999, 39975, 1, 0, 0
65000, 52736, 1, 0, 0
65999, 51763, 1, 0, 0
67000, 63744, 1, 0, 0
68000, 51763, 1, 0, 0
69000, 55296, 1, 0, 0
70000, 57401, 1, 0, 0
71000, 46592, 1, 0, 0
72000, 49457, 1, 0, 0
72999, 56888, 1, 0, 0
73999, 50482, 1, 0, 0
75000, 58880, 1, 0, 0
75999, 57145, 1, 0, 0
77000, 48384, 1, 0, 0
77999, 54070, 1, 0, 0
79000, 50944, 1, 0, 0
80000, 52224, 1, 0, 0
80999, 57145, 1, 0, 0
82000, 51456, 1, 0, 0
83000, 50226, 1, 0, 0
84000, 55552, 1, 0, 0
85000, 59451, 1, 0, 0
85999, 58426, 1, 0, 0
87000, 52736, 1, 0, 0
87999, 45869, 1, 0, 0
89000, 54528, 1, 0, 0
89999, 46638, 1, 0, 0
91000, 52736, 1, 0, 0
91999, 43563, 1, 0, 0
93000, 42496, 1, 0, 0
93999, 54070, 1, 0, 0
95000, 46336, 1, 0, 0
95999, 47151, 1, 0, 0
97000, 49152, 1, 0, 0
98000, 48688, 1, 0, 0
99000, 56632, 1, 0, 0
99999, 47151, 1, 0, 0
101000, 50176, 1, 0, 0
102000, 50482, 1, 0, 0
103000, 56064, 1, 0, 0
104000, 45869, 1, 0, 0
104999, 61245, 1, 0, 0
106000, 48640, 1, 0, 0
107000, 48944, 1, 0, 0
108000, 43008, 1, 0, 0
109000, 47151, 1, 0, 0
109999, 52276, 1, 0, 0
111000, 47872, 1, 0, 0
112000, 50482, 1, 0, 0
112999, 50738, 1, 0, 0
114000, 50944, 1, 0, 0
115000, 46382, 1, 0, 0
115999, 54070, 1, 0, 0
117000, 53760, 1, 0, 0
117999, 50226, 1, 0, 0
119000, 50944, 1, 0, 0
120000, 44332, 1, 0, 0
120999, 60732, 1, 0, 0
122000, 54784, 1, 0, 0
122999, 46894, 1, 0, 0
124000, 49152, 1, 0, 0
124999, 52532, 1, 0, 0
126000, 47104, 1, 0, 0
127000, 59451, 1, 0, 0
127999, 58682, 1, 0, 0
129000, 56064, 1, 0, 0
130000, 52788, 1, 0, 0
130999, 49713, 1, 0, 0
132000, 48384, 1, 0, 0
133000, 59963, 1, 0, 0
134000, 53248, 1, 0, 0
135000, 58170, 1, 0, 0
135999, 48176, 1, 0, 0
137000, 56320, 1, 0, 0
137999, 60732, 1, 0, 0
139000, 55808, 1, 0, 0
140000, 50994, 1, 0, 0
140999, 55607, 1, 0, 0
142000, 64000, 1, 0, 0
143000, 52532, 1, 0, 0
143999, 53045, 1, 0, 0
145000, 56576, 1, 0, 0
145999, 49457, 1, 0, 0
147000, 58112, 1, 0, 0
148000, 49713, 1, 0, 0
148999, 50738, 1, 0, 0
150000, 63488, 1, 0, 0
150999, 49457, 1, 0, 0
152000, 53504, 1, 0, 0
153000, 55351, 1, 0, 0
153999, 57657, 1, 0, 0
155000, 51456, 1, 0, 0
156000, 44332, 1, 0, 0
157000, 52736, 1, 0, 0
158000, 46894, 1, 0, 0
158999, 52532, 1, 0, 0
160000, 46080, 1, 0, 0
161000, 48176, 1, 0, 0
161999, 44844, 1, 0, 0
163000, 48384, 1, 0, 0
163999, 54838, 1, 0, 0
165000, 62720, 1, 0, 0
166000, 47663, 1, 0, 0
167000, 55040, 1, 0, 0
168000, 48432, 1, 0, 0
168999, 54838, 1, 0, 0
170000, 50688, 1, 0, 0
171000, 50738, 1, 0, 0
171999, 53557, 1, 0, 0
173000, 57088, 1, 0, 0
174000, 53813, 1, 0, 0
174999, 64576, 1, 0, 0
176000, 51712, 1, 0, 0
177000, 51251, 1, 0, 0
178000, 51712, 1, 0, 0
179000, 56376, 1, 0, 0
