999, 16400, 1, 0, 0
1998, 50738, 1, 0, 0
2997, 52020, 1, 0, 0
3996, 56888, 1, 0, 0
4997, 51200, 1, 0, 0
5996, 41769, 1, 0, 0
6997, 47312, 1, 0, 0
7998, 51660, 1, 0, 0
9000, 51404, 1, 0, 0
10000, 50944, 1, 0, 0
11001, 62976, 1, 0, 0
12002, 55040, 1, 0, 0
13003, 49920, 1, 0, 0
14003, 64064, 1, 0, 0
15003, 51763, 1, 0, 0
16003, 50226, 1, 0, 0
17003, 54070, 1, 0, 0
18002, 44332, 1, 0, 0
19003, 45568, 1, 0, 0
20003, 53301, 1, 0, 0
21003, 53813, 1, 0, 0
22003, 52020, 1, 0, 0
23002, 56888, 1, 0, 0
24003, 44800, 1, 0, 0
25003, 56120, 1, 0, 0
26003, 48944, 1, 0, 0
27003, 58112, 1, 0, 0
28003, 57401, 1, 0, 0
29003, 57401, 1, 0, 0
30003, 46848, 1, 0, 0
31003, 42794, 1, 0, 0
32003, 58426, 1, 0, 0
33003, 55040, 1, 0, 0
34003, 60220, 1, 0, 0
35002, 56888, 1, 0, 0
36003, 56320, 1, 0, 0
37003, 47919, 1, 0, 0
38002, 58170, 1, 0, 0
39003, 44544, 1, 0, 0
40003, 45824, 1, 0, 0
41003, 41257, 1, 0, 0
42002, 45101, 1, 0, 0
43003, 61952, 1, 0, 0
44002, 52276, 1, 0, 0
45003, 56064, 1, 0, 0
46002, 47151, 1, 0, 0
47003, 45568, 1, 0, 0
48003, 49969, 1, 0, 0
49003, 48640, 1, 0, 0
50003, 54070, 1, 0, 0
51003, 58368, 1, 0, 0
52003, 59963, 1, 0, 0
53003, 52992, 1, 0, 0
54003, 53813, 1, 0, 0
55002, 52276, 1, 0, 0
56003, 59904, 1, 0, 0
57002, 53557, 1, 0, 0
58003, 46336, 1, 0, 0
59003, 55351, 1, 0, 0
60003, 52992, 1, 0, 0
61003, 50226, 1, 0, 0
62003, 58368, 1, 0, 0
63003, 57401, 1, 0, 0
64002, 54070, 1, 0, 0
65003, 50432, 1, 0, 0
66002, 60732, 1, 0, 0
67003, 51712, 1, 0, 0
68003, 51251, 1, 0, 0
69003, 52480, 1, 0, 0
70003, 57913, 1, 0, 0
71003, 44544, 1, 0, 0
72003, 41001, 1, 0, 0
73002, 48688, 1, 0, 0
74002, 54070, 1, 0, 0
75003, 57600, 1, 0, 0
76002, 52788, 1, 0, 0
77003, 49920, 1, 0, 0
78002, 54838, 1, 0, 0
79003, 50432, 1, 0, 0
80003, 55040, 1, 0, 0
81003, 45101, 1, 0, 0
82003, 56576, 1, 0, 0
83003, 49969, 1, 0, 0
84003, 60928, 1, 0, 0
85003, 44332, 1, 0, 0
86002, 52788, 1, 0, 0
87003, 47872, 1, 0, 0
88002, 52532, 1, 0, 0
89003, 55808, 1, 0, 0
90002, 52788, 1, 0, 0
91003, 52480, 1, 0, 0
92003, 51763, 1, 0, 0
93003, 49920, 1, 0, 0
94003, 57913, 1, 0, 0
95003, 49664, 1, 0, 0
96003, 49969, 1, 0, 0
97003, 51200, 1, 0, 0
98003, 46894, 1, 0, 0
99003, 57145, 1, 0, 0
100002, 59707, 1, 0, 0
101003, 55040, 1, 0, 0
102003, 46638, 1, 0, 0
103003, 46592, 1, 0, 0
104003, 59963, 1, 0, 0
105002, 49457, 1, 0, 0
106003, 48128, 1, 0, 0
107003, 50738, 1, 0, 0
108003, 45824, 1, 0, 0
109003, 54582, 1, 0, 0
110003, 44844, 1, 0, 0
111003, 50176, 1, 0, 0
112003, 62014, 1, 0, 0
113003, 54838, 1, 0, 0
114003, 40960, 1, 0, 0
115003, 54838, 1, 0, 0
116002, 43051, 1, 0, 0
117003, 47360, 1, 0, 0
118003, 57657, 1, 0, 0
119003, 50432, 1, 0, 0
120003, 49713, 1, 0, 0
121002, 59195, 1, 0, 0
122003, 53248, 1, 0, 0
123002, 48944, 1, 0, 0
124003, 45568, 1, 0, 0
125003, 49201, 1, 0, 0
126003, 52224, 1, 0, 0
127003, 48176, 1, 0, 0
128002, 58682, 1, 0, 0
129003, 51200, 1, 0, 0
130003, 55095, 1, 0, 0
131003, 52532, 1, 0, 0
132003, 53504, 1, 0, 0
133003, 52788, 1, 0, 0
134003, 55296, 1, 0, 0
135003, 45101, 1, 0, 0
136002, 45101, 1, 0, 0
137003, 46080, 1, 0, 0
138003, 53045, 1, 0, 0
139003, 51712, 1, 0, 0
140003, 49713, 1, 0, 0
141003, 54838, 1, 0, 0
142003, 50432, 1, 0, 0
143003, 48688, 1, 0, 0
144002, 53045, 1, 0, 0
145003, 56576, 1, 0, 0
146003, 52020, 1, 0, 0
147003, 48640, 1, 0, 0
148003, 54326, 1, 0, 0
149002, 53557, 1, 0, 0
150003, 47104, 1, 0, 0
151003, 50482, 1, 0, 0
152003, 58368, 1, 0, 0
153003, 46382, 1, 0, 0
154002, 53557, 1, 0, 0
155003, 57344, 1, 0, 0
156003, 48944, 1, 0, 0
157003, 53760, 1, 0, 0
158003, 53557, 1, 0, 0
159003, 49713, 1, 0, 0
160003, 62208, 1, 0, 0
161003, 45357, 1, 0, 0
162003, 51507, 1, 0, 0
163003, 50176, 1, 0, 0
164003, 47919, 1, 0, 0
165003, 53504, 1, 0, 0
166003, 47151, 1, 0, 0
167003, 48896, 1, 0, 0
168003, 61245, 1, 0, 0
169003, 55095, 1, 0, 0
170003, 48128, 1, 0, 0
171003, 49713, 1, 0, 0
172002, 59707, 1, 0, 0
173003, 52480, 1, 0, 0
174003, 47407, 1, 0, 0
175002, 49457, 1, 0, 0
176003, 53248, 1, 0, 0
177003, 54070, 1, 0, 0
178003, 54272, 1, 0, 0
179003, 49713, 1, 0, 0
