1000, 14848, 1, 0, 0
2000, 51763, 1, 0, 0
2999, 41769, 1, 0, 0
3998, 49713, 1, 0, 0
4998, 43520, 1, 0, 0
5998, 45101, 1, 0, 0
6999, 45010, 1, 0, 0
8000, 59332, 1, 0, 0
9001, 46801, 1, 0, 0
10002, 50688, 1, 0, 0
11003, 43776, 1, 0, 0
12004, 45312, 1, 0, 0
13005, 55296, 1, 0, 0
14005, 59195, 1, 0, 0
15005, 52788, 1, 0, 0
16004, 47663, 1, 0, 0
17004, 53045, 1, 0, 0
18004, 58938, 1, 0, 0
19005, 53248, 1, 0, 0
20005, 57145, 1, 0, 0
21005, 47151, 1, 0, 0
22004, 46126, 1, 0, 0
23004, 59195, 1, 0, 0
24005, 53248, 1, 0, 0
25005, 57657, 1, 0, 0
26004, 48688, 1, 0, 0
27005, 54784, 1, 0, 0
28005, 44588, 1, 0, 0
29004, 62526, 1, 0, 0
30005, 52224, 1, 0, 0
31005, 52276, 1, 0, 0
32004, 54326, 1, 0, 0
33005, 54016, 1, 0, 0
34005, 49201, 1, 0, 0
35004, 57657, 1, 0, 0
36005, 44032, 1, 0, 0
37004, 50482, 1, 0, 0
38004, 53301, 1, 0, 0
39005, 49920, 1, 0, 0
40005, 53248, 1, 0, 0
41005, 47151, 1, 0, 0
42004, 46126, 1, 0, 0
43005, 54016, 1, 0, 0
44004, 51251, 1, 0, 0
45005, 49920, 1, 0, 0
46004, 57145, 1, 0, 0
47005, 50944, 1, 0, 0
48004, 54838, 1, 0, 0
49005, 63488, 1, 0, 0
50004, 60988, 1, 0, 0
51005, 58880, 1, 0, 0
52004, 53045, 1, 0, 0
53005, 53248, 1, 0, 0
54005, 56120, 1, 0, 0
55004, 44588, 1, 0, 0
56005, 59648, 1, 0, 0
57004, 54070, 1, 0, 0
58005, 52480, 1, 0, 0
59004, 52020, 1, 0, 0
60005, 50688, 1, 0, 0
61004, 41001, 1, 0, 0
62005, 50944, 1, 0, 0
63005, 45869, 1, 0, 0
64004, 57145, 1, 0, 0
65005, 60416, 1, 0, 0
66004, 57657, 1, 0, 0
67005, 54528, 1, 0, 0
68004, 44844, 1, 0, 0
69005, 52736, 1, 0, 0
70005, 52020, 1, 0, 0
71005, 56320, 1, 0, 0
72005, 45101, 1, 0, 0
73004, 48176, 1, 0, 0
74004, 53557, 1, 0, 0
75005, 44288, 1, 0, 0
76004, 54582, 1, 0, 0
77005, 50944, 1, 0, 0
78004, 51251, 1, 0, 0
79005, 59392, 1, 0, 0
80005, 52224, 1, 0, 0
81004, 42794, 1, 0, 0
82005, 54016, 1, 0, 0
83004, 45357, 1, 0, 0
84005, 54784, 1, 0, 0
85005, 55095, 1, 0, 0
86004, 55351, 1, 0, 0
87005, 48640, 1, 0, 0
88004, 52276, 1, 0, 0
89005, 56064, 1, 0, 0
90004, 47919, 1, 0, 0
91005, 50176, 1, 0, 0
92004, 46382, 1, 0, 0
93005, 51968, 1, 0, 0
94004, 53045, 1, 0, 0
95005, 50176, 1, 0, 0
96004, 51507, 1, 0, 0
97005, 52480, 1, 0, 0
98005, 54582, 1, 0, 0
99005, 43307, 1, 0, 0
100004, 52532, 1, 0, 0
101005, 53504, 1, 0, 0
102005, 49969, 1, 0, 0
103005, 46080, 1, 0, 0
104005, 49457, 1, 0, 0
105004, 46638, 1, 0, 0
106005, 47616, 1, 0, 0
107004, 49713, 1, 0, 0
108005, 45312, 1, 0, 0
109005, 53813, 1, 0, 0
110004, 48688, 1, 0, 0
111005, 51200, 1, 0, 0
112005, 47407, 1, 0, 0
113004, 48688, 1, 0, 0
114005, 49408, 1, 0, 0
115005, 50226, 1, 0, 0
116004, 44332, 1, 0, 0
117005, 55040, 1, 0, 0
118004, 50994, 1, 0, 0
119005, 49920, 1, 0, 0
120004, 53045, 1, 0, 0
121004, 52788, 1, 0, 0
122005, 48384, 1, 0, 0
123004, 45869, 1, 0, 0
124005, 58880, 1, 0, 0
125004, 50738, 1, 0, 0
126005, 44800, 1, 0, 0
127005, 47407, 1, 0, 0
128004, 57657, 1, 0, 0
129005, 50688, 1, 0, 0
130005, 53301, 1, 0, 0
131004, 53557, 1, 0, 0
132005, 53248, 1, 0, 0
133004, 56888, 1, 0, 0
134005, 43776, 1, 0, 0
135005, 50482, 1, 0, 0
136004, 55863, 1, 0, 0
137005, 58112, 1, 0, 0
138004, 52532, 1, 0, 0
139005, 49920, 1, 0, 0
140005, 50482, 1, 0, 0
141004, 55607, 1, 0, 0
142005, 53248, 1, 0, 0
143005, 56632, 1, 0, 0
144004, 49201, 1, 0, 0
145005, 51968, 1, 0, 0
146004, 46382, 1, 0, 0
147005, 48128, 1, 0, 0
148005, 53301, 1, 0, 0
149004, 44076, 1, 0, 0
150005, 49408, 1, 0, 0
151004, 52276, 1, 0, 0
152005, 48384, 1, 0, 0
153005, 51763, 1, 0, 0
154004, 55095, 1, 0, 0
155005, 60672, 1, 0, 0
156004, 54838, 1, 0, 0
157005, 48640, 1, 0, 0
158005, 55095, 1, 0, 0
159004, 45869, 1, 0, 0
160005, 51456, 1, 0, 0
161005, 54070, 1, 0, 0
162004, 50482, 1, 0, 0
163005, 45312, 1, 0, 0
164004, 47919, 1, 0, 0
165005, 59648, 1, 0, 0
166004, 47663, 1, 0, 0
167005, 54272, 1, 0, 0
168005, 51507, 1, 0, 0
169004, 55351, 1, 0, 0
170005, 46080, 1, 0, 0
171005, 55863, 1, 0, 0
172004, 55351, 1, 0, 0
173005, 53504, 1, 0, 0
174005, 50994, 1, 0, 0
175004, 57401, 1, 0, 0
176005, 59904, 1, 0, 0
177004, 47663, 1, 0, 0
178005, 54784, 1, 0, 0
179005, 48176, 1, 0, 0
