999, 19475, 1, 0, 0
1999, 53557, 1, 0, 0
3000, 48335, 1, 0, 0
4001, 53194, 1, 0, 0
5002, 53450, 1, 0, 0
6004, 47056, 1, 0, 0
7005, 48591, 1, 0, 0
8006, 54473, 1, 0, 0
9007, 52171, 1, 0, 0
10008, 48384, 1, 0, 0
11009, 53248, 1, 0, 0
12010, 54272, 1, 0, 0
13011, 55808, 1, 0, 0
14012, 60160, 1, 0, 0
15013, 43776, 1, 0, 0
16014, 50432, 1, 0, 0
17015, 54528, 1, 0, 0
18015, 46592, 1, 0, 0
19016, 49664, 1, 0, 0
20017, 47616, 1, 0, 0
21018, 46848, 1, 0, 0
22019, 59904, 1, 0, 0
23019, 44544, 1, 0, 0
24020, 60416, 1, 0, 0
25021, 49152, 1, 0, 0
26022, 56320, 1, 0, 0
27022, 62208, 1, 0, 0
28023, 48896, 1, 0, 0
29024, 55040, 1, 0, 0
30024, 49664, 1, 0, 0
31025, 61184, 1, 0, 0
32026, 50432, 1, 0, 0
33026, 57856, 1, 0, 0
34026, 53557, 1, 0, 0
35026, 58170, 1, 0, 0
36026, 51968, 1, 0, 0
37026, 43563, 1, 0, 0
38025, 53045, 1, 0, 0
39026, 53760, 1, 0, 0
40026, 57088, 1, 0, 0
41026, 51507, 1, 0, 0
42026, 48688, 1, 0, 0
43026, 51456, 1, 0, 0
44026, 57145, 1, 0, 0
45026, 61440, 1, 0, 0
46026, 59451, 1, 0, 0
47026, 52992, 1, 0, 0
48026, 54070, 1, 0, 0
49026, 48128, 1, 0, 0
50026, 51251, 1, 0, 0
51026, 54528, 1, 0, 0
52026, 51251, 1, 0, 0
53026, 48640, 1, 0, 0
54026, 53813, 1, 0, 0
55026, 55351, 1, 0, 0
56026, 47872, 1, 0, 0
57026, 50994, 1, 0, 0
58026, 53760, 1, 0, 0
59026, 63807, 1, 0, 0
60026, 65792, 1, 0, 0
61026, 56888, 1, 0, 0
62026, 60672, 1, 0, 0
63026, 50482, 1, 0, 0
64026, 57145, 1, 0, 0
65026, 44544, 1, 0, 0
66026, 53557, 1, 0, 0
67026, 51712, 1, 0, 0
68026, 48176, 1, 0, 0
69026, 51456, 1, 0, 0
70026, 60220, 1, 0, 0
71026, 58368, 1, 0, 0
72026, 59707, 1, 0, 0
73026, 44844, 1, 0, 0
74026, 47663, 1, 0, 0
75026, 41728, 1, 0, 0
76026, 58682, 1, 0, 0
77026, 51456, 1, 0, 0
78026, 54582, 1, 0, 0
79026, 55040, 1, 0, 0
80026, 50432, 1, 0, 0
81026, 56120, 1, 0, 0
82026, 52992, 1, 0, 0
83026, 50226, 1, 0, 0
84026, 47616, 1, 0, 0
85026, 56120, 1, 0, 0
86026, 46382, 1, 0, 0
87026, 59392, 1, 0, 0
88026, 51763, 1, 0, 0
89026, 55040, 1, 0, 0
90026, 45357, 1, 0, 0
91026, 53248, 1, 0, 0
92026, 54838, 1, 0, 0
93026, 39936, 1, 0, 0
94026, 59707, 1, 0, 0
95026, 47872, 1, 0, 0
96026, 41769, 1, 0, 0
97026, 57600, 1, 0, 0
98026, 53301, 1, 0, 0
99026, 52276, 1, 0, 0
100026, 51763, 1, 0, 0
101026, 48384, 1, 0, 0
102026, 52276, 1, 0, 0
103026, 49920, 1, 0, 0
104026, 54326, 1, 0, 0
105026, 50994, 1, 0, 0
106026, 57600, 1, 0, 0
107026, 55095, 1, 0, 0
108026, 57600, 1, 0, 0
109026, 58426, 1, 0, 0
110026, 44844, 1, 0, 0
111026, 52736, 1, 0, 0
112026, 53301, 1, 0, 0
113026, 53813, 1, 0, 0
114026, 51968, 1, 0, 0
115026, 44332, 1, 0, 0
116026, 46638, 1, 0, 0
117026, 58880, 1, 0, 0
118026, 46382, 1, 0, 0
119026, 55296, 1, 0, 0
120026, 45357, 1, 0, 0
121026, 62526, 1, 0, 0
122026, 55808, 1, 0, 0
123026, 54582, 1, 0, 0
124026, 55552, 1, 0, 0
125026, 43307, 1, 0, 0
126026, 61440, 1, 0, 0
127026, 58938, 1, 0, 0
128026, 58938, 1, 0, 0
129026, 47872, 1, 0, 0
130026, 57657, 1, 0, 0
131026, 54838, 1, 0, 0
132026, 57856, 1, 0, 0
133026, 52788, 1, 0, 0
134026, 53248, 1, 0, 0
135026, 52788, 1, 0, 0
136026, 56376, 1, 0, 0
137026, 46592, 1, 0, 0
138026, 52276, 1, 0, 0
139026, 58112, 1, 0, 0
140026, 49713, 1, 0, 0
141026, 56120, 1, 0, 0
142026, 52992, 1, 0, 0
143026, 48944, 1, 0, 0
144026, 57657, 1, 0, 0
145026, 56320, 1, 0, 0
146026, 44332, 1, 0, 0
147026, 57088, 1, 0, 0
148026, 52020, 1, 0, 0
149026, 52532, 1, 0, 0
150026, 53760, 1, 0, 0
151026, 59195, 1, 0, 0
152026, 48896, 1, 0, 0
153026, 47151, 1, 0, 0
154026, 53301, 1, 0, 0
155026, 50688, 1, 0, 0
156026, 52276, 1, 0, 0
157026, 58112, 1, 0, 0
158026, 49201, 1, 0, 0
159026, 53045, 1, 0, 0
160026, 56320, 1, 0, 0
161026, 54838, 1, 0, 0
162026, 46126, 1, 0, 0
163026, 47360, 1, 0, 0
164026, 60476, 1, 0, 0
165026, 58624, 1, 0, 0
166026, 55863, 1, 0, 0
167026, 43264, 1, 0, 0
168026, 55095, 1, 0, 0
169026, 48432, 1, 0, 0
170026, 56832, 1, 0, 0
171026, 50226, 1, 0, 0
172026, 47407, 1, 0, 0
173026, 48896, 1, 0, 0
174026, 49201, 1, 0, 0
175026, 50482, 1, 0, 0
176026, 52736, 1, 0, 0
177026, 47407, 1, 0, 0
178026, 41728, 1, 0, 0
179026, 52020, 1, 0, 0
