999, 15631, 1, 0, 0
1998, 51251, 1, 0, 0
2997, 50994, 1, 0, 0
3996, 55095, 1, 0, 0
4996, 58682, 1, 0, 0
5995, 42794, 1, 0, 0
6994, 48688, 1, 0, 0
7993, 47407, 1, 0, 0
8992, 53301, 1, 0, 0
9993, 55808, 1, 0, 0
10994, 46848, 1, 0, 0
11995, 51200, 1, 0, 0
12996, 44800, 1, 0, 0
13997, 57856, 1, 0, 0
14998, 44544, 1, 0, 0
15999, 55808, 1, 0, 0
17000, 46592, 1, 0, 0
18000, 48896, 1, 0, 0
19001, 53760, 1, 0, 0
20002, 53504, 1, 0, 0
21003, 52480, 1, 0, 0
22004, 46848, 1, 0, 0
23005, 49664, 1, 0, 0
24005, 59904, 1, 0, 0
25006, 47616, 1, 0, 0
26007, 50944, 1, 0, 0
27007, 48384, 1, 0, 0
28008, 58112, 1, 0, 0
29009, 52224, 1, 0, 0
30009, 53504, 1, 0, 0
31010, 47872, 1, 0, 0
32011, 48128, 1, 0, 0
33011, 46592, 1, 0, 0
34011, 51763, 1, 0, 0
35011, 42026, 1, 0, 0
36011, 48384, 1, 0, 0
37011, 54582, 1, 0, 0
38010, 47663, 1, 0, 0
39011, 54528, 1, 0, 0
40012, 47104, 1, 0, 0
41011, 60220, 1, 0, 0
42011, 46894, 1, 0, 0
43011, 51968, 1, 0, 0
44011, 58170, 1, 0, 0
45011, 64256, 1, 0, 0
46011, 52532, 1, 0, 0
47011, 53248, 1, 0, 0
48011, 44844, 1, 0, 0
49011, 50944, 1, 0, 0
50011, 50226, 1, 0, 0
51011, 57600, 1, 0, 0
52011, 48944, 1, 0, 0
53011, 49152, 1, 0, 0
54011, 55863, 1, 0, 0
55011, 60476, 1, 0, 0
56011, 56576, 1, 0, 0
57011, 53557, 1, 0, 0
58011, 54016, 1, 0, 0
59011, 48176, 1, 0, 0
60011, 56832, 1, 0, 0
61011, 52788, 1, 0, 0
62011, 50432, 1, 0, 0
63011, 57145, 1, 0, 0
64011, 50738, 1, 0, 0
65011, 55040, 1, 0, 0
66011, 48688, 1, 0, 0
67011, 47872, 1, 0, 0
68011, 54070, 1, 0, 0
69011, 57344, 1, 0, 0
70011, 45613, 1, 0, 0
71012, 52480, 1, 0, 0
72011, 45613, 1, 0, 0
73011, 55351, 1, 0, 0
74011, 48176, 1, 0, 0
75011, 57856, 1, 0, 0
76011, 51251, 1, 0, 0
77011, 52224, 1, 0, 0
78011, 47663, 1, 0, 0
79011, 53504, 1, 0, 0
80011, 56320, 1, 0, 0
81011, 55095, 1, 0, 0
82011, 62208, 1, 0, 0
83011, 43051, 1, 0, 0
84011, 52224, 1, 0, 0
85011, 59451, 1, 0, 0
86011, 52020, 1, 0, 0
87011, 63232, 1, 0, 0
88011, 56120, 1, 0, 0
89011, 53248, 1, 0, 0
90011, 50994, 1, 0, 0
91011, 51200, 1, 0, 0
92011, 48944, 1, 0, 0
93011, 50432, 1, 0, 0
94011, 54582, 1, 0, 0
95011, 47360, 1, 0, 0
96011, 50738, 1, 0, 0
97011, 49408, 1, 0, 0
98011, 52276, 1, 0, 0
99011, 46126, 1, 0, 0
100011, 53813, 1, 0, 0
101011, 50432, 1, 0, 0
102011, 41257, 1, 0, 0
103012, 49152, 1, 0, 0
104011, 44332, 1, 0, 0
105011, 50226, 1, 0, 0
106011, 59648, 1, 0, 0
107011, 50226, 1, 0, 0
108012, 51200, 1, 0, 0
109011, 51507, 1, 0, 0
110011, 52276, 1, 0, 0
111012, 48128, 1, 0, 0
112011, 48432, 1, 0, 0
113011, 51763, 1, 0, 0
114011, 46848, 1, 0, 0
115011, 56120, 1, 0, 0
116011, 43563, 1, 0, 0
117011, 50176, 1, 0, 0
118011, 48176, 1, 0, 0
119011, 52736, 1, 0, 0
120011, 55095, 1, 0, 0
121011, 51763, 1, 0, 0
122011, 53760, 1, 0, 0
123011, 43563, 1, 0, 0
124011, 52992, 1, 0, 0
125011, 48688, 1, 0, 0
126011, 53504, 1, 0, 0
127011, 53301, 1, 0, 0
128011, 47151, 1, 0, 0
129011, 48384, 1, 0, 0
130011, 55095, 1, 0, 0
131011, 49201, 1, 0, 0
132011, 45056, 1, 0, 0
133011, 57401, 1, 0, 0
134012, 49664, 1, 0, 0
135011, 55351, 1, 0, 0
136011, 41769, 1, 0, 0
137011, 56832, 1, 0, 0
138011, 52532, 1, 0, 0
139011, 45568, 1, 0, 0
140011, 48432, 1, 0, 0
141011, 45869, 1, 0, 0
142011, 48896, 1, 0, 0
143011, 56632, 1, 0, 0
144011, 56120, 1, 0, 0
145011, 53248, 1, 0, 0
146011, 47407, 1, 0, 0
147011, 50688, 1, 0, 0
148011, 48176, 1, 0, 0
149011, 52532, 1, 0, 0
150011, 53760, 1, 0, 0
151011, 55607, 1, 0, 0
152011, 58368, 1, 0, 0
153011, 57913, 1, 0, 0
154011, 51763, 1, 0, 0
155011, 58368, 1, 0, 0
156011, 55095, 1, 0, 0
157012, 41472, 1, 0, 0
158011, 48432, 1, 0, 0
159011, 50482, 1, 0, 0
160011, 48384, 1, 0, 0
161011, 45357, 1, 0, 0
162011, 55351, 1, 0, 0
163011, 51456, 1, 0, 0
164011, 51763, 1, 0, 0
165011, 49152, 1, 0, 0
166011, 50738, 1, 0, 0
167012, 49920, 1, 0, 0
168011, 48432, 1, 0, 0
169011, 54070, 1, 0, 0
170011, 50432, 1, 0, 0
171011, 58682, 1, 0, 0
172011, 52276, 1, 0, 0
173011, 52224, 1, 0, 0
174011, 54070, 1, 0, 0
175011, 36388, 1, 0, 0
176011, 57600, 1, 0, 0
177011, 51251, 1, 0, 0
178011, 45056, 1, 0, 0
179011, 57145, 1, 0, 0
