999, 20756, 1, 0, 0
1999, 59451, 1, 0, 0
2998, 45357, 1, 0, 0
3997, 42282, 1, 0, 0
4997, 54272, 1, 0, 0
5997, 46382, 1, 0, 0
6996, 57145, 1, 0, 0
7997, 47568, 1, 0, 0
8998, 50893, 1, 0, 0
9999, 53760, 1, 0, 0
11000, 55552, 1, 0, 0
12001, 54016, 1, 0, 0
13002, 49152, 1, 0, 0
14002, 46638, 1, 0, 0
15002, 45869, 1, 0, 0
16001, 59707, 1, 0, 0
17001, 53045, 1, 0, 0
18001, 50226, 1, 0, 0
19002, 59392, 1, 0, 0
20002, 51251, 1, 0, 0
21002, 58426, 1, 0, 0
22001, 50994, 1, 0, 0
23001, 46638, 1, 0, 0
24002, 53760, 1, 0, 0
25002, 54838, 1, 0, 0
26001, 48432, 1, 0, 0
27002, 48896, 1, 0, 0
28002, 56888, 1, 0, 0
29001, 54070, 1, 0, 0
30002, 53248, 1, 0, 0
31002, 49969, 1, 0, 0
32001, 51763, 1, 0, 0
33002, 53760, 1, 0, 0
34002, 60988, 1, 0, 0
35001, 55351, 1, 0, 0
36002, 56320, 1, 0, 0
37001, 47151, 1, 0, 0
38001, 50738, 1, 0, 0
39002, 49920, 1, 0, 0
40002, 53760, 1, 0, 0
41002, 53557, 1, 0, 0
42001, 57913, 1, 0, 0
43002, 51456, 1, 0, 0
44001, 51507, 1, 0, 0
45002, 53248, 1, 0, 0
46001, 48176, 1, 0, 0
47002, 49664, 1, 0, 0
48001, 48688, 1, 0, 0
49002, 51456, 1, 0, 0
50001, 56888, 1, 0, 0
51002, 45312, 1, 0, 0
52001, 56632, 1, 0, 0
53002, 57344, 1, 0, 0
54002, 55351, 1, 0, 0
55001, 48176, 1, 0, 0
56002, 47360, 1, 0, 0
57001, 45869, 1, 0, 0
58002, 53760, 1, 0, 0
59001, 53045, 1, 0, 0
60002, 48128, 1, 0, 0
61001, 51251, 1, 0, 0
62002, 47616, 1, 0, 0
63002, 50994, 1, 0, 0
64001, 60476, 1, 0, 0
65002, 54272, 1, 0, 0
66001, 61501, 1, 0, 0
67002, 46336, 1, 0, 0
68001, 49457, 1, 0, 0
69002, 48128, 1, 0, 0
70001, 51763, 1, 0, 0
71002, 59648, 1, 0, 0
72002, 53301, 1, 0, 0
73001, 50226, 1, 0, 0
74001, 58938, 1, 0, 0
75002, 62464, 1, 0, 0
76001, 52788, 1, 0, 0
77002, 58880, 1, 0, 0
78001, 52532, 1, 0, 0
79002, 43520, 1, 0, 0
80002, 48896, 1, 0, 0
81001, 41001, 1, 0, 0
82002, 54528, 1, 0, 0
83001, 53557, 1, 0, 0
84002, 47360, 1, 0, 0
85002, 45101, 1, 0, 0
86001, 50994, 1, 0, 0
87002, 48896, 1, 0, 0
88001, 50994, 1, 0, 0
89002, 43776, 1, 0, 0
90001, 45869, 1, 0, 0
91002, 46848, 1, 0, 0
92001, 50482, 1, 0, 0
93002, 52992, 1, 0, 0
94001, 56888, 1, 0, 0
95002, 60672, 1, 0, 0
96001, 57913, 1, 0, 0
97002, 54784, 1, 0, 0
98002, 49201, 1, 0, 0
99002, 49713, 1, 0, 0
100001, 50226, 1, 0, 0
101002, 54272, 1, 0, 0
102002, 59707, 1, 0, 0
103002, 57856, 1, 0, 0
104002, 54326, 1, 0, 0
105001, 59451, 1, 0, 0
106002, 50944, 1, 0, 0
107001, 45357, 1, 0, 0
108002, 50432, 1, 0, 0
109002, 49969, 1, 0, 0
110001, 45101, 1, 0, 0
111002, 51968, 1, 0, 0
112002, 53557, 1, 0, 0
113001, 50482, 1, 0, 0
114002, 57344, 1, 0, 0
115002, 48432, 1, 0, 0
116001, 49713, 1, 0, 0
117002, 47360, 1, 0, 0
118001, 49969, 1, 0, 0
119002, 48640, 1, 0, 0
120001, 55607, 1, 0, 0
121001, 52276, 1, 0, 0
122002, 52480, 1, 0, 0
123001, 54326, 1, 0, 0
124002, 49408, 1, 0, 0
125001, 54070, 1, 0, 0
126002, 50688, 1, 0, 0
127002, 49969, 1, 0, 0
128001, 53557, 1, 0, 0
129002, 54272, 1, 0, 0
130002, 62270, 1, 0, 0
131001, 46382, 1, 0, 0
132002, 51200, 1, 0, 0
133001, 47407, 1, 0, 0
134002, 60160, 1, 0, 0
135002, 52276, 1, 0, 0
136001, 47663, 1, 0, 0
137002, 50432, 1, 0, 0
138001, 48688, 1, 0, 0
139002, 56832, 1, 0, 0
140002, 46382, 1, 0, 0
141001, 48176, 1, 0, 0
142002, 53504, 1, 0, 0
143002, 53813, 1, 0, 0
144001, 54326, 1, 0, 0
145002, 61184, 1, 0, 0
146001, 52020, 1, 0, 0
147002, 54784, 1, 0, 0
148002, 56888, 1, 0, 0
149001, 54582, 1, 0, 0
150002, 44288, 1, 0, 0
151001, 47663, 1, 0, 0
152002, 48896, 1, 0, 0
153002, 50994, 1, 0, 0
154001, 47663, 1, 0, 0
155002, 47872, 1, 0, 0
156001, 62782, 1, 0, 0
157002, 60416, 1, 0, 0
158002, 52788, 1, 0, 0
159001, 49713, 1, 0, 0
160002, 54272, 1, 0, 0
161002, 56376, 1, 0, 0
162001, 52788, 1, 0, 0
163002, 55040, 1, 0, 0
164001, 54070, 1, 0, 0
165002, 56832, 1, 0, 0
166001, 53045, 1, 0, 0
167002, 53504, 1, 0, 0
168002, 47151, 1, 0, 0
169001, 50994, 1, 0, 0
170002, 49920, 1, 0, 0
171002, 47407, 1, 0, 0
172001, 53301, 1, 0, 0
173002, 56320, 1, 0, 0
174002, 51507, 1, 0, 0
175001, 52020, 1, 0, 0
176002, 45056, 1, 0, 0
177001, 56376, 1, 0, 0
178002, 53248, 1, 0, 0
179002, 58426, 1, 0, 0
