1001, 18413, 1, 0, 0
2000, 48688, 1, 0, 0
3001, 49358, 1, 0, 0
4002, 50125, 1, 0, 0
5004, 48847, 1, 0, 0
6005, 49614, 1, 0, 0
7006, 47312, 1, 0, 0
8008, 42197, 1, 0, 0
9009, 47568, 1, 0, 0
10010, 49664, 1, 0, 0
11011, 46080, 1, 0, 0
12012, 51456, 1, 0, 0
13013, 47104, 1, 0, 0
14013, 53248, 1, 0, 0
15014, 52992, 1, 0, 0
16015, 54272, 1, 0, 0
17016, 54784, 1, 0, 0
18017, 53760, 1, 0, 0
19018, 47616, 1, 0, 0
20018, 49408, 1, 0, 0
21019, 53504, 1, 0, 0
22020, 50176, 1, 0, 0
23021, 52736, 1, 0, 0
24022, 52736, 1, 0, 0
25022, 57088, 1, 0, 0
26023, 63744, 1, 0, 0
27024, 46080, 1, 0, 0
28024, 52480, 1, 0, 0
29025, 55296, 1, 0, 0
30026, 53760, 1, 0, 0
31027, 58368, 1, 0, 0
32027, 47360, 1, 0, 0
33028, 44288, 1, 0, 0
34027, 51251, 1, 0, 0
35027, 61757, 1, 0, 0
36028, 51968, 1, 0, 0
37027, 48944, 1, 0, 0
38027, 51251, 1, 0, 0
39027, 50176, 1, 0, 0
40028, 54784, 1, 0, 0
41027, 51251, 1, 0, 0
42027, 60476, 1, 0, 0
43028, 49664, 1, 0, 0
44027, 52788, 1, 0, 0
45028, 44032, 1, 0, 0
46027, 52276, 1, 0, 0
47028, 52480, 1, 0, 0
48027, 57657, 1, 0, 0
49028, 57600, 1, 0, 0
50027, 55095, 1, 0, 0
51028, 55552, 1, 0, 0
52027, 55607, 1, 0, 0
53028, 57600, 1, 0, 0
54027, 53557, 1, 0, 0
55027, 54838, 1, 0, 0
56027, 54528, 1, 0, 0
57027, 49713, 1, 0, 0
58028, 52480, 1, 0, 0
59027, 61245, 1, 0, 0
60028, 48128, 1, 0, 0
61027, 55095, 1, 0, 0
62028, 45824, 1, 0, 0
63027, 60476, 1, 0, 0
64027, 52276, 1, 0, 0
65028, 50688, 1, 0, 0
66027, 48944, 1, 0, 0
67028, 54784, 1, 0, 0
68027, 55607, 1, 0, 0
69028, 52224, 1, 0, 0
70027, 42282, 1, 0, 0
71028, 52736, 1, 0, 0
72027, 43051, 1, 0, 0
73027, 47663, 1, 0, 0
74027, 52788, 1, 0, 0
75027, 55808, 1, 0, 0
76027, 56120, 1, 0, 0
77028, 43520, 1, 0, 0
78027, 57913, 1, 0, 0
79028, 47616, 1, 0, 0
80028, 43264, 1, 0, 0
81027, 60220, 1, 0, 0
82028, 56832, 1, 0, 0
83027, 52276, 1, 0, 0
84028, 56064, 1, 0, 0
85027, 57145, 1, 0, 0
86027, 55351, 1, 0, 0
87028, 52992, 1, 0, 0
88027, 58682, 1, 0, 0
89028, 48640, 1, 0, 0
90027, 51251, 1, 0, 0
91028, 48384, 1, 0, 0
92027, 50738, 1, 0, 0
93028, 54016, 1, 0, 0
94027, 52276, 1, 0, 0
95028, 46080, 1, 0, 0
96027, 50738, 1, 0, 0
97028, 55296, 1, 0, 0
98028, 55351, 1, 0, 0
99027, 56632, 1, 0, 0
100027, 49969, 1, 0, 0
101028, 50944, 1, 0, 0
102027, 53557, 1, 0, 0
103028, 49920, 1, 0, 0
104027, 44332, 1, 0, 0
105027, 57145, 1, 0, 0
106028, 50688, 1, 0, 0
107027, 52788, 1, 0, 0
108028, 52992, 1, 0, 0
109028, 51507, 1, 0, 0
110027, 54326, 1, 0, 0
111028, 51712, 1, 0, 0
112028, 52532, 1, 0, 0
113027, 44332, 1, 0, 0
114028, 56832, 1, 0, 0
115027, 44844, 1, 0, 0
116027, 44588, 1, 0, 0
117028, 59136, 1, 0, 0
118027, 49969, 1, 0, 0
119028, 55040, 1, 0, 0
120027, 54582, 1, 0, 0
121027, 52532, 1, 0, 0
122027, 49408, 1, 0, 0
123027, 49457, 1, 0, 0
124028, 56576, 1, 0, 0
125027, 45869, 1, 0, 0
126028, 56320, 1, 0, 0
127027, 47151, 1, 0, 0
128027, 47407, 1, 0, 0
129028, 56064, 1, 0, 0
130027, 43051, 1, 0, 0
131027, 47663, 1, 0, 0
132028, 49408, 1, 0, 0
133027, 59195, 1, 0, 0
134028, 51712, 1, 0, 0
135027, 52276, 1, 0, 0
136027, 50994, 1, 0, 0
137027, 57856, 1, 0, 0
138027, 53045, 1, 0, 0
139028, 52480, 1, 0, 0
140027, 52276, 1, 0, 0
141027, 43819, 1, 0, 0
142028, 50944, 1, 0, 0
143027, 48688, 1, 0, 0
144027, 57145, 1, 0, 0
145028, 46336, 1, 0, 0
146027, 65857, 1, 0, 0
147028, 39680, 1, 0, 0
148027, 51251, 1, 0, 0
149027, 45613, 1, 0, 0
150028, 47872, 1, 0, 0
151027, 51763, 1, 0, 0
152028, 45056, 1, 0, 0
153027, 58682, 1, 0, 0
154027, 49969, 1, 0, 0
155028, 57600, 1, 0, 0
156027, 53557, 1, 0, 0
157028, 56320, 1, 0, 0
158028, 58938, 1, 0, 0
159027, 62526, 1, 0, 0
160028, 46080, 1, 0, 0
161027, 53045, 1, 0, 0
162027, 46638, 1, 0, 0
163028, 47872, 1, 0, 0
164027, 56376, 1, 0, 0
165028, 55552, 1, 0, 0
166027, 56632, 1, 0, 0
167028, 51712, 1, 0, 0
168027, 51507, 1, 0, 0
169027, 48432, 1, 0, 0
170028, 42240, 1, 0, 0
171027, 57657, 1, 0, 0
172027, 44844, 1, 0, 0
173028, 56064, 1, 0, 0
174027, 57145, 1, 0, 0
175027, 52788, 1, 0, 0
176028, 50176, 1, 0, 0
177027, 54326, 1, 0, 0
178028, 57600, 1, 0, 0
179027, 56632, 1, 0, 0
