576540, 4096, 1, 0, 0
578541, 4096, 1, 0, 0
583542, 4096, 1, 0, 0
588544, 4096, 1, 0, 0
591544, 4096, 1, 0, 0
594545, 4096, 1, 0, 0
601544, 4096, 1, 0, 0
603544, 4100, 1, 0, 0
605544, 4096, 1, 0, 0
608544, 4096, 1, 0, 0
622544, 4100, 1, 0, 0
624544, 4096, 1, 0, 0
628544, 4100, 1, 0, 0
640544, 4100, 1, 0, 0
644544, 4100, 1, 0, 0
646544, 4096, 1, 0, 0
647544, 4100, 1, 0, 0
651544, 4096, 1, 0, 0
653544, 4096, 1, 0, 0
657544, 4100, 1, 0, 0
659544, 4096, 1, 0, 0
669544, 4096, 1, 0, 0
674544, 4100, 1, 0, 0
676544, 4096, 1, 0, 0
678544, 4096, 1, 0, 0
680544, 4100, 1, 0, 0
687544, 4100, 1, 0, 0
688544, 4096, 1, 0, 0
695544, 4096, 1, 0, 0
702544, 4096, 1, 0, 0
715544, 4096, 1, 0, 0
720544, 4096, 1, 0, 0
722544, 4096, 1, 0, 0
731544, 4096, 1, 0, 0
733544, 4100, 1, 0, 0
745544, 4100, 1, 0, 0
750544, 4096, 1, 0, 0
752544, 8192, 1, 0, 0
755544, 4096, 1, 0, 0
759544, 4096, 1, 0, 0
766544, 4100, 1, 0, 0
768544, 4096, 1, 0, 0
769544, 4096, 1, 0, 0
780544, 4096, 1, 0, 0
784544, 4096, 1, 0, 0
785545, 4096, 1, 0, 0
787544, 4096, 1, 0, 0
791544, 4096, 1, 0, 0
796544, 4096, 1, 0, 0
799544, 4096, 1, 0, 0
806544, 4096, 1, 0, 0
809544, 4100, 1, 0, 0
812544, 4096, 1, 0, 0
815544, 8192, 1, 0, 0
818544, 4096, 1, 0, 0
819544, 4096, 1, 0, 0
821544, 4100, 1, 0, 0
826544, 4096, 1, 0, 0
830544, 4096, 1, 0, 0
831544, 4100, 1, 0, 0
838544, 4096, 1, 0, 0
839544, 4100, 1, 0, 0
840544, 4096, 1, 0, 0
849544, 4096, 1, 0, 0
853544, 4096, 1, 0, 0
856544, 4096, 1, 0, 0
859544, 4100, 1, 0, 0
860544, 4096, 1, 0, 0
861544, 4096, 1, 0, 0
878544, 4100, 1, 0, 0
882545, 4096, 1, 0, 0
883544, 4100, 1, 0, 0
886545, 4096, 1, 0, 0
889544, 4096, 1, 0, 0
891544, 4096, 1, 0, 0
902544, 4096, 1, 0, 0
906544, 4096, 1, 0, 0
907544, 4096, 1, 0, 0
909544, 4096, 1, 0, 0
912544, 4100, 1, 0, 0
915545, 4096, 1, 0, 0
918544, 4096, 1, 0, 0
930544, 4096, 1, 0, 0
936544, 4100, 1, 0, 0
937544, 4096, 1, 0, 0
946544, 4096, 1, 0, 0
947545, 4096, 1, 0, 0
949544, 4096, 1, 0, 0
950544, 4096, 1, 0, 0
951545, 4096, 1, 0, 0
960544, 4096, 1, 0, 0
962544, 4096, 1, 0, 0
964544, 4096, 1, 0, 0
972544, 4100, 1, 0, 0
976544, 4100, 1, 0, 0
984545, 4096, 1, 0, 0
988545, 4096, 1, 0, 0
997545, 4096, 1, 0, 0
999544, 4096, 1, 0, 0
1003544, 4096, 1, 0, 0
1022544, 8200, 1, 0, 0
1028544, 8192, 1, 0, 0
1031544, 4100, 1, 0, 0
1057544, 4096, 1, 0, 0
1068544, 4096, 1, 0, 0
1069544, 4096, 1, 0, 0
1070544, 4096, 1, 0, 0
1080544, 4096, 1, 0, 0
1083544, 4096, 1, 0, 0
1086544, 4096, 1, 0, 0
1088544, 4100, 1, 0, 0
1089544, 4096, 1, 0, 0
1095544, 4096, 1, 0, 0
1097544, 4096, 1, 0, 0
1101544, 4096, 1, 0, 0
1108544, 4096, 1, 0, 0
1110544, 8192, 1, 0, 0
1112545, 4096, 1, 0, 0
1114544, 4096, 1, 0, 0
1115544, 4096, 1, 0, 0
1116544, 4096, 1, 0, 0
1119545, 4096, 1, 0, 0
1120544, 4100, 1, 0, 0
