520099, 4096, 1, 0, 0
521099, 4100, 1, 0, 0
529099, 4100, 1, 0, 0
531099, 4096, 1, 0, 0
533099, 4096, 1, 0, 0
536098, 4100, 1, 0, 0
537098, 4100, 1, 0, 0
540099, 4096, 1, 0, 0
546099, 4096, 1, 0, 0
549099, 4096, 1, 0, 0
558099, 4096, 1, 0, 0
562099, 4096, 1, 0, 0
563099, 4100, 1, 0, 0
564099, 4096, 1, 0, 0
566099, 4096, 1, 0, 0
571099, 4100, 1, 0, 0
578099, 4096, 1, 0, 0
589099, 4096, 1, 0, 0
591099, 4096, 1, 0, 0
594099, 4096, 1, 0, 0
600099, 4096, 1, 0, 0
621099, 4096, 1, 0, 0
622099, 4096, 1, 0, 0
625098, 4096, 1, 0, 0
633099, 4096, 1, 0, 0
636098, 4100, 1, 0, 0
648099, 4100, 1, 0, 0
649098, 4100, 1, 0, 0
653099, 4096, 1, 0, 0
661098, 4100, 1, 0, 0
667098, 4100, 1, 0, 0
670099, 4096, 1, 0, 0
672099, 4096, 1, 0, 0
673099, 4096, 1, 0, 0
674098, 4100, 1, 0, 0
679099, 8192, 1, 0, 0
680099, 4096, 1, 0, 0
682099, 4096, 1, 0, 0
686099, 4096, 1, 0, 0
689099, 4096, 1, 0, 0
694099, 4100, 1, 0, 0
706099, 4096, 1, 0, 0
707098, 4100, 1, 0, 0
709099, 4096, 1, 0, 0
716098, 4096, 1, 0, 0
725099, 4096, 1, 0, 0
730099, 4100, 1, 0, 0
734099, 4100, 1, 0, 0
735099, 4096, 1, 0, 0
743099, 4096, 1, 0, 0
744099, 4096, 1, 0, 0
746099, 4096, 1, 0, 0
747099, 4096, 1, 0, 0
750099, 4100, 1, 0, 0
756099, 4096, 1, 0, 0
762099, 4096, 1, 0, 0
766099, 4096, 1, 0, 0
775099, 4100, 1, 0, 0
777099, 4096, 1, 0, 0
794098, 8200, 1, 0, 0
804099, 4096, 1, 0, 0
805099, 4096, 1, 0, 0
810099, 4096, 1, 0, 0
813099, 4096, 1, 0, 0
815099, 4096, 1, 0, 0
816099, 4096, 1, 0, 0
825098, 4100, 1, 0, 0
833099, 4096, 1, 0, 0
845099, 4096, 1, 0, 0
848099, 4096, 1, 0, 0
851099, 4096, 1, 0, 0
852099, 4100, 1, 0, 0
854099, 4096, 1, 0, 0
855098, 4100, 1, 0, 0
859099, 8192, 1, 0, 0
861099, 4096, 1, 0, 0
864099, 4100, 1, 0, 0
865099, 4096, 1, 0, 0
866099, 4096, 1, 0, 0
876099, 4096, 1, 0, 0
880099, 4096, 1, 0, 0
896099, 4096, 1, 0, 0
907099, 4096, 1, 0, 0
911099, 4096, 1, 0, 0
922099, 4096, 1, 0, 0
924099, 4096, 1, 0, 0
925099, 4096, 1, 0, 0
927098, 4100, 1, 0, 0
929099, 4096, 1, 0, 0
937099, 4096, 1, 0, 0
939099, 4096, 1, 0, 0
942099, 4096, 1, 0, 0
944098, 4100, 1, 0, 0
950099, 4096, 1, 0, 0
957099, 4096, 1, 0, 0
971099, 4096, 1, 0, 0
976099, 4096, 1, 0, 0
985099, 4100, 1, 0, 0
996099, 4096, 1, 0, 0
1001099, 4096, 1, 0, 0
1004099, 4096, 1, 0, 0
1017098, 4100, 1, 0, 0
1022099, 4096, 1, 0, 0
1023099, 4100, 1, 0, 0
1027099, 4096, 1, 0, 0
1032099, 4100, 1, 0, 0
1052099, 4096, 1, 0, 0
1053099, 8192, 1, 0, 0
1060099, 4096, 1, 0, 0
1073099, 4096, 1, 0, 0
1076099, 4096, 1, 0, 0
1084099, 4096, 1, 0, 0
1087099, 4096, 1, 0, 0
1088098, 4100, 1, 0, 0
1089099, 4096, 1, 0, 0
1090099, 4096, 1, 0, 0
1091099, 4096, 1, 0, 0
1092099, 4096, 1, 0, 0
1094098, 4100, 1, 0, 0
1097099, 4096, 1, 0, 0
1098099, 4096, 1, 0, 0
1101099, 4096, 1, 0, 0
1103099, 4096, 1, 0, 0
1104099, 4096, 1, 0, 0
