645090, 8192, 1, 0, 0
649091, 4096, 1, 0, 0
651092, 4096, 1, 0, 0
655093, 4096, 1, 0, 0
658094, 4096, 1, 0, 0
660094, 4096, 1, 0, 0
668097, 4096, 1, 0, 0
669097, 4096, 1, 0, 0
676099, 4096, 1, 0, 0
677100, 4096, 1, 0, 0
681101, 4096, 1, 0, 0
685102, 4096, 1, 0, 0
689103, 4096, 1, 0, 0
696105, 4096, 1, 0, 0
699106, 4096, 1, 0, 0
701107, 4096, 1, 0, 0
715111, 4096, 1, 0, 0
716111, 4096, 1, 0, 0
717112, 4096, 1, 0, 0
718112, 4096, 1, 0, 0
721113, 4096, 1, 0, 0
725114, 4096, 1, 0, 0
726114, 4096, 1, 0, 0
734116, 4096, 1, 0, 0
735116, 4096, 1, 0, 0
753121, 4096, 1, 0, 0
757121, 4096, 1, 0, 0
762123, 4096, 1, 0, 0
765123, 4096, 1, 0, 0
768124, 4096, 1, 0, 0
775126, 4096, 1, 0, 0
784128, 4096, 1, 0, 0
798132, 4096, 1, 0, 0
809135, 4096, 1, 0, 0
828140, 4096, 1, 0, 0
838142, 4096, 1, 0, 0
840143, 4096, 1, 0, 0
849145, 4096, 1, 0, 0
851146, 4096, 1, 0, 0
852146, 4096, 1, 0, 0
858147, 4096, 1, 0, 0
862148, 4096, 1, 0, 0
865149, 4096, 1, 0, 0
868150, 4096, 1, 0, 0
877152, 4096, 1, 0, 0
880153, 4096, 1, 0, 0
890156, 4096, 1, 0, 0
891156, 4096, 1, 0, 0
898158, 4096, 1, 0, 0
900158, 4096, 1, 0, 0
905160, 4096, 1, 0, 0
909161, 4096, 1, 0, 0
910161, 4096, 1, 0, 0
911161, 4096, 1, 0, 0
921164, 4096, 1, 0, 0
926165, 4096, 1, 0, 0
928166, 8192, 1, 0, 0
935168, 4096, 1, 0, 0
936168, 4096, 1, 0, 0
940169, 4096, 1, 0, 0
943169, 4096, 1, 0, 0
946170, 4096, 1, 0, 0
948318, 3571, 1, 0, 0
949318, 4096, 1, 0, 0
950318, 4096, 1, 0, 0
951319, 4096, 1, 0, 0
954318, 4096, 1, 0, 0
956318, 8200, 1, 0, 0
959318, 4100, 1, 0, 0
965318, 4096, 1, 0, 0
967319, 4096, 1, 0, 0
970318, 4096, 1, 0, 0
979318, 4096, 1, 0, 0
993318, 4100, 1, 0, 0
1000318, 4096, 1, 0, 0
1002319, 4096, 1, 0, 0
1003318, 4100, 1, 0, 0
1012319, 4096, 1, 0, 0
1020318, 4096, 1, 0, 0
1021318, 4096, 1, 0, 0
1037318, 4100, 1, 0, 0
1039318, 4096, 1, 0, 0
1042318, 4100, 1, 0, 0
1043318, 4096, 1, 0, 0
1046318, 8200, 1, 0, 0
1049318, 4096, 1, 0, 0
1057318, 4096, 1, 0, 0
1059318, 4096, 1, 0, 0
1062318, 4096, 1, 0, 0
1069318, 4096, 1, 0, 0
1070318, 8192, 1, 0, 0
1071319, 4096, 1, 0, 0
1072318, 4100, 1, 0, 0
1073318, 4096, 1, 0, 0
1076319, 4096, 1, 0, 0
1079318, 4096, 1, 0, 0
1081318, 4096, 1, 0, 0
1089318, 4096, 1, 0, 0
1091318, 4096, 1, 0, 0
1096318, 4096, 1, 0, 0
1098318, 4096, 1, 0, 0
1101318, 4096, 1, 0, 0
1104318, 4096, 1, 0, 0
1105319, 4096, 1, 0, 0
1107318, 4100, 1, 0, 0
1108318, 4096, 1, 0, 0
1112319, 8192, 1, 0, 0
1114318, 4096, 1, 0, 0
1116318, 4096, 1, 0, 0
1117318, 4096, 1, 0, 0
1120318, 4100, 1, 0, 0
1121318, 4096, 1, 0, 0
1122318, 4096, 1, 0, 0
1123318, 4096, 1, 0, 0
1126319, 4096, 1, 0, 0
1127318, 8200, 1, 0, 0
1128318, 8192, 1, 0, 0
1129318, 8192, 1, 0, 0
