623000, 4100, 1, 0, 0
639000, 4096, 1, 0, 0
641000, 4100, 1, 0, 0
648000, 4100, 1, 0, 0
664000, 4096, 1, 0, 0
671000, 4100, 1, 0, 0
678000, 4100, 1, 0, 0
685000, 4096, 1, 0, 0
688000, 4100, 1, 0, 0
689000, 4096, 1, 0, 0
696000, 4096, 1, 0, 0
703000, 4096, 1, 0, 0
705000, 4096, 1, 0, 0
710000, 4096, 1, 0, 0
711000, 4100, 1, 0, 0
720000, 4096, 1, 0, 0
725000, 4096, 1, 0, 0
726000, 4100, 1, 0, 0
729000, 4096, 1, 0, 0
731000, 4096, 1, 0, 0
732000, 4096, 1, 0, 0
734000, 4100, 1, 0, 0
739000, 4096, 1, 0, 0
749000, 4096, 1, 0, 0
751000, 4096, 1, 0, 0
753000, 4096, 1, 0, 0
755000, 4096, 1, 0, 0
772000, 4096, 1, 0, 0
777000, 4096, 1, 0, 0
781000, 4096, 1, 0, 0
791000, 4096, 1, 0, 0
794000, 4100, 1, 0, 0
798000, 4100, 1, 0, 0
800000, 4096, 1, 0, 0
804000, 4096, 1, 0, 0
806000, 4100, 1, 0, 0
808000, 4096, 1, 0, 0
810000, 4096, 1, 0, 0
816000, 4096, 1, 0, 0
824000, 4096, 1, 0, 0
825000, 4100, 1, 0, 0
829000, 4096, 1, 0, 0
833000, 4096, 1, 0, 0
835001, 4096, 1, 0, 0
836000, 4100, 1, 0, 0
847000, 4100, 1, 0, 0
850000, 4096, 1, 0, 0
852000, 4100, 1, 0, 0
856000, 4096, 1, 0, 0
860000, 4100, 1, 0, 0
864000, 8200, 1, 0, 0
869000, 4096, 1, 0, 0
871000, 4100, 1, 0, 0
875000, 4100, 1, 0, 0
880000, 4096, 1, 0, 0
881000, 4096, 1, 0, 0
883000, 4100, 1, 0, 0
891000, 4100, 1, 0, 0
897000, 4096, 1, 0, 0
905000, 4100, 1, 0, 0
912000, 4096, 1, 0, 0
913000, 4100, 1, 0, 0
915000, 4096, 1, 0, 0
917000, 4096, 1, 0, 0
920000, 4100, 1, 0, 0
922000, 4096, 1, 0, 0
924000, 4096, 1, 0, 0
930000, 4096, 1, 0, 0
934000, 4096, 1, 0, 0
938000, 4096, 1, 0, 0
939000, 4096, 1, 0, 0
948000, 4100, 1, 0, 0
953000, 4096, 1, 0, 0
954000, 4096, 1, 0, 0
976000, 4096, 1, 0, 0
980000, 4096, 1, 0, 0
984000, 4096, 1, 0, 0
987000, 4096, 1, 0, 0
990000, 4096, 1, 0, 0
995000, 4096, 1, 0, 0
1005000, 4096, 1, 0, 0
1007000, 4096, 1, 0, 0
1011000, 4096, 1, 0, 0
1016000, 4096, 1, 0, 0
1022000, 4096, 1, 0, 0
1024000, 4096, 1, 0, 0
1026000, 4096, 1, 0, 0
1028000, 4100, 1, 0, 0
1030000, 4096, 1, 0, 0
1031000, 4096, 1, 0, 0
1032000, 4100, 1, 0, 0
1040000, 4096, 1, 0, 0
1046000, 4100, 1, 0, 0
1047000, 8192, 1, 0, 0
1048000, 4096, 1, 0, 0
1049000, 4096, 1, 0, 0
1052000, 4096, 1, 0, 0
1054000, 4096, 1, 0, 0
1062000, 4096, 1, 0, 0
1064000, 4096, 1, 0, 0
1066000, 8200, 1, 0, 0
1067000, 4096, 1, 0, 0
1070000, 4096, 1, 0, 0
1071000, 4096, 1, 0, 0
1072000, 4100, 1, 0, 0
1073000, 4096, 1, 0, 0
1082000, 4096, 1, 0, 0
1083000, 4100, 1, 0, 0
1084000, 4096, 1, 0, 0
1085000, 4096, 1, 0, 0
1087000, 4096, 1, 0, 0
1089000, 4096, 1, 0, 0
1090000, 4096, 1, 0, 0
1092000, 4096, 1, 0, 0
1095000, 4096, 1, 0, 0
1098000, 4096, 1, 0, 0
1101000, 8192, 1, 0, 0
1102000, 4096, 1, 0, 0
1103000, 4096, 1, 0, 0
1107000, 4096, 1, 0, 0
1109000, 4096, 1, 0, 0
1110000, 4096, 1, 0, 0
1111000, 4096, 1, 0, 0
1112000, 4096, 1, 0, 0
