550434, 4096, 1, 0, 0
553435, 4096, 1, 0, 0
555436, 4096, 1, 0, 0
557436, 4096, 1, 0, 0
559437, 4096, 1, 0, 0
562438, 4096, 1, 0, 0
563438, 4096, 1, 0, 0
576443, 8192, 1, 0, 0
579444, 4096, 1, 0, 0
592447, 4100, 1, 0, 0
593447, 4096, 1, 0, 0
594448, 4096, 1, 0, 0
595447, 4100, 1, 0, 0
599448, 4096, 1, 0, 0
602448, 4096, 1, 0, 0
611448, 4096, 1, 0, 0
612447, 4100, 1, 0, 0
621447, 4096, 1, 0, 0
622447, 4100, 1, 0, 0
624448, 4096, 1, 0, 0
627448, 4096, 1, 0, 0
634447, 4100, 1, 0, 0
639448, 4096, 1, 0, 0
648447, 4096, 1, 0, 0
652447, 4096, 1, 0, 0
653448, 4096, 1, 0, 0
661447, 4100, 1, 0, 0
663447, 4096, 1, 0, 0
664448, 4096, 1, 0, 0
668447, 4096, 1, 0, 0
673448, 4096, 1, 0, 0
681447, 4096, 1, 0, 0
685447, 4096, 1, 0, 0
689448, 4096, 1, 0, 0
694447, 4096, 1, 0, 0
699448, 4096, 1, 0, 0
700447, 4100, 1, 0, 0
712447, 8192, 1, 0, 0
720448, 4096, 1, 0, 0
725448, 4096, 1, 0, 0
726447, 4100, 1, 0, 0
727447, 4096, 1, 0, 0
732448, 4096, 1, 0, 0
737447, 4100, 1, 0, 0
740448, 4096, 1, 0, 0
744448, 4096, 1, 0, 0
747447, 4096, 1, 0, 0
750447, 4096, 1, 0, 0
762447, 4100, 1, 0, 0
766447, 4100, 1, 0, 0
770448, 4096, 1, 0, 0
774447, 4100, 1, 0, 0
778447, 4100, 1, 0, 0
785448, 4096, 1, 0, 0
790447, 4100, 1, 0, 0
794447, 4100, 1, 0, 0
795447, 4096, 1, 0, 0
802447, 4096, 1, 0, 0
803447, 4096, 1, 0, 0
806447, 4096, 1, 0, 0
811447, 4096, 1, 0, 0
817447, 4100, 1, 0, 0
818447, 4096, 1, 0, 0
822447, 4096, 1, 0, 0
824448, 4096, 1, 0, 0
825447, 4100, 1, 0, 0
827448, 4096, 1, 0, 0
839447, 4100, 1, 0, 0
847447, 4100, 1, 0, 0
848447, 4096, 1, 0, 0
858448, 4096, 1, 0, 0
860447, 4096, 1, 0, 0
862448, 4096, 1, 0, 0
864447, 4096, 1, 0, 0
866448, 4096, 1, 0, 0
869448, 4096, 1, 0, 0
872447, 4096, 1, 0, 0
874448, 4096, 1, 0, 0
887447, 4100, 1, 0, 0
889448, 4096, 1, 0, 0
893448, 4096, 1, 0, 0
894447, 4100, 1, 0, 0
903448, 4096, 1, 0, 0
904448, 4096, 1, 0, 0
907448, 4096, 1, 0, 0
922448, 4096, 1, 0, 0
923447, 4100, 1, 0, 0
930448, 4096, 1, 0, 0
935448, 4096, 1, 0, 0
937447, 4096, 1, 0, 0
946448, 4096, 1, 0, 0
948447, 8200, 1, 0, 0
950448, 4096, 1, 0, 0
952447, 4100, 1, 0, 0
953447, 4096, 1, 0, 0
959447, 4100, 1, 0, 0
963447, 4100, 1, 0, 0
966448, 4096, 1, 0, 0
970447, 4096, 1, 0, 0
973447, 4096, 1, 0, 0
977447, 4096, 1, 0, 0
981447, 4100, 1, 0, 0
987448, 4096, 1, 0, 0
994447, 4096, 1, 0, 0
1011448, 4096, 1, 0, 0
1012447, 4100, 1, 0, 0
1015448, 4096, 1, 0, 0
1016448, 4096, 1, 0, 0
1021448, 4096, 1, 0, 0
1026448, 4096, 1, 0, 0
1027447, 4100, 1, 0, 0
1028447, 4096, 1, 0, 0
1031447, 4100, 1, 0, 0
1034447, 4096, 1, 0, 0
1036447, 4100, 1, 0, 0
1037447, 4096, 1, 0, 0
1053447, 4096, 1, 0, 0
1054447, 4096, 1, 0, 0
1058447, 4096, 1, 0, 0
1059448, 4096, 1, 0, 0
1060448, 4096, 1, 0, 0
1062447, 4096, 1, 0, 0
1071448, 4096, 1, 0, 0
1078447, 4096, 1, 0, 0
1079447, 4096, 1, 0, 0
