559097, 4096, 1, 0, 0
570097, 4096, 1, 0, 0
572097, 4096, 1, 0, 0
580097, 4096, 1, 0, 0
584096, 4100, 1, 0, 0
585097, 4096, 1, 0, 0
587096, 4100, 1, 0, 0
594097, 4096, 1, 0, 0
596097, 4096, 1, 0, 0
600097, 4096, 1, 0, 0
605097, 4096, 1, 0, 0
609097, 4096, 1, 0, 0
612097, 4096, 1, 0, 0
618097, 4100, 1, 0, 0
619097, 4096, 1, 0, 0
626096, 4096, 1, 0, 0
627097, 4096, 1, 0, 0
628096, 4100, 1, 0, 0
633097, 4096, 1, 0, 0
643096, 4096, 1, 0, 0
649096, 4100, 1, 0, 0
653097, 4096, 1, 0, 0
661096, 4100, 1, 0, 0
663097, 4096, 1, 0, 0
666097, 4096, 1, 0, 0
668097, 4096, 1, 0, 0
673097, 4096, 1, 0, 0
683097, 4096, 1, 0, 0
684096, 4100, 1, 0, 0
685096, 4096, 1, 0, 0
693097, 4096, 1, 0, 0
697096, 4100, 1, 0, 0
699097, 4096, 1, 0, 0
705097, 4096, 1, 0, 0
708097, 4096, 1, 0, 0
709097, 4096, 1, 0, 0
712097, 4096, 1, 0, 0
720097, 4096, 1, 0, 0
722096, 4100, 1, 0, 0
723097, 4096, 1, 0, 0
735097, 4096, 1, 0, 0
737096, 4100, 1, 0, 0
746096, 4096, 1, 0, 0
757097, 4096, 1, 0, 0
760097, 4096, 1, 0, 0
768097, 4096, 1, 0, 0
781097, 4096, 1, 0, 0
782097, 4096, 1, 0, 0
784097, 4096, 1, 0, 0
793097, 4096, 1, 0, 0
818096, 4100, 1, 0, 0
819097, 4096, 1, 0, 0
824097, 4096, 1, 0, 0
826097, 8192, 1, 0, 0
828096, 4100, 1, 0, 0
832096, 4100, 1, 0, 0
846097, 4096, 1, 0, 0
848097, 4096, 1, 0, 0
850097, 4096, 1, 0, 0
851097, 4096, 1, 0, 0
855096, 4100, 1, 0, 0
858097, 4096, 1, 0, 0
861097, 8192, 1, 0, 0
870097, 4096, 1, 0, 0
871096, 4100, 1, 0, 0
873097, 4096, 1, 0, 0
875096, 4100, 1, 0, 0
878097, 4096, 1, 0, 0
887096, 4100, 1, 0, 0
890097, 4096, 1, 0, 0
894096, 4100, 1, 0, 0
897097, 4096, 1, 0, 0
900097, 4096, 1, 0, 0
903097, 4096, 1, 0, 0
909096, 4100, 1, 0, 0
912097, 4096, 1, 0, 0
913096, 4100, 1, 0, 0
915097, 4096, 1, 0, 0
920096, 4100, 1, 0, 0
924096, 4096, 1, 0, 0
927096, 4100, 1, 0, 0
930097, 4096, 1, 0, 0
935097, 4096, 1, 0, 0
946097, 4096, 1, 0, 0
955097, 4096, 1, 0, 0
956096, 4100, 1, 0, 0
968096, 4100, 1, 0, 0
969097, 4096, 1, 0, 0
978097, 4096, 1, 0, 0
988097, 4096, 1, 0, 0
993096, 4100, 1, 0, 0
996097, 4096, 1, 0, 0
1003096, 4100, 1, 0, 0
1008096, 4100, 1, 0, 0
1013096, 4100, 1, 0, 0
1014097, 4096, 1, 0, 0
1029097, 4096, 1, 0, 0
1042096, 8200, 1, 0, 0
1049097, 4096, 1, 0, 0
1050097, 4096, 1, 0, 0
1057096, 4100, 1, 0, 0
1072096, 4100, 1, 0, 0
1079097, 4096, 1, 0, 0
1090097, 4096, 1, 0, 0
1091097, 4096, 1, 0, 0
1097097, 4096, 1, 0, 0
1098097, 4096, 1, 0, 0
1099097, 4096, 1, 0, 0
1101097, 4096, 1, 0, 0
1105097, 4096, 1, 0, 0
1107096, 4096, 1, 0, 0
1112097, 8192, 1, 0, 0
1113096, 4100, 1, 0, 0
1114096, 4096, 1, 0, 0
1117097, 4096, 1, 0, 0
1118097, 4096, 1, 0, 0
1121096, 4100, 1, 0, 0
1123097, 8192, 1, 0, 0
1124097, 4096, 1, 0, 0
1125097, 4096, 1, 0, 0
1126097, 4096, 1, 0, 0
1127096, 4100, 1, 0, 0
1128096, 4096, 1, 0, 0
