553435, 4096, 1, 0, 0
554435, 4096, 1, 0, 0
559437, 4096, 1, 0, 0
561438, 4096, 1, 0, 0
566440, 4096, 1, 0, 0
568440, 4096, 1, 0, 0
572442, 4096, 1, 0, 0
582446, 4096, 1, 0, 0
584446, 4096, 1, 0, 0
600447, 4100, 1, 0, 0
602448, 4096, 1, 0, 0
611448, 4096, 1, 0, 0
612447, 4100, 1, 0, 0
616448, 4096, 1, 0, 0
623447, 4096, 1, 0, 0
629448, 4096, 1, 0, 0
631447, 4100, 1, 0, 0
632448, 4096, 1, 0, 0
633448, 4096, 1, 0, 0
634447, 4100, 1, 0, 0
638448, 4096, 1, 0, 0
642448, 4096, 1, 0, 0
644447, 4100, 1, 0, 0
645448, 4096, 1, 0, 0
646448, 4096, 1, 0, 0
651447, 4096, 1, 0, 0
653448, 4096, 1, 0, 0
659448, 4096, 1, 0, 0
665448, 4100, 1, 0, 0
669448, 4096, 1, 0, 0
670447, 4100, 1, 0, 0
675448, 4096, 1, 0, 0
679448, 4096, 1, 0, 0
680447, 4100, 1, 0, 0
686448, 4096, 1, 0, 0
691448, 4096, 1, 0, 0
692448, 4096, 1, 0, 0
698448, 4096, 1, 0, 0
701448, 4096, 1, 0, 0
703447, 4100, 1, 0, 0
716448, 8192, 1, 0, 0
724448, 4096, 1, 0, 0
728448, 4096, 1, 0, 0
733447, 4100, 1, 0, 0
734447, 4096, 1, 0, 0
740448, 4096, 1, 0, 0
743448, 4096, 1, 0, 0
746447, 4096, 1, 0, 0
754447, 4100, 1, 0, 0
756448, 4096, 1, 0, 0
761448, 4096, 1, 0, 0
767447, 4096, 1, 0, 0
781448, 4096, 1, 0, 0
782447, 4100, 1, 0, 0
785448, 4096, 1, 0, 0
791448, 4096, 1, 0, 0
795448, 4096, 1, 0, 0
806447, 4096, 1, 0, 0
810448, 4096, 1, 0, 0
811448, 4096, 1, 0, 0
815448, 4096, 1, 0, 0
826448, 4096, 1, 0, 0
829448, 4096, 1, 0, 0
830448, 4096, 1, 0, 0
834448, 4096, 1, 0, 0
846448, 4096, 1, 0, 0
847447, 4100, 1, 0, 0
848448, 4096, 1, 0, 0
853448, 4096, 1, 0, 0
855447, 4100, 1, 0, 0
863447, 4100, 1, 0, 0
864447, 4096, 1, 0, 0
865448, 4096, 1, 0, 0
884448, 4096, 1, 0, 0
885448, 4096, 1, 0, 0
888448, 4096, 1, 0, 0
890447, 4100, 1, 0, 0
896448, 4096, 1, 0, 0
900448, 4096, 1, 0, 0
905447, 4100, 1, 0, 0
908447, 4100, 1, 0, 0
911448, 4096, 1, 0, 0
912447, 4100, 1, 0, 0
915448, 4096, 1, 0, 0
923447, 4100, 1, 0, 0
930448, 4096, 1, 0, 0
931447, 4100, 1, 0, 0
937448, 4096, 1, 0, 0
944447, 4100, 1, 0, 0
945448, 4096, 1, 0, 0
954448, 4096, 1, 0, 0
955447, 4100, 1, 0, 0
958448, 4096, 1, 0, 0
959447, 4100, 1, 0, 0
969448, 4096, 1, 0, 0
970448, 4096, 1, 0, 0
981447, 4100, 1, 0, 0
984448, 4096, 1, 0, 0
985447, 4100, 1, 0, 0
1008447, 4096, 1, 0, 0
1011448, 4096, 1, 0, 0
1013447, 8192, 1, 0, 0
1015448, 4096, 1, 0, 0
1019448, 4096, 1, 0, 0
1020448, 4096, 1, 0, 0
1026448, 4096, 1, 0, 0
1028447, 4096, 1, 0, 0
1036447, 4100, 1, 0, 0
1043448, 4096, 1, 0, 0
1051447, 4100, 1, 0, 0
1054448, 4096, 1, 0, 0
1058448, 4096, 1, 0, 0
1061447, 4100, 1, 0, 0
1062447, 4096, 1, 0, 0
1075448, 4096, 1, 0, 0
1077447, 4100, 1, 0, 0
1081448, 4096, 1, 0, 0
1084448, 4096, 1, 0, 0
1087448, 4096, 1, 0, 0
1092448, 4096, 1, 0, 0
1093448, 4096, 1, 0, 0
1094447, 4100, 1, 0, 0
1096448, 4096, 1, 0, 0
1097448, 4096, 1, 0, 0
1099447, 4100, 1, 0, 0
1102448, 4096, 1, 0, 0
