615444, 4096, 1, 0, 0
617444, 4100, 1, 0, 0
618444, 4096, 1, 0, 0
619444, 4096, 1, 0, 0
624444, 4096, 1, 0, 0
628444, 4100, 1, 0, 0
630444, 4096, 1, 0, 0
633444, 4096, 1, 0, 0
634444, 4100, 1, 0, 0
637444, 4100, 1, 0, 0
641444, 4096, 1, 0, 0
642444, 4096, 1, 0, 0
643444, 4096, 1, 0, 0
652444, 4096, 1, 0, 0
659444, 4096, 1, 0, 0
661444, 4100, 1, 0, 0
663444, 4096, 1, 0, 0
666445, 4096, 1, 0, 0
668444, 4096, 1, 0, 0
673444, 4096, 1, 0, 0
674444, 4100, 1, 0, 0
675444, 4096, 1, 0, 0
683444, 4096, 1, 0, 0
684444, 4100, 1, 0, 0
698444, 4096, 1, 0, 0
703444, 4100, 1, 0, 0
706445, 4096, 1, 0, 0
718444, 4096, 1, 0, 0
719444, 4096, 1, 0, 0
720444, 4096, 1, 0, 0
721444, 4100, 1, 0, 0
724444, 4096, 1, 0, 0
725445, 4096, 1, 0, 0
735444, 4096, 1, 0, 0
738444, 4096, 1, 0, 0
739444, 4096, 1, 0, 0
755444, 4096, 1, 0, 0
757445, 4096, 1, 0, 0
759444, 4096, 1, 0, 0
762444, 4100, 1, 0, 0
764444, 4096, 1, 0, 0
767444, 4096, 1, 0, 0
782444, 4100, 1, 0, 0
786444, 4100, 1, 0, 0
790444, 4100, 1, 0, 0
794444, 4100, 1, 0, 0
799444, 4096, 1, 0, 0
810444, 4096, 1, 0, 0
817444, 4100, 1, 0, 0
831444, 4100, 1, 0, 0
835444, 4100, 1, 0, 0
838444, 4096, 1, 0, 0
839444, 4100, 1, 0, 0
840444, 4096, 1, 0, 0
845444, 4096, 1, 0, 0
846444, 4096, 1, 0, 0
848444, 8192, 1, 0, 0
855444, 4100, 1, 0, 0
858444, 4096, 1, 0, 0
866444, 4096, 1, 0, 0
869444, 4096, 1, 0, 0
870444, 4100, 1, 0, 0
879444, 4096, 1, 0, 0
889444, 4096, 1, 0, 0
894444, 4100, 1, 0, 0
898444, 4096, 1, 0, 0
905444, 4100, 1, 0, 0
906444, 4096, 1, 0, 0
912444, 4100, 1, 0, 0
913444, 4096, 1, 0, 0
915445, 4096, 1, 0, 0
917444, 4096, 1, 0, 0
924444, 4096, 1, 0, 0
926444, 4096, 1, 0, 0
929444, 4096, 1, 0, 0
933444, 4096, 1, 0, 0
936444, 4100, 1, 0, 0
940444, 4100, 1, 0, 0
941444, 4096, 1, 0, 0
942444, 4096, 1, 0, 0
946444, 4096, 1, 0, 0
950444, 4096, 1, 0, 0
951445, 4096, 1, 0, 0
962444, 4096, 1, 0, 0
964444, 4096, 1, 0, 0
965444, 4096, 1, 0, 0
968444, 4100, 1, 0, 0
982444, 4096, 1, 0, 0
984445, 4096, 1, 0, 0
988445, 4096, 1, 0, 0
1011444, 4096, 1, 0, 0
1012444, 4100, 1, 0, 0
1013444, 4096, 1, 0, 0
1023444, 4096, 1, 0, 0
1025444, 4096, 1, 0, 0
1026444, 4096, 1, 0, 0
1030444, 4096, 1, 0, 0
1031444, 4100, 1, 0, 0
1032444, 4096, 1, 0, 0
1034444, 4096, 1, 0, 0
1038444, 8192, 1, 0, 0
1052444, 4096, 1, 0, 0
1053444, 4096, 1, 0, 0
1057444, 4096, 1, 0, 0
1063444, 4096, 1, 0, 0
1064444, 4096, 1, 0, 0
1066444, 4100, 1, 0, 0
1074444, 4096, 1, 0, 0
1081444, 8192, 1, 0, 0
1085444, 4096, 1, 0, 0
1086444, 4096, 1, 0, 0
1089444, 4096, 1, 0, 0
1091444, 4096, 1, 0, 0
1092444, 8192, 1, 0, 0
1093445, 4096, 1, 0, 0
1094444, 4100, 1, 0, 0
1098444, 4096, 1, 0, 0
1104444, 4096, 1, 0, 0
1105444, 4096, 1, 0, 0
1106444, 4100, 1, 0, 0
1108444, 8192, 1, 0, 0
1111444, 4096, 1, 0, 0
1113444, 4100, 1, 0, 0
