492418, 4096, 1, 0, 0
495420, 4096, 1, 0, 0
504423, 4096, 1, 0, 0
517428, 4096, 1, 0, 0
522430, 4096, 1, 0, 0
527432, 4096, 1, 0, 0
534435, 4096, 1, 0, 0
535435, 4096, 1, 0, 0
545439, 4096, 1, 0, 0
550441, 4096, 1, 0, 0
556443, 4096, 1, 0, 0
557443, 4096, 1, 0, 0
562445, 4096, 1, 0, 0
567447, 4096, 1, 0, 0
569447, 4096, 1, 0, 0
570448, 4096, 1, 0, 0
590454, 4096, 1, 0, 0
591454, 4096, 1, 0, 0
597454, 4100, 1, 0, 0
598454, 4096, 1, 0, 0
603454, 4100, 1, 0, 0
607454, 4096, 1, 0, 0
611454, 8192, 1, 0, 0
614454, 4100, 1, 0, 0
625454, 4100, 1, 0, 0
629454, 4096, 1, 0, 0
630454, 4096, 1, 0, 0
632454, 4096, 1, 0, 0
640454, 4100, 1, 0, 0
644454, 4100, 1, 0, 0
648454, 4096, 1, 0, 0
649454, 4096, 1, 0, 0
656454, 4096, 1, 0, 0
669454, 4096, 1, 0, 0
670454, 4100, 1, 0, 0
685454, 4096, 1, 0, 0
687454, 4100, 1, 0, 0
690454, 4100, 1, 0, 0
696455, 4096, 1, 0, 0
703454, 4100, 1, 0, 0
711454, 4096, 1, 0, 0
725455, 4096, 1, 0, 0
730454, 4096, 1, 0, 0
732454, 4096, 1, 0, 0
739454, 4096, 1, 0, 0
740454, 4096, 1, 0, 0
742454, 4096, 1, 0, 0
749454, 4100, 1, 0, 0
756454, 4096, 1, 0, 0
766454, 4100, 1, 0, 0
769454, 4096, 1, 0, 0
774454, 4100, 1, 0, 0
782454, 4100, 1, 0, 0
786454, 4100, 1, 0, 0
792454, 4096, 1, 0, 0
794454, 4100, 1, 0, 0
796454, 4096, 1, 0, 0
797455, 4096, 1, 0, 0
800454, 4096, 1, 0, 0
803454, 4096, 1, 0, 0
805454, 4100, 1, 0, 0
808454, 4096, 1, 0, 0
813454, 4100, 1, 0, 0
827455, 4096, 1, 0, 0
837454, 4096, 1, 0, 0
838454, 4096, 1, 0, 0
841454, 4096, 1, 0, 0
843455, 4096, 1, 0, 0
845454, 4096, 1, 0, 0
850454, 4096, 1, 0, 0
859454, 4100, 1, 0, 0
861454, 4096, 1, 0, 0
868454, 4096, 1, 0, 0
871454, 4096, 1, 0, 0
873454, 4096, 1, 0, 0
887454, 4100, 1, 0, 0
890454, 4100, 1, 0, 0
893455, 4096, 1, 0, 0
908454, 4100, 1, 0, 0
916454, 4100, 1, 0, 0
917454, 4096, 1, 0, 0
921454, 4096, 1, 0, 0
926454, 4096, 1, 0, 0
927454, 4100, 1, 0, 0
928454, 4096, 1, 0, 0
937454, 4096, 1, 0, 0
939454, 4096, 1, 0, 0
945454, 4096, 1, 0, 0
951455, 4096, 1, 0, 0
954454, 4096, 1, 0, 0
965454, 4096, 1, 0, 0
968454, 4100, 1, 0, 0
974454, 4096, 1, 0, 0
975454, 4096, 1, 0, 0
980455, 4096, 1, 0, 0
985454, 4100, 1, 0, 0
999454, 4096, 1, 0, 0
1004454, 4096, 1, 0, 0
1007454, 4100, 1, 0, 0
1015454, 4096, 1, 0, 0
1016455, 4096, 1, 0, 0
1020454, 4096, 1, 0, 0
1028454, 4096, 1, 0, 0
1029454, 4096, 1, 0, 0
1033454, 4096, 1, 0, 0
1035454, 4096, 1, 0, 0
1037454, 4096, 1, 0, 0
1046454, 4100, 1, 0, 0
1054454, 4096, 1, 0, 0
1055454, 4096, 1, 0, 0
1058454, 4096, 1, 0, 0
1063454, 4096, 1, 0, 0
1067454, 4096, 1, 0, 0
1072454, 4100, 1, 0, 0
1073454, 4096, 1, 0, 0
1082454, 4100, 1, 0, 0
1083454, 4096, 1, 0, 0
1087455, 4096, 1, 0, 0
1088454, 4100, 1, 0, 0
1090454, 4096, 1, 0, 0
1092454, 4096, 1, 0, 0
1094454, 4100, 1, 0, 0
1097454, 4096, 1, 0, 0
1100454, 4096, 1, 0, 0
1103454, 4096, 1, 0, 0
1112455, 4096, 1, 0, 0
1113454, 4100, 1, 0, 0
