637000, 4096, 1, 0, 0
640000, 4096, 1, 0, 0
641999, 4100, 1, 0, 0
651000, 4096, 1, 0, 0
656000, 4096, 1, 0, 0
657000, 4096, 1, 0, 0
664000, 4096, 1, 0, 0
680000, 4096, 1, 0, 0
695000, 4096, 1, 0, 0
697000, 4100, 1, 0, 0
701000, 4100, 1, 0, 0
704000, 4100, 1, 0, 0
705000, 4096, 1, 0, 0
708000, 4096, 1, 0, 0
710000, 4096, 1, 0, 0
726000, 4100, 1, 0, 0
729000, 4096, 1, 0, 0
737000, 4100, 1, 0, 0
740000, 4096, 1, 0, 0
741000, 4100, 1, 0, 0
742000, 4096, 1, 0, 0
746000, 4096, 1, 0, 0
748000, 8192, 1, 0, 0
757000, 4096, 1, 0, 0
761000, 4096, 1, 0, 0
763000, 4100, 1, 0, 0
766000, 4096, 1, 0, 0
769000, 4096, 1, 0, 0
773000, 4096, 1, 0, 0
778000, 4096, 1, 0, 0
798000, 4100, 1, 0, 0
801000, 4096, 1, 0, 0
805000, 4096, 1, 0, 0
815000, 4096, 1, 0, 0
817000, 4096, 1, 0, 0
818000, 4100, 1, 0, 0
820000, 4096, 1, 0, 0
826000, 4096, 1, 0, 0
828000, 4100, 1, 0, 0
835000, 4096, 1, 0, 0
836000, 4100, 1, 0, 0
839000, 4096, 1, 0, 0
841000, 4096, 1, 0, 0
844000, 4100, 1, 0, 0
851000, 4096, 1, 0, 0
863000, 4096, 1, 0, 0
864000, 4100, 1, 0, 0
870000, 4096, 1, 0, 0
893000, 4096, 1, 0, 0
895000, 4096, 1, 0, 0
898000, 4100, 1, 0, 0
901000, 4096, 1, 0, 0
912000, 4096, 1, 0, 0
921000, 4096, 1, 0, 0
924000, 4096, 1, 0, 0
926000, 4096, 1, 0, 0
933000, 4096, 1, 0, 0
934000, 4096, 1, 0, 0
936000, 4100, 1, 0, 0
938000, 4096, 1, 0, 0
945000, 4096, 1, 0, 0
954000, 4096, 1, 0, 0
960000, 8200, 1, 0, 0
964000, 4100, 1, 0, 0
966000, 4096, 1, 0, 0
973000, 8192, 1, 0, 0
974000, 4096, 1, 0, 0
976000, 4096, 1, 0, 0
982000, 4096, 1, 0, 0
999000, 4096, 1, 0, 0
1003000, 4100, 1, 0, 0
1007000, 4096, 1, 0, 0
1014000, 4096, 1, 0, 0
1021000, 4096, 1, 0, 0
1024000, 4096, 1, 0, 0
1026000, 4096, 1, 0, 0
1030000, 4096, 1, 0, 0
1031000, 4096, 1, 0, 0
1033000, 4096, 1, 0, 0
1046000, 4100, 1, 0, 0
1049000, 4096, 1, 0, 0
1058000, 4096, 1, 0, 0
1062000, 4096, 1, 0, 0
1074000, 4096, 1, 0, 0
1075000, 8192, 1, 0, 0
1077000, 8200, 1, 0, 0
1080000, 4096, 1, 0, 0
1081000, 4096, 1, 0, 0
1082000, 4096, 1, 0, 0
1084000, 4096, 1, 0, 0
1085000, 4096, 1, 0, 0
1086000, 4096, 1, 0, 0
1088000, 4100, 1, 0, 0
1090000, 4096, 1, 0, 0
1091000, 4096, 1, 0, 0
1096000, 4096, 1, 0, 0
1097000, 4096, 1, 0, 0
1099000, 4096, 1, 0, 0
1100000, 4100, 1, 0, 0
1101000, 4096, 1, 0, 0
1102000, 4096, 1, 0, 0
1107000, 8192, 1, 0, 0
1108000, 4096, 1, 0, 0
1110000, 4096, 1, 0, 0
1111000, 4096, 1, 0, 0
1114000, 4096, 1, 0, 0
1116000, 4096, 1, 0, 0
1117000, 4096, 1, 0, 0
1118000, 4096, 1, 0, 0
1119000, 4096, 1, 0, 0
1120000, 4096, 1, 0, 0
1123000, 4096, 1, 0, 0
1124000, 4096, 1, 0, 0
1125000, 4096, 1, 0, 0
1126000, 4096, 1, 0, 0
1127000, 4100, 1, 0, 0
1128000, 4096, 1, 0, 0
1129000, 8192, 1, 0, 0
1130000, 4096, 1, 0, 0
