571457, 4096, 1, 0, 0
572457, 4096, 1, 0, 0
576458, 4096, 1, 0, 0
578459, 4096, 1, 0, 0
585462, 4096, 1, 0, 0
586462, 4096, 1, 0, 0
589462, 4100, 1, 0, 0
597462, 4100, 1, 0, 0
611463, 4096, 1, 0, 0
618463, 4096, 1, 0, 0
625462, 4100, 1, 0, 0
631462, 4100, 1, 0, 0
634462, 4100, 1, 0, 0
639463, 4096, 1, 0, 0
646463, 4096, 1, 0, 0
649463, 4096, 1, 0, 0
650462, 4100, 1, 0, 0
655463, 4096, 1, 0, 0
658462, 4096, 1, 0, 0
660463, 4096, 1, 0, 0
667462, 4100, 1, 0, 0
668463, 4096, 1, 0, 0
669463, 8192, 1, 0, 0
675463, 4096, 1, 0, 0
676463, 4096, 1, 0, 0
679463, 4096, 1, 0, 0
688463, 4096, 1, 0, 0
689463, 4096, 1, 0, 0
692463, 8192, 1, 0, 0
693462, 4100, 1, 0, 0
696463, 4096, 1, 0, 0
698463, 4096, 1, 0, 0
699463, 4096, 1, 0, 0
701462, 4096, 1, 0, 0
707462, 4100, 1, 0, 0
717462, 4100, 1, 0, 0
735463, 4096, 1, 0, 0
736463, 4096, 1, 0, 0
747463, 4096, 1, 0, 0
749462, 4100, 1, 0, 0
751463, 4096, 1, 0, 0
752463, 4096, 1, 0, 0
754462, 4100, 1, 0, 0
756463, 4096, 1, 0, 0
760463, 4096, 1, 0, 0
764463, 4096, 1, 0, 0
765463, 4096, 1, 0, 0
772463, 4096, 1, 0, 0
775462, 4096, 1, 0, 0
779462, 4096, 1, 0, 0
782462, 4100, 1, 0, 0
787462, 4096, 1, 0, 0
788463, 4096, 1, 0, 0
792463, 4096, 1, 0, 0
804463, 4096, 1, 0, 0
810462, 4096, 1, 0, 0
815463, 4096, 1, 0, 0
817462, 4100, 1, 0, 0
819463, 4096, 1, 0, 0
822462, 4096, 1, 0, 0
824463, 4096, 1, 0, 0
825462, 4100, 1, 0, 0
828462, 4100, 1, 0, 0
834463, 4096, 1, 0, 0
837463, 4096, 1, 0, 0
839462, 4100, 1, 0, 0
843463, 4096, 1, 0, 0
853463, 8192, 1, 0, 0
858463, 4096, 1, 0, 0
859462, 4100, 1, 0, 0
866463, 4096, 1, 0, 0
867462, 4100, 1, 0, 0
870462, 4100, 1, 0, 0
871462, 4096, 1, 0, 0
876463, 4096, 1, 0, 0
879462, 4096, 1, 0, 0
880463, 4096, 1, 0, 0
881463, 4096, 1, 0, 0
883462, 4100, 1, 0, 0
891462, 4096, 1, 0, 0
895463, 4096, 1, 0, 0
897462, 4100, 1, 0, 0
902462, 4096, 1, 0, 0
906463, 4096, 1, 0, 0
908462, 4100, 1, 0, 0
911463, 4096, 1, 0, 0
917463, 4096, 1, 0, 0
922463, 4096, 1, 0, 0
926463, 4096, 1, 0, 0
929463, 4096, 1, 0, 0
938463, 4096, 1, 0, 0
940462, 4100, 1, 0, 0
944462, 4100, 1, 0, 0
951463, 4096, 1, 0, 0
953463, 4096, 1, 0, 0
954463, 4096, 1, 0, 0
957463, 4096, 1, 0, 0
958463, 4096, 1, 0, 0
967463, 4096, 1, 0, 0
978463, 4096, 1, 0, 0
980463, 4096, 1, 0, 0
984463, 4096, 1, 0, 0
985462, 4100, 1, 0, 0
986463, 4096, 1, 0, 0
989462, 4100, 1, 0, 0
990462, 4096, 1, 0, 0
993462, 4100, 1, 0, 0
997463, 4096, 1, 0, 0
998462, 4100, 1, 0, 0
1000463, 4096, 1, 0, 0
1001463, 4096, 1, 0, 0
1004463, 4096, 1, 0, 0
1014463, 4096, 1, 0, 0
1020463, 4096, 1, 0, 0
1022462, 4100, 1, 0, 0
1025463, 4096, 1, 0, 0
1026463, 4096, 1, 0, 0
1027462, 8200, 1, 0, 0
1032462, 4096, 1, 0, 0
1033462, 8192, 1, 0, 0
1035463, 4096, 1, 0, 0
1036462, 4100, 1, 0, 0
1037462, 4096, 1, 0, 0
