521436, 8192, 1, 0, 0
523437, 4096, 1, 0, 0
525438, 4096, 1, 0, 0
538443, 4096, 1, 0, 0
541444, 4096, 1, 0, 0
543445, 4096, 1, 0, 0
546446, 4096, 1, 0, 0
551447, 4096, 1, 0, 0
558450, 4096, 1, 0, 0
563452, 4096, 1, 0, 0
564452, 4096, 1, 0, 0
567453, 4096, 1, 0, 0
570454, 4096, 1, 0, 0
572455, 4096, 1, 0, 0
577457, 4096, 1, 0, 0
578457, 4096, 1, 0, 0
584459, 4096, 1, 0, 0
588461, 4096, 1, 0, 0
590460, 4096, 1, 0, 0
594461, 4096, 1, 0, 0
597460, 4100, 1, 0, 0
602461, 4096, 1, 0, 0
603460, 4100, 1, 0, 0
605461, 4096, 1, 0, 0
611461, 4096, 1, 0, 0
613461, 4096, 1, 0, 0
616461, 4096, 1, 0, 0
621461, 4096, 1, 0, 0
623460, 4096, 1, 0, 0
629461, 4096, 1, 0, 0
630461, 4096, 1, 0, 0
631460, 4100, 1, 0, 0
635461, 4096, 1, 0, 0
636461, 4096, 1, 0, 0
639461, 4096, 1, 0, 0
641460, 4096, 1, 0, 0
645461, 4096, 1, 0, 0
646461, 4096, 1, 0, 0
657460, 4100, 1, 0, 0
668461, 4096, 1, 0, 0
672461, 4096, 1, 0, 0
676461, 4096, 1, 0, 0
683461, 4096, 1, 0, 0
686461, 4096, 1, 0, 0
690460, 8200, 1, 0, 0
695461, 4096, 1, 0, 0
700460, 4100, 1, 0, 0
705461, 4096, 1, 0, 0
706461, 4096, 1, 0, 0
710460, 4100, 1, 0, 0
713461, 4096, 1, 0, 0
714460, 4100, 1, 0, 0
722460, 4096, 1, 0, 0
728461, 4096, 1, 0, 0
732461, 4096, 1, 0, 0
737460, 4100, 1, 0, 0
738460, 4096, 1, 0, 0
740461, 4096, 1, 0, 0
743461, 4096, 1, 0, 0
749460, 4100, 1, 0, 0
751461, 4096, 1, 0, 0
753461, 4096, 1, 0, 0
754460, 4100, 1, 0, 0
756461, 4096, 1, 0, 0
757461, 4096, 1, 0, 0
759460, 4096, 1, 0, 0
760461, 4096, 1, 0, 0
762460, 4100, 1, 0, 0
764461, 4096, 1, 0, 0
772461, 4096, 1, 0, 0
773461, 4096, 1, 0, 0
775460, 4096, 1, 0, 0
783460, 4096, 1, 0, 0
786460, 4100, 1, 0, 0
790460, 4100, 1, 0, 0
794460, 4100, 1, 0, 0
796461, 4096, 1, 0, 0
812461, 4096, 1, 0, 0
814460, 4096, 1, 0, 0
818460, 4096, 1, 0, 0
819461, 4096, 1, 0, 0
825460, 4100, 1, 0, 0
826461, 4096, 1, 0, 0
829461, 4096, 1, 0, 0
837461, 4096, 1, 0, 0
855460, 4100, 1, 0, 0
861461, 4096, 1, 0, 0
863460, 4100, 1, 0, 0
865461, 4096, 1, 0, 0
876461, 4096, 1, 0, 0
878460, 4100, 1, 0, 0
881461, 4096, 1, 0, 0
885461, 4096, 1, 0, 0
887460, 4100, 1, 0, 0
890460, 4100, 1, 0, 0
892461, 4096, 1, 0, 0
893461, 4096, 1, 0, 0
896461, 4096, 1, 0, 0
900461, 4096, 1, 0, 0
905460, 4100, 1, 0, 0
921461, 4096, 1, 0, 0
923460, 4100, 1, 0, 0
925461, 4096, 1, 0, 0
928460, 4096, 1, 0, 0
931460, 4100, 1, 0, 0
932460, 4096, 1, 0, 0
934461, 4096, 1, 0, 0
937461, 4096, 1, 0, 0
951461, 4096, 1, 0, 0
953461, 4096, 1, 0, 0
957461, 4096, 1, 0, 0
958461, 4096, 1, 0, 0
961461, 4096, 1, 0, 0
965461, 4096, 1, 0, 0
967461, 4096, 1, 0, 0
979461, 4096, 1, 0, 0
981460, 4100, 1, 0, 0
988461, 4096, 1, 0, 0
993460, 4100, 1, 0, 0
1008460, 4096, 1, 0, 0
1021461, 4096, 1, 0, 0
1029461, 4096, 1, 0, 0
1030461, 4096, 1, 0, 0
1031460, 4100, 1, 0, 0
1040461, 4096, 1, 0, 0
1048461, 4096, 1, 0, 0
