651480, 4096, 1, 0, 0
659481, 4096, 1, 0, 0
660481, 4096, 1, 0, 0
661480, 4100, 1, 0, 0
679481, 4096, 1, 0, 0
681480, 4096, 1, 0, 0
682481, 4096, 1, 0, 0
695481, 4096, 1, 0, 0
697480, 4100, 1, 0, 0
698481, 4096, 1, 0, 0
702481, 4096, 1, 0, 0
713481, 4096, 1, 0, 0
714480, 8200, 1, 0, 0
715481, 4096, 1, 0, 0
728481, 4096, 1, 0, 0
729480, 4100, 1, 0, 0
732481, 4096, 1, 0, 0
736481, 4096, 1, 0, 0
741480, 4100, 1, 0, 0
745480, 4100, 1, 0, 0
747481, 4096, 1, 0, 0
749480, 4100, 1, 0, 0
750480, 4096, 1, 0, 0
757481, 4096, 1, 0, 0
770481, 4096, 1, 0, 0
773481, 4096, 1, 0, 0
777481, 4096, 1, 0, 0
789481, 4096, 1, 0, 0
792481, 4096, 1, 0, 0
803481, 4096, 1, 0, 0
804481, 4096, 1, 0, 0
805480, 4100, 1, 0, 0
808481, 4096, 1, 0, 0
814480, 4096, 1, 0, 0
822481, 4096, 1, 0, 0
826481, 4096, 1, 0, 0
827481, 4096, 1, 0, 0
828480, 4100, 1, 0, 0
834481, 4096, 1, 0, 0
836480, 4096, 1, 0, 0
843481, 4096, 1, 0, 0
847480, 4100, 1, 0, 0
856481, 4096, 1, 0, 0
858481, 4096, 1, 0, 0
863480, 4100, 1, 0, 0
866481, 8192, 1, 0, 0
868481, 4096, 1, 0, 0
870480, 4100, 1, 0, 0
876481, 4096, 1, 0, 0
877481, 4096, 1, 0, 0
881481, 4096, 1, 0, 0
882481, 4096, 1, 0, 0
883480, 4100, 1, 0, 0
888481, 8192, 1, 0, 0
894480, 4100, 1, 0, 0
897480, 4100, 1, 0, 0
898480, 4096, 1, 0, 0
903481, 4096, 1, 0, 0
908480, 4100, 1, 0, 0
909480, 4096, 1, 0, 0
910481, 4096, 1, 0, 0
923480, 8200, 1, 0, 0
928480, 4096, 1, 0, 0
942481, 4096, 1, 0, 0
944480, 4100, 1, 0, 0
957481, 4096, 1, 0, 0
961481, 4096, 1, 0, 0
965481, 4096, 1, 0, 0
966481, 4096, 1, 0, 0
971481, 4096, 1, 0, 0
977480, 4096, 1, 0, 0
979481, 4096, 1, 0, 0
980481, 4096, 1, 0, 0
982481, 4096, 1, 0, 0
985480, 4100, 1, 0, 0
988481, 4096, 1, 0, 0
989480, 4100, 1, 0, 0
992481, 4096, 1, 0, 0
996481, 4096, 1, 0, 0
997481, 4096, 1, 0, 0
998480, 4100, 1, 0, 0
999480, 4096, 1, 0, 0
1001481, 4096, 1, 0, 0
1010481, 4096, 1, 0, 0
1021481, 4096, 1, 0, 0
1031480, 4100, 1, 0, 0
1035481, 4096, 1, 0, 0
1039481, 4096, 1, 0, 0
1050481, 4096, 1, 0, 0
1053481, 4096, 1, 0, 0
1054481, 4096, 1, 0, 0
1055481, 4096, 1, 0, 0
1068481, 4096, 1, 0, 0
1069481, 4096, 1, 0, 0
1070481, 4096, 1, 0, 0
1073481, 4096, 1, 0, 0
1076481, 4096, 1, 0, 0
1078480, 4096, 1, 0, 0
1080481, 4096, 1, 0, 0
1082480, 8200, 1, 0, 0
1086481, 4096, 1, 0, 0
1089480, 4096, 1, 0, 0
1090481, 4096, 1, 0, 0
1092481, 4096, 1, 0, 0
1104481, 4096, 1, 0, 0
1105481, 4096, 1, 0, 0
1107480, 4096, 1, 0, 0
1109481, 4096, 1, 0, 0
1110481, 4096, 1, 0, 0
1112481, 4096, 1, 0, 0
1115480, 8192, 1, 0, 0
1117481, 4096, 1, 0, 0
1118481, 4096, 1, 0, 0
1119481, 4096, 1, 0, 0
1120480, 4100, 1, 0, 0
1123481, 4096, 1, 0, 0
1124481, 4096, 1, 0, 0
1125481, 4096, 1, 0, 0
1126481, 4096, 1, 0, 0
1127480, 4100, 1, 0, 0
1128480, 8192, 1, 0, 0
