4000, 31007, 1, 0, 0
4999, 45613, 1, 0, 0
5998, 56632, 1, 0, 0
6998, 46894, 1, 0, 0
7999, 39384, 1, 0, 0
9000, 51404, 1, 0, 0
10001, 49102, 1, 0, 0
11002, 56007, 1, 0, 0
12003, 43732, 1, 0, 0
13004, 50637, 1, 0, 0
14005, 49870, 1, 0, 0
15007, 50125, 1, 0, 0
16008, 48591, 1, 0, 0
17009, 60160, 1, 0, 0
18010, 48128, 1, 0, 0
19011, 56832, 1, 0, 0
20012, 49870, 1, 0, 0
21013, 56519, 1, 0, 0
22014, 54272, 1, 0, 0
23015, 53760, 1, 0, 0
24016, 46592, 1, 0, 0
25017, 42496, 1, 0, 0
26018, 51712, 1, 0, 0
27019, 47872, 1, 0, 0
28020, 50176, 1, 0, 0
29021, 55752, 1, 0, 0
30022, 50637, 1, 0, 0
31023, 55296, 1, 0, 0
32024, 56007, 1, 0, 0
33025, 60672, 1, 0, 0
34026, 51968, 1, 0, 0
35027, 48591, 1, 0, 0
36028, 49152, 1, 0, 0
37029, 51200, 1, 0, 0
38030, 53450, 1, 0, 0
39031, 58880, 1, 0, 0
40032, 45778, 1, 0, 0
41033, 50893, 1, 0, 0
42034, 56320, 1, 0, 0
43035, 48384, 1, 0, 0
44036, 62976, 1, 0, 0
45037, 57856, 1, 0, 0
46037, 54528, 1, 0, 0
47039, 54217, 1, 0, 0
48040, 48847, 1, 0, 0
49041, 56007, 1, 0, 0
50042, 49358, 1, 0, 0
51043, 49408, 1, 0, 0
52044, 53504, 1, 0, 0
53045, 55240, 1, 0, 0
54046, 51200, 1, 0, 0
55047, 52480, 1, 0, 0
56048, 48128, 1, 0, 0
57049, 54729, 1, 0, 0
58050, 50125, 1, 0, 0
59051, 53962, 1, 0, 0
60052, 54016, 1, 0, 0
61053, 59392, 1, 0, 0
62054, 48335, 1, 0, 0
63055, 55240, 1, 0, 0
64056, 57542, 1, 0, 0
65057, 52427, 1, 0, 0
66058, 60099, 1, 0, 0
67059, 59904, 1, 0, 0
68060, 56263, 1, 0, 0
69061, 49102, 1, 0, 0
70062, 49614, 1, 0, 0
71063, 54985, 1, 0, 0
72064, 55552, 1, 0, 0
73065, 50944, 1, 0, 0
74066, 58565, 1, 0, 0
75067, 53450, 1, 0, 0
76069, 57286, 1, 0, 0
77070, 48591, 1, 0, 0
78071, 53194, 1, 0, 0
79072, 55496, 1, 0, 0
80073, 58053, 1, 0, 0
81074, 56775, 1, 0, 0
82075, 53962, 1, 0, 0
83076, 52427, 1, 0, 0
84077, 65726, 1, 0, 0
85078, 57856, 1, 0, 0
86079, 43520, 1, 0, 0
87080, 58112, 1, 0, 0
88081, 51404, 1, 0, 0
89082, 70144, 1, 0, 0
90083, 60355, 1, 0, 0
91084, 50125, 1, 0, 0
92085, 57088, 1, 0, 0
93086, 56007, 1, 0, 0
94087, 54473, 1, 0, 0
95088, 50381, 1, 0, 0
96089, 48591, 1, 0, 0
97090, 59076, 1, 0, 0
98091, 56832, 1, 0, 0
99092, 60416, 1, 0, 0
100093, 59332, 1, 0, 0
101094, 62208, 1, 0, 0
102095, 58821, 1, 0, 0
103096, 59136, 1, 0, 0
104097, 55496, 1, 0, 0
105098, 55808, 1, 0, 0
106099, 57344, 1, 0, 0
107100, 57542, 1, 0, 0
108101, 53450, 1, 0, 0
109102, 53450, 1, 0, 0
110103, 51968, 1, 0, 0
111104, 45824, 1, 0, 0
112105, 49614, 1, 0, 0
113106, 57286, 1, 0, 0
114107, 46592, 1, 0, 0
115108, 52939, 1, 0, 0
116109, 51916, 1, 0, 0
117110, 56320, 1, 0, 0
118111, 51148, 1, 0, 0
119112, 50381, 1, 0, 0
120113, 46801, 1, 0, 0
121114, 47824, 1, 0, 0
122115, 55296, 1, 0, 0
123116, 47104, 1, 0, 0
124118, 54217, 1, 0, 0
125119, 50125, 1, 0, 0
126120, 58112, 1, 0, 0
127121, 51660, 1, 0, 0
128122, 56775, 1, 0, 0
129123, 48384, 1, 0, 0
130124, 48079, 1, 0, 0
131125, 58112, 1, 0, 0
132126, 49152, 1, 0, 0
133127, 53504, 1, 0, 0
134128, 56007, 1, 0, 0
135129, 55552, 1, 0, 0
136130, 60160, 1, 0, 0
137131, 58368, 1, 0, 0
138132, 59904, 1, 0, 0
139133, 56576, 1, 0, 0
140134, 58624, 1, 0, 0
141134, 49920, 1, 0, 0
142135, 58880, 1, 0, 0
143136, 58624, 1, 0, 0
144137, 56320, 1, 0, 0
145138, 61440, 1, 0, 0
146139, 49664, 1, 0, 0
147140, 56320, 1, 0, 0
148140, 48384, 1, 0, 0
149141, 47872, 1, 0, 0
150142, 51200, 1, 0, 0
151143, 58565, 1, 0, 0
152144, 59332, 1, 0, 0
153145, 56576, 1, 0, 0
154146, 50688, 1, 0, 0
155147, 55552, 1, 0, 0
156148, 53504, 1, 0, 0
157148, 49664, 1, 0, 0
158149, 51456, 1, 0, 0
159150, 57088, 1, 0, 0
160151, 53504, 1, 0, 0
161152, 48896, 1, 0, 0
162153, 60672, 1, 0, 0
163154, 67072, 1, 0, 0
164154, 50688, 1, 0, 0
165155, 57856, 1, 0, 0
166156, 53504, 1, 0, 0
167157, 55240, 1, 0, 0
168158, 47872, 1, 0, 0
169159, 54016, 1, 0, 0
170160, 52992, 1, 0, 0
171161, 51712, 1, 0, 0
172162, 48640, 1, 0, 0
173163, 51200, 1, 0, 0
174164, 55040, 1, 0, 0
175164, 57088, 1, 0, 0
176165, 45312, 1, 0, 0
177166, 51200, 1, 0, 0
178167, 52736, 1, 0, 0
179168, 55552, 1, 0, 0
