3999, 31519, 1, 0, 0
4999, 49457, 1, 0, 0
5998, 55095, 1, 0, 0
6997, 46382, 1, 0, 0
7999, 52427, 1, 0, 0
9000, 44243, 1, 0, 0
10001, 45010, 1, 0, 0
11002, 53706, 1, 0, 0
12003, 46289, 1, 0, 0
13004, 50893, 1, 0, 0
14005, 45266, 1, 0, 0
15007, 45010, 1, 0, 0
16008, 49102, 1, 0, 0
17008, 55351, 1, 0, 0
18008, 52276, 1, 0, 0
19008, 47151, 1, 0, 0
20007, 59707, 1, 0, 0
21008, 52683, 1, 0, 0
22008, 43307, 1, 0, 0
23008, 45869, 1, 0, 0
24008, 55607, 1, 0, 0
25008, 57401, 1, 0, 0
26008, 54838, 1, 0, 0
27008, 59195, 1, 0, 0
28008, 55863, 1, 0, 0
29008, 59136, 1, 0, 0
30008, 44288, 1, 0, 0
31008, 56376, 1, 0, 0
32008, 56120, 1, 0, 0
33008, 72520, 1, 0, 0
34008, 53045, 1, 0, 0
35008, 49920, 1, 0, 0
36008, 50482, 1, 0, 0
37008, 58170, 1, 0, 0
38008, 55808, 1, 0, 0
39008, 52020, 1, 0, 0
40007, 56120, 1, 0, 0
41008, 56064, 1, 0, 0
42008, 54582, 1, 0, 0
43008, 56120, 1, 0, 0
44008, 48432, 1, 0, 0
45007, 63039, 1, 0, 0
46008, 49152, 1, 0, 0
47008, 42026, 1, 0, 0
48007, 57401, 1, 0, 0
49008, 48896, 1, 0, 0
50008, 54528, 1, 0, 0
51008, 48176, 1, 0, 0
52008, 56120, 1, 0, 0
53008, 56064, 1, 0, 0
54008, 48384, 1, 0, 0
55008, 59451, 1, 0, 0
56008, 53813, 1, 0, 0
57008, 53248, 1, 0, 0
58008, 49969, 1, 0, 0
59008, 45312, 1, 0, 0
60008, 56632, 1, 0, 0
61008, 57401, 1, 0, 0
62008, 58624, 1, 0, 0
63008, 55296, 1, 0, 0
64008, 54838, 1, 0, 0
65008, 57600, 1, 0, 0
66008, 45312, 1, 0, 0
67008, 49408, 1, 0, 0
68008, 50176, 1, 0, 0
69008, 47104, 1, 0, 0
70008, 60732, 1, 0, 0
71008, 57088, 1, 0, 0
72008, 50226, 1, 0, 0
73008, 51763, 1, 0, 0
74008, 58170, 1, 0, 0
75008, 63488, 1, 0, 0
76008, 55607, 1, 0, 0
77008, 57657, 1, 0, 0
78008, 55296, 1, 0, 0
79008, 55296, 1, 0, 0
80008, 67072, 1, 0, 0
81008, 45312, 1, 0, 0
82008, 60928, 1, 0, 0
83008, 52480, 1, 0, 0
84008, 54528, 1, 0, 0
85008, 53301, 1, 0, 0
86008, 56576, 1, 0, 0
87008, 46638, 1, 0, 0
88008, 55808, 1, 0, 0
89008, 60476, 1, 0, 0
90008, 55296, 1, 0, 0
91008, 60416, 1, 0, 0
92008, 52788, 1, 0, 0
93008, 49408, 1, 0, 0
94008, 49664, 1, 0, 0
95008, 55040, 1, 0, 0
96008, 62270, 1, 0, 0
97008, 54784, 1, 0, 0
98008, 45869, 1, 0, 0
99008, 63551, 1, 0, 0
100008, 55552, 1, 0, 0
101008, 56376, 1, 0, 0
102008, 65857, 1, 0, 0
103008, 58426, 1, 0, 0
104008, 53504, 1, 0, 0
105008, 49969, 1, 0, 0
106008, 60732, 1, 0, 0
107008, 55552, 1, 0, 0
108008, 57600, 1, 0, 0
109008, 58624, 1, 0, 0
110008, 59195, 1, 0, 0
111008, 60476, 1, 0, 0
112008, 58170, 1, 0, 0
113008, 55552, 1, 0, 0
114008, 55808, 1, 0, 0
115008, 58682, 1, 0, 0
116008, 51968, 1, 0, 0
117008, 48432, 1, 0, 0
118008, 52992, 1, 0, 0
119008, 60416, 1, 0, 0
120008, 53760, 1, 0, 0
121008, 49408, 1, 0, 0
122008, 49152, 1, 0, 0
123008, 54070, 1, 0, 0
124008, 56320, 1, 0, 0
125008, 53045, 1, 0, 0
126008, 57913, 1, 0, 0
127008, 46126, 1, 0, 0
128008, 59392, 1, 0, 0
129008, 53045, 1, 0, 0
130008, 63039, 1, 0, 0
131008, 61440, 1, 0, 0
132008, 55863, 1, 0, 0
133008, 49408, 1, 0, 0
134008, 54016, 1, 0, 0
135008, 45101, 1, 0, 0
136008, 55351, 1, 0, 0
137008, 57913, 1, 0, 0
138008, 47407, 1, 0, 0
139008, 52276, 1, 0, 0
140007, 58426, 1, 0, 0
141008, 59136, 1, 0, 0
142008, 58682, 1, 0, 0
143008, 61501, 1, 0, 0
144008, 49969, 1, 0, 0
145008, 55351, 1, 0, 0
146008, 58938, 1, 0, 0
147008, 51763, 1, 0, 0
148007, 48688, 1, 0, 0
149008, 55296, 1, 0, 0
150008, 54838, 1, 0, 0
151008, 54272, 1, 0, 0
152008, 58624, 1, 0, 0
153008, 53301, 1, 0, 0
154008, 61245, 1, 0, 0
155008, 57657, 1, 0, 0
156007, 60220, 1, 0, 0
157008, 47104, 1, 0, 0
158008, 53045, 1, 0, 0
159008, 56120, 1, 0, 0
160008, 46382, 1, 0, 0
161008, 59195, 1, 0, 0
162008, 52788, 1, 0, 0
163008, 57913, 1, 0, 0
164008, 56320, 1, 0, 0
165008, 55095, 1, 0, 0
166008, 61245, 1, 0, 0
167008, 49152, 1, 0, 0
168008, 60732, 1, 0, 0
169008, 58682, 1, 0, 0
170008, 54838, 1, 0, 0
171008, 56632, 1, 0, 0
172008, 57401, 1, 0, 0
173008, 52276, 1, 0, 0
174007, 47663, 1, 0, 0
175008, 49408, 1, 0, 0
176008, 60672, 1, 0, 0
177008, 58938, 1, 0, 0
178008, 50994, 1, 0, 0
179008, 54326, 1, 0, 0
