3999, 38950, 1, 0, 0
4999, 50226, 1, 0, 0
5998, 39463, 1, 0, 0
6997, 43307, 1, 0, 0
7999, 53450, 1, 0, 0
9000, 56519, 1, 0, 0
10001, 46545, 1, 0, 0
11002, 58565, 1, 0, 0
12003, 50381, 1, 0, 0
13004, 48335, 1, 0, 0
14006, 52683, 1, 0, 0
15007, 48335, 1, 0, 0
16008, 51148, 1, 0, 0
17008, 56120, 1, 0, 0
18008, 43307, 1, 0, 0
19008, 56888, 1, 0, 0
20007, 56376, 1, 0, 0
21008, 54985, 1, 0, 0
22008, 40744, 1, 0, 0
23008, 53813, 1, 0, 0
24008, 53813, 1, 0, 0
25008, 65345, 1, 0, 0
26008, 46638, 1, 0, 0
27008, 55607, 1, 0, 0
28008, 53045, 1, 0, 0
29008, 47616, 1, 0, 0
30008, 54528, 1, 0, 0
31008, 56376, 1, 0, 0
32008, 55095, 1, 0, 0
33008, 45613, 1, 0, 0
34008, 52020, 1, 0, 0
35008, 46336, 1, 0, 0
36008, 59707, 1, 0, 0
37008, 62782, 1, 0, 0
38008, 52992, 1, 0, 0
39008, 53557, 1, 0, 0
40008, 52276, 1, 0, 0
41008, 60416, 1, 0, 0
42008, 63295, 1, 0, 0
43008, 53045, 1, 0, 0
44008, 57145, 1, 0, 0
45008, 49457, 1, 0, 0
46008, 56320, 1, 0, 0
47008, 56376, 1, 0, 0
48008, 49201, 1, 0, 0
49008, 46848, 1, 0, 0
50008, 63488, 1, 0, 0
51008, 52532, 1, 0, 0
52008, 50738, 1, 0, 0
53008, 51200, 1, 0, 0
54008, 52992, 1, 0, 0
55008, 54582, 1, 0, 0
56008, 56632, 1, 0, 0
57008, 46080, 1, 0, 0
58008, 51763, 1, 0, 0
59008, 49152, 1, 0, 0
60008, 49457, 1, 0, 0
61008, 52532, 1, 0, 0
62008, 54784, 1, 0, 0
63008, 54784, 1, 0, 0
64008, 56120, 1, 0, 0
65008, 59648, 1, 0, 0
66008, 57856, 1, 0, 0
67008, 54528, 1, 0, 0
68008, 58880, 1, 0, 0
69008, 53504, 1, 0, 0
70008, 55607, 1, 0, 0
71008, 60416, 1, 0, 0
72008, 46894, 1, 0, 0
73008, 53557, 1, 0, 0
74008, 54582, 1, 0, 0
75008, 47104, 1, 0, 0
76008, 57145, 1, 0, 0
77008, 50738, 1, 0, 0
78008, 50176, 1, 0, 0
79008, 48640, 1, 0, 0
80008, 53504, 1, 0, 0
81008, 60928, 1, 0, 0
82008, 60928, 1, 0, 0
83008, 57344, 1, 0, 0
84008, 61440, 1, 0, 0
85008, 50226, 1, 0, 0
86008, 51456, 1, 0, 0
87008, 60988, 1, 0, 0
88008, 52736, 1, 0, 0
89008, 55095, 1, 0, 0
90008, 53760, 1, 0, 0
91008, 54272, 1, 0, 0
92008, 61245, 1, 0, 0
93008, 55040, 1, 0, 0
94008, 58112, 1, 0, 0
95008, 61696, 1, 0, 0
96008, 58682, 1, 0, 0
97008, 49152, 1, 0, 0
98008, 53045, 1, 0, 0
99008, 52532, 1, 0, 0
100008, 60160, 1, 0, 0
101008, 55863, 1, 0, 0
102008, 62526, 1, 0, 0
103008, 49457, 1, 0, 0
104008, 56064, 1, 0, 0
105008, 50994, 1, 0, 0
106008, 49713, 1, 0, 0
107008, 59136, 1, 0, 0
108008, 48128, 1, 0, 0
109008, 60160, 1, 0, 0
110008, 52020, 1, 0, 0
111008, 48944, 1, 0, 0
112008, 59963, 1, 0, 0
113008, 49152, 1, 0, 0
114008, 51456, 1, 0, 0
115008, 51763, 1, 0, 0
116008, 50944, 1, 0, 0
117008, 66626, 1, 0, 0
118008, 54016, 1, 0, 0
119008, 50176, 1, 0, 0
120008, 53504, 1, 0, 0
121008, 54016, 1, 0, 0
122008, 51200, 1, 0, 0
123008, 55095, 1, 0, 0
124008, 53248, 1, 0, 0
125008, 63807, 1, 0, 0
126008, 51763, 1, 0, 0
127008, 51763, 1, 0, 0
128008, 49920, 1, 0, 0
129008, 59195, 1, 0, 0
130008, 49713, 1, 0, 0
131008, 49408, 1, 0, 0
132008, 58682, 1, 0, 0
133008, 55296, 1, 0, 0
134008, 53504, 1, 0, 0
135008, 58170, 1, 0, 0
136008, 60476, 1, 0, 0
137008, 51507, 1, 0, 0
138008, 54070, 1, 0, 0
139008, 54070, 1, 0, 0
140008, 57401, 1, 0, 0
141008, 56320, 1, 0, 0
142008, 54326, 1, 0, 0
143008, 48944, 1, 0, 0
144008, 67907, 1, 0, 0
145008, 44332, 1, 0, 0
146008, 64320, 1, 0, 0
147008, 54838, 1, 0, 0
148008, 59707, 1, 0, 0
149008, 50688, 1, 0, 0
150008, 55607, 1, 0, 0
151008, 56832, 1, 0, 0
152008, 55040, 1, 0, 0
153008, 52020, 1, 0, 0
154008, 55351, 1, 0, 0
155008, 55351, 1, 0, 0
156008, 61501, 1, 0, 0
157008, 49152, 1, 0, 0
158008, 46638, 1, 0, 0
159008, 48176, 1, 0, 0
160008, 45357, 1, 0, 0
161008, 57401, 1, 0, 0
162008, 54838, 1, 0, 0
163008, 56120, 1, 0, 0
164008, 59904, 1, 0, 0
165008, 55607, 1, 0, 0
166008, 59451, 1, 0, 0
167008, 46080, 1, 0, 0
168008, 66882, 1, 0, 0
169008, 55351, 1, 0, 0
170008, 50738, 1, 0, 0
171008, 53557, 1, 0, 0
172008, 59195, 1, 0, 0
173008, 45101, 1, 0, 0
174008, 53557, 1, 0, 0
175008, 53760, 1, 0, 0
176008, 49664, 1, 0, 0
177008, 59963, 1, 0, 0
178008, 54326, 1, 0, 0
179008, 46126, 1, 0, 0
180008, 57657, 1, 0, 0
