4001, 45357, 1, 0, 0
5000, 53045, 1, 0, 0
5999, 50482, 1, 0, 0
6999, 42794, 1, 0, 0
8000, 49870, 1, 0, 0
9001, 48591, 1, 0, 0
10002, 56263, 1, 0, 0
11003, 45010, 1, 0, 0
12005, 50893, 1, 0, 0
13006, 50125, 1, 0, 0
14007, 46289, 1, 0, 0
15008, 53706, 1, 0, 0
16009, 54473, 1, 0, 0
17009, 51251, 1, 0, 0
18009, 54582, 1, 0, 0
19009, 49713, 1, 0, 0
20008, 54838, 1, 0, 0
21009, 45778, 1, 0, 0
22009, 53301, 1, 0, 0
23009, 41001, 1, 0, 0
24009, 55863, 1, 0, 0
25009, 46382, 1, 0, 0
26009, 53045, 1, 0, 0
27009, 49969, 1, 0, 0
28009, 53301, 1, 0, 0
29009, 50944, 1, 0, 0
30009, 56064, 1, 0, 0
31009, 64320, 1, 0, 0
32009, 61245, 1, 0, 0
33009, 48432, 1, 0, 0
34009, 52788, 1, 0, 0
35009, 49408, 1, 0, 0
36009, 57145, 1, 0, 0
37009, 49457, 1, 0, 0
38009, 51968, 1, 0, 0
39009, 55351, 1, 0, 0
40009, 50738, 1, 0, 0
41009, 52224, 1, 0, 0
42009, 60476, 1, 0, 0
43009, 57657, 1, 0, 0
44009, 58682, 1, 0, 0
45009, 62526, 1, 0, 0
46010, 52736, 1, 0, 0
47009, 57401, 1, 0, 0
48009, 46126, 1, 0, 0
49009, 48896, 1, 0, 0
50009, 46592, 1, 0, 0
51009, 51507, 1, 0, 0
52009, 51507, 1, 0, 0
53009, 45312, 1, 0, 0
54009, 55040, 1, 0, 0
55009, 57913, 1, 0, 0
56009, 52020, 1, 0, 0
57009, 55296, 1, 0, 0
58009, 49201, 1, 0, 0
59009, 51456, 1, 0, 0
60009, 54070, 1, 0, 0
61009, 55095, 1, 0, 0
62009, 52480, 1, 0, 0
63009, 50176, 1, 0, 0
64009, 56120, 1, 0, 0
65009, 62464, 1, 0, 0
66009, 47616, 1, 0, 0
67009, 46848, 1, 0, 0
68009, 57600, 1, 0, 0
69009, 44032, 1, 0, 0
70009, 51763, 1, 0, 0
71010, 51712, 1, 0, 0
72010, 50994, 1, 0, 0
73009, 56888, 1, 0, 0
74009, 60476, 1, 0, 0
75010, 54016, 1, 0, 0
76009, 47919, 1, 0, 0
77009, 50994, 1, 0, 0
78009, 52736, 1, 0, 0
79009, 53504, 1, 0, 0
80009, 60928, 1, 0, 0
81009, 54272, 1, 0, 0
82009, 55296, 1, 0, 0
83009, 53760, 1, 0, 0
84009, 57344, 1, 0, 0
85009, 49457, 1, 0, 0
86009, 61184, 1, 0, 0
87009, 56376, 1, 0, 0
88009, 54528, 1, 0, 0
89009, 55607, 1, 0, 0
90009, 53760, 1, 0, 0
91009, 57344, 1, 0, 0
92009, 63551, 1, 0, 0
93009, 55808, 1, 0, 0
94009, 57344, 1, 0, 0
95009, 56320, 1, 0, 0
96009, 59963, 1, 0, 0
97009, 65024, 1, 0, 0
98009, 56376, 1, 0, 0
99009, 48432, 1, 0, 0
100009, 55040, 1, 0, 0
101009, 63807, 1, 0, 0
102009, 60988, 1, 0, 0
103009, 48688, 1, 0, 0
104009, 57600, 1, 0, 0
105009, 61757, 1, 0, 0
106009, 57145, 1, 0, 0
107009, 59648, 1, 0, 0
108009, 52992, 1, 0, 0
109009, 52224, 1, 0, 0
110009, 48944, 1, 0, 0
111009, 44332, 1, 0, 0
112009, 47151, 1, 0, 0
113009, 55808, 1, 0, 0
114009, 45824, 1, 0, 0
115009, 47919, 1, 0, 0
116009, 57856, 1, 0, 0
117009, 48432, 1, 0, 0
118010, 52480, 1, 0, 0
119010, 62720, 1, 0, 0
120010, 51200, 1, 0, 0
121010, 52480, 1, 0, 0
122010, 57344, 1, 0, 0
123010, 47919, 1, 0, 0
124010, 62464, 1, 0, 0
125009, 46126, 1, 0, 0
126009, 49969, 1, 0, 0
127009, 53301, 1, 0, 0
128009, 52224, 1, 0, 0
129009, 53557, 1, 0, 0
130009, 61757, 1, 0, 0
131009, 43520, 1, 0, 0
132009, 55607, 1, 0, 0
133009, 58368, 1, 0, 0
134010, 53760, 1, 0, 0
135009, 52020, 1, 0, 0
136009, 45357, 1, 0, 0
137009, 48688, 1, 0, 0
138009, 50482, 1, 0, 0
139009, 55863, 1, 0, 0
140009, 55095, 1, 0, 0
141010, 56320, 1, 0, 0
142009, 62782, 1, 0, 0
143009, 48688, 1, 0, 0
144009, 47663, 1, 0, 0
145009, 53813, 1, 0, 0
146009, 51251, 1, 0, 0
147009, 57401, 1, 0, 0
148009, 57401, 1, 0, 0
149010, 51200, 1, 0, 0
150009, 55863, 1, 0, 0
151009, 46080, 1, 0, 0
152009, 59136, 1, 0, 0
153009, 57913, 1, 0, 0
154009, 57657, 1, 0, 0
155009, 57401, 1, 0, 0
156009, 63295, 1, 0, 0
157010, 46592, 1, 0, 0
158009, 50226, 1, 0, 0
159009, 52532, 1, 0, 0
160009, 48176, 1, 0, 0
161009, 46382, 1, 0, 0
162009, 46894, 1, 0, 0
163009, 63551, 1, 0, 0
164010, 53760, 1, 0, 0
165009, 53557, 1, 0, 0
166009, 51251, 1, 0, 0
167009, 53248, 1, 0, 0
168009, 58170, 1, 0, 0
169009, 50994, 1, 0, 0
170009, 59707, 1, 0, 0
171009, 47919, 1, 0, 0
172009, 55607, 1, 0, 0
173009, 47663, 1, 0, 0
174009, 53045, 1, 0, 0
175010, 51712, 1, 0, 0
176010, 50432, 1, 0, 0
177009, 57145, 1, 0, 0
178009, 66114, 1, 0, 0
179009, 45357, 1, 0, 0
