4001, 31519, 1, 0, 0
5000, 36644, 1, 0, 0
5999, 40232, 1, 0, 0
6998, 50482, 1, 0, 0
7998, 50482, 1, 0, 0
8997, 44076, 1, 0, 0
9996, 51251, 1, 0, 0
10997, 50893, 1, 0, 0
11998, 47056, 1, 0, 0
12999, 56263, 1, 0, 0
14000, 47056, 1, 0, 0
15002, 54473, 1, 0, 0
16003, 57030, 1, 0, 0
17003, 52020, 1, 0, 0
18003, 50226, 1, 0, 0
19003, 50994, 1, 0, 0
20002, 41769, 1, 0, 0
21003, 45010, 1, 0, 0
22003, 56888, 1, 0, 0
23003, 56888, 1, 0, 0
24003, 56376, 1, 0, 0
25003, 62014, 1, 0, 0
26003, 55863, 1, 0, 0
27003, 54838, 1, 0, 0
28003, 53045, 1, 0, 0
29003, 50176, 1, 0, 0
30003, 51200, 1, 0, 0
31003, 52532, 1, 0, 0
32003, 46638, 1, 0, 0
33003, 59195, 1, 0, 0
34003, 58426, 1, 0, 0
35003, 52992, 1, 0, 0
36003, 48688, 1, 0, 0
37003, 48944, 1, 0, 0
38003, 51968, 1, 0, 0
39003, 51507, 1, 0, 0
40002, 56120, 1, 0, 0
41003, 56576, 1, 0, 0
42003, 55351, 1, 0, 0
43003, 58170, 1, 0, 0
44003, 44332, 1, 0, 0
45002, 55095, 1, 0, 0
46003, 56064, 1, 0, 0
47002, 52276, 1, 0, 0
48002, 49969, 1, 0, 0
49003, 51456, 1, 0, 0
50003, 56832, 1, 0, 0
51003, 54070, 1, 0, 0
52003, 54326, 1, 0, 0
53003, 44288, 1, 0, 0
54003, 55808, 1, 0, 0
55003, 57657, 1, 0, 0
56003, 64576, 1, 0, 0
57003, 55296, 1, 0, 0
58003, 54838, 1, 0, 0
59003, 52992, 1, 0, 0
60003, 42538, 1, 0, 0
61003, 53045, 1, 0, 0
62003, 44288, 1, 0, 0
63003, 52224, 1, 0, 0
64003, 50994, 1, 0, 0
65003, 51712, 1, 0, 0
66003, 47872, 1, 0, 0
67003, 48128, 1, 0, 0
68003, 57856, 1, 0, 0
69003, 54272, 1, 0, 0
70003, 52276, 1, 0, 0
71003, 49920, 1, 0, 0
72003, 55351, 1, 0, 0
73003, 50482, 1, 0, 0
74003, 48688, 1, 0, 0
75003, 61696, 1, 0, 0
76002, 56632, 1, 0, 0
77002, 53301, 1, 0, 0
78003, 58624, 1, 0, 0
79003, 51712, 1, 0, 0
80003, 61952, 1, 0, 0
81003, 53760, 1, 0, 0
82003, 51712, 1, 0, 0
83003, 52992, 1, 0, 0
84003, 50432, 1, 0, 0
85003, 55863, 1, 0, 0
86003, 60160, 1, 0, 0
87003, 57401, 1, 0, 0
88003, 54016, 1, 0, 0
89003, 53045, 1, 0, 0
90003, 53248, 1, 0, 0
91003, 48128, 1, 0, 0
92003, 64832, 1, 0, 0
93003, 60416, 1, 0, 0
94003, 50432, 1, 0, 0
95003, 59136, 1, 0, 0
96003, 55095, 1, 0, 0
97003, 56320, 1, 0, 0
98003, 54838, 1, 0, 0
99003, 56632, 1, 0, 0
100003, 44544, 1, 0, 0
101003, 51763, 1, 0, 0
102003, 44076, 1, 0, 0
103003, 62014, 1, 0, 0
104003, 61952, 1, 0, 0
105003, 50738, 1, 0, 0
106003, 55863, 1, 0, 0
107003, 59392, 1, 0, 0
108003, 55296, 1, 0, 0
109003, 64512, 1, 0, 0
110003, 57145, 1, 0, 0
111003, 55863, 1, 0, 0
112003, 53557, 1, 0, 0
113003, 46848, 1, 0, 0
114003, 48640, 1, 0, 0
115003, 59963, 1, 0, 0
116003, 59392, 1, 0, 0
117003, 53045, 1, 0, 0
118003, 53504, 1, 0, 0
119003, 53248, 1, 0, 0
120003, 55296, 1, 0, 0
121003, 45056, 1, 0, 0
122003, 59136, 1, 0, 0
123003, 51507, 1, 0, 0
124003, 52992, 1, 0, 0
125003, 49201, 1, 0, 0
126003, 54838, 1, 0, 0
127003, 49969, 1, 0, 0
128003, 51968, 1, 0, 0
129003, 49201, 1, 0, 0
130003, 55863, 1, 0, 0
131003, 49920, 1, 0, 0
132003, 53813, 1, 0, 0
133003, 57856, 1, 0, 0
134003, 55296, 1, 0, 0
135003, 51507, 1, 0, 0
136003, 57657, 1, 0, 0
137003, 52788, 1, 0, 0
138003, 57145, 1, 0, 0
139003, 52788, 1, 0, 0
140002, 60732, 1, 0, 0
141003, 51712, 1, 0, 0
142003, 59195, 1, 0, 0
143003, 51507, 1, 0, 0
144003, 57145, 1, 0, 0
145003, 64320, 1, 0, 0
146003, 58170, 1, 0, 0
147003, 58170, 1, 0, 0
148002, 54326, 1, 0, 0
149003, 51200, 1, 0, 0
150003, 53045, 1, 0, 0
151003, 55808, 1, 0, 0
152003, 50944, 1, 0, 0
153003, 55607, 1, 0, 0
154003, 52788, 1, 0, 0
155003, 60988, 1, 0, 0
156002, 52020, 1, 0, 0
157003, 55040, 1, 0, 0
158003, 54582, 1, 0, 0
159003, 54582, 1, 0, 0
160003, 54582, 1, 0, 0
161003, 49457, 1, 0, 0
162003, 58682, 1, 0, 0
163002, 53813, 1, 0, 0
164003, 55040, 1, 0, 0
165003, 57145, 1, 0, 0
166003, 59195, 1, 0, 0
167003, 52992, 1, 0, 0
168003, 56888, 1, 0, 0
169003, 51251, 1, 0, 0
170003, 47919, 1, 0, 0
171003, 53557, 1, 0, 0
172003, 46894, 1, 0, 0
173003, 60220, 1, 0, 0
174002, 43819, 1, 0, 0
175003, 46848, 1, 0, 0
176003, 64768, 1, 0, 0
177003, 48944, 1, 0, 0
178003, 52020, 1, 0, 0
179003, 56888, 1, 0, 0
