4000, 27419, 1, 0, 0
4999, 53301, 1, 0, 0
5999, 42538, 1, 0, 0
6998, 58426, 1, 0, 0
7999, 48591, 1, 0, 0
9000, 47056, 1, 0, 0
10002, 52683, 1, 0, 0
11003, 51148, 1, 0, 0
12004, 41942, 1, 0, 0
13005, 47824, 1, 0, 0
14006, 52683, 1, 0, 0
15007, 52683, 1, 0, 0
16008, 53450, 1, 0, 0
17009, 50432, 1, 0, 0
18010, 49152, 1, 0, 0
19011, 44800, 1, 0, 0
20012, 50893, 1, 0, 0
21013, 49102, 1, 0, 0
22014, 42240, 1, 0, 0
23015, 57600, 1, 0, 0
24016, 50944, 1, 0, 0
25017, 48128, 1, 0, 0
26018, 59392, 1, 0, 0
27019, 59904, 1, 0, 0
28020, 61952, 1, 0, 0
29021, 55240, 1, 0, 0
30022, 50381, 1, 0, 0
31023, 54016, 1, 0, 0
32024, 52171, 1, 0, 0
33025, 52992, 1, 0, 0
34026, 54272, 1, 0, 0
35027, 45010, 1, 0, 0
36028, 57344, 1, 0, 0
37029, 52224, 1, 0, 0
38030, 56007, 1, 0, 0
39031, 45312, 1, 0, 0
40032, 48079, 1, 0, 0
41033, 59076, 1, 0, 0
42034, 52224, 1, 0, 0
43035, 55552, 1, 0, 0
44036, 50944, 1, 0, 0
45037, 49664, 1, 0, 0
46038, 44032, 1, 0, 0
47039, 54985, 1, 0, 0
48040, 50637, 1, 0, 0
49041, 50637, 1, 0, 0
50042, 46033, 1, 0, 0
51043, 52992, 1, 0, 0
52044, 60160, 1, 0, 0
53045, 50381, 1, 0, 0
54046, 55040, 1, 0, 0
55047, 53504, 1, 0, 0
56048, 51456, 1, 0, 0
57049, 60099, 1, 0, 0
58050, 53194, 1, 0, 0
59052, 57798, 1, 0, 0
60053, 59136, 1, 0, 0
61053, 54528, 1, 0, 0
62055, 56263, 1, 0, 0
63056, 60099, 1, 0, 0
64057, 53962, 1, 0, 0
65058, 62913, 1, 0, 0
66059, 54729, 1, 0, 0
67060, 56064, 1, 0, 0
68061, 54217, 1, 0, 0
69062, 56007, 1, 0, 0
70063, 52427, 1, 0, 0
71064, 53194, 1, 0, 0
72065, 56832, 1, 0, 0
73066, 49920, 1, 0, 0
74067, 63680, 1, 0, 0
75068, 52939, 1, 0, 0
76069, 63680, 1, 0, 0
77070, 59076, 1, 0, 0
78071, 50381, 1, 0, 0
79072, 48335, 1, 0, 0
80073, 56263, 1, 0, 0
81074, 53962, 1, 0, 0
82075, 57286, 1, 0, 0
83076, 46033, 1, 0, 0
84077, 57030, 1, 0, 0
85078, 49408, 1, 0, 0
86079, 48896, 1, 0, 0
87080, 55296, 1, 0, 0
88081, 50637, 1, 0, 0
89082, 56320, 1, 0, 0
90083, 57030, 1, 0, 0
91084, 45010, 1, 0, 0
92085, 57088, 1, 0, 0
93086, 60867, 1, 0, 0
94087, 53194, 1, 0, 0
95089, 54217, 1, 0, 0
96090, 52427, 1, 0, 0
97091, 57542, 1, 0, 0
98092, 48896, 1, 0, 0
99093, 46592, 1, 0, 0
100094, 53962, 1, 0, 0
101095, 54272, 1, 0, 0
102096, 56775, 1, 0, 0
103097, 57856, 1, 0, 0
104098, 58053, 1, 0, 0
105099, 49408, 1, 0, 0
106100, 62976, 1, 0, 0
107101, 56007, 1, 0, 0
108102, 52683, 1, 0, 0
109103, 51916, 1, 0, 0
110104, 47872, 1, 0, 0
111105, 52736, 1, 0, 0
112106, 51660, 1, 0, 0
113107, 49102, 1, 0, 0
114108, 57088, 1, 0, 0
115109, 59588, 1, 0, 0
116110, 54473, 1, 0, 0
117111, 50176, 1, 0, 0
118112, 49102, 1, 0, 0
119113, 48847, 1, 0, 0
120114, 58821, 1, 0, 0
121115, 52683, 1, 0, 0
122116, 45312, 1, 0, 0
123117, 54272, 1, 0, 0
124118, 52427, 1, 0, 0
125119, 46289, 1, 0, 0
126120, 55040, 1, 0, 0
127121, 52683, 1, 0, 0
128122, 55496, 1, 0, 0
129123, 45824, 1, 0, 0
130124, 54217, 1, 0, 0
131125, 54528, 1, 0, 0
132126, 52992, 1, 0, 0
133127, 61184, 1, 0, 0
134129, 63936, 1, 0, 0
135130, 58624, 1, 0, 0
136131, 55040, 1, 0, 0
137131, 48640, 1, 0, 0
138132, 52224, 1, 0, 0
139133, 57088, 1, 0, 0
140134, 55552, 1, 0, 0
141135, 49664, 1, 0, 0
142136, 62976, 1, 0, 0
143136, 62208, 1, 0, 0
144137, 60160, 1, 0, 0
145138, 56576, 1, 0, 0
146139, 55296, 1, 0, 0
147140, 66304, 1, 0, 0
148141, 50944, 1, 0, 0
149142, 51456, 1, 0, 0
150143, 51968, 1, 0, 0
151144, 50381, 1, 0, 0
152145, 51916, 1, 0, 0
153146, 55296, 1, 0, 0
154146, 54528, 1, 0, 0
155147, 56320, 1, 0, 0
156148, 56576, 1, 0, 0
157149, 52480, 1, 0, 0
158150, 55040, 1, 0, 0
159151, 56576, 1, 0, 0
160151, 47872, 1, 0, 0
161152, 47360, 1, 0, 0
162153, 55296, 1, 0, 0
163154, 56064, 1, 0, 0
164155, 52480, 1, 0, 0
165156, 61696, 1, 0, 0
166157, 50176, 1, 0, 0
167158, 49614, 1, 0, 0
168159, 42496, 1, 0, 0
169160, 58368, 1, 0, 0
170161, 57344, 1, 0, 0
171161, 54528, 1, 0, 0
172162, 54272, 1, 0, 0
173163, 48128, 1, 0, 0
174164, 50432, 1, 0, 0
175165, 49664, 1, 0, 0
176166, 57344, 1, 0, 0
177167, 52992, 1, 0, 0
178168, 50176, 1, 0, 0
179168, 58624, 1, 0, 0
