4001, 37925, 1, 0, 0
5000, 42538, 1, 0, 0
5999, 48176, 1, 0, 0
6999, 54070, 1, 0, 0
8000, 54729, 1, 0, 0
9001, 45010, 1, 0, 0
10002, 56263, 1, 0, 0
11003, 43220, 1, 0, 0
12004, 50125, 1, 0, 0
13005, 63424, 1, 0, 0
14007, 53194, 1, 0, 0
15008, 53706, 1, 0, 0
16009, 57030, 1, 0, 0
17009, 42282, 1, 0, 0
18009, 44844, 1, 0, 0
19009, 54582, 1, 0, 0
20008, 47151, 1, 0, 0
21009, 51660, 1, 0, 0
22009, 52532, 1, 0, 0
23009, 44844, 1, 0, 0
24009, 46638, 1, 0, 0
25009, 48432, 1, 0, 0
26009, 52788, 1, 0, 0
27009, 41513, 1, 0, 0
28009, 58682, 1, 0, 0
29009, 53760, 1, 0, 0
30009, 50688, 1, 0, 0
31009, 50994, 1, 0, 0
32009, 56632, 1, 0, 0
33009, 50482, 1, 0, 0
34009, 46894, 1, 0, 0
35009, 54016, 1, 0, 0
36009, 47663, 1, 0, 0
37009, 52788, 1, 0, 0
38009, 54528, 1, 0, 0
39009, 57913, 1, 0, 0
40009, 52020, 1, 0, 0
41009, 57088, 1, 0, 0
42009, 55095, 1, 0, 0
43009, 47663, 1, 0, 0
44009, 59707, 1, 0, 0
45009, 58426, 1, 0, 0
46010, 62464, 1, 0, 0
47009, 49457, 1, 0, 0
48009, 55863, 1, 0, 0
49009, 45056, 1, 0, 0
50009, 54528, 1, 0, 0
51009, 52532, 1, 0, 0
52009, 60732, 1, 0, 0
53009, 50944, 1, 0, 0
54009, 52736, 1, 0, 0
55009, 61245, 1, 0, 0
56009, 48688, 1, 0, 0
57009, 61952, 1, 0, 0
58009, 57145, 1, 0, 0
59009, 48896, 1, 0, 0
60009, 60476, 1, 0, 0
61009, 57913, 1, 0, 0
62009, 62208, 1, 0, 0
63009, 60416, 1, 0, 0
64009, 59707, 1, 0, 0
65009, 59904, 1, 0, 0
66009, 58368, 1, 0, 0
67009, 56320, 1, 0, 0
68009, 55040, 1, 0, 0
69009, 65536, 1, 0, 0
70009, 49713, 1, 0, 0
71009, 52480, 1, 0, 0
72009, 56376, 1, 0, 0
73009, 53301, 1, 0, 0
74009, 54070, 1, 0, 0
75009, 47872, 1, 0, 0
76009, 55351, 1, 0, 0
77009, 48944, 1, 0, 0
78009, 52224, 1, 0, 0
79009, 55552, 1, 0, 0
80009, 65024, 1, 0, 0
81009, 50432, 1, 0, 0
82009, 53760, 1, 0, 0
83009, 53504, 1, 0, 0
84009, 57344, 1, 0, 0
85009, 51763, 1, 0, 0
86009, 60928, 1, 0, 0
87009, 58170, 1, 0, 0
88009, 53248, 1, 0, 0
89009, 50994, 1, 0, 0
90009, 49408, 1, 0, 0
91009, 59136, 1, 0, 0
92009, 49201, 1, 0, 0
93009, 59136, 1, 0, 0
94009, 59392, 1, 0, 0
95009, 64768, 1, 0, 0
96009, 57657, 1, 0, 0
97009, 56832, 1, 0, 0
98009, 52532, 1, 0, 0
99009, 56632, 1, 0, 0
100009, 48384, 1, 0, 0
101009, 46382, 1, 0, 0
102009, 63807, 1, 0, 0
103009, 60732, 1, 0, 0
104009, 47360, 1, 0, 0
105009, 46894, 1, 0, 0
106009, 59707, 1, 0, 0
107009, 46592, 1, 0, 0
108009, 58368, 1, 0, 0
109009, 59392, 1, 0, 0
110009, 49201, 1, 0, 0
111009, 54838, 1, 0, 0
112009, 56376, 1, 0, 0
113009, 51968, 1, 0, 0
114009, 55552, 1, 0, 0
115009, 62014, 1, 0, 0
116009, 51968, 1, 0, 0
117009, 51507, 1, 0, 0
118009, 48640, 1, 0, 0
119009, 55808, 1, 0, 0
120009, 56832, 1, 0, 0
121009, 52224, 1, 0, 0
122009, 46592, 1, 0, 0
123009, 54838, 1, 0, 0
124010, 55808, 1, 0, 0
125009, 55607, 1, 0, 0
126009, 47663, 1, 0, 0
127009, 49713, 1, 0, 0
128009, 51200, 1, 0, 0
129009, 55095, 1, 0, 0
130009, 43819, 1, 0, 0
131009, 51456, 1, 0, 0
132009, 60732, 1, 0, 0
133009, 54784, 1, 0, 0
134009, 51968, 1, 0, 0
135009, 57145, 1, 0, 0
136009, 50226, 1, 0, 0
137009, 57657, 1, 0, 0
138009, 51507, 1, 0, 0
139009, 51763, 1, 0, 0
140009, 59963, 1, 0, 0
141009, 62464, 1, 0, 0
142009, 53557, 1, 0, 0
143009, 55607, 1, 0, 0
144009, 57657, 1, 0, 0
145009, 50482, 1, 0, 0
146009, 57913, 1, 0, 0
147009, 47407, 1, 0, 0
148009, 54070, 1, 0, 0
149009, 51968, 1, 0, 0
150009, 46126, 1, 0, 0
151009, 48384, 1, 0, 0
152009, 52480, 1, 0, 0
153009, 64064, 1, 0, 0
154009, 49201, 1, 0, 0
155009, 59707, 1, 0, 0
156009, 54582, 1, 0, 0
157009, 43776, 1, 0, 0
158009, 53045, 1, 0, 0
159009, 54582, 1, 0, 0
160009, 57401, 1, 0, 0
161009, 62014, 1, 0, 0
162009, 53045, 1, 0, 0
163009, 49457, 1, 0, 0
164010, 52224, 1, 0, 0
165009, 56376, 1, 0, 0
166009, 63807, 1, 0, 0
167009, 53760, 1, 0, 0
168009, 53045, 1, 0, 0
169009, 54070, 1, 0, 0
170009, 54582, 1, 0, 0
171009, 62270, 1, 0, 0
172009, 53557, 1, 0, 0
173009, 58938, 1, 0, 0
174009, 57913, 1, 0, 0
175009, 57856, 1, 0, 0
176009, 56832, 1, 0, 0
177009, 55607, 1, 0, 0
178009, 44844, 1, 0, 0
179009, 57145, 1, 0, 0
