4001, 30238, 1, 0, 0
5000, 47663, 1, 0, 0
5999, 55607, 1, 0, 0
6999, 40744, 1, 0, 0
7998, 44076, 1, 0, 0
8997, 45613, 1, 0, 0
9996, 52532, 1, 0, 0
10997, 48335, 1, 0, 0
11998, 60099, 1, 0, 0
12999, 47824, 1, 0, 0
14001, 57286, 1, 0, 0
15002, 47824, 1, 0, 0
16003, 49870, 1, 0, 0
17003, 67651, 1, 0, 0
18003, 53301, 1, 0, 0
19003, 55095, 1, 0, 0
20002, 53557, 1, 0, 0
21003, 54473, 1, 0, 0
22003, 44844, 1, 0, 0
23003, 53045, 1, 0, 0
24003, 51251, 1, 0, 0
25003, 53301, 1, 0, 0
26003, 54838, 1, 0, 0
27003, 53557, 1, 0, 0
28003, 58682, 1, 0, 0
29003, 56320, 1, 0, 0
30003, 55808, 1, 0, 0
31003, 51763, 1, 0, 0
32003, 62270, 1, 0, 0
33003, 46126, 1, 0, 0
34003, 45613, 1, 0, 0
35003, 53504, 1, 0, 0
36003, 58170, 1, 0, 0
37003, 46638, 1, 0, 0
38003, 62208, 1, 0, 0
39003, 57657, 1, 0, 0
40003, 48432, 1, 0, 0
41003, 55808, 1, 0, 0
42003, 53301, 1, 0, 0
43003, 46126, 1, 0, 0
44003, 56120, 1, 0, 0
45003, 52020, 1, 0, 0
46004, 51968, 1, 0, 0
47003, 52276, 1, 0, 0
48003, 50994, 1, 0, 0
49003, 49920, 1, 0, 0
50003, 51968, 1, 0, 0
51003, 55095, 1, 0, 0
52003, 47407, 1, 0, 0
53003, 49408, 1, 0, 0
54003, 55552, 1, 0, 0
55003, 62526, 1, 0, 0
56003, 56888, 1, 0, 0
57003, 55808, 1, 0, 0
58003, 52276, 1, 0, 0
59003, 52736, 1, 0, 0
60003, 52788, 1, 0, 0
61003, 51763, 1, 0, 0
62003, 52992, 1, 0, 0
63003, 51200, 1, 0, 0
64003, 47407, 1, 0, 0
65003, 57344, 1, 0, 0
66003, 68864, 1, 0, 0
67003, 52992, 1, 0, 0
68003, 44288, 1, 0, 0
69003, 49152, 1, 0, 0
70003, 48688, 1, 0, 0
71003, 55552, 1, 0, 0
72003, 56632, 1, 0, 0
73003, 50738, 1, 0, 0
74003, 52020, 1, 0, 0
75003, 62720, 1, 0, 0
76003, 45869, 1, 0, 0
77003, 60732, 1, 0, 0
78003, 41216, 1, 0, 0
79003, 55296, 1, 0, 0
80003, 59392, 1, 0, 0
81003, 58112, 1, 0, 0
82003, 58112, 1, 0, 0
83003, 57600, 1, 0, 0
84003, 51200, 1, 0, 0
85003, 55095, 1, 0, 0
86003, 55296, 1, 0, 0
87003, 51507, 1, 0, 0
88003, 52992, 1, 0, 0
89003, 45613, 1, 0, 0
90003, 63232, 1, 0, 0
91003, 48384, 1, 0, 0
92003, 42538, 1, 0, 0
93003, 49408, 1, 0, 0
94003, 58880, 1, 0, 0
95003, 57856, 1, 0, 0
96003, 56376, 1, 0, 0
97003, 55296, 1, 0, 0
98003, 53813, 1, 0, 0
99003, 48176, 1, 0, 0
100003, 52224, 1, 0, 0
101003, 56888, 1, 0, 0
102003, 53557, 1, 0, 0
103003, 58426, 1, 0, 0
104003, 53504, 1, 0, 0
105003, 61757, 1, 0, 0
106003, 55351, 1, 0, 0
107003, 46592, 1, 0, 0
108003, 49664, 1, 0, 0
109003, 50432, 1, 0, 0
110003, 60476, 1, 0, 0
111003, 49969, 1, 0, 0
112003, 48176, 1, 0, 0
113003, 57344, 1, 0, 0
114003, 54784, 1, 0, 0
115003, 56888, 1, 0, 0
116003, 61696, 1, 0, 0
117003, 50738, 1, 0, 0
118003, 52224, 1, 0, 0
119003, 54016, 1, 0, 0
120003, 59136, 1, 0, 0
121003, 59136, 1, 0, 0
122003, 50688, 1, 0, 0
123003, 51763, 1, 0, 0
124004, 50688, 1, 0, 0
125003, 47407, 1, 0, 0
126003, 49713, 1, 0, 0
127003, 51763, 1, 0, 0
128003, 49408, 1, 0, 0
129003, 46382, 1, 0, 0
130003, 52532, 1, 0, 0
131003, 66816, 1, 0, 0
132003, 49201, 1, 0, 0
133003, 55040, 1, 0, 0
134003, 48640, 1, 0, 0
135003, 54070, 1, 0, 0
136003, 54838, 1, 0, 0
137003, 47151, 1, 0, 0
138003, 49969, 1, 0, 0
139003, 59963, 1, 0, 0
140003, 47919, 1, 0, 0
141003, 56832, 1, 0, 0
142003, 53301, 1, 0, 0
143003, 59451, 1, 0, 0
144003, 53301, 1, 0, 0
145003, 60988, 1, 0, 0
146003, 58426, 1, 0, 0
147003, 45613, 1, 0, 0
148003, 55863, 1, 0, 0
149003, 50432, 1, 0, 0
150003, 46894, 1, 0, 0
151003, 54784, 1, 0, 0
152003, 60416, 1, 0, 0
153003, 51763, 1, 0, 0
154003, 50226, 1, 0, 0
155003, 54326, 1, 0, 0
156003, 55351, 1, 0, 0
157003, 50432, 1, 0, 0
158003, 56376, 1, 0, 0
159003, 47151, 1, 0, 0
160003, 54838, 1, 0, 0
161003, 51507, 1, 0, 0
162003, 54070, 1, 0, 0
163003, 49457, 1, 0, 0
164003, 52992, 1, 0, 0
165003, 47151, 1, 0, 0
166003, 50994, 1, 0, 0
167003, 61440, 1, 0, 0
168003, 55351, 1, 0, 0
169003, 53301, 1, 0, 0
170003, 50994, 1, 0, 0
171003, 55095, 1, 0, 0
172003, 50482, 1, 0, 0
173003, 49201, 1, 0, 0
174003, 48176, 1, 0, 0
175003, 62464, 1, 0, 0
176003, 50432, 1, 0, 0
177003, 56632, 1, 0, 0
178003, 54070, 1, 0, 0
179003, 55863, 1, 0, 0
180003, 57145, 1, 0, 0
