4000, 31263, 1, 0, 0
5001, 42709, 1, 0, 0
6003, 44243, 1, 0, 0
7004, 49358, 1, 0, 0
8005, 48847, 1, 0, 0
9006, 52683, 1, 0, 0
10007, 50893, 1, 0, 0
11009, 56263, 1, 0, 0
12010, 50125, 1, 0, 0
13011, 52683, 1, 0, 0
14012, 54729, 1, 0, 0
15013, 51148, 1, 0, 0
16014, 53194, 1, 0, 0
17015, 41984, 1, 0, 0
18016, 53248, 1, 0, 0
19017, 51456, 1, 0, 0
20018, 56263, 1, 0, 0
21019, 53450, 1, 0, 0
22020, 50688, 1, 0, 0
23021, 53760, 1, 0, 0
24022, 49920, 1, 0, 0
25023, 52992, 1, 0, 0
26024, 54528, 1, 0, 0
27025, 54784, 1, 0, 0
28026, 52992, 1, 0, 0
29027, 55496, 1, 0, 0
30028, 56775, 1, 0, 0
31029, 51712, 1, 0, 0
32030, 48591, 1, 0, 0
33031, 50944, 1, 0, 0
34032, 52736, 1, 0, 0
35033, 59076, 1, 0, 0
36034, 52992, 1, 0, 0
37035, 44544, 1, 0, 0
38036, 56775, 1, 0, 0
39037, 52224, 1, 0, 0
40038, 57030, 1, 0, 0
41039, 57798, 1, 0, 0
42040, 57856, 1, 0, 0
43041, 57344, 1, 0, 0
44042, 57344, 1, 0, 0
45043, 53248, 1, 0, 0
46044, 64768, 1, 0, 0
47045, 61378, 1, 0, 0
48046, 44755, 1, 0, 0
49047, 56775, 1, 0, 0
50048, 57542, 1, 0, 0
51049, 41984, 1, 0, 0
52050, 54272, 1, 0, 0
53051, 56263, 1, 0, 0
54052, 56320, 1, 0, 0
55053, 46336, 1, 0, 0
56054, 50432, 1, 0, 0
57055, 58821, 1, 0, 0
58056, 55496, 1, 0, 0
59057, 53450, 1, 0, 0
60058, 51200, 1, 0, 0
61059, 61440, 1, 0, 0
62060, 40663, 1, 0, 0
63062, 54217, 1, 0, 0
64063, 58053, 1, 0, 0
65064, 57030, 1, 0, 0
66065, 48079, 1, 0, 0
67066, 43264, 1, 0, 0
68067, 52683, 1, 0, 0
69068, 54217, 1, 0, 0
70069, 54473, 1, 0, 0
71070, 52427, 1, 0, 0
72071, 51968, 1, 0, 0
73072, 51456, 1, 0, 0
74073, 45522, 1, 0, 0
75074, 51148, 1, 0, 0
76075, 48591, 1, 0, 0
77076, 55240, 1, 0, 0
78077, 58565, 1, 0, 0
79078, 47312, 1, 0, 0
80079, 56263, 1, 0, 0
81080, 53706, 1, 0, 0
82081, 61890, 1, 0, 0
83082, 52427, 1, 0, 0
84083, 50381, 1, 0, 0
85084, 47104, 1, 0, 0
86085, 48640, 1, 0, 0
87086, 58112, 1, 0, 0
88087, 50893, 1, 0, 0
89088, 56832, 1, 0, 0
90089, 54729, 1, 0, 0
91090, 50381, 1, 0, 0
92091, 51968, 1, 0, 0
93092, 45778, 1, 0, 0
94093, 56519, 1, 0, 0
95094, 56519, 1, 0, 0
96096, 50125, 1, 0, 0
97097, 51148, 1, 0, 0
98097, 49664, 1, 0, 0
99098, 55808, 1, 0, 0
100100, 42709, 1, 0, 0
101101, 54528, 1, 0, 0
102102, 46033, 1, 0, 0
103103, 58368, 1, 0, 0
104104, 53194, 1, 0, 0
105105, 52736, 1, 0, 0
106106, 60672, 1, 0, 0
107107, 61122, 1, 0, 0
108108, 60099, 1, 0, 0
109109, 53962, 1, 0, 0
110110, 65280, 1, 0, 0
111111, 48384, 1, 0, 0
112112, 50381, 1, 0, 0
113113, 56263, 1, 0, 0
114114, 51968, 1, 0, 0
115115, 56007, 1, 0, 0
116116, 54985, 1, 0, 0
117117, 56832, 1, 0, 0
118118, 48847, 1, 0, 0
119119, 47056, 1, 0, 0
120120, 49614, 1, 0, 0
121121, 43220, 1, 0, 0
122122, 43264, 1, 0, 0
123123, 52736, 1, 0, 0
124124, 61378, 1, 0, 0
125125, 57030, 1, 0, 0
126126, 43776, 1, 0, 0
127127, 59588, 1, 0, 0
128128, 55752, 1, 0, 0
129129, 55296, 1, 0, 0
130130, 58053, 1, 0, 0
131131, 54784, 1, 0, 0
132132, 64000, 1, 0, 0
133133, 51712, 1, 0, 0
134135, 53962, 1, 0, 0
135136, 57344, 1, 0, 0
136136, 54528, 1, 0, 0
137137, 59136, 1, 0, 0
138138, 57856, 1, 0, 0
139139, 55296, 1, 0, 0
140140, 56064, 1, 0, 0
141141, 55808, 1, 0, 0
142142, 50944, 1, 0, 0
143142, 54528, 1, 0, 0
144143, 54016, 1, 0, 0
145144, 52736, 1, 0, 0
146145, 52992, 1, 0, 0
147146, 55552, 1, 0, 0
148147, 60416, 1, 0, 0
149148, 44544, 1, 0, 0
150149, 50176, 1, 0, 0
151150, 46545, 1, 0, 0
152151, 53962, 1, 0, 0
153152, 41984, 1, 0, 0
154152, 50944, 1, 0, 0
155153, 46848, 1, 0, 0
156154, 51968, 1, 0, 0
157155, 52480, 1, 0, 0
158156, 51200, 1, 0, 0
159156, 50944, 1, 0, 0
160157, 50432, 1, 0, 0
161158, 53504, 1, 0, 0
162159, 45056, 1, 0, 0
163160, 53504, 1, 0, 0
164161, 49920, 1, 0, 0
165162, 53504, 1, 0, 0
166162, 59648, 1, 0, 0
167164, 56263, 1, 0, 0
168165, 58880, 1, 0, 0
169165, 51712, 1, 0, 0
170166, 58624, 1, 0, 0
171167, 49152, 1, 0, 0
172168, 56832, 1, 0, 0
173169, 58112, 1, 0, 0
174170, 54784, 1, 0, 0
175171, 50944, 1, 0, 0
176172, 53248, 1, 0, 0
177173, 52992, 1, 0, 0
178173, 58880, 1, 0, 0
179174, 57856, 1, 0, 0
