4000, 29213, 1, 0, 0
4999, 55607, 1, 0, 0
5998, 47919, 1, 0, 0
6999, 41686, 1, 0, 0
8001, 45778, 1, 0, 0
9002, 59332, 1, 0, 0
10003, 49358, 1, 0, 0
11004, 55752, 1, 0, 0
12005, 54985, 1, 0, 0
13006, 57798, 1, 0, 0
14007, 53706, 1, 0, 0
15008, 50637, 1, 0, 0
16010, 47312, 1, 0, 0
17011, 52992, 1, 0, 0
18012, 55808, 1, 0, 0
19013, 47872, 1, 0, 0
20014, 56007, 1, 0, 0
21015, 46033, 1, 0, 0
22016, 57344, 1, 0, 0
23017, 48896, 1, 0, 0
24018, 54272, 1, 0, 0
25019, 44032, 1, 0, 0
26020, 48640, 1, 0, 0
27021, 46080, 1, 0, 0
28022, 42496, 1, 0, 0
29023, 51660, 1, 0, 0
30024, 46289, 1, 0, 0
31025, 54016, 1, 0, 0
32026, 59844, 1, 0, 0
33027, 49152, 1, 0, 0
34028, 52480, 1, 0, 0
35029, 46289, 1, 0, 0
36030, 49920, 1, 0, 0
37031, 45568, 1, 0, 0
38032, 53962, 1, 0, 0
39032, 50176, 1, 0, 0
40034, 47312, 1, 0, 0
41035, 49870, 1, 0, 0
42036, 55040, 1, 0, 0
43036, 65280, 1, 0, 0
44037, 50944, 1, 0, 0
45038, 48384, 1, 0, 0
46039, 52736, 1, 0, 0
47040, 50381, 1, 0, 0
48042, 52939, 1, 0, 0
49043, 46033, 1, 0, 0
50044, 60355, 1, 0, 0
51045, 51456, 1, 0, 0
52046, 54528, 1, 0, 0
53047, 46289, 1, 0, 0
54048, 59392, 1, 0, 0
55049, 42496, 1, 0, 0
56050, 51712, 1, 0, 0
57051, 56263, 1, 0, 0
58052, 51148, 1, 0, 0
59053, 61890, 1, 0, 0
60054, 48640, 1, 0, 0
61055, 49920, 1, 0, 0
62056, 52171, 1, 0, 0
63057, 53450, 1, 0, 0
64058, 47312, 1, 0, 0
65059, 63936, 1, 0, 0
66060, 51660, 1, 0, 0
67061, 43520, 1, 0, 0
68062, 51148, 1, 0, 0
69063, 57542, 1, 0, 0
70064, 53450, 1, 0, 0
71065, 57286, 1, 0, 0
72066, 56832, 1, 0, 0
73067, 47360, 1, 0, 0
74068, 51916, 1, 0, 0
75069, 56519, 1, 0, 0
76071, 52683, 1, 0, 0
77072, 61890, 1, 0, 0
78073, 54473, 1, 0, 0
79074, 62145, 1, 0, 0
80075, 56007, 1, 0, 0
81076, 59076, 1, 0, 0
82077, 60611, 1, 0, 0
83078, 47312, 1, 0, 0
84079, 44499, 1, 0, 0
85080, 53504, 1, 0, 0
86081, 59136, 1, 0, 0
87082, 57856, 1, 0, 0
88083, 54729, 1, 0, 0
89084, 49664, 1, 0, 0
90085, 56263, 1, 0, 0
91086, 59332, 1, 0, 0
92087, 53760, 1, 0, 0
93088, 64191, 1, 0, 0
94089, 49614, 1, 0, 0
95090, 62145, 1, 0, 0
96091, 58053, 1, 0, 0
97092, 51148, 1, 0, 0
98093, 49408, 1, 0, 0
99094, 61952, 1, 0, 0
100095, 48847, 1, 0, 0
101096, 59904, 1, 0, 0
102097, 52171, 1, 0, 0
103098, 57856, 1, 0, 0
104099, 56775, 1, 0, 0
105100, 62976, 1, 0, 0
106101, 51456, 1, 0, 0
107102, 49870, 1, 0, 0
108103, 49870, 1, 0, 0
109104, 55496, 1, 0, 0
110105, 52736, 1, 0, 0
111106, 51712, 1, 0, 0
112107, 56007, 1, 0, 0
113108, 51404, 1, 0, 0
114109, 52480, 1, 0, 0
115110, 64447, 1, 0, 0
116111, 60355, 1, 0, 0
117112, 54784, 1, 0, 0
118113, 48079, 1, 0, 0
119114, 42453, 1, 0, 0
120115, 52683, 1, 0, 0
121116, 49870, 1, 0, 0
122117, 58368, 1, 0, 0
123118, 52224, 1, 0, 0
124120, 53194, 1, 0, 0
125121, 54985, 1, 0, 0
126122, 60928, 1, 0, 0
127123, 49870, 1, 0, 0
128124, 52683, 1, 0, 0
129125, 54272, 1, 0, 0
130126, 49102, 1, 0, 0
131127, 52736, 1, 0, 0
132128, 46592, 1, 0, 0
133129, 51712, 1, 0, 0
134130, 46033, 1, 0, 0
135131, 66048, 1, 0, 0
136132, 46592, 1, 0, 0
137133, 53760, 1, 0, 0
138134, 51968, 1, 0, 0
139135, 53760, 1, 0, 0
140135, 50176, 1, 0, 0
141136, 53248, 1, 0, 0
142137, 48640, 1, 0, 0
143138, 49920, 1, 0, 0
144139, 56064, 1, 0, 0
145140, 68608, 1, 0, 0
146141, 52736, 1, 0, 0
147142, 54784, 1, 0, 0
148142, 57088, 1, 0, 0
149143, 60672, 1, 0, 0
150144, 60416, 1, 0, 0
151145, 50893, 1, 0, 0
152146, 53194, 1, 0, 0
153147, 58112, 1, 0, 0
154148, 54784, 1, 0, 0
155149, 64512, 1, 0, 0
156149, 56576, 1, 0, 0
157150, 51456, 1, 0, 0
158151, 53248, 1, 0, 0
159152, 52480, 1, 0, 0
160153, 53504, 1, 0, 0
161154, 62976, 1, 0, 0
162155, 54528, 1, 0, 0
163155, 49152, 1, 0, 0
164156, 54272, 1, 0, 0
165157, 53504, 1, 0, 0
166158, 53504, 1, 0, 0
167159, 54473, 1, 0, 0
168160, 48128, 1, 0, 0
169161, 54528, 1, 0, 0
170162, 57088, 1, 0, 0
171163, 50176, 1, 0, 0
172164, 56576, 1, 0, 0
173165, 47360, 1, 0, 0
174165, 45312, 1, 0, 0
175166, 57600, 1, 0, 0
176167, 59648, 1, 0, 0
177168, 47872, 1, 0, 0
178169, 52992, 1, 0, 0
179170, 60416, 1, 0, 0
