1001, 21248, 0, 0, 0
2000, 21013, 0, 0, 0
3000, 22016, 0, 0, 0
4000, 23808, 0, 0, 0
5000, 22016, 0, 0, 0
6000, 24320, 0, 0, 0
7000, 21760, 0, 0, 0
8000, 24576, 0, 0, 0
9000, 25344, 0, 0, 0
10000, 24576, 0, 0, 0
11000, 21760, 0, 0, 0
12000, 20992, 0, 0, 0
13000, 22272, 0, 0, 0
14000, 23319, 0, 0, 0
15000, 24576, 0, 0, 0
16000, 25856, 0, 0, 0
17000, 25856, 0, 0, 0
18000, 24320, 0, 0, 0
19000, 22016, 0, 0, 0
20000, 24832, 0, 0, 0
21000, 25600, 0, 0, 0
22000, 22016, 0, 0, 0
23000, 23808, 0, 0, 0
24000, 22784, 0, 0, 0
25000, 25856, 0, 0, 0
26000, 25113, 0, 0, 0
27000, 24320, 0, 0, 0
28000, 23040, 0, 0, 0
29000, 22784, 0, 0, 0
30000, 23552, 0, 0, 0
31000, 23552, 0, 0, 0
32000, 24576, 0, 0, 0
33000, 23296, 0, 0, 0
34000, 25088, 0, 0, 0
35000, 25088, 0, 0, 0
36000, 25344, 0, 0, 0
37000, 23552, 0, 0, 0
38000, 21504, 0, 0, 0
39000, 24856, 0, 0, 0
40000, 23552, 0, 0, 0
41000, 24320, 0, 0, 0
42000, 24576, 0, 0, 0
43000, 23808, 0, 0, 0
44000, 20992, 0, 0, 0
45000, 25600, 0, 0, 0
46000, 23552, 0, 0, 0
47000, 24064, 0, 0, 0
48000, 23552, 0, 0, 0
49000, 22784, 0, 0, 0
50000, 23296, 0, 0, 0
51000, 22528, 0, 0, 0
52001, 23808, 0, 0, 0
53000, 23575, 0, 0, 0
54000, 24320, 0, 0, 0
55000, 24832, 0, 0, 0
56000, 24832, 0, 0, 0
57000, 23808, 0, 0, 0
58000, 25344, 0, 0, 0
59000, 24576, 0, 0, 0
60000, 24576, 0, 0, 0
61000, 22016, 0, 0, 0
62000, 23552, 0, 0, 0
63000, 23552, 0, 0, 0
64000, 23040, 0, 0, 0
65000, 23296, 0, 0, 0
66001, 24064, 0, 0, 0
67000, 24600, 0, 0, 0
68000, 20736, 0, 0, 0
69000, 22272, 0, 0, 0
70000, 24320, 0, 0, 0
71000, 23552, 0, 0, 0
72000, 22528, 0, 0, 0
73000, 24320, 0, 0, 0
74000, 24576, 0, 0, 0
75000, 24576, 0, 0, 0
76000, 22528, 0, 0, 0
77000, 24320, 0, 0, 0
78000, 23552, 0, 0, 0
79000, 25881, 0, 0, 0
80000, 22272, 0, 0, 0
81000, 23040, 0, 0, 0
82000, 22528, 0, 0, 0
83000, 24064, 0, 0, 0
84000, 23552, 0, 0, 0
85000, 24320, 0, 0, 0
86000, 25344, 0, 0, 0
87000, 24320, 0, 0, 0
88000, 23296, 0, 0, 0
89000, 24320, 0, 0, 0
90000, 23575, 0, 0, 0
91000, 24832, 0, 0, 0
92000, 26112, 0, 0, 0
93000, 23296, 0, 0, 0
94000, 23040, 0, 0, 0
95000, 24064, 0, 0, 0
96000, 20736, 0, 0, 0
97000, 24320, 0, 0, 0
98000, 21504, 0, 0, 0
99000, 26368, 0, 0, 0
100000, 25344, 0, 0, 0
101000, 23575, 0, 0, 0
102000, 24576, 0, 0, 0
103000, 23040, 0, 0, 0
104000, 22784, 0, 0, 0
105000, 20480, 0, 0, 0
106000, 23552, 0, 0, 0
107000, 24064, 0, 0, 0
108000, 23808, 0, 0, 0
109000, 25088, 0, 0, 0
110000, 25088, 0, 0, 0
111000, 24064, 0, 0, 0
112000, 23063, 0, 0, 0
113000, 24832, 0, 0, 0
114000, 23808, 0, 0, 0
115000, 24320, 0, 0, 0
116000, 25344, 0, 0, 0
117000, 22272, 0, 0, 0
118000, 25344, 0, 0, 0
119000, 24576, 0, 0, 0
120000, 23808, 0, 0, 0
121000, 22784, 0, 0, 0
122000, 23040, 0, 0, 0
123001, 26112, 0, 0, 0
124000, 23831, 0, 0, 0
125000, 24064, 0, 0, 0
126000, 22528, 0, 0, 0
127000, 23040, 0, 0, 0
128000, 23296, 0, 0, 0
129000, 21248, 0, 0, 0
130000, 24064, 0, 0, 0
131000, 25088, 0, 0, 0
132000, 25856, 0, 0, 0
133000, 25344, 0, 0, 0
134000, 24320, 0, 0, 0
135000, 22272, 0, 0, 0
136000, 25113, 0, 0, 0
137000, 23040, 0, 0, 0
138000, 24320, 0, 0, 0
139000, 26112, 0, 0, 0
140000, 19968, 0, 0, 0
141000, 22784, 0, 0, 0
142000, 22016, 0, 0, 0
143000, 23040, 0, 0, 0
144000, 25600, 0, 0, 0
145000, 22016, 0, 0, 0
146000, 23296, 0, 0, 0
147000, 24320, 0, 0, 0
148000, 25113, 0, 0, 0
149000, 25088, 0, 0, 0
150000, 24064, 0, 0, 0
151000, 24832, 0, 0, 0
152000, 22784, 0, 0, 0
153000, 25088, 0, 0, 0
154000, 25088, 0, 0, 0
155000, 23808, 0, 0, 0
156000, 25344, 0, 0, 0
157000, 21504, 0, 0, 0
158000, 22528, 0, 0, 0
159000, 24064, 0, 0, 0
160000, 23040, 0, 0, 0
161000, 24344, 0, 0, 0
162000, 25600, 0, 0, 0
163000, 25856, 0, 0, 0
164000, 21504, 0, 0, 0
165000, 25856, 0, 0, 0
166000, 23040, 0, 0, 0
167000, 22528, 0, 0, 0
168000, 24320, 0, 0, 0
169000, 21504, 0, 0, 0
170000, 21760, 0, 0, 0
171000, 23040, 0, 0, 0
172000, 22784, 0, 0, 0
173001, 23296, 0, 0, 0
174000, 24856, 0, 0, 0
175000, 24576, 0, 0, 0
176000, 25088, 0, 0, 0
177000, 25600, 0, 0, 0
178000, 25088, 0, 0, 0
179000, 23040, 0, 0, 0
180000, 22784, 0, 0, 0
