17007, 512, 0, 0, 0
18008, 3328, 0, 0, 0
18008, 3584, 1, 0, 0
19008, 1280, 0, 0, 0
19008, 768, 1, 0, 0
20009, 1536, 0, 0, 0
20009, 768, 1, 0, 0
21009, 2048, 1, 0, 0
22010, 3328, 0, 0, 0
22010, 1792, 1, 0, 0
23010, 256, 0, 0, 0
23010, 1280, 1, 0, 0
24011, 256, 0, 0, 0
25012, 2048, 0, 0, 0
25012, 2048, 1, 0, 0
26012, 1024, 0, 0, 0
26012, 2304, 1, 0, 0
27013, 512, 0, 0, 0
27013, 256, 1, 0, 0
28013, 3584, 0, 0, 0
28013, 2048, 1, 0, 0
29014, 3328, 0, 0, 0
29014, 2304, 1, 0, 0
31015, 1024, 0, 0, 0
31015, 1536, 1, 0, 0
32016, 3584, 0, 0, 0
32016, 3328, 1, 0, 0
33016, 512, 0, 0, 0
33016, 1280, 1, 0, 0
34017, 768, 0, 0, 0
34017, 2816, 1, 0, 0
35017, 512, 0, 0, 0
35017, 1024, 1, 0, 0
36018, 1024, 0, 0, 0
36018, 256, 1, 0, 0
37019, 1792, 0, 0, 0
37019, 512, 1, 0, 0
38019, 1024, 0, 0, 0
38019, 2048, 1, 0, 0
39020, 2816, 0, 0, 0
39020, 1024, 1, 0, 0
40020, 1024, 0, 0, 0
40020, 512, 1, 0, 0
41021, 256, 0, 0, 0
42021, 512, 1, 0, 0
43022, 768, 0, 0, 0
43022, 1536, 1, 0, 0
44022, 768, 0, 0, 0
45023, 512, 1, 0, 0
46023, 2048, 0, 0, 0
46023, 1792, 1, 0, 0
47024, 1536, 0, 0, 0
47024, 1024, 1, 0, 0
48024, 256, 0, 0, 0
49025, 1024, 0, 0, 0
49025, 512, 1, 0, 0
50026, 1792, 0, 0, 0
50026, 768, 1, 0, 0
51026, 2048, 0, 0, 0
51026, 3840, 1, 0, 0
52027, 1280, 0, 0, 0
52027, 2560, 1, 0, 0
53027, 256, 1, 0, 0
54028, 256, 0, 0, 0
56029, 256, 1, 0, 0
57029, 3328, 0, 0, 0
57029, 2304, 1, 0, 0
58030, 1024, 0, 0, 0
58030, 1024, 1, 0, 0
59030, 256, 0, 0, 0
59030, 256, 1, 0, 0
60031, 768, 0, 0, 0
60031, 2048, 1, 0, 0
61031, 2560, 0, 0, 0
61031, 3328, 1, 0, 0
62032, 3328, 0, 0, 0
62032, 2304, 1, 0, 0
64033, 512, 0, 0, 0
65033, 2048, 0, 0, 0
65033, 512, 1, 0, 0
67034, 1280, 0, 0, 0
67034, 1024, 1, 0, 0
68035, 1024, 0, 0, 0
68035, 1536, 1, 0, 0
69036, 512, 0, 0, 0
70036, 256, 0, 0, 0
71037, 256, 0, 0, 0
72037, 1280, 0, 0, 0
72037, 2048, 1, 0, 0
73038, 2560, 0, 0, 0
73038, 2816, 1, 0, 0
74038, 768, 0, 0, 0
74038, 1280, 1, 0, 0
75039, 3584, 0, 0, 0
75039, 4096, 1, 0, 0
76039, 256, 0, 0, 0
77040, 3072, 0, 0, 0
77040, 2304, 1, 0, 0
78041, 1024, 0, 0, 0
78041, 1024, 1, 0, 0
79041, 256, 0, 0, 0
79041, 3328, 1, 0, 0
80042, 1536, 0, 0, 0
80042, 2304, 1, 0, 0
81042, 2816, 0, 0, 0
81042, 3328, 1, 0, 0
82043, 1024, 0, 0, 0
82043, 3072, 1, 0, 0
83043, 1280, 0, 0, 0
83043, 512, 1, 0, 0
84044, 1536, 0, 0, 0
84044, 2048, 1, 0, 0
85045, 512, 0, 0, 0
85045, 256, 1, 0, 0
86045, 1536, 0, 0, 0
86045, 1792, 1, 0, 0
87046, 1536, 0, 0, 0
87046, 2048, 1, 0, 0
88046, 256, 0, 0, 0
88046, 256, 1, 0, 0
89047, 256, 0, 0, 0
89047, 768, 1, 0, 0
91048, 256, 0, 0, 0
91048, 768, 1, 0, 0
92049, 768, 0, 0, 0
92049, 1280, 1, 0, 0
94050, 512, 0, 0, 0
94050, 512, 1, 0, 0
96051, 768, 0, 0, 0
96051, 256, 1, 0, 0
97051, 4096, 0, 0, 0
97051, 4864, 1, 0, 0
98052, 256, 0, 0, 0
98052, 256, 1, 0, 0
99052, 256, 1, 0, 0
100053, 1536, 0, 0, 0
100053, 2304, 1, 0, 0
101053, 256, 0, 0, 0
101053, 256, 1, 0, 0
102054, 2816, 0, 0, 0
102054, 1792, 1, 0, 0
103055, 256, 0, 0, 0
103055, 256, 1, 0, 0
105056, 768, 0, 0, 0
106056, 768, 0, 0, 0
106056, 2048, 1, 0, 0
107057, 2560, 0, 0, 0
107057, 256, 1, 0, 0
108058, 256, 0, 0, 0
108058, 512, 1, 0, 0
109058, 256, 0, 0, 0
109058, 1792, 1, 0, 0
111059, 256, 0, 0, 0
111059, 512, 1, 0, 0
114061, 512, 0, 0, 0
114061, 512, 1, 0, 0
116062, 1280, 0, 0, 0
116062, 1536, 1, 0, 0
117063, 1280, 0, 0, 0
117063, 768, 1, 0, 0
118063, 256, 0, 0, 0
118063, 768, 1, 0, 0
119064, 256, 0, 0, 0
119064, 256, 1, 0, 0
120064, 256, 1, 0, 0
122066, 1024, 0, 0, 0
122066, 1280, 1, 0, 0
123066, 1792, 0, 0, 0
123066, 1536, 1, 0, 0
124067, 2560, 0, 0, 0
124067, 2560, 1, 0, 0
126068, 256, 0, 0, 0
126068, 512, 1, 0, 0
127069, 1792, 0, 0, 0
127069, 1536, 1, 0, 0
128069, 2816, 0, 0, 0
128069, 1792, 1, 0, 0
129070, 1792, 0, 0, 0
129070, 2048, 1, 0, 0
130071, 768, 0, 0, 0
130071, 1792, 1, 0, 0
131071, 2048, 0, 0, 0
131071, 1024, 1, 0, 0
132072, 1792, 0, 0, 0
132072, 2560, 1, 0, 0
133072, 1024, 0, 0, 0
133072, 512, 1, 0, 0
134073, 2304, 0, 0, 0
134073, 1536, 1, 0, 0
135073, 1536, 0, 0, 0
135073, 1280, 1, 0, 0
136074, 1536, 0, 0, 0
136074, 1536, 1, 0, 0
137075, 2048, 0, 0, 0
137075, 768, 1, 0, 0
138075, 2304, 0, 0, 0
138075, 1792, 1, 0, 0
139076, 256, 1, 0, 0
140077, 768, 0, 0, 0
140077, 512, 1, 0, 0
141078, 2048, 0, 0, 0
141078, 1536, 1, 0, 0
142078, 2560, 0, 0, 0
142078, 2304, 1, 0, 0
143079, 3584, 0, 0, 0
143079, 4096, 1, 0, 0
144079, 512, 0, 0, 0
144079, 768, 1, 0, 0
145080, 256, 1, 0, 0
146081, 256, 0, 0, 0
146081, 256, 1, 0, 0
147081, 768, 0, 0, 0
147081, 1536, 1, 0, 0
148082, 512, 1, 0, 0
149083, 2304, 0, 0, 0
149083, 2560, 1, 0, 0
150083, 256, 0, 0, 0
150083, 768, 1, 0, 0
151084, 1536, 0, 0, 0
151084, 2048, 1, 0, 0
152084, 256, 0, 0, 0
152084, 256, 1, 0, 0
153085, 512, 0, 0, 0
153085, 512, 1, 0, 0
154085, 2560, 0, 0, 0
154085, 2048, 1, 0, 0
155086, 1280, 0, 0, 0
156086, 2560, 0, 0, 0
156086, 2816, 1, 0, 0
157087, 3072, 0, 0, 0
157087, 2304, 1, 0, 0
158088, 512, 0, 0, 0
159088, 512, 0, 0, 0
159088, 256, 1, 0, 0
160089, 512, 0, 0, 0
160089, 768, 1, 0, 0
162090, 1280, 0, 0, 0
162090, 2560, 1, 0, 0
163090, 4608, 0, 0, 0
163090, 3072, 1, 0, 0
164091, 512, 0, 0, 0
164091, 2304, 1, 0, 0
165091, 3072, 0, 0, 0
165091, 3072, 1, 0, 0
166092, 256, 1, 0, 0
167092, 256, 0, 0, 0
168093, 1024, 0, 0, 0
168093, 1792, 1, 0, 0
169094, 1536, 0, 0, 0
169094, 2304, 1, 0, 0
170094, 2560, 0, 0, 0
170094, 2048, 1, 0, 0
171095, 2048, 0, 0, 0
171095, 1024, 1, 0, 0
172095, 1024, 0, 0, 0
173096, 256, 0, 0, 0
173096, 256, 1, 0, 0
174096, 1024, 0, 0, 0
174096, 1024, 1, 0, 0
175096, 2560, 0, 0, 0
175096, 2048, 1, 0, 0
176097, 1536, 0, 0, 0
176097, 1024, 1, 0, 0
177097, 768, 0, 0, 0
177097, 1536, 1, 0, 0
178098, 768, 0, 0, 0
178098, 768, 1, 0, 0
179099, 3328, 0, 0, 0
179099, 2816, 1, 0, 0
180191, 937, 0, 0, 0
180191, 703, 1, 0, 0
