33017, 512, 0, 0, 0
33017, 1280, 1, 0, 0
34018, 256, 0, 0, 0
34018, 512, 1, 0, 0
35019, 1792, 0, 0, 0
35019, 1280, 1, 0, 0
36019, 768, 0, 0, 0
36019, 1024, 1, 0, 0
38020, 512, 0, 0, 0
38020, 768, 1, 0, 0
39021, 2048, 0, 0, 0
39021, 1024, 1, 0, 0
40021, 1024, 0, 0, 0
40021, 1536, 1, 0, 0
42022, 256, 0, 0, 0
42022, 256, 1, 0, 0
43023, 512, 1, 0, 0
44023, 256, 1, 0, 0
45024, 1280, 0, 0, 0
45024, 768, 1, 0, 0
46025, 256, 0, 0, 0
46025, 1024, 1, 0, 0
47025, 512, 1, 0, 0
48026, 512, 1, 0, 0
49026, 512, 0, 0, 0
50027, 1024, 0, 0, 0
50027, 256, 1, 0, 0
51027, 256, 1, 0, 0
52028, 768, 0, 0, 0
52028, 768, 1, 0, 0
54029, 1536, 0, 0, 0
54029, 512, 1, 0, 0
55029, 256, 0, 0, 0
55029, 256, 1, 0, 0
56030, 768, 0, 0, 0
56030, 768, 1, 0, 0
57030, 512, 0, 0, 0
58031, 1024, 0, 0, 0
58031, 1536, 1, 0, 0
59031, 768, 1, 0, 0
60032, 512, 0, 0, 0
60032, 256, 1, 0, 0
61032, 512, 0, 0, 0
62033, 512, 1, 0, 0
63034, 256, 0, 0, 0
63034, 1024, 1, 0, 0
64034, 256, 0, 0, 0
65035, 256, 0, 0, 0
65035, 768, 1, 0, 0
66035, 256, 0, 0, 0
66035, 1280, 1, 0, 0
67036, 768, 0, 0, 0
67036, 768, 1, 0, 0
68036, 256, 0, 0, 0
68036, 256, 1, 0, 0
69037, 512, 0, 0, 0
69037, 1024, 1, 0, 0
70037, 256, 1, 0, 0
71038, 1024, 0, 0, 0
71038, 256, 1, 0, 0
73039, 768, 0, 0, 0
73039, 1024, 1, 0, 0
74040, 1024, 0, 0, 0
74040, 768, 1, 0, 0
75040, 1536, 0, 0, 0
75040, 1792, 1, 0, 0
76041, 256, 0, 0, 0
76041, 256, 1, 0, 0
77041, 512, 0, 0, 0
77041, 256, 1, 0, 0
78042, 256, 1, 0, 0
79042, 768, 0, 0, 0
79042, 256, 1, 0, 0
80043, 256, 0, 0, 0
80043, 768, 1, 0, 0
81043, 1280, 0, 0, 0
81043, 1536, 1, 0, 0
82044, 1280, 0, 0, 0
82044, 1536, 1, 0, 0
83045, 1280, 0, 0, 0
84045, 256, 0, 0, 0
84045, 768, 1, 0, 0
85046, 1024, 0, 0, 0
85046, 1536, 1, 0, 0
86046, 1536, 0, 0, 0
86046, 512, 1, 0, 0
87047, 512, 0, 0, 0
87047, 1536, 1, 0, 0
88047, 1024, 0, 0, 0
88047, 768, 1, 0, 0
89048, 256, 0, 0, 0
89048, 768, 1, 0, 0
90049, 256, 0, 0, 0
90049, 256, 1, 0, 0
91049, 1536, 0, 0, 0
91049, 256, 1, 0, 0
93050, 256, 0, 0, 0
93050, 256, 1, 0, 0
94051, 2048, 0, 0, 0
95051, 512, 1, 0, 0
96052, 768, 1, 0, 0
97052, 256, 0, 0, 0
97052, 1024, 1, 0, 0
98053, 768, 0, 0, 0
98053, 768, 1, 0, 0
99053, 1536, 0, 0, 0
99053, 1024, 1, 0, 0
100054, 256, 0, 0, 0
100054, 256, 1, 0, 0
101055, 1024, 0, 0, 0
102055, 768, 1, 0, 0
103056, 1024, 0, 0, 0
103056, 1024, 1, 0, 0
104056, 768, 0, 0, 0
104056, 1280, 1, 0, 0
106058, 512, 0, 0, 0
106058, 1024, 1, 0, 0
107058, 1024, 0, 0, 0
107058, 1280, 1, 0, 0
108059, 2304, 0, 0, 0
108059, 1280, 1, 0, 0
109059, 256, 0, 0, 0
109059, 512, 1, 0, 0
110060, 256, 0, 0, 0
110060, 256, 1, 0, 0
111060, 768, 1, 0, 0
112061, 512, 0, 0, 0
112061, 512, 1, 0, 0
113062, 256, 0, 0, 0
113062, 512, 1, 0, 0
114062, 256, 0, 0, 0
114062, 256, 1, 0, 0
115063, 256, 0, 0, 0
115063, 256, 1, 0, 0
116063, 1024, 0, 0, 0
116063, 768, 1, 0, 0
117064, 768, 0, 0, 0
117064, 768, 1, 0, 0
118064, 256, 0, 0, 0
118064, 768, 1, 0, 0
119065, 512, 1, 0, 0
120066, 512, 0, 0, 0
120066, 256, 1, 0, 0
122067, 1024, 0, 0, 0
122067, 2048, 1, 0, 0
123067, 1280, 0, 0, 0
123067, 1280, 1, 0, 0
124068, 1024, 0, 0, 0
124068, 1024, 1, 0, 0
125069, 512, 0, 0, 0
125069, 768, 1, 0, 0
126069, 512, 1, 0, 0
127070, 256, 1, 0, 0
128071, 256, 0, 0, 0
128071, 256, 1, 0, 0
129071, 1024, 0, 0, 0
129071, 768, 1, 0, 0
130072, 256, 1, 0, 0
133074, 256, 0, 0, 0
134074, 1024, 0, 0, 0
134074, 768, 1, 0, 0
135075, 768, 0, 0, 0
135075, 768, 1, 0, 0
136075, 1536, 0, 0, 0
136075, 768, 1, 0, 0
137076, 1024, 0, 0, 0
137076, 256, 1, 0, 0
140076, 256, 0, 0, 0
140076, 1281, 1, 0, 0
142077, 256, 0, 0, 0
142077, 256, 1, 0, 0
143078, 768, 0, 0, 0
143078, 512, 1, 0, 0
144079, 1024, 0, 0, 0
144079, 256, 1, 0, 0
145079, 768, 0, 0, 0
145079, 1536, 1, 0, 0
146080, 512, 0, 0, 0
146080, 512, 1, 0, 0
147080, 256, 0, 0, 0
147080, 512, 1, 0, 0
148081, 512, 0, 0, 0
148081, 512, 1, 0, 0
149082, 1280, 0, 0, 0
149082, 512, 1, 0, 0
151083, 256, 0, 0, 0
151083, 768, 1, 0, 0
152083, 256, 0, 0, 0
152083, 768, 1, 0, 0
153084, 256, 0, 0, 0
154084, 768, 0, 0, 0
154084, 1024, 1, 0, 0
155085, 2048, 0, 0, 0
155085, 1792, 1, 0, 0
156086, 256, 0, 0, 0
157086, 512, 0, 0, 0
157086, 1536, 1, 0, 0
158087, 1024, 0, 0, 0
158087, 256, 1, 0, 0
160088, 256, 0, 0, 0
160088, 768, 1, 0, 0
161088, 512, 0, 0, 0
163090, 512, 0, 0, 0
163090, 512, 1, 0, 0
164090, 512, 0, 0, 0
164090, 768, 1, 0, 0
166091, 1024, 0, 0, 0
168092, 256, 0, 0, 0
168092, 256, 1, 0, 0
170093, 1024, 1, 0, 0
171094, 768, 0, 0, 0
171094, 1280, 1, 0, 0
173095, 256, 1, 0, 0
174095, 1536, 0, 0, 0
174095, 1280, 1, 0, 0
175096, 256, 0, 0, 0
175096, 768, 1, 0, 0
176096, 768, 0, 0, 0
176096, 512, 1, 0, 0
177097, 1792, 0, 0, 0
177097, 768, 1, 0, 0
178097, 512, 0, 0, 0
178097, 512, 1, 0, 0
179098, 256, 0, 0, 0
