28003, 1024, 0, 0, 0
28003, 1024, 1, 0, 0
29003, 512, 0, 0, 0
29003, 512, 1, 0, 0
30003, 768, 0, 0, 0
31003, 256, 0, 0, 0
32003, 512, 0, 0, 0
32003, 1025, 1, 0, 0
33003, 1024, 0, 0, 0
33003, 1792, 1, 0, 0
34003, 256, 0, 0, 0
34003, 1025, 1, 0, 0
35003, 512, 0, 0, 0
36003, 512, 0, 0, 0
36003, 1281, 1, 0, 0
37003, 512, 0, 0, 0
37003, 768, 1, 0, 0
38003, 768, 0, 0, 0
38003, 256, 1, 0, 0
39003, 1537, 0, 0, 0
39003, 256, 1, 0, 0
40003, 1536, 0, 0, 0
40003, 1280, 1, 0, 0
41003, 768, 0, 0, 0
41003, 1793, 1, 0, 0
42003, 512, 0, 0, 0
44003, 256, 1, 0, 0
45003, 256, 0, 0, 0
46003, 512, 0, 0, 0
46003, 512, 1, 0, 0
47003, 768, 0, 0, 0
47003, 256, 1, 0, 0
48003, 768, 1, 0, 0
49003, 256, 0, 0, 0
49003, 1536, 1, 0, 0
50003, 256, 0, 0, 0
50003, 256, 1, 0, 0
51003, 256, 0, 0, 0
52003, 1025, 0, 0, 0
52003, 256, 1, 0, 0
53003, 1536, 0, 0, 0
53003, 512, 1, 0, 0
54003, 256, 0, 0, 0
54003, 512, 1, 0, 0
55003, 768, 0, 0, 0
55003, 768, 1, 0, 0
56003, 512, 0, 0, 0
56003, 256, 1, 0, 0
59003, 1280, 0, 0, 0
59003, 512, 1, 0, 0
60003, 512, 0, 0, 0
60003, 1281, 1, 0, 0
61003, 2048, 0, 0, 0
61003, 2560, 1, 0, 0
62003, 256, 0, 0, 0
62003, 256, 1, 0, 0
63003, 512, 0, 0, 0
63003, 512, 1, 0, 0
64003, 512, 0, 0, 0
64003, 512, 1, 0, 0
65003, 768, 0, 0, 0
65003, 256, 1, 0, 0
66003, 512, 0, 0, 0
66003, 512, 1, 0, 0
67003, 1281, 0, 0, 0
67003, 1025, 1, 0, 0
68003, 1280, 0, 0, 0
68003, 512, 1, 0, 0
71003, 1025, 0, 0, 0
71003, 512, 1, 0, 0
72003, 1536, 0, 0, 0
73003, 256, 0, 0, 0
73003, 256, 1, 0, 0
74003, 768, 0, 0, 0
74003, 256, 1, 0, 0
75003, 512, 0, 0, 0
75003, 256, 1, 0, 0
76003, 512, 0, 0, 0
76003, 512, 1, 0, 0
77003, 1024, 0, 0, 0
77003, 768, 1, 0, 0
78003, 512, 0, 0, 0
78003, 768, 1, 0, 0
79003, 768, 0, 0, 0
79003, 1024, 1, 0, 0
81003, 1792, 0, 0, 0
81003, 768, 1, 0, 0
82003, 512, 0, 0, 0
82003, 512, 1, 0, 0
83003, 256, 0, 0, 0
83003, 1281, 1, 0, 0
84003, 1024, 0, 0, 0
84003, 1024, 1, 0, 0
85003, 768, 0, 0, 0
85003, 512, 1, 0, 0
86003, 512, 0, 0, 0
87003, 768, 0, 0, 0
87003, 512, 1, 0, 0
88003, 1280, 0, 0, 0
88003, 1280, 1, 0, 0
90003, 512, 0, 0, 0
90003, 1536, 1, 0, 0
91003, 768, 0, 0, 0
91003, 1793, 1, 0, 0
92003, 768, 0, 0, 0
92003, 768, 1, 0, 0
93003, 1024, 0, 0, 0
93003, 512, 1, 0, 0
95003, 1280, 1, 0, 0
96003, 1025, 0, 0, 0
96003, 256, 1, 0, 0
97003, 512, 1, 0, 0
98003, 1025, 0, 0, 0
98003, 1281, 1, 0, 0
99003, 512, 0, 0, 0
99003, 512, 1, 0, 0
100003, 256, 0, 0, 0
100003, 512, 1, 0, 0
101003, 512, 1, 0, 0
102003, 256, 0, 0, 0
102003, 1025, 1, 0, 0
103003, 1537, 0, 0, 0
103003, 768, 1, 0, 0
104003, 1024, 0, 0, 0
104003, 768, 1, 0, 0
105003, 256, 0, 0, 0
105003, 512, 1, 0, 0
106003, 768, 0, 0, 0
106003, 768, 1, 0, 0
107003, 512, 0, 0, 0
108003, 256, 0, 0, 0
109003, 512, 0, 0, 0
109003, 768, 1, 0, 0
110003, 256, 0, 0, 0
110003, 1025, 1, 0, 0
111003, 768, 0, 0, 0
111003, 1024, 1, 0, 0
112003, 256, 0, 0, 0
114003, 1281, 0, 0, 0
114003, 1537, 1, 0, 0
115002, 1025, 0, 0, 0
115002, 256, 1, 0, 0
116003, 256, 1, 0, 0
117003, 256, 0, 0, 0
117003, 768, 1, 0, 0
118003, 1280, 0, 0, 0
118003, 1280, 1, 0, 0
119003, 256, 1, 0, 0
120002, 768, 0, 0, 0
120002, 512, 1, 0, 0
121003, 512, 0, 0, 0
121003, 256, 1, 0, 0
122003, 512, 0, 0, 0
122003, 512, 1, 0, 0
123003, 512, 0, 0, 0
123003, 512, 1, 0, 0
124003, 768, 0, 0, 0
124003, 768, 1, 0, 0
125003, 256, 1, 0, 0
126003, 512, 1, 0, 0
127003, 768, 0, 0, 0
127003, 512, 1, 0, 0
128003, 1792, 0, 0, 0
128003, 768, 1, 0, 0
129003, 256, 0, 0, 0
129003, 512, 1, 0, 0
130003, 256, 0, 0, 0
130003, 256, 1, 0, 0
131003, 768, 0, 0, 0
131003, 512, 1, 0, 0
132003, 512, 0, 0, 0
133003, 512, 0, 0, 0
133003, 1280, 1, 0, 0
134003, 512, 0, 0, 0
134003, 256, 1, 0, 0
135003, 3331, 0, 0, 0
135003, 1025, 1, 0, 0
136003, 768, 0, 0, 0
136003, 256, 1, 0, 0
137003, 1537, 0, 0, 0
137003, 512, 1, 0, 0
138003, 768, 0, 0, 0
138003, 512, 1, 0, 0
139003, 768, 0, 0, 0
139003, 768, 1, 0, 0
140003, 256, 0, 0, 0
140003, 512, 1, 0, 0
141003, 1024, 0, 0, 0
141003, 256, 1, 0, 0
142003, 512, 0, 0, 0
142003, 768, 1, 0, 0
143003, 256, 0, 0, 0
143003, 768, 1, 0, 0
144003, 1024, 0, 0, 0
144003, 1024, 1, 0, 0
145003, 1281, 0, 0, 0
145003, 1281, 1, 0, 0
146003, 512, 1, 0, 0
147003, 512, 0, 0, 0
147003, 768, 1, 0, 0
148003, 256, 0, 0, 0
148003, 256, 1, 0, 0
149003, 256, 0, 0, 0
149003, 1281, 1, 0, 0
150003, 512, 1, 0, 0
151003, 1281, 0, 0, 0
151003, 2562, 1, 0, 0
153003, 256, 0, 0, 0
153003, 768, 1, 0, 0
154003, 256, 1, 0, 0
155003, 1025, 0, 0, 0
155003, 768, 1, 0, 0
156003, 768, 0, 0, 0
156003, 512, 1, 0, 0
157003, 256, 0, 0, 0
157003, 768, 1, 0, 0
158003, 2050, 0, 0, 0
158003, 768, 1, 0, 0
159003, 512, 0, 0, 0
159003, 512, 1, 0, 0
161003, 256, 0, 0, 0
161003, 256, 1, 0, 0
162003, 1025, 0, 0, 0
162003, 1537, 1, 0, 0
163003, 1280, 0, 0, 0
163003, 1536, 1, 0, 0
164003, 256, 0, 0, 0
164003, 1537, 1, 0, 0
165003, 512, 0, 0, 0
165003, 768, 1, 0, 0
166003, 1281, 0, 0, 0
168003, 512, 1, 0, 0
169003, 1537, 0, 0, 0
169003, 1025, 1, 0, 0
170003, 512, 0, 0, 0
170003, 1280, 1, 0, 0
171003, 512, 1, 0, 0
172003, 512, 0, 0, 0
172003, 256, 1, 0, 0
173003, 256, 0, 0, 0
175003, 1537, 0, 0, 0
175003, 512, 1, 0, 0
176003, 512, 0, 0, 0
176003, 1280, 1, 0, 0
178003, 256, 1, 0, 0
179003, 512, 0, 0, 0
179003, 512, 1, 0, 0
180003, 1280, 0, 0, 0
180003, 1024, 1, 0, 0
