26012, 768, 0, 0, 0
26012, 512, 1, 0, 0
27013, 256, 0, 0, 0
27013, 512, 1, 0, 0
28013, 768, 0, 0, 0
28013, 256, 1, 0, 0
29014, 512, 0, 0, 0
29014, 256, 1, 0, 0
32016, 768, 0, 0, 0
32016, 768, 1, 0, 0
35017, 768, 0, 0, 0
35017, 512, 1, 0, 0
36018, 512, 0, 0, 0
36018, 256, 1, 0, 0
37019, 256, 0, 0, 0
37019, 512, 1, 0, 0
38019, 512, 0, 0, 0
38019, 256, 1, 0, 0
39020, 1024, 0, 0, 0
39020, 1280, 1, 0, 0
40020, 1280, 0, 0, 0
40020, 256, 1, 0, 0
41021, 512, 0, 0, 0
41021, 256, 1, 0, 0
42021, 256, 0, 0, 0
42021, 768, 1, 0, 0
43022, 512, 1, 0, 0
44022, 512, 0, 0, 0
45023, 512, 0, 0, 0
46023, 256, 0, 0, 0
47024, 256, 0, 0, 0
48024, 1024, 0, 0, 0
49025, 512, 0, 0, 0
50026, 512, 0, 0, 0
50026, 512, 1, 0, 0
51026, 512, 0, 0, 0
51026, 1024, 1, 0, 0
52027, 512, 0, 0, 0
52027, 256, 1, 0, 0
54028, 1024, 0, 0, 0
54028, 768, 1, 0, 0
55028, 256, 0, 0, 0
55028, 512, 1, 0, 0
56029, 256, 0, 0, 0
57029, 1280, 0, 0, 0
57029, 1792, 1, 0, 0
58030, 1024, 0, 0, 0
58030, 1024, 1, 0, 0
59030, 2048, 0, 0, 0
59030, 1024, 1, 0, 0
60031, 256, 0, 0, 0
62032, 256, 1, 0, 0
63032, 768, 1, 0, 0
64033, 1024, 0, 0, 0
64033, 1280, 1, 0, 0
65033, 768, 0, 0, 0
65033, 512, 1, 0, 0
66034, 512, 0, 0, 0
67034, 1280, 0, 0, 0
67034, 512, 1, 0, 0
68035, 256, 0, 0, 0
68035, 512, 1, 0, 0
69036, 1280, 0, 0, 0
69036, 1280, 1, 0, 0
70036, 1024, 0, 0, 0
70036, 256, 1, 0, 0
71037, 256, 1, 0, 0
72037, 512, 0, 0, 0
73038, 256, 0, 0, 0
73038, 1024, 1, 0, 0
74038, 1792, 0, 0, 0
74038, 512, 1, 0, 0
75039, 768, 0, 0, 0
75039, 1024, 1, 0, 0
76039, 256, 0, 0, 0
76039, 512, 1, 0, 0
77040, 256, 0, 0, 0
77040, 256, 1, 0, 0
78041, 512, 0, 0, 0
78041, 256, 1, 0, 0
79041, 1280, 0, 0, 0
79041, 256, 1, 0, 0
80042, 256, 0, 0, 0
80042, 256, 1, 0, 0
83044, 768, 0, 0, 0
84044, 768, 0, 0, 0
84044, 512, 1, 0, 0
85045, 1792, 0, 0, 0
85045, 1024, 1, 0, 0
86045, 1536, 0, 0, 0
86045, 1024, 1, 0, 0
87046, 512, 0, 0, 0
87046, 1280, 1, 0, 0
88046, 512, 0, 0, 0
88046, 1280, 1, 0, 0
90047, 768, 0, 0, 0
90047, 768, 1, 0, 0
91048, 1280, 0, 0, 0
91048, 256, 1, 0, 0
93049, 256, 0, 0, 0
94050, 256, 0, 0, 0
94050, 1280, 1, 0, 0
95050, 768, 0, 0, 0
95050, 512, 1, 0, 0
96051, 1280, 0, 0, 0
96051, 512, 1, 0, 0
97051, 256, 1, 0, 0
100053, 768, 0, 0, 0
100053, 2048, 1, 0, 0
101053, 512, 0, 0, 0
101053, 1280, 1, 0, 0
102054, 1280, 0, 0, 0
102054, 256, 1, 0, 0
103055, 256, 0, 0, 0
103055, 1024, 1, 0, 0
104055, 256, 1, 0, 0
105056, 768, 0, 0, 0
105056, 512, 1, 0, 0
106056, 256, 1, 0, 0
107057, 768, 0, 0, 0
107057, 512, 1, 0, 0
108058, 768, 0, 0, 0
108058, 256, 1, 0, 0
109058, 1024, 0, 0, 0
109058, 1792, 1, 0, 0
110059, 256, 1, 0, 0
111059, 256, 0, 0, 0
112060, 1792, 0, 0, 0
112060, 2048, 1, 0, 0
113060, 256, 0, 0, 0
113060, 256, 1, 0, 0
114061, 768, 0, 0, 0
114061, 768, 1, 0, 0
116062, 1024, 0, 0, 0
116062, 1536, 1, 0, 0
117063, 256, 0, 0, 0
117063, 256, 1, 0, 0
118063, 768, 0, 0, 0
118063, 256, 1, 0, 0
119064, 768, 0, 0, 0
119064, 1024, 1, 0, 0
120065, 256, 0, 0, 0
120065, 512, 1, 0, 0
121065, 1280, 0, 0, 0
121065, 1280, 1, 0, 0
124067, 256, 0, 0, 0
124067, 512, 1, 0, 0
125068, 512, 0, 0, 0
125068, 768, 1, 0, 0
126068, 1024, 0, 0, 0
126068, 512, 1, 0, 0
127069, 512, 0, 0, 0
128069, 1792, 0, 0, 0
128069, 1280, 1, 0, 0
129070, 768, 0, 0, 0
129070, 1024, 1, 0, 0
130071, 768, 0, 0, 0
130071, 256, 1, 0, 0
132072, 512, 0, 0, 0
132072, 1024, 1, 0, 0
133072, 1024, 0, 0, 0
133072, 1024, 1, 0, 0
134073, 256, 0, 0, 0
134073, 512, 1, 0, 0
135074, 1024, 0, 0, 0
135074, 768, 1, 0, 0
136074, 256, 0, 0, 0
136074, 256, 1, 0, 0
137075, 512, 0, 0, 0
138075, 768, 0, 0, 0
138075, 512, 1, 0, 0
140077, 256, 1, 0, 0
141078, 512, 0, 0, 0
141078, 256, 1, 0, 0
142078, 256, 0, 0, 0
143079, 512, 0, 0, 0
143079, 1792, 1, 0, 0
144079, 512, 0, 0, 0
144079, 256, 1, 0, 0
145080, 768, 0, 0, 0
145080, 512, 1, 0, 0
146081, 256, 0, 0, 0
146081, 256, 1, 0, 0
147081, 768, 0, 0, 0
147081, 512, 1, 0, 0
148082, 256, 0, 0, 0
148082, 256, 1, 0, 0
149083, 256, 0, 0, 0
150083, 768, 0, 0, 0
150083, 256, 1, 0, 0
151084, 512, 0, 0, 0
151084, 256, 1, 0, 0
152084, 256, 0, 0, 0
152084, 256, 1, 0, 0
153085, 256, 0, 0, 0
153085, 256, 1, 0, 0
154085, 1792, 0, 0, 0
154085, 2048, 1, 0, 0
155086, 1024, 0, 0, 0
155086, 768, 1, 0, 0
156086, 768, 0, 0, 0
156086, 1024, 1, 0, 0
157087, 768, 0, 0, 0
157087, 256, 1, 0, 0
158088, 1536, 0, 0, 0
158088, 1280, 1, 0, 0
159088, 256, 0, 0, 0
160089, 512, 0, 0, 0
160089, 256, 1, 0, 0
161089, 512, 1, 0, 0
162090, 512, 0, 0, 0
162090, 512, 1, 0, 0
163090, 256, 0, 0, 0
163090, 1024, 1, 0, 0
165091, 1536, 0, 0, 0
165091, 768, 1, 0, 0
167092, 256, 0, 0, 0
167092, 1024, 1, 0, 0
168093, 1024, 0, 0, 0
168093, 256, 1, 0, 0
169094, 1280, 0, 0, 0
169094, 256, 1, 0, 0
170094, 512, 0, 0, 0
170094, 1024, 1, 0, 0
171095, 2048, 0, 0, 0
172095, 1024, 0, 0, 0
172095, 1024, 1, 0, 0
173096, 256, 1, 0, 0
175097, 1280, 1, 0, 0
176097, 1024, 0, 0, 0
176097, 768, 1, 0, 0
177098, 1024, 0, 0, 0
177098, 1280, 1, 0, 0
178098, 768, 0, 0, 0
178098, 1024, 1, 0, 0
179099, 768, 0, 0, 0
179099, 256, 1, 0, 0
