30016, 256, 1, 0, 0
31017, 256, 0, 0, 0
31017, 512, 1, 0, 0
32017, 512, 1, 0, 0
33018, 1280, 0, 0, 0
33018, 256, 1, 0, 0
34018, 256, 0, 0, 0
34018, 256, 1, 0, 0
35019, 1792, 0, 0, 0
35019, 1792, 1, 0, 0
37020, 1280, 0, 0, 0
37020, 1536, 1, 0, 0
38021, 256, 0, 0, 0
38021, 512, 1, 0, 0
39021, 512, 0, 0, 0
39021, 1536, 1, 0, 0
40022, 256, 0, 0, 0
40022, 256, 1, 0, 0
41022, 1024, 0, 0, 0
41022, 1024, 1, 0, 0
42023, 256, 0, 0, 0
42023, 1024, 1, 0, 0
43023, 256, 0, 0, 0
43023, 512, 1, 0, 0
44024, 512, 0, 0, 0
44024, 256, 1, 0, 0
46025, 256, 0, 0, 0
46025, 256, 1, 0, 0
47026, 768, 0, 0, 0
47026, 1280, 1, 0, 0
49027, 256, 1, 0, 0
50027, 1536, 0, 0, 0
50027, 1536, 1, 0, 0
51028, 256, 0, 0, 0
51028, 512, 1, 0, 0
52028, 1024, 0, 0, 0
52028, 1024, 1, 0, 0
53029, 512, 0, 0, 0
53029, 256, 1, 0, 0
54029, 256, 0, 0, 0
54029, 512, 1, 0, 0
55030, 256, 0, 0, 0
55030, 512, 1, 0, 0
56030, 512, 0, 0, 0
56030, 256, 1, 0, 0
58031, 512, 0, 0, 0
58031, 256, 1, 0, 0
59032, 256, 0, 0, 0
59032, 512, 1, 0, 0
60032, 768, 0, 0, 0
60032, 1280, 1, 0, 0
61033, 1024, 0, 0, 0
61033, 768, 1, 0, 0
62034, 768, 0, 0, 0
62034, 2048, 1, 0, 0
63034, 512, 1, 0, 0
64035, 1536, 0, 0, 0
64035, 1536, 1, 0, 0
65035, 256, 1, 0, 0
67036, 768, 0, 0, 0
67036, 256, 1, 0, 0
68037, 512, 1, 0, 0
69037, 1280, 0, 0, 0
69037, 512, 1, 0, 0
70038, 256, 0, 0, 0
70038, 1024, 1, 0, 0
71038, 768, 0, 0, 0
71038, 1536, 1, 0, 0
72039, 1536, 0, 0, 0
72039, 768, 1, 0, 0
73040, 1024, 0, 0, 0
73040, 512, 1, 0, 0
74040, 768, 0, 0, 0
74040, 1024, 1, 0, 0
75041, 1024, 0, 0, 0
75041, 512, 1, 0, 0
76041, 1536, 0, 0, 0
76041, 768, 1, 0, 0
77042, 768, 0, 0, 0
77042, 256, 1, 0, 0
78042, 512, 0, 0, 0
78042, 256, 1, 0, 0
79043, 1536, 1, 0, 0
80043, 1024, 0, 0, 0
80043, 512, 1, 0, 0
82045, 768, 0, 0, 0
82045, 768, 1, 0, 0
83045, 256, 0, 0, 0
83045, 256, 1, 0, 0
84046, 512, 0, 0, 0
84046, 768, 1, 0, 0
85046, 2304, 0, 0, 0
85046, 512, 1, 0, 0
86047, 1280, 0, 0, 0
86047, 1024, 1, 0, 0
87047, 256, 1, 0, 0
88048, 768, 0, 0, 0
88048, 512, 1, 0, 0
90049, 1024, 0, 0, 0
91050, 512, 0, 0, 0
91050, 1792, 1, 0, 0
92050, 256, 0, 0, 0
92050, 256, 1, 0, 0
94051, 256, 0, 0, 0
94051, 256, 1, 0, 0
95052, 2048, 0, 0, 0
95052, 1280, 1, 0, 0
96052, 1280, 0, 0, 0
96052, 1280, 1, 0, 0
97053, 768, 0, 0, 0
97053, 256, 1, 0, 0
98053, 256, 0, 0, 0
98053, 512, 1, 0, 0
99054, 1024, 0, 0, 0
99054, 2048, 1, 0, 0
100054, 768, 0, 0, 0
102056, 512, 0, 0, 0
102056, 1024, 1, 0, 0
103056, 1024, 0, 0, 0
103056, 1792, 1, 0, 0
104057, 512, 0, 0, 0
105057, 768, 0, 0, 0
106058, 256, 0, 0, 0
106058, 256, 1, 0, 0
107059, 768, 0, 0, 0
107059, 512, 1, 0, 0
108059, 768, 0, 0, 0
108059, 512, 1, 0, 0
110060, 256, 0, 0, 0
110060, 512, 1, 0, 0
113062, 512, 0, 0, 0
113062, 512, 1, 0, 0
114063, 1024, 0, 0, 0
114063, 256, 1, 0, 0
115063, 256, 0, 0, 0
117064, 1536, 0, 0, 0
117064, 1536, 1, 0, 0
118065, 768, 0, 0, 0
118065, 768, 1, 0, 0
119066, 768, 0, 0, 0
119066, 1792, 1, 0, 0
120066, 512, 0, 0, 0
120066, 512, 1, 0, 0
121067, 1280, 0, 0, 0
121067, 1024, 1, 0, 0
122067, 768, 0, 0, 0
122067, 256, 1, 0, 0
123068, 256, 1, 0, 0
124069, 256, 0, 0, 0
124069, 512, 1, 0, 0
125069, 512, 0, 0, 0
125069, 512, 1, 0, 0
126070, 256, 0, 0, 0
126070, 256, 1, 0, 0
127070, 1024, 0, 0, 0
127070, 512, 1, 0, 0
128071, 256, 0, 0, 0
128071, 1024, 1, 0, 0
129072, 1280, 0, 0, 0
129072, 1024, 1, 0, 0
130072, 512, 0, 0, 0
130072, 256, 1, 0, 0
131073, 1280, 0, 0, 0
131073, 1792, 1, 0, 0
132073, 256, 1, 0, 0
134075, 1280, 0, 0, 0
134075, 768, 1, 0, 0
135075, 256, 0, 0, 0
135075, 256, 1, 0, 0
136076, 1280, 0, 0, 0
136076, 1024, 1, 0, 0
137076, 1280, 0, 0, 0
137076, 2560, 1, 0, 0
138077, 256, 0, 0, 0
138077, 256, 1, 0, 0
139077, 256, 0, 0, 0
139077, 512, 1, 0, 0
141079, 512, 0, 0, 0
141079, 512, 1, 0, 0
142080, 256, 0, 0, 0
142080, 512, 1, 0, 0
143080, 768, 0, 0, 0
143080, 256, 1, 0, 0
145082, 512, 1, 0, 0
146082, 256, 0, 0, 0
146082, 256, 1, 0, 0
147083, 768, 0, 0, 0
147083, 1024, 1, 0, 0
148084, 768, 0, 0, 0
148084, 512, 1, 0, 0
149084, 1024, 0, 0, 0
149084, 3584, 1, 0, 0
150085, 512, 0, 0, 0
150085, 512, 1, 0, 0
151085, 768, 0, 0, 0
151085, 1280, 1, 0, 0
152086, 768, 0, 0, 0
152086, 1280, 1, 0, 0
153086, 1024, 0, 0, 0
154087, 1536, 0, 0, 0
154087, 1280, 1, 0, 0
155087, 1024, 0, 0, 0
155087, 256, 1, 0, 0
156088, 1024, 0, 0, 0
156088, 256, 1, 0, 0
157089, 256, 0, 0, 0
157089, 512, 1, 0, 0
158089, 1024, 0, 0, 0
158089, 1024, 1, 0, 0
159090, 512, 0, 0, 0
159090, 256, 1, 0, 0
160090, 1024, 0, 0, 0
160090, 768, 1, 0, 0
161091, 256, 0, 0, 0
161091, 512, 1, 0, 0
162091, 768, 0, 0, 0
162091, 1792, 1, 0, 0
165093, 512, 0, 0, 0
166094, 768, 0, 0, 0
166094, 512, 1, 0, 0
168095, 256, 0, 0, 0
169095, 2048, 0, 0, 0
169095, 1536, 1, 0, 0
171096, 256, 0, 0, 0
171096, 256, 1, 0, 0
172097, 2560, 0, 0, 0
172097, 1024, 1, 0, 0
173097, 1280, 0, 0, 0
173097, 1280, 1, 0, 0
174098, 256, 0, 0, 0
174098, 1024, 1, 0, 0
175098, 2048, 0, 0, 0
175098, 1280, 1, 0, 0
176099, 256, 0, 0, 0
176099, 1024, 1, 0, 0
177099, 1280, 0, 0, 0
177099, 768, 1, 0, 0
178100, 256, 0, 0, 0
179100, 2048, 0, 0, 0
179100, 1792, 1, 0, 0
