29003, 1025, 0, 0, 0
29003, 768, 1, 0, 0
30004, 512, 0, 0, 0
31003, 1025, 0, 0, 0
31003, 512, 1, 0, 0
32003, 256, 0, 0, 0
32003, 1793, 1, 0, 0
33004, 768, 0, 0, 0
35004, 512, 1, 0, 0
36004, 512, 0, 0, 0
36004, 768, 1, 0, 0
37003, 768, 1, 0, 0
38004, 256, 0, 0, 0
38004, 768, 1, 0, 0
40004, 512, 0, 0, 0
40004, 2048, 1, 0, 0
41003, 3075, 0, 0, 0
41003, 1537, 1, 0, 0
43003, 256, 0, 0, 0
43003, 256, 1, 0, 0
44004, 256, 0, 0, 0
44004, 1024, 1, 0, 0
45003, 1025, 0, 0, 0
45003, 1281, 1, 0, 0
46004, 1024, 0, 0, 0
46004, 256, 1, 0, 0
47003, 1281, 0, 0, 0
47003, 768, 1, 0, 0
48003, 1025, 0, 0, 0
48003, 1025, 1, 0, 0
49004, 512, 0, 0, 0
49004, 1792, 1, 0, 0
51004, 1536, 0, 0, 0
51004, 1280, 1, 0, 0
52003, 1537, 0, 0, 0
52003, 1793, 1, 0, 0
53004, 768, 0, 0, 0
53004, 1536, 1, 0, 0
54003, 256, 1, 0, 0
55004, 256, 0, 0, 0
55004, 256, 1, 0, 0
56003, 512, 0, 0, 0
57004, 512, 0, 0, 0
57004, 768, 1, 0, 0
58003, 1025, 0, 0, 0
58003, 1025, 1, 0, 0
59004, 512, 0, 0, 0
59004, 256, 1, 0, 0
60003, 1281, 0, 0, 0
60003, 1025, 1, 0, 0
61004, 256, 0, 0, 0
62003, 768, 0, 0, 0
62003, 1537, 1, 0, 0
63004, 768, 0, 0, 0
63004, 512, 1, 0, 0
65004, 1024, 0, 0, 0
65004, 768, 1, 0, 0
66003, 256, 1, 0, 0
67003, 1537, 0, 0, 0
67003, 768, 1, 0, 0
69003, 512, 0, 0, 0
69003, 768, 1, 0, 0
70004, 256, 0, 0, 0
70004, 512, 1, 0, 0
72004, 512, 0, 0, 0
72004, 256, 1, 0, 0
73003, 256, 0, 0, 0
73003, 256, 1, 0, 0
74003, 256, 1, 0, 0
75004, 512, 0, 0, 0
76003, 256, 0, 0, 0
77003, 2560, 0, 0, 0
77003, 1536, 1, 0, 0
78003, 512, 0, 0, 0
78003, 256, 1, 0, 0
79004, 1536, 0, 0, 0
79004, 768, 1, 0, 0
80003, 512, 0, 0, 0
80003, 256, 1, 0, 0
82003, 512, 0, 0, 0
82003, 512, 1, 0, 0
83003, 512, 0, 0, 0
83003, 768, 1, 0, 0
84004, 512, 1, 0, 0
85003, 768, 1, 0, 0
86004, 512, 1, 0, 0
87003, 256, 0, 0, 0
87003, 512, 1, 0, 0
88004, 512, 0, 0, 0
88004, 512, 1, 0, 0
89003, 768, 0, 0, 0
89003, 512, 1, 0, 0
92003, 768, 0, 0, 0
92003, 768, 1, 0, 0
93004, 256, 0, 0, 0
93004, 256, 1, 0, 0
94003, 256, 0, 0, 0
94003, 256, 1, 0, 0
95004, 512, 0, 0, 0
95004, 1536, 1, 0, 0
96003, 768, 0, 0, 0
96003, 768, 1, 0, 0
97004, 256, 0, 0, 0
98003, 768, 0, 0, 0
98003, 768, 1, 0, 0
100003, 512, 0, 0, 0
100003, 512, 1, 0, 0
101004, 1024, 0, 0, 0
101004, 256, 1, 0, 0
102004, 512, 0, 0, 0
102004, 1793, 1, 0, 0
103003, 256, 1, 0, 0
104004, 2048, 0, 0, 0
104004, 1280, 1, 0, 0
105003, 256, 0, 0, 0
105003, 1025, 1, 0, 0
106004, 768, 0, 0, 0
106004, 256, 1, 0, 0
107004, 768, 0, 0, 0
107004, 256, 1, 0, 0
108003, 512, 0, 0, 0
108003, 256, 1, 0, 0
109004, 1024, 0, 0, 0
109004, 1024, 1, 0, 0
110003, 1281, 0, 0, 0
110003, 1793, 1, 0, 0
111004, 256, 1, 0, 0
112003, 1537, 0, 0, 0
112003, 768, 1, 0, 0
113004, 768, 0, 0, 0
113004, 1024, 1, 0, 0
114003, 256, 0, 0, 0
114003, 512, 1, 0, 0
115003, 256, 0, 0, 0
115003, 256, 1, 0, 0
116004, 768, 0, 0, 0
117003, 512, 0, 0, 0
117003, 256, 1, 0, 0
120003, 768, 0, 0, 0
120003, 512, 1, 0, 0
121004, 256, 0, 0, 0
121004, 256, 1, 0, 0
122003, 1281, 0, 0, 0
122003, 512, 1, 0, 0
123004, 256, 0, 0, 0
123004, 256, 1, 0, 0
124003, 1025, 1, 0, 0
125003, 512, 1, 0, 0
126004, 768, 1, 0, 0
127003, 512, 0, 0, 0
127003, 512, 1, 0, 0
128004, 1536, 0, 0, 0
128004, 512, 1, 0, 0
129004, 512, 0, 0, 0
129004, 1537, 1, 0, 0
130003, 768, 0, 0, 0
130003, 512, 1, 0, 0
131004, 512, 0, 0, 0
131004, 768, 1, 0, 0
132003, 768, 0, 0, 0
132003, 256, 1, 0, 0
133004, 256, 0, 0, 0
133004, 256, 1, 0, 0
135003, 256, 0, 0, 0
135003, 1025, 1, 0, 0
136004, 512, 0, 0, 0
136004, 2304, 1, 0, 0
137003, 1025, 0, 0, 0
137003, 768, 1, 0, 0
138004, 1792, 0, 0, 0
138004, 1280, 1, 0, 0
139003, 512, 1, 0, 0
140003, 256, 1, 0, 0
141003, 1024, 0, 0, 0
141003, 256, 1, 0, 0
142004, 1024, 0, 0, 0
143003, 256, 0, 0, 0
143003, 768, 1, 0, 0
144004, 256, 0, 0, 0
145003, 1793, 0, 0, 0
145003, 1537, 1, 0, 0
146003, 256, 0, 0, 0
147004, 256, 0, 0, 0
148003, 768, 0, 0, 0
148003, 256, 1, 0, 0
149003, 1281, 0, 0, 0
149003, 768, 1, 0, 0
151003, 256, 1, 0, 0
153003, 1025, 0, 0, 0
153003, 1793, 1, 0, 0
154004, 1792, 0, 0, 0
155003, 256, 0, 0, 0
156004, 1536, 0, 0, 0
156004, 512, 1, 0, 0
157003, 512, 0, 0, 0
157003, 768, 1, 0, 0
158003, 512, 0, 0, 0
158003, 512, 1, 0, 0
159004, 256, 0, 0, 0
159004, 256, 1, 0, 0
160003, 512, 0, 0, 0
160003, 1025, 1, 0, 0
162003, 256, 0, 0, 0
162003, 256, 1, 0, 0
163004, 768, 0, 0, 0
163004, 256, 1, 0, 0
164003, 512, 0, 0, 0
164003, 1025, 1, 0, 0
165004, 512, 0, 0, 0
165004, 1024, 1, 0, 0
166003, 1025, 0, 0, 0
166003, 256, 1, 0, 0
167003, 256, 1, 0, 0
168003, 1024, 0, 0, 0
168003, 1024, 1, 0, 0
169003, 512, 0, 0, 0
169003, 512, 1, 0, 0
170004, 512, 0, 0, 0
170004, 768, 1, 0, 0
171003, 768, 0, 0, 0
171003, 512, 1, 0, 0
172004, 768, 0, 0, 0
172004, 256, 1, 0, 0
173003, 512, 0, 0, 0
173003, 1025, 1, 0, 0
174004, 256, 0, 0, 0
175003, 256, 0, 0, 0
175003, 512, 1, 0, 0
176004, 512, 0, 0, 0
176004, 1024, 1, 0, 0
177003, 512, 0, 0, 0
177003, 512, 1, 0, 0
178004, 256, 1, 0, 0
179003, 256, 0, 0, 0
180004, 256, 0, 0, 0
