33016, 512, 0, 0, 0
33016, 1536, 1, 0, 0
34017, 1024, 0, 0, 0
34017, 256, 1, 0, 0
35017, 768, 0, 0, 0
36018, 1280, 0, 0, 0
36018, 1024, 1, 0, 0
37019, 1280, 1, 0, 0
38019, 768, 0, 0, 0
38019, 512, 1, 0, 0
39020, 1024, 1, 0, 0
40020, 1280, 0, 0, 0
40020, 2816, 1, 0, 0
41021, 256, 0, 0, 0
41021, 256, 1, 0, 0
42021, 512, 0, 0, 0
42021, 512, 1, 0, 0
43022, 1792, 0, 0, 0
43022, 1024, 1, 0, 0
44022, 768, 0, 0, 0
44022, 768, 1, 0, 0
45023, 768, 0, 0, 0
45023, 1024, 1, 0, 0
46023, 1280, 0, 0, 0
46023, 1536, 1, 0, 0
48024, 768, 0, 0, 0
48024, 512, 1, 0, 0
49025, 1280, 1, 0, 0
50025, 512, 0, 0, 0
50025, 1024, 1, 0, 0
51026, 256, 0, 0, 0
51026, 256, 1, 0, 0
52027, 512, 0, 0, 0
52027, 512, 1, 0, 0
53027, 256, 0, 0, 0
53027, 1536, 1, 0, 0
54028, 1792, 0, 0, 0
54028, 1280, 1, 0, 0
55028, 256, 0, 0, 0
55028, 512, 1, 0, 0
56029, 512, 0, 0, 0
56029, 1280, 1, 0, 0
57029, 256, 0, 0, 0
57029, 512, 1, 0, 0
62032, 1280, 0, 0, 0
62032, 1536, 1, 0, 0
63032, 256, 0, 0, 0
63032, 512, 1, 0, 0
64033, 2048, 0, 0, 0
64033, 1792, 1, 0, 0
65033, 768, 0, 0, 0
65033, 1536, 1, 0, 0
66034, 256, 0, 0, 0
66034, 512, 1, 0, 0
67034, 1024, 0, 0, 0
67034, 1792, 1, 0, 0
68035, 512, 0, 0, 0
69036, 512, 0, 0, 0
69036, 512, 1, 0, 0
70036, 512, 0, 0, 0
70036, 256, 1, 0, 0
71037, 256, 1, 0, 0
72037, 256, 1, 0, 0
73038, 512, 0, 0, 0
73038, 512, 1, 0, 0
74038, 256, 0, 0, 0
74038, 512, 1, 0, 0
75039, 1024, 1, 0, 0
76039, 256, 0, 0, 0
76039, 768, 1, 0, 0
77040, 1024, 0, 0, 0
77040, 768, 1, 0, 0
81042, 2304, 0, 0, 0
82043, 768, 0, 0, 0
82043, 512, 1, 0, 0
83043, 256, 1, 0, 0
84044, 1280, 0, 0, 0
84044, 1280, 1, 0, 0
85045, 1280, 1, 0, 0
86045, 512, 0, 0, 0
86045, 512, 1, 0, 0
87046, 1792, 0, 0, 0
87046, 512, 1, 0, 0
88046, 256, 1, 0, 0
91048, 1280, 0, 0, 0
91048, 1280, 1, 0, 0
93049, 512, 0, 0, 0
93049, 512, 1, 0, 0
94050, 512, 1, 0, 0
95050, 512, 1, 0, 0
97051, 512, 1, 0, 0
98052, 512, 0, 0, 0
98052, 256, 1, 0, 0
99052, 2304, 0, 0, 0
99052, 2048, 1, 0, 0
100053, 1024, 0, 0, 0
100053, 768, 1, 0, 0
101053, 1536, 0, 0, 0
101053, 512, 1, 0, 0
102054, 512, 0, 0, 0
102054, 512, 1, 0, 0
103055, 512, 1, 0, 0
104055, 512, 0, 0, 0
105056, 512, 0, 0, 0
106056, 256, 1, 0, 0
107057, 256, 0, 0, 0
108058, 768, 0, 0, 0
108058, 512, 1, 0, 0
109058, 2304, 0, 0, 0
109058, 1024, 1, 0, 0
110059, 512, 0, 0, 0
110059, 512, 1, 0, 0
112060, 1280, 0, 0, 0
112060, 512, 1, 0, 0
113060, 1024, 0, 0, 0
113060, 2816, 1, 0, 0
114061, 256, 0, 0, 0
115061, 1024, 0, 0, 0
115061, 768, 1, 0, 0
116062, 256, 0, 0, 0
117063, 1536, 0, 0, 0
117063, 512, 1, 0, 0
118063, 1024, 0, 0, 0
118063, 1024, 1, 0, 0
119064, 256, 0, 0, 0
119064, 768, 1, 0, 0
120064, 256, 0, 0, 0
120064, 256, 1, 0, 0
121065, 256, 0, 0, 0
122066, 768, 0, 0, 0
122066, 512, 1, 0, 0
123066, 256, 0, 0, 0
123066, 512, 1, 0, 0
124067, 256, 0, 0, 0
125067, 512, 0, 0, 0
125067, 512, 1, 0, 0
126068, 768, 0, 0, 0
126068, 1024, 1, 0, 0
127069, 768, 0, 0, 0
127069, 256, 1, 0, 0
128069, 256, 0, 0, 0
128069, 768, 1, 0, 0
129070, 1024, 0, 0, 0
129070, 256, 1, 0, 0
130071, 256, 0, 0, 0
131071, 1792, 0, 0, 0
131071, 768, 1, 0, 0
133072, 512, 0, 0, 0
133072, 1536, 1, 0, 0
135073, 768, 0, 0, 0
135073, 1024, 1, 0, 0
136074, 256, 1, 0, 0
137075, 1024, 0, 0, 0
137075, 768, 1, 0, 0
138075, 768, 0, 0, 0
138075, 1024, 1, 0, 0
140077, 256, 0, 0, 0
140077, 512, 1, 0, 0
141078, 256, 0, 0, 0
141078, 768, 1, 0, 0
143079, 768, 1, 0, 0
144079, 768, 0, 0, 0
144079, 1280, 1, 0, 0
145080, 1024, 0, 0, 0
145080, 1536, 1, 0, 0
146081, 768, 0, 0, 0
146081, 256, 1, 0, 0
147081, 512, 0, 0, 0
147081, 1024, 1, 0, 0
148082, 512, 1, 0, 0
149082, 1024, 0, 0, 0
149082, 768, 1, 0, 0
150083, 1024, 0, 0, 0
150083, 1024, 1, 0, 0
152084, 256, 1, 0, 0
153085, 1792, 0, 0, 0
153085, 1280, 1, 0, 0
154085, 512, 0, 0, 0
155086, 256, 0, 0, 0
156086, 768, 0, 0, 0
156086, 1280, 1, 0, 0
157087, 1024, 0, 0, 0
157087, 1280, 1, 0, 0
158088, 1024, 0, 0, 0
158088, 512, 1, 0, 0
159088, 512, 0, 0, 0
159088, 768, 1, 0, 0
160089, 512, 0, 0, 0
160089, 256, 1, 0, 0
161089, 1536, 0, 0, 0
161089, 512, 1, 0, 0
162090, 256, 0, 0, 0
162090, 256, 1, 0, 0
163090, 512, 0, 0, 0
164091, 256, 0, 0, 0
165091, 1024, 0, 0, 0
165091, 1024, 1, 0, 0
166092, 256, 1, 0, 0
167092, 256, 1, 0, 0
168093, 1024, 0, 0, 0
168093, 1024, 1, 0, 0
169093, 512, 0, 0, 0
170094, 512, 0, 0, 0
170094, 1024, 1, 0, 0
171095, 256, 0, 0, 0
171095, 768, 1, 0, 0
173096, 768, 0, 0, 0
173096, 1280, 1, 0, 0
175096, 1280, 0, 0, 0
175096, 2304, 1, 0, 0
176097, 1536, 1, 0, 0
177097, 256, 0, 0, 0
177097, 512, 1, 0, 0
178098, 512, 0, 0, 0
178098, 1024, 1, 0, 0
179099, 1792, 0, 0, 0
179099, 512, 1, 0, 0
