15007, 256, 0, 0, 0
15007, 512, 1, 0, 0
16008, 2560, 0, 0, 0
16008, 1536, 1, 0, 0
17008, 1536, 0, 0, 0
17008, 1024, 1, 0, 0
18009, 512, 0, 0, 0
18009, 1280, 1, 0, 0
19009, 512, 0, 0, 0
21011, 512, 0, 0, 0
21011, 768, 1, 0, 0
22011, 2816, 0, 0, 0
22011, 1280, 1, 0, 0
23012, 256, 0, 0, 0
23012, 768, 1, 0, 0
24012, 1280, 0, 0, 0
24012, 1280, 1, 0, 0
25013, 1536, 0, 0, 0
25013, 256, 1, 0, 0
26013, 1536, 0, 0, 0
26013, 2304, 1, 0, 0
27014, 256, 0, 0, 0
27014, 1536, 1, 0, 0
28014, 768, 0, 0, 0
28014, 1024, 1, 0, 0
29015, 2560, 0, 0, 0
29015, 1536, 1, 0, 0
30015, 2560, 0, 0, 0
30015, 512, 1, 0, 0
31016, 256, 0, 0, 0
31016, 768, 1, 0, 0
32017, 2560, 0, 0, 0
32017, 4864, 1, 0, 0
34018, 768, 0, 0, 0
34018, 768, 1, 0, 0
35018, 256, 0, 0, 0
35018, 256, 1, 0, 0
36019, 1280, 0, 0, 0
36019, 1280, 1, 0, 0
37020, 1536, 0, 0, 0
37020, 1280, 1, 0, 0
38020, 3072, 0, 0, 0
38020, 2560, 1, 0, 0
39021, 1792, 0, 0, 0
39021, 6656, 1, 0, 0
40021, 512, 1, 0, 0
41022, 256, 0, 0, 0
42022, 3584, 0, 0, 0
42022, 2048, 1, 0, 0
44023, 1024, 0, 0, 0
44023, 1280, 1, 0, 0
45024, 1280, 0, 0, 0
45024, 1536, 1, 0, 0
47025, 1792, 1, 0, 0
48026, 1536, 0, 0, 0
48026, 2048, 1, 0, 0
49026, 768, 1, 0, 0
50027, 3328, 0, 0, 0
50027, 3328, 1, 0, 0
51027, 2048, 0, 0, 0
51027, 768, 1, 0, 0
52028, 1536, 0, 0, 0
52028, 768, 1, 0, 0
53028, 512, 0, 0, 0
53028, 256, 1, 0, 0
54029, 1536, 0, 0, 0
54029, 512, 1, 0, 0
55029, 1536, 0, 0, 0
55029, 1792, 1, 0, 0
56030, 768, 0, 0, 0
57030, 1792, 0, 0, 0
57030, 2048, 1, 0, 0
58031, 768, 0, 0, 0
58031, 1792, 1, 0, 0
59031, 1792, 0, 0, 0
59031, 5120, 1, 0, 0
60032, 768, 0, 0, 0
60032, 1280, 1, 0, 0
63033, 2048, 0, 0, 0
63033, 1536, 1, 0, 0
64034, 2560, 0, 0, 0
64034, 1792, 1, 0, 0
65034, 1024, 0, 0, 0
65034, 1536, 1, 0, 0
66035, 1536, 0, 0, 0
66035, 1792, 1, 0, 0
67036, 256, 0, 0, 0
67036, 768, 1, 0, 0
68036, 256, 0, 0, 0
69037, 1024, 0, 0, 0
69037, 512, 1, 0, 0
70037, 2816, 0, 0, 0
70037, 2304, 1, 0, 0
71038, 4864, 0, 0, 0
71038, 3072, 1, 0, 0
72039, 1280, 0, 0, 0
72039, 1536, 1, 0, 0
74040, 512, 0, 0, 0
74040, 2048, 1, 0, 0
75040, 2048, 0, 0, 0
75040, 2560, 1, 0, 0
76041, 1280, 0, 0, 0
76041, 1280, 1, 0, 0
77041, 1536, 0, 0, 0
77041, 2304, 1, 0, 0
78042, 2816, 0, 0, 0
78042, 2560, 1, 0, 0
79042, 1280, 0, 0, 0
79042, 2048, 1, 0, 0
80043, 2816, 0, 0, 0
80043, 512, 1, 0, 0
81043, 2304, 0, 0, 0
81043, 512, 1, 0, 0
82044, 1280, 0, 0, 0
82044, 768, 1, 0, 0
83045, 512, 0, 0, 0
83045, 512, 1, 0, 0
84045, 256, 1, 0, 0
86046, 1792, 0, 0, 0
86046, 1536, 1, 0, 0
87047, 3328, 0, 0, 0
87047, 2560, 1, 0, 0
88047, 1792, 0, 0, 0
88047, 4352, 1, 0, 0
89048, 768, 0, 0, 0
89048, 1536, 1, 0, 0
90049, 2816, 0, 0, 0
90049, 1536, 1, 0, 0
91049, 256, 0, 0, 0
93050, 3328, 0, 0, 0
93050, 2560, 1, 0, 0
94051, 2304, 0, 0, 0
94051, 2304, 1, 0, 0
95051, 1024, 0, 0, 0
95051, 256, 1, 0, 0
96052, 1024, 0, 0, 0
97052, 3584, 0, 0, 0
97052, 3584, 1, 0, 0
99053, 3584, 0, 0, 0
99053, 1280, 1, 0, 0
100054, 1536, 0, 0, 0
100054, 512, 1, 0, 0
101054, 3840, 0, 0, 0
101054, 3840, 1, 0, 0
102055, 256, 1, 0, 0
103056, 512, 0, 0, 0
103056, 512, 1, 0, 0
104056, 768, 0, 0, 0
104056, 256, 1, 0, 0
105057, 1536, 0, 0, 0
105057, 1792, 1, 0, 0
106057, 1536, 0, 0, 0
106057, 2304, 1, 0, 0
107058, 1024, 0, 0, 0
107058, 2816, 1, 0, 0
108059, 256, 0, 0, 0
110060, 1024, 0, 0, 0
110060, 1024, 1, 0, 0
111060, 1792, 0, 0, 0
111060, 1280, 1, 0, 0
112061, 1024, 0, 0, 0
112061, 512, 1, 0, 0
113061, 1280, 0, 0, 0
113061, 1536, 1, 0, 0
114062, 768, 0, 0, 0
114062, 768, 1, 0, 0
115063, 2304, 0, 0, 0
115063, 3072, 1, 0, 0
116063, 1792, 0, 0, 0
116063, 768, 1, 0, 0
117064, 1792, 0, 0, 0
117064, 2816, 1, 0, 0
118064, 1792, 0, 0, 0
118064, 512, 1, 0, 0
119065, 1280, 0, 0, 0
119065, 1024, 1, 0, 0
120066, 2816, 0, 0, 0
120066, 2816, 1, 0, 0
121066, 512, 0, 0, 0
121066, 256, 1, 0, 0
122067, 768, 0, 0, 0
122067, 768, 1, 0, 0
124068, 768, 0, 0, 0
124068, 512, 1, 0, 0
125069, 1536, 0, 0, 0
125069, 2560, 1, 0, 0
126069, 2304, 0, 0, 0
126069, 1536, 1, 0, 0
127070, 256, 1, 0, 0
128070, 1792, 0, 0, 0
128070, 1024, 1, 0, 0
129071, 256, 1, 0, 0
130072, 1792, 0, 0, 0
130072, 2304, 1, 0, 0
131072, 2560, 0, 0, 0
131072, 2560, 1, 0, 0
132073, 2560, 0, 0, 0
132073, 2816, 1, 0, 0
133073, 256, 1, 0, 0
134074, 512, 0, 0, 0
134074, 256, 1, 0, 0
135075, 2304, 0, 0, 0
135075, 1792, 1, 0, 0
136075, 2304, 0, 0, 0
136075, 3328, 1, 0, 0
137076, 2048, 0, 0, 0
137076, 768, 1, 0, 0
138076, 1024, 0, 0, 0
138076, 1280, 1, 0, 0
139077, 512, 0, 0, 0
139077, 256, 1, 0, 0
140076, 1025, 0, 0, 0
140076, 1281, 1, 0, 0
141077, 1536, 0, 0, 0
141077, 512, 1, 0, 0
142077, 768, 0, 0, 0
142077, 512, 1, 0, 0
143078, 768, 0, 0, 0
143078, 256, 1, 0, 0
144078, 1024, 0, 0, 0
144078, 512, 1, 0, 0
145079, 3328, 0, 0, 0
145079, 5120, 1, 0, 0
146080, 1280, 0, 0, 0
146080, 1536, 1, 0, 0
147080, 256, 0, 0, 0
148081, 768, 0, 0, 0
148081, 768, 1, 0, 0
149082, 2816, 0, 0, 0
149082, 3072, 1, 0, 0
150082, 1280, 0, 0, 0
150082, 512, 1, 0, 0
151083, 3584, 0, 0, 0
151083, 5120, 1, 0, 0
152083, 512, 0, 0, 0
152083, 1024, 1, 0, 0
153084, 256, 0, 0, 0
153084, 1024, 1, 0, 0
154084, 256, 1, 0, 0
155085, 256, 1, 0, 0
157086, 2304, 0, 0, 0
157086, 1024, 1, 0, 0
158087, 512, 0, 0, 0
158087, 256, 1, 0, 0
159087, 1536, 0, 0, 0
159087, 768, 1, 0, 0
160088, 1024, 0, 0, 0
160088, 768, 1, 0, 0
161088, 3328, 0, 0, 0
161088, 3584, 1, 0, 0
162089, 512, 0, 0, 0
163089, 2048, 0, 0, 0
163089, 2048, 1, 0, 0
164090, 256, 0, 0, 0
164090, 1024, 1, 0, 0
165090, 512, 0, 0, 0
165090, 512, 1, 0, 0
166091, 2304, 0, 0, 0
166091, 256, 1, 0, 0
167092, 1792, 0, 0, 0
167092, 1024, 1, 0, 0
168092, 2048, 0, 0, 0
168092, 2048, 1, 0, 0
169093, 512, 0, 0, 0
169093, 1792, 1, 0, 0
171094, 1792, 0, 0, 0
171094, 1792, 1, 0, 0
172094, 1792, 0, 0, 0
172094, 2816, 1, 0, 0
173095, 1792, 0, 0, 0
173095, 1792, 1, 0, 0
174095, 768, 0, 0, 0
174095, 256, 1, 0, 0
175096, 512, 0, 0, 0
175096, 256, 1, 0, 0
176096, 256, 0, 0, 0
177097, 2048, 0, 0, 0
177097, 1536, 1, 0, 0
178097, 2048, 0, 0, 0
178097, 2816, 1, 0, 0
